0.253
0.002
0.000
0.003
0.002
0.145
0.004
0.000
0.000
0.002
0.010
0.090
0.002
0.002
0.003
0.021
0.003
0.002
0.002
0.001
0.002
0.002
0.003
0.002
0.003
0.003
0.288
0.003
0.001
0.000
0.078
0.004
0.131
0.003
0.003
0.153
0.004
0.683
0.003
0.003
0.003
0.002
0.002
0.016
0.002
0.353
0.004
0.002
0.003
0.002
0.860
0.004
0.003
0.003
0.834
0.024
0.003
0.392
0.002
0.003
0.305
0.141
0.003
0.002
0.002
0.140
0.002
0.003
0.003
0.003
0.483
0.003
0.003
0.003
0.012
1.801
0.004
0.061
0.004
0.002
0.004
0.003
0.002
0.003
0.922
2.572
0.004
0.002
0.004
0.020
0.004
0.024
0.002
0.009
0.003
0.002
0.038
0.003
0.003
0.003
0.296
0.031
1.077
0.004
0.003
0.004
4.095
0.005
0.003
0.003
0.002
0.054
0.003
0.003
0.002
0.003
0.002
0.003
0.002
2.837
4.712
0.006
0.004
0.004
0.002
3.630
0.012
0.003
0.004
0.003
4.309
0.075
0.004
0.004
0.004
0.004
0.005
0.004
0.003
0.049
0.005
7.146
0.064
0.005
0.018
0.004
0.003
0.004
0.002
0.003
1.550
0.005
0.003
0.009
0.002
2.271
0.173
0.012
0.010
0.003
0.004
0.010
0.003
0.004
0.077
0.103
0.005
0.004
0.005
0.010
0.003
0.004
0.004
0.003
0.004
0.127
0.005
0.004
0.011
0.005
0.095
0.006
0.004
0.004
0.003
1.233
19.778
0.106
0.006
0.005
9.397
0.018
11.336
0.007
0.015
0.006
5.719
0.008
0.006
0.005
0.005
0.707
5.278
0.018
0.004
13.471
0.006
0.005
15.842
0.008
0.007
0.013
0.014
0.003
0.011
0.006
0.005
0.042
6.353
0.008
10.046
10.003
0.008
0.005
0.004
5.140
0.803
0.007
0.005
0.004
0.006
0.004
0.027
0.006
0.004
0.007
0.006
0.005
2.979
0.122
0.006
0.263
0.007
0.005
0.004
9.659
0.008
0.005
0.004
0.004
7.718
0.007
0.022
0.005
0.005
17.076
0.007
0.004
0.005
0.005
0.005
0.004
7.430
0.008
0.005
0.041
0.005
0.005
2.671
0.007
0.019
0.006
0.005
6.933
0.013
8.681
2.957
0.006
0.005
0.004
6.815
0.005
0.013
0.004
0.004
0.006
0.005
0.351
0.005
0.004
29.790
0.007
0.007
2.225
0.009
0.299
0.007
0.005
0.005
0.005
35.074
0.019
4.592
0.019
0.005
25.052
0.451
0.020
0.005
0.005
33.210
0.013
4.906
0.009
0.007
16.464
0.014
0.413
0.007
0.005
10.360
4.939
0.007
0.005
0.006
18.165
0.011
0.007
0.088
0.007
36.668
0.043
0.009
0.005
0.026
0.009
14.332
0.397
0.009
4.036
0.010
0.006
0.006
0.006
0.005
0.007
0.021
0.005
0.215
0.007
0.007
21.164
0.007
0.005
0.004
0.005
3.652
0.009
0.007
0.006
0.009
7.093
0.010
11.965
0.009
0.007
0.006
0.005
43.361
0.023
0.009
7.512
0.011
0.007
0.006
0.007
0.007
1.050
0.009
0.007
20.244
0.009
0.007
0.007
0.007
0.010
0.008
0.006
0.018
0.006
0.008
0.006
0.144
0.010
0.006
4.291
14.501
0.008
0.006
0.006
0.008
0.007
9.117
0.010
0.007
20.070
3.427
0.023
0.007
0.007
60.730
0.161
0.009
0.006
4.346
23.246
0.012
0.146
0.009
5.594
28.422
1.387
0.009
0.007
0.005
3.041
0.011
0.605
0.009
0.023
0.010
0.026
3.659
0.010
0.026
0.077
55.031
0.010
0.231
0.027
0.007
0.007
0.009
2.527
0.028
0.008
0.022
0.187
0.007
0.006
21.714
12.279
0.032
0.010
0.008
43.026
0.049
0.009
0.007
0.005
7.356
0.014
0.009
20.701
0.026
0.009
0.009
0.008
6.670
0.011
0.008
17.059
0.011
0.009
0.006
0.009
28.068
0.012
0.008
0.006
50.171
0.978
0.050
0.026
3.064
0.027
0.009
0.008
0.008
0.709
2.336
0.012
0.009
0.006
5.172
0.009
0.007
0.006
0.006
0.006
0.011
0.008
0.007
0.006
0.006
0.009
0.025
0.006
3.924
0.011
0.029
4.290
0.009
0.006
0.005
0.009
21.728
0.033
2.405
0.012
6.273
32.614
0.033
0.009
0.007
0.009
0.009
0.007
0.009
0.009
12.559
0.017
0.009
0.007
0.054
6.438
13.186
0.011
0.009
0.009
0.011
0.010
0.007
0.008
0.006
44.522
0.014
0.010
0.009
0.009
0.019
0.009
0.006
0.006
0.225
42.508
3.571
0.012
0.011
0.009
108.480
0.161
0.011
0.011
0.029
33.628
2.535
0.548
0.014
0.032
0.011
8.501
9.964
23.721
0.032
11.491
11.253
0.014
0.222
0.014
47.369
0.012
0.029
0.033
0.011
4.146
4.339
0.066
0.011
0.010
0.637
0.012
0.030
0.222
0.012
0.012
36.035
0.014
0.010
0.009
84.594
0.014
0.011
0.009
0.010
4.069
0.017
0.010
0.009
3.247
4.450
0.014
0.009
0.007
0.007
0.009
0.006
9.118
0.012
0.009
0.009
0.009
0.025
0.009
0.007
0.009
0.009
0.071
0.010
0.009
0.009
58.915
0.100
0.012
6.632
46.145
0.013
0.011
0.009
0.007
112.727
0.014
0.146
0.012
0.011
28.854
0.013
0.010
0.011
5.870
87.976
0.018
0.010
0.009
0.036
0.012
0.011
0.010
0.008
0.983
0.011
52.205
0.015
0.010
0.011
0.038
0.011
0.010
0.008
0.008
6.586
0.015
0.011
0.009
0.009
124.299
0.018
0.012
7.720
2.366
0.014
0.012
0.009
0.039
0.036
32.681
0.043
0.011
0.014
0.014
11.271
4.381
24.508
0.018
20.527
52.316
0.018
0.014
0.011
0.039
0.013
0.012
0.011
0.014
0.011
62.729
8.449
0.021
0.014
0.055
0.012
0.012
0.011
5.176
0.015
0.009
0.008
0.006
0.009
0.011
0.009
0.011
0.009
0.008
0.010
191.003
0.036
9.435
0.016
0.011
243.025
0.019
0.012
0.012
0.011
153.979
0.021
1.034
10.071
0.017
0.017
134.860
0.018
0.011
0.013
53.025
0.018
0.011
0.011
0.010
0.013
70.144
0.017
0.012
0.011
0.014
0.090
0.014
0.012
0.010
144.671
0.019
7.723
0.047
0.012
174.448
41.854
0.015
0.046
0.015
84.332
0.017
0.657
0.021
0.012
75.553
0.016
0.047
0.011
0.014
169.329
0.019
0.014
0.333
0.017
0.017
0.012
0.012
12.786
0.033
0.015
31.840
0.025
0.621
0.022
0.014
0.012
7.185
0.034
1.663
100.744
9.102
0.017
0.012
0.045
0.017
145.268
0.022
0.014
0.015
0.049
0.015
0.037
14.229
0.018
70.309
0.021
0.015
0.014
0.012
25.955
0.017
0.014
0.016
0.294
4.433
0.015
0.009
0.009
0.010
3.322
0.018
7.535
0.014
2.399
53.634
83.239
0.019
0.052
0.026
0.015
0.015
0.014
0.016
0.064
0.015
0.011
0.040
0.986
1.803
0.011
0.011
0.010
0.010
0.141
0.011
0.011
0.010
0.104
0.012
13.642
0.015
0.015
0.031
0.046
4.810
0.011
1.332
0.040
0.010
0.013
0.036
0.010
0.035
0.010
0.036
0.602
0.015
0.036
0.011
0.011
0.012
0.428
0.044
0.011
0.011
0.010
0.009
0.011
0.011
2.150
0.428
0.406
0.016
0.012
3.404
0.012
0.012
0.012
0.010
0.198
0.544
3.836
0.017
0.011
2.367
0.044
0.011
0.011
0.010
0.504
0.594
0.012
0.010
0.371
0.012
0.038
0.011
1.570
0.059
2.906
0.014
0.011
0.460
0.018
3.639
0.014
0.014
0.012
0.351
0.015
0.454
0.015
0.037
0.036
6.992
0.017
0.013
0.044
0.012
0.759
2.723
0.017
0.014
0.010
0.011
0.012
4.475
0.873
0.374
8.861
0.017
0.012
0.011
0.012
2.759
0.701
0.019
0.382
0.018
2.687
0.017
0.040
0.235
0.044
1.819
1.770
0.014
0.011
0.014
0.010
0.011
4.115
0.018
0.010
0.012
0.829
1.757
0.017
0.042
1.366
0.016
0.011
0.012
0.011
18.094
4.110
1.295
0.062
0.018
0.012
0.011
0.010
0.014
0.011
0.026
0.718
0.016
0.010
0.010
0.016
0.014
0.012
0.012
0.009
0.337
0.015
7.451
0.021
0.014
0.650
3.283
0.019
0.047
0.014
5.810
3.939
0.019
0.042
0.014
0.042
0.011
0.009
1.973
2.969
0.011
0.011
0.567
0.012
0.011
0.012
4.857
0.018
0.010
0.041
4.754
0.016
0.046
0.014
0.014
0.014
0.012
0.011
0.014
0.012
1.685
0.018
0.654
0.015
0.400
23.696
0.052
3.087
0.017
0.043
7.650
0.861
1.139
0.017
0.012
0.012
0.011
0.042
1.285
0.055
11.845
0.017
0.505
0.020
0.012
5.883
2.822
0.431
0.117
0.016
0.015
0.013
0.014
0.014
0.014
0.047
0.015
0.011
0.503
0.016
9.669
0.056
2.333
0.019
0.011
0.015
0.012
0.024
0.015
0.014
4.356
6.082
0.017
0.016
0.015
4.216
0.059
0.012
2.515
0.187
0.480
3.461
0.016
0.014
0.043
8.336
0.015
0.015
0.015
3.549
5.509
1.383
3.016
0.022
0.015
4.469
0.558
4.917
0.021
0.012
4.009
0.022
1.183
0.017
0.011
2.772
0.516
0.016
0.016
0.012
9.978
0.346
0.073
0.021
0.027
10.012
0.023
0.019
0.343
0.065
0.019
0.015
0.015
0.014
0.014
12.423
0.030
0.021
0.156
0.024
6.186
5.940
0.022
0.014
0.052
4.275
10.876
0.022
0.014
0.052
5.379
8.537
0.023
0.014
0.081
0.467
0.022
0.014
0.012
0.011
27.554
0.019
4.501
0.021
0.014
13.536
1.709
0.026
0.017
0.053
2.373
4.521
0.457
5.685
0.042
7.123
4.376
0.279
1.484
0.025
0.016
0.015
0.810
0.022
0.014
9.649
0.022
0.014
0.052
0.049
0.040
5.654
0.018
0.012
0.017
11.642
4.801
0.025
0.023
0.017
6.918
0.041
8.104
0.022
0.014
15.471
0.031
0.019
0.018
0.455
0.017
0.016
0.953
0.422
0.021
10.789
0.019
2.972
4.475
0.071
6.233
0.033
0.650
2.304
3.812
1.469
0.027
0.689
6.485
0.027
9.256
0.024
0.179
0.033
5.537
28.468
5.820
0.728
0.021
0.056
25.013
0.022
4.867
0.022
0.017
0.017
0.018
0.203
0.019
0.016
0.016
0.016
0.015
0.013
0.016
11.619
3.841
0.028
3.186
0.024
52.805
0.071
0.018
0.016
0.054
10.461
5.572
0.023
1.099
0.073
8.049
5.804
2.756
0.022
0.017
0.226
0.018
0.014
0.017
0.015
0.713
0.300
0.023
0.018
0.017
7.822
0.029
10.975
0.037
2.660
0.020
0.017
0.017
0.018
4.576
8.997
0.028
11.135
0.034
0.023
2.315
0.070
0.034
0.018
0.057
1.342
0.149
0.062
0.015
0.014
0.019
1.534
0.022
0.016
0.015
9.319
10.197
0.031
0.025
0.018
0.024
0.019
0.069
1.955
0.062
10.875
8.940
0.028
0.023
0.017
0.017
0.019
0.996
0.022
0.018
0.131
0.023
0.019
0.018
0.018
11.959
0.023
4.253
1.718
0.029
13.553
1.613
0.092
0.032
0.021
0.060
0.017
3.379
0.027
0.022
0.018
0.049
0.023
0.015
0.017
9.334
0.024
8.112
0.025
0.139
14.273
0.452
0.076
0.024
0.500
6.269
0.024
0.218
4.825
0.071
16.345
0.176
1.040
0.018
0.020
14.822
4.365
0.028
0.018
0.021
14.288
0.288
3.797
2.094
0.069
7.859
0.033
5.424
1.399
0.020
3.498
0.027
1.178
0.029
0.065
9.466
0.250
8.546
0.027
0.933
14.315
2.157
0.616
0.019
0.018
20.991
0.027
0.017
0.238
0.023
0.018
0.403
0.380
0.028
0.019
7.037
11.327
0.415
0.066
0.018
9.855
1.853
7.372
0.023
0.022
2.111
6.894
5.626
0.022
0.066
14.953
0.046
0.021
0.019
0.068
0.021
0.065
0.019
0.396
0.028
0.065
0.135
0.021
0.184
0.370
0.310
0.091
0.074
0.017
0.019
15.941
0.072
0.018
0.018
0.016
3.372
11.835
4.525
0.031
0.067
0.018
0.021
0.018
0.018
0.019
0.019
0.020
0.016
2.019
0.027
19.960
0.025
0.018
0.023
0.069
56.034
2.654
0.313
7.208
0.023
0.023
0.022
0.019
0.065
0.021
11.502
0.024
8.021
0.030
0.022
15.862
0.030
3.885
0.029
0.022
0.265
0.027
0.069
0.020
0.017
10.889
0.024
4.017
0.036
0.028
3.215
0.086
0.022
0.017
0.068
0.018
0.084
0.017
0.408
0.080
0.019
0.018
0.019
0.019
0.018
21.108
0.028
0.019
0.022
0.071
0.024
0.021
0.021
0.022
0.018
0.019
9.594
0.029
0.027
7.656
10.622
0.030
3.173
5.817
0.029
14.926
0.033
0.095
0.027
4.839
19.256
0.029
0.025
0.024
0.021
5.922
5.022
0.092
9.202
0.023
9.336
0.810
7.110
0.052
0.061
4.227
0.031
0.023
0.019
0.073
18.136
0.028
0.343
1.706
0.024
0.020
0.021
0.081
0.023
1.363
15.897
0.033
0.027
7.198
0.036
0.023
0.021
0.076
0.020
0.022
0.019
0.022
1.551
0.034
0.023
1.355
19.391
0.031
0.090
0.711
16.554
1.711
1.353
0.027
0.022
18.178
0.027
0.025
0.079
0.019
18.274
0.085
0.020
0.018
0.023
11.289
10.651
0.033
0.021
0.079
0.021
0.019
0.018
0.021
0.022
20.121
0.034
0.022
0.222
0.030
0.020
0.025
1.454
0.506
0.025
10.115
5.024
1.242
0.040
2.528
16.069
0.033
4.831
0.025
0.024
17.315
1.452
0.094
0.022
0.022
10.078
8.923
0.029
0.028
0.025
16.829
0.856
0.372
0.035
1.839
10.277
0.024
0.019
0.023
5.134
0.380
2.674
0.030
0.025
0.022
20.051
0.029
0.024
0.082
0.027
11.295
0.025
8.300
0.035
0.025
18.287
0.125
2.849
0.032
0.024
15.570
2.772
0.027
0.022
0.021
0.360
0.028
2.094
0.038
0.028
23.159
0.036
0.027
0.023
0.081
0.025
0.023
0.024
0.022
0.021
19.081
0.034
0.087
0.021
0.018
9.015
7.192
0.088
0.046
2.253
0.028
0.085
0.038
0.022
0.071
9.262
0.030
0.450
5.499
0.186
17.488
0.030
0.022
0.019
0.087
0.029
0.025
0.491
2.563
0.103
16.648
3.898
3.077
0.044
0.034
9.689
3.361
6.261
6.157
0.038
9.185
9.682
0.036
0.027
0.025
0.370
0.097
0.023
1.498
0.029
9.661
0.041
9.797
0.681
1.516
3.570
0.095
0.582
0.037
0.094
69.462
0.747
1.181
0.027
0.022
22.627
1.220
0.029
0.106
0.034
12.535
9.197
0.035
0.029
0.091
10.047
0.025
0.101
10.794
0.033
22.351
2.310
0.043
0.030
0.033
21.035
0.202
0.040
4.504
0.033
10.464
0.284
1.312
0.036
0.271
7.491
0.034
3.939
0.030
0.025
13.926
10.114
0.036
0.024
0.559
27.462
0.101
0.092
0.026
0.023
0.029
0.029
0.090
0.023
0.023
14.420
6.582
0.129
0.040
5.734
26.254
0.040
1.286
0.029
0.023
0.023
0.096
0.090
1.080
0.111
14.461
0.405
1.711
8.201
0.111
10.450
0.040
9.747
0.563
0.105
83.198
0.046
2.157
6.906
0.033
0.029
0.023
0.111
0.025
0.024
0.031
0.028
0.030
0.737
0.037
18.198
4.543
0.033
6.602
0.038
26.613
0.033
1.254
0.041
0.033
26.670
0.036
0.029
0.024
0.025
1.350
0.036
0.026
0.024
0.023
12.917
0.047
3.777
6.111
0.038
80.598
0.038
0.052
0.034
0.030
23.875
1.425
0.046
0.041
0.380
3.179
0.107
0.157
0.033
0.096
32.497
0.113
0.027
0.029
0.025
23.270
0.548
6.495
0.041
0.032
31.170
0.757
0.031
0.029
0.031
81.971
15.642
1.038
0.297
0.043
34.374
0.107
0.029
0.024
0.027
16.756
0.055
0.624
0.824
12.984
34.609
0.122
0.031
0.027
0.029
16.992
0.055
16.924
0.031
0.026
0.114
0.028
0.031
0.027
0.031
16.891
0.040
0.040
0.032
8.443
0.032
1.522
7.876
0.041
0.031
34.486
0.044
3.169
0.037
0.033
17.403
0.234
0.054
1.230
10.539
0.295
2.526
4.880
0.029
2.569
0.122
0.183
0.105
1.814
0.031
140.071
8.851
0.136
2.108
0.029
18.450
0.050
16.435
1.190
0.048
18.637
0.324
0.036
7.896
0.113
21.698
12.685
0.112
10.370
0.226
33.527
0.053
1.175
0.049
1.974
3.824
0.967
0.041
0.110
0.027
2.500
0.043
0.031
0.031
0.032
20.935
19.005
0.049
0.135
2.749
32.507
0.053
0.047
0.392
0.042
0.033
0.034
2.267
8.854
0.034
45.576
0.035
0.031
0.031
0.026
18.535
17.318
0.121
8.863
3.181
44.063
0.044
0.038
0.029
0.032
0.033
0.113
0.029
2.163
0.036
0.122
1.057
0.045
0.036
0.027
154.586
0.124
0.869
3.876
1.413
25.169
0.214
0.057
28.252
0.033
0.114
0.034
1.937
0.046
0.035
42.381
0.051
7.670
0.123
2.702
39.920
6.349
0.050
1.828
1.821
41.017
10.040
0.123
0.050
0.031
197.360
3.839
0.040
0.032
0.036
52.109
0.050
8.143
0.033
2.495
58.962
0.042
0.033
1.510
0.042
42.268
0.055
18.079
0.049
0.038
59.481
0.050
0.030
0.117
0.174
243.877
0.047
9.733
0.057
0.046
61.107
0.181
4.847
0.039
1.459
31.832
21.234
0.062
7.691
0.046
0.032
2.135
2.842
0.048
0.049
67.789
3.440
0.044
0.114
0.060
39.934
18.486
6.032
0.126
0.033
54.815
0.047
0.044
0.696
0.045
34.588
0.063
0.041
0.036
0.041
2.091
0.047
0.036
0.045
0.914
63.008
0.043
0.192
0.043
0.037
42.678
19.052
0.058
0.040
0.038
56.654
0.164
0.050
0.042
0.046
19.397
16.214
0.038
0.031
0.276
17.463
43.084
0.043
0.036
0.119
55.667
0.055
4.608
0.138
2.381
1.230
35.284
0.047
22.376
0.046
48.988
5.651
0.060
0.054
9.537
57.069
0.051
4.239
0.044
0.034
89.300
13.881
0.048
0.037
0.031
0.034
0.037
0.056
0.033
0.033
57.168
5.900
2.024
0.043
0.126
63.550
1.235
0.521
0.150
0.700
62.990
0.044
0.128
0.037
0.038
0.045
0.032
0.122
0.122
0.119
42.038
0.186
9.365
0.047
0.046
17.669
0.050
0.036
0.031
0.038
68.764
0.046
0.036
0.036
0.055
53.673
0.416
6.896
0.277
1.709
5.237
0.041
0.036
0.031
0.036
67.067
2.523
1.235
0.047
0.031
67.551
2.246
1.359
0.124
0.036
0.034
0.038
0.449
0.133
0.043
9.686
180.059
5.350
0.136
7.592
60.110
9.106
0.048
0.034
0.031
0.041
0.038
0.035
0.141
1.187
69.067
0.145
0.041
0.036
0.030
65.473
0.146
0.092
0.038
0.036
36.470
2.031
29.181
0.050
0.609
59.575
8.263
0.164
0.038
0.036
0.205
0.036
0.031
0.034
0.126
67.922
0.044
0.036
0.646
0.147
74.062
0.046
0.042
0.052
0.040
0.148
0.032
0.031
0.036
0.030
60.419
0.055
0.046
12.329
0.053
0.054
0.036
0.031
0.044
0.034
38.065
0.307
0.316
0.190
37.635
254.921
0.052
0.045
0.034
0.031
82.373
0.057
0.043
0.543
0.046
77.669
0.058
0.042
0.734
0.048
71.445
0.055
0.043
0.037
5.538
0.043
1.346
0.655
0.038
0.035
52.326
0.065
28.215
0.155
0.038
16.857
24.380
0.071
42.465
0.054
0.136
0.131
0.034
0.040
0.041
75.365
0.043
0.039
0.042
0.037
76.844
0.069
0.050
0.043
0.048
67.926
0.967
0.043
0.190
0.352
11.106
0.048
0.041
0.036
0.035
68.988
0.052
8.389
0.050
0.039
77.610
0.150
0.057
0.035
0.035
76.666
3.300
0.057
0.046
0.041
39.183
23.909
0.192
0.185
0.047
14.924
0.051
0.038
0.040
0.034
79.588
0.052
1.070
0.044
0.046
0.036
0.036
0.033
0.035
3.293
37.961
37.102
0.062
0.049
0.143
0.038
2.717
0.041
0.043
0.039
18.440
52.800
0.057
0.062
4.972
0.148
0.047
0.141
0.046
0.034
66.244
0.181
0.054
14.948
0.069
72.218
10.781
0.043
2.353
1.737
62.845
1.593
13.193
0.045
0.043
75.999
0.052
0.037
0.039
0.035
0.036
0.038
0.041
0.141
0.041
0.045
0.143
0.042
0.041
0.036
38.115
0.288
20.726
22.929
0.166
67.701
0.151
0.043
5.785
0.397
0.041
0.948
0.044
0.144
0.053
75.852
0.048
0.043
0.046
7.124
73.164
0.075
6.121
0.062
0.616
44.982
19.302
0.132
5.212
0.060
7.783
0.167
0.039
0.043
0.468
37.860
29.670
0.050
0.155
7.945
58.830
13.798
0.179
11.348
0.050
67.782
0.053
6.658
0.046
0.149
38.013
40.824
0.053
0.040
0.038
0.041
0.147
1.596
0.599
0.045
0.043
0.152
0.036
0.340
0.155
40.475
21.547
6.259
0.069
1.031
11.374
1.731
0.053
0.050
0.152
75.659
0.055
0.046
1.702
0.046
27.346
26.925
25.094
0.060
0.165
3.402
11.890
23.635
0.067
32.524
66.064
0.193
17.240
0.053
0.058
71.260
18.347
0.055
0.051
0.155
59.611
12.575
0.061
13.639
0.058
87.548
0.057
0.081
0.057
0.058
38.336
30.353
0.047
0.038
0.036
65.602
0.062
0.051
15.142
0.310
64.441
0.066
0.206
0.057
8.268
38.431
0.060
30.242
8.510
2.329
51.574
0.068
34.479
0.053
0.041
82.831
0.061
1.821
0.043
0.040
62.450
8.483
0.062
0.058
0.068
72.576
13.363
0.060
0.653
0.058
0.046
0.040
0.046
0.041
0.041
77.295
7.233
0.051
0.051
0.047
61.593
0.064
25.064
0.172
0.047
0.044
0.050
0.044
0.043
0.065
38.827
42.610
0.049
0.162
2.980
38.222
41.430
1.058
5.270
0.054
68.330
0.062
2.771
13.752
0.056
84.673
0.179
0.169
0.151
0.041
81.538
0.054
0.162
0.041
0.158
73.825
6.720
0.047
0.048
0.990
43.148
36.273
0.057
0.046
0.039
0.041
0.044
0.043
0.050
0.158
71.765
0.180
10.597
0.050
0.050
62.023
7.772
0.048
0.048
0.176
37.290
41.356
0.057
6.029
0.050
76.732
0.058
0.064
0.048
0.055
86.483
0.082
0.068
0.062
1.579
30.673
57.083
0.169
0.048
0.043
83.179
0.064
0.044
0.044
0.043
87.213
0.056
2.143
0.064
0.052
0.055
0.169
0.046
0.048
0.043
30.381
9.479
33.399
12.245
2.046
72.880
3.241
0.059
6.441
0.058
55.095
20.999
0.241
5.513
0.063
88.794
0.183
0.165
0.174
0.051
72.410
0.179
1.914
13.774
0.071
92.808
0.053
0.043
0.040
0.043
42.533
28.936
0.233
0.223
14.943
82.064
1.706
0.046
0.070
0.051
0.170
0.047
0.047
0.041
0.048
70.310
1.069
0.057
5.525
0.058
23.040
18.727
0.067
28.020
11.722
89.628
0.055
0.171
0.169
0.041
72.169
16.384
0.062
0.201
0.046
50.745
19.205
3.525
14.247
0.068
87.185
0.058
0.046
0.048
0.168
65.067
10.321
13.136
0.065
0.182
0.041
0.053
0.043
0.044
0.046
92.284
0.055
0.047
0.053
0.046
40.349
1.395
44.371
0.065
0.071
84.492
0.055
0.062
0.044
0.044
89.812
3.220
0.182
1.587
0.562
89.653
0.062
0.048
0.050
0.177
84.480
0.065
0.047
3.725
0.186
40.505
36.191
10.240
0.066
0.051
80.090
1.729
8.912
0.188
0.053
73.687
0.067
16.513
0.060
0.055
84.155
0.055
1.800
0.060
0.044
0.168
0.047
5.789
0.068
0.072
53.813
37.286
0.065
0.048
0.053
3.183
70.355
10.914
0.061
0.061
40.243
46.795
5.391
0.047
0.175
87.297
0.190
0.071
0.401
0.052
0.047
0.049
0.171
0.055
0.052
88.683
0.064
0.061
0.055
0.607
89.770
0.057
0.194
0.053
1.465
230.361
0.078
19.416
0.187
0.054
0.054
7.980
3.900
1.630
0.049
50.133
33.482
22.713
0.233
0.078
72.503
30.674
0.060
3.766
0.195
95.636
1.513
0.061
0.046
0.050
47.537
34.244
0.081
13.364
0.069
101.747
0.068
0.189
0.053
0.047
107.546
0.065
0.397
0.061
0.054
87.252
13.321
0.062
0.048
0.047
1.293
0.060
0.051
0.185
0.048
95.898
1.797
0.061
0.050
0.181
100.722
0.069
0.062
0.053
0.057
73.452
0.081
5.070
2.304
8.519
2.971
50.586
42.983
0.072
0.065
108.250
0.216
0.200
0.055
6.476
51.424
46.175
0.217
0.065
0.057
99.437
0.054
2.160
3.061
0.064
73.851
24.797
2.086
0.061
0.058
0.046
0.049
0.051
0.053
0.069
90.739
7.446
0.199
0.062
9.198
106.056
0.062
0.076
0.055
0.054
83.390
26.332
0.071
0.196
0.061
51.093
54.784
0.065
0.062
0.055
106.708
0.065
0.048
0.048
0.057
78.995
0.081
0.372
25.718
0.213
83.641
14.199
2.127
0.058
1.655
88.323
17.606
0.061
0.209
0.047
107.286
0.067
0.622
0.201
0.055
107.635
5.069
0.073
0.212
0.207
75.775
6.861
2.197
1.759
0.649
0.051
0.060
1.018
0.203
0.434
46.349
51.306
0.076
0.062
0.245
0.056
0.202
0.057
0.058
0.186
89.998
0.061
16.556
0.062
0.055
0.190
0.047
0.058
0.050
0.055
88.593
0.065
17.251
0.074
0.053
1.752
84.992
12.306
0.057
0.060
5.654
66.870
4.087
6.151
0.068
19.392
1.499
0.048
0.055
0.057
104.325
0.065
0.063
0.053
0.053
3.641
0.808
0.069
0.061
0.061
60.819
44.746
0.069
0.054
0.068
0.057
0.055
1.166
0.053
0.055
46.207
1.833
13.560
26.724
0.057
108.454
29.767
16.404
0.067
0.060
62.521
36.986
0.057
0.065
0.054
0.049
0.058
0.061
0.056
2.410
112.512
0.069
0.051
0.057
0.057
0.064
0.095
0.200
0.059
0.054
52.125
41.717
0.071
0.869
0.065
0.051
0.057
0.050
0.198
0.196
0.067
19.317
0.074
0.067
0.061
105.875
1.999
0.057
0.062
0.058
88.749
2.904
0.068
20.169
0.068
107.645
0.205
1.683
0.061
0.200
43.130
0.060
0.059
0.060
0.061
19.768
0.072
0.067
0.055
18.222
16.750
9.526
24.724
0.319
0.069
17.512
19.334
0.081
0.058
0.061
37.442
6.638
0.212
1.317
0.063
0.056
0.061
2.545
0.069
0.057
20.260
8.334
0.072
0.061
13.673
6.153
12.189
20.300
0.065
0.065
13.681
34.546
0.224
0.054
0.057
25.650
25.122
0.062
0.054
0.069
45.408
0.082
0.257
0.065
0.072
47.817
6.543
0.062
0.069
0.065
47.032
0.060
0.060
0.057
0.052
32.639
0.074
14.787
0.977
0.080
17.753
2.587
2.792
0.066
15.851
49.096
0.079
0.064
0.055
0.061
35.586
0.072
0.218
8.674
1.280
0.064
3.198
0.066
0.057
0.067
6.791
27.399
0.091
4.854
0.251
35.175
0.076
1.763
0.072
0.060
0.064
33.955
0.068
0.061
0.054
26.654
0.086
0.072
0.078
0.081
13.098
11.950
0.067
0.058
22.912
9.625
4.939
0.226
0.079
26.773
11.452
0.656
14.448
17.445
0.235
43.236
0.064
0.060
0.053
0.066
44.279
0.071
7.305
0.248
0.071
16.837
4.057
0.074
13.454
0.234
0.526
0.068
0.062
0.061
8.400
32.216
2.224
7.064
0.062
0.067
14.162
6.655
9.303
15.669
0.058
9.894
19.265
0.900
0.068
0.071
7.685
21.596
0.085
6.394
0.071
2.733
0.084
0.068
0.072
0.065
7.014
0.230
0.212
0.061
0.058
12.856
19.864
0.071
6.564
0.063
7.733
34.103
0.082
0.074
0.064
0.053
14.427
5.094
0.785
0.071
0.067
0.227
20.914
0.229
0.072
9.108
34.127
0.234
0.086
0.060
9.967
0.074
4.857
7.475
15.737
0.897
0.079
0.223
0.223
0.069
7.760
29.116
0.067
0.076
0.057
37.585
0.073
0.072
2.081
0.078
17.896
20.355
0.072
0.061
0.061
41.336
1.000
0.081
0.231
0.431
41.289
0.077
0.065
2.061
0.074
49.784
0.545
0.064
0.069
0.065
47.575
0.093
0.094
0.085
0.064
20.932
0.867
1.813
0.078
4.232
17.882
1.636
0.077
0.592
0.062
23.203
18.996
7.195
0.286
0.240
45.453
0.069
0.064
0.067
0.067
5.217
10.233
5.293
21.260
0.235
6.406
38.907
0.086
0.084
0.082
41.464
4.217
0.076
0.062
0.072
15.811
5.878
0.078
0.062
0.224
9.440
0.065
2.086
0.070
3.836
37.874
0.258
0.068
0.062
0.065
0.062
0.069
0.063
0.220
2.179
15.205
3.326
0.077
0.084
0.234
0.223
0.349
2.630
7.253
16.313
45.217
0.065
0.228
0.230
0.056
0.139
0.065
0.231
0.073
0.061
20.121
0.195
0.084
21.105
0.064
38.649
0.086
0.240
0.079
0.068
33.958
4.557
3.109
0.070
0.230
16.606
19.122
0.069
7.537
0.088
43.639
0.086
0.069
4.266
0.083
14.379
27.358
0.073
0.064
0.068
46.158
0.071
0.252
0.241
0.072
0.063
0.073
0.068
0.072
0.067
0.065
0.076
0.074
2.709
5.055
16.379
37.891
0.083
1.460
0.069
6.134
2.358
47.657
0.072
0.067
6.167
48.651
2.076
0.075
0.065
53.795
0.073
0.072
0.063
0.061
5.011
34.647
0.071
0.072
0.061
6.532
0.076
7.463
1.815
22.881
8.109
37.767
0.326
0.082
0.064
5.764
47.239
0.074
0.072
0.067
9.353
10.167
0.075
0.247
35.067
4.119
0.069
0.068
0.069
0.258
36.319
0.079
2.395
0.078
0.072
13.172
0.079
0.062
0.278
0.064
25.764
9.758
8.753
4.237
0.081
0.067
0.067
0.069
0.069
0.251
0.065
0.072
0.235
0.059
0.058
48.616
0.081
4.049
0.090
0.090
41.866
0.098
0.478
0.086
0.262
13.693
40.063
0.088
0.272
0.076
29.475
0.803
20.617
1.049
0.075
11.299
28.030
0.072
0.061
0.072
41.623
1.682
0.085
0.070
0.078
32.395
0.262
16.430
0.084
0.068
43.428
0.073
0.062
0.076
0.075
45.298
0.265
0.888
3.028
0.071
27.583
1.429
5.998
13.412
0.301
29.434
11.374
1.312
0.062
8.097
46.456
1.422
5.113
0.072
0.248
43.618
0.075
3.800
0.076
0.066
24.836
0.078
4.578
14.307
0.092
42.645
0.081
6.726
0.084
0.448
46.479
0.260
0.081
2.589
0.085
18.715
0.080
23.979
0.319
7.807
16.930
0.276
36.540
0.076
0.081
11.827
41.954
0.262
0.075
0.065
43.930
0.095
2.104
0.078
0.076
48.160
0.093
0.090
0.088
0.075
40.816
0.084
0.082
0.073
0.069
5.312
0.085
0.074
0.262
0.079
28.214
3.516
0.268
0.252
16.142
28.675
0.068
12.087
12.171
0.090
16.015
18.330
0.071
0.076
6.334
0.071
3.023
0.085
0.073
0.077
7.990
36.218
0.096
0.091
0.091
47.735
0.087
0.071
0.068
0.076
0.082
7.801
0.075
0.080
0.076
43.996
0.088
0.082
0.083
0.072
10.244
0.271
0.063
0.082
0.062
41.199
0.071
0.076
7.151
0.079
23.661
0.096
0.307
0.067
0.065
0.082
0.071
0.079
0.065
0.262
6.936
9.260
0.274
0.068
0.071
45.730
0.088
0.076
1.549
0.080
0.068
0.082
0.062
0.130
0.361
9.974
17.501
22.873
0.085
0.070
47.400
4.979
0.074
0.089
0.076
46.375
0.096
0.293
0.067
0.064
1.233
24.173
0.260
0.065
0.065
51.867
0.076
0.104
0.228
0.098
0.080
0.081
7.552
0.299
0.074
49.454
0.077
0.069
0.069
0.836
0.067
0.633
0.083
7.912
0.326
8.457
10.167
15.485
15.429
0.076
54.781
0.076
0.265
0.074
0.075
28.558
26.219
0.091
0.081
0.089
38.921
5.491
0.282
0.081
0.070
7.629
1.394
9.452
6.705
23.694
50.293
0.079
0.085
0.271
0.069
48.043
0.072
0.083
0.065
0.075
28.467
18.412
0.284
1.908
0.085
51.953
0.083
0.082
0.085
0.071
41.495
1.203
0.069
0.069
9.528
53.317
0.097
0.551
0.274
0.085
46.977
2.163
0.090
0.076
0.073
6.526
31.690
0.087
0.076
0.082
9.099
8.078
4.927
0.086
2.330
50.846
2.024
0.076
4.560
0.080
27.269
18.534
4.292
0.279
1.618
30.104
0.099
0.071
0.282
0.086
0.074
0.088
0.075
0.086
0.277
1.416
17.955
6.245
0.102
0.116
14.736
28.202
4.939
0.100
1.137
47.973
0.085
0.087
0.068
0.288
4.752
0.477
7.205
44.934
0.296
18.104
29.680
4.689
0.087
12.544
58.075
2.227
0.092
0.070
0.078
5.453
37.053
5.506
0.099
0.295
1.145
18.940
2.690
0.092
0.077
14.097
39.769
0.082
0.091
0.078
55.488
0.290
0.072
0.396
0.088
5.975
40.227
0.071
0.071
0.073
0.071
0.076
0.074
0.085
0.070
0.086
9.443
0.085
0.292
0.088
42.552
0.088
12.530
0.096
0.073
58.045
0.102
3.365
0.091
0.103
10.991
40.948
0.088
2.962
0.098
15.297
38.760
0.081
0.090
0.317
0.289
0.078
0.079
0.072
0.084
37.730
0.086
0.101
0.087
3.440
0.091
15.365
0.120
0.288
0.096
53.778
0.079
0.074
0.082
0.071
7.716
39.739
3.172
1.263
0.079
56.711
0.116
0.316
0.092
0.076
33.319
0.091
13.126
2.887
0.080
0.085
0.083
0.088
0.082
0.299
18.160
0.091
30.442
0.088
0.080
52.963
0.079
0.074
0.071
0.079
26.744
25.352
1.736
0.507
0.076
0.074
0.417
0.091
3.169
0.113
54.313
9.057
0.112
0.185
0.331
60.440
0.093
0.080
0.090
0.093
40.054
13.368
0.298
0.076
0.077
9.839
0.226
46.439
0.091
1.732
0.079
0.071
0.071
0.076
2.865
47.019
5.094
0.079
3.110
0.085
10.895
39.139
6.852
0.085
0.072
18.962
15.011
0.183
26.373
0.112
16.653
16.813
0.106
0.310
0.091
0.074
0.078
0.071
0.069
0.074
29.812
2.393
0.093
0.290
3.173
11.461
6.591
0.082
0.072
3.369
25.264
0.301
0.440
27.381
0.085
43.818
10.900
0.085
0.076
0.091
26.892
14.634
12.017
0.099
0.077
32.872
3.442
0.205
14.336
0.367
0.094
4.070
0.092
0.074
0.080
17.070
0.111
47.900
0.096
0.092
45.457
0.090
2.319
0.313
0.091
56.531
0.113
9.096
0.093
0.307
49.468
0.302
0.141
0.301
0.074
22.157
35.643
0.313
0.092
0.088
0.097
0.100
0.084
0.078
0.076
11.656
0.124
43.822
1.396
0.313
47.225
0.326
0.316
0.102
0.074
0.092
0.079
12.110
0.088
1.647
10.623
16.951
0.091
0.099
3.690
24.424
0.087
0.096
2.571
0.081
9.164
22.301
19.852
0.091
0.088
32.664
16.335
0.088
0.096
0.083
1.258
6.870
0.758
0.078
0.082
0.083
0.079
0.096
1.007
0.091
59.078
0.079
0.095
0.079
0.091
27.077
41.548
0.102
9.494
0.096
64.600
2.275
0.093
0.085
0.074
27.730
21.831
9.524
0.086
0.088
12.176
1.530
0.085
0.296
0.088
23.283
22.799
0.085
0.085
0.074
22.384
8.773
0.085
32.572
0.094
63.933
0.092
0.080
0.088
0.088
59.886
0.085
0.095
0.076
0.088
0.077
0.091
0.736
0.085
0.092
0.358
0.093
0.074
2.494
0.437
56.644
0.097
0.349
0.088
0.093
0.319
0.078
0.148
0.307
0.092
0.094
0.079
0.075
0.085
0.082
0.079
0.099
0.085
10.580
0.087
31.039
0.087
36.246
0.085
0.091
54.382
0.127
0.099
6.250
0.087
63.176
0.104
0.316
0.096
0.076
54.603
0.120
3.709
0.116
12.077
85.932
0.116
0.188
0.099
0.093
14.219
1.126
54.857
0.091
7.215
52.290
2.104
0.101
0.102
0.097
72.415
0.095
5.860
0.099
0.100
76.170
0.315
0.099
0.075
0.300
36.127
0.094
38.655
0.092
4.495
75.364
0.099
0.113
0.103
0.107
77.823
0.098
0.107
0.339
3.218
61.133
15.265
0.099
0.091
0.307
22.903
0.496
74.414
0.105
0.079
17.401
19.587
21.987
0.093
1.754
0.097
0.321
0.093
8.019
0.112
39.052
0.108
21.758
10.888
0.341
31.684
3.863
29.697
0.116
0.085
12.032
66.198
0.113
0.161
0.110
74.174
0.091
0.361
0.104
0.081
53.383
0.364
12.468
0.098
0.378
33.987
0.093
0.321
28.312
0.088
72.967
0.089
0.091
0.080
0.323
17.261
41.323
0.098
0.084
13.072
6.502
19.739
0.084
52.917
0.094
40.234
0.090
0.093
0.090
0.090
0.101
0.084
22.647
0.099
1.467
25.568
7.563
44.841
0.318
0.082
61.042
10.171
0.105
0.090
0.084
66.215
17.027
0.098
0.088
0.083
48.354
14.739
0.113
1.971
0.335
0.079
50.751
7.212
8.902
0.093
0.090
11.385
4.659
0.113
0.093
0.096
0.098
0.093
0.099
0.090
76.870
0.095
0.087
1.669
0.095
28.371
43.583
3.313
0.093
0.756
71.430
0.349
1.661
0.093
0.602
10.136
41.507
1.669
36.629
0.094
23.286
25.357
0.106
0.091
17.900
13.441
8.659
56.046
0.111
0.091
84.484
0.114
0.104
0.087
0.093
6.987
0.093
17.311
0.091
10.098
43.074
0.096
0.095
0.335
0.082
57.522
0.101
0.093
0.091
0.093
15.264
24.887
17.119
0.110
0.112
45.911
0.091
2.896
24.690
0.095
0.103
0.096
0.102
0.335
0.384
59.391
0.341
2.122
0.097
0.091
82.003
0.098
0.108
0.090
0.082
55.058
0.102
3.426
14.052
0.115
58.493
24.406
0.116
0.092
0.094
38.708
42.798
1.675
0.109
0.346
60.956
0.093
0.350
1.900
8.385
4.472
37.643
0.096
1.334
8.038
0.420
0.087
0.335
0.103
0.333
0.392
0.083
0.105
0.090
0.105
71.464
0.110
0.105
0.093
0.085
19.387
50.332
1.987
1.948
0.367
12.884
4.512
17.472
24.560
11.729
0.085
0.344
0.093
2.980
0.097
63.069
0.116
0.449
9.915
0.115
36.286
0.123
0.110
28.121
0.096
34.220
67.062
0.364
0.087
0.330
54.598
0.110
0.330
0.086
0.088
0.889
46.591
18.685
0.099
0.109
12.529
22.822
0.092
42.130
0.109
16.601
54.333
0.110
0.366
0.096
72.424
0.096
0.107
0.085
0.089
28.312
47.973
0.104
0.113
0.107
50.646
0.096
5.501
0.106
0.369
0.405
0.096
0.104
0.088
0.098
10.171
6.179
19.929
33.789
0.366
16.729
19.110
0.097
0.105
19.461
0.096
0.100
0.349
0.102
0.096
42.505
0.117
43.000
0.989
0.086
19.993
11.356
31.459
0.134
0.098
6.625
0.093
10.581
52.147
0.368
19.408
7.679
28.473
15.258
1.675
0.099
0.088
0.097
0.096
0.117
0.358
0.102
0.093
0.110
0.333
27.847
0.361
0.085
40.976
0.107
36.873
19.273
0.113
0.361
0.099
23.112
0.116
0.105
7.821
1.743
12.003
26.805
0.099
0.113
57.116
0.085
0.341
0.427
0.093
0.092
27.862
37.716
0.105
0.102
5.196
81.608
0.097
0.099
1.738
1.543
56.683
0.111
32.582
8.937
0.431
0.114
0.113
0.108
0.352
0.110
80.342
0.358
0.088
0.105
0.102
71.743
0.099
0.352
0.108
0.085
58.181
0.110
0.110
0.342
1.533
52.473
0.145
0.101
0.100
0.102
63.021
6.535
0.116
0.105
0.093
59.259
0.107
0.107
0.124
0.113
0.110
0.153
0.111
0.093
0.358
17.908
0.127
0.355
0.369
0.088
65.160
0.360
0.128
0.112
0.109
4.594
62.417
0.119
0.099
0.368
52.128
26.615
0.107
0.379
0.099
25.199
0.128
0.107
14.034
1.551
89.321
0.124
1.205
0.110
0.102
28.795
9.909
45.877
0.108
2.456
74.914
0.355
1.552
2.872
0.108
22.650
8.537
0.096
26.919
0.104
0.102
0.114
14.587
0.369
4.571
37.293
0.111
0.113
29.287
10.886
0.352
1.751
0.105
0.169
0.090
76.727
0.372
0.363
0.104
0.352
78.050
0.135
0.119
0.125
0.119
73.589
0.116
0.117
0.122
0.097
74.111
0.358
0.355
0.099
0.368
37.141
58.025
0.137
0.127
0.738
0.091
0.100
0.119
0.114
0.438
72.439
12.450
1.795
0.121
0.403
38.158
0.140
27.296
15.285
0.116
82.711
0.147
0.119
0.147
0.110
34.501
44.075
0.113
0.111
0.091
17.328
30.782
0.102
30.789
0.127
84.405
0.105
0.101
0.108
0.107
44.010
36.249
0.113
0.110
0.108
18.438
0.110
36.484
10.757
0.110
98.138
0.102
0.097
0.094
2.961
39.733
37.396
0.119
0.115
0.102
15.406
5.779
64.631
0.141
0.117
14.658
0.121
0.116
0.097
0.110
68.911
0.125
0.399
7.967
0.108
40.878
0.116
0.130
23.010
0.101
75.618
0.128
0.114
0.122
12.814
63.863
0.099
10.663
0.094
7.013
30.199
0.109
40.388
0.119
0.098
73.138
0.122
0.109
0.148
7.154
0.110
0.097
0.185
0.090
2.919
13.689
15.153
9.952
0.127
9.155
0.117
39.617
0.114
0.119
0.389
56.607
7.596
12.801
0.119
0.107
48.539
31.048
0.127
0.105
0.096
0.119
3.206
0.128
0.114
0.105
20.446
5.708
29.320
0.114
0.108
41.443
0.108
20.650
0.113
1.810
74.118
0.104
0.123
0.113
0.119
0.387
0.105
0.100
0.106
0.118
87.677
0.110
0.380
0.102
0.101
78.356
0.119
2.843
0.105
0.110
11.534
52.145
0.122
6.327
0.102
1.603
4.365
0.127
0.114
0.105
61.134
0.113
17.459
0.126
0.107
0.112
0.376
0.110
0.375
0.119
73.223
2.131
0.123
0.122
0.370
24.919
1.193
45.927
0.105
2.638
19.628
25.756
0.124
32.675
0.127
6.122
66.930
5.616
0.137
0.394
48.540
1.384
1.470
0.119
26.204
55.007
1.033
0.127
0.119
0.114
72.537
0.152
10.727
0.102
0.113
35.261
1.159
0.100
0.168
39.435
76.203
0.123
0.103
0.399
0.103
0.942
0.138
0.118
0.100
0.116
26.624
15.189
0.108
36.679
0.122
0.098
0.107
0.114
0.096
0.124
40.927
11.226
0.105
2.189
1.719
57.279
0.112
5.539
0.407
12.701
69.832
0.103
0.109
0.113
0.268
19.241
1.999
0.124
2.418
28.622
19.506
0.404
0.755
0.132
0.116
21.817
35.919
1.041
1.976
0.125
72.680
0.118
0.124
0.105
0.132
22.190
20.712
4.301
0.106
0.112
15.164
0.102
0.130
0.105
0.113
80.929
0.119
0.114
0.117
1.491
21.623
60.108
0.119
0.129
0.114
21.248
54.485
0.122
0.113
5.342
21.118
5.224
40.650
0.889
0.117
6.411
16.649
0.107
29.511
0.117
74.915
0.120
0.130
1.704
0.112
35.286
30.389
0.138
0.688
16.191
35.239
2.049
41.618
0.133
7.490
0.119
0.101
0.389
0.186
0.096
63.737
0.115
0.395
6.406
5.384
27.862
33.009
0.106
0.101
0.101
0.397
0.106
0.108
0.104
0.099
75.012
0.121
0.100
1.422
0.107
38.081
1.644
0.118
0.131
0.118
7.585
0.408
25.401
0.136
0.106
67.822
0.112
0.113
0.401
0.144
0.124
0.117
0.141
0.105
0.125
49.118
27.557
0.124
0.105
0.100
69.506
0.124
0.099
0.119
0.096
19.036
57.795
0.131
0.129
0.125
20.007
1.273
61.093
0.113
0.105
22.464
0.141
17.515
1.368
0.409
26.556
3.746
0.144
28.332
0.113
22.667
0.414
7.115
46.712
0.171
35.805
2.277
28.436
0.107
0.126
87.151
1.411
0.113
0.122
0.108
68.117
0.103
0.124
0.107
0.098
0.415
0.110
0.104
0.397
0.107
82.545
0.131
0.110
0.396
0.107
42.524
0.108
0.107
5.784
29.605
76.872
0.128
0.124
3.471
0.136
32.748
15.668
0.126
36.715
0.117
20.851
45.809
0.110
3.139
0.142
22.031
61.318
0.124
0.105
0.099
72.736
0.124
0.113
5.517
0.419
35.545
24.806
18.507
1.298
4.472
64.518
0.138
14.936
0.114
0.439
64.632
0.434
0.099
0.121
0.099
0.422
0.127
0.120
0.121
0.102
20.865
0.133
4.426
32.695
0.127
39.456
25.819
17.151
0.130
0.425
30.776
43.624
0.129
0.108
1.484
63.024
0.111
0.418
0.123
0.402
51.880
1.609
0.124
9.666
22.378
21.575
6.299
31.355
1.396
12.471
69.446
2.066
0.110
0.151
0.130
76.954
0.131
0.128
0.128
0.122
74.164
0.135
0.119
0.110
0.420
64.810
0.128
0.122
0.107
0.106
0.125
0.133
13.248
0.117
9.741
22.775
0.129
54.167
0.121
0.110
22.566
1.403
0.134
2.077
4.882
0.116
36.724
9.077
0.123
0.135
66.767
0.129
1.427
0.104
8.367
0.126
0.119
5.790
0.124
0.118
84.131
0.124
0.127
0.121
0.116
65.995
0.133
1.093
17.998
0.120
20.708
57.181
1.045
0.124
0.113
56.371
1.371
0.117
0.105
22.021
52.435
28.046
0.122
0.110
0.133
0.152
0.739
0.430
0.433
0.129
0.107
0.494
0.111
1.405
0.110
26.488
0.122
35.675
0.117
1.197
72.216
0.122
0.698
0.124
0.124
21.058
1.326
12.457
25.501
0.129
9.003
2.576
0.155
0.423
0.121
88.088
0.114
2.219
0.117
0.110
21.603
46.220
0.119
0.261
0.130
0.138
10.397
0.435
0.113
1.174
49.780
15.799
0.899
0.130
16.707
35.939
47.129
0.450
0.134
0.112
32.678
1.171
35.360
0.127
0.423
11.294
0.129
0.420
0.122
0.137
82.078
4.282
0.445
0.108
0.134
11.829
66.722
1.000
0.429
0.117
46.678
18.892
0.113
0.113
0.127
0.116
0.118
0.832
0.445
0.116
54.072
22.384
0.112
6.462
0.115
61.256
24.688
0.122
0.116
6.974
0.128
0.116
0.115
0.119
0.576
20.227
67.376
0.116
0.110
0.104
84.960
0.124
0.129
0.117
0.127
30.977
46.219
0.119
0.116
0.141
18.659
1.484
55.756
0.679
0.133
11.166
71.576
0.437
0.461
0.109
0.113
2.502
0.124
0.111
0.120
69.328
0.143
0.128
0.127
0.136
0.136
10.042
0.147
0.130
0.140
82.989
0.151
0.139
0.110
0.434
26.773
58.138
0.139
1.078
0.146
80.162
0.156
0.121
0.141
0.428
0.123
0.120
0.424
0.127
0.110
61.217
0.445
0.123
9.404
0.141
0.442
0.464
13.774
2.213
0.137
21.358
15.504
35.010
0.134
11.523
73.442
0.125
0.113
0.107
0.133
71.272
0.117
0.132
0.116
0.720
17.021
11.592
29.633
0.450
5.077
39.296
0.146
0.133
0.110
39.890
0.111
0.108
0.132
3.999
0.143
47.126
39.019
0.171
0.163
0.141
11.185
30.825
42.837
0.122
0.125
50.310
0.127
0.117
1.745
0.126
30.446
0.122
0.430
0.116
0.108
28.841
15.366
0.129
24.398
0.116
11.109
58.653
0.497
0.139
0.130
0.139
0.473
14.647
0.448
0.117
20.551
1.587
25.668
0.141
5.275
20.760
0.442
0.107
0.108
0.348
65.577
0.119
1.154
0.119
7.295
21.196
16.103
0.144
0.118
0.135
0.123
3.486
0.452
0.114
53.175
19.599
48.536
0.147
0.460
0.122
0.134
0.164
5.922
0.440
0.106
30.842
43.459
0.139
0.119
1.071
71.416
0.148
0.119
0.740
0.127
0.141
0.460
0.128
0.477
0.129
0.223
0.120
0.116
0.141
0.638
45.028
0.135
8.878
11.414
4.960
0.140
19.435
0.122
0.124
0.130
18.614
0.706
11.065
0.144
1.102
42.435
0.659
5.695
0.541
0.129
0.463
0.112
0.136
0.137
0.457
82.266
0.155
4.979
0.126
0.139
77.272
0.121
0.132
0.114
0.481
101.922
0.139
0.126
0.280
0.113
62.113
16.065
14.383
0.131
0.125
40.254
0.220
0.114
52.923
0.137
38.404
41.013
0.124
0.119
0.114
38.790
1.593
0.130
7.566
9.192
38.224
46.853
0.118
0.113
2.209
37.073
26.948
0.461
0.113
0.117
67.725
0.116
0.550
0.137
0.136
30.304
0.133
38.568
0.147
1.982
21.884
18.659
3.615
0.149
0.191
54.775
3.590
0.171
0.136
0.169
33.692
0.135
1.177
0.157
58.078
71.755
12.664
1.166
0.134
0.140
40.758
0.131
0.614
26.455
0.136
0.125
0.114
15.498
0.143
0.123
28.908
57.205
0.120
0.454
0.137
46.104
0.123
0.160
11.534
37.487
97.034
0.159
0.198
6.808
0.136
20.001
18.285
37.384
13.206
4.609
86.872
0.547
17.493
0.140
0.573
35.389
11.956
0.531
38.791
0.137
91.810
0.138
0.133
0.117
0.119
23.015
1.627
19.605
36.552
0.144
89.591
0.158
0.154
0.148
0.481
73.710
0.265
1.351
1.392
0.133
80.432
0.136
0.153
0.129
0.524
95.131
0.155
0.149
0.560
2.966
53.664
45.093
2.904
0.122
0.124
101.574
0.141
0.192
0.134
0.137
92.031
0.132
0.119
0.122
1.914
12.229
71.437
0.129
0.117
0.134
0.514
10.873
2.140
0.119
0.138
24.052
12.609
35.345
0.135
7.795
51.509
17.521
20.105
0.485
0.128
33.327
5.888
4.114
47.409
0.137
68.479
1.132
0.145
0.136
3.280
31.383
73.338
0.235
1.886
0.599
22.847
51.335
22.713
0.174
0.801
36.724
0.541
47.999
0.150
0.136
19.096
21.519
0.144
34.419
0.156
90.767
0.148
0.993
0.284
0.119
33.873
6.512
42.499
1.187
8.039
48.339
0.123
40.140
0.186
0.174
93.132
0.126
0.212
0.462
1.269
91.713
0.218
5.123
0.128
0.481
89.700
0.131
0.174
0.141
0.158
61.739
0.130
0.144
0.125
25.520
9.654
0.137
2.131
0.135
0.124
98.669
0.141
0.137
1.068
0.468
20.283
42.823
0.168
27.722
7.984
39.086
42.216
0.138
0.845
1.362
44.755
0.144
0.997
0.130
26.147
75.476
0.116
0.125
0.135
0.135
20.561
0.279
0.697
24.618
22.760
10.988
47.945
0.133
0.524
35.906
5.823
92.767
0.142
0.147
0.187
56.624
0.136
16.155
0.141
0.471
10.807
0.133
0.155
2.040
0.147
7.237
18.558
46.008
21.336
0.143
95.377
0.136
0.152
0.513
0.140
40.168
3.823
0.135
42.800
1.407
86.777
0.198
0.471
0.138
0.642
24.203
6.652
9.164
29.824
0.123
71.096
0.476
0.133
0.120
0.250
35.328
59.754
0.220
7.216
0.133
77.068
1.975
2.603
0.143
0.146
64.968
0.136
19.159
0.129
4.605
50.034
2.643
5.228
0.197
0.153
46.994
0.132
26.132
1.430
0.147
21.506
0.136
3.908
0.129
3.378
35.343
15.426
0.529
6.179
0.141
52.507
0.126
10.323
16.187
0.146
0.473
0.988
0.617
0.144
0.153
55.217
0.505
1.849
0.524
0.149
70.268
0.713
0.511
0.389
11.882
0.190
2.593
0.147
0.124
0.119
21.984
31.963
0.124
4.243
0.595
41.742
36.915
0.158
0.136
2.890
46.290
0.136
8.517
0.158
36.077
52.290
1.544
25.768
10.796
0.153
102.473
0.143
0.125
0.501
0.213
95.201
0.203
0.246
0.198
0.163
104.262
0.166
0.131
0.123
0.153
42.063
2.614
46.258
0.561
0.139
50.849
0.568
0.137
0.126
23.100
53.506
22.245
0.514
1.334
1.414
28.080
60.426
1.389
0.485
0.614
80.788
6.081
1.864
0.136
0.149
0.119
0.156
0.148
0.144
0.146
65.821
0.136
0.149
0.562
17.149
41.757
43.290
0.141
0.131
0.119
21.130
1.209
48.983
13.746
0.518
65.858
0.175
0.146
2.477
0.125
96.353
0.139
0.135
0.123
0.147
20.294
4.965
5.094
45.819
0.144
15.198
18.450
5.187
37.048
0.141
10.346
5.325
0.129
0.157
0.132
3.143
0.130
0.157
0.141
0.140
57.839
0.139
30.252
0.158
0.126
83.383
8.670
0.148
0.158
0.613
43.501
0.168
0.141
0.249
52.034
80.523
0.541
0.307
0.123
0.151
30.723
51.240
0.158
0.133
0.141
37.257
0.135
1.960
0.124
0.121
63.480
0.158
0.138
8.435
0.142
43.580
14.001
19.599
0.133
21.846
24.148
33.357
20.821
1.009
0.139
21.963
35.498
39.142
4.734
1.993
100.550
0.141
0.159
0.142
0.240
152.883
0.145
0.142
0.248
0.502
73.209
12.584
1.655
0.516
0.160
27.545
45.000
0.142
0.159
0.153
3.190
20.905
26.829
32.545
0.139
29.409
17.928
0.164
0.154
38.393
70.830
7.346
0.155
0.146
0.584
85.107
0.170
0.537
11.448
0.141
40.666
0.929
0.129
8.122
47.801
94.257
0.152
0.141
0.332
0.127
102.552
0.131
1.057
0.175
0.497
28.056
55.030
0.999
0.132
0.157
0.136
0.158
0.275
0.136
0.142
99.720
0.141
0.129
0.150
0.132
4.329
103.138
0.153
0.158
0.138
110.977
0.170
0.150
0.156
0.125
108.603
4.474
0.160
0.161
0.144
101.537
6.296
1.886
0.145
0.140
104.819
0.167
0.154
2.288
0.126
90.326
0.172
0.123
0.125
0.164
85.105
0.161
0.153
6.834
0.153
33.262
0.560
58.844
0.141
0.524
86.917
0.131
0.160
0.552
0.530
10.347
83.118
0.164
0.136
0.166
33.167
0.154
9.799
45.187
0.305
11.016
30.761
0.169
40.746
0.137
0.518
0.531
0.166
0.236
0.147
2.131
1.661
0.547
0.141
0.144
79.451
0.151
0.583
0.147
17.801
75.818
13.491
0.155
0.155
0.434
44.678
0.165
0.133
1.627
3.650
55.482
3.209
0.528
0.129
24.108
88.135
0.704
2.292
0.161
0.739
95.649
0.136
1.282
0.159
0.165
98.180
0.177
0.185
0.154
1.060
81.773
18.676
0.152
0.169
1.275
95.181
0.264
4.439
18.823
0.147
17.889
7.028
13.943
3.843
57.439
69.851
0.141
11.055
0.162
17.224
104.057
6.930
0.537
0.160
1.463
13.290
36.919
0.522
0.356
0.516
0.162
38.820
0.147
0.130
0.140
78.964
0.145
0.524
0.140
0.321
0.150
0.136
15.499
0.154
1.413
93.203
0.169
0.162
8.798
0.611
22.182
49.444
0.558
2.197
22.250
84.738
0.159
0.154
0.130
0.130
0.130
0.152
0.130
12.497
0.163
60.814
0.167
0.136
0.143
18.781
106.657
0.162
0.143
0.545
0.157
17.864
0.157
16.894
63.708
0.146
21.749
0.158
18.722
49.873
1.309
13.464
82.085
0.161
0.749
0.144
0.157
0.149
0.139
0.167
0.462
37.529
0.147
72.810
0.170
0.186
52.233
0.595
0.144
19.431
0.188
61.109
0.148
46.438
0.163
6.299
106.467
0.166
0.274
1.792
0.549
27.868
58.481
0.578
0.155
12.861
26.995
59.612
21.755
0.139
0.144
99.942
0.173
0.168
0.149
13.745
23.902
22.993
0.145
8.275
31.350
39.974
38.373
0.134
0.152
0.131
91.528
0.552
0.128
0.149
0.165
100.544
0.239
0.164
9.783
0.176
75.112
24.986
0.170
0.145
0.160
79.386
20.299
0.156
0.148
0.173
42.354
55.040
0.141
0.148
4.958
90.809
0.145
0.142
0.661
12.027
0.164
2.463
0.327
0.169
0.538
0.186
0.152
5.175
0.181
0.167
109.390
0.158
0.154
0.135
0.151
0.147
1.385
0.170
0.181
0.147
30.142
39.418
0.165
49.384
0.164
68.797
49.463
0.168
0.144
0.156
24.409
2.443
29.742
47.690
0.172
75.874
0.148
0.143
36.420
0.703
93.571
0.164
0.167
3.879
3.634
23.119
64.721
0.153
27.322
2.111
1.909
42.163
40.128
0.150
0.160
112.888
0.157
0.579
0.199
0.146
107.227
11.218
10.079
0.189
0.169
69.919
0.198
30.384
2.146
0.197
30.756
3.450
11.275
70.426
1.282
68.301
20.263
0.150
0.164
1.147
0.134
26.901
0.194
0.174
0.157
61.009
1.672
0.800
37.688
0.542
0.169
0.169
0.543
0.147
0.169
0.169
14.510
0.178
0.155
0.163
73.390
0.192
0.214
0.227
4.222
50.524
38.472
1.443
0.147
0.172
13.327
0.425
6.071
76.817
0.156
117.256
0.597
0.158
0.171
0.166
0.645
0.160
0.170
0.172
0.394
90.013
0.169
17.150
4.928
0.440
117.236
0.568
0.158
0.177
0.140
13.064
26.348
66.876
0.167
2.030
47.497
21.206
14.489
48.690
0.564
65.830
51.182
0.583
0.142
0.163
60.895
57.533
0.156
0.142
0.558
0.167
0.172
0.563
0.147
0.259
1.599
109.043
0.155
0.159
4.762
121.308
0.173
0.147
0.140
0.169
121.663
0.614
0.162
0.584
0.146
72.961
42.113
0.167
0.175
0.137
27.875
0.142
38.568
0.552
30.018
104.136
0.186
0.721
0.158
0.140
0.158
0.608
0.159
0.144
0.141
92.780
0.185
0.152
19.854
1.645
105.661
0.571
0.156
0.659
0.135
79.893
30.175
0.153
0.179
0.563
36.200
3.513
49.223
26.985
2.039
0.141
0.149
0.155
0.242
0.570
95.362
0.196
0.175
0.198
0.198
62.604
0.160
6.620
51.569
0.173
91.890
22.444
0.737
0.168
0.176
0.144
0.180
0.209
0.166
0.144
41.044
71.189
0.177
0.153
0.177
46.263
20.239
0.152
0.142
0.169
97.234
22.898
0.155
0.174
0.581
34.903
80.090
0.171
0.557
1.560
54.925
36.380
0.164
0.174
0.186
118.614
0.183
0.145
0.152
0.141
108.975
0.585
1.400
0.583
0.558
79.834
43.487
0.596
2.202
0.164
21.620
33.038
0.176
57.110
9.761
69.007
0.226
38.945
0.155
0.174
30.721
6.360
82.351
0.187
0.615
39.499
0.189
55.870
0.149
0.558
109.578
0.608
0.181
0.159
1.641
50.095
34.504
16.370
0.185
0.565
15.722
84.952
0.161
0.157
0.175
78.212
0.175
1.948
0.172
37.642
55.187
47.456
0.148
0.794
0.141
68.687
42.859
1.253
0.139
0.141
57.600
0.606
43.662
0.186
3.128
28.905
0.196
0.232
0.220
0.209
88.265
0.166
0.180
0.183
0.141
71.209
3.656
0.184
10.133
65.495
102.644
0.190
0.167
18.384
0.168
125.936
0.177
0.164
0.159
0.205
0.173
0.177
0.175
1.166
0.220
110.096
1.962
0.168
0.158
0.573
0.185
0.137
0.575
0.152
0.179
103.268
0.177
0.584
20.204
0.174
74.100
14.279
0.169
0.141
0.164
91.586
0.550
0.179
14.331
0.177
127.187
0.179
0.175
0.584
1.504
72.594
0.147
0.166
24.205
0.156
2.698
0.196
12.601
0.152
0.174
92.094
0.593
0.179
0.165
15.748
93.086
19.893
0.192
0.182
0.152
3.946
2.843
79.434
0.603
0.161
29.012
8.486
57.692
15.056
0.581
125.566
0.155
5.308
0.187
0.151
111.852
0.192
0.176
0.164
0.160
113.180
0.184
0.176
0.180
0.149
29.034
93.305
1.188
0.569
0.193
123.203
0.156
0.617
0.145
1.479
29.100
96.677
0.171
0.172
0.199
78.108
0.158
34.962
0.208
0.620
16.824
0.603
0.155
0.175
0.834
42.435
0.741
46.499
11.580
1.629
0.160
14.751
0.596
0.151
0.158
28.654
2.474
2.388
9.979
85.474
137.782
0.175
0.152
0.144
0.172
33.475
21.563
51.896
0.586
0.149
118.888
0.210
29.484
0.187
0.161
0.235
0.181
0.185
0.143
0.186
63.716
0.147
0.175
0.152
0.145
155.309
27.012
0.624
0.188
0.158
67.065
50.943
0.174
0.182
0.192
31.601
4.829
80.692
1.368
1.111
0.265
4.937
0.175
1.625
0.161
34.065
57.335
9.665
9.044
0.169
63.665
32.261
0.686
18.006
0.615
0.187
0.152
0.163
0.176
0.608
93.470
0.179
0.179
0.161
16.853
0.165
0.592
0.305
0.154
0.176
29.421
34.560
8.689
0.589
0.141
0.189
45.388
0.196
0.173
0.183
113.797
1.298
0.188
0.164
20.258
105.533
16.578
0.169
0.189
1.160
14.573
103.029
0.152
0.168
0.195
85.764
20.288
0.169
0.603
0.147
69.514
17.427
4.181
0.164
0.175
83.661
17.568
0.174
16.206
0.174
60.688
17.785
0.597
0.186
35.177
108.770
0.169
0.181
0.188
0.169
102.027
0.186
0.602
0.172
0.189
111.409
0.184
0.173
0.400
0.170
119.456
1.576
0.601
0.148
0.204
43.913
0.193
44.329
0.613
0.172
124.692
0.155
0.154
0.186
0.171
29.863
7.401
28.296
2.735
0.597
35.658
0.199
0.181
2.181
0.153
32.204
47.295
0.607
0.176
3.414
48.364
59.772
0.182
0.192
0.144
55.500
49.367
0.176
23.491
0.604
114.780
11.252
0.226
0.204
4.076
130.865
0.616
1.408
0.192
0.146
134.194
0.160
0.176
0.627
0.164
129.330
0.169
3.362
1.798
0.193
187.188
0.161
0.184
1.086
0.153
76.687
14.265
0.154
36.500
0.732
105.143
14.664
0.158
4.650
0.190
93.602
0.175
15.907
0.192
0.496
128.001
0.178
0.153
0.185
0.155
104.100
9.590
0.171
0.177
0.172
0.177
20.860
0.160
0.176
0.166
0.186
0.596
0.581
0.168
0.292
29.089
31.673
0.167
11.776
0.626
71.472
40.019
0.205
0.156
0.183
88.725
0.183
36.171
0.165
0.175
106.369
0.166
0.197
0.185
13.301
38.459
77.169
4.907
7.351
1.112
87.260
0.213
0.192
0.605
0.323
0.192
6.710
18.700
0.214
20.025
13.518
125.288
0.605
0.157
1.148
26.607
93.136
0.811
0.203
0.181
0.173
0.228
2.224
0.212
0.635
116.524
0.360
0.192
0.179
0.158
146.781
0.192
2.944
0.604
0.631
123.121
0.180
19.599
2.984
0.164
66.569
14.338
46.457
0.867
0.173
62.852
9.585
26.891
26.138
0.181
135.694
0.156
4.853
0.164
1.074
72.671
0.153
0.153
41.616
22.197
47.796
0.173
82.609
2.174
0.181
0.175
10.310
0.181
0.189
0.196
111.986
0.181
0.160
23.995
0.178
95.276
0.183
0.636
0.272
12.997
44.838
65.851
0.162
0.179
0.618
48.092
0.202
85.400
0.627
0.170
33.156
5.472
67.264
0.158
0.172
130.944
0.165
0.178
1.169
0.612
80.325
0.184
46.251
1.122
0.623
111.368
0.197
0.188
6.231
0.663
88.938
0.209
27.282
0.224
14.783
128.482
0.642
12.914
0.206
0.157
134.565
0.166
2.700
6.327
6.322
67.172
32.349
0.200
17.213
0.175
75.775
72.499
7.564
0.159
0.162
133.488
0.177
8.484
0.705
0.173
50.702
1.580
83.946
0.192
0.158
98.985
0.617
39.869
0.631
0.349
118.492
0.194
0.165
0.182
0.164
121.959
0.647
0.160
0.152
1.777
39.547
0.152
1.990
53.441
0.198
128.843
3.264
41.160
0.189
0.157
33.096
111.695
0.172
0.637
0.149
137.590
0.171
0.159
0.199
0.444
49.374
0.907
4.087
70.316
0.175
85.925
0.158
0.194
0.974
52.197
35.923
79.551
0.170
0.181
0.625
230.903
0.156
0.640
0.164
6.181
142.636
0.170
0.629
0.155
0.198
121.272
1.399
0.611
0.171
0.172
0.195
13.814
0.191
0.335
0.620
58.012
3.316
16.425
3.675
0.181
0.156
49.079
0.164
0.190
0.202
0.194
0.694
0.615
0.163
0.854
45.244
0.639
21.931
69.602
0.191
31.640
54.598
15.288
0.189
0.165
0.165
0.192
32.438
0.158
0.176
0.155
0.186
0.164
0.181
0.159
134.629
0.643
0.177
0.177
1.546
104.660
0.223
21.772
0.170
0.248
58.964
84.657
0.644
0.156
1.818
73.319
45.654
15.977
0.192
0.349
38.768
29.598
0.172
45.573
0.173
140.086
1.724
0.188
0.693
0.186
133.983
0.561
0.164
0.202
0.169
75.185
0.219
0.991
0.265
64.947
54.595
21.707
75.937
0.168
2.104
132.653
0.682
0.164
0.184
0.195
41.233
94.385
0.661
0.171
0.189
0.168
13.059
0.177
0.192
0.174
40.454
84.928
1.430
0.189
0.196
135.834
0.206
0.203
0.648
15.650
28.629
95.729
0.664
0.165
0.195
128.413
0.359
0.186
0.634
0.207
65.636
28.577
0.165
0.201
0.282
0.296
23.497
15.331
0.650
0.180
0.220
0.648
0.194
0.660
0.158
119.234
17.766
0.637
0.168
0.204
148.160
0.173
0.160
0.644
0.895
61.191
12.423
0.897
1.167
0.186
68.020
0.637
0.656
0.195
0.201
122.642
14.476
0.659
0.209
0.165
137.137
0.754
0.154
0.174
0.181
0.648
0.186
0.186
0.186
0.774
104.905
0.647
12.354
0.654
0.161
0.652
0.178
0.170
0.673
14.416
38.190
88.690
1.909
0.188
0.192
42.536
0.172
87.251
0.707
0.205
86.991
0.177
2.032
10.871
17.382
118.146
0.157
7.364
1.509
0.184
117.382
9.306
0.230
0.196
0.201
145.763
0.189
0.185
2.177
0.180
0.194
0.214
0.185
0.203
0.189
37.753
21.621
3.693
75.196
0.660
134.838
0.655
6.052
0.202
0.642
36.510
101.527
0.181
0.175
5.146
52.505
0.978
70.235
0.175
12.946
0.637
0.183
0.161
0.164
0.188
145.356
0.172
0.210
0.176
0.160
91.335
47.219
0.176
0.507
0.185
35.576
101.504
0.178
0.170
0.197
124.304
0.203
0.703
0.199
0.211
122.773
23.447
0.168
0.177
2.247
38.652
56.738
45.665
0.227
0.667
110.126
0.180
0.184
0.210
25.732
138.086
0.198
0.195
0.168
0.170
113.937
0.658
0.155
0.823
19.724
144.877
0.201
0.173
0.159
0.209
82.803
32.122
0.166
0.654
0.162
0.160
0.178
0.758
0.157
0.188
118.706
0.660
0.191
0.664
0.735
151.787
0.655
1.700
0.700
0.222
45.959
1.343
71.350
0.189
0.203
136.286
0.166
0.160
0.210
0.940
148.800
0.181
0.293
0.182
0.672
113.748
0.206
13.253
28.574
0.215
47.879
28.252
0.949
35.999
0.181
31.389
0.173
0.203
4.811
0.165
45.108
113.244
0.198
0.240
0.199
81.030
54.227
8.890
12.478
0.189
48.046
87.376
0.182
0.208
0.208
0.692
0.158
0.202
0.171
10.343
84.309
69.228
0.319
12.197
0.293
152.170
0.196
0.387
0.203
0.194
163.331
3.962
0.205
0.170
0.194
76.495
76.741
0.169
0.822
4.916
71.723
0.219
0.160
9.156
2.355
112.332
0.187
0.202
0.211
0.162
0.213
0.162
0.194
0.203
0.230
122.478
0.165
11.401
0.194
0.187
144.425
13.135
7.970
2.479
0.167
137.531
1.048
0.803
0.213
0.221
86.307
48.778
0.683
0.215
3.867
118.968
0.180
0.169
0.163
0.903
156.473
0.218
0.203
0.172
0.192
57.479
17.809
27.815
51.844
0.231
76.492
0.217
49.763
0.208
0.251
121.782
0.182
0.183
0.214
0.185
91.103
0.199
0.207
53.531
0.204
141.778
0.428
0.201
0.170
1.833
34.214
75.309
0.179
5.934
0.204
109.536
0.190
0.236
0.197
0.198
0.192
0.163
7.770
2.115
0.542
44.502
75.230
33.975
0.225
0.190
71.986
27.964
0.189
0.179
1.346
19.243
1.609
0.180
22.988
0.208
45.724
105.008
7.926
0.184
0.214
142.573
0.196
0.203
33.056
0.839
162.759
0.206
0.710
0.174
0.214
166.057
0.188
0.171
0.195
0.805
83.394
64.228
0.212
0.187
8.035
95.220
0.216
64.353
0.173
0.181
147.660
9.695
0.191
0.205
0.182
72.422
70.366
0.740
1.592
0.194
156.667
0.199
1.350
0.213
0.167
148.633
0.202
0.698
0.161
0.185
14.352
0.205
0.691
0.227
0.185
9.645
30.417
20.943
72.839
0.190
37.258
85.264
0.174
0.221
0.187
35.420
106.047
0.259
0.242
0.243
131.257
0.192
0.204
0.880
6.662
136.227
19.466
0.182
1.259
0.223
151.185
0.271
0.203
0.215
4.969
131.292
0.180
0.214
28.121
2.186
131.819
0.211
34.348
0.207
0.736
125.226
24.648
0.214
0.212
0.698
141.930
0.200
0.216
9.341
0.185
146.231
0.912
0.173
0.676
0.675
103.543
0.185
0.191
0.209
0.170
2.354
34.201
0.198
0.688
0.216
136.242
0.240
0.192
40.420
2.237
79.990
0.705
0.194
1.319
50.072
131.309
25.771
0.223
0.186
0.680
129.846
0.695
0.214
0.208
0.406
43.021
5.870
0.261
4.490
20.545
0.670
81.153
0.220
0.214
0.181
117.368
0.213
0.174
0.216
39.535
129.830
0.198
0.213
0.226
17.246
49.349
30.490
20.195
4.656
2.412
153.378
0.712
0.199
4.783
0.714
153.369
0.706
1.576
0.235
0.196
34.815
88.260
0.216
0.208
0.213
0.777
0.174
0.202
0.182
0.212
0.226
7.270
0.219
0.735
19.295
122.276
0.728
0.167
0.170
0.304
0.174
0.719
0.213
0.486
0.185
186.575
0.217
0.671
0.702
0.848
40.449
120.059
1.276
0.689
0.193
159.171
0.187
0.196
0.186
0.710
0.318
0.739
18.855
0.235
0.240
160.910
0.197
0.192
9.236
0.183
163.423
6.965
0.181
2.225
0.217
90.711
6.808
48.617
0.223
18.208
11.427
162.150
0.202
0.174
0.174
147.198
0.224
13.565
0.262
0.184
131.468
0.215
0.386
0.211
0.171
0.174
11.760
0.691
0.203
0.170
99.339
0.195
42.968
0.190
2.387
85.112
72.625
0.225
0.181
0.181
94.358
51.133
0.222
0.189
0.190
88.279
51.767
6.162
13.510
0.190
48.574
101.694
0.225
37.829
0.766
91.928
0.206
77.393
0.208
0.171
165.135
0.264
0.227
0.214
0.173
24.523
13.179
97.109
0.231
0.727
152.081
0.190
14.591
0.208
0.218
98.925
59.291
2.193
0.236
0.215
51.932
0.220
47.654
0.828
70.497
37.476
41.896
8.476
60.066
0.226
159.651
0.718
0.209
0.715
0.328
0.207
0.182
0.683
0.188
0.305
146.217
0.215
15.220
9.361
0.717
174.074
0.211
0.227
1.400
0.217
136.414
0.207
35.821
1.651
0.709
93.024
81.086
4.676
0.219
0.187
40.453
120.057
0.196
0.238
0.224
79.907
25.577
0.204
0.188
43.269
70.913
82.532
16.204
0.239
0.241
139.827
0.182
0.229
3.278
0.174
171.526
0.195
0.205
0.197
2.368
64.326
28.060
36.948
0.722
45.910
126.384
0.199
3.850
0.212
0.710
37.523
97.135
0.189
0.226
0.172
45.771
57.206
36.294
0.732
0.226
34.983
0.212
0.241
0.717
0.402
158.015
0.195
0.206
1.555
0.199
101.314
0.173
29.333
1.121
16.757
42.582
10.303
22.339
0.197
0.180
11.963
0.222
40.687
1.747
0.179
171.345
0.733
0.471
0.179
0.176
92.807
87.890
1.494
0.230
0.231
167.181
0.732
0.193
0.211
0.208
138.633
0.417
0.223
0.190
29.424
35.447
101.266
0.212
0.205
10.691
181.034
0.736
0.226
0.180
0.193
45.866
107.192
0.746
0.218
0.190
155.150
0.196
0.191
0.181
2.279
178.836
0.233
4.616
0.205
0.230
46.841
18.517
2.306
0.224
70.775
121.517
0.201
1.669
0.751
0.194
0.226
45.873
0.226
1.276
0.231
175.678
0.190
0.214
0.246
0.782
149.711
16.476
0.182
0.714
2.669
39.886
48.433
0.236
0.178
0.724
132.712
0.209
1.573
0.218
22.535
66.912
0.798
26.785
0.203
0.947
100.531
0.189
1.500
41.629
5.033
0.218
0.203
0.229
0.192
0.361
184.337
0.207
0.233
0.201
0.186
144.619
0.777
0.201
0.246
0.203
40.608
7.964
3.797
26.257
0.225
0.203
59.149
8.586
0.876
0.260
173.787
0.182
0.214
0.190
1.976
0.213
0.204
0.183
0.208
0.247
45.095
91.192
0.764
0.181
0.289
0.195
0.213
14.892
6.912
2.194
0.182
0.210
0.217
0.869
0.732
28.525
61.986
50.883
0.183
0.401
90.519
56.290
0.657
0.183
0.190
40.172
86.318
40.328
0.255
2.431
65.807
10.479
65.729
0.746
0.245
137.675
13.317
0.214
0.237
0.194
176.248
0.228
0.199
2.657
0.187
159.886
0.198
0.212
0.195
12.851
174.397
0.240
2.317
0.224
14.763
190.056
0.194
0.218
0.190
0.214
177.690
0.214
1.897
3.919
0.240
48.250
97.547
0.536
2.558
0.395
151.682
31.096
0.215
0.207
0.201
81.824
58.655
0.181
0.209
19.742
129.956
0.220
0.199
68.447
0.766
98.139
2.496
0.241
0.248
75.159
91.245
1.827
0.177
0.198
0.183
0.185
0.225
60.783
2.860
0.232
5.492
2.109
0.219
0.219
0.737
44.891
6.649
21.658
86.078
0.191
99.367
7.577
0.184
28.810
0.194
0.834
29.432
0.210
0.200
0.766
75.409
0.226
0.198
119.262
0.194
62.478
0.234
33.479
21.254
33.445
86.254
10.316
0.349
0.726
0.748
74.387
28.671
1.358
5.064
10.821
82.826
66.964
1.556
24.156
0.781
165.459
0.228
0.221
15.794
0.195
225.693
0.245
0.180
45.818
35.567
90.468
0.202
0.194
3.359
0.192
74.825
0.192
0.221
1.569
0.187
137.057
45.402
0.196
0.229
0.248
88.783
0.509
61.762
35.579
0.207
75.791
114.847
0.248
0.237
0.210
110.078
72.196
0.210
0.200
1.897
30.214
90.092
20.688
1.143
0.186
54.655
76.005
42.598
0.775
0.943
118.875
0.781
0.193
0.223
55.206
12.489
154.153
0.230
15.009
0.769
166.979
0.192
0.240
0.196
0.201
172.178
0.194
0.487
6.353
0.205
60.190
0.237
130.171
0.233
0.189
191.350
0.890
0.213
0.776
0.237
174.716
1.832
0.805
11.880
0.239
170.564
2.016
0.228
0.208
0.210
76.888
97.079
0.274
0.203
0.225
56.185
125.643
2.384
0.194
0.768
172.997
10.364
0.232
0.203
0.237
163.199
5.965
0.187
10.829
0.219
46.154
1.794
114.491
0.207
0.208
0.207
17.825
0.233
0.235
0.192
155.825
29.438
0.287
0.802
0.200
52.036
86.250
0.185
2.667
0.202
0.232
0.217
19.604
0.776
2.986
57.101
1.912
10.847
98.679
0.225
85.474
20.341
0.210
9.576
0.214
156.630
0.237
0.969
0.186
19.316
71.453
30.812
0.218
0.805
4.580
89.607
0.220
14.170
0.832
0.212
122.963
0.204
0.222
60.648
0.244
55.148
0.218
99.732
25.125
0.271
80.219
3.498
73.456
7.892
4.667
25.297
169.338
0.207
0.240
0.201
167.333
0.192
15.428
0.746
0.256
141.495
0.236
0.188
0.231
40.346
118.131
0.215
11.646
0.257
8.906
0.214
45.657
0.206
0.240
1.673
75.469
0.239
15.993
19.746
0.197
159.540
0.243
0.193
0.240
0.761
0.203
3.920
0.207
0.363
0.192
148.581
0.792
14.500
0.203
1.777
185.892
0.214
0.204
0.195
0.864
121.309
0.800
68.681
0.207
0.213
51.601
2.930
24.826
80.809
0.238
60.728
104.552
0.263
0.787
0.242
0.772
37.218
0.860
0.206
0.452
58.300
31.001
0.251
37.101
38.498
162.340
0.239
32.440
0.231
0.233
58.144
100.708
2.162
0.222
0.208
190.335
4.031
0.245
0.207
0.216
167.459
0.961
0.198
0.242
33.826
2.670
58.559
0.241
114.419
18.101
44.059
138.177
0.248
0.258
0.282
167.469
0.203
0.200
0.248
1.594
0.799
25.245
0.205
0.237
1.094
163.942
0.236
2.134
0.237
0.759
53.342
68.610
31.581
0.209
0.791
34.138
0.231
0.214
9.108
0.267
58.526
59.318
57.435
0.265
0.750
170.128
1.540
15.362
0.252
0.766
67.953
58.624
0.248
25.948
0.766
102.955
0.213
0.220
50.823
0.812
90.123
3.220
0.284
0.257
9.230
47.959
104.491
1.581
0.776
3.017
59.545
48.168
7.575
43.276
0.247
0.193
0.204
0.239
0.235
9.938
52.842
102.130
0.245
1.966
0.206
127.536
0.793
11.963
23.877
4.769
136.432
1.031
0.205
0.232
0.198
138.755
18.411
0.222
0.208
19.226
37.140
13.403
0.246
127.658
0.252
164.868
0.247
0.227
0.227
0.196
101.552
2.435
22.663
0.198
0.235
111.743
0.214
83.000
0.201
0.210
175.868
10.115
0.251
0.245
0.782
84.240
0.664
22.134
9.549
0.228
13.164
0.211
0.203
0.364
0.223
76.962
5.478
0.294
19.712
54.115
175.535
0.260
0.217
0.210
0.215
49.194
20.516
1.373
0.225
22.243
109.945
0.228
0.199
0.811
13.308
85.005
90.968
0.237
0.228
21.514
39.299
109.836
0.259
0.219
0.231
0.247
0.214
0.214
0.219
0.304
157.900
1.686
0.214
0.795
0.212
47.607
121.903
0.213
0.195
0.244
110.933
37.304
0.284
0.282
0.240
0.227
0.222
0.254
32.154
0.278
75.144
88.024
0.220
1.527
22.443
173.619
6.315
0.239
0.227
18.374
47.753
135.602
0.248
0.224
0.205
51.996
0.194
0.207
30.819
0.248
62.865
5.172
0.238
62.998
0.209
122.047
46.841
1.286
0.252
0.224
0.897
36.291
0.252
0.321
0.293
173.077
0.220
0.229
0.226
0.375
171.180
0.212
0.900
0.236
0.231
26.002
63.684
0.214
0.237
60.117
75.462
67.876
0.262
0.433
0.231
200.385
2.131
0.213
0.221
0.225
169.617
0.257
0.790
0.230
0.938
77.117
100.522
0.205
0.253
0.192
127.006
0.218
69.302
0.241
2.725
59.557
9.488
10.605
0.214
24.141
134.148
0.257
16.929
0.214
0.255
207.132
0.246
0.220
1.671
0.217
60.566
130.377
1.349
19.914
0.268
78.249
126.681
0.227
0.226
2.406
62.017
94.181
0.241
0.239
0.233
193.731
0.236
0.228
0.219
0.245
158.028
0.217
0.605
0.819
31.289
59.619
32.991
3.450
63.779
0.214
187.705
0.229
0.232
0.245
0.228
117.785
6.690
0.250
0.231
0.247
113.417
49.089
48.952
0.227
0.237
53.922
47.413
64.671
0.230
0.259
47.427
17.749
61.405
62.013
0.198
0.230
0.209
0.234
0.206
0.238
35.581
47.279
0.233
107.770
0.270
0.249
0.209
0.390
0.212
0.199
196.829
0.890
0.209
0.248
7.971
78.481
107.850
0.216
0.831
0.210
104.265
0.221
79.693
17.948
0.226
181.092
0.866
28.630
0.275
0.224
87.351
12.511
0.215
1.131
0.260
35.946
54.654
35.396
1.706
0.222
198.580
1.731
0.233
0.198
0.257
51.390
52.794
0.259
0.934
0.226
0.242
100.240
0.832
0.957
0.239
0.216
0.214
0.216
0.219
0.205
53.553
26.121
4.470
68.275
38.330
0.210
0.220
0.260
0.222
0.202
103.374
10.831
0.278
0.196
0.252
0.825
0.331
0.847
56.902
12.607
101.519
0.251
0.240
18.248
42.027
0.863
34.872
0.235
0.506
0.234
68.262
131.744
0.238
0.214
0.259
197.800
0.247
0.213
0.895
0.264
229.127
98.474
24.426
3.080
0.229
81.942
0.507
102.390
0.209
0.214
171.718
0.832
6.769
0.812
0.956
109.092
0.267
94.843
0.211
0.250
177.170
31.445
0.259
0.222
1.295
85.795
5.496
1.834
0.229
0.221
49.477
49.235
0.864
0.208
29.314
87.942
0.234
0.238
104.013
39.758
54.259
152.280
0.218
1.239
0.249
108.648
0.248
0.259
13.479
0.243
0.206
71.331
0.234
0.202
0.243
63.924
31.281
0.252
80.774
1.051
25.129
0.248
0.926
0.222
0.237
179.173
0.241
0.210
0.255
0.218
231.462
0.229
0.245
0.236
0.256
48.020
130.105
0.252
2.655
0.235
104.171
0.297
0.223
10.908
0.856
0.309
111.463
0.250
0.238
0.248
204.004
4.928
0.235
0.230
16.699
94.605
5.058
13.143
61.904
18.017
73.111
0.248
30.848
0.855
62.483
61.914
109.779
0.265
0.867
1.044
118.895
11.382
17.839
0.209
1.591
57.031
2.010
0.234
17.069
0.237
94.308
0.231
0.292
0.235
0.212
1.037
0.211
0.226
35.742
0.214
195.660
0.243
19.999
0.865
0.203
94.580
0.272
0.245
111.214
0.271
53.551
0.844
146.982
0.259
0.265
94.212
0.236
80.822
0.224
34.619
85.380
44.399
0.285
0.227
0.253
54.669
56.515
0.829
1.994
26.004
180.143
1.763
0.271
14.792
0.259
73.278
20.343
11.374
1.482
0.883
106.914
82.561
0.867
0.216
1.024
106.895
9.814
0.251
73.606
0.223
106.218
0.238
1.300
28.151
4.834
85.380
0.855
45.270
0.231
0.244
2.960
59.303
0.229
4.163
102.263
23.135
0.255
1.198
0.256
0.271
131.477
0.246
87.661
0.230
1.849
149.228
0.277
0.242
0.219
52.741
148.662
0.271
0.915
1.052
0.257
112.817
0.839
0.266
1.025
80.391
56.311
42.878
9.556
0.283
83.135
78.180
77.674
0.237
49.087
2.746
152.975
0.236
12.261
10.020
0.236
55.629
111.666
0.245
0.496
8.196
173.587
0.224
36.577
0.246
0.862
177.559
23.568
0.507
0.302
0.847
0.243
0.381
0.219
0.271
0.239
90.464
0.214
2.155
0.275
106.053
215.457
0.229
1.466
0.278
0.867
82.900
93.378
0.233
2.146
0.234
213.260
0.872
0.402
0.235
0.897
43.671
128.999
24.275
1.026
0.288
55.644
17.052
53.330
1.550
0.266
96.849
91.585
0.247
0.249
35.429
100.057
24.302
0.257
10.838
0.218
134.920
53.315
0.883
6.051
0.241
89.701
110.975
0.850
0.218
0.211
64.359
0.243
0.248
15.625
20.294
87.207
0.843
1.190
0.236
0.215
0.274
12.320
0.248
0.237
2.008
80.538
21.771
91.230
0.255
1.769
79.476
0.355
100.637
0.273
6.868
0.998
0.259
0.230
0.892
0.267
125.399
0.271
1.543
10.671
0.240
35.606
14.089
9.197
31.799
110.682
80.713
5.299
12.365
73.710
0.237
100.031
2.319
0.230
0.294
5.131
222.470
0.243
2.211
95.070
0.297
78.751
0.221
0.310
31.156
59.315
0.255
0.218
0.297
0.232
25.857
0.265
4.545
0.388
0.248
0.220
120.945
4.250
4.143
0.867
36.260
88.776
0.257
26.762
1.704
84.213
176.274
0.247
6.575
5.065
0.268
161.093
1.755
0.259
0.252
0.252
197.258
0.328
0.368
1.063
0.287
56.589
36.042
5.652
98.720
0.258
194.401
8.211
0.872
0.384
0.230
129.918
79.135
0.259
0.289
0.214
86.819
1.248
88.596
0.269
0.245
179.100
0.325
0.273
33.841
0.272
202.892
0.218
0.270
0.271
0.212
172.773
0.283
0.856
24.218
1.231
56.647
49.513
85.886
0.301
0.213
197.112
0.271
0.262
13.689
0.230
178.726
0.243
0.238
0.259
0.933
81.685
6.401
85.914
0.879
0.217
172.514
0.240
37.876
2.122
0.910
184.963
26.604
0.248
0.893
2.654
81.935
31.124
1.851
58.863
0.237
73.163
0.288
22.661
1.995
0.250
7.795
70.832
0.257
0.291
0.249
194.142
0.259
0.262
0.238
0.232
63.116
10.707
0.227
0.919
0.229
149.687
0.239
0.237
2.735
0.262
112.592
93.429
0.280
0.271
0.230
75.066
0.239
1.190
5.218
33.907
106.257
2.648
2.931
5.050
1.592
74.838
0.222
100.151
12.461
1.084
49.854
27.286
58.345
7.424
0.247
0.905
0.221
0.219
1.049
0.867
59.585
124.315
0.248
0.278
0.221
146.182
41.559
1.216
0.226
0.275
88.445
86.261
0.222
0.247
0.896
199.476
0.913
0.225
0.243
1.068
200.514
0.248
12.509
0.609
0.215
168.532
30.360
0.225
0.250
0.248
184.531
0.278
0.217
0.257
0.396
207.601
2.118
0.244
0.279
0.879
142.036
75.547
0.927
0.262
0.264
90.181
130.489
0.272
2.254
0.899
173.202
0.245
0.890
0.214
0.488
171.490
0.893
0.232
23.046
0.259
198.181
0.907
0.232
1.071
0.276
196.340
0.273
15.333
0.225
0.237
39.287
166.327
0.268
0.265
0.927
92.446
98.220
29.652
0.275
0.287
38.685
144.727
0.937
0.249
0.229
0.286
0.261
34.442
0.956
1.055
168.710
0.257
0.255
0.909
1.027
0.237
0.254
0.259
0.260
0.324
0.225
14.181
0.236
43.658
2.813
153.662
0.278
33.988
2.656
0.227
115.848
53.310
0.284
14.877
3.022
205.184
23.406
0.289
0.402
0.247
130.315
11.236
0.262
1.350
0.895
43.736
70.385
67.051
0.287
0.257
0.259
0.253
0.969
0.239
0.887
134.675
13.644
2.061
0.224
0.257
96.625
1.661
0.243
9.251
0.223
128.570
0.933
0.272
0.229
1.127
223.354
2.256
0.257
0.232
12.293
192.271
0.270
0.912
46.936
1.873
190.958
0.315
0.264
1.149
31.199
105.897
92.266
32.874
0.230
1.672
242.486
0.233
0.274
1.151
0.252
102.144
119.068
0.282
0.309
0.280
0.238
0.237
0.268
0.895
1.134
118.412
1.588
0.271
103.030
0.259
222.992
0.256
2.308
0.249
0.900
232.285
0.296
0.375
0.341
3.019
122.251
119.565
0.272
0.260
0.258
220.133
14.771
0.252
0.270
0.243
52.659
113.961
0.242
15.301
44.199
99.434
0.309
36.647
0.250
1.834
216.916
0.278
0.261
18.125
0.273
57.025
8.829
166.775
0.282
0.263
90.850
7.584
56.965
1.748
0.278
64.456
0.339
0.314
53.181
9.182
1.122
0.269
0.225
0.916
0.229
228.411
0.237
0.231
0.943
0.291
52.866
5.647
0.288
0.914
149.470
45.059
66.333
0.261
134.377
0.317
50.579
95.758
72.271
0.257
2.657
76.734
5.096
4.326
6.793
137.932
28.248
27.183
83.965
1.814
0.223
0.905
1.073
0.265
57.305
0.248
175.184
17.140
0.297
0.282
0.288
50.914
97.139
0.313
0.933
0.281
82.104
0.322
0.258
0.251
0.248
231.884
1.279
0.237
0.240
0.274
175.847
0.937
0.278
2.004
0.248
0.946
0.392
0.227
0.238
0.279
0.295
0.255
0.251
0.963
0.227
77.210
144.982
0.328
0.293
0.275
187.222
12.614
0.305
0.230
0.274
66.213
156.470
26.717
0.270
0.311
50.840
0.258
2.857
0.256
185.663
64.293
0.268
164.097
0.286
0.329
199.682
0.303
0.245
0.282
0.638
225.979
23.876
1.700
0.241
0.267
230.496
0.233
0.248
2.810
0.276
210.063
48.327
0.264
0.264
0.237
209.813
0.297
2.616
0.281
0.287
146.479
0.441
0.924
60.190
0.270
223.257
0.265
12.531
0.283
2.575
62.491
94.733
1.173
68.430
0.290
49.548
1.365
10.690
57.892
113.556
231.078
0.259
0.300
2.126
0.963
228.313
0.266
0.262
0.269
0.256
0.229
0.297
0.352
9.335
0.951
237.869
0.964
0.532
0.226
0.242
231.240
0.322
0.280
0.326
0.946
225.343
0.257
0.283
0.292
0.269
224.473
0.968
0.277
2.365
0.232
70.718
108.595
12.811
1.241
39.091
201.578
26.785
0.279
0.265
0.470
61.082
94.442
32.618
2.497
0.969
13.336
0.282
0.232
0.230
46.021
61.687
0.251
2.194
15.491
78.598
0.267
103.217
0.341
0.301
8.118
216.419
43.353
1.143
0.315
0.292
169.925
0.962
0.225
0.284
0.226
90.719
23.596
0.281
1.395
0.277
109.846
0.622
0.276
0.240
32.115
88.460
126.305
0.255
1.245
0.273
126.880
0.238
89.251
0.338
0.299
219.286
18.000
0.998
0.256
0.287
249.320
0.255
0.255
2.885
0.977
139.728
0.929
82.933
0.948
20.188
63.299
146.749
0.237
0.277
29.096
55.368
41.854
2.035
0.973
0.247
94.547
43.132
0.269
4.948
0.289
0.241
0.274
0.416
0.297
0.272
113.984
97.877
0.304
0.293
0.266
59.971
140.346
0.297
0.252
25.951
97.353
140.597
0.274
0.271
0.273
248.221
0.256
2.533
0.963
0.287
176.535
0.269
1.800
0.267
0.230
213.553
0.493
0.949
13.259
2.751
135.887
3.038
0.302
0.271
0.251
0.243
0.954
0.239
58.784
0.248
45.779
182.141
0.293
0.262
0.293
160.442
1.701
69.806
2.524
0.293
66.023
26.313
3.089
5.023
0.293
89.135
0.968
0.238
0.255
0.327
186.036
0.256
0.271
0.295
1.077
72.498
94.361
6.058
0.783
0.302
163.075
0.303
42.778
7.682
0.319
174.697
0.258
0.290
2.012
0.275
381.447
0.257
0.305
0.249
1.529
255.893
0.987
0.233
0.263
1.281
57.477
0.303
181.523
1.577
2.629
105.218
0.279
0.240
0.259
145.490
36.168
209.047
0.322
0.263
0.324
224.498
0.302
12.151
0.329
1.010
115.298
45.723
11.731
0.259
0.252
0.271
0.279
0.391
38.023
0.997
242.881
0.270
0.473
0.251
0.970
57.946
0.330
2.518
0.291
58.738
28.085
215.860
0.292
0.292
0.296
116.865
141.015
0.255
0.971
0.249
239.280
0.242
0.243
0.301
0.248
237.254
0.288
0.267
0.318
0.287
265.552
35.633
0.257
0.308
0.251
92.024
134.056
0.311
0.284
0.259
83.193
85.961
0.325
95.827
1.717
105.319
0.255
106.205
0.266
0.251
130.531
0.263
4.204
0.244
7.649
56.519
107.374
0.276
0.277
2.044
236.732
0.294
0.265
0.273
0.265
0.293
0.316
0.280
0.302
0.294
118.712
0.261
57.009
0.250
0.284
35.284
103.436
0.261
0.302
0.235
120.133
0.316
3.080
0.318
0.313
67.352
7.417
45.575
10.478
0.296
239.390
0.321
0.290
0.246
0.278
167.301
0.390
101.631
0.293
0.314
235.782
0.287
0.301
0.997
0.245
20.331
0.274
0.299
0.263
0.289
61.384
148.358
0.267
0.248
60.580
211.622
1.115
3.737
9.109
0.260
0.472
0.979
0.303
0.273
28.094
0.323
265.405
0.321
0.285
0.247
269.292
0.304
0.247
0.301
1.067
248.728
1.139
0.241
0.300
0.271
0.366
0.258
0.246
16.856
0.298
134.121
0.276
119.430
0.256
0.270
123.341
94.048
0.290
0.990
0.236
0.244
0.306
0.312
3.261
0.300
137.472
0.297
0.977
37.962
3.533
120.691
1.445
0.279
0.272
110.626
243.579
0.293
0.285
0.320
0.282
138.801
112.978
0.281
1.026
3.512
121.696
5.232
88.505
2.811
0.323
232.898
0.261
0.261
0.289
36.484
144.470
0.269
1.063
21.409
0.282
25.936
0.670
143.709
1.547
0.248
123.297
143.695
2.303
0.295
0.281
147.768
14.190
69.960
0.337
0.292
221.023
0.270
0.305
1.366
1.000
216.673
0.412
40.166
0.289
0.321
28.638
179.549
0.553
3.860
0.952
218.915
0.291
0.994
0.395
0.309
154.861
1.026
1.026
64.023
38.892
269.346
0.263
0.243
0.306
1.559
272.938
0.989
1.114
0.285
5.584
55.274
191.003
0.316
0.293
0.277
231.446
0.317
0.254
0.321
1.564
36.335
25.875
146.457
8.600
0.315
0.279
1.211
0.254
39.018
0.248
14.247
1.849
0.262
0.274
0.265
62.470
4.900
165.914
1.848
0.315
137.016
81.493
0.268
0.260
0.273
153.654
1.419
74.124
0.322
0.268
256.368
2.753
0.361
7.263
0.307
78.901
163.661
1.029
0.318
1.158
88.439
149.721
0.267
1.043
1.240
55.417
11.518
164.539
0.298
14.213
122.536
106.244
1.020
0.295
0.433
109.854
166.792
0.317
20.560
1.238
158.337
0.265
0.283
51.183
2.184
29.908
189.173
1.601
0.264
0.256
73.524
48.027
148.989
0.288
1.101
3.627
223.137
0.317
0.331
0.454
103.038
79.422
27.073
60.731
0.274
59.724
71.828
2.005
118.705
0.280
163.305
1.158
0.246
1.728
0.271
0.271
1.093
1.322
0.243
60.545
245.437
0.251
0.285
0.295
6.763
90.369
162.385
0.292
0.994
0.407
68.046
147.493
0.291
0.993
0.302
120.099
124.287
0.286
1.729
0.278
94.686
154.968
7.812
1.352
0.286
172.342
40.742
1.045
0.261
0.288
56.774
75.662
8.286
15.746
0.310
0.996
85.744
0.525
0.260
0.260
253.356
0.324
0.261
1.467
0.995
99.091
118.615
0.324
0.274
0.299
69.159
0.255
0.265
42.629
150.016
174.202
0.316
0.270
0.992
0.286
218.852
0.277
0.272
0.260
18.601
262.592
0.284
0.312
0.432
0.316
108.373
24.290
94.875
0.314
19.767
231.148
1.783
0.259
1.032
0.275
126.332
1.065
87.369
49.057
0.271
296.927
0.264
0.260
1.757
3.574
1.022
1.179
0.258
0.322
0.292
238.838
0.276
26.780
0.276
0.285
226.305
29.779
0.293
0.278
0.278
249.848
0.254
0.565
0.250
0.316
213.736
0.312
18.350
0.340
0.313
159.192
105.948
0.293
0.256
1.973
217.243
1.562
41.737
5.163
0.279
185.804
1.957
0.308
1.024
39.763
0.286
0.318
0.308
0.293
0.287
238.630
0.278
0.258
0.312
0.280
57.450
161.590
9.119
0.271
0.297
0.272
5.669
0.318
1.035
0.279
221.374
0.797
0.260
31.226
0.293
105.393
78.384
0.344
0.295
71.285
232.601
5.061
2.575
0.279
42.351
59.688
83.942
0.266
124.419
0.268
130.231
28.236
19.654
0.331
0.323
243.989
1.098
33.314
0.315
0.311
179.848
50.063
0.324
0.297
0.270
270.646
0.271
1.718
0.322
0.262
230.166
2.008
0.303
1.012
0.264
269.157
0.291
0.294
0.262
16.357
64.220
180.711
46.769
0.307
0.293
62.679
4.587
0.286
92.868
69.259
247.337
32.453
0.316
22.198
0.333
1.036
0.521
0.314
1.035
0.316
117.122
30.102
0.317
124.759
8.016
62.536
47.209
5.433
5.541
23.528
0.331
0.271
1.079
1.048
102.492
52.100
87.127
0.289
0.330
3.933
211.692
24.449
0.265
1.303
0.249
84.439
160.461
0.334
0.265
0.351
62.891
25.456
200.582
0.257
0.297
258.944
2.401
0.305
0.292
1.036
33.706
80.743
155.811
0.511
0.314
106.728
0.267
8.449
0.271
0.467
0.328
35.770
121.121
0.327
0.259
113.306
0.259
113.476
0.267
35.798
141.456
6.574
2.043
26.330
0.263
0.286
1.015
0.280
0.484
0.319
153.191
1.995
105.082
15.946
0.335
3.044
68.672
2.663
202.428
0.285
89.229
124.466
70.038
0.319
0.331
250.005
27.026
0.330
0.285
0.275
278.406
0.315
0.297
1.698
0.666
72.434
0.340
1.162
87.741
114.691
185.739
1.274
9.276
0.346
1.267
71.677
0.318
20.019
0.309
0.301
235.226
0.268
45.707
0.276
1.051
142.252
32.565
0.296
5.895
0.265
68.583
0.282
0.306
0.332
1.509
273.220
0.436
0.279
21.811
0.261
258.856
55.312
0.332
0.281
0.554
185.257
129.062
0.282
0.261
1.893
81.548
88.232
0.272
1.064
81.388
189.099
13.046
83.084
0.325
2.711
0.275
44.369
0.401
0.360
0.302
192.799
19.433
0.635
0.284
0.334
185.014
0.322
0.337
0.283
0.302
78.877
150.854
2.339
0.260
0.430
94.506
3.243
0.338
68.796
17.508
0.276
5.830
69.145
0.322
0.337
142.867
2.758
191.152
0.268
0.284
108.040
203.671
6.858
7.905
0.351
294.038
0.309
0.280
0.292
31.144
91.440
166.143
2.051
36.533
0.270
186.665
0.345
1.114
0.277
99.430
0.324
0.332
0.320
0.518
0.297
331.813
0.330
0.320
0.441
0.331
296.274
0.271
0.321
0.496
0.326
75.661
81.731
0.297
6.350
0.430
263.617
1.139
0.282
1.131
1.073
78.565
12.965
24.846
0.277
1.574
185.726
1.468
0.254
0.330
1.130
267.939
1.277
0.410
0.258
0.307
0.407
0.285
0.282
44.181
0.326
1.123
0.342
0.519
0.321
0.304
321.696
6.217
1.190
10.868
1.392
151.029
91.912
1.937
50.638
0.386
327.832
4.225
1.239
0.331
0.265
94.047
234.895
0.318
0.411
0.293
15.141
94.937
209.229
0.270
12.248
126.520
0.394
157.145
1.583
0.280
327.459
0.333
0.268
0.270
0.418
107.298
124.800
0.419
0.285
44.501
137.055
159.809
0.295
1.288
0.268
126.181
0.306
0.278
195.869
0.271
75.324
202.160
0.302
26.212
0.354
75.238
213.351
0.326
0.359
0.284
95.806
78.546
0.321
11.947
98.470
289.352
3.618
1.333
0.362
5.881
81.804
203.745
0.277
1.108
25.271
112.187
0.338
164.204
2.164
0.302
272.171
11.938
53.130
0.296
1.802
321.799
0.393
0.312
1.283
1.148
243.746
57.841
0.435
0.302
0.293
239.803
0.296
67.617
2.913
0.273
230.924
25.539
0.319
2.532
0.257
130.388
102.295
0.317
0.304
0.353
151.559
0.290
0.324
0.263
2.084
106.027
0.285
64.659
0.323
0.271
173.516
13.022
0.326
0.292
0.276
0.450
21.772
0.317
0.379
46.046
242.941
0.266
0.304
0.301
74.919
114.166
112.606
0.332
1.953
0.272
0.291
0.303
24.167
0.421
50.388
308.674
0.328
0.311
0.276
0.475
309.566
0.369
0.319
0.276
0.461
298.007
1.528
0.356
0.262
0.274
169.980
0.390
2.181
89.865
0.336
80.512
178.763
0.340
0.305
0.341
236.933
0.358
0.389
0.472
28.168
0.343
0.309
1.192
1.104
0.261
145.625
142.646
0.303
1.837
0.351
78.395
17.138
140.502
2.941
4.833
0.403
0.353
25.654
27.980
0.334
53.874
274.953
0.322
0.283
0.846
0.350
0.269
0.315
0.296
0.277
87.988
51.298
0.357
0.339
2.661
281.948
3.100
1.164
0.314
0.292
277.040
0.302
0.345
1.878
0.338
195.720
0.320
1.274
0.291
14.863
304.798
3.893
0.506
0.334
0.360
57.831
203.261
1.413
38.305
0.316
0.309
1.225
1.171
7.850
0.414
175.080
67.726
0.270
47.051
0.423
245.563
0.332
0.341
1.144
0.281
1.168
56.022
0.282
1.076
0.272
299.960
0.284
0.336
1.225
0.283
290.199
0.310
0.332
0.400
0.315
29.754
37.891
191.608
0.321
46.871
140.993
89.432
0.281
0.448
0.334
286.034
12.908
1.151
2.393
1.096
279.189
0.271
1.194
0.319
13.454
231.544
0.316
0.505
1.212
0.287
247.716
0.288
0.352
0.338
13.400
69.364
209.822
0.293
0.397
0.297
0.314
1.171
0.276
0.492
1.173
218.853
0.314
49.788
18.095
0.365
242.790
46.520
1.363
1.192
1.145
300.640
1.606
0.291
0.834
0.292
53.700
69.432
113.276
0.427
0.275
106.126
154.158
1.173
0.497
0.333
59.192
0.322
0.611
0.272
0.297
143.242
26.144
0.287
0.316
1.809
139.661
0.331
0.341
0.321
1.818
0.295
0.297
0.364
0.304
0.297
305.051
0.333
0.334
1.193
0.346
1.230
0.394
0.315
1.287
12.350
0.336
0.372
0.331
0.303
0.304
59.782
76.118
18.413
99.018
32.752
136.514
1.204
0.331
166.157
0.284
158.621
2.517
48.634
89.090
1.468
0.334
0.306
0.298
1.176
0.472
190.953
0.321
0.314
3.039
86.957
5.295
279.490
0.293
0.300
2.347
64.936
205.726
0.446
0.276
0.345
153.489
2.885
112.905
0.284
62.005
452.803
0.288
0.306
1.206
0.445
212.249
1.701
128.643
0.290
0.381
123.979
198.297
0.314
0.289
1.146
378.299
31.851
34.329
0.665
0.315
99.054
259.208
2.656
0.284
0.349
111.686
0.457
0.301
5.624
237.197
287.052
2.524
0.311
0.323
1.169
316.193
0.369
0.306
0.349
0.363
278.960
0.292
0.309
61.587
15.423
141.366
106.147
0.297
1.255
102.749
496.124
60.625
0.293
1.226
0.537
5.295
1.748
35.718
0.350
0.298
341.824
1.226
0.551
0.362
21.522
301.193
0.522
1.249
0.316
0.307
223.719
19.745
1.460
2.829
0.326
317.735
0.305
1.171
0.482
0.365
208.109
1.257
107.737
34.862
5.680
325.559
0.426
0.511
0.378
0.339
539.410
0.369
97.525
137.028
4.192
172.649
2.718
0.356
163.288
0.356
327.128
0.347
0.362
0.313
0.273
191.345
3.241
149.739
0.374
0.289
172.416
149.164
0.300
0.291
0.375
166.833
0.508
0.385
7.098
98.027
0.285
1.184
0.327
86.941
0.305
169.700
21.849
80.617
1.195
2.297
153.189
0.344
6.425
1.820
23.266
96.524
130.543
19.799
0.294
24.494
73.133
220.174
2.038
0.406
0.314
0.495
0.304
1.240
0.309
21.081
207.113
127.409
0.291
2.400
0.361
126.510
191.830
0.293
2.431
0.316
24.317
0.298
1.281
0.331
0.322
129.045
0.303
107.883
1.358
0.334
293.700
3.217
0.294
0.405
0.311
333.165
0.338
0.347
0.293
0.534
80.338
15.846
9.271
47.803
6.854
112.720
56.239
0.368
109.686
0.332
94.522
111.681
0.327
162.001
0.320
0.477
0.319
0.303
1.209
0.321
47.934
214.234
0.398
0.301
0.309
309.136
1.417
2.763
0.289
0.311
276.951
24.249
3.103
0.313
0.304
90.899
99.844
0.368
114.843
3.046
0.337
0.347
0.531
0.328
0.301
132.731
213.918
0.372
0.732
0.345
304.063
0.336
0.348
0.285
0.443
285.536
0.386
0.397
19.912
26.419
0.335
0.358
0.349
0.312
1.189
95.347
108.754
77.813
1.763
0.335
243.067
95.972
0.601
0.347
0.293
0.356
1.203
0.349
1.186
0.292
373.653
1.154
0.362
1.162
0.282
148.876
226.051
0.293
1.352
0.305
127.365
193.506
0.320
13.048
0.340
0.337
0.396
0.340
0.309
30.988
0.327
0.451
0.282
0.294
0.344
212.929
157.173
0.521
0.344
0.363
311.139
0.289
0.282
0.283
0.443
289.826
0.329
20.096
0.374
0.312
366.310
0.316
1.217
0.301
0.298
144.329
76.360
45.087
20.517
35.356
166.607
18.733
1.227
118.077
0.378
355.912
0.493
0.301
0.320
0.574
117.811
193.254
0.322
0.551
0.294
297.607
0.339
0.901
1.248
1.316
339.535
4.153
0.339
1.274
0.546
0.287
0.338
0.301
36.468
0.305
92.409
261.914
0.303
1.243
0.347
321.953
2.895
0.339
1.286
0.336
366.999
0.330
2.472
0.304
1.307
348.267
3.242
0.340
0.698
1.362
46.605
253.537
0.284
10.020
55.779
340.673
0.357
0.283
0.487
0.318
322.842
0.374
0.310
0.508
2.080
361.077
1.599
0.341
1.288
0.342
0.320
0.417
0.296
0.340
0.352
208.680
1.319
0.317
102.892
9.733
159.305
0.338
227.492
0.362
0.384
290.464
76.525
3.450
1.284
1.230
105.036
16.889
143.289
150.182
0.291
158.737
8.871
34.059
38.736
0.446
0.323
0.456
0.314
0.367
16.789
61.170
0.298
2.244
1.257
0.316
345.777
0.393
0.516
0.379
0.321
0.302
0.351
0.336
0.482
0.331
80.796
0.382
299.920
1.675
0.359
141.441
7.050
62.635
88.035
0.619
213.913
0.328
0.331
4.223
0.378
170.841
0.358
0.589
0.327
0.305
222.406
130.592
0.501
0.299
1.240
173.472
0.370
121.004
1.389
21.534
58.070
1.449
1.820
0.279
0.341
190.299
216.531
1.280
88.717
0.637
322.053
0.344
0.424
0.299
0.355
93.341
112.032
0.374
174.181
0.381
365.410
0.320
0.369
2.467
46.946
604.640
1.314
0.286
0.383
0.360
297.258
1.279
0.294
19.061
0.320
262.042
1.142
0.301
5.669
1.195
144.845
4.191
0.395
0.367
0.428
375.114
0.412
0.343
21.712
0.328
322.261
1.982
0.365
0.352
1.166
221.882
0.350
148.661
0.296
0.306
308.630
72.914
0.334
2.290
0.374
104.034
75.336
17.762
5.236
205.387
366.868
27.220
0.386
0.324
0.304
3.301
115.266
23.889
41.323
165.175
139.985
62.851
0.357
151.538
0.361
369.181
0.300
0.345
1.788
0.476
0.384
0.347
0.344
0.360
0.346
189.681
158.058
0.308
1.171
0.412
128.674
257.522
1.367
58.560
3.277
48.945
141.960
30.441
1.192
0.312
0.325
0.338
0.678
0.295
1.732
11.824
95.984
21.707
39.327
119.251
0.325
122.115
0.376
9.957
0.333
183.197
30.374
19.040
96.308
3.411
82.553
0.375
0.336
0.313
0.312
259.428
4.866
118.444
0.304
0.363
101.300
331.051
0.309
7.140
0.306
285.911
10.761
1.212
0.548
135.179
426.038
0.306
15.434
0.351
6.124
107.952
4.174
0.378
277.446
0.308
195.835
165.063
0.308
40.194
1.197
240.125
1.284
171.045
12.085
0.572
201.252
159.053
0.297
0.358
0.488
224.038
1.190
11.609
0.353
0.312
106.217
70.958
10.112
0.322
0.329
344.373
0.520
0.347
2.321
41.734
322.999
0.335
1.086
1.236
6.109
1.191
0.284
0.564
0.347
0.397
147.195
266.203
0.309
1.840
0.310
684.776
0.357
0.367
0.291
1.216
104.271
284.280
2.559
0.381
0.377
328.761
0.319
1.169
1.203
0.357
178.480
18.925
1.967
12.455
0.377
49.122
233.682
0.558
0.296
0.342
251.147
15.305
1.939
42.631
0.338
354.909
0.408
0.392
0.324
0.366
32.126
11.652
274.309
0.308
22.862
148.077
2.677
0.370
6.559
80.827
308.826
0.370
1.303
2.959
0.384
110.856
197.384
0.420
0.392
4.429
298.700
0.351
7.416
0.323
0.338
265.255
0.343
1.321
0.297
0.356
34.086
6.199
5.915
231.478
1.212
288.838
31.295
0.599
0.327
0.344
278.145
0.365
0.298
0.497
68.824
32.717
81.851
163.456
0.366
48.226
102.156
0.342
214.874
47.847
0.352
268.145
2.968
1.204
1.234
0.384
1.187
62.098
1.467
0.314
2.061
341.006
0.391
2.419
1.220
0.522
260.441
1.053
3.164
0.351
0.319
1.321
0.319
0.391
1.293
0.364
186.075
16.875
84.462
0.319
0.311
29.404
9.356
118.753
0.353
109.539
0.324
1.209
32.464
0.305
1.497
43.765
29.031
2.410
56.321
5.341
54.883
0.376
0.357
58.958
1.263
43.082
136.934
37.849
0.363
0.365
7.268
0.302
81.735
0.351
0.364
24.540
160.677
52.518
29.084
25.512
85.645
3.237
0.414
25.890
0.367
310.850
0.314
0.337
0.330
0.330
277.647
0.348
7.565
0.350
0.375
12.836
2.859
1.216
0.302
0.345
0.349
0.365
0.356
0.295
0.371
281.758
12.993
0.332
0.348
0.332
4.223
305.485
0.355
1.257
0.333
0.358
0.380
0.355
0.487
0.297
22.319
0.365
0.351
0.350
1.063
83.635
0.352
0.338
210.201
0.494
317.145
1.250
0.313
1.559
1.196
302.511
0.332
1.354
0.346
0.382
0.338
0.328
0.305
1.253
9.300
259.568
0.363
1.385
0.352
0.336
0.478
39.635
0.303
9.872
0.361
300.239
0.338
0.321
0.373
0.337
112.740
25.879
2.568
0.315
0.363
0.296
0.473
171.563
1.389
0.326
1.276
1.218
0.457
0.325
0.359
207.786
0.406
86.130
0.321
1.411
310.428
1.384
0.324
0.335
1.236
24.350
267.655
0.344
0.378
0.365
252.785
0.301
0.326
56.001
0.401
44.012
26.596
197.447
0.352
0.361
284.424
0.323
0.363
0.304
0.345
168.200
2.104
0.314
128.231
0.365
0.292
0.387
1.189
1.255
0.305
136.229
134.667
0.373
0.301
33.849
299.794
2.539
0.316
0.349
0.369
175.219
75.760
0.303
0.306
1.720
224.954
57.075
0.346
1.286
22.873
294.952
0.378
1.427
0.335
0.386
27.946
33.789
214.788
0.383
0.331
30.242
259.321
0.392
0.345
3.044
230.620
0.302
0.301
41.550
0.442
331.898
0.317
0.316
0.370
2.213
146.776
10.464
20.783
6.353
1.513
0.326
117.676
39.956
0.361
0.390
136.232
0.383
3.432
4.382
0.336
39.107
262.566
1.217
0.805
0.386
334.035
0.368
0.371
2.732
0.306
28.017
0.378
117.332
0.300
23.148
43.325
0.310
0.314
1.402
0.370
0.573
0.398
0.341
146.530
0.364
64.143
252.558
0.311
0.356
0.352
355.670
0.389
1.310
0.307
0.347
342.727
0.328
0.357
0.337
0.506
25.158
0.373
333.295
8.441
1.974
340.403
0.350
1.491
0.323
0.344
28.610
13.416
100.789
149.463
1.253
318.931
0.329
2.530
0.352
0.393
33.326
53.800
0.306
133.993
0.368
135.475
154.291
0.299
0.382
1.263
343.370
4.070
0.412
0.368
0.390
280.589
1.291
64.955
0.320
2.079
254.315
84.742
0.406
0.345
1.367
59.354
213.130
1.203
1.732
1.238
138.638
16.180
169.512
0.428
0.324
53.548
218.617
1.564
0.398
53.650
0.303
0.348
0.332
0.361
0.313
154.848
211.270
0.901
0.332
26.327
147.154
148.878
0.389
0.564
31.783
47.805
282.243
0.353
0.418
37.711
290.535
0.577
1.263
0.356
14.295
242.946
0.397
0.390
1.030
0.321
117.868
0.427
0.398
0.349
0.477
24.938
1.635
27.174
89.791
1.485
167.367
1.319
1.283
0.339
0.338
19.373
0.346
0.404
1.327
0.315
276.650
0.329
0.351
0.473
0.353
123.337
0.335
211.073
0.316
0.361
104.995
0.403
0.544
0.409
201.360
186.855
0.354
22.358
127.899
2.976
15.401
1.271
86.196
39.550
0.385
107.431
2.728
0.368
0.382
27.553
35.144
219.216
0.448
0.303
1.363
95.720
0.391
192.476
0.359
41.760
295.729
0.320
8.749
0.383
0.375
0.339
0.398
0.354
0.396
0.361
244.240
1.247
1.448
0.367
0.377
180.468
1.348
0.363
1.328
149.577
94.639
4.211
16.079
56.955
155.339
42.404
259.552
1.716
0.344
21.324
175.052
7.141
1.283
77.081
0.390
270.046
0.355
2.123
0.343
1.287
96.760
42.983
0.322
110.156
0.397
0.386
34.834
0.365
0.390
29.870
46.524
0.400
89.114
40.892
0.360
83.525
1.246
0.314
53.198
0.326
281.111
0.358
37.559
0.402
0.797
33.540
239.161
0.385
0.393
1.550
244.189
1.723
76.439
1.653
0.308
274.756
39.332
0.404
0.357
0.319
41.190
22.224
136.485
171.704
0.395
225.502
0.383
135.348
1.261
8.672
0.359
1.378
12.474
0.338
0.341
54.288
275.622
0.370
0.363
1.285
346.474
0.352
1.795
0.374
1.273
126.033
16.037
0.394
195.797
8.201
357.633
0.355
0.471
0.363
0.392
95.962
156.253
0.743
0.320
0.360
157.484
0.373
0.395
2.600
204.077
334.416
0.353
38.707
0.321
0.398
358.679
1.485
0.353
0.348
1.287
164.753
89.646
0.379
0.311
0.405
0.472
0.338
0.332
75.684
2.238
95.275
88.490
0.322
1.423
0.380
43.477
107.390
19.183
69.713
0.414
13.732
0.323
38.273
110.379
81.610
305.357
0.329
1.293
1.620
0.384
10.125
269.717
0.338
0.339
1.300
53.201
251.079
1.489
0.324
0.322
294.057
0.393
0.402
0.383
1.777
343.917
2.946
0.373
0.341
4.176
62.563
169.442
0.408
75.579
0.435
1.476
0.402
0.358
0.423
0.337
32.343
23.221
278.908
0.372
0.351
124.166
115.400
0.376
0.382
0.313
163.573
115.254
0.385
0.520
0.376
110.927
0.318
0.366
1.419
5.079
185.370
44.092
1.952
0.402
0.321
0.327
0.391
0.343
1.507
0.409
185.217
147.057
0.409
1.405
17.728
318.821
0.750
0.314
1.277
2.572
310.364
0.330
0.338
0.404
0.314
19.075
0.401
34.550
328.569
0.318
197.571
1.157
1.336
0.380
0.360
55.728
70.729
159.347
0.361
0.626
327.474
3.952
1.404
0.337
1.517
282.433
1.404
0.425
0.319
0.375
3.498
76.056
208.288
1.420
2.167
12.866
215.865
73.010
0.351
1.267
102.958
29.261
92.571
93.862
0.366
24.552
0.342
18.334
291.900
0.597
0.355
6.584
0.373
1.363
0.361
362.083
0.373
0.364
0.532
0.374
42.717
326.068
0.322
0.320
0.358
20.367
36.073
198.025
1.498
0.380
13.128
353.160
0.344
0.380
0.400
202.969
0.406
66.322
39.063
0.447
143.546
178.383
0.321
0.368
0.361
297.391
0.321
1.361
38.380
0.660
0.460
48.622
1.388
0.391
0.603
258.183
0.371
89.478
0.331
0.795
12.151
246.007
1.314
0.319
0.488
106.061
0.324
0.365
1.254
0.316
103.169
71.977
13.968
0.338
1.491
156.525
1.620
0.450
1.599
0.379
166.580
112.107
0.365
10.762
0.366
328.460
1.294
0.631
1.271
0.380
329.320
2.066
0.397
0.333
0.407
128.644
184.669
0.341
0.346
3.006
315.958
0.346
0.335
0.356
0.377
315.789
30.436
0.372
1.348
0.338
251.284
0.341
4.186
81.325
0.375
301.936
0.371
23.706
0.335
0.350
48.306
0.353
6.330
47.476
72.451
74.516
35.135
0.328
51.997
0.374
18.554
0.336
153.951
0.588
0.345
354.803
0.359
0.344
0.336
0.442
158.817
19.989
19.069
31.620
0.547
186.953
0.343
76.954
75.245
2.073
292.548
1.836
29.193
0.340
3.603
298.160
0.387
0.328
0.829
1.521
263.501
110.771
0.350
1.519
1.299
46.372
0.325
232.089
0.361
0.403
50.769
0.371
0.400
22.340
3.239
324.726
3.285
27.560
1.326
0.392
14.724
0.372
2.514
0.396
0.353
333.518
23.983
0.850
0.407
0.351
326.894
2.049
0.362
0.389
0.543
69.848
69.098
39.778
15.674
0.330
169.457
13.750
1.330
0.396
0.422
274.130
0.336
0.426
88.201
0.436
83.490
85.891
0.668
0.350
0.396
293.241
0.361
0.360
0.381
0.426
297.825
2.112
0.338
0.398
0.429
130.637
1.616
0.396
12.415
2.172
341.812
0.411
0.344
1.416
0.351
373.750
2.121
0.374
0.322
0.355
117.414
8.747
1.306
0.352
0.653
186.774
15.815
0.398
60.045
0.354
89.846
1.613
1.335
0.410
0.400
322.496
2.809
39.642
2.075
0.416
79.778
90.956
3.107
0.389
1.026
0.410
204.058
0.417
0.486
2.822
161.454
0.412
0.426
0.353
211.530
74.282
104.812
45.425
0.439
60.474
0.401
0.603
0.384
0.397
0.338
1.414
0.362
1.319
74.922
3.111
394.337
2.473
0.327
8.646
1.366
186.870
200.310
1.377
0.376
0.416
396.839
0.365
0.357
1.579
0.385
368.179
3.797
0.345
1.363
0.333
144.052
0.403
186.304
0.402
0.413
174.712
0.431
21.965
0.363
0.357
0.541
0.406
126.899
0.359
17.806
261.261
82.687
1.867
0.341
0.427
60.044
0.393
2.183
117.870
0.323
0.365
78.708
0.377
0.369
0.507
14.060
142.553
202.811
0.358
1.316
309.803
3.183
0.341
5.635
0.356
10.106
152.005
32.835
1.304
0.337
111.706
0.421
2.369
0.421
1.303
0.404
0.553
0.342
0.330
1.338
273.635
104.541
1.503
0.349
0.364
206.183
1.712
179.991
0.339
3.177
133.133
18.615
79.391
4.912
0.330
122.461
0.354
0.464
0.392
0.364
335.879
0.334
0.481
0.354
0.368
0.646
0.389
0.395
0.399
0.351
179.210
0.422
153.766
11.809
0.418
266.945
3.120
45.999
0.360
0.409
300.315
6.405
2.098
0.350
0.339
40.529
227.781
1.654
0.359
0.402
0.418
0.332
0.498
0.379
86.414
259.006
0.348
2.304
0.330
0.408
1.476
0.341
0.352
22.840
0.414
0.329
118.561
187.149
1.385
31.342
301.945
43.940
0.429
1.407
0.334
310.644
0.375
1.567
37.900
0.407
158.887
1.817
213.291
0.336
0.425
36.659
9.320
66.089
228.916
1.306
186.485
0.355
95.098
0.379
0.336
28.497
298.552
0.374
2.028
0.425
139.864
2.261
0.413
35.991
1.332
72.412
0.369
2.064
0.342
0.344
0.406
1.418
1.384
1.559
38.060
277.610
0.395
1.519
0.417
0.391
258.845
1.388
81.752
3.724
0.372
40.310
7.235
236.899
3.429
0.340
38.002
0.462
0.413
58.660
3.149
298.760
0.434
0.403
24.565
1.926
0.337
1.332
1.172
19.857
4.704
27.831
351.227
1.373
0.376
0.397
276.445
0.346
0.328
41.337
28.717
279.517
0.608
9.655
2.308
0.389
180.052
10.539
174.269
1.418
1.628
52.671
242.966
85.778
2.775
0.396
133.905
1.638
0.357
138.830
0.350
0.325
0.358
0.361
0.329
13.314
332.848
8.104
2.370
0.331
0.450
113.098
270.189
3.397
0.418
0.432
76.264
191.649
29.802
1.396
51.728
372.461
1.579
1.348
0.350
1.445
64.190
223.727
77.077
0.451
0.447
176.185
1.142
0.332
160.394
2.397
10.458
0.390
37.349
107.467
0.428
358.970
3.143
0.337
17.853
0.425
49.518
9.539
0.420
133.432
1.218
1.676
0.370
127.387
18.401
0.394
411.037
2.394
0.359
1.364
0.334
54.359
218.380
0.340
67.173
0.412
314.915
0.610
0.328
5.577
2.192
359.003
0.408
0.387
0.365
0.328
38.273
291.546
0.384
1.364
0.337
323.253
0.405
0.381
1.345
0.661
43.436
92.670
149.034
2.359
1.344
47.254
195.374
127.577
3.553
0.452
144.549
205.354
0.340
0.400
1.407
44.312
148.312
28.926
105.146
2.124
0.406
0.396
0.418
0.567
0.403
104.896
90.399
4.183
108.752
0.401
91.613
1.279
0.347
0.344
0.369
182.864
136.569
0.432
0.468
41.806
310.264
2.432
0.368
0.380
0.435
64.655
63.767
207.248
0.360
0.453
24.581
190.312
185.308
0.379
1.367
273.550
0.364
1.433
29.154
14.295
33.861
0.440
0.397
0.365
1.665
336.036
0.396
1.779
0.436
0.429
261.522
0.437
0.340
79.341
2.427
136.264
0.781
57.046
1.368
1.786
128.832
2.124
1.376
0.426
1.375
0.364
0.407
29.274
8.151
0.436
147.958
170.362
1.555
0.412
0.338
43.608
243.850
0.381
0.359
1.585
93.521
1.754
216.433
1.227
0.396
64.408
196.136
0.410
2.245
72.402
5.769
0.377
0.386
2.912
0.430
13.659
96.928
208.796
0.430
0.421
256.122
0.436
1.081
0.333
0.384
105.482
4.367
0.400
0.392
62.911
0.383
0.453
0.584
185.159
0.430
315.964
0.415
0.645
0.412
0.376
123.126
91.328
0.472
8.136
5.509
0.421
0.352
149.386
0.426
21.424
124.393
239.813
0.413
1.410
1.592
305.729
57.396
0.372
0.402
0.393
113.628
184.518
0.446
0.372
54.824
38.460
34.267
136.134
94.879
1.390
289.335
1.419
9.195
0.373
17.556
32.512
306.759
1.432
0.412
0.554
108.890
39.807
0.406
0.366
21.161
105.373
45.254
0.406
0.359
2.122
0.445
0.420
0.493
12.621
0.375
322.126
0.378
0.349
0.578
1.371
201.821
0.421
0.449
0.392
58.959
293.993
0.431
26.802
0.363
0.344
365.926
2.625
0.406
0.388
0.363
128.843
55.695
1.440
3.847
101.059
46.214
260.058
0.382
27.236
0.548
198.076
119.730
33.887
1.519
0.346
53.373
298.180
1.428
0.411
0.371
290.255
0.417
1.394
0.421
66.003
37.195
103.147
232.995
1.442
0.510
104.769
41.445
4.374
157.839
0.429
309.246
66.152
0.531
0.434
1.399
164.705
137.756
0.373
0.688
0.355
0.376
45.149
1.390
0.433
29.385
166.938
3.250
0.401
0.345
222.610
299.604
0.343
0.367
1.388
1.614
55.078
114.445
5.359
171.166
0.356
0.342
0.412
0.508
0.447
0.355
348.804
0.374
0.437
44.914
2.703
15.680
324.813
61.327
0.345
1.621
57.290
180.431
113.370
2.434
29.825
9.761
43.317
144.499
2.693
0.396
1.531
0.440
105.822
0.399
90.717
312.538
0.440
0.398
1.411
1.475
385.579
3.463
0.363
0.368
0.406
394.918
0.377
0.440
2.958
0.367
56.478
336.151
0.401
0.416
0.408
133.167
181.554
0.439
1.604
0.385
75.325
236.011
24.145
0.436
0.450
0.390
0.375
0.429
0.398
70.508
69.197
151.118
158.071
0.390
0.458
75.553
350.638
0.421
0.373
2.403
215.349
0.410
101.066
64.517
0.389
375.678
0.486
53.186
0.428
3.869
139.818
191.190
65.341
1.417
25.328
390.310
0.361
1.373
0.392
1.705
366.713
1.942
0.409
0.381
0.356
170.759
13.115
0.360
152.187
1.583
326.222
0.550
24.366
22.783
46.931
426.825
0.374
0.387
0.450
0.379
383.420
3.186
0.479
1.434
0.517
61.581
254.612
75.352
0.350
6.662
301.628
1.415
0.338
0.344
1.164
107.536
30.701
207.867
0.439
0.402
347.593
0.526
0.462
2.326
0.372
286.073
0.424
0.368
0.931
51.852
97.405
215.716
0.404
1.515
0.399
223.160
3.281
0.438
0.420
0.366
139.057
252.448
1.552
0.391
0.347
0.409
0.419
0.401
0.430
1.576
147.056
0.437
230.476
0.407
0.362
200.218
0.364
195.018
0.452
0.404
57.987
2.755
302.184
62.760
0.445
68.853
240.812
0.350
0.360
0.608
45.649
0.434
323.755
0.437
0.363
466.661
0.420
0.445
0.375
0.411
65.509
362.724
0.441
0.384
0.544
174.074
0.418
215.577
2.295
0.438
114.853
139.651
1.469
1.824
135.194
0.442
0.400
0.413
14.782
0.402
12.000
48.708
291.776
1.446
0.422
411.058
0.429
1.411
0.386
0.490
412.793
0.417
0.429
0.428
0.362
60.865
12.453
62.500
0.466
1.979
363.316
0.418
0.378
74.221
0.442
51.374
121.878
242.943
0.364
39.228
50.390
6.143
0.488
0.449
173.794
0.374
194.433
0.367
0.448
1.532
131.126
2.337
0.384
52.182
258.065
339.932
0.379
2.046
1.448
0.380
179.129
72.609
117.539
0.440
0.399
0.353
9.128
0.364
0.404
0.372
326.815
46.251
0.387
61.723
0.363
226.730
95.791
0.410
39.155
0.450
0.446
1.641
1.630
0.430
0.390
318.481
0.450
4.203
0.372
0.398
359.783
0.386
0.362
0.441
1.599
155.909
246.847
0.446
0.534
1.632
331.753
0.359
0.406
0.421
66.398
360.743
0.356
1.973
49.313
0.446
94.636
199.409
1.437
0.414
1.523
0.432
47.019
11.404
2.394
12.563
56.147
28.962
256.079
0.356
0.367
154.191
1.467
0.797
155.235
0.377
278.448
1.728
1.696
0.420
57.205
283.792
15.173
2.399
2.428
0.416
358.233
0.361
4.008
0.399
10.565
48.370
270.585
2.973
0.445
1.492
1.675
0.428
0.436
1.570
0.357
249.286
0.381
0.546
6.357
0.436
101.796
0.395
0.367
0.717
0.361
5.809
287.604
56.877
0.389
0.393
12.688
322.517
1.625
1.517
0.361
94.706
194.968
2.130
68.237
0.362
113.317
143.910
0.377
0.405
0.473
141.089
189.522
1.440
0.573
0.408
151.613
0.718
0.363
160.663
1.449
74.719
153.414
1.616
0.408
0.391
146.257
1.488
0.462
7.423
0.392
113.078
160.753
1.622
0.451
1.682
0.446
0.579
0.415
1.441
116.894
44.122
320.756
0.372
0.448
0.372
0.420
0.417
0.431
8.716
0.402
429.440
0.656
0.373
0.373
0.489
52.470
338.308
0.448
10.925
0.390
418.509
1.945
0.360
0.397
0.432
65.431
347.870
0.364
0.482
0.461
200.367
0.402
0.560
0.402
0.394
339.499
0.371
3.352
0.415
0.413
0.430
0.388
0.441
0.457
42.547
65.724
1.448
285.689
3.231
0.404
438.099
0.397
1.506
0.406
0.420
57.314
149.625
150.293
0.356
0.377
159.571
184.796
0.386
0.361
0.495
1.402
52.002
0.491
0.386
1.525
321.920
95.706
1.578
0.412
0.369
415.863
0.484
0.468
11.917
0.404
127.099
216.394
0.367
0.654
0.425
0.447
0.449
0.573
1.452
0.370
378.868
0.487
0.447
0.407
2.192
134.602
37.292
17.851
0.497
0.467
128.789
0.381
0.398
215.992
0.381
51.428
3.135
0.479
13.292
0.590
203.647
0.390
0.401
93.217
56.053
0.383
0.459
1.649
64.527
1.686
76.564
134.028
0.590
0.518
188.360
41.328
330.798
0.468
0.384
8.603
383.737
3.903
0.482
0.445
33.069
0.408
1.514
0.372
45.887
0.419
57.589
327.242
2.321
0.478
0.423
329.438
0.419
1.611
0.467
45.817
264.147
69.840
46.274
2.230
0.450
211.205
0.436
33.361
0.598
0.467
0.541
175.116
0.439
0.444
1.735
14.243
122.290
0.460
27.371
0.386
0.389
202.786
1.902
18.245
0.494
0.423
0.381
0.671
0.806
0.376
189.425
0.455
134.230
1.683
106.564
406.833
0.450
0.444
1.777
0.412
106.848
14.564
0.424
138.278
10.512
368.056
0.468
78.583
0.520
1.510
308.985
2.286
0.416
0.406
0.455
419.396
0.419
0.458
0.395
0.474
0.418
0.379
0.423
0.647
0.421
31.514
120.591
302.354
0.481
0.388
298.306
119.648
8.194
0.380
0.424
11.699
36.007
26.566
21.910
186.612
0.608
0.424
0.414
1.604
23.933
0.431
1.473
0.695
0.379
86.964
257.415
0.468
0.433
110.253
1.493
40.062
1.983
0.394
0.378
0.438
67.280
0.402
280.687
73.866
0.435
216.087
168.368
2.978
8.481
0.407
54.295
271.965
0.446
0.433
99.285
0.465
0.468
0.583
0.368
4.660
349.189
73.658
10.255
0.454
0.447
130.813
0.442
4.259
297.124
1.429
313.840
86.437
0.410
1.613
0.429
439.754
0.391
0.433
0.420
0.440
