0.038
0.678
0.003
0.003
0.000
0.003
0.910
0.004
0.001
0.002
0.003
1.649
0.004
0.003
0.003
0.002
0.012
0.244
0.003
0.003
0.002
0.003
0.002
0.003
0.001
0.003
0.003
0.234
0.003
0.002
1.196
0.004
0.003
1.704
0.003
0.003
0.003
0.003
0.003
0.003
0.003
0.945
0.005
0.003
0.002
0.004
0.002
0.003
0.003
0.003
0.029
0.004
3.039
0.005
0.003
0.004
0.949
0.004
0.036
0.002
0.010
0.030
0.001
0.003
0.004
4.695
0.013
0.004
0.003
0.003
0.004
0.003
0.003
4.540
0.007
1.323
0.005
0.003
0.005
0.003
0.004
0.003
0.004
0.682
2.307
0.004
0.220
0.004
0.003
0.004
0.260
0.005
1.121
0.005
0.004
2.655
0.006
0.005
3.019
0.006
0.003
0.004
2.837
0.006
6.226
1.877
0.127
0.005
4.425
0.007
11.867
0.006
0.005
0.005
0.005
0.003
0.005
0.005
0.004
0.005
0.004
1.490
0.015
0.004
0.005
0.006
0.005
0.004
0.003
0.004
2.519
0.101
0.006
3.084
0.007
0.005
0.005
0.005
2.294
7.472
0.004
3.334
0.007
2.958
0.007
0.006
0.003
0.005
0.004
4.606
1.788
0.698
0.007
0.004
8.133
0.008
0.005
0.014
0.004
0.004
1.242
0.007
0.005
0.002
4.586
2.322
0.007
1.656
0.330
0.016
1.005
0.007
0.005
2.576
0.006
0.004
4.971
0.008
0.006
0.005
3.570
3.406
0.006
0.005
0.005
0.369
0.007
8.090
0.826
0.007
1.900
0.008
0.004
0.004
0.004
0.004
14.822
6.128
0.006
0.005
0.006
0.004
0.004
3.899
0.007
0.005
1.171
0.007
0.005
0.005
4.467
4.284
1.186
0.007
0.004
0.005
0.005
0.005
0.005
0.005
0.007
0.004
0.004
0.005
0.005
0.005
1.128
0.007
0.005
0.476
0.005
0.459
0.006
0.005
0.004
0.005
1.321
0.008
0.006
0.004
1.870
12.799
0.243
2.122
0.006
0.005
0.005
3.748
0.009
0.039
0.007
0.486
0.015
0.006
2.349
31.211
0.009
0.005
0.015
0.005
0.005
0.005
0.005
0.005
0.005
2.411
0.009
0.020
0.005
0.006
0.973
0.007
2.812
0.007
0.005
0.005
7.808
0.007
0.006
0.005
0.444
0.017
3.467
0.009
0.005
0.019
7.687
2.164
0.011
0.007
14.740
0.494
36.266
0.010
0.007
2.185
0.008
0.007
0.005
0.005
6.872
13.219
0.009
0.005
0.005
0.005
0.005
0.005
0.005
0.006
0.005
0.005
0.994
0.009
0.005
0.007
0.007
0.005
0.004
0.004
0.017
2.445
4.611
0.009
34.950
8.012
0.009
0.006
8.424
0.009
0.007
0.005
0.005
0.005
0.007
0.007
0.006
0.007
14.643
0.007
0.006
4.061
0.120
0.009
0.799
19.375
0.010
0.006
0.006
0.005
64.897
0.014
0.007
0.006
0.368
30.894
0.012
0.009
0.106
0.023
0.009
0.009
0.007
0.009
0.006
0.009
0.008
0.007
0.006
0.141
0.005
12.045
0.012
0.007
0.006
9.418
0.010
0.007
0.005
4.011
0.006
0.006
0.007
0.006
0.005
10.130
11.229
0.009
0.006
0.006
120.830
0.011
0.009
0.007
0.007
0.006
0.008
0.009
0.006
0.005
0.007
2.968
0.010
0.009
0.007
5.665
1.694
0.010
0.005
17.563
0.009
0.007
0.061
0.009
0.007
0.010
0.009
22.904
0.013
0.032
6.019
0.009
0.007
0.006
0.005
0.009
8.451
13.570
0.013
0.010
9.635
16.814
0.010
0.009
0.006
0.008
9.341
0.086
0.011
0.007
40.068
0.013
0.007
0.009
0.009
0.010
6.569
0.184
10.150
0.013
0.009
0.009
0.006
0.006
0.008
0.009
0.007
0.007
30.018
0.015
5.059
0.011
10.308
0.014
10.360
0.009
0.009
0.022
0.008
0.006
22.457
0.022
0.009
0.217
0.011
150.313
0.029
0.012
1.005
3.984
0.011
0.227
0.014
0.009
0.010
8.412
0.017
0.010
12.662
0.016
25.960
23.404
0.018
0.082
0.683
0.017
0.010
0.009
0.006
14.523
0.014
0.013
0.029
0.013
0.030
25.219
0.019
0.011
0.009
6.702
0.011
0.196
21.234
0.015
0.013
11.982
5.904
0.019
0.832
0.484
0.011
0.030
6.001
31.404
0.018
0.014
0.011
8.611
0.017
0.015
0.016
0.013
20.184
29.755
59.941
0.011
0.012
6.118
0.014
0.014
114.175
11.647
0.014
0.009
0.009
42.332
0.016
0.009
0.007
0.008
0.010
0.011
0.006
0.034
0.011
5.434
0.014
0.007
0.008
0.006
0.007
0.008
44.290
0.049
0.010
0.011
51.757
0.730
0.016
0.041
21.601
0.014
0.011
0.012
0.008
11.644
0.024
1.520
15.428
0.018
29.952
22.036
0.014
0.011
1.326
2.291
0.020
0.014
12.902
0.084
0.029
0.014
0.007
0.012
0.009
0.012
0.013
79.773
0.196
0.015
0.857
139.032
1.203
0.687
0.021
0.013
0.011
0.011
0.008
0.008
11.916
9.252
0.014
0.009
0.007
0.009
7.210
0.015
1.260
0.015
0.009
1.502
0.009
0.009
16.203
4.008
0.011
0.007
0.005
0.024
0.011
0.025
0.012
0.009
0.009
3.871
0.014
0.008
0.008
0.008
14.303
0.012
0.008
0.008
0.006
24.893
0.014
0.008
0.009
0.008
40.329
0.013
0.008
0.011
0.008
21.339
0.012
0.008
0.008
0.006
13.129
0.077
1.820
0.014
0.008
0.018
0.584
0.012
0.008
0.008
0.012
0.009
0.010
0.008
0.008
0.008
0.008
3.516
0.009
0.008
0.409
0.014
0.008
0.006
0.006
0.008
14.515
0.015
0.012
0.009
33.432
0.018
0.013
0.008
0.006
0.012
21.178
0.015
0.011
0.011
11.462
3.248
6.455
0.012
0.024
15.945
0.015
0.012
0.009
0.009
2.932
0.015
2.245
0.015
0.268
0.242
0.013
2.931
0.012
0.011
12.799
0.012
0.009
1.549
0.014
16.364
0.167
0.016
0.011
0.034
0.012
0.009
0.008
0.008
0.009
0.011
0.008
0.008
0.009
3.658
24.119
0.986
0.017
0.011
0.009
16.522
0.017
0.651
0.014
0.009
5.470
0.016
0.009
0.028
0.009
16.448
0.018
0.009
0.008
0.031
0.011
0.110
3.653
0.031
0.011
0.009
0.009
0.008
0.027
0.009
6.011
0.017
0.009
1.066
0.017
0.483
0.014
0.009
0.009
0.008
0.009
0.041
0.009
0.794
0.017
0.008
23.055
0.011
0.009
0.009
0.831
0.017
23.954
0.015
0.008
26.865
0.017
0.012
0.027
0.012
0.075
6.394
0.019
0.012
0.040
12.164
7.705
10.374
2.446
0.021
0.011
0.014
0.009
0.009
0.012
16.755
0.018
0.011
0.008
0.399
66.385
0.022
0.012
10.900
0.021
0.014
0.014
0.008
0.013
0.009
49.102
0.015
0.010
0.009
0.011
0.012
0.011
0.014
0.009
0.036
1.139
0.018
0.009
0.007
0.008
1.267
41.028
0.023
0.014
0.013
23.185
0.022
0.501
0.018
1.868
33.947
0.022
0.043
0.012
0.011
0.014
0.044
0.015
0.041
0.015
106.987
2.760
0.024
1.978
0.025
0.017
1.159
0.019
0.015
0.014
25.895
0.022
0.014
0.014
0.012
0.017
0.016
19.598
0.211
0.024
1.155
0.018
3.001
0.040
0.011
0.012
4.565
0.045
0.011
0.008
4.758
46.312
0.042
0.290
0.020
0.011
1.282
0.017
0.037
0.010
32.888
0.025
0.014
7.486
0.015
5.224
0.019
0.012
0.012
0.904
0.011
0.012
0.011
0.012
0.009
0.011
0.011
0.009
0.008
0.012
8.789
0.014
0.012
0.008
3.462
0.012
0.046
0.015
0.011
0.011
0.260
0.041
0.011
0.011
0.008
3.942
0.013
0.055
0.015
0.037
0.011
0.011
0.009
0.010
0.009
3.799
0.018
0.011
0.011
0.011
0.012
0.011
12.768
0.020
0.638
3.590
0.015
0.009
0.010
0.711
0.559
4.882
0.017
0.010
0.009
1.711
0.019
0.011
0.009
0.038
0.168
0.016
0.009
0.011
0.012
0.010
30.353
0.021
0.014
0.012
0.011
3.517
0.015
0.009
0.011
0.471
0.014
0.010
0.011
0.009
0.010
0.038
0.013
0.008
0.008
6.033
0.012
0.011
0.011
0.017
0.451
0.628
0.017
0.043
0.010
1.574
0.174
0.017
0.040
1.108
2.713
0.015
0.012
0.011
0.010
5.161
0.019
0.015
0.613
0.020
0.011
0.012
0.011
0.011
3.819
1.930
0.387
0.019
0.011
0.013
0.015
1.170
0.021
0.030
0.127
0.014
2.974
0.017
0.013
0.041
0.011
0.011
0.014
0.012
0.138
0.012
0.227
0.021
0.013
0.012
0.012
0.013
0.011
1.670
0.017
0.012
0.038
0.011
0.009
1.022
0.460
0.014
0.012
0.014
0.011
5.660
0.014
0.012
0.041
0.473
4.573
0.015
0.011
0.010
0.040
2.362
0.051
0.012
1.096
0.019
0.692
0.021
0.044
0.011
0.011
26.958
0.021
0.014
0.014
0.012
0.019
0.014
0.726
0.021
0.041
1.994
0.189
1.362
0.019
0.014
1.864
0.019
0.013
0.014
2.485
0.033
3.763
0.032
0.015
0.011
2.033
0.019
0.012
0.015
0.012
0.014
2.284
0.173
1.830
0.017
3.758
1.226
0.014
0.012
0.011
0.094
0.015
0.014
0.012
0.033
1.474
0.017
0.014
1.590
0.035
4.508
0.101
0.048
0.012
0.012
0.015
2.689
2.861
0.019
0.012
0.012
0.015
0.015
0.010
0.041
2.015
0.024
0.457
0.017
0.012
4.847
0.012
0.014
0.019
0.013
4.425
0.019
0.011
0.011
0.013
2.489
0.024
0.459
0.049
3.033
0.012
0.012
0.015
0.011
0.011
0.011
0.012
0.014
6.087
0.019
0.176
0.017
0.011
0.012
0.013
1.870
0.022
0.796
0.019
0.011
0.190
27.789
0.287
0.063
2.581
2.538
6.080
0.024
0.091
0.019
2.356
0.019
0.065
0.049
0.043
2.597
0.021
0.285
0.020
0.011
4.607
0.019
0.014
0.012
0.013
0.012
0.011
15.769
0.024
0.016
5.239
0.432
0.171
0.050
0.015
3.087
3.229
0.025
0.015
0.012
3.465
0.021
0.017
0.651
0.017
0.068
0.021
0.012
0.114
3.993
6.754
0.024
0.015
0.065
0.017
6.385
0.022
0.018
0.037
0.015
5.235
0.019
1.314
0.024
0.020
2.572
0.022
2.699
0.024
0.018
0.202
0.017
1.626
0.126
1.803
0.021
1.606
0.065
0.017
0.013
0.057
0.013
2.252
3.920
0.024
6.600
0.222
0.831
0.022
0.014
4.198
0.107
0.020
3.272
0.193
0.017
0.013
0.014
0.014
1.582
3.434
4.084
0.028
0.260
0.062
5.263
0.019
0.014
0.805
0.018
11.874
0.019
0.012
0.052
0.017
3.048
0.017
0.016
0.050
0.014
0.018
0.015
0.017
0.190
0.015
0.015
0.845
0.022
0.018
0.015
4.968
0.062
0.016
0.012
0.021
0.192
0.019
0.014
3.035
0.057
3.366
0.056
3.416
0.401
0.028
0.017
0.053
0.977
0.024
4.297
0.018
23.297
0.027
0.017
0.017
0.044
0.017
1.441
0.028
0.018
0.018
0.054
0.018
0.051
0.015
2.315
1.391
2.385
0.019
0.017
1.502
0.027
0.019
0.017
23.649
0.015
0.019
2.512
0.018
0.014
4.707
0.078
0.200
0.019
1.531
0.049
1.134
0.025
0.019
0.088
3.847
0.020
0.016
0.056
0.017
0.017
0.015
0.015
0.015
0.017
0.017
0.018
3.005
0.024
0.022
8.296
0.256
0.020
0.056
0.018
0.018
7.538
0.834
0.019
0.015
2.510
0.751
0.181
0.027
0.059
0.017
2.887
0.018
0.015
0.017
5.002
0.866
1.941
0.019
0.016
7.100
0.024
0.018
0.310
0.022
0.017
0.018
0.015
0.014
0.374
0.322
0.027
0.017
0.015
0.015
0.019
0.025
0.035
0.030
8.488
0.024
0.022
0.017
0.015
0.016
7.767
0.028
0.021
0.017
0.015
0.019
0.181
0.024
0.110
0.023
0.021
0.016
0.016
0.015
0.100
11.143
0.025
0.018
0.017
0.019
0.017
2.544
5.311
0.022
0.021
8.201
0.024
0.021
0.019
0.015
0.018
0.017
0.015
0.015
0.018
10.055
0.027
0.024
2.870
0.029
0.220
0.023
0.019
0.018
0.043
0.019
0.016
0.017
0.018
0.021
5.060
2.219
0.581
1.846
0.028
0.021
0.064
0.018
0.017
0.016
6.587
0.021
0.019
0.929
3.233
2.318
1.597
0.023
1.631
2.401
0.017
0.017
0.019
0.078
0.021
1.133
0.027
0.018
0.018
0.021
9.613
0.025
0.023
0.047
0.018
19.503
0.028
0.022
0.021
0.508
33.791
9.310
0.024
0.018
0.022
0.017
0.201
0.734
0.024
0.018
4.793
0.027
31.068
0.088
0.019
4.992
3.576
0.025
0.019
0.017
4.764
2.265
0.023
0.017
0.069
9.342
0.023
0.378
0.037
0.017
0.022
0.066
0.017
0.016
0.019
0.021
0.065
0.017
0.019
0.021
5.909
0.027
1.183
0.075
48.473
9.374
0.028
0.024
0.019
0.021
0.074
0.842
0.021
0.016
0.022
8.352
0.024
0.068
0.037
0.018
0.240
0.024
0.016
0.015
0.055
0.021
2.194
0.023
0.023
0.019
5.132
0.033
5.766
1.147
0.030
0.027
0.023
0.019
0.019
0.017
7.272
0.182
0.024
0.023
0.022
0.025
0.021
0.018
0.021
1.039
1.501
1.317
0.028
0.359
1.731
1.549
17.759
5.424
0.117
0.025
14.709
0.030
0.170
0.025
0.024
15.621
0.024
3.558
0.024
0.023
7.714
0.227
0.025
1.123
0.025
0.071
3.405
3.386
0.027
0.022
0.020
0.018
0.070
0.023
0.136
0.027
0.023
4.778
0.032
0.023
8.761
0.030
0.111
0.021
0.016
0.025
0.022
0.037
6.898
0.031
7.281
0.022
3.478
0.088
0.024
0.027
0.022
0.023
0.021
27.682
14.727
3.465
0.080
0.031
0.022
4.816
3.618
1.480
0.832
0.027
0.024
2.162
0.030
6.579
0.024
10.071
0.027
0.078
0.020
0.021
0.022
0.021
0.160
0.183
0.033
14.109
0.027
0.021
0.021
0.019
10.349
0.045
0.024
0.019
5.838
0.024
0.053
0.020
0.073
0.021
2.589
10.740
0.030
0.022
0.019
0.022
5.629
0.329
0.025
0.029
5.756
0.028
0.042
0.022
0.022
5.393
5.659
0.028
0.024
0.077
3.452
0.029
4.136
0.033
0.028
5.646
1.461
1.431
0.026
0.023
0.621
0.049
2.871
0.027
0.025
6.710
0.297
0.029
0.021
0.019
0.019
0.028
0.733
0.028
0.066
0.022
97.648
0.035
0.023
0.025
55.588
0.034
0.023
0.081
0.021
5.598
0.953
0.088
6.695
0.025
0.028
6.727
2.786
0.035
0.024
3.064
0.334
0.444
0.024
0.022
0.024
0.025
7.509
0.037
0.030
0.798
0.030
0.162
0.029
0.022
18.179
0.037
0.031
0.024
0.024
96.891
0.038
5.759
0.062
0.027
19.996
0.222
0.028
0.022
0.023
4.702
0.036
4.612
0.025
0.028
13.743
0.031
1.160
0.034
0.025
27.594
1.270
0.038
0.031
0.024
0.028
3.080
0.028
163.349
0.043
0.025
0.022
0.025
0.030
89.534
61.609
2.861
0.025
0.025
0.088
16.290
0.338
0.029
0.031
0.030
0.030
6.286
0.028
0.030
2.730
0.029
0.028
0.027
0.027
0.289
27.907
0.033
0.024
122.327
0.046
0.028
0.031
0.030
0.030
0.103
23.150
0.031
0.024
0.025
0.023
0.275
1.539
0.042
0.031
0.025
22.326
0.035
0.030
0.031
0.029
0.029
1.058
0.038
0.033
0.024
21.542
0.035
0.075
0.036
0.024
7.316
13.430
0.028
1.363
0.106
28.034
0.037
0.029
0.028
0.030
17.267
0.035
0.025
0.095
0.030
3.841
0.031
0.028
0.025
0.030
0.093
2.708
0.033
0.023
0.024
29.849
0.029
0.338
0.028
0.029
27.869
2.930
1.256
0.035
0.025
0.095
0.094
0.026
0.025
0.022
24.341
0.033
0.030
1.065
0.040
0.028
0.024
0.104
0.027
0.028
24.430
0.033
0.029
1.308
0.027
0.028
0.028
0.571
0.042
0.030
31.291
0.029
0.030
0.335
0.037
1.402
0.037
0.374
1.700
0.036
32.018
0.043
0.029
0.031
0.031
20.412
3.715
0.038
0.034
0.028
0.231
0.030
0.025
0.027
0.029
0.072
0.028
0.028
0.024
0.029
0.033
1.389
0.040
0.034
1.028
0.029
12.336
39.889
0.048
10.143
32.554
0.937
0.069
0.033
0.028
18.951
0.139
0.036
0.035
0.939
0.027
5.092
0.035
0.033
0.154
0.034
0.030
0.030
0.024
6.405
0.034
0.028
0.029
0.100
0.029
25.991
0.419
0.034
0.028
0.100
0.031
0.031
0.025
0.033
0.114
18.200
6.567
0.035
92.440
0.060
9.280
0.037
0.036
0.029
0.029
17.884
1.425
5.654
0.036
0.432
181.160
0.055
0.134
0.040
0.038
20.843
0.321
0.048
0.041
1.032
0.037
0.030
0.033
3.542
5.016
0.036
1.370
0.047
0.037
9.171
19.295
0.048
12.013
0.044
0.035
24.602
1.465
0.033
6.522
0.042
12.787
0.040
11.022
0.405
0.038
6.693
1.622
0.034
0.030
0.027
0.027
0.034
0.028
0.029
0.035
21.263
0.034
0.030
0.029
6.881
28.008
0.043
0.030
0.573
0.031
25.509
0.533
0.037
0.029
0.033
413.746
0.061
0.048
0.043
0.048
29.582
0.044
0.039
0.038
3.015
17.336
7.469
0.108
0.027
0.024
31.201
0.117
0.108
0.031
0.034
0.031
0.027
18.572
2.051
0.148
0.033
4.799
0.036
0.029
0.211
0.030
0.034
0.031
0.035
0.029
0.035
5.487
0.092
0.037
0.949
9.698
0.039
0.035
0.031
0.031
23.189
0.034
0.029
0.027
0.035
0.043
4.084
0.310
1.459
0.028
0.030
0.031
0.108
0.034
0.033
22.508
0.037
1.777
18.141
1.228
16.525
436.140
0.041
0.036
0.029
19.461
9.209
2.238
0.038
0.036
0.032
0.033
0.031
0.106
0.027
71.433
0.038
0.028
0.035
0.228
37.213
0.036
0.036
0.036
0.037
31.618
0.122
0.034
0.032
0.044
0.122
0.031
0.036
1.756
0.039
29.299
0.384
0.039
2.218
0.042
0.029
0.027
1.566
0.038
20.724
38.416
0.066
0.030
0.027
3.746
0.032
24.982
0.048
5.146
0.033
189.293
0.072
0.041
0.036
0.029
181.015
0.062
43.645
0.041
0.037
27.403
0.124
0.030
0.034
2.573
17.840
4.251
6.979
0.088
0.036
412.007
0.060
0.055
0.046
0.051
0.038
35.782
0.043
0.035
0.039
25.703
0.047
0.037
0.038
0.038
3.126
0.117
0.112
0.038
0.034
0.036
0.114
0.111
0.044
0.027
42.401
3.812
0.056
0.040
4.236
19.403
16.637
0.045
0.037
0.041
119.035
6.598
0.046
0.037
0.233
0.121
0.228
0.034
0.034
0.035
0.032
0.031
0.278
0.098
0.035
0.034
0.031
3.191
0.041
6.814
0.032
0.038
0.396
0.043
0.119
24.322
0.049
0.314
8.935
0.954
24.269
3.524
0.051
0.049
496.362
10.031
0.135
0.034
52.390
0.061
22.320
2.592
0.037
0.235
7.395
0.031
0.029
0.029
0.028
0.046
0.037
128.080
0.050
0.045
6.418
0.038
0.033
0.029
0.035
0.038
24.170
2.127
0.042
0.040
0.036
33.911
1.476
0.048
0.034
112.336
0.041
0.031
0.031
0.031
49.601
24.204
5.580
1.560
0.033
0.034
23.502
5.231
13.257
0.043
0.042
44.975
0.053
0.133
0.043
0.037
36.151
0.034
0.031
0.037
0.036
28.377
0.143
0.043
0.036
0.043
0.120
0.034
0.031
0.038
0.120
0.076
0.039
89.986
1.932
0.119
41.932
405.300
0.124
0.046
0.055
0.041
0.038
0.034
0.036
0.047
0.039
21.775
10.798
0.048
0.042
0.124
0.035
0.037
0.030
0.028
0.123
0.035
0.032
0.664
4.250
36.724
0.036
0.041
0.126
0.037
37.581
0.046
0.034
0.031
0.030
0.036
0.038
0.065
3.646
0.053
0.036
0.039
0.042
0.034
0.034
26.782
12.249
55.199
0.090
0.067
24.282
1.031
0.049
0.046
0.409
0.122
1.905
2.282
0.046
2.865
26.697
0.042
0.035
0.031
0.036
30.193
0.041
0.037
0.037
6.084
64.361
44.592
0.095
1.014
0.047
90.957
6.331
0.058
0.049
33.034
25.675
7.851
2.837
0.034
1.247
0.036
86.023
0.036
0.038
0.153
29.969
0.336
1.047
4.904
0.043
22.855
1.145
0.155
5.460
0.048
21.835
0.677
1.522
0.405
5.298
22.750
0.049
0.045
0.036
0.573
0.035
0.048
0.158
5.868
4.835
21.091
0.046
14.455
0.050
0.049
26.197
0.052
0.037
0.037
4.740
0.035
0.669
0.043
0.038
0.088
0.041
22.210
0.043
0.045
0.034
17.187
0.046
0.045
0.034
0.041
0.129
0.034
4.693
0.053
0.043
22.388
0.287
9.827
0.036
0.040
38.153
0.050
0.038
0.036
0.038
0.038
0.041
0.145
0.034
0.031
22.585
0.907
0.056
0.039
0.040
14.904
0.054
0.041
62.548
49.382
94.810
0.072
0.040
0.034
0.148
24.007
13.738
0.051
0.046
0.040
0.034
0.330
0.044
0.041
0.033
34.574
0.061
1.455
0.049
0.037
0.145
0.036
0.037
0.036
0.131
24.556
6.309
0.055
0.041
0.036
29.609
0.039
0.046
0.138
0.087
0.034
0.244
0.041
0.033
0.036
31.953
5.320
0.051
0.041
696.977
0.048
34.393
0.050
0.056
2.297
29.489
0.048
0.043
0.053
2.146
0.387
0.048
0.284
0.041
0.046
0.039
0.041
0.043
0.139
0.039
0.043
0.036
0.940
0.052
0.041
0.041
0.069
0.040
0.034
0.037
33.923
0.124
0.041
0.542
0.050
98.678
0.439
3.687
0.043
0.149
0.041
0.046
0.037
0.040
0.036
28.478
2.819
0.038
0.045
44.091
26.717
0.049
1.386
0.041
0.039
0.047
0.053
0.779
0.049
0.042
0.044
0.044
2.531
0.146
0.046
30.731
541.208
0.057
1.719
0.043
0.053
0.038
26.542
5.600
0.046
0.037
27.034
0.049
6.992
0.243
0.046
0.038
0.038
0.040
0.398
0.402
0.124
0.041
0.038
0.047
23.019
2.681
0.425
9.193
0.060
8.995
0.042
0.043
0.043
0.043
20.897
0.050
0.055
4.897
18.861
0.041
0.036
0.038
0.169
0.038
41.025
0.050
0.049
0.047
0.043
0.142
0.045
0.063
0.580
0.051
15.398
10.010
0.815
51.198
0.257
86.093
0.855
2.151
4.890
6.274
2.768
0.155
0.037
0.041
0.044
0.042
30.161
2.348
0.057
0.051
20.268
0.050
0.323
0.052
0.046
147.016
0.084
0.057
0.046
0.048
0.767
68.351
24.026
0.093
0.062
0.049
0.041
39.170
1.706
9.758
51.587
0.060
0.171
0.051
0.050
28.005
0.060
0.052
0.048
0.058
0.038
13.393
8.484
0.053
0.050
25.494
13.768
0.105
0.055
0.041
24.592
1.541
3.857
0.093
0.057
0.050
0.040
13.034
0.049
2.777
0.157
0.041
0.043
0.044
0.042
160.634
0.050
0.063
0.055
0.050
42.447
0.055
0.155
0.048
0.046
0.151
0.042
0.040
0.083
532.632
66.403
222.727
0.057
0.171
0.048
695.896
4.989
0.058
14.031
0.058
0.044
0.041
0.046
0.043
0.040
37.428
0.060
9.393
0.044
180.156
38.518
0.048
0.044
0.046
0.044
0.040
30.569
0.448
8.160
8.535
0.051
40.593
0.179
0.075
0.043
0.048
0.050
0.050
0.038
0.724
0.046
0.046
0.044
0.040
7.533
38.340
11.266
0.054
0.040
0.038
0.042
0.152
3.386
0.058
0.044
0.040
0.043
0.418
0.055
0.046
0.045
0.138
0.043
0.050
0.047
0.039
54.809
0.053
0.047
0.041
29.864
7.921
0.055
15.863
0.046
145.572
0.168
0.474
0.044
0.050
36.938
9.433
0.054
0.161
0.040
45.626
10.464
0.050
623.814
0.158
29.824
13.554
1.097
0.050
12.254
0.040
0.051
384.006
7.281
0.069
163.093
0.078
0.075
0.061
11.239
0.046
352.126
0.158
0.224
0.054
66.267
473.417
0.181
0.088
0.062
0.050
0.042
0.052
0.160
0.053
0.046
0.047
0.041
2.695
0.062
73.755
0.055
0.067
106.686
0.061
2.535
0.055
0.043
0.160
0.048
42.986
0.079
0.123
11.055
0.081
7.343
320.679
0.188
0.074
0.096
2.598
0.046
0.050
0.196
0.048
0.161
0.765
6.702
0.049
0.050
0.051
0.054
9.082
0.057
0.048
146.481
0.065
0.227
0.068
6.770
41.079
1.776
0.561
9.994
0.054
0.044
0.053
0.043
0.050
6.164
0.055
0.044
0.042
0.045
0.048
0.162
0.045
0.039
0.510
0.171
3.721
56.617
0.057
107.894
0.198
0.116
0.043
0.038
0.050
0.046
35.219
3.979
4.886
1.496
0.056
65.463
0.067
0.214
0.060
0.157
0.047
0.047
0.043
1.762
0.050
50.379
0.704
7.631
180.756
0.210
0.044
27.036
11.905
12.234
0.058
31.761
0.058
0.527
4.454
18.250
57.894
0.055
0.105
0.060
0.053
125.981
2.986
0.079
7.319
0.078
54.906
0.174
0.049
1.592
0.046
49.345
0.514
5.691
0.055
0.057
47.823
0.065
0.047
0.054
0.057
49.795
0.175
0.055
0.046
0.046
0.058
0.051
0.054
0.054
0.041
45.664
0.054
0.044
0.057
1.433
36.180
0.069
0.072
0.881
21.475
32.454
0.067
0.062
10.499
0.065
0.176
0.051
0.044
915.229
0.187
140.762
4.506
16.740
0.051
7.954
60.741
0.056
0.054
0.054
0.741
105.860
8.329
0.069
0.065
0.064
0.100
71.829
10.300
139.344
0.196
71.988
206.073
0.093
0.071
0.064
54.713
0.057
0.054
0.171
0.089
26.269
22.197
0.052
0.050
0.055
0.050
10.411
0.063
0.062
10.722
36.032
0.076
8.625
0.055
0.044
5.446
74.902
42.594
0.190
0.072
3.682
0.054
0.047
0.052
218.461
0.050
0.055
75.728
0.200
0.089
62.266
1.498
0.064
0.050
0.051
121.052
73.151
20.383
5.561
0.065
52.279
13.769
2.088
0.059
0.051
58.883
0.048
0.050
0.101
0.864
57.134
199.785
0.506
0.053
0.211
46.695
0.065
2.580
146.436
0.196
0.060
0.044
180.370
0.148
0.084
0.046
0.046
0.047
0.048
6.810
0.062
0.052
0.053
0.057
0.047
43.497
7.663
4.292
0.203
0.050
41.220
4.330
15.329
0.060
1.289
0.060
0.065
0.060
0.060
0.067
235.104
166.652
1.782
1.448
14.224
0.057
207.749
0.416
0.074
0.069
52.050
0.054
2.069
0.057
0.059
0.055
0.045
10.492
0.053
0.047
0.053
0.047
0.047
12.816
0.096
47.831
0.072
0.525
0.192
0.058
44.670
0.065
0.185
0.178
0.046
0.052
0.058
0.055
2.510
0.054
43.037
0.063
0.058
0.064
12.923
55.475
0.058
324.746
0.109
0.074
0.061
0.060
0.060
0.047
0.055
163.569
14.548
0.095
0.069
0.072
34.282
9.537
3.745
0.061
0.050
58.305
0.062
0.054
0.046
0.059
69.712
0.060
0.053
0.049
0.044
87.120
0.082
0.063
0.089
0.081
48.868
182.999
72.835
0.068
0.059
45.527
0.086
10.670
9.859
8.146
0.092
73.263
0.066
0.064
0.052
0.057
0.047
0.466
0.055
0.047
52.027
14.355
0.062
0.149
0.210
75.720
2.117
513.709
0.096
0.103
80.648
0.222
0.048
0.048
0.061
202.210
0.071
0.683
0.065
0.051
178.684
0.087
0.082
0.082
0.060
31.073
0.091
23.455
15.224
0.067
136.358
0.214
953.332
0.196
21.907
105.795
0.082
0.060
0.076
0.071
0.129
0.055
0.050
0.048
0.050
0.047
79.172
0.060
0.057
0.062
0.051
77.509
0.863
0.064
0.061
385.082
0.085
0.060
0.071
2203.897
69.905
17.167
280.477
0.234
0.085
0.096
0.058
0.052
38.887
0.131
95.705
1.446
0.203
0.051
207.284
116.849
0.269
0.072
0.076
11.103
0.062
5.215
2.604
0.642
0.064
55.745
0.092
1553.466
0.150
0.302
66.225
0.080
0.262
8.004
0.510
18.181
0.064
0.065
0.525
0.070
69.142
432.654
0.219
0.082
0.071
0.055
0.055
0.057
2.979
0.063
0.058
7.445
1.134
0.052
0.055
57.084
0.088
439.455
1.425
0.282
15.051
12.095
725.157
0.231
0.092
97.645
0.071
0.078
0.078
8.168
45.230
0.282
0.086
0.087
0.260
1741.431
0.137
0.109
0.282
0.070
59.436
14.013
0.061
0.057
7.758
0.057
0.062
0.057
0.057
0.192
0.054
0.060
931.691
0.198
0.507
91.266
0.216
0.197
0.071
0.059
0.060
0.195
0.057
0.057
0.187
79.712
21.666
0.063
0.062
0.057
489.395
0.228
0.081
3.918
0.093
0.054
0.054
0.065
0.049
0.056
0.064
0.060
0.058
0.058
0.065
257.805
0.229
0.065
2.418
47.941
10.836
0.058
97.682
0.062
0.612
61.593
310.021
0.313
0.094
0.082
62.778
0.065
0.208
0.204
0.597
116.440
0.066
5.950
0.072
0.060
81.800
3.802
0.071
3.639
7.119
85.331
3.476
0.058
0.065
1.945
96.310
4.369
0.079
0.060
634.659
72.913
16.074
0.069
0.071
11.998
2.322
0.075
0.206
0.060
2.582
0.739
0.223
0.678
0.084
0.208
82.828
0.076
0.062
0.061
1.557
66.739
24.226
0.068
1705.007
0.120
102.178
20.596
0.073
143.423
0.214
0.059
0.060
0.051
13.227
0.063
0.062
1.699
0.284
0.064
0.069
215.261
0.098
0.079
0.072
18.210
134.464
0.101
2.700
0.186
9.829
102.255
0.057
0.051
0.059
0.068
0.053
0.062
0.054
0.062
0.058
126.992
0.186
584.914
173.735
9.469
74.026
0.151
2346.394
0.231
0.094
299.777
182.430
0.087
9.194
2.429
91.489
9.552
0.072
6.884
0.073
102.431
2.424
0.064
4.765
0.230
61.326
24.835
0.086
0.273
6.729
53.795
3.509
43.321
0.085
0.082
0.062
0.067
0.873
0.065
0.071
0.734
0.068
0.219
0.063
0.059
0.214
0.057
0.053
0.216
0.060
90.061
17.132
0.081
0.283
0.086
81.434
0.085
70.582
0.231
0.087
46.499
0.092
6.917
0.093
6.525
57.404
12.212
10.785
44.521
0.087
114.016
0.074
0.077
3.387
0.237
12.960
258.504
0.099
0.296
0.089
220.847
991.710
0.178
0.100
0.092
140.580
1.152
0.093
0.071
0.071
198.319
114.866
35.468
0.214
0.134
44.308
0.080
136.422
0.216
0.114
44.534
0.251
81.934
179.999
62.123
57.203
36.471
0.110
41.189
0.080
0.057
0.065
0.060
77.737
64.332
0.074
0.072
0.066
0.066
0.065
106.221
0.076
0.065
1184.742
0.120
45.701
220.751
0.235
0.092
5.884
0.065
0.052
0.054
0.214
0.060
164.796
0.240
0.081
0.110
0.092
122.508
10.458
3.536
0.085
0.076
86.884
0.067
0.066
12.745
8.657
88.125
0.091
6.600
0.075
17.512
127.612
0.085
0.279
0.076
0.080
7.024
0.069
0.057
134.003
0.184
68.461
0.278
37.860
0.154
0.181
92.011
0.075
4.765
0.062
0.063
4.599
0.065
0.075
0.069
0.057
93.409
6.200
0.072
1.886
0.065
105.354
0.065
1.108
0.057
0.060
0.066
0.220
0.070
0.060
0.053
206.258
11.587
0.087
0.085
0.088
0.064
0.072
0.065
0.060
82.493
76.741
5.687
21.885
0.068
0.974
54.345
8.340
40.667
13.564
0.110
973.604
0.247
0.118
0.102
0.091
0.067
0.069
0.221
0.062
0.217
103.667
5.666
0.068
0.167
0.074
37.292
233.630
119.096
0.232
0.083
66.803
32.728
0.065
4.990
4.261
0.068
6.590
0.764
0.079
0.068
73.344
0.075
0.071
0.073
0.060
0.073
13.290
19.381
3.850
0.079
5.891
0.085
0.064
1.164
0.069
0.082
119.535
0.102
0.077
0.065
69.705
6.102
33.575
0.079
90.064
0.062
0.074
0.077
0.057
2.488
85.660
24.587
0.076
1522.325
0.089
88.944
0.518
22.614
0.085
8.438
70.471
11.969
0.085
0.074
8.584
28.023
0.091
0.096
0.082
257.565
68.640
2.972
0.094
0.094
1.691
0.121
44.730
0.088
0.073
6.240
0.234
0.071
0.074
0.075
0.063
0.063
0.110
0.071
0.074
0.075
0.064
0.060
0.068
4.152
775.433
296.210
0.091
0.105
17.010
0.337
74.893
3.647
0.096
26.456
0.091
266.891
0.091
0.085
0.097
0.089
152.883
11.742
0.131
0.100
0.096
0.068
0.059
0.061
0.057
0.075
161.228
0.097
20.746
656.450
0.274
114.190
16.442
0.092
0.074
0.074
0.060
169.416
362.483
0.264
0.111
2.543
0.096
0.263
0.079
0.065
140.756
2.253
0.072
0.063
0.061
89.887
0.107
40.145
0.064
4.228
142.284
0.085
0.079
0.061
0.057
1.459
0.086
0.077
5.810
0.085
68.861
0.102
86.203
0.115
0.077
0.062
8.089
0.084
0.089
17.639
319.125
0.095
0.105
0.098
0.083
183.286
5.344
0.110
18.060
10.833
0.642
0.068
0.064
0.080
0.078
0.069
0.061
0.065
0.072
8.549
169.669
0.074
0.276
0.248
0.075
172.370
0.251
0.066
0.074
0.070
135.267
12.872
221.121
0.265
0.089
0.074
0.061
0.068
0.079
0.111
25.724
94.066
0.107
0.090
843.894
82.262
2.677
0.102
79.006
17.862
9.188
0.250
0.062
0.068
0.067
172.934
0.091
0.074
0.546
0.074
148.866
0.068
0.080
0.068
0.842
0.064
37.364
0.100
0.499
0.079
103.079
0.109
24.423
0.311
58.757
202.523
0.100
0.085
0.214
0.096
179.756
244.042
0.266
0.091
0.092
176.206
0.139
0.070
0.078
3.831
47.151
0.229
218.649
0.085
0.316
80.690
16.561
0.107
79.280
1.419
183.517
0.329
20.209
0.333
0.091
91.461
0.113
1431.558
0.286
0.096
0.070
0.075
0.265
0.076
921.722
150.271
0.067
0.069
0.064
0.070
78.201
183.890
0.088
0.081
0.074
0.062
0.060
0.062
750.398
0.229
163.257
0.091
0.074
0.071
0.091
0.062
0.247
0.070
14.381
0.108
0.078
12.327
0.088
0.082
0.073
54.283
0.093
0.133
33.311
4.672
217.133
12.122
24.530
26.515
0.102
137.527
0.147
45.984
1448.454
0.293
0.072
126.602
15.783
0.308
0.096
276.280
0.102
0.091
1264.190
0.104
1727.529
0.280
0.110
0.105
0.556
255.958
0.109
0.097
0.098
0.095
0.074
0.086
0.081
30.541
1.593
108.474
2.347
6.802
0.086
0.069
0.062
0.077
0.116
47.293
0.256
124.644
0.082
0.085
0.079
0.078
0.064
7.028
0.080
0.082
0.061
38.171
74.619
0.090
43.127
0.088
64.111
22.617
1.036
447.452
0.082
120.972
0.079
0.087
0.069
17.286
146.243
0.087
0.085
16.721
0.081
136.100
0.078
0.078
0.069
0.063
76.349
1175.086
0.191
0.106
0.134
0.065
0.078
0.082
0.076
0.082
237.099
278.138
0.091
167.710
0.079
81.725
10.339
3.945
53.392
14.575
51.930
72.381
0.079
0.082
0.259
90.873
0.078
0.081
0.191
3.581
0.081
0.081
0.070
7.966
0.085
129.106
0.096
150.828
0.262
0.110
281.434
0.094
0.098
0.088
0.096
144.273
0.075
8.714
0.091
0.088
0.073
0.276
0.081
0.077
0.074
0.068
0.079
0.090
294.813
0.243
121.173
0.806
0.096
0.076
0.075
0.070
0.065
0.074
0.067
0.070
8.351
0.091
208.102
0.264
0.104
113.650
81.148
53.393
0.091
0.269
0.079
0.067
0.254
0.069
0.120
0.074
0.084
20.517
0.080
0.094
0.083
1.276
0.083
18.486
77.952
87.181
0.079
0.515
0.095
0.074
0.069
79.256
0.113
7.279
319.002
130.486
0.095
0.079
0.075
0.096
0.077
0.076
8.788
0.264
0.066
67.536
0.102
42.300
0.098
0.112
3847.616
0.111
0.102
0.110
0.105
66.208
0.122
46.569
0.340
0.086
0.074
0.087
0.084
37.405
256.092
0.083
0.087
3.822
0.086
0.075
274.359
0.074
0.075
4.532
44.794
125.034
1075.238
0.209
0.100
0.096
277.221
0.383
2.458
0.108
0.096
90.801
6.288
0.093
0.066
0.088
306.168
0.102
0.093
16.568
0.147
63.276
0.107
8.117
0.122
2583.000
163.905
0.103
0.084
0.099
0.096
0.102
0.065
0.066
4.284
0.078
0.074
0.068
0.257
0.076
0.069
0.122
9.397
0.070
0.081
0.067
71.550
0.653
43.995
0.092
195.254
157.672
0.121
1281.000
0.395
0.117
0.265
0.263
0.075
0.074
0.093
99.459
3.400
6.463
0.277
0.071
166.934
3.113
2.474
0.084
0.091
140.067
0.108
4052.867
0.122
0.110
78.064
0.120
0.108
62.951
0.102
62.264
34.470
0.175
0.101
26.695
119.839
0.076
0.076
0.080
0.085
546.191
275.821
0.114
0.107
0.101
57.383
0.113
2.212
25.959
2.989
0.071
0.079
1.096
0.073
0.076
0.067
0.066
0.344
0.079
0.070
22.937
0.073
0.068
0.277
0.073
125.651
8.998
0.099
0.107
7.443
72.908
0.085
0.091
0.066
1.038
6.286
2419.406
0.391
0.102
101.910
0.084
79.882
62.647
5.562
0.082
1858.030
0.592
20.514
0.219
0.147
428.440
25.851
1715.045
0.312
0.119
4.156
141.245
728.288
0.291
0.076
173.418
96.753
0.297
0.397
46.059
51.148
232.847
136.053
0.101
0.083
61.106
64.054
0.085
0.091
2925.641
96.317
0.164
0.094
30.175
78.570
85.853
0.103
0.084
120.780
404.583
0.078
2047.174
0.372
0.125
0.107
0.091
3.883
61.343
0.091
0.075
240.224
0.118
2.409
3214.269
0.256
357.466
241.704
0.096
0.097
0.083
57.547
55.131
8.078
0.110
0.087
148.477
0.119
0.124
0.107
0.148
5.582
0.079
1.871
0.085
0.088
1.173
2.775
1.751
0.291
0.079
70.074
0.109
17.162
52.121
0.122
4331.510
0.270
0.121
0.121
0.147
105.244
18.007
16.583
0.106
0.096
0.090
71.769
0.282
55.660
4.794
1.737
4.828
2.709
0.284
0.082
14.897
5.762
5.122
1.865
0.111
168.755
0.123
11.700
3.135
295.737
0.096
0.078
14.785
0.099
0.293
80.286
0.096
5.670
0.287
199.287
70.187
0.125
0.089
0.109
0.124
0.149
6.477
0.090
10.869
0.093
83.890
0.087
0.089
12.126
0.088
0.086
0.090
0.080
0.079
33.470
308.876
9.449
0.094
0.081
0.086
0.071
11.190
0.085
0.081
0.292
105.235
9.764
0.089
25.553
12.339
78.725
18.687
24.917
0.105
1.497
56.467
10.610
0.083
7.688
38.759
103.616
0.085
5.298
29.978
26.487
191.122
0.131
0.110
0.086
0.101
72.170
43.414
0.303
0.082
0.286
203.373
16.917
0.082
1.137
2884.414
125.270
4.372
11.897
10.017
0.094
124.607
0.091
29.792
0.081
0.096
104.789
0.091
0.097
34.742
0.274
0.076
0.072
44.863
0.083
0.295
81.424
38.622
431.026
0.634
0.100
0.150
58.920
0.333
0.202
0.122
21.104
8.368
0.305
0.091
0.293
107.276
0.086
4.972
16.260
2.657
118.377
7.137
11.674
0.130
0.096
182.315
5.091
0.080
0.079
0.092
70.817
23.819
70.524
6.370
0.089
0.079
8.540
0.093
0.079
0.096
61.994
112.956
63.037
7.444
7.469
0.092
0.078
0.090
315.324
2556.218
10.051
0.358
0.079
0.085
0.079
154.035
0.115
9.168
0.096
9.488
74.169
78.377
3113.310
0.317
0.113
126.194
18.422
0.111
17.449
303.393
0.080
46.834
87.247
0.290
0.140
0.086
177.863
0.130
0.119
0.102
0.097
0.075
4.802
0.094
0.237
108.132
15.547
0.082
18.638
13.488
93.514
2006.408
0.260
0.117
0.150
137.321
42.804
51.847
0.130
0.115
115.586
0.093
43.594
0.090
0.087
337.054
0.123
0.113
0.118
0.111
183.626
0.257
0.110
0.098
11.645
156.137
2.925
1.972
0.099
0.140
172.318
753.333
0.255
0.104
0.125
131.044
0.144
0.569
35.215
17.728
198.583
0.112
10.267
0.324
0.104
125.809
22.091
0.119
24.263
0.107
113.146
0.091
0.109
13.253
0.156
33.880
0.081
0.100
1.415
0.304
103.599
0.100
0.255
37.877
0.293
0.098
10.605
0.131
33.855
41.395
166.972
0.089
0.083
0.081
0.102
255.542
0.143
98.246
0.136
0.111
0.088
0.085
47.270
174.583
0.321
0.099
0.073
0.088
0.293
0.077
0.078
0.079
13.198
0.080
0.088
2.272
0.100
0.105
30.856
0.113
4.283
0.089
0.084
0.094
0.092
186.292
0.103
0.085
0.077
7.382
160.788
25.186
0.093
0.104
0.101
77.371
342.262
0.170
0.128
0.155
143.224
1.048
0.090
0.081
5.685
0.094
0.097
2248.258
0.654
52.324
181.141
1343.683
0.348
0.142
0.113
183.658
0.101
0.109
0.094
0.309
163.255
23.198
0.100
0.242
0.096
192.278
0.118
323.062
0.306
0.125
184.232
0.141
0.106
0.093
0.218
134.672
12.271
0.112
0.101
52.444
2631.888
0.277
0.145
0.120
30.384
332.292
0.108
0.168
17.763
0.119
214.803
0.175
1.545
0.095
0.090
164.571
29.647
0.280
0.113
0.159
0.354
0.098
0.307
939.026
0.356
460.274
0.102
3.006
0.097
0.114
0.131
0.100
0.077
0.102
0.429
160.729
0.089
0.102
0.084
0.435
162.684
0.153
1518.942
0.681
0.417
110.201
106.869
0.126
231.796
0.368
423.429
0.132
0.430
2.459
1.218
7.309
7.558
0.101
0.102
0.099
10.644
153.841
103.740
0.127
0.141
199.801
0.132
8.077
0.099
0.379
528.834
32.437
81.153
0.144
0.174
491.027
0.135
0.197
0.115
0.133
167.349
4.378
0.094
3337.627
0.310
179.184
0.129
114.965
0.113
0.342
0.091
0.098
0.126
0.102
0.095
44.435
0.124
0.111
0.124
0.125
722.656
3765.869
2.276
0.124
1005.436
0.327
0.085
0.102
0.089
0.092
0.096
0.088
0.107
0.108
0.080
22.012
690.236
1281.709
0.635
0.125
365.530
0.165
0.137
0.127
0.448
515.292
31.674
0.115
0.093
0.084
155.496
61.671
0.123
19.382
0.103
9.560
224.972
0.141
0.179
0.462
1157.427
440.427
0.107
6.961
0.097
280.509
437.655
0.297
0.154
0.152
164.142
0.129
53.076
64.692
0.287
0.090
53.052
0.137
15.817
0.349
113.699
2754.808
0.367
0.135
0.124
0.087
0.332
0.081
0.385
0.087
185.314
64.818
21.389
18.542
4.773
1632.048
0.365
4341.378
0.137
0.149
176.531
7.197
165.473
0.106
0.091
8.001
0.106
0.105
0.084
0.103
150.880
0.286
28.859
220.023
0.123
85.849
66.204
6.677
0.095
44.196
267.746
0.097
0.097
0.083
32.099
302.354
0.102
368.053
0.291
0.118
2492.015
0.679
0.255
0.135
0.138
2659.707
0.312
28.909
0.576
0.124
305.560
0.133
0.113
0.123
0.128
0.089
0.124
732.631
0.135
117.457
0.085
6.356
0.097
0.105
0.094
327.990
57.182
4.815
0.342
0.107
861.590
0.143
146.029
0.330
73.015
285.472
25.238
0.117
0.103
0.106
174.666
106.731
0.415
11.854
38.028
179.325
47.066
0.111
0.125
56.588
239.303
3608.009
0.330
101.282
0.142
603.968
0.454
16.929
0.159
0.128
174.543
0.107
433.493
244.196
0.298
583.798
32.029
0.097
0.102
0.107
152.018
120.594
0.102
0.099
17.983
220.679
110.980
0.147
2.618
0.094
185.940
122.257
68.939
0.124
0.115
59.709
90.218
0.132
0.139
428.605
57.424
0.110
345.350
0.732
0.123
195.649
14.880
60.013
0.138
0.128
180.926
6.099
0.365
0.100
2.451
79.943
3.782
41.489
0.227
2213.446
0.153
0.125
11.852
0.120
0.101
329.405
0.235
0.412
0.129
0.132
222.691
18.530
0.124
1.423
0.120
191.271
69.234
21.193
0.262
0.134
21.790
0.102
0.104
0.113
17.881
110.489
0.384
0.148
49.296
0.613
0.108
0.152
0.095
0.102
0.089
0.087
0.110
50.387
0.121
0.103
176.922
0.240
6.709
0.098
0.101
0.106
189.211
0.528
4.496
97.916
0.110
0.094
0.091
0.095
54.942
0.098
0.091
0.343
0.080
0.091
1.964
0.093
0.356
0.107
0.111
242.678
0.153
0.131
16.142
0.338
200.233
0.525
8.754
64.475
0.362
518.269
25.884
0.141
0.148
0.176
7.594
0.105
0.116
2773.414
0.374
486.108
311.473
0.387
0.191
111.503
283.519
0.123
2.929
0.110
0.087
343.329
15.668
73.177
0.116
1955.330
4.030
3.021
0.182
0.117
0.107
280.853
0.111
0.111
0.102
0.115
247.470
60.064
0.117
0.102
0.144
0.102
0.093
0.115
0.118
3376.272
59.878
241.908
19.997
0.118
0.129
32.593
0.136
0.145
0.118
0.147
0.095
0.099
0.111
0.095
15.620
214.147
0.141
0.130
35.864
0.131
0.096
57.641
12.605
0.119
0.105
168.258
145.847
0.127
0.121
0.424
38.221
341.857
0.144
0.143
110.911
194.840
0.129
124.862
255.266
0.313
184.083
61.399
0.130
224.534
0.176
340.207
18.879
2355.935
0.329
0.521
625.835
0.164
0.150
0.147
0.136
0.121
3.086
175.190
0.287
718.787
218.068
0.099
0.097
93.998
0.380
176.969
0.399
0.091
0.171
3.773
187.876
0.128
0.132
0.105
71.859
0.098
279.850
0.136
0.208
0.124
0.113
0.119
0.113
1.466
12.754
443.363
0.140
0.127
0.134
26.998
187.617
32.685
38.322
0.430
0.095
0.111
0.097
0.089
0.095
0.360
169.343
108.239
0.242
0.135
0.145
594.975
0.230
0.160
0.125
0.472
0.089
0.104
15.443
0.153
0.162
6651.998
0.365
0.134
0.157
31.404
857.451
0.143
0.129
0.158
0.123
166.410
300.753
0.168
0.153
0.134
107.247
13.959
0.123
0.128
25.412
349.509
3.758
0.089
0.101
1256.818
252.103
432.908
0.118
0.120
18.330
324.890
0.099
7.305
0.107
0.108
935.337
0.173
28.264
345.413
0.373
310.700
0.223
1.077
0.166
8.016
0.370
0.096
0.100
0.109
0.101
0.092
0.095
0.092
0.095
175.664
2.349
0.376
1.746
0.101
0.098
0.114
4.357
4.751
0.097
0.108
538.402
0.169
3050.118
0.398
0.126
337.294
0.124
163.616
82.894
0.131
184.399
0.142
0.161
146.607
0.115
207.824
94.932
24.136
0.132
7.499
0.387
0.100
1.577
0.111
0.368
2545.819
210.919
0.485
84.206
0.174
0.109
207.037
0.175
11.148
0.157
15.926
0.107
24.101
10.425
0.375
1922.831
636.885
29.973
0.136
0.138
713.547
2509.178
806.848
0.701
0.151
525.883
0.157
0.140
41.115
0.195
221.355
72.835
0.139
428.780
0.366
193.186
137.844
0.141
0.118
0.463
160.783
2963.838
42.734
0.203
0.169
207.392
288.111
138.830
9.209
0.490
3.547
0.096
80.992
227.484
0.409
1264.950
21.567
614.366
0.136
0.128
0.116
4003.889
0.420
0.136
0.135
706.514
0.349
11.099
0.144
10.443
240.791
0.113
0.554
94.510
0.163
216.499
26.083
0.116
32.173
0.675
3.282
0.136
0.107
0.113
63.950
25.089
0.129
3485.543
0.378
0.182
263.345
0.152
103.909
132.456
0.194
222.334
0.146
107.034
0.149
33.097
178.154
139.188
0.149
0.113
0.113
353.022
0.115
148.511
0.370
0.589
0.133
0.121
0.394
0.109
0.167
359.781
0.128
0.128
0.136
7.796
346.375
0.147
0.132
0.155
0.444
29.119
411.114
0.158
0.149
0.504
0.121
0.113
7.056
0.422
0.103
219.287
0.137
13.122
1.850
0.132
0.106
0.128
0.114
16.274
0.105
1103.999
0.285
0.134
0.155
0.181
0.125
0.109
0.109
0.106
0.104
353.755
0.119
0.119
0.120
0.419
0.129
18.117
25.389
0.361
38.336
194.096
0.128
55.044
94.516
0.169
93.323
211.803
0.119
0.113
39.835
199.691
6.563
41.114
0.143
1060.465
336.720
0.136
10.052
23.620
0.503
239.149
3969.226
0.721
0.142
0.154
301.335
10.294
0.135
0.142
0.116
0.118
10.059
0.113
0.098
297.468
25.063
0.131
0.119
4.221
0.132
2.272
245.192
0.410
0.143
0.179
325.850
0.122
0.107
0.117
0.406
259.125
4020.455
0.406
0.137
0.156
679.061
0.165
0.166
0.136
4143.301
284.032
0.130
42.816
0.152
0.173
62.768
0.131
20.926
67.438
0.119
0.132
0.133
2.112
0.242
166.985
0.103
0.123
0.109
0.104
4227.994
0.120
0.113
0.115
10.075
0.124
0.130
0.409
0.126
0.412
0.114
283.259
0.670
0.107
1.615
2.718
327.232
13.033
59.581
4303.486
43.932
320.582
0.115
25.146
0.303
0.192
0.111
81.052
0.136
0.133
0.130
1602.875
460.360
0.106
0.129
0.100
278.381
39.267
48.776
103.280
0.322
250.055
16.816
1.749
5.874
37.697
59.096
46.996
0.126
0.136
11.484
421.301
25.373
0.116
8.038
0.126
4063.029
624.271
0.158
20.969
0.167
459.588
0.162
389.814
0.373
0.141
933.932
10.911
0.292
0.150
0.193
868.591
0.177
0.545
0.163
0.166
436.762
57.071
0.174
32.692
0.133
538.184
0.305
0.150
21.323
0.158
268.510
0.123
10.821
212.024
33.772
0.405
0.114
0.182
23.830
9.201
467.323
0.116
0.126
0.122
0.283
839.673
0.155
37.809
0.194
22.874
419.926
0.117
14.082
0.118
28.911
0.113
0.101
0.126
12.942
0.110
309.258
0.140
0.149
0.142
4.456
0.480
100.113
0.202
0.167
106.089
0.123
1207.318
236.541
3186.136
59.256
339.986
0.337
255.161
2448.467
0.437
275.599
28.744
0.454
0.114
0.118
0.133
0.143
115.607
17.144
32.238
1439.500
182.350
472.212
0.522
18.585
0.113
0.126
10.978
7.198
0.109
752.768
173.268
114.330
102.312
0.337
0.094
262.098
150.768
0.315
0.111
406.452
0.141
8.433
0.135
0.104
61.320
402.254
66.972
237.678
0.404
882.976
0.546
0.161
14.503
0.138
92.569
268.983
0.179
0.135
188.152
247.373
0.162
1.426
142.916
0.159
199.049
35.183
165.414
0.163
0.141
0.121
0.415
11.975
0.114
25.162
241.146
0.163
135.415
146.833
0.379
440.223
0.532
0.164
0.140
104.404
431.362
0.155
0.142
0.160
1102.505
444.149
6421.075
73.149
903.621
0.434
404.535
0.136
0.119
0.135
0.107
379.027
0.133
0.119
5.674
6.369
369.827
4.386
9.737
50.420
0.385
253.048
199.690
0.156
9.299
0.168
248.614
0.156
64.595
18.625
0.174
212.413
79.619
0.119
75.879
0.374
4.183
0.127
0.112
0.137
0.110
191.282
177.110
0.190
22.901
2880.509
27.688
0.152
0.146
0.467
22.227
0.137
0.416
125.677
185.840
4.495
214.485
3.238
0.158
28.691
11.797
19.378
0.117
3.182
0.126
0.133
0.120
159.605
84.874
0.193
0.156
89.427
526.729
0.431
14.951
0.160
8101.655
0.357
300.455
164.211
0.163
204.169
46.735
0.574
0.165
0.529
233.237
0.176
12.083
41.375
0.361
616.107
0.315
193.368
261.033
0.167
202.508
323.347
0.191
11110.539
0.414
0.121
0.428
0.102
0.108
0.115
618.324
0.157
0.153
612.768
0.399
333.842
225.271
0.163
21.436
0.337
276.407
0.177
145.348
0.151
0.157
0.128
0.140
0.427
187.265
0.572
20.718
0.127
4994.293
0.172
0.163
466.201
0.172
231.309
0.513
0.160
0.112
0.115
0.227
9.025
0.114
0.136
0.123
0.146
0.471
2268.478
1079.454
0.496
0.184
3697.362
0.422
729.752
0.192
0.156
4.438
0.157
272.892
120.543
13.621
824.125
371.974
742.402
204.671
106.527
0.311
0.150
444.243
0.614
0.165
0.537
0.164
303.545
0.174
26.673
0.219
0.145
760.830
10.337
0.190
0.180
0.154
0.112
0.108
0.140
0.500
0.113
0.120
0.158
0.136
10827.540
4247.241
467.917
13.244
0.157
0.549
957.486
374.020
0.176
42.029
0.180
21.322
35.325
0.249
0.164
0.141
555.366
244.317
37.906
0.281
0.585
35.415
1177.041
0.202
46.175
0.313
0.186
713.375
0.167
0.160
173.999
0.476
0.130
96.761
0.397
0.157
0.609
256.973
0.329
0.655
210.055
158.101
527.378
0.339
136.587
0.182
94.779
528.944
405.652
17.279
117.736
0.204
961.299
42.070
0.192
0.170
587.855
372.591
0.158
602.018
0.416
308.685
283.897
104.060
0.565
46.607
88.375
1034.378
31.836
492.313
0.173
0.155
332.122
502.737
553.691
0.583
20.149
678.974
50.198
379.119
0.428
1.233
286.538
0.194
0.183
302.187
0.408
51.637
237.623
0.154
15.083
0.153
700.388
0.340
30.626
0.140
0.139
30.169
0.344
18.970
0.203
0.190
650.622
0.152
0.451
0.140
0.119
966.690
0.597
0.170
16.814
0.202
560.629
0.144
0.114
0.134
0.109
608.082
25.936
0.274
0.216
21.701
921.898
139.491
0.199
164.025
0.492
342.193
175.719
0.188
0.186
0.204
990.937
0.891
104.947
0.680
0.171
1412.504
0.386
0.866
0.158
12.153
601.541
415.012
41.592
0.147
0.452
294.894
61.871
53.765
28.143
68.829
470.296
30.029
34.662
0.252
9.704
0.455
5.461
0.145
0.133
0.145
250.450
89.975
0.185
167.725
0.165
0.117
0.138
3597.808
0.611
0.242
507.364
0.153
0.486
0.146
4.956
519.808
0.203
0.153
0.172
0.167
1773.785
351.861
28.418
0.226
6265.683
619.444
0.182
0.185
0.499
0.183
294.753
0.198
108.378
0.185
15.815
93.368
0.394
0.662
33.149
0.199
105.534
0.167
24.911
0.167
0.165
366.449
3.006
151.672
266.566
17.271
366.207
0.140
0.122
0.140
116.771
981.585
14.739
0.130
0.471
3.088
336.894
177.287
0.376
0.210
75.956
0.147
0.115
0.137
4.806
53.930
565.472
0.189
0.166
0.336
23.208
0.121
0.264
0.116
0.115
0.116
828.227
0.175
0.161
0.159
0.156
0.136
0.129
0.289
9675.191
0.398
0.132
0.148
0.147
0.144
0.184
64.104
524.818
0.364
0.192
0.184
71.322
566.270
0.163
0.176
0.158
547.383
8.287
88.238
0.178
0.195
1092.388
0.642
2.811
0.500
0.142
430.283
0.361
7.576
205.388
0.132
319.134
119.479
1436.117
0.478
210.471
0.161
0.123
11.804
0.163
17.232
438.920
0.186
80.470
5.143
0.166
0.125
0.598
0.499
0.128
51.204
1103.231
0.181
0.208
0.659
0.254
875.483
450.764
0.400
0.179
0.280
0.127
0.163
0.148
6.813
0.147
0.228
0.142
0.151
0.153
0.131
0.123
0.149
0.164
5721.761
0.206
382.005
0.164
156.254
0.223
0.160
6.461
1047.455
0.364
0.180
36.539
321.272
0.206
0.141
190.863
0.136
0.465
45.255
2.858
32.698
0.287
322.646
46.199
88.720
0.408
45.503
268.520
152.510
74.143
0.122
0.150
15.021
0.484
0.149
140.941
0.492
1803.053
10.599
0.165
4266.562
0.471
0.112
350.277
106.133
0.175
0.163
386.849
0.585
11.514
0.271
0.158
522.866
0.598
0.195
0.596
0.168
481.346
4778.850
0.464
0.415
0.198
255.103
0.138
0.140
0.139
7.845
0.140
0.113
106.184
0.194
0.200
516.189
0.159
0.148
100.746
0.345
0.592
0.136
0.132
33.366
0.152
291.916
29.666
20.264
0.195
206.477
0.149
0.133
0.133
0.122
0.140
1005.511
26.426
0.246
0.224
0.158
609.742
0.140
0.148
0.160
436.385
918.811
0.215
0.431
0.183
0.188
0.137
0.141
501.644
0.205
2989.436
0.144
0.502
0.154
0.230
11.668
838.330
335.760
0.175
34.348
0.139
484.111
0.170
0.211
0.198
0.191
0.151
0.135
0.121
113.972
0.181
866.985
0.279
0.203
17.959
48.330
385.777
4.662
633.513
0.178
390.420
524.181
0.177
0.542
0.137
0.314
339.464
157.334
0.180
0.145
0.171
0.309
4020.783
0.181
0.205
0.210
1004.977
67.448
0.228
0.173
0.194
224.280
41.337
0.203
324.024
0.203
0.152
0.181
0.174
0.175
14646.918
1601.419
9.155
0.156
0.141
0.169
1689.355
136.780
0.174
0.151
0.142
1969.219
0.191
0.140
0.139
0.141
311.278
0.243
0.192
4.481
118.591
72.718
0.145
0.151
66.058
108.113
528.891
0.190
0.167
0.169
0.157
271.038
0.387
763.935
0.208
264.481
0.156
38.831
26.679
0.157
0.150
566.153
616.411
193.543
0.297
0.183
319.583
1147.944
0.183
0.168
9.507
0.115
0.152
0.128
0.139
0.127
932.996
0.187
0.204
0.174
0.197
0.120
53.755
0.636
0.161
0.162
0.483
0.142
0.118
0.131
6359.892
199.106
494.692
0.151
0.130
7.683
425.195
37.970
0.179
111.032
0.187
426.356
16.976
0.209
26.946
0.167
0.130
0.131
0.126
0.602
77.886
130.355
457.605
448.563
0.168
0.164
3.487
0.516
98.490
0.169
0.163
853.130
0.187
0.176
68.682
25.216
1821.886
15319.738
197.808
0.181
0.185
441.250
0.195
0.596
0.165
109.163
0.164
0.128
0.129
30.325
0.200
979.592
0.181
0.203
0.169
0.208
862.689
0.201
434.645
42.097
29.523
275.332
339.111
0.180
0.162
0.152
0.136
0.148
0.160
0.488
496.976
292.852
325.029
0.190
263.714
0.194
65.724
305.071
0.472
99.134
0.655
0.149
164.312
0.235
639.234
0.179
592.109
0.207
0.586
0.173
49.050
0.133
0.135
0.487
111.151
0.493
693.210
19.254
26.512
0.172
0.156
507.277
0.171
0.157
0.172
0.158
686.351
0.399
0.310
19.250
0.155
0.169
0.134
0.127
0.137
38.793
450.498
0.160
96.732
85.764
0.165
382.295
47.988
0.264
16.284
0.161
0.136
224.043
0.177
0.184
295.149
580.631
0.235
0.223
0.188
22.068
463.481
0.170
0.171
0.172
8.627
2184.806
0.177
0.242
636.754
0.525
367.035
163.074
120.071
422.134
23.827
1182.099
0.182
24.714
0.173
0.170
434.341
121.858
0.412
0.264
0.227
10.248
0.139
0.154
0.162
0.153
0.169
1.457
46.183
0.272
0.184
550.301
0.183
0.199
26.614
0.830
599.283
176.507
127.722
54.412
0.452
446.686
38.362
42.567
0.356
529.116
362.044
344.495
22.562
133.534
0.225
0.153
0.139
0.154
4047.144
0.243
628.246
120.057
0.682
0.168
51.657
800.583
0.192
0.183
97.435
0.218
419.144
773.568
44.780
0.194
0.615
2106.941
0.178
0.173
141.841
18.457
353.935
0.152
0.138
0.190
0.162
0.164
0.162
196.661
0.871
0.180
0.245
6345.532
0.647
90.162
47.311
708.244
0.173
0.189
2.414
0.506
0.505
41.245
0.173
31.372
0.178
0.124
0.160
4127.643
14.999
0.281
818.724
0.210
0.572
9.566
0.194
482.023
213.278
143.177
0.175
0.209
704.719
0.159
0.139
381.878
0.711
592.770
0.269
14.367
0.216
0.192
0.169
48.042
0.206
74.828
0.136
691.238
0.716
0.592
0.196
0.161
917.189
0.221
0.200
0.186
0.172
0.130
0.528
0.164
0.167
0.239
8.484
0.164
0.132
0.163
0.167
569.836
0.293
4.446
80.661
0.315
874.326
0.199
0.193
0.210
339.499
737.525
0.214
29.395
0.173
0.181
671.979
0.748
0.157
0.193
1048.407
0.182
0.596
0.141
0.225
0.134
0.169
0.156
0.241
0.138
0.153
761.059
9.254
0.531
29.459
0.563
888.447
0.222
0.200
0.660
35.888
2895.795
984.094
9.754
0.155
0.193
525.571
0.200
0.215
56.745
73.655
870.119
2564.066
0.541
0.169
0.211
0.150
806.966
0.294
0.160
4165.644
836.721
0.523
0.612
0.143
0.166
779.447
952.777
0.152
0.129
0.582
894.800
0.278
0.203
0.215
0.180
486.592
0.238
0.191
0.191
0.176
0.155
0.168
923.687
0.213
91.098
148.025
505.560
0.236
20.867
0.214
485.745
21.542
0.140
0.150
0.163
824.585
19.670
0.201
0.211
0.274
1114.581
0.261
0.557
0.133
0.135
875.019
0.174
0.182
0.549
0.141
1959.824
38.859
0.521
0.218
0.240
361.540
0.189
363.935
0.189
0.181
635.469
26.623
0.170
0.194
0.201
745.340
724.879
0.175
90.955
0.506
857.005
2.673
0.166
22.522
61.483
0.127
0.169
0.136
88.502
0.181
444.503
4.213
4.238
0.667
0.155
0.162
0.172
0.197
0.135
0.174
0.623
0.164
6.408
0.163
0.182
0.151
758.882
0.202
3.219
16.894
482.491
0.752
0.133
0.199
0.165
625.827
0.428
0.150
0.160
0.462
558.742
0.176
12051.222
0.227
8.909
400.641
0.157
5.459
0.631
1.168
0.182
85.427
0.178
44.679
0.178
383.179
5.306
16.078
124.541
87.410
0.163
0.216
4.794
0.140
0.167
45.334
449.430
0.271
1053.979
0.224
576.118
0.183
0.152
0.145
475.215
691.160
8.994
0.170
0.170
0.169
684.489
0.201
0.213
6.128
0.277
610.084
0.185
0.205
0.664
0.216
0.649
0.596
12173.417
29.619
0.261
0.135
0.180
0.153
0.151
0.173
0.162
0.148
0.161
0.143
0.139
2669.562
8.485
188.082
138.016
14.220
0.163
0.654
12488.055
0.478
0.244
503.323
177.798
23.082
0.165
0.585
0.148
0.575
0.136
0.132
0.140
514.878
0.709
0.167
0.203
0.201
834.143
0.223
23.231
2047.550
0.208
479.264
0.205
791.214
0.650
13.555
494.601
0.172
1.669
31.666
210.782
0.142
0.166
8.226
0.145
0.137
0.153
57.492
11.582
36.008
540.470
0.146
0.158
0.175
0.133
0.531
2815.658
201.839
0.163
0.161
0.153
678.581
0.317
18.057
0.168
0.824
6.648
2.146
0.170
0.147
0.170
0.540
0.182
0.163
0.162
0.150
6634.151
381.020
18.174
0.205
0.188
0.158
87.657
0.261
0.219
14.102
427.950
119.772
0.379
0.176
0.216
379.130
106.948
0.185
0.172
0.154
361.082
0.204
176.490
0.184
0.172
63.929
355.717
33.420
271.703
240.512
558.035
0.175
0.152
0.161
0.148
458.680
0.692
34.246
0.207
0.196
1214.059
0.197
176.177
0.214
140.715
482.501
0.645
882.303
180.612
0.162
0.155
0.153
0.178
5.162
134.343
585.202
0.146
0.166
3.385
0.155
344.921
183.647
107.236
34.845
831.380
16.695
111.857
0.625
0.160
5.510
477.394
145.969
914.490
0.232
7.826
557.484
285.028
0.492
124.531
26.915
830.735
0.193
896.676
0.197
0.188
451.941
0.228
254.841
0.507
0.234
10.167
51.917
0.179
67.716
571.015
518.565
0.179
4.708
0.150
0.158
358.797
0.535
0.165
194.278
0.181
591.597
0.175
0.143
0.154
0.506
0.159
0.168
0.160
0.226
0.145
130.574
0.473
729.001
43.277
0.379
405.223
166.349
0.140
0.133
0.174
5392.843
439.356
0.211
193.269
0.161
503.030
320.858
53.548
0.154
0.161
342.295
39.117
174.936
0.150
0.149
0.144
338.101
100.541
19.683
0.184
0.555
0.129
0.157
0.153
0.173
0.628
0.172
96.186
0.170
0.150
713.302
401.045
5.539
0.157
0.208
860.538
4.208
0.162
0.160
0.176
366.525
0.157
0.171
0.609
105.974
426.232
38.175
0.139
34.697
0.179
60.151
932.974
0.220
0.189
0.189
478.442
1.259
0.184
0.148
76.051
0.162
32.532
12.696
0.176
0.160
6.751
0.181
0.136
0.163
0.170
640.110
0.784
0.560
16.066
0.606
387.755
0.140
67.805
71.825
319.942
534.015
0.180
3.599
0.668
0.202
580.088
523.808
0.182
0.175
0.137
386.780
99.741
3.474
0.232
8.160
444.616
0.187
0.169
2.235
71.114
402.537
0.169
115.976
0.421
171.356
469.829
175.622
0.215
814.070
0.226
525.767
105.583
0.219
11.966
0.682
857.993
759.551
1.316
0.193
0.211
419.989
1.408
14.275
20.343
29.188
3563.109
0.235
1101.500
0.485
0.210
311.224
101.559
0.157
11.246
5.086
0.170
0.154
5.987
0.184
0.138
0.161
17.842
13.891
0.820
0.165
0.159
0.145
13349.207
25.526
0.332
9373.065
705.283
0.541
8.553
0.161
682.233
0.193
34.119
0.905
26.641
0.171
0.148
0.140
0.279
57.704
491.505
150.712
56.750
0.262
38.767
450.496
38.906
0.168
120.909
0.249
366.926
38.416
0.167
174.094
3749.078
429.717
81.042
0.581
0.135
30.639
377.023
0.206
918.454
443.426
0.189
1077.878
0.157
0.170
131.231
0.178
6.260
0.189
0.172
0.137
0.137
733.509
0.269
0.232
0.775
0.223
480.380
112.363
1.098
0.189
702.122
430.581
0.149
0.169
48.637
0.438
367.488
117.087
0.857
0.203
0.192
496.245
0.177
0.165
39.883
0.291
417.820
0.229
222.243
0.181
0.214
931.326
382.538
0.543
475.208
0.210
422.894
0.190
18.651
26.134
74.952
860.726
32.366
0.196
0.163
0.183
437.226
4164.735
16.539
50.315
28.717
423.777
792.481
97.874
50.677
0.165
862.808
0.211
4.707
0.174
0.565
339.147
23.997
58.764
0.149
0.150
0.181
0.165
0.567
0.180
53.540
423.328
0.663
86.910
0.181
0.169
23.947
0.142
3.270
0.157
0.183
20907.157
3473.146
0.174
0.148
9.538
457.726
144.752
0.172
4.373
0.172
935.205
0.518
0.196
0.451
1046.006
0.603
3.462
0.193
0.763
0.181
0.181
0.142
0.180
0.570
0.178
0.160
67.697
0.229
0.201
2.890
232.495
2436.227
507.536
75.010
3.545
529.884
0.183
0.169
0.157
915.402
659.586
18.656
0.144
0.145
0.168
0.179
0.180
0.171
0.638
5.106
0.165
9.980
0.156
0.156
0.585
380.011
2.978
0.144
170.859
133.372
389.507
0.164
0.254
224.834
148.831
615.391
0.146
0.162
0.157
0.190
496.044
0.403
169.393
95.302
0.160
14.400
5.747
0.146
0.175
0.181
712.593
90.133
0.572
0.229
0.199
637.438
0.243
0.222
0.228
0.204
499.129
0.483
0.189
0.267
0.190
0.596
35.232
0.186
0.159
13953.599
781.764
0.205
35.666
0.198
86.815
526.819
54.543
0.172
0.171
1.464
0.161
0.625
70.758
0.383
0.199
396.676
10.080
189.403
138.673
48.803
442.530
66.923
5.739
68.650
0.149
419.042
7.839
695.640
109.541
0.152
0.152
0.152
0.153
0.275
0.136
653.126
0.187
4.797
0.173
0.173
413.134
1.495
113.294
36.119
0.321
918.163
0.759
0.303
0.226
3.616
610.477
0.141
0.160
13.204
0.203
0.178
0.150
0.185
0.170
0.166
0.144
0.268
0.145
0.275
17.849
236.820
743.768
23.592
0.164
0.591
397.048
0.202
0.209
150.157
14.585
10231.287
11.223
0.780
0.192
8.612
20959.238
0.485
779.944
0.562
18.256
448.780
195.616
0.178
7.028
0.203
820.865
0.237
0.662
0.820
32.666
3844.433
19159.492
47.891
0.212
0.160
534.051
191.033
5.427
0.181
0.177
449.760
183.319
0.367
0.150
0.149
0.180
0.177
0.687
0.179
0.142
481.785
0.828
1335.781
0.254
0.216
532.686
305.976
0.264
0.229
0.197
490.463
48.146
133.829
0.238
37.876
0.178
15.203
0.162
0.156
0.164
4491.100
57.770
0.216
41.529
38.299
22633.885
2.040
0.182
12.231
0.143
557.991
107.889
10.532
15.211
0.148
517.479
245.968
0.536
90.028
163.573
0.173
0.190
10.756
0.177
0.148
0.146
0.606
0.147
0.181
0.161
6131.709
0.231
7.881
0.178
0.184
1080.046
0.242
0.195
3.021
0.155
520.418
49.461
0.205
118.990
0.171
892.290
0.791
0.204
2.177
0.147
42133.252
0.210
0.224
0.229
0.231
818.036
0.286
431.979
342.193
0.194
0.183
0.206
3.042
0.177
0.184
1083.205
19.980
0.165
0.182
10025.473
718.081
24.768
0.231
0.222
12900.858
799.100
207.526
0.163
0.200
0.147
661.616
0.231
0.212
9.729
126.055
0.158
0.166
1505.036
0.179
0.610
7929.984
949.314
0.644
0.199
0.153
1317.648
0.211
0.221
0.251
1.815
38.539
24.485
0.201
0.223
8.746
1063.759
45.995
15.854
0.192
7.168
737.345
11061.399
431.684
0.232
0.245
927.795
0.529
0.241
0.245
21.652
880.286
45.873
0.213
6.206
0.218
0.192
0.161
0.186
0.168
0.213
908.809
22.451
0.192
0.202
0.632
670.766
0.231
37.861
181.058
101.475
1083.107
0.214
0.202
29.824
21.050
939.692
2.171
0.776
0.229
5.207
37.814
1054.663
0.257
5.171
16.654
925.488
263.594
0.513
0.323
0.247
1778.468
0.191
0.210
4.066
0.812
868.061
0.908
1566.537
0.204
0.268
782.602
1701.402
204.687
0.200
0.155
0.196
0.175
0.155
0.148
0.194
668.054
0.224
0.353
3.734
0.157
1.937
219.417
0.490
0.264
0.863
0.265
89.401
83.046
0.198
0.187
2.908
26.760
0.177
0.169
19.543
902.818
0.633
387.207
0.632
0.247
1316.595
0.183
0.185
0.201
7.899
805.927
16.484
0.357
4.669
220.680
68.625
29.666
0.214
0.231
0.239
800.669
0.282
34.262
4.409
0.190
711.268
158.922
0.155
299.159
0.206
785.007
1.703
178.573
53.412
0.226
278.715
0.258
0.237
140.819
0.210
44.642
0.173
0.194
3.901
0.195
943.994
4.115
0.155
0.159
0.163
36.882
0.163
0.632
0.188
7.936
752.166
0.562
27.963
143.149
4.053
2.717
0.194
0.183
0.263
18227.709
736.232
0.214
0.216
19.533
201.582
654.608
0.276
0.224
22.361
182.142
20356.564
791.620
99.986
24.988
0.921
36.371
0.719
0.629
4.059
0.205
718.795
438.264
161.400
0.601
179.424
0.174
0.182
0.157
0.222
0.209
1223.409
0.377
0.220
0.253
0.848
1082.892
0.267
0.251
14.286
0.364
678.232
45.972
3950.512
29.814
0.460
25.262
109.303
17.543
0.207
0.160
15522.450
0.254
1005.976
0.259
0.246
619.069
33.387
48.259
0.202
10.352
129.273
0.156
3.386
0.621
0.149
669.888
564.191
0.626
3529.664
14.235
0.615
0.202
72.203
18.213
0.233
3094.171
0.220
0.347
0.194
0.222
3151.052
0.212
0.244
0.209
0.192
939.778
25.113
14795.192
48.370
0.294
871.349
0.278
1643.263
0.188
11.212
954.763
103.474
0.189
0.186
0.181
737.130
652.435
0.535
399.731
5.814
0.157
0.204
48.317
0.155
0.791
700.611
0.216
204.888
0.196
21.487
1170.106
0.392
0.227
0.233
0.205
710.217
0.177
5.264
6.755
77.576
219.333
0.197
0.204
564.974
0.234
7906.231
1130.316
0.286
0.222
178.659
722.615
281.027
14.336
0.748
128.109
67.038
0.204
4.115
0.177
0.198
786.814
141.869
4.094
12.325
0.300
0.211
0.153
0.179
0.706
0.156
0.640
102.173
39.810
7.218
0.181
1168.987
22.603
0.401
0.314
0.218
809.957
0.196
45.867
0.267
0.208
28126.900
1458.664
1.702
0.298
0.197
878.942
0.268
35.346
0.165
0.644
830.959
0.262
0.180
152.901
0.185
41.480
684.082
131.281
20.225
11.679
5727.980
0.216
0.221
0.219
0.202
942.478
164.263
0.188
0.188
0.636
905.284
0.566
20.405
6.604
1455.859
0.223
12.026
13.458
225.503
0.231
1112.224
0.202
0.168
0.197
0.195
1644.635
0.572
0.331
1081.913
0.190
811.338
339.505
12.400
0.223
142.928
1258.809
0.225
0.793
16.641
6.637
411.584
0.554
158.927
0.807
0.394
0.204
0.192
28.466
0.173
300.411
953.306
398.480
0.278
0.247
21.855
1309.730
0.255
0.218
0.215
2.927
723.008
1.190
152.350
140.132
1230.143
1575.775
435.546
0.617
0.222
0.245
1776.961
0.259
0.214
0.222
0.311
987.307
0.371
0.200
0.182
0.180
1060.739
0.214
0.186
0.239
2.277
41.753
1121.185
0.277
0.218
0.211
883.008
0.245
14.045
180.770
19.808
0.200
898.130
334.921
0.921
0.224
0.248
0.173
0.190
0.168
0.178
1282.084
16.753
0.219
0.272
0.213
2058.538
1253.006
0.822
0.243
0.251
1220.262
0.574
80.124
13.096
0.206
679.604
462.675
0.326
0.273
176.616
0.212
0.183
0.163
1077.208
30.679
1229.062
0.255
0.284
0.237
0.233
917.064
0.272
0.211
0.198
0.155
0.160
13.917
0.203
6.134
0.167
620.939
0.220
8166.599
402.103
0.271
1032.667
1455.895
226.972
9.112
0.209
978.439
0.282
0.204
12.824
0.224
0.203
0.194
284.125
216.328
0.200
828.500
142.034
0.221
0.220
0.208
0.184
0.177
1192.929
0.407
0.218
900.381
0.196
265.974
59.900
0.233
2852.294
0.254
0.201
0.185
102.207
1373.863
0.190
0.163
0.180
324.848
1351.964
0.211
0.196
468.209
0.552
5801.283
0.312
72.032
0.214
76.276
638.272
0.216
0.173
269.690
0.195
586.941
0.240
19.470
0.388
251.092
792.256
0.406
0.284
0.200
118.978
0.187
0.662
1.446
0.172
0.179
0.216
808.557
12.415
15.810
29911.634
1343.670
17.836
0.241
0.854
0.805
896.665
0.196
0.660
39.482
14.395
0.177
1668.472
0.190
0.181
0.190
829.487
104.455
0.205
0.217
32.837
712.808
2.159
132.314
0.269
0.220
94.075
10.087
0.226
0.226
0.210
26994.183
0.262
955.830
1.018
0.282
715.042
244.334
0.947
0.169
63.743
0.184
0.175
0.213
0.212
0.284
640.564
0.667
77.642
0.259
0.226
0.182
7.962
266.308
0.605
82.563
0.178
148.924
1449.512
0.195
0.685
1033.158
0.297
0.181
1798.580
0.233
734.024
123.731
0.675
365.165
0.416
0.663
1516.095
0.222
0.200
3.567
881.048
68.304
100.205
0.325
0.255
626.538
209.492
0.384
0.210
12.393
773.333
0.488
0.210
192.914
120.714
772.419
0.276
0.794
0.224
0.251
7559.499
0.580
0.228
0.237
0.268
741.805
206.056
23.960
0.779
0.223
1667.206
726.395
0.340
0.218
0.224
457.063
0.175
29195.837
0.308
0.228
0.184
1.284
0.168
0.209
0.196
1156.399
0.214
477.458
0.296
0.245
1284.119
4100.083
0.216
0.215
0.175
651.248
0.270
29.816
15.227
0.300
89.362
195.860
340.403
0.167
0.181
591.442
0.248
0.243
0.239
31.016
309.241
357.617
0.269
0.261
12.158
297.187
224.009
9.460
144.930
102.588
0.220
0.335
0.184
0.179
0.224
573.665
0.578
0.255
34.247
0.240
16.844
0.518
156.873
0.259
0.263
704.946
0.282
0.208
7.854
0.247
504.105
0.208
0.174
0.208
0.171
127.943
252.708
200.348
0.182
0.226
453.117
0.260
38.993
0.190
0.181
121.915
328.339
0.522
11.984
0.494
587.625
45.083
0.189
28.763
0.229
610.868
0.413
0.867
0.221
11.318
427.381
0.237
101.428
0.212
0.205
461.090
0.226
138.880
0.552
20.141
199.666
396.472
0.190
23.433
0.429
498.680
0.715
0.186
0.214
0.791
332.252
0.402
0.240
9.049
0.255
0.180
36.852
0.214
0.208
0.230
0.739
0.225
0.256
0.210
0.188
242.283
226.508
0.204
0.202
0.189
419.817
21.652
0.472
175.533
0.243
317.619
221.220
95.758
0.213
0.243
70.037
92.587
435.411
0.187
0.194
69.822
0.233
0.276
6.214
0.257
336.247
0.244
10.240
2.444
28.412
0.724
0.173
71.550
0.247
53.754
0.171
0.184
0.218
0.163
0.249
0.214
76.156
0.243
0.196
0.250
25.432
407.904
0.253
0.257
10.253
207.662
0.300
0.263
199.696
0.200
195.905
247.056
0.392
0.196
0.290
222.118
131.220
101.217
0.220
0.243
1.993
0.169
28.631
0.230
0.194
476.445
0.840
0.352
12.084
0.682
156.117
247.408
1.272
0.296
0.234
20.689
0.226
8.847
11.593
0.304
0.162
525.947
0.250
3.583
0.259
485.400
34.349
0.248
71.769
0.258
263.462
0.224
192.570
0.237
0.243
292.733
226.775
0.392
0.874
0.244
46.344
0.173
0.687
16.089
7.447
574.928
0.265
0.298
0.236
0.251
0.219
0.214
0.194
0.167
0.218
0.190
515.474
73.054
0.258
17.707
3.035
23.221
238.870
0.676
138.536
529.199
0.284
188.645
0.284
7.445
634.588
0.683
1.989
0.204
0.219
267.770
0.489
0.348
94.987
22.897
472.663
98.116
4.917
0.175
68.839
0.220
0.214
0.736
0.214
0.221
0.171
0.184
0.683
0.717
0.175
0.272
0.194
0.675
0.202
0.683
612.228
0.272
0.272
0.265
3.600
0.198
0.762
35.890
70.122
0.273
598.903
105.141
0.423
0.351
0.245
478.167
64.770
0.224
19.488
220.320
0.207
332.494
0.233
0.697
4.029
476.188
0.242
37.750
7.283
0.281
559.513
0.721
106.685
11.548
0.284
192.003
109.681
0.296
138.646
47.496
397.451
43.559
0.714
0.178
0.188
400.177
37.121
0.232
0.236
74.410
41.797
0.740
0.177
5.966
0.223
293.410
72.976
106.311
0.204
14.773
195.674
38.040
0.231
0.208
0.190
432.652
27.721
0.766
0.257
12.740
533.850
1.445
62.965
0.229
0.262
427.882
0.206
53.702
4.411
11.302
473.555
0.778
26.273
3.827
1.539
586.559
0.218
0.192
67.163
0.228
366.677
111.540
4.257
2.697
0.182
0.286
103.584
392.124
184.380
0.230
654.786
104.482
2.711
0.229
0.709
97.594
394.183
149.605
0.213
0.180
350.882
32.976
0.728
1.949
0.181
0.280
0.228
0.846
0.232
0.182
716.497
0.268
0.375
0.205
0.220
497.371
0.409
11.802
115.692
35.977
224.415
445.399
56.110
0.736
0.237
737.037
0.325
11.825
0.227
0.208
305.166
309.045
11.029
0.427
0.233
247.825
0.814
0.245
0.259
7.318
2.291
0.231
0.705
0.212
216.718
774.931
0.227
0.234
0.202
0.243
678.367
0.229
0.249
0.224
109.064
221.963
175.299
0.200
0.178
0.202
0.206
182.187
4.554
296.040
0.180
589.260
73.068
0.280
0.287
15.772
515.001
161.008
0.229
0.221
0.224
440.905
0.290
0.320
30.302
0.906
133.213
310.595
146.382
63.471
0.251
587.746
0.233
2.242
0.186
0.192
0.253
0.220
1.055
67.993
0.294
0.204
0.240
0.188
0.190
0.766
92.111
0.227
0.263
598.754
0.184
0.204
143.296
0.194
0.187
0.179
350.227
65.201
304.296
0.846
5.181
0.705
0.200
0.227
0.826
2.564
210.894
0.282
0.226
180.684
0.202
0.188
491.216
51.380
0.562
0.349
116.389
0.328
0.234
0.303
0.243
501.769
0.273
0.265
14.141
23.863
299.599
6.268
0.232
84.392
6.052
4.969
0.190
0.224
112.680
0.329
324.397
0.359
13.137
0.380
484.745
647.699
0.237
0.179
0.173
0.174
0.797
61.854
16.121
0.222
8.762
0.842
0.175
0.171
0.200
0.221
81.643
39.349
693.533
9.335
0.282
499.721
51.729
25.577
21.454
0.304
647.800
66.891
39.333
142.819
0.232
534.923
0.194
0.237
0.220
5.092
187.815
216.117
0.212
8.588
0.194
220.687
76.638
98.229
124.709
11.638
512.530
4.558
0.214
0.225
14.804
0.213
0.222
0.301
0.195
0.721
252.593
20.993
0.372
0.255
224.562
452.915
87.893
30.830
7.895
0.176
723.864
39.040
0.200
0.977
0.200
447.906
0.268
9.444
0.274
0.212
0.730
85.519
38.337
0.239
0.272
659.405
19.083
0.327
0.259
0.265
415.847
366.710
19.811
0.408
0.262
598.102
17.289
68.452
1.830
7.352
0.198
131.175
0.224
0.249
0.190
522.656
195.068
0.249
4.332
0.193
248.144
122.688
31.626
0.203
0.212
348.851
4.494
0.190
0.232
6.228
263.653
38.539
0.221
119.906
92.798
238.271
0.253
188.131
0.193
0.468
158.665
0.224
1.924
335.905
9.456
507.585
0.979
0.275
0.241
0.224
588.513
14.354
0.214
0.206
0.237
0.209
0.208
0.191
0.190
0.189
0.237
0.302
4.901
0.192
0.832
616.013
0.312
28.353
0.519
0.248
646.409
13.908
0.224
0.267
0.286
0.184
0.233
0.228
0.231
0.278
436.248
73.702
81.840
0.854
67.200
0.302
0.231
0.636
0.200
0.204
375.454
0.626
27.052
28.588
273.416
651.051
0.215
0.188
0.198
0.187
618.037
24.050
0.486
0.236
0.225
246.320
116.361
263.532
0.271
0.451
562.925
60.688
30.129
0.272
0.255
81.448
0.193
8.200
0.732
8.967
0.206
18.046
0.242
0.227
0.205
783.518
0.554
0.247
0.265
19.521
505.980
0.306
13.316
181.738
0.200
0.212
576.860
47.631
0.227
0.278
0.182
0.212
0.181
0.195
0.206
88.802
298.468
1.566
129.898
0.237
0.190
0.179
12.350
0.222
0.226
217.632
0.196
0.740
0.737
0.233
761.642
0.194
4.749
81.678
0.922
670.099
0.513
0.240
0.255
0.315
178.287
84.438
172.520
1.082
0.311
0.248
0.188
0.236
442.624
17.399
759.293
57.384
0.267
64.540
0.632
0.181
0.746
0.774
0.181
46.803
658.841
0.200
52.341
42.354
0.249
360.478
0.304
6.179
5.890
19.285
102.615
17.676
162.402
156.326
0.435
90.168
540.295
0.228
0.755
0.226
146.509
0.370
1.703
0.264
0.953
811.682
20.247
144.008
0.255
0.257
862.430
0.183
0.187
0.235
0.365
64.741
281.890
51.986
0.306
14.023
0.233
0.186
2.779
0.226
45.993
1137.877
0.426
0.265
28.181
8.052
0.229
0.242
0.249
0.764
53.383
764.128
0.241
4.722
0.197
0.797
358.867
0.292
0.258
117.123
0.222
0.189
0.785
205.417
0.254
48.652
0.206
4.508
0.210
0.194
0.224
492.593
201.417
0.210
0.221
0.216
719.150
6.756
147.961
18.087
0.411
676.675
4.507
0.202
0.908
14.258
127.098
170.254
0.789
12.503
230.733
0.249
50.845
47.551
0.229
126.395
0.253
16.911
0.223
0.202
0.198
0.226
0.192
0.308
0.247
0.215
0.243
0.206
0.240
0.211
0.237
199.432
196.229
32.447
248.508
0.206
127.121
25.573
13.206
8.359
0.284
561.480
0.284
4.779
0.226
0.216
633.492
0.705
46.448
0.297
1.317
0.216
0.752
3.980
0.241
0.239
334.064
0.198
61.962
0.307
45.405
23.202
608.538
1.008
0.194
0.195
593.207
597.753
0.241
5.119
0.816
246.729
17.130
1.378
174.480
114.342
40.150
0.249
0.272
57.426
11.051
113.799
3.370
0.196
22.360
366.611
0.245
0.236
0.243
0.187
0.229
234.252
66.912
0.305
0.275
149.702
326.574
163.552
78.082
2.405
0.241
973.255
0.263
0.211
0.864
0.254
775.506
0.252
0.239
0.215
4.019
597.678
12.072
0.288
0.302
41.580
31.215
253.397
147.151
21.253
0.220
0.216
0.214
0.248
0.226
61.068
308.569
230.902
1.026
9.385
0.202
3.616
0.249
0.255
0.233
80.467
689.734
0.194
0.227
0.199
0.201
482.860
0.339
0.235
0.218
9.003
176.460
0.499
0.264
0.248
54.903
133.708
356.290
0.239
122.886
105.162
470.104
0.787
3.059
0.759
0.202
142.731
266.076
0.369
1.020
35.467
0.213
0.317
0.204
0.195
0.245
0.225
0.901
0.205
3.918
59.916
84.216
0.267
518.813
0.298
0.185
175.354
11.195
0.359
90.928
0.220
0.196
466.070
4.083
0.239
18.713
601.483
87.974
0.270
6.260
0.229
370.738
11.065
1.098
336.564
30.581
389.866
89.877
0.480
0.264
0.194
39.762
0.239
8.081
10.858
4.199
312.962
198.460
4.094
0.260
235.771
701.709
5.896
0.821
0.218
0.226
0.231
0.371
0.205
3.994
0.222
528.965
0.310
0.233
0.456
48.584
0.212
0.209
0.234
0.227
24.879
241.735
6.321
260.029
0.300
0.293
191.200
0.310
271.650
0.214
0.783
439.569
7.756
0.207
0.252
208.109
0.229
0.207
0.250
33.933
0.329
0.245
0.364
0.212
0.826
0.198
3.884
256.038
44.422
0.220
0.231
66.629
0.265
340.647
2.409
0.261
250.298
24.054
5.148
0.253
231.711
430.404
36.333
33.755
0.597
0.613
211.513
203.725
277.723
0.274
0.284
0.296
0.205
1.433
16.625
0.266
0.220
35.087
23.868
0.198
0.197
332.498
0.237
0.235
49.966
486.866
197.056
759.240
0.252
0.203
0.213
0.206
0.278
0.873
0.241
0.208
322.815
0.261
0.233
49.379
88.944
281.855
523.925
0.245
0.231
0.211
369.473
149.856
174.193
0.354
0.262
526.800
0.269
0.267
4.563
0.255
446.394
0.624
0.319
155.393
60.674
492.513
0.485
0.372
11.139
0.353
271.575
0.273
0.766
0.253
444.953
748.840
0.234
0.266
63.021
4.485
0.204
0.194
0.243
16.363
0.244
643.150
0.231
0.203
0.216
0.776
304.711
0.198
13.188
0.435
0.795
728.716
0.387
0.253
0.251
0.235
400.659
365.199
9.885
52.699
15.111
0.801
0.190
0.206
0.294
0.778
273.250
8.384
4.176
0.204
469.255
213.933
47.417
0.254
0.272
0.267
181.635
0.208
105.606
0.967
0.224
1.016
0.263
0.214
0.202
0.924
419.557
0.316
116.094
35.138
0.348
5.926
203.846
259.055
0.811
0.237
316.267
0.239
0.967
317.332
0.284
261.161
298.243
15.496
0.210
0.221
0.329
0.224
0.237
0.229
0.220
633.375
15.537
0.202
0.241
0.245
357.585
62.042
0.286
5.799
140.313
157.066
205.171
0.222
0.231
151.291
29.881
132.043
0.291
18.592
0.528
102.696
0.306
0.302
0.276
0.548
230.871
0.267
6.543
181.808
6.549
27.897
179.562
194.222
0.294
0.349
0.207
0.932
0.212
256.201
1.151
389.121
4.833
320.997
0.223
0.231
0.202
0.827
0.201
10.351
0.267
0.216
0.809
0.938
14.307
0.267
694.802
9.316
0.485
0.253
0.283
333.049
0.285
308.214
0.247
1.067
550.808
0.222
0.262
10.691
0.272
0.897
0.226
0.808
0.830
0.243
3.991
0.916
588.741
0.274
0.834
0.911
0.247
0.836
0.266
0.306
0.852
0.259
0.227
30.730
0.267
416.247
17.669
0.269
0.225
70.624
273.116
29.161
11.694
293.703
0.278
483.612
223.167
21.534
0.245
0.212
508.281
0.251
0.247
16.160
0.232
0.812
85.155
6.588
0.235
0.246
260.163
296.048
0.205
0.224
0.259
381.416
111.301
39.971
15.426
139.058
430.218
0.277
0.308
190.844
44.761
314.188
69.964
0.257
0.206
207.281
0.259
0.426
0.231
0.225
0.233
717.422
42.368
0.505
3.431
0.811
1264.682
0.272
0.247
0.217
0.240
640.166
0.310
0.309
3.479
0.233
3.009
722.757
0.531
0.308
0.269
40.546
631.821
0.233
0.226
0.418
1456.718
443.559
0.285
0.284
0.314
347.050
26.727
354.656
0.248
9.132
571.500
0.239
0.206
0.198
3.076
670.248
57.586
0.229
3.138
0.224
0.249
0.282
0.378
7.469
11.094
0.421
0.259
0.253
0.258
0.251
0.353
0.239
0.229
0.262
0.218
0.364
1.281
0.259
0.263
0.242
0.241
1141.621
18.451
1.748
128.383
2.712
0.267
0.218
21.233
7.738
608.694
0.249
0.302
6.962
0.244
312.555
40.686
111.589
54.588
0.367
268.775
334.435
0.257
0.233
0.274
0.242
0.214
0.424
25.074
0.267
299.008
224.157
0.273
0.480
0.216
0.456
0.272
0.224
0.233
42.054
668.707
0.897
0.236
0.274
0.223
254.105
0.251
68.223
46.161
0.246
662.690
1.059
0.242
0.245
4.945
595.449
0.279
15.611
0.218
0.269
438.459
50.366
1.726
6.396
0.213
257.416
456.174
0.848
0.212
20.403
429.697
12.609
0.345
0.293
23.957
0.343
268.604
40.455
0.253
0.232
0.271
124.213
0.366
170.023
0.320
281.207
23.070
12.002
17.864
9.783
36.731
280.789
0.844
6.297
0.249
227.170
59.329
0.557
225.593
134.322
0.265
1.922
0.253
0.252
0.216
749.711
0.308
35.172
27.087
7.692
0.212
0.245
0.976
0.225
0.206
207.434
247.488
115.222
0.311
0.316
1.150
0.237
0.223
0.814
10.943
0.981
591.941
0.251
48.658
0.241
355.089
11.871
0.445
0.302
0.276
465.677
0.895
1.640
0.276
0.212
515.469
0.896
0.298
30.364
0.255
0.848
0.249
0.220
0.334
0.227
0.219
0.263
0.278
0.284
0.893
0.210
0.234
0.227
0.379
0.238
524.170
0.334
0.259
6.150
0.338
476.097
0.402
0.255
48.352
0.316
0.215
0.376
0.218
0.206
0.253
119.170
357.754
0.255
0.846
2.010
0.936
0.264
0.824
13.140
0.247
281.738
42.949
0.244
141.657
0.357
90.757
562.513
0.243
5.029
17.898
661.245
0.211
0.232
0.832
0.222
0.226
9.443
55.109
47.577
0.268
643.686
0.284
16.595
0.269
0.218
0.273
0.255
13.300
0.261
0.235
778.865
0.316
0.272
0.263
32.326
0.230
0.209
0.238
0.271
0.231
437.360
63.582
307.341
0.233
23.378
764.111
0.355
1.659
0.223
2.019
305.505
0.271
17.680
6.598
9.388
45.862
174.789
62.538
5.831
0.273
289.881
0.284
13.788
375.998
0.502
0.423
0.218
0.209
0.245
118.327
367.196
358.099
0.271
0.341
0.234
0.889
0.220
0.249
0.366
0.224
161.854
546.594
80.082
0.274
0.253
263.612
422.942
7.899
146.398
0.723
710.705
46.438
15.673
1.292
0.286
0.226
0.240
0.302
0.244
0.221
0.329
0.234
0.270
0.273
8.393
0.364
0.842
0.335
0.226
0.239
628.017
0.730
38.752
24.900
0.249
0.254
1.018
97.544
0.228
61.598
224.174
603.518
0.282
0.789
39.830
244.060
0.683
210.345
0.359
4.385
500.932
1.343
0.247
3.383
0.260
0.243
0.285
0.924
0.374
49.623
147.796
0.285
409.322
315.722
0.322
620.065
19.059
0.874
21.828
0.227
301.454
0.650
262.839
945.723
0.241
1228.569
0.224
0.269
0.390
0.216
623.678
168.341
0.353
10.673
0.282
0.239
0.406
24.986
738.469
0.321
805.585
58.034
0.515
0.482
0.308
0.261
0.324
0.212
158.445
693.222
870.597
0.288
257.448
438.070
0.936
0.269
0.274
40.436
0.352
0.343
1310.716
0.252
0.938
0.269
3.143
352.506
753.809
135.182
0.429
0.319
441.129
0.611
0.298
0.289
816.785
14.997
0.299
892.342
363.512
0.492
1032.898
220.645
0.286
0.285
1.544
40.654
0.261
0.243
0.955
0.236
2321.218
29.994
0.673
162.850
0.316
1.016
0.365
133.429
0.879
22.745
397.798
307.063
0.227
4.078
83.079
715.808
165.989
0.435
0.302
7.148
1027.522
0.259
114.357
0.416
0.311
827.453
0.280
0.267
14.521
0.261
600.197
0.354
165.589
74.443
3.972
0.233
938.952
0.292
0.247
0.233
0.283
0.274
1.174
59.165
0.458
401.341
31.415
277.496
7.193
0.295
161.019
817.319
0.235
0.243
15.278
344.878
558.840
0.258
8.011
0.275
343.913
0.331
0.289
460.156
70.574
868.584
0.318
0.450
238.355
0.353
718.570
0.302
15.933
0.292
0.274
0.222
85.384
319.210
0.292
0.278
657.704
0.302
0.238
1.024
0.237
0.286
146.641
0.345
2.066
1.051
534.781
436.164
3.874
0.277
161.105
824.719
0.302
211.417
28.953
0.237
87.807
0.329
211.655
105.848
1.144
592.558
32.548
0.213
0.272
390.398
251.910
861.410
1.090
0.238
0.219
547.003
0.958
0.258
0.266
126.053
378.025
0.265
0.251
0.290
0.255
0.290
0.364
0.237
0.220
85.259
158.260
850.281
12.211
130.984
0.265
171.204
762.556
0.269
0.224
5.034
6.808
3.161
138.750
1.062
10.680
622.205
0.477
257.930
0.295
0.335
1100.839
1.000
0.382
0.635
0.257
514.130
38.675
0.267
220.926
156.612
0.261
0.243
0.298
0.223
0.217
912.273
0.261
0.267
0.502
0.951
143.114
967.565
0.355
0.623
0.302
605.882
1.775
0.224
0.364
0.261
1075.474
0.333
166.377
0.251
0.370
179.702
798.298
0.235
0.239
0.226
263.634
581.440
0.716
1.285
0.302
984.573
0.268
0.256
0.288
1.032
705.844
0.336
0.409
0.352
236.847
627.720
0.637
0.310
137.739
40.862
0.975
0.267
0.298
7.984
0.265
1015.589
0.281
26.962
0.235
6.921
148.072
317.387
148.827
0.284
0.263
1015.851
0.234
0.229
0.265
3.483
1125.895
144.713
0.889
14.553
23.748
901.788
5.043
0.282
0.278
13.812
0.879
0.292
69.775
9.653
113.449
1087.914
0.399
252.193
6.333
0.420
653.239
116.776
0.454
0.500
0.283
798.560
0.215
0.251
6.533
21.112
903.640
0.268
0.272
0.408
0.229
148.896
0.234
0.280
0.224
5.905
896.208
0.355
32.794
0.231
0.327
0.306
0.249
8.806
0.284
0.321
1287.390
45.964
186.656
25.704
0.698
1043.337
0.556
0.355
1.298
359.065
855.790
0.292
43.491
0.309
608.008
1518.675
258.871
0.282
0.224
1.030
0.226
0.255
0.409
3.992
0.235
1195.938
0.455
221.576
110.456
6.180
806.296
1.106
0.393
0.220
230.965
0.269
202.682
0.276
0.274
6.942
672.921
0.342
0.296
0.411
0.325
825.803
0.353
260.767
210.767
0.364
1265.807
87.055
0.719
32.912
0.589
1559.601
248.529
0.282
1.378
0.966
1802.550
0.282
0.288
14.467
0.255
2151.861
1.233
0.286
0.301
0.329
442.366
0.271
332.721
328.014
74.138
0.233
0.220
0.413
0.220
0.226
0.271
280.977
0.670
0.395
0.368
2745.767
461.662
0.321
0.284
22.124
67.987
0.969
970.732
0.280
0.226
2415.035
69.865
66.365
233.607
184.626
863.626
2857.229
0.476
0.369
0.495
126.641
0.640
1.223
0.345
1.106
1338.629
33.943
1481.742
0.757
0.465
3135.765
12.882
0.289
0.949
0.221
0.233
0.274
0.992
136.454
37.444
1473.608
130.741
0.311
396.843
0.376
1207.489
0.303
0.368
0.521
18.996
1911.627
426.876
626.223
0.719
0.298
0.250
0.222
0.953
0.218
0.357
1503.696
968.015
101.764
0.406
0.400
33.909
0.724
0.257
377.055
0.575
2245.160
156.323
0.359
15.804
0.235
2618.674
0.231
1.683
0.252
0.449
2250.893
0.335
317.143
0.588
0.390
723.911
2586.486
7.841
0.233
0.997
0.233
0.265
0.293
0.382
0.265
1425.330
0.321
0.322
0.277
0.249
1271.712
0.429
0.363
0.376
0.298
2819.224
265.348
184.155
0.752
228.714
2001.713
21.867
0.642
59.576
64.617
2098.201
178.723
1567.073
0.852
0.383
3600.411
0.339
0.272
38.421
14.070
0.292
0.225
105.544
0.320
0.394
1867.370
0.333
52.276
1156.122
1.010
0.290
0.232
0.346
0.235
0.229
0.280
0.260
0.969
0.282
32.472
1827.971
6.123
605.294
104.089
105.509
0.282
1028.868
0.836
0.419
0.302
775.817
1069.452
746.052
36.788
1355.233
0.236
0.284
0.940
0.224
0.245
1198.033
3212.493
66.882
3.841
0.304
2572.403
0.477
52.307
901.549
11.728
0.234
992.963
0.830
0.318
1.227
2821.081
610.729
0.358
55.657
0.439
3509.912
55.089
281.832
82.658
1.306
1946.349
424.801
0.256
0.238
0.266
1549.485
0.259
0.229
639.252
0.676
3382.701
0.514
0.331
90.478
446.741
3534.822
48.255
173.486
0.361
1.204
0.243
0.282
0.224
0.229
0.926
374.552
0.537
0.288
0.290
101.596
2589.264
940.488
0.527
162.942
0.323
3216.127
143.069
55.999
1.315
0.375
1287.070
0.337
996.275
72.711
1192.787
506.691
1510.098
744.585
0.319
1.182
1968.065
439.199
188.100
66.322
0.380
2621.355
230.197
0.706
0.361
0.318
1728.756
38.261
0.249
0.285
236.152
468.011
2402.359
280.440
0.304
4.328
0.266
0.265
0.245
0.960
0.255
1547.245
0.262
1.014
748.853
16.078
630.130
816.641
1747.498
13.698
80.428
1575.959
45.915
0.672
628.619
1249.239
3116.366
0.304
0.371
0.308
0.384
1385.463
0.336
231.164
0.277
626.949
2418.518
335.024
0.295
0.312
0.339
0.392
0.300
0.259
0.241
117.601
12.922
91.273
0.719
0.372
213.891
533.368
2334.141
0.312
1.180
19.889
1607.495
508.384
0.340
0.314
0.392
472.681
0.373
0.362
0.299
31.788
2191.032
245.266
583.663
0.238
0.292
2767.772
0.278
0.294
12.597
186.630
1538.022
14.414
994.663
7.351
0.231
496.342
0.260
0.294
17.678
0.366
2638.485
0.291
12.980
0.262
18.110
1185.174
0.306
310.368
305.184
1049.368
2390.754
0.319
0.259
0.255
1.005
4.105
21.120
76.908
61.391
140.498
0.272
15.933
0.256
0.265
0.251
0.338
0.973
0.289
0.245
0.264
1777.899
194.990
0.490
84.558
507.236
2988.848
0.367
0.482
0.321
0.263
2609.137
109.982
0.337
0.289
23.926
878.386
0.387
1740.280
79.140
0.270
1996.557
727.933
0.282
0.237
0.234
0.247
0.272
0.231
336.158
2.438
3194.462
0.660
0.347
0.286
0.349
2172.889
0.709
0.362
119.320
349.645
1151.909
0.803
92.700
373.560
0.640
1519.897
0.257
0.269
285.385
0.362
0.233
353.618
0.313
0.383
38.228
0.238
0.261
61.867
65.898
0.243
375.361
2216.079
28.940
19.055
89.681
0.249
0.273
0.285
0.379
0.271
2699.195
0.594
1.231
42.538
356.745
1303.263
37.148
165.514
0.301
0.310
603.885
0.325
0.321
1054.424
0.515
1778.750
44.420
0.259
0.276
752.204
2926.966
0.380
0.359
158.403
0.570
309.557
2807.507
52.434
0.476
230.965
0.298
0.956
0.254
100.088
355.568
912.152
1708.203
0.393
4.625
0.462
2891.942
22.219
144.795
0.719
0.378
2837.147
0.253
92.915
0.686
0.337
8.054
0.235
0.362
0.254
326.809
2918.509
0.537
0.308
0.331
0.308
2022.730
0.799
0.333
0.316
47.826
329.298
0.513
0.233
0.327
0.271
1860.064
0.323
333.758
0.399
0.327
2220.816
0.300
3.935
0.269
0.233
1117.804
0.363
45.195
1415.742
5.473
2473.159
112.746
0.350
25.338
0.303
2357.945
1.955
0.290
0.243
1.124
0.973
0.364
0.269
0.241
0.252
523.508
2342.569
202.451
6.103
0.337
2552.436
0.385
0.342
38.314
0.740
0.304
0.264
0.274
0.274
77.813
2870.173
0.353
234.763
9.353
58.192
2512.799
1.205
0.296
139.287
0.914
2640.759
0.336
0.321
19.603
0.575
0.259
0.235
21.821
11.442
0.294
1762.687
27.938
25.038
78.002
0.281
2895.215
0.683
0.317
41.440
0.351
1974.895
183.904
303.986
250.035
0.844
2145.160
110.052
14.195
0.304
303.532
1471.868
57.509
177.766
0.836
455.278
320.521
867.720
0.567
40.709
0.441
569.319
0.468
2.157
1540.949
0.370
0.283
0.278
0.263
0.269
0.241
1452.654
6.650
55.130
67.545
398.618
1319.088
0.247
251.562
0.824
130.534
262.135
648.152
0.362
0.325
30.670
2086.551
0.407
0.339
0.376
5.561
879.856
567.151
0.337
8.543
25.452
1441.793
420.877
0.351
595.310
1.035
751.458
1416.120
0.844
0.371
42.867
1415.926
286.363
1335.886
163.941
0.364
2118.354
1.243
0.276
0.971
0.281
2152.692
0.345
243.850
0.426
124.800
0.312
0.282
41.421
1.190
0.256
1105.298
6.322
691.577
0.318
0.316
0.250
0.241
65.204
50.301
1.191
460.365
1736.604
168.385
0.285
15.101
1.027
0.275
0.281
0.255
80.841
1141.057
234.337
0.323
186.754
1.118
0.254
0.286
5.421
0.245
0.264
25.193
0.619
0.310
23.767
1016.729
12.689
57.301
0.361
0.349
73.910
1770.545
51.853
144.214
14.940
0.268
1211.910
0.764
0.366
1.399
0.549
1781.124
0.277
1.134
0.244
0.333
1849.883
294.781
0.861
0.346
0.357
1016.342
0.501
25.751
947.976
0.394
1707.497
0.298
91.449
1.803
116.443
0.314
55.825
0.385
0.348
0.328
1181.076
0.328
29.071
36.726
607.406
1611.655
0.300
0.987
288.176
0.814
0.247
0.294
0.413
36.046
0.344
717.654
320.654
900.935
27.946
0.604
0.317
0.274
0.254
53.886
1.394
1669.541
0.288
64.581
0.912
0.375
602.438
0.405
1628.073
33.214
0.548
0.389
717.377
1843.866
0.309
0.268
966.659
14.949
135.859
0.245
530.832
912.221
0.299
795.000
0.351
42.332
1584.108
0.440
171.777
6.559
33.723
823.811
91.059
714.855
0.274
0.271
0.288
8.379
170.410
0.346
0.333
1069.734
0.347
0.274
613.511
71.475
1090.126
0.377
0.384
0.324
33.952
552.471
11.591
2131.506
0.421
0.375
898.105
0.307
0.298
0.264
677.960
659.847
355.715
730.681
1.052
10.965
7.780
2.018
0.303
300.409
160.208
1043.323
360.534
313.586
0.575
0.311
0.978
0.309
40.745
0.317
76.838
81.017
0.299
0.306
0.297
1.051
1393.423
35.487
0.309
0.342
302.930
732.146
616.774
0.640
0.332
0.422
158.593
0.479
0.297
273.368
262.397
645.144
1.272
0.310
0.299
642.334
0.307
354.437
2.556
0.677
0.246
716.776
0.317
1849.202
0.405
0.392
1094.987
8.942
0.539
558.493
0.557
662.609
1.722
381.284
1.637
647.223
0.278
98.841
59.204
0.481
0.448
397.721
922.537
229.455
0.801
0.396
0.306
0.303
0.245
0.517
0.276
1862.650
0.324
11.718
129.074
0.281
1856.274
0.360
5.948
0.256
0.294
767.697
15.949
0.295
1066.825
0.623
792.626
0.309
448.791
0.521
648.855
900.645
0.419
0.359
0.409
944.035
780.057
1.313
1168.742
0.493
0.397
1783.203
0.540
30.353
13.631
0.311
317.141
1351.767
0.341
0.327
0.351
1635.124
0.337
4.018
8.226
90.565
1687.199
11.951
0.303
13.618
0.427
664.757
0.348
0.388
506.967
0.329
1255.048
0.386
0.382
45.703
361.082
0.298
0.241
215.227
0.314
21.374
1734.340
0.249
0.284
0.297
1.184
1743.748
52.566
7.713
0.265
0.985
1805.047
0.816
0.380
0.340
16.008
1837.677
496.632
13.048
54.691
0.869
1046.941
0.323
0.289
11.727
0.298
76.758
771.123
0.324
177.111
0.851
845.432
1059.769
20.431
0.260
0.265
1.000
0.253
0.267
0.267
0.484
362.818
1553.561
1.050
0.486
0.319
1732.043
162.537
0.299
156.676
8.022
219.279
384.948
1151.289
0.302
1.104
816.429
0.331
97.387
0.321
661.297
1676.037
0.332
139.301
45.443
0.842
8.369
0.251
0.286
0.359
0.248
1209.729
77.822
0.343
17.331
29.763
1058.674
443.698
0.284
49.748
23.703
16.470
0.330
0.284
0.444
47.149
926.869
640.595
0.367
0.333
6.512
0.305
0.306
151.829
0.328
0.337
770.830
443.011
315.276
0.288
1.118
2097.472
0.948
0.368
0.396
0.332
2105.003
0.591
2.179
9.697
0.277
0.415
157.915
0.330
0.497
0.259
1732.769
66.067
0.518
0.301
0.350
728.932
0.285
7.536
995.151
0.282
1974.159
0.432
12.456
0.337
0.393
1434.131
1.028
0.290
144.987
0.368
309.616
1448.736
0.340
0.271
32.739
872.643
0.932
0.326
52.347
650.129
919.626
1.061
391.068
157.028
0.344
273.299
920.832
0.419
8.371
6.935
121.168
0.274
10.582
0.372
0.335
717.815
914.512
0.415
0.336
13.805
1832.151
0.341
0.313
0.577
0.252
205.218
1684.793
0.328
1.459
0.503
0.282
0.261
0.290
0.255
0.352
605.523
0.341
12.620
0.347
559.577
1459.114
0.605
19.852
0.349
0.335
102.334
0.684
0.590
96.578
205.439
0.274
99.288
0.392
0.413
12.221
776.309
84.035
4.635
1208.072
0.299
1701.611
93.124
0.272
0.281
132.696
433.990
1840.585
0.587
0.531
0.388
360.528
1517.044
0.345
1.354
0.389
0.249
0.320
0.342
0.279
0.278
1765.922
539.227
35.359
0.521
0.430
1903.364
0.303
2.981
0.346
139.543
2210.907
17.256
0.329
0.394
0.363
2162.320
0.376
0.354
0.340
0.347
357.031
1237.652
0.727
47.223
16.297
30.835
0.881
16.036
497.825
0.372
1129.489
1014.346
0.334
170.738
4.943
0.251
1.138
0.325
0.319
4.755
2039.535
0.335
6.689
187.830
1.790
2137.133
0.368
0.416
43.995
0.618
0.267
0.307
192.425
0.838
24.422
2195.084
22.219
0.388
0.343
1.245
2254.100
0.795
0.362
16.135
0.673
0.268
0.258
0.497
0.268
0.277
2023.601
1.377
1.503
0.338
0.435
1025.508
178.935
0.292
1.093
0.263
0.255
1385.595
0.333
0.345
10.281
1712.592
1.397
0.309
0.318
252.534
3518.228
2.135
1.254
33.764
0.286
0.407
0.294
1.027
1.014
98.475
1406.454
85.232
0.433
54.605
0.295
42.874
12.790
0.367
1.219
0.297
1289.183
0.297
0.340
5.815
40.333
1373.992
0.269
118.451
0.287
0.308
586.339
141.971
602.652
99.574
65.506
0.288
0.305
0.302
0.440
0.254
1334.136
0.413
106.519
77.468
219.038
0.337
1300.626
0.371
124.660
0.732
851.784
0.345
414.381
0.308
100.416
746.780
0.430
185.032
0.384
19.874
57.866
0.435
4.244
20.102
0.288
87.392
1.222
105.662
0.383
2.166
827.657
386.265
0.294
0.297
148.025
32.227
846.405
32.517
25.889
81.072
662.340
1.085
0.550
0.298
0.296
689.942
141.827
0.289
0.286
0.341
1493.536
58.263
0.897
86.973
0.376
1414.425
4.563
0.313
0.300
0.330
214.493
1192.839
0.428
0.340
68.868
557.887
506.307
2.724
0.278
1.339
1147.387
142.706
0.533
75.886
0.451
643.967
93.947
0.341
616.678
0.507
728.346
4.947
119.654
559.682
41.320
1493.607
0.377
0.418
2.890
29.818
0.329
3.752
0.308
0.352
40.538
632.104
814.911
0.779
20.101
68.740
315.899
1089.853
0.382
0.409
0.307
1194.597
6.574
0.303
0.313
0.400
949.889
42.208
234.548
0.326
0.317
497.834
62.508
457.557
526.110
0.410
893.059
3.716
0.262
48.490
0.818
1310.736
1.444
0.366
12.818
1.145
1167.532
4.292
7.477
0.294
0.278
0.335
0.301
0.277
0.320
0.270
548.304
202.852
767.551
0.423
0.292
0.351
165.340
0.908
0.356
1.380
1320.141
133.331
0.384
0.304
0.339
1070.758
0.376
60.496
0.836
0.473
1094.458
0.434
23.827
136.928
0.624
162.049
1105.041
1.014
121.408
0.320
1324.911
0.288
88.184
0.342
0.331
3318.186
0.337
1.260
0.456
0.320
1431.845
0.748
0.434
0.404
0.415
1100.842
153.205
0.883
0.466
0.368
1335.483
0.349
19.113
0.610
1.472
0.339
0.323
0.325
0.280
0.298
0.329
0.513
0.304
0.294
74.597
0.291
92.433
0.521
0.709
0.383
1317.538
0.785
0.451
0.360
0.458
0.290
91.782
0.484
0.372
1.659
1266.009
0.462
6.138
1.159
0.497
1208.998
136.496
0.343
0.307
0.267
281.700
938.006
0.892
0.347
18.066
0.275
0.268
0.301
10.031
0.292
1291.419
1.090
0.302
0.473
0.274
11.185
0.353
0.305
0.323
5.326
2.589
0.329
0.318
0.286
0.274
1.092
1.145
20.994
10.639
0.533
0.296
0.344
0.339
14.592
9.067
1230.370
0.529
13.150
0.693
16.836
648.380
0.345
0.367
126.441
83.634
259.728
460.261
427.016
0.382
9.836
0.319
0.270
0.403
0.330
1.084
648.900
345.625
111.587
67.761
0.313
1244.785
16.545
113.762
1.219
0.304
305.510
579.828
411.504
16.727
0.396
1172.695
0.817
96.814
3.935
0.311
999.729
105.948
0.533
0.305
0.350
1031.200
0.289
10.433
0.353
0.380
1084.027
0.335
10.006
0.300
0.280
262.145
824.449
61.527
9.188
0.341
747.596
62.418
0.379
110.749
295.142
880.258
53.097
0.564
0.316
0.316
0.347
36.823
0.368
0.305
203.489
275.913
270.800
2.016
0.834
397.445
0.283
0.275
0.283
162.328
0.357
306.753
593.262
227.318
0.289
0.337
261.790
0.396
464.278
0.352
258.003
1045.681
0.304
0.324
0.295
3.856
1012.648
0.413
11.946
0.611
0.317
677.705
348.226
0.412
0.416
28.163
218.359
357.730
0.359
54.674
0.347
1.088
407.699
1.186
0.329
0.302
0.321
0.305
0.302
91.385
0.889
834.180
0.414
0.375
0.356
184.777
724.728
0.346
96.403
42.904
373.992
273.132
786.788
0.337
0.302
0.347
1072.646
87.648
0.591
1.118
0.321
1061.908
14.362
0.681
0.415
1.448
0.298
0.284
9.964
0.333
1.086
1169.796
0.278
0.331
0.322
0.341
0.310
0.479
14.719
1.139
7.334
903.946
1.468
27.148
0.321
53.545
371.023
203.679
0.279
175.346
0.468
395.806
310.098
0.345
0.318
0.364
1240.378
0.384
115.572
0.839
0.537
785.657
14.690
0.391
143.646
0.351
1145.399
0.347
94.842
66.327
0.346
132.192
131.016
361.840
154.004
0.302
351.359
8.171
0.426
155.247
67.082
287.878
559.183
0.294
159.802
0.345
879.371
0.339
3.863
259.025
47.375
968.026
0.337
7.510
0.292
0.311
0.320
0.340
34.168
0.302
0.288
1025.735
24.300
1.014
4.235
60.213
923.996
0.346
0.310
0.441
0.302
0.303
0.320
0.305
41.704
0.941
627.650
5.862
30.837
8.943
0.416
39.507
0.303
14.757
5.651
6.368
643.545
527.617
0.388
50.452
0.446
479.280
667.824
2.309
0.315
1.122
645.970
9.071
312.241
245.304
1.178
0.288
0.364
0.282
0.353
0.445
1020.337
0.397
8.522
9.963
0.309
1105.318
27.807
0.466
0.383
50.075
1162.274
0.302
0.411
0.359
0.290
672.795
0.299
1.356
426.225
0.282
431.200
0.345
0.333
945.970
1.397
603.192
0.388
7.990
0.322
11.884
1178.696
1.156
0.303
0.357
0.411
661.894
0.385
0.316
81.708
0.385
272.593
326.225
146.470
134.285
0.341
648.249
229.969
0.550
98.415
0.755
0.305
0.350
0.482
0.298
0.286
575.636
6.283
346.940
1.210
0.289
0.362
294.110
0.298
0.564
1.110
1.134
0.332
18.232
0.527
8.238
0.454
0.290
0.345
0.334
0.343
1219.613
49.361
0.362
15.121
0.283
968.849
244.850
31.385
6.969
0.397
745.662
140.449
0.324
0.362
1.118
0.300
0.415
134.732
0.433
0.411
0.465
0.345
206.432
1.460
0.295
0.274
0.342
137.387
0.349
1.150
1200.093
22.371
0.323
0.336
0.333
170.338
0.840
0.446
0.353
0.426
212.282
483.873
1.467
0.396
0.370
417.141
0.474
5.483
0.353
0.336
0.302
0.355
0.364
0.273
90.075
1028.109
11.591
22.942
58.834
0.368
1076.545
0.304
17.641
9.613
0.384
1171.049
32.831
0.377
0.341
4.712
257.698
420.163
0.375
1.433
32.841
430.952
0.365
0.309
0.282
0.428
835.804
65.349
0.333
0.341
189.599
0.333
0.456
0.324
0.291
0.298
259.118
0.408
17.688
1.614
0.419
767.602
525.279
5.314
0.341
0.372
574.110
293.408
0.321
0.364
180.468
800.454
78.821
54.357
279.486
0.368
792.656
147.689
0.337
0.288
1.174
1053.252
0.314
26.324
0.283
0.277
217.284
368.714
246.579
0.354
116.944
0.428
0.298
194.555
0.317
0.352
533.744
45.000
0.537
111.387
134.494
0.313
1.181
1.253
0.294
349.822
349.634
826.560
160.558
0.563
38.588
660.318
493.360
4.721
0.353
0.321
17.029
0.857
5.736
1.313
1.217
84.507
0.521
0.386
1.683
0.278
665.947
0.314
1.121
65.671
55.641
109.375
8.340
140.623
14.506
0.462
1.153
56.845
16.547
0.494
64.398
847.957
0.303
21.843
0.335
292.617
1426.296
0.411
9.042
0.372
0.338
1038.134
0.385
419.712
0.365
0.293
899.859
60.665
156.945
0.325
0.369
408.238
1203.019
8.735
0.384
0.387
1180.662
0.374
0.361
22.039
0.347
582.766
7.550
23.016
0.368
374.209
0.295
0.341
0.289
0.388
9.965
0.326
0.290
28.957
0.968
0.499
1123.539
90.170
0.431
0.423
0.427
32.618
0.293
0.364
0.291
4.793
622.702
0.353
80.654
1.178
0.310
0.287
120.788
4.074
0.392
0.321
0.375
209.519
0.396
57.844
0.319
1013.656
0.384
58.502
0.436
0.410
591.485
0.328
192.286
120.497
110.949
388.097
712.191
31.916
56.357
1.162
378.545
803.092
0.748
0.417
0.407
0.295
0.336
0.280
0.512
0.337
638.165
351.160
0.377
1.187
0.348
0.352
1.142
0.491
1.155
0.298
135.930
1.292
0.286
0.332
0.532
915.689
21.668
64.537
66.989
107.704
625.842
0.332
110.144
0.321
0.282
0.290
295.338
8.090
0.395
1.255
908.411
296.291
0.364
5.023
0.317
356.823
577.113
225.974
89.178
1.189
1095.871
0.307
32.073
0.563
13.986
1.149
1.139
0.341
7.982
29.666
619.620
0.368
528.981
0.373
10.872
1167.571
0.360
6.774
133.609
1.027
615.086
519.886
0.601
0.411
0.423
923.258
135.674
368.064
0.377
10.322
1066.093
0.341
84.935
0.328
0.287
1031.740
0.392
13.955
0.286
1.167
1.706
0.304
0.456
1.142
0.322
1093.637
0.310
16.767
0.310
5.754
1175.403
0.379
0.306
90.084
0.750
307.600
1012.420
1.051
0.525
0.409
1162.050
24.869
0.500
0.450
0.389
0.384
0.336
0.322
33.507
0.365
258.737
1026.156
0.319
0.352
0.293
0.543
0.537
0.293
39.484
1.595
866.336
0.310
3.491
2.974
0.328
16.853
174.727
0.672
0.279
184.588
294.958
605.669
233.024
0.548
0.484
745.543
102.309
5.009
11.084
0.317
944.953
21.957
0.343
0.317
298.359
851.613
1.355
0.289
0.310
0.286
1308.096
5.620
31.270
0.325
0.380
1184.577
3.611
1.220
10.393
3.937
0.380
0.354
86.838
0.326
0.341
0.287
0.329
0.462
0.296
1.154
721.609
0.332
0.356
211.883
0.385
1191.890
25.284
0.329
20.454
41.338
631.345
84.689
1.192
358.012
15.348
825.842
23.360
295.513
96.692
0.300
1.167
0.360
0.289
93.372
0.708
620.512
145.458
24.762
0.388
7.544
1106.873
15.827
1.672
0.409
25.577
315.391
1437.632
0.512
23.711
0.793
116.940
3.706
32.156
0.485
0.415
792.908
0.322
2.149
76.094
0.374
81.490
736.774
0.705
0.440
0.507
0.374
1135.902
0.943
0.408
0.417
271.530
1093.422
11.368
0.496
0.449
1257.608
0.604
0.317
99.927
64.599
337.551
535.441
67.544
58.653
0.369
1254.528
8.279
0.368
0.348
0.334
1083.179
97.192
0.383
0.398
69.861
1347.088
0.400
0.409
0.674
1.184
0.300
1.210
133.881
0.427
9.137
0.299
0.334
0.368
0.552
0.286
0.370
1.772
0.332
0.485
0.357
1112.415
0.314
0.333
63.003
141.632
1027.033
113.890
0.358
0.369
0.314
559.507
741.120
14.933
0.735
23.123
397.837
991.037
0.356
6.355
0.351
1596.271
0.676
0.372
12.886
0.366
1194.110
0.438
0.541
0.310
31.998
1111.342
62.904
35.166
0.378
0.307
731.051
0.457
13.102
0.549
302.839
1101.217
205.505
72.669
0.405
86.406
1326.790
0.524
0.434
0.462
0.386
1.266
1.174
0.467
0.321
0.303
0.348
0.296
0.505
124.850
0.451
1435.635
0.310
1.307
1.192
0.458
908.978
0.358
0.335
346.592
189.132
1033.785
0.521
0.324
0.304
116.852
1139.049
81.821
0.380
89.688
0.306
717.643
102.916
0.963
0.377
62.049
854.429
508.987
37.138
45.225
0.404
420.857
913.486
0.408
0.372
0.324
1233.493
0.420
0.347
0.430
0.338
560.683
179.560
197.845
2.805
0.310
372.283
0.440
457.586
9.615
75.059
1234.017
0.709
36.142
63.280
0.678
725.541
4.197
120.895
0.389
0.568
0.338
62.177
0.378
1.202
0.300
51.786
3.510
0.492
40.109
0.485
1243.391
74.819
0.400
0.417
189.236
467.416
962.928
0.755
16.251
0.482
965.242
291.810
0.352
3.616
0.321
726.534
372.828
0.323
0.375
0.369
243.569
8.558
0.324
0.333
1.351
1225.655
5.747
0.306
0.319
0.387
1092.366
1.416
6.175
0.383
92.811
1257.555
1.261
0.376
0.341
0.438
1.341
0.325
0.323
0.342
0.324
12.313
0.328
0.314
5.619
1.263
731.877
578.392
0.774
0.380
0.487
0.345
100.915
0.484
0.410
60.414
271.829
684.006
0.361
0.459
291.984
1789.968
0.413
1.515
0.343
0.365
826.478
32.463
1.126
271.276
63.117
997.954
0.311
0.345
0.337
26.927
0.349
1.310
0.349
114.397
1.462
0.539
0.369
0.337
392.598
10.062
798.623
102.864
76.026
361.575
0.393
776.250
0.345
48.473
353.538
0.662
393.295
1008.518
0.306
0.398
7.953
1154.064
0.417
75.906
0.344
0.363
1288.831
2.079
0.444
17.298
36.233
820.484
98.298
58.532
0.345
0.428
1257.650
0.619
2.186
0.340
0.439
853.360
0.432
72.234
18.202
150.817
1197.122
0.335
0.716
0.542
0.357
271.437
1224.856
0.572
0.535
0.446
17.288
6.799
0.413
0.386
0.376
763.906
202.590
614.146
0.442
0.454
921.125
0.323
397.104
0.861
12.468
0.337
0.527
0.321
0.327
0.342
1459.666
1.375
0.536
0.349
0.377
760.460
172.189
0.321
37.699
12.871
32.745
0.306
9.650
0.305
5.110
0.395
280.130
77.331
0.384
2.068
1368.805
188.980
0.383
0.361
29.987
301.396
661.990
7.418
249.895
1.646
0.400
279.944
35.557
0.431
18.153
1141.352
15.027
14.338
0.400
0.417
419.406
0.389
0.360
0.402
0.572
1667.640
142.175
2.609
0.306
0.401
1410.317
0.362
0.388
0.398
0.385
286.800
973.971
1.655
88.425
0.408
0.365
61.329
0.570
105.873
0.893
0.598
0.294
59.404
0.587
223.742
1512.031
0.325
0.331
0.368
0.392
0.380
0.301
67.768
0.410
15.233
1434.113
209.703
0.414
185.031
0.469
1683.019
0.453
0.338
65.047
0.407
0.389
29.087
0.413
0.473
142.305
1781.756
0.568
14.332
0.445
0.509
928.713
0.384
805.962
43.539
0.951
0.407
878.053
0.382
511.158
205.582
1388.512
0.378
208.239
0.468
0.376
1535.168
0.517
3.839
11.888
183.064
664.159
1.053
201.153
1.828
534.552
990.688
0.460
0.661
0.359
1.213
484.744
0.438
0.420
28.848
78.063
1474.951
351.099
1.344
0.378
0.383
514.191
8.760
0.412
1348.908
19.424
1476.077
1.269
97.710
0.568
0.435
384.592
1151.045
25.401
67.471
2.003
720.633
78.950
207.872
0.361
0.403
1141.456
13.539
0.444
0.445
193.997
0.358
28.273
0.310
209.040
0.317
188.712
1374.963
28.290
34.780
0.423
1232.068
0.384
17.367
1.240
3.225
1630.706
0.383
0.474
0.345
0.397
1452.107
0.373
5.975
0.340
0.471
721.104
85.138
0.529
16.443
61.565
773.062
5.815
72.419
0.463
31.948
0.377
0.392
425.370
0.410
0.444
1493.080
41.204
1.454
0.632
0.305
1264.337
0.329
0.351
89.900
0.620
0.319
0.387
0.333
0.380
63.185
1346.716
0.358
0.381
0.443
0.360
163.795
0.646
97.502
0.432
0.360
831.310
529.735
0.434
36.063
0.777
0.434
24.461
3.271
0.419
0.362
46.001
1183.333
0.454
22.118
0.461
1501.746
59.007
13.317
0.916
0.549
36.259
1440.619
38.990
0.694
0.349
1.523
1.363
0.371
0.544
0.395
1821.651
0.523
0.579
0.378
0.356
709.050
0.345
660.287
2.870
77.878
807.957
915.687
0.893
0.475
0.414
230.903
0.400
458.724
711.725
0.501
1167.023
0.491
161.495
1.403
0.371
671.204
0.341
65.964
0.425
604.653
1030.411
0.414
0.321
0.368
131.253
0.549
0.337
0.384
0.427
0.409
992.072
0.409
17.474
64.199
0.344
1.267
0.514
171.184
0.940
0.397
0.527
185.019
0.341
1.285
0.535
0.390
0.314
161.700
0.401
0.458
1263.306
0.517
0.409
0.416
0.631
692.467
0.642
0.431
164.681
493.405
1350.669
0.352
2.517
1.282
0.353
1009.521
263.201
0.432
58.822
0.397
703.907
370.180
50.152
1.335
0.329
656.741
514.918
0.306
1.510
0.337
691.325
0.539
12.507
588.342
31.904
772.149
4.160
285.844
0.357
0.368
280.065
749.738
0.359
633.205
17.715
0.362
0.391
0.343
0.314
0.329
286.243
1215.743
0.490
16.237
0.674
980.776
0.520
0.399
261.830
0.372
1180.430
14.358
3.682
0.338
0.347
768.612
0.394
51.305
0.418
53.089
0.340
0.388
0.364
0.374
0.349
0.353
242.133
9.184
1.484
125.016
685.431
0.411
130.647
325.068
12.864
1257.702
0.534
6.614
0.428
21.491
0.415
0.515
0.368
0.382
0.363
0.371
0.325
0.380
0.419
0.343
330.673
519.860
137.686
0.345
456.045
476.435
489.643
581.171
0.354
0.311
627.265
0.372
820.025
0.421
455.010
852.667
7.944
0.396
1.353
360.263
1289.156
178.291
0.346
0.376
0.619
275.219
1080.958
0.422
23.647
0.567
0.384
3.006
0.411
0.375
1.432
0.353
1.308
39.166
0.396
26.447
1284.185
0.387
0.355
1.370
0.395
811.533
233.777
0.505
15.856
40.348
1168.228
10.386
0.341
0.636
1.265
0.321
0.353
0.314
1.440
0.392
1351.940
56.660
31.369
0.431
0.320
836.189
50.119
642.113
49.302
0.673
0.582
0.416
0.395
0.398
0.389
1466.423
5.933
0.365
0.392
0.454
709.498
600.716
1.304
0.537
0.374
832.889
62.151
79.067
0.364
0.387
25.729
92.399
0.364
5.217
1.418
694.920
0.409
351.748
72.569
0.349
1734.684
13.102
0.536
0.401
0.534
1198.451
7.204
0.384
0.435
0.433
636.743
0.421
0.354
645.701
0.440
0.372
0.333
147.017
0.376
3.128
1248.231
1.369
0.323
101.068
8.886
42.998
389.870
0.381
809.844
3.140
0.321
60.988
23.983
0.927
0.419
585.952
0.447
113.977
0.791
354.909
15.481
0.331
0.385
198.629
0.417
1126.524
0.403
0.392
9.784
146.983
506.728
221.666
0.380
0.418
1.449
774.246
0.505
21.795
0.577
554.048
0.316
0.368
0.331
0.392
1.444
1261.326
0.372
102.427
0.405
35.367
6.158
524.074
1326.958
0.991
0.411
698.028
126.056
226.960
93.976
0.456
0.311
0.346
0.401
321.542
0.410
727.533
579.922
0.349
0.368
0.569
0.358
0.549
0.340
0.408
36.471
956.539
0.704
183.746
165.219
1.735
0.374
0.373
0.375
0.367
0.469
433.569
977.676
0.585
1.315
4.438
0.395
0.533
0.323
0.345
0.402
1223.591
1.948
68.996
1.386
0.419
1.372
163.459
1.351
0.372
6.872
1381.226
24.849
9.622
1.768
0.439
315.690
0.902
682.050
8.252
119.843
1422.318
0.756
161.204
0.393
0.362
368.800
753.135
7.642
0.415
337.380
1033.464
330.043
3.620
0.392
0.320
0.431
0.411
0.454
0.338
0.369
1475.423
11.298
0.484
0.442
0.448
591.694
0.527
0.431
721.722
3.514
713.257
501.867
39.850
0.469
112.406
1209.688
0.423
41.062
4.401
102.268
1319.165
0.408
0.454
43.692
0.387
938.290
63.563
0.734
39.925
0.391
704.452
472.343
101.762
17.196
146.057
1284.150
87.775
20.775
0.407
0.427
370.594
466.376
6.711
0.358
0.399
491.752
43.344
15.641
5.992
1.935
1.357
0.425
0.416
0.468
0.355
449.064
483.025
0.572
286.330
0.365
1308.222
0.438
0.794
0.427
3.507
1097.374
0.411
115.912
42.801
244.508
0.394
0.345
1.726
1.335
0.427
1279.535
123.940
84.226
0.396
0.355
825.854
0.572
0.380
0.387
101.685
65.838
28.930
0.543
51.552
0.390
1003.868
0.449
14.784
84.314
0.327
699.764
349.740
1.483
0.396
0.380
0.337
0.387
0.484
0.324
5.804
6.923
0.592
5.555
88.620
52.708
303.345
1165.558
2.299
11.822
1.885
346.669
827.742
0.342
1.503
60.125
0.352
58.094
1.499
0.407
6.007
0.418
0.404
0.408
0.349
0.389
447.847
0.352
11.453
222.863
155.200
676.930
0.386
0.358
235.584
0.363
680.516
0.388
264.897
0.431
4.415
0.497
0.333
0.350
0.382
175.820
1154.061
0.501
0.471
0.465
0.415
254.545
932.498
1.341
0.375
0.332
197.639
0.404
0.419
201.607
0.494
780.455
214.401
0.425
7.107
0.378
0.458
164.168
0.399
1.381
7.165
867.938
0.408
0.419
0.607
265.345
400.989
958.816
10.747
0.520
1.742
1058.833
0.415
108.871
100.122
0.396
629.736
314.121
0.389
327.111
1.512
1400.148
124.006
129.236
0.640
31.906
0.415
0.364
352.898
0.458
1.546
0.329
0.556
1.327
0.376
0.358
291.291
400.455
6.051
0.461
0.361
0.419
0.402
0.380
1.142
39.672
875.837
81.857
0.753
1.495
114.384
471.140
233.199
785.542
1.148
0.441
984.311
0.507
12.072
107.082
6.500
0.325
0.346
0.337
0.400
0.390
1253.351
39.292
1.498
0.400
65.372
1040.775
1.052
114.860
0.368
0.543
1277.251
38.510
0.604
0.475
9.259
1188.279
101.817
0.368
0.423
60.844
1007.036
94.838
0.345
0.415
1.507
375.877
0.401
0.349
780.850
0.390
1022.045
0.337
1.326
0.427
0.408
32.826
1125.354
1.304
0.334
0.492
763.387
133.704
80.736
101.245
1.339
363.945
865.319
4.732
0.568
38.423
1168.926
4.249
0.411
1.323
101.022
749.877
0.353
1.565
46.445
0.392
332.062
28.269
69.039
0.362
6.289
718.479
0.417
127.043
293.279
0.404
0.322
1.472
0.345
1.377
0.369
0.384
50.343
0.372
10.417
0.338
1207.594
2.850
0.427
49.754
1.310
1219.745
9.564
4.101
0.389
0.388
1209.891
0.512
13.319
0.458
30.401
968.970
0.704
144.443
0.459
1.397
379.673
910.435
1.600
1.525
0.320
0.406
0.423
1.437
0.330
1.335
1336.011
3.382
0.367
0.431
33.700
0.373
1.466
0.333
0.333
0.345
269.254
625.994
0.407
185.685
565.005
