0.280
0.004
0.002
0.003
0.002
0.217
0.003
0.002
0.002
0.002
0.011
0.113
0.002
0.002
0.002
0.197
0.003
0.002
0.003
0.002
0.117
0.002
0.002
0.081
0.002
0.001
1.508
0.003
0.002
0.002
1.516
0.003
0.232
0.003
0.002
0.438
0.002
1.886
0.004
0.003
0.161
0.004
2.764
0.004
0.002
1.502
1.576
0.676
0.003
0.002
2.903
0.003
0.004
0.002
0.003
1.530
0.004
1.896
0.003
0.003
2.929
0.005
0.003
0.003
0.003
2.502
1.358
0.003
0.002
0.003
0.629
2.299
0.005
0.003
0.003
1.554
0.005
0.003
2.327
0.004
0.280
0.005
1.283
3.505
0.005
4.214
2.666
0.006
0.002
0.003
4.176
0.007
1.972
0.007
0.004
4.005
0.007
0.003
0.004
4.102
8.330
0.005
0.932
0.005
0.003
0.113
5.971
0.006
0.004
0.599
4.015
3.096
0.005
0.810
0.006
7.535
0.714
0.006
0.004
0.004
7.260
0.012
0.282
0.005
0.004
5.563
8.548
0.006
0.004
0.004
4.662
0.005
0.005
6.202
0.006
13.826
0.006
0.004
0.003
0.003
12.014
0.724
0.006
0.005
0.004
0.820
4.484
7.024
0.006
0.006
10.206
0.007
0.005
0.003
2.197
5.269
0.007
0.004
0.004
7.070
11.688
0.008
0.005
0.004
0.004
12.101
0.007
1.385
0.007
0.004
2.352
0.005
2.762
0.007
0.005
2.828
9.582
1.080
0.007
0.005
0.281
11.784
0.007
0.005
0.004
2.322
2.562
10.500
0.007
0.005
0.676
4.177
13.169
0.007
0.005
14.227
0.009
3.144
0.007
0.005
2.486
19.621
0.011
0.003
0.003
5.239
12.716
0.008
0.005
0.004
15.053
0.010
0.004
0.003
0.003
6.187
6.912
1.660
0.009
3.389
2.740
0.527
2.318
0.007
0.005
16.686
0.011
0.047
4.129
0.082
1.964
0.992
2.725
0.007
0.005
6.639
3.259
13.049
0.009
0.005
7.609
0.009
9.032
0.009
17.420
25.245
0.013
0.004
0.006
0.004
33.634
0.008
5.430
0.007
0.005
10.295
0.843
0.007
27.230
0.010
20.828
0.011
0.005
0.006
0.005
75.177
0.015
0.006
3.809
0.008
44.552
10.484
0.007
0.004
0.003
52.766
0.015
0.005
11.972
0.014
3.559
0.007
1.878
1.783
42.433
54.781
9.042
0.007
0.003
0.003
0.295
2.625
33.101
35.700
0.017
80.979
0.014
0.006
0.003
4.317
5.712
0.010
35.488
20.310
0.009
68.035
4.532
0.009
0.006
0.006
61.948
2.092
0.009
0.006
24.258
51.925
13.612
0.009
0.006
0.011
0.683
3.223
15.831
4.179
55.523
3.576
5.816
12.164
59.203
0.010
62.468
0.018
0.007
32.712
0.014
9.418
47.310
0.019
0.006
0.005
50.325
0.017
31.422
0.010
0.006
91.742
0.010
0.005
0.006
0.006
22.410
61.062
0.008
0.005
0.006
83.642
0.015
0.005
0.005
0.005
97.908
0.011
0.006
0.005
0.006
77.269
0.021
18.626
0.009
0.004
0.183
91.232
0.009
0.008
0.005
86.293
17.606
0.014
12.122
0.011
4.434
49.599
0.017
0.008
62.149
7.285
120.742
0.011
0.006
0.006
115.219
0.021
0.008
0.006
17.904
119.900
0.011
0.008
0.006
0.006
96.282
28.313
0.010
0.007
0.006
127.419
0.012
0.008
0.008
0.006
173.417
0.012
0.008
4.504
0.011
34.156
0.016
114.012
0.027
0.006
5.628
149.415
0.013
0.008
0.008
176.579
0.021
0.008
0.009
0.005
93.384
0.012
1.021
0.012
0.008
22.464
0.019
109.615
0.022
0.007
96.456
0.017
0.009
0.005
58.581
169.995
0.014
0.009
0.005
0.141
170.215
0.027
0.009
0.005
0.006
113.310
0.018
51.731
0.016
11.060
0.970
226.963
0.012
0.009
0.006
15.377
202.937
0.012
0.028
0.006
237.221
0.014
0.008
19.898
0.022
244.684
0.016
0.010
0.006
0.007
124.167
0.016
0.008
0.008
0.005
224.315
0.023
0.008
0.009
42.724
118.863
0.030
143.481
0.024
0.010
16.952
84.611
136.662
0.015
0.010
273.374
0.021
0.011
0.008
0.008
0.689
27.369
0.014
0.009
223.597
118.123
172.961
9.451
0.014
0.008
235.342
0.033
0.010
0.010
41.567
169.100
137.510
0.022
0.008
0.009
27.568
251.054
32.361
0.015
0.009
53.505
41.171
142.942
0.030
26.771
178.308
80.846
0.029
49.313
0.014
18.148
111.360
0.022
0.010
0.008
43.830
44.967
0.012
58.026
0.015
347.873
0.027
0.010
27.104
0.027
259.957
8.775
0.019
17.834
0.015
286.444
0.031
0.009
0.008
19.943
6.383
279.234
66.870
0.028
0.012
278.656
0.021
0.008
0.008
0.007
38.561
223.087
0.032
31.094
0.017
39.356
0.859
248.587
0.017
0.010
101.657
0.031
200.353
0.024
0.010
30.703
11.496
0.015
0.010
206.530
24.671
29.652
271.653
0.019
0.008
118.836
0.015
0.009
0.010
0.008
360.111
0.032
0.010
0.010
0.007
40.949
298.755
0.017
0.009
0.009
107.166
223.067
29.422
8.731
0.016
136.966
0.021
253.720
0.015
0.011
116.757
201.932
77.183
47.826
0.016
430.980
0.029
0.013
0.011
0.009
71.624
171.099
0.036
0.012
0.010
166.023
223.811
0.026
0.012
0.012
69.320
0.031
379.970
0.030
0.010
363.749
46.586
0.020
0.017
0.008
405.938
0.030
0.009
0.009
0.008
350.503
0.034
0.093
9.730
51.975
238.493
0.036
0.013
216.885
0.022
16.792
92.253
0.012
208.325
0.037
14.407
29.328
0.043
417.100
53.665
488.624
0.023
0.010
0.010
0.012
464.414
0.022
0.012
0.009
0.009
576.458
117.527
0.034
0.013
0.010
693.344
0.026
0.014
6.831
0.019
262.913
0.020
319.698
0.029
0.014
9.111
682.554
20.187
0.022
0.010
586.042
0.019
0.009
0.010
0.016
111.934
53.054
37.922
0.016
52.646
40.378
49.596
0.041
27.609
424.581
319.092
0.033
0.014
0.010
0.010
608.882
0.040
0.012
0.009
0.009
0.012
525.156
0.046
127.448
0.037
559.975
0.037
0.012
0.010
0.010
503.613
155.733
0.036
0.013
0.017
553.879
0.020
0.016
0.011
2.672
0.029
564.537
0.023
0.015
0.009
249.939
100.131
0.019
0.012
29.622
594.790
0.044
53.937
0.024
0.013
54.351
0.043
594.788
129.056
0.040
680.029
0.022
126.253
0.077
0.014
654.990
0.047
0.015
0.016
0.012
662.515
0.023
0.015
0.010
0.012
671.858
205.895
0.047
0.013
0.012
436.764
6.262
0.015
0.015
281.437
820.173
0.040
30.032
0.028
0.012
8.768
29.311
522.788
46.982
0.031
417.505
394.170
87.294
0.044
77.531
144.026
841.676
0.051
0.012
0.015
465.309
404.750
0.044
0.018
0.012
577.456
0.053
203.396
182.883
20.480
114.976
15.336
410.618
0.019
0.015
69.866
803.776
0.046
0.012
0.012
408.226
0.023
515.282
0.054
0.012
643.468
0.051
243.347
20.866
0.044
1098.153
0.040
0.013
0.017
0.014
4.605
265.835
330.650
0.039
340.055
924.665
153.170
0.044
0.014
0.016
219.309
418.977
0.023
0.017
266.425
877.140
0.044
67.099
0.048
0.020
575.206
0.048
584.078
0.047
0.018
296.937
44.242
658.823
0.020
182.226
13.169
966.646
0.058
0.043
0.011
592.191
0.020
0.014
342.128
0.022
1053.582
0.025
0.014
0.017
0.015
644.138
430.046
0.043
0.015
0.017
6.831
896.217
0.057
0.017
0.012
195.068
739.155
155.435
0.057
0.015
793.788
570.452
0.058
0.015
0.012
313.367
459.095
312.536
0.056
0.020
2.983
130.107
178.782
500.686
0.057
166.266
214.539
354.453
0.061
0.017
421.383
47.523
37.124
0.022
0.016
767.400
0.051
0.019
0.014
0.012
488.448
288.191
21.199
46.683
0.048
193.771
297.520
0.048
0.016
323.507
6.299
2.324
430.138
0.062
0.014
283.867
200.394
19.556
0.043
576.580
300.676
0.058
490.940
0.062
0.014
602.660
153.937
0.064
0.018
0.014
26.933
299.488
132.481
0.024
0.013
9.764
616.079
0.027
178.185
0.049
570.528
450.801
0.063
0.017
0.015
308.811
502.255
52.864
0.045
0.017
513.680
0.023
620.084
0.051
0.014
763.495
0.054
76.932
0.035
0.016
232.581
640.182
0.053
0.017
87.457
178.470
379.752
0.058
313.046
0.060
720.208
0.059
0.017
334.006
0.066
448.889
508.864
0.065
0.015
20.467
436.215
0.040
61.684
15.170
0.024
52.441
416.568
0.059
0.023
367.648
282.655
558.380
0.063
0.019
0.016
436.644
0.033
0.016
364.749
0.068
321.247
0.063
200.821
0.034
0.016
490.111
0.029
57.484
53.653
0.019
99.126
0.029
0.017
0.019
0.016
2.949
322.165
0.054
728.441
0.069
616.677
0.063
269.998
81.990
0.073
410.020
0.064
0.017
0.016
0.034
987.469
0.071
0.020
0.020
0.015
1015.361
0.025
0.020
0.017
0.015
597.531
3.732
0.028
0.016
0.016
530.061
577.337
0.059
0.023
0.021
776.838
0.028
0.312
0.024
0.019
227.292
300.759
0.160
45.051
0.040
548.056
0.031
88.605
203.626
0.023
73.175
626.502
0.025
0.020
142.633
325.489
0.063
496.034
0.024
0.019
837.892
0.063
0.018
0.016
0.393
516.148
321.201
0.516
0.025
0.017
563.526
0.031
142.611
140.918
0.028
833.610
0.029
0.017
0.029
0.119
565.112
0.030
8.219
0.030
269.918
121.570
718.618
0.289
12.288
0.026
566.326
0.067
0.027
0.017
328.918
915.517
0.027
0.019
0.063
0.017
964.156
0.023
0.019
0.015
0.020
671.893
300.597
0.534
0.025
0.017
1041.520
0.074
0.443
0.128
0.022
353.298
102.130
0.067
560.470
0.158
993.891
43.877
0.327
0.054
0.017
698.958
0.032
339.721
0.062
0.080
209.932
522.280
0.067
0.024
0.017
946.508
0.038
0.022
0.022
138.027
194.336
0.079
303.747
0.065
0.078
712.951
41.397
0.066
0.017
338.434
635.024
0.062
25.581
0.034
0.021
717.177
58.022
0.076
0.019
0.021
1132.340
0.025
0.017
0.017
0.020
151.707
0.063
966.076
20.849
0.023
1145.896
0.057
0.022
0.018
0.018
1292.525
0.034
0.068
0.022
0.018
828.825
0.034
534.324
0.029
0.023
1054.677
95.603
223.625
0.029
0.022
130.170
1223.293
0.752
0.028
0.020
802.451
701.488
0.032
0.022
0.020
1529.002
0.025
0.023
0.017
0.022
1611.399
0.040
0.783
0.024
0.017
86.084
1053.664
507.506
0.030
0.018
977.578
29.747
0.036
0.029
0.023
1800.478
0.030
0.497
0.029
0.018
1087.423
0.048
779.746
0.033
0.021
1875.031
0.034
0.019
0.020
0.075
1101.306
0.035
0.026
0.021
0.023
255.059
0.033
1821.352
0.032
0.029
2148.244
1.284
17.888
0.067
0.087
70.183
146.196
1710.668
23.063
0.028
353.046
0.023
1526.275
0.081
0.025
1253.363
42.404
658.856
0.031
0.025
130.935
1042.624
143.015
616.791
0.028
1911.047
0.031
0.028
22.168
0.028
1418.668
0.079
0.035
2066.660
0.076
3443.973
25.025
0.041
0.020
0.020
3747.228
0.030
0.024
0.023
0.024
6.588
768.760
0.078
1812.058
0.036
2592.400
0.035
0.029
0.026
989.749
321.782
3459.798
0.034
0.028
0.022
129.106
1564.607
0.081
0.024
76.667
2651.113
0.032
1465.677
31.829
0.058
4199.977
0.034
0.025
0.023
0.024
1045.097
2674.980
0.077
107.891
0.044
3724.313
119.034
0.029
0.023
0.027
1215.155
0.083
2687.798
0.597
0.029
3877.880
0.035
0.025
0.021
0.021
1111.120
1503.767
1384.438
0.031
0.025
3479.958
0.164
499.533
0.033
0.026
4041.778
0.033
1.023
0.030
0.023
1569.843
1479.055
0.085
1069.341
0.031
4101.815
0.028
0.023
0.023
0.021
2637.253
0.089
0.023
1430.702
0.081
1209.898
3405.502
0.027
0.025
0.023
1418.854
0.090
903.281
356.354
0.034
1091.867
0.077
2086.305
0.042
0.032
4637.756
0.038
0.026
0.022
0.023
101.518
0.064
4470.588
0.038
0.033
2903.030
0.087
0.031
0.023
0.024
4408.575
0.088
0.031
0.026
0.022
1472.195
0.102
0.029
3074.478
0.030
4311.668
0.037
0.023
0.027
0.024
200.515
2584.826
401.228
1116.447
75.940
4322.645
0.039
0.061
0.037
0.027
206.512
1808.160
2.533
2356.293
0.489
4595.900
0.031
0.027
0.368
0.103
4529.653
0.040
0.088
0.030
0.027
4745.012
0.040
0.027
0.024
0.020
59.330
960.629
1689.315
0.080
0.045
1951.866
0.080
1191.446
0.834
0.037
1074.298
0.105
2149.934
0.041
0.946
1381.759
1804.254
0.033
0.027
0.098
3479.581
0.032
0.023
0.023
0.028
2.353
1453.578
1949.893
0.087
0.036
659.855
2722.314
0.033
0.329
0.029
1876.141
0.072
1183.719
315.984
0.034
3363.696
0.044
0.035
0.036
0.032
3388.019
0.048
0.029
0.163
0.030
1335.082
0.081
886.575
1181.316
0.033
790.036
2540.827
0.033
0.029
0.024
2943.871
0.099
0.038
0.027
0.035
1258.857
677.928
1511.112
0.031
0.336
3414.656
0.035
0.033
16.237
0.029
1894.564
1537.915
0.033
0.189
0.030
143.138
3379.679
0.058
0.029
0.030
1421.263
1955.483
0.086
176.487
1.540
1293.492
757.398
169.866
0.090
1489.861
1010.716
2217.917
464.943
0.055
0.029
4160.730
0.102
27.391
0.037
0.027
345.598
0.094
4199.321
0.036
0.027
4180.721
0.035
0.035
0.033
0.026
4282.535
0.032
0.030
0.028
0.033
51.370
2785.797
0.105
0.030
0.025
4144.969
33.566
0.034
0.027
0.028
4157.394
0.045
0.028
1.089
0.039
1451.056
0.037
2654.186
0.044
0.241
4448.975
0.041
1.003
0.038
0.027
4429.114
0.043
0.035
28.753
0.041
1781.710
0.095
1218.102
0.098
0.031
1781.632
1965.424
2548.199
0.042
0.035
906.258
1442.713
1785.707
2315.476
0.046
5580.184
0.111
856.775
0.035
0.037
2263.784
2161.259
0.096
2004.222
0.044
71.857
5611.495
886.386
0.032
0.029
6629.057
0.035
0.034
0.029
0.121
14.039
1753.303
5479.421
0.078
0.033
7300.716
0.042
0.039
0.036
0.034
3419.389
242.624
2680.347
0.038
84.568
6575.641
0.112
647.233
0.068
0.036
4564.272
456.064
2250.636
0.045
0.038
7247.260
0.042
0.032
0.030
0.036
4118.531
3125.312
0.040
0.040
0.035
1952.419
5262.023
0.111
0.045
44.763
5901.670
0.096
0.032
1372.597
0.039
1256.530
485.735
0.114
4634.924
0.095
8617.591
0.047
0.039
0.034
0.031
7701.203
0.072
5.275
0.036
0.028
6033.554
0.103
1453.278
0.046
0.036
4045.734
1208.140
2194.641
0.417
0.037
357.983
3339.766
0.123
1497.583
2400.101
6726.892
0.052
780.377
0.046
36.609
5513.417
0.046
1988.961
0.104
0.053
3177.796
4539.870
0.047
0.040
0.038
7734.553
0.048
0.042
0.040
0.038
7677.074
0.041
0.041
0.033
0.028
5689.699
78.744
0.101
0.049
0.137
4016.746
197.175
0.125
3991.941
0.048
8222.728
1.175
0.043
0.036
0.030
8240.828
1.932
0.040
0.234
0.040
8187.396
0.117
0.041
0.034
0.031
8407.069
0.047
0.035
0.043
0.039
8380.955
0.035
0.035
0.186
0.038
7284.247
0.111
0.036
0.040
1102.686
97.923
6966.462
0.110
2606.672
0.038
448.803
7861.894
0.136
0.037
0.032
462.935
9438.082
0.047
0.039
0.042
8862.881
0.041
0.031
0.051
0.040
6284.834
0.075
2380.263
0.041
0.039
4196.029
329.762
0.050
2441.723
0.116
8756.575
0.042
0.036
0.033
0.038
4661.982
0.141
0.039
1219.290
0.096
8852.457
0.050
1.121
0.047
1.133
1391.665
7407.277
0.048
0.035
0.045
3652.183
0.175
0.028
0.031
0.091
3595.446
55.900
0.034
0.041
0.033
2813.902
865.552
3.722
0.031
0.092
3673.786
0.039
0.034
0.033
4.327
3664.892
0.045
0.034
3.797
0.419
4426.960
2.074
0.046
1.774
0.431
4384.056
2.071
0.033
0.027
0.091
4393.103
0.047
0.042
0.629
0.035
1603.951
2819.740
0.027
2.613
0.036
4397.106
2.711
0.031
0.026
0.022
4403.658
1.726
0.033
0.026
0.029
4425.347
0.048
33.168
0.065
0.060
968.523
2698.216
14.875
0.073
0.041
4513.458
0.275
31.830
0.135
0.044
3.510
4454.838
0.042
0.028
0.092
4449.013
0.046
53.181
0.035
0.031
4500.641
0.048
0.035
0.058
4.471
4467.356
0.035
0.026
0.028
0.154
4547.891
0.030
0.023
0.023
0.024
4593.907
0.139
0.044
0.126
0.046
4532.794
1.934
0.031
3.930
0.034
4863.528
0.046
0.040
0.037
46.774
6110.565
0.050
0.040
0.044
0.037
5363.242
0.045
122.849
0.055
0.036
5222.516
0.040
0.031
3.601
0.028
5137.323
0.046
0.035
0.040
9.506
4949.579
0.050
68.847
0.045
3.410
248.248
4675.149
31.853
0.039
0.035
4850.567
0.045
0.038
2.636
1.036
4774.343
0.120
88.241
0.049
0.333
4878.652
0.448
3.511
0.037
0.050
385.722
4562.382
0.046
0.040
2.451
4898.338
0.045
3.578
0.031
0.030
4895.489
0.052
0.061
0.036
0.039
4886.626
0.038
0.033
0.026
0.024
4857.524
0.042
0.043
18.913
0.049
384.024
4541.050
32.379
0.047
0.035
4862.655
62.861
0.038
2.869
0.032
4916.095
4.240
0.030
0.024
0.029
4904.574
0.048
0.035
0.043
0.033
4794.916
70.735
2.934
0.030
0.036
5083.068
48.007
1.379
0.041
3.928
5102.592
0.050
0.046
0.039
0.037
5059.912
0.045
4.191
0.042
0.040
5068.368
42.609
0.091
0.047
0.046
1585.895
3728.596
0.052
27.584
0.163
5257.282
0.051
41.899
8.182
0.106
67.354
0.122
5126.297
61.037
3.329
5392.132
0.538
0.036
0.028
2.495
5033.901
445.645
0.039
0.033
0.029
5514.956
0.092
5.902
0.038
0.029
5534.173
0.058
0.039
2.683
0.029
5537.902
0.036
0.035
0.034
0.036
5513.900
0.047
0.030
2.526
0.034
2789.085
2699.803
2.103
0.038
0.032
4221.724
1250.527
0.035
0.026
0.031
5611.762
3.047
0.034
0.528
0.126
0.025
604.902
4157.749
0.136
853.114
5862.394
0.034
0.036
0.028
0.031
5165.340
0.140
450.849
436.043
122.667
6429.654
0.061
0.049
0.051
0.038
6161.132
142.361
0.089
0.040
0.049
6100.857
1.500
0.053
2.499
4.650
5148.690
735.800
0.046
0.047
0.040
5655.075
0.036
0.329
0.113
0.031
5737.556
0.039
0.036
0.096
0.034
5676.462
0.054
49.445
4.116
0.032
5798.515
0.046
0.074
0.040
0.040
5664.701
0.519
0.042
0.039
0.039
2810.254
0.118
2444.888
56.902
312.446
5647.857
0.037
3.497
0.118
0.042
5865.404
0.036
0.042
0.036
0.032
5816.006
0.165
0.051
0.040
0.044
5720.392
75.187
0.044
0.040
1.351
5847.294
0.046
0.034
0.961
0.040
4364.958
1442.694
60.873
5.639
8.652
5857.875
54.038
0.057
0.045
5.091
5904.908
0.057
1.975
0.047
0.038
3147.145
2747.914
0.037
0.030
0.035
5904.584
0.920
0.044
0.036
0.034
5953.660
0.051
6.498
0.036
0.029
5843.949
0.061
72.221
0.044
0.038
5903.209
0.046
2.918
0.032
0.033
5985.514
0.040
0.034
0.036
2.783
5892.203
65.204
0.034
0.030
0.605
5967.487
0.057
0.053
1.192
3.820
2323.884
3594.008
0.053
11.885
5.054
5985.510
0.041
0.037
0.036
0.030
7113.149
31.442
0.063
0.051
0.044
7492.712
2.963
0.053
45.972
0.047
7640.860
0.061
4.615
0.078
0.038
7203.335
0.051
0.053
17.964
0.041
7097.782
0.049
0.044
0.038
0.065
7121.980
0.055
78.836
0.074
0.063
6894.304
0.056
108.965
0.038
0.987
254.728
23.958
6682.017
93.602
0.049
3610.701
3337.274
0.042
0.030
0.054
6973.101
0.053
0.038
0.032
0.036
6818.440
14.559
0.063
0.058
8.309
198.645
6713.616
0.046
0.047
0.068
6419.352
0.046
0.039
0.043
0.049
3451.396
0.075
2975.660
0.052
0.047
2635.644
0.042
0.272
0.195
5.925
2655.444
0.052
0.035
0.046
0.037
2646.979
0.065
0.047
0.057
0.054
2620.390
0.036
0.045
0.038
0.034
2717.875
4.032
0.046
0.036
5.780
2751.603
19.169
0.050
0.050
0.046
2676.390
47.086
0.049
0.039
0.039
2740.074
16.167
0.061
0.136
0.364
2704.766
0.045
0.036
6.756
0.654
0.046
2713.278
0.056
0.053
0.045
2666.209
38.140
0.059
0.044
5.534
2718.553
0.048
0.046
0.131
0.032
2740.558
0.061
0.055
10.402
0.049
505.526
2247.210
0.041
0.036
0.039
2705.135
1.599
0.038
0.034
0.128
17.443
2701.813
0.067
3.511
0.314
2715.132
1.793
0.047
0.036
0.043
2662.885
37.945
13.149
0.040
0.034
2709.434
0.040
3.986
0.047
1.994
2710.639
0.589
0.040
0.036
3.231
2704.788
0.077
0.064
5.252
0.044
2873.384
0.044
0.036
0.036
0.238
2817.114
42.775
0.046
0.032
0.044
2902.950
0.041
0.041
0.034
3.710
594.801
2578.019
0.063
0.049
0.047
3285.505
193.588
0.047
0.045
0.037
1458.184
1725.129
22.800
0.036
3.070
3117.761
0.053
0.163
0.055
0.175
3610.681
0.052
0.046
0.251
0.067
739.805
2974.888
0.067
0.062
0.063
3066.458
243.618
0.060
0.066
0.057
3112.191
10.254
0.047
0.043
0.042
3145.524
0.055
0.051
0.051
0.044
2991.280
0.039
0.040
0.046
0.036
2990.920
1.883
0.039
0.143
0.045
2988.073
0.055
16.467
0.071
0.056
2941.828
0.641
0.136
0.034
0.171
2925.252
0.125
0.048
0.046
0.034
2930.975
0.049
0.036
0.038
0.044
2774.567
198.463
0.167
7.155
0.143
31.706
1.275
5.313
0.049
0.044
28.331
9.559
0.046
0.040
0.039
32.460
1.554
0.044
0.046
0.046
28.064
6.291
0.042
0.046
0.038
29.879
0.773
2.425
0.044
0.339
30.959
3.055
0.051
0.038
0.043
27.858
0.319
1.730
0.045
0.138
28.109
0.067
4.591
0.044
2.897
31.714
0.047
0.165
0.037
0.040
31.668
0.055
1.172
0.051
0.039
25.782
7.378
0.044
0.044
0.042
30.591
0.241
0.049
0.679
0.611
30.168
0.046
0.044
0.044
0.040
29.850
4.205
0.045
0.043
0.035
26.702
4.620
0.051
0.040
2.133
28.517
3.338
0.040
0.044
0.044
30.708
0.051
0.034
0.110
0.046
25.705
0.046
2.382
1.928
1.837
32.059
1.116
0.169
0.049
0.037
32.611
0.044
0.046
0.037
0.319
24.676
3.698
0.046
0.038
4.343
28.238
1.812
0.049
0.126
0.047
25.375
6.539
0.044
0.401
0.366
32.084
0.044
0.047
0.046
0.044
27.449
7.733
0.053
0.048
0.147
32.671
0.050
0.045
0.039
0.043
27.036
0.057
2.616
1.963
0.040
27.337
5.091
0.148
0.040
0.036
32.066
0.447
0.785
0.046
0.042
23.630
7.282
0.040
1.250
0.055
23.981
8.470
0.045
0.041
0.846
32.049
0.048
0.047
0.047
0.041
32.444
1.032
0.044
0.043
0.041
29.304
2.919
0.823
0.040
0.283
27.981
0.051
1.926
3.213
0.049
33.699
0.051
0.041
0.040
0.149
27.402
0.049
4.823
0.040
0.865
32.387
0.053
0.040
0.049
0.038
33.289
0.047
0.038
0.049
0.051
31.509
0.042
1.071
0.055
0.052
33.456
0.042
0.042
0.040
0.926
35.407
0.053
0.042
0.050
0.179
30.779
2.651
0.053
2.435
0.052
35.891
0.050
0.043
0.039
0.040
23.277
10.286
0.054
0.658
0.052
29.441
0.048
0.039
0.046
0.040
24.127
8.515
0.047
0.044
0.038
30.979
0.048
2.063
0.053
0.042
26.527
0.046
4.099
1.789
1.548
27.265
5.962
0.047
0.045
0.149
29.471
0.049
3.264
0.053
0.155
32.170
0.155
0.053
1.167
0.042
29.975
0.045
4.047
0.049
0.045
33.985
0.051
0.047
0.044
0.038
26.293
4.463
0.047
3.302
0.054
22.936
9.736
1.171
0.047
0.044
34.285
0.052
0.044
0.040
0.040
33.069
0.151
0.055
0.039
0.152
26.923
6.649
0.049
0.043
0.155
29.833
0.042
0.161
0.041
0.047
30.085
0.043
0.047
4.751
0.057
32.998
0.052
0.049
1.167
0.049
32.657
0.049
0.361
0.042
0.053
32.254
0.049
0.044
0.038
0.044
36.881
0.054
7.340
0.051
0.161
33.897
0.042
0.146
0.047
0.043
27.952
5.451
0.167
1.682
0.165
49.788
28.030
29.900
0.073
0.058
47.060
79.236
0.075
0.055
0.051
67.578
39.476
0.048
0.049
0.049
107.548
0.458
1.206
0.054
0.067
428.281
0.047
0.157
0.054
0.047
190.814
5.504
33.714
0.069
0.743
140.107
0.050
0.043
0.675
0.053
104.553
6.255
0.163
0.040
1.940
48.375
0.049
0.051
0.049
0.043
46.020
0.053
3.709
0.055
0.056
48.225
0.059
0.045
0.802
0.268
33.886
16.049
0.053
0.071
1.386
45.809
0.045
0.050
3.278
0.053
43.735
7.218
2.421
0.176
0.049
30.549
11.096
2.394
0.055
2.956
41.096
0.056
4.052
0.104
0.053
35.170
0.210
3.123
4.109
0.116
40.294
0.049
2.588
0.191
0.046
43.694
0.057
0.042
0.044
0.044
53.697
0.053
1.427
0.060
0.056
60.665
0.047
0.040
0.046
0.057
60.074
0.143
0.048
2.622
0.048
63.273
0.055
0.377
0.215
0.042
58.524
0.055
0.049
0.055
0.053
56.729
5.984
0.392
0.053
0.087
52.960
2.217
3.007
0.056
0.169
42.716
15.150
0.055
0.053
0.047
401.582
397.261
0.079
0.095
0.057
118.893
205.419
528.746
3.604
0.056
288.818
25.954
192.474
0.046
0.479
141.842
0.074
9.129
8.216
0.055
57.880
0.065
0.050
0.059
3.909
55.365
2.718
0.832
0.047
0.044
57.505
0.053
5.236
0.061
0.055
64.817
0.049
0.057
2.344
2.926
53.019
7.091
0.175
0.056
0.046
44.185
14.430
0.050
0.049
0.904
58.231
0.677
0.061
0.047
2.687
60.851
0.360
0.047
0.059
0.055
52.851
7.700
0.049
0.075
0.055
56.753
0.802
0.053
0.051
3.569
64.132
1.032
0.063
0.050
2.279
58.804
0.049
0.051
4.451
0.046
55.340
9.095
0.057
0.202
0.763
61.854
0.050
0.047
0.051
0.044
52.571
3.364
0.061
6.588
0.061
59.018
0.046
0.053
0.051
0.055
47.363
0.047
0.044
10.141
0.050
57.681
0.054
0.049
0.055
0.058
58.773
0.071
0.053
0.056
0.047
57.698
0.051
0.176
1.075
0.049
56.254
0.052
0.044
0.202
2.409
53.259
1.855
0.055
0.059
0.055
52.980
0.047
0.742
0.044
0.057
41.614
12.583
1.537
0.049
0.049
44.802
9.251
0.059
0.055
0.051
60.802
0.049
0.044
0.049
0.049
47.424
0.067
9.901
0.058
0.054
64.164
0.063
0.059
0.055
0.049
52.076
4.434
0.049
0.059
0.845
56.752
0.055
0.053
1.757
0.062
56.733
0.053
0.071
0.053
0.045
50.573
3.121
0.049
0.165
0.051
51.810
0.049
0.047
0.052
0.059
43.590
4.943
0.056
0.046
0.057
41.385
15.473
0.056
0.047
0.049
54.230
0.055
0.049
0.057
3.213
48.646
0.055
6.820
0.064
0.061
50.519
7.820
0.055
0.049
0.173
44.252
0.947
9.844
0.057
2.035
53.859
0.061
4.187
0.049
1.397
54.713
0.867
3.358
0.343
0.055
47.877
8.703
0.054
0.060
0.051
54.747
0.057
3.578
1.174
0.065
61.467
0.047
0.055
0.046
0.051
61.220
0.058
0.049
0.057
0.053
52.026
8.792
0.063
0.050
0.055
50.923
5.234
0.048
1.697
4.233
60.238
1.812
0.063
0.052
0.050
58.509
0.053
0.051
0.055
3.044
54.825
6.657
0.202
0.050
0.048
55.058
4.215
0.183
0.061
0.061
59.307
0.067
2.362
0.061
0.051
50.756
2.947
6.475
0.063
0.059
59.485
2.657
0.049
0.047
0.060
58.621
0.053
1.290
0.055
1.217
62.894
0.052
0.051
0.062
0.059
54.504
0.055
0.055
0.056
0.049
59.857
5.610
3.289
0.057
0.060
60.204
0.063
0.066
0.085
0.059
54.676
1.162
0.062
0.061
0.062
61.649
0.066
0.057
0.789
0.069
62.886
0.057
0.271
0.065
0.060
54.950
0.053
6.571
0.067
0.065
59.000
0.067
0.053
0.059
0.063
58.057
0.055
2.552
0.067
0.054
49.135
0.061
3.876
6.574
0.065
59.249
0.195
0.049
0.194
0.192
57.377
1.709
0.053
0.049
0.064
61.883
0.070
0.058
0.053
0.062
60.682
0.065
0.339
0.056
0.059
53.089
0.067
3.503
0.059
0.051
47.770
11.497
0.511
0.159
0.057
75.384
0.075
0.054
0.051
0.063
131.172
4.368
0.055
20.742
0.061
131.172
0.057
0.051
0.057
4.738
729.375
1.170
0.053
0.061
0.063
166.877
0.054
0.055
0.051
0.063
64.134
0.055
10.243
0.059
0.067
59.153
7.019
0.067
0.505
0.059
64.152
7.476
0.065
0.053
0.119
59.075
0.062
0.065
5.410
0.059
65.851
0.063
0.054
0.221
0.055
50.621
4.764
0.072
0.629
0.063
48.180
11.147
5.866
0.092
0.053
61.886
0.057
5.060
0.059
0.050
61.686
0.071
0.065
1.450
0.177
49.777
6.533
1.898
0.218
5.555
63.115
3.886
0.066
0.060
0.204
56.958
0.450
6.966
0.060
0.067
73.500
0.059
0.369
0.067
0.063
85.921
0.069
0.512
0.069
2.848
79.530
11.881
0.143
0.169
0.051
75.971
2.417
1.629
0.065
4.951
75.514
10.405
0.145
0.210
0.058
84.339
0.214
0.061
0.094
0.051
84.178
0.145
4.780
0.065
0.070
76.230
8.192
0.212
0.056
0.055
127.121
2.561
0.059
0.065
0.051
197.154
3.566
0.071
0.053
0.060
263.311
0.073
72.690
0.065
0.057
103.529
3.002
0.063
0.054
1.284
84.060
27.275
0.655
0.101
0.055
94.814
0.073
0.057
0.169
0.056
86.586
1.011
1.310
7.869
0.071
102.131
0.079
0.063
0.063
0.059
98.775
0.067
0.053
0.057
1.971
76.022
10.341
2.137
8.678
0.057
70.984
6.213
13.283
9.015
1.524
102.926
531.012
0.075
0.053
0.202
875.476
0.057
0.076
0.104
0.063
286.596
2.566
0.056
0.061
0.053
313.608
0.077
11.579
0.063
0.067
67.596
136.955
0.064
0.052
0.072
99.321
0.097
27.975
0.063
3.985
91.684
0.215
5.561
0.065
3.027
75.339
3.411
11.836
0.071
0.067
87.686
0.077
10.030
0.074
0.063
100.094
0.184
0.055
0.056
0.055
78.157
6.791
0.077
5.966
0.784
81.252
7.040
6.776
0.073
0.061
89.671
2.787
3.420
0.061
0.210
93.050
0.078
0.056
0.065
0.059
79.697
0.060
5.798
6.004
0.076
86.123
2.409
0.061
2.720
0.068
79.309
7.375
0.077
0.069
0.058
83.905
0.071
0.071
0.065
3.654
73.776
0.093
0.071
7.363
6.800
86.355
0.057
2.012
0.077
1.143
90.256
0.069
0.056
0.061
0.061
88.550
0.070
0.071
0.065
0.058
87.733
2.612
0.183
0.068
0.057
89.732
0.222
0.072
0.062
0.053
83.318
0.057
0.057
0.059
1.808
84.397
0.063
0.056
0.061
3.124
74.391
2.300
0.067
0.065
5.880
83.079
0.063
4.939
0.062
0.055
75.461
13.292
0.060
1.470
0.071
76.441
0.081
10.290
0.076
0.059
79.889
7.378
0.077
0.227
0.073
86.196
0.061
0.055
0.053
0.223
71.792
17.578
1.305
0.062
0.075
77.158
0.065
0.094
3.920
0.076
75.333
2.005
0.056
7.625
0.070
83.152
3.091
0.069
0.225
0.060
87.128
0.166
0.071
0.055
0.064
88.959
0.075
0.075
0.069
0.065
70.757
18.138
0.057
0.059
1.253
67.989
17.576
0.132
0.075
0.072
75.799
0.066
0.067
0.222
0.061
84.197
5.471
0.060
0.068
0.061
83.897
3.278
0.188
0.061
0.059
85.523
2.004
0.066
0.070
0.059
87.373
0.069
1.728
0.079
0.233
86.363
0.072
0.738
0.057
0.055
87.554
0.071
1.035
0.075
0.116
85.576
0.070
0.073
0.065
0.065
83.465
0.069
0.075
0.114
0.063
79.724
0.060
0.181
0.062
0.055
76.284
0.077
5.146
0.057
4.411
84.132
3.529
0.073
0.055
2.579
82.678
0.076
0.073
5.598
0.065
87.299
0.073
0.063
0.059
0.068
79.996
0.197
0.077
9.192
0.236
85.932
0.077
0.071
0.070
0.065
86.305
0.064
1.155
0.069
0.063
169.798
0.072
0.071
0.068
0.058
124.955
41.663
0.079
0.074
0.074
84.377
91.274
2.458
0.071
1.901
92.166
20.084
0.075
0.080
0.071
81.812
7.402
5.598
5.078
2.333
97.313
0.081
3.998
0.071
0.073
98.792
0.067
0.077
0.236
0.072
89.067
7.788
0.066
0.077
0.079
154.421
0.083
2.767
0.082
2.456
210.288
6.134
7.708
0.082
0.073
266.043
44.715
8.106
0.073
0.073
204.166
81.129
0.092
0.071
1.695
168.054
0.378
3.178
0.516
0.084
183.492
0.085
0.069
0.091
1.259
184.464
0.104
0.065
0.078
0.553
133.572
56.095
0.085
0.265
0.070
57.016
96.038
32.471
7.827
0.079
162.476
0.105
0.075
0.072
9.946
186.045
0.245
0.073
9.055
0.248
203.576
0.068
0.071
3.340
0.063
0.060
249.437
10.006
0.080
0.069
273.970
0.094
20.498
0.069
1.221
202.900
82.645
64.203
0.071
0.114
291.862
67.444
0.065
1.165
0.076
599.895
0.089
0.087
0.108
0.097
282.413
74.107
12.063
2.679
53.117
224.249
0.085
13.363
2.849
0.083
279.210
0.094
0.119
0.068
0.073
374.353
0.102
1.417
4.528
3.952
96.306
0.114
10.740
0.073
0.068
100.819
0.077
0.078
0.077
9.449
95.783
0.075
0.079
9.552
0.085
88.816
4.939
7.545
0.075
0.075
88.478
6.735
0.072
0.132
4.340
96.465
0.080
6.453
0.060
0.065
98.524
0.247
0.149
0.061
0.081
85.672
0.081
7.709
0.497
0.083
207.549
10.605
5.745
0.075
0.075
85.973
7.400
0.069
0.075
0.075
93.594
0.067
0.325
0.073
0.069
80.992
3.426
3.196
0.071
9.511
92.415
0.067
1.548
0.069
0.378
77.010
20.528
0.087
0.063
0.249
94.895
1.456
0.068
0.073
0.073
82.984
0.087
0.078
9.594
0.159
99.196
0.070
0.085
0.059
0.064
81.690
5.605
0.066
0.327
0.065
73.377
0.126
0.070
0.186
0.068
82.275
1.615
0.077
3.896
0.079
76.645
0.304
0.085
0.884
0.085
76.374
10.984
0.150
0.260
0.245
77.960
6.915
0.088
0.083
0.065
87.932
0.067
0.071
0.249
0.061
84.369
0.409
0.282
0.163
5.406
73.949
0.093
0.071
11.555
0.089
84.809
0.792
0.080
1.730
0.072
83.905
0.072
0.073
0.078
0.085
83.788
0.175
0.255
2.841
0.257
88.022
0.134
0.080
0.082
0.075
88.752
0.073
1.451
0.090
0.077
78.315
5.946
0.081
0.083
0.087
75.306
0.149
5.179
0.087
0.083
67.724
0.073
3.199
0.086
13.340
79.947
0.085
0.079
4.277
0.345
79.759
2.914
0.069
0.145
0.677
68.633
0.077
4.233
6.713
0.075
72.282
0.089
0.073
0.082
6.559
79.434
2.628
5.561
0.075
0.088
68.061
3.395
13.552
0.091
5.256
82.968
0.313
3.503
0.067
0.077
80.649
2.153
0.075
5.268
0.076
68.735
15.712
0.083
0.314
0.067
76.425
0.075
4.154
0.089
0.719
84.799
3.227
0.073
0.081
0.073
87.488
0.139
0.083
0.067
0.261
87.080
0.069
0.081
0.149
0.063
76.094
8.825
0.791
0.075
0.067
81.115
0.073
0.128
0.090
3.198
92.958
1.891
0.068
0.066
0.069
80.357
0.169
0.265
0.265
0.080
84.835
0.072
1.307
0.112
0.086
77.705
0.269
0.175
12.347
0.175
74.269
0.079
0.072
0.079
6.659
273.307
1.396
0.089
0.280
0.073
213.405
14.622
0.093
0.078
0.120
282.144
0.079
0.080
0.127
0.081
90.170
0.080
0.069
13.943
0.080
82.148
9.599
0.076
1.667
2.653
130.895
0.077
37.750
0.241
0.087
128.923
0.094
0.090
0.071
0.085
127.263
0.087
0.272
0.069
0.071
156.146
0.088
0.090
0.088
0.089
238.173
0.079
0.091
0.079
2.998
373.304
18.576
0.091
0.067
0.079
269.086
0.079
0.082
0.067
1.518
225.792
0.079
0.240
70.539
0.242
0.112
281.814
0.091
0.069
0.067
325.771
6.189
0.091
36.049
0.071
200.596
0.092
0.078
0.089
0.091
167.739
3.638
6.451
5.530
0.073
112.539
0.117
0.085
0.076
0.072
86.930
7.231
13.327
0.079
0.073
90.056
0.226
0.146
6.364
0.089
104.038
0.082
0.552
0.091
0.092
103.682
7.411
0.227
0.077
0.074
108.014
0.071
0.090
0.069
0.069
90.252
7.205
0.091
0.081
0.095
98.457
5.206
0.080
0.276
0.087
87.695
0.810
0.088
17.508
0.099
384.707
0.079
22.385
70.403
0.390
397.840
0.098
0.103
0.088
0.303
240.773
45.193
0.091
0.100
0.091
195.088
2.830
0.087
0.282
0.081
171.621
12.239
0.095
26.707
0.106
156.266
36.131
0.106
0.091
26.232
209.224
0.206
0.085
0.091
0.078
161.167
0.079
5.381
0.079
2.740
139.927
0.080
0.075
0.079
0.187
68.919
11.890
8.495
5.549
1.875
70.241
17.142
0.100
0.080
0.077
97.365
0.075
0.182
0.083
0.084
80.902
20.286
0.182
0.071
0.071
97.863
0.095
3.291
0.081
0.080
91.506
0.826
1.171
0.083
0.080
78.194
0.295
5.060
10.383
0.073
95.440
0.075
0.094
0.087
0.284
89.534
0.076
0.094
0.071
0.133
73.490
0.083
12.456
0.100
0.490
87.670
0.092
0.072
0.085
2.103
73.064
16.316
0.095
0.075
0.075
81.174
0.075
0.075
0.288
0.097
72.662
0.096
15.588
0.887
1.912
67.089
10.851
0.094
0.096
9.230
82.701
0.076
7.003
0.291
0.073
81.790
0.085
0.089
0.085
0.108
71.882
2.419
0.088
11.258
0.087
87.147
8.071
0.087
0.073
0.081
91.189
0.089
4.675
0.075
0.077
91.405
0.078
0.167
0.082
0.076
91.567
1.773
0.092
0.076
0.089
70.800
0.102
0.803
8.073
0.090
90.950
0.292
0.811
0.092
0.075
90.195
0.297
0.089
0.093
0.085
74.130
0.178
6.027
0.100
9.455
95.679
0.089
0.091
0.084
0.096
79.327
0.083
8.868
0.080
4.626
89.917
3.675
0.080
0.182
0.085
15.573
59.997
14.799
0.098
0.091
70.509
10.476
0.092
0.098
9.408
73.083
19.104
0.078
0.073
0.075
92.840
0.099
0.085
0.091
0.087
95.163
0.086
0.073
0.094
0.098
76.891
7.475
0.141
8.102
0.098
94.353
0.100
0.079
0.072
0.083
71.884
10.345
0.102
0.096
5.900
69.775
19.290
0.081
0.394
0.078
74.144
15.874
0.087
2.618
0.096
67.204
12.972
13.295
0.306
0.085
86.789
3.383
0.104
0.092
21.922
156.014
1.284
1.787
0.087
0.073
254.802
0.091
0.077
0.194
2.593
304.044
16.038
0.094
0.081
0.075
114.991
0.100
0.087
0.214
0.087
125.555
17.892
0.087
0.083
0.081
467.040
0.079
0.081
0.300
0.089
292.148
0.083
82.377
5.473
0.089
331.701
1.208
0.079
21.871
0.094
197.220
54.236
49.562
0.126
0.137
207.494
143.446
0.156
0.091
0.085
251.902
8.985
0.083
32.786
0.117
122.957
0.478
0.088
0.075
0.077
116.417
0.101
0.090
3.663
0.102
71.116
5.399
120.029
0.102
0.087
238.291
0.092
0.357
0.089
0.085
190.172
1.650
0.087
5.207
0.098
124.468
46.864
15.813
0.085
0.077
137.656
0.101
0.081
2.916
0.080
162.505
0.127
0.115
0.096
0.110
133.889
0.105
24.861
0.449
0.083
126.296
0.086
0.085
0.092
0.110
122.586
0.097
0.106
19.112
0.089
111.266
0.098
0.099
0.086
4.082
90.074
1.613
6.914
0.098
1.682
81.848
0.087
0.132
7.521
7.754
97.534
4.317
0.091
0.085
0.104
92.708
0.093
5.997
0.081
0.078
96.484
0.083
0.094
2.550
0.080
71.201
21.274
0.149
0.108
0.112
85.780
5.563
0.104
3.017
1.437
89.571
0.100
0.088
0.101
0.077
73.694
5.137
14.481
0.083
0.182
98.249
0.102
0.079
0.312
0.098
91.688
0.084
0.087
0.310
0.541
81.665
5.140
13.488
0.080
6.469
86.858
0.102
0.085
0.094
0.091
77.783
4.295
5.573
6.789
0.085
86.247
0.089
9.593
0.106
0.097
71.322
18.617
0.089
0.084
0.085
71.411
22.972
0.098
0.080
0.094
75.434
0.098
13.670
0.323
0.077
93.615
0.079
0.077
0.182
0.089
97.797
0.191
0.085
0.085
0.317
94.607
0.081
2.013
0.108
0.096
101.655
0.092
0.157
0.083
0.089
73.224
15.240
5.870
0.083
0.102
88.363
0.323
5.325
0.169
0.100
94.363
0.089
0.081
0.094
0.092
91.185
0.095
0.089
0.328
0.081
85.499
3.045
0.105
7.983
3.413
87.953
0.117
0.212
0.105
0.088
65.813
27.508
0.086
0.319
0.521
111.884
0.084
0.086
3.964
5.211
98.256
0.104
0.097
8.853
0.087
0.361
93.373
15.536
0.085
0.102
114.745
0.089
1.524
0.083
0.085
98.093
22.915
0.094
0.102
0.106
108.362
9.895
0.098
0.081
4.258
117.271
1.403
0.086
1.126
1.466
90.512
22.315
0.104
0.558
0.108
108.470
0.089
0.089
0.083
0.099
106.298
0.102
0.104
6.023
7.239
111.748
0.089
0.102
1.368
0.089
126.198
0.327
0.098
0.098
0.094
130.980
0.098
0.116
2.718
0.098
161.283
0.335
0.188
5.716
0.092
238.187
19.262
0.087
0.102
0.137
356.303
0.093
0.100
76.219
0.100
178.469
104.883
10.865
75.341
0.106
245.512
0.262
58.041
4.479
0.087
230.699
0.098
0.104
0.092
42.915
215.495
0.136
0.110
0.126
0.216
174.526
3.268
2.284
0.760
0.098
126.834
18.208
0.214
3.247
0.143
92.607
29.343
0.090
0.108
0.570
132.113
0.090
0.108
0.083
0.110
125.034
0.096
0.111
4.360
0.096
109.477
0.362
0.109
18.144
0.102
108.618
17.154
1.153
0.364
0.088
279.810
46.507
0.091
0.085
0.190
192.701
0.312
2.354
11.451
26.470
173.046
0.102
0.091
10.100
0.102
127.952
0.111
0.083
0.101
0.179
98.046
10.294
17.912
0.108
0.087
104.154
20.488
0.120
1.051
0.370
102.776
17.660
0.098
0.087
0.081
123.948
0.096
0.094
0.116
0.206
112.492
0.118
0.081
3.833
6.635
190.955
5.481
0.096
0.092
0.085
199.711
0.108
0.112
0.194
0.114
111.193
29.180
28.482
0.120
0.089
123.349
15.352
0.455
6.909
0.265
143.570
0.451
0.114
0.093
0.106
128.889
0.116
0.085
0.083
0.085
107.982
0.089
5.076
1.718
5.099
118.084
0.096
0.175
0.086
0.083
117.750
3.328
0.107
1.098
0.347
112.512
0.198
0.104
0.343
0.098
119.703
0.098
0.100
0.092
0.114
119.317
0.100
0.091
0.102
0.177
97.902
5.259
11.497
7.246
0.089
102.400
6.723
6.886
8.852
0.186
115.398
0.100
0.190
0.104
0.098
107.767
0.089
0.098
0.085
0.153
97.791
7.983
0.091
1.000
3.951
88.303
14.266
18.344
0.094
0.089
110.316
4.835
4.054
0.199
0.177
120.612
0.100
1.910
0.094
0.104
105.173
0.091
2.831
12.554
0.112
89.104
13.033
4.567
12.194
0.089
92.629
0.102
6.093
0.262
0.094
111.397
0.117
0.102
0.085
0.094
110.096
0.092
5.927
4.144
0.104
124.539
0.098
0.181
0.089
0.112
99.657
21.512
0.096
0.098
0.091
132.358
0.112
0.190
0.105
0.094
115.771
0.119
2.502
1.294
0.112
97.922
0.107
0.096
0.096
1.635
95.594
21.411
0.090
0.102
0.100
88.102
6.411
26.901
0.100
0.795
120.553
0.352
0.095
0.096
0.091
121.418
0.091
0.202
0.096
0.104
108.843
0.091
0.114
1.975
7.887
170.763
0.869
0.116
0.098
0.098
172.155
36.621
0.102
0.092
0.098
194.008
0.106
0.235
0.119
0.143
172.290
15.029
0.094
0.086
0.085
125.676
0.120
34.262
0.106
0.102
121.686
47.946
0.108
0.091
0.117
181.547
17.862
0.110
0.128
0.112
123.889
0.121
7.885
0.118
15.604
64.754
74.606
0.108
0.096
0.112
146.973
0.102
0.110
0.106
0.108
191.153
0.150
0.091
3.783
0.089
166.464
0.192
9.518
0.117
0.102
156.683
0.104
0.087
0.104
13.312
133.909
0.095
29.110
0.090
0.088
133.198
0.110
3.612
13.327
0.118
136.566
0.361
0.093
0.169
0.090
102.083
45.058
0.106
0.098
0.096
170.287
0.116
0.091
0.179
0.089
128.405
0.373
36.430
0.109
0.103
164.670
0.102
0.092
0.106
1.012
128.451
41.010
0.109
0.114
0.194
333.034
16.344
0.112
82.991
11.859
212.014
1.162
0.104
0.092
0.104
138.894
0.415
0.098
0.114
0.089
116.464
19.507
0.165
0.087
0.112
120.138
0.109
6.975
0.122
13.912
135.928
2.080
0.104
0.103
3.808
137.434
0.092
0.098
0.120
0.087
115.460
18.779
0.098
0.141
0.115
122.005
0.112
0.089
0.090
0.177
134.727
0.104
0.110
1.129
1.049
133.363
0.106
0.102
0.110
0.089
123.870
1.599
2.910
8.669
0.122
105.388
20.623
0.098
10.702
0.098
110.199
3.473
5.761
0.094
8.617
135.159
0.095
0.091
0.094
0.089
122.624
14.522
0.102
0.108
0.374
105.560
31.246
1.466
0.108
2.464
115.289
21.613
1.190
0.132
0.124
125.912
0.117
6.666
0.094
2.537
134.195
0.201
0.103
0.104
0.094
121.249
4.512
13.624
0.110
0.098
135.734
0.110
0.104
0.104
3.245
139.526
4.131
0.103
0.121
0.103
119.446
3.217
11.950
0.097
3.111
129.378
0.106
0.095
0.113
0.196
105.253
9.695
27.259
2.458
0.101
136.922
0.180
0.370
0.184
0.120
130.625
0.096
0.106
0.181
0.112
135.530
0.109
0.109
2.006
0.370
107.387
3.727
1.975
22.378
0.124
101.896
27.098
0.100
0.114
0.574
250.063
0.127
0.665
0.098
0.155
152.159
66.454
11.417
3.015
12.729
169.879
25.871
4.703
8.433
16.522
193.308
2.117
0.251
11.203
0.116
179.735
0.110
0.500
0.100
0.112
187.092
19.595
0.097
0.111
14.905
149.078
24.958
6.469
0.160
3.575
166.970
0.106
1.045
0.095
0.107
155.832
24.326
0.157
0.376
18.402
131.621
12.115
12.958
18.675
0.098
124.773
0.126
5.414
12.035
0.098
113.757
27.459
0.120
0.370
0.106
117.388
9.412
20.424
0.116
0.099
110.191
0.155
9.098
24.999
0.398
148.589
0.100
0.099
0.098
0.122
141.054
0.102
0.100
0.106
0.115
138.473
0.122
0.116
0.247
0.605
151.658
0.118
0.177
0.092
0.090
118.491
37.703
0.125
0.127
2.336
131.856
6.618
0.119
4.992
0.105
137.873
0.113
26.512
0.120
13.900
135.169
18.421
0.151
0.094
0.111
147.425
19.384
0.179
0.109
0.111
143.756
64.188
0.137
3.685
7.834
178.833
5.305
21.837
0.098
0.124
133.596
19.894
0.094
0.102
4.000
124.641
0.508
4.859
22.948
0.762
148.646
0.096
8.891
7.559
0.096
129.469
17.985
0.126
0.106
5.119
122.805
1.261
0.120
13.680
0.100
145.500
0.102
4.557
0.107
0.116
147.720
11.558
0.218
0.114
0.136
9.349
120.927
0.106
23.399
3.178
128.076
0.118
4.798
0.130
0.108
146.148
18.674
0.124
0.169
0.118
150.146
0.126
1.640
0.140
0.098
159.230
3.031
0.194
0.120
0.122
156.041
0.126
0.116
0.110
0.114
121.807
0.119
11.200
0.111
19.026
133.287
13.224
0.103
8.402
0.108
150.352
0.106
6.801
0.102
1.163
133.774
28.093
0.098
0.123
0.122
125.578
31.515
2.247
0.098
0.102
157.722
0.109
0.111
0.106
0.184
134.116
0.100
0.126
7.149
0.126
132.280
0.413
19.211
0.126
2.810
123.100
47.621
0.449
0.099
0.117
195.574
28.815
3.592
0.109
0.110
216.855
0.125
3.348
0.126
0.110
212.098
1.153
0.130
0.106
0.096
181.050
0.407
0.112
16.510
0.199
178.588
0.172
0.124
8.729
4.241
173.290
0.140
0.126
0.147
0.100
122.734
14.755
0.125
12.957
4.000
158.636
0.120
18.895
0.145
21.477
187.722
11.435
0.097
0.122
8.123
175.917
0.130
0.194
2.953
0.460
114.961
0.404
10.801
0.398
2.016
118.264
11.035
0.124
0.100
0.100
93.134
9.220
12.346
0.099
0.098
104.120
11.088
8.408
0.116
6.308
129.015
0.127
0.112
0.141
0.134
149.930
5.117
0.400
27.435
0.110
89.027
36.269
0.122
0.121
0.102
86.231
25.195
12.155
0.119
0.099
94.739
10.928
0.124
0.104
0.110
147.808
0.104
0.129
0.136
0.100
87.437
31.262
0.109
0.104
0.134
127.159
0.449
0.122
0.125
0.142
82.325
12.000
24.248
0.116
0.112
103.578
0.112
0.115
0.207
0.105
124.491
0.104
6.009
0.113
0.108
121.332
2.669
1.276
0.125
0.114
127.362
0.124
6.993
0.109
0.413
132.719
0.167
0.113
0.116
0.134
112.715
18.272
2.251
0.116
0.102
128.413
0.407
0.100
1.347
0.123
97.687
2.902
0.227
0.137
0.100
122.625
0.116
0.141
8.441
0.134
90.412
42.045
0.124
0.133
1.122
111.408
0.129
0.407
11.327
5.622
94.110
24.395
0.136
0.407
12.663
129.964
0.112
0.137
0.126
1.180
97.038
32.655
0.122
0.108
0.130
126.166
0.127
0.112
0.510
0.118
99.160
15.297
19.500
0.197
0.116
109.416
0.108
0.138
18.977
0.107
137.773
0.120
0.113
0.132
0.413
132.962
0.120
0.121
4.033
0.124
131.201
0.131
6.666
17.497
0.106
137.254
29.130
0.122
0.239
0.120
165.734
0.505
0.149
0.112
0.102
155.894
0.106
0.128
0.135
0.200
163.083
0.117
0.126
0.132
0.274
155.136
7.727
0.145
0.112
0.416
174.363
0.130
0.104
0.671
0.231
148.100
0.141
13.242
0.292
0.133
143.800
0.110
0.102
0.213
0.116
131.046
0.135
0.111
21.242
0.123
109.694
39.505
0.102
0.104
0.127
143.208
0.141
0.130
0.119
0.130
126.082
6.521
0.123
0.231
0.104
123.623
0.213
0.110
1.763
0.130
100.639
39.061
0.437
0.120
0.102
135.382
0.123
0.108
0.138
0.122
143.643
10.429
0.115
5.764
0.143
114.097
26.388
0.118
0.128
0.411
143.410
65.604
0.108
0.108
0.111
146.953
14.399
0.113
2.025
0.250
139.888
0.139
0.116
0.130
0.129
102.719
0.243
6.007
0.112
0.126
131.938
0.122
0.112
0.104
9.320
124.953
0.136
12.284
0.116
0.146
111.035
6.801
0.115
0.106
0.137
131.958
0.110
0.419
0.171
0.124
129.401
0.110
0.124
6.682
0.114
111.720
2.043
37.312
0.136
0.136
124.019
0.120
0.120
0.145
0.114
110.933
26.522
0.138
0.128
0.106
99.618
0.141
33.613
0.134
0.104
122.727
0.433
1.929
8.685
8.965
109.305
3.081
1.016
3.657
4.152
155.767
0.467
0.112
0.140
0.126
149.578
4.315
0.193
0.141
0.116
127.068
17.951
0.141
0.854
0.124
151.850
0.123
0.257
0.105
0.127
145.131
0.131
0.127
0.110
0.102
139.459
12.196
0.119
0.111
0.126
139.747
0.140
4.641
4.215
0.116
11.609
94.277
38.145
0.145
0.124
188.205
0.124
0.207
11.777
0.557
156.045
0.124
0.274
0.111
0.136
147.882
4.144
25.115
0.114
0.145
193.180
0.116
0.261
0.105
0.131
182.275
0.144
0.537
0.136
0.111
173.753
0.132
0.130
0.129
1.265
176.321
0.435
0.118
4.800
0.141
158.591
14.966
13.332
0.139
0.211
181.853
0.109
0.104
0.120
0.220
142.641
0.115
0.143
27.268
0.141
162.140
0.114
0.131
0.119
0.131
160.651
0.125
0.124
0.116
0.108
127.149
21.810
0.127
0.132
0.660
140.875
0.146
14.348
0.112
0.173
122.723
16.516
0.117
0.126
0.210
128.852
0.114
0.114
0.210
0.124
132.829
21.272
8.833
0.132
0.123
125.708
29.456
0.484
0.143
0.212
158.880
0.123
0.193
0.141
0.135
144.786
0.145
0.122
9.811
0.132
143.584
0.132
0.452
9.819
0.122
134.424
5.838
0.445
17.259
0.112
159.539
0.144
0.214
0.119
0.108
131.367
24.455
0.124
0.441
0.120
147.909
0.146
0.145
0.137
0.110
148.461
0.111
13.441
0.182
4.355
115.474
30.998
5.372
0.120
0.145
139.759
0.452
2.953
10.182
0.121
115.775
40.665
0.130
0.133
0.110
153.588
3.529
0.125
0.125
0.243
151.921
0.136
0.130
0.147
0.531
150.884
0.130
0.130
0.126
0.134
156.521
0.174
0.119
0.463
0.509
142.758
0.141
0.164
0.153
10.372
118.828
38.212
0.143
0.143
0.141
152.023
0.179
0.122
0.130
0.142
52.352
95.301
0.136
0.144
0.147
117.722
0.114
22.664
0.118
11.653
123.443
0.112
0.125
15.607
1.955
162.627
0.135
0.167
0.150
0.147
166.157
0.141
5.332
0.136
0.145
149.392
0.253
15.667
0.130
15.677
178.980
12.671
0.117
3.043
1.871
174.718
0.154
0.108
0.145
10.454
177.282
0.134
0.122
2.405
0.155
141.449
0.145
5.837
0.122
0.150
145.947
0.559
0.114
28.412
0.118
169.469
0.134
0.151
22.037
0.122
172.384
0.137
0.137
0.124
5.660
158.960
0.137
0.126
0.143
0.140
135.267
41.867
0.153
0.132
0.122
162.212
0.184
0.450
0.145
0.138
154.741
0.159
0.142
0.139
0.147
164.822
0.460
0.134
0.128
0.247
150.224
0.139
19.652
0.142
0.112
168.379
0.128
3.376
0.136
0.112
168.864
0.132
0.130
0.132
0.223
166.022
0.762
0.134
0.566
0.131
161.508
0.143
0.126
0.153
0.143
149.973
7.469
0.132
0.128
4.134
161.551
2.380
0.136
0.158
0.130
148.344
0.116
0.115
0.139
0.115
139.718
4.748
0.126
0.465
0.132
155.619
2.290
0.143
0.139
0.149
149.053
0.462
4.776
0.173
0.139
119.413
0.114
11.122
10.367
0.143
109.164
22.276
6.346
4.751
0.116
148.919
0.130
11.084
0.143
0.464
145.512
0.136
0.113
0.134
18.986
124.592
29.347
0.118
0.143
0.147
138.338
0.118
0.468
0.122
0.456
157.017
0.155
0.145
0.135
0.116
117.328
19.550
0.126
0.149
7.415
145.216
0.134
0.136
0.137
0.136
120.826
45.467
0.466
0.116
0.141
151.776
0.150
5.692
0.470
0.213
133.660
0.129
0.143
29.873
0.130
130.846
8.132
0.133
0.132
14.052
144.796
19.518
0.147
1.319
0.263
175.872
4.321
0.149
0.163
0.113
184.169
0.126
0.130
0.123
0.136
197.256
0.130
0.225
0.149
0.155
147.276
21.747
0.136
0.266
0.118
173.075
0.156
0.145
0.243
19.316
181.427
0.163
0.296
0.149
0.119
115.805
51.164
0.124
0.149
0.145
130.798
41.667
0.145
0.122
0.208
174.664
0.122
3.545
0.140
0.237
167.360
1.957
0.145
0.151
0.155
160.753
0.151
0.139
0.137
0.250
167.726
0.134
1.526
0.120
0.137
155.585
0.132
18.538
0.118
0.120
118.786
0.222
38.202
5.856
0.216
119.438
13.591
0.217
0.707
22.663
149.072
11.362
0.155
0.134
0.125
161.996
0.206
2.665
0.139
0.140
109.712
26.377
0.134
15.856
0.152
146.708
16.436
0.165
0.132
0.130
153.954
2.880
8.721
8.743
0.116
156.572
0.122
0.159
0.142
0.158
149.889
0.230
0.134
0.137
0.140
155.467
0.235
0.122
0.124
0.472
147.260
0.131
0.480
4.810
8.858
164.805
0.126
0.151
0.149
0.139
121.941
7.152
46.912
0.132
0.120
117.063
3.209
27.574
9.237
0.118
161.718
0.137
0.128
0.143
0.133
132.781
0.139
31.325
0.134
0.148
124.639
28.130
6.046
0.142
0.120
131.670
8.518
0.139
4.334
0.151
114.175
46.040
0.133
0.586
0.116
165.006
0.121
0.155
0.155
0.134
143.185
0.164
3.276
0.157
0.154
171.987
0.169
0.473
0.141
0.119
174.452
0.128
0.118
6.784
11.431
179.699
0.204
0.141
0.143
0.154
125.953
11.165
43.354
5.451
0.151
145.875
0.178
29.947
0.142
0.131
0.153
131.882
13.753
28.257
0.126
109.316
23.987
32.673
0.244
0.165
139.196
31.667
0.151
0.255
0.480
165.522
0.222
0.126
0.139
0.139
121.305
16.959
0.122
0.159
0.481
173.169
0.165
0.689
0.480
4.780
159.236
10.216
0.146
0.229
0.149
152.345
0.155
0.513
0.124
0.122
149.567
0.128
0.146
0.161
0.481
118.880
13.508
0.139
16.288
0.237
126.542
0.206
7.449
27.457
0.159
165.785
0.150
0.167
0.162
0.173
137.716
0.134
29.247
8.271
0.210
167.478
2.163
0.121
0.130
5.240
150.823
0.128
14.317
0.514
0.141
150.681
6.095
10.593
0.134
0.875
140.411
12.209
0.159
1.722
0.241
166.574
4.726
0.126
1.812
0.122
161.973
0.126
0.136
0.139
0.123
139.723
0.122
0.140
0.141
0.161
118.706
39.469
0.124
0.582
0.166
115.706
34.430
13.599
0.124
0.136
128.781
17.979
15.970
0.138
0.139
115.582
0.164
6.415
40.491
0.139
124.926
0.171
29.395
0.157
0.169
149.326
0.139
0.133
0.126
0.151
126.025
7.295
0.151
0.141
2.501
144.484
0.220
0.163
0.167
24.798
159.661
0.126
0.161
0.141
0.165
158.045
12.943
0.128
0.151
0.227
163.294
0.163
0.128
0.134
0.193
165.977
0.126
11.487
0.160
0.145
151.539
0.127
0.135
26.091
0.163
127.573
0.171
7.861
39.865
0.137
159.017
4.923
13.189
0.164
0.251
152.659
1.622
0.155
2.053
0.179
147.213
12.876
0.149
0.137
0.496
156.740
0.175
17.623
0.159
0.141
116.576
46.146
0.515
0.148
19.683
152.416
0.157
8.997
0.157
0.158
152.478
18.081
0.129
0.132
0.148
174.666
0.507
0.589
0.135
0.130
123.099
43.678
2.703
0.133
0.149
137.113
9.185
0.167
8.822
0.164
163.032
0.140
0.137
12.178
0.147
156.472
4.346
0.131
0.245
0.134
163.437
0.607
0.155
0.123
0.137
157.608
0.169
25.063
0.574
0.166
131.678
28.777
0.167
0.163
5.583
170.756
0.160
0.165
0.201
5.420
152.093
0.147
16.854
0.165
0.496
147.331
0.145
0.134
0.149
0.237
173.928
0.244
0.138
0.155
0.164
159.454
0.560
0.137
5.056
0.580
115.143
26.925
0.155
0.124
0.165
130.776
0.145
0.143
16.293
0.167
118.232
9.266
43.005
0.523
0.128
134.258
2.820
18.841
0.165
0.268
124.633
0.126
17.952
0.125
0.167
131.569
0.145
23.974
5.010
0.173
139.878
6.297
0.161
0.167
0.153
152.969
0.136
0.128
0.235
10.267
109.242
15.123
6.371
28.144
8.244
137.466
0.137
0.163
42.240
0.161
146.419
7.758
9.133
0.141
0.169
155.011
23.158
0.173
0.159
0.145
142.123
15.750
0.231
0.165
0.137
148.924
5.615
1.538
15.500
0.170
178.155
0.159
0.161
1.949
4.686
185.137
0.528
0.151
0.231
0.140
155.970
0.141
0.260
7.596
0.153
175.343
0.147
0.126
0.165
3.594
160.805
0.128
3.763
24.375
0.151
179.603
0.199
0.134
6.974
3.278
138.611
0.269
0.155
37.221
0.245
156.926
0.133
0.155
0.139
0.162
134.413
47.371
0.153
0.125
6.382
161.619
20.061
0.142
0.172
0.136
142.084
0.136
8.032
3.055
0.153
139.493
30.162
0.249
0.152
13.341
160.009
0.157
24.806
0.196
0.147
169.189
21.168
0.161
0.150
5.608
150.671
31.178
20.903
0.632
0.171
155.041
0.153
0.165
0.171
0.147
145.088
0.173
28.341
0.167
0.145
145.762
36.553
0.128
0.233
0.181
128.974
61.310
0.129
0.169
0.135
160.710
0.126
27.917
0.261
0.164
151.278
0.140
10.478
0.185
0.145
188.347
0.159
0.127
0.164
0.165
139.988
1.887
19.978
0.147
20.257
191.024
0.157
0.155
0.151
0.169
153.454
4.717
12.151
0.146
0.155
176.988
0.175
0.184
0.150
0.513
180.427
0.177
0.159
0.170
0.139
2.515
177.684
2.521
0.165
0.138
164.664
0.139
0.141
6.654
0.149
120.774
51.209
0.527
0.145
0.173
172.279
0.137
0.170
0.229
1.574
178.680
0.185
0.168
0.148
0.139
143.783
59.475
9.198
0.177
0.539
203.225
0.154
0.171
0.219
4.072
211.138
0.170
0.535
0.171
0.257
181.566
0.155
11.736
0.139
0.143
183.748
8.592
3.520
0.220
0.527
177.660
3.765
17.316
0.128
0.137
140.771
22.665
0.200
28.169
0.136
192.302
0.161
0.631
0.705
4.598
170.988
28.877
0.176
0.187
0.255
190.011
0.587
0.136
0.131
0.139
157.614
0.147
28.073
0.136
0.137
191.662
0.153
3.381
0.132
0.238
172.973
0.154
20.055
0.562
0.160
187.445
9.925
2.571
0.169
0.139
145.793
43.575
0.157
0.173
0.589
155.622
0.169
15.155
15.754
1.975
139.504
9.895
0.172
21.606
0.159
146.207
48.721
0.161
0.137
0.259
190.775
0.215
0.154
0.163
0.157
177.575
8.952
2.139
0.163
0.153
155.658
0.156
30.926
0.155
0.153
187.743
0.145
0.131
0.147
0.157
195.054
0.564
0.153
0.137
0.605
0.188
161.614
0.161
25.054
0.133
184.024
0.157
0.182
1.745
0.179
175.757
0.145
0.145
11.961
0.142
183.763
0.167
13.278
0.241
0.168
132.762
12.385
11.051
0.163
31.135
180.123
16.518
0.179
0.136
0.168
140.364
16.565
40.423
0.136
2.991
187.909
0.202
0.138
0.558
0.239
210.400
0.175
4.960
0.167
0.156
182.153
0.165
0.229
4.409
0.156
188.880
0.165
22.689
0.142
0.145
185.016
0.881
0.182
9.147
0.223
186.184
0.212
40.308
0.173
0.158
203.381
0.175
5.033
18.666
0.139
225.444
0.180
0.147
0.141
0.153
160.033
26.809
0.250
11.320
31.986
205.286
0.181
0.131
0.146
0.157
200.060
0.574
0.177
25.162
0.184
178.641
40.237
0.155
6.847
0.136
197.476
0.174
0.149
7.848
8.038
179.916
37.101
7.574
19.670
0.654
211.421
0.547
25.847
0.141
0.179
166.661
33.739
0.159
3.648
23.067
215.283
0.184
0.539
10.035
0.136
204.640
0.181
13.583
6.708
6.527
190.964
25.812
0.626
0.130
0.158
212.168
0.157
0.133
0.139
1.463
219.028
11.196
0.158
0.181
0.182
160.208
28.459
35.864
0.139
0.146
169.283
54.465
0.149
0.167
0.134
163.940
12.357
23.527
29.738
0.246
225.618
3.780
0.173
0.139
0.226
199.022
9.851
0.181
5.734
0.136
225.890
0.176
0.241
0.155
0.147
222.674
0.143
23.391
0.181
0.633
207.019
0.149
0.134
36.205
0.186
199.177
24.194
0.143
0.153
2.319
198.802
0.156
0.184
0.317
0.177
233.783
0.145
0.175
0.191
0.132
232.153
0.177
0.152
10.646
0.175
208.777
0.155
0.167
16.235
0.175
173.390
44.249
0.141
0.164
0.249
188.735
30.082
14.133
0.154
0.184
194.828
0.175
5.275
7.285
0.167
201.652
28.405
0.226
0.177
0.167
173.250
46.742
0.365
0.146
0.147
181.701
0.286
0.153
28.343
0.139
214.507
0.242
0.151
0.165
0.182
171.040
0.161
0.143
0.163
7.592
178.769
0.157
0.573
44.035
0.157
194.627
0.186
0.168
0.163
39.468
204.225
0.161
0.161
0.147
16.398
168.090
0.288
8.451
0.160
46.557
220.547
0.175
0.138
0.177
0.145
210.435
0.286
1.446
0.177
0.143
219.820
0.241
0.175
0.181
0.145
205.585
0.167
0.177
0.184
13.978
187.050
0.161
37.288
0.157
0.206
177.289
0.148
43.830
0.156
0.180
165.472
16.256
18.887
0.173
0.556
219.860
0.157
0.190
0.179
0.179
216.139
0.379
13.174
0.150
0.140
222.816
0.187
32.393
0.284
0.482
177.892
57.694
0.184
0.245
12.405
247.183
0.296
0.137
0.175
0.143
130.316
85.699
0.161
18.498
0.144
163.494
56.412
21.295
0.172
0.169
181.285
53.492
0.237
0.184
0.153
195.736
0.644
5.275
24.045
0.552
172.333
30.980
7.167
0.149
0.169
217.410
16.070
0.233
0.163
0.184
168.629
54.989
0.202
4.720
0.188
162.926
73.988
0.184
0.141
0.177
171.690
28.284
0.597
27.629
0.844
221.265
0.157
19.108
5.890
0.243
214.013
8.144
0.167
0.157
0.169
205.644
3.037
29.110
0.769
0.152
217.162
0.141
0.155
0.575
0.134
188.060
0.233
0.593
0.153
17.385
196.726
0.175
12.585
0.187
0.151
175.280
24.467
3.168
1.754
4.688
223.785
3.639
0.186
0.266
0.161
215.988
0.170
10.398
0.155
0.143
215.809
0.321
0.153
0.171
0.167
213.126
4.861
0.141
19.453
0.192
208.869
0.202
0.146
2.129
0.579
170.128
0.169
36.129
0.297
13.587
179.323
18.097
3.651
0.192
27.035
192.542
32.617
1.460
0.155
10.294
231.836
0.576
0.161
10.369
3.536
243.317
0.180
0.190
0.188
0.177
174.990
32.632
12.924
0.213
0.143
177.037
63.687
0.157
0.163
0.176
186.641
18.598
0.182
41.303
0.175
194.516
28.587
0.156
0.175
0.183
191.300
31.393
0.292
0.161
6.136
183.006
28.450
12.291
0.151
12.860
187.401
6.792
41.992
0.145
1.753
246.871
0.256
0.190
0.177
0.149
170.572
44.348
0.575
1.118
0.151
227.001
0.167
0.219
4.090
0.259
191.124
42.920
0.185
0.141
5.753
183.479
37.050
0.169
0.153
0.153
227.521
0.726
0.153
0.171
0.152
180.813
47.864
0.173
0.706
0.141
197.352
0.593
0.161
0.163
31.791
171.966
40.642
0.159
0.164
26.062
191.892
13.119
0.153
0.161
0.145
177.275
0.149
0.157
35.765
0.161
229.544
0.229
0.143
0.175
0.192
220.204
0.151
0.147
19.246
4.092
198.994
0.156
31.068
0.161
0.179
208.968
0.164
32.128
0.184
0.177
192.286
0.174
0.167
50.885
0.188
181.348
57.987
0.313
0.190
0.154
222.998
0.593
0.178
6.373
0.177
241.163
0.181
21.566
0.181
0.174
219.347
0.181
0.146
0.167
26.092
205.694
41.407
0.215
0.192
0.636
221.012
0.181
0.188
7.713
0.246
252.022
0.172
0.161
0.147
0.157
169.535
5.440
50.731
7.005
0.145
213.219
0.175
0.157
0.198
11.673
215.960
0.147
0.147
0.194
0.186
250.928
0.174
0.170
0.273
0.172
238.498
15.868
0.148
0.158
0.179
212.427
0.185
0.153
0.142
0.149
223.316
0.191
6.461
7.130
7.944
238.210
0.176
0.858
0.159
5.446
182.798
11.881
0.145
28.224
11.558
172.102
62.242
0.190
0.155
0.190
236.824
0.161
0.157
0.178
0.199
162.919
80.461
0.605
0.146
0.167
233.200
0.177
0.642
0.181
0.179
222.765
0.166
0.192
0.192
11.659
162.633
46.769
19.299
0.247
0.586
217.667
0.184
33.381
0.218
3.082
236.228
6.647
0.181
0.272
7.656
190.856
57.852
0.194
0.192
4.972
225.975
5.136
0.194
0.153
0.177
158.111
31.262
0.155
65.263
0.161
217.031
0.186
44.090
0.704
0.191
206.774
0.192
0.173
0.186
0.209
200.839
3.726
6.070
0.175
0.154
198.998
0.202
6.549
0.252
37.911
215.102
0.161
0.177
15.765
0.165
219.699
22.677
0.155
0.168
0.148
185.740
23.729
0.155
31.223
0.191
181.443
55.104
0.261
0.157
0.189
240.254
0.175
0.245
0.186
0.144
240.377
0.186
0.278
0.183
0.179
164.200
14.203
59.883
0.170
0.186
242.588
0.157
0.627
0.196
0.194
171.775
21.290
0.150
0.155
20.379
172.768
46.977
0.218
0.193
0.304
224.260
9.505
0.280
0.169
0.599
186.415
50.904
0.168
0.190
0.198
244.896
0.290
0.182
0.177
0.188
239.128
0.172
3.035
0.188
0.200
245.435
1.819
0.193
0.173
0.188
176.909
47.126
0.204
0.690
30.178
249.997
0.191
0.268
0.154
0.200
248.799
16.587
0.224
0.157
0.150
182.308
37.392
0.283
35.952
0.177
221.272
0.181
0.200
0.214
10.002
169.141
13.688
38.550
5.082
15.475
170.056
19.478
1.581
46.251
0.155
242.503
0.179
0.198
0.271
0.163
254.334
0.167
0.200
0.179
0.254
251.915
0.162
0.163
0.204
0.264
244.106
0.186
0.714
5.266
0.212
199.195
38.802
0.167
0.171
0.163
249.433
0.200
0.257
0.198
0.605
183.386
39.903
2.468
24.042
0.683
224.042
10.662
0.206
0.717
0.147
222.135
3.150
0.613
0.167
0.222
298.523
0.166
0.611
0.177
2.613
248.885
27.463
0.204
0.155
9.976
255.604
28.347
0.623
0.147
0.186
244.927
35.766
9.143
21.580
0.192
269.149
17.818
0.206
0.181
0.157
307.812
0.182
0.166
0.158
0.308
259.085
35.539
25.124
0.294
0.198
258.308
48.067
10.546
0.155
0.201
312.127
0.176
0.170
0.155
0.153
241.540
69.996
0.159
0.192
0.251
283.418
0.173
23.902
0.161
0.186
319.608
0.193
0.247
0.182
0.194
254.581
0.300
0.617
0.192
0.294
295.637
0.300
0.200
0.159
56.274
270.916
0.161
0.197
0.166
66.760
324.365
3.569
18.905
0.170
0.177
309.814
0.204
27.987
0.200
0.161
4.872
268.826
0.310
0.293
20.010
321.845
0.159
0.205
0.276
0.175
331.065
0.159
0.182
0.205
0.147
342.678
0.148
0.200
0.310
0.197
336.038
0.171
0.879
0.201
0.160
321.104
15.225
0.199
0.167
0.616
116.954
160.745
51.663
0.181
3.931
334.529
0.198
13.176
0.201
0.181
265.629
73.252
0.280
0.159
0.173
353.592
0.169
8.484
0.173
0.187
297.759
61.255
0.168
2.283
0.295
277.041
74.829
0.177
0.423
0.705
329.340
13.706
0.208
0.247
0.186
297.668
47.554
5.788
0.159
0.189
296.911
0.188
62.933
0.165
0.173
317.208
0.188
35.889
0.636
0.192
276.887
33.542
42.911
0.172
0.304
297.527
50.372
0.200
0.202
15.467
345.717
0.172
0.166
0.693
0.222
338.791
0.157
0.169
0.251
0.629
339.716
6.932
0.964
0.196
0.169
272.517
0.156
28.540
37.508
0.259
320.880
1.848
17.148
0.170
0.175
288.635
0.164
35.061
0.163
0.191
302.144
0.633
34.622
0.194
0.159
309.910
0.636
13.810
11.719
0.157
329.913
0.182
0.178
0.204
0.186
335.772
0.188
0.214
0.662
0.179
278.629
59.007
0.173
0.265
0.165
315.259
0.668
0.272
12.496
19.089
354.631
5.751
0.220
0.272
0.188
368.413
4.804
0.729
0.168
0.210
279.804
56.655
0.192
0.662
0.186
345.560
23.422
0.269
0.638
0.789
264.700
33.166
0.189
0.167
0.204
283.444
28.648
0.202
18.788
0.192
357.867
0.188
0.188
1.859
0.159
307.294
0.212
5.923
18.351
0.164
341.028
0.226
0.399
0.158
0.635
323.862
0.636
0.174
26.698
0.177
263.454
68.417
2.727
0.206
0.179
301.585
0.190
46.052
5.664
0.186
323.363
0.173
0.204
0.195
0.690
329.404
0.195
0.173
0.196
0.167
352.234
1.891
0.247
0.177
0.154
310.673
0.195
0.304
21.315
0.178
314.484
0.215
0.155
0.182
0.203
320.596
16.066
0.757
0.704
0.160
273.618
0.204
81.213
0.202
0.155
276.206
86.188
0.185
0.193
0.196
292.023
71.875
0.301
0.203
0.184
343.040
0.178
0.210
3.573
0.261
354.572
0.223
0.173
0.182
0.174
287.859
0.167
36.731
15.680
0.264
261.990
55.746
0.171
0.158
4.571
299.084
21.693
0.740
2.472
0.192
317.682
0.204
0.190
25.483
0.181
306.730
0.665
13.487
41.836
0.188
291.669
41.982
10.182
0.230
3.800
317.756
54.950
0.210
6.440
0.206
319.542
60.980
0.192
5.066
0.209
350.002
0.329
0.672
1.051
0.170
341.704
21.571
0.213
0.178
0.216
384.165
0.203
0.218
0.163
0.177
312.184
58.042
0.188
0.159
10.920
373.518
0.648
0.167
0.209
0.260
293.483
13.906
43.074
33.030
0.170
405.935
0.182
0.165
0.236
0.228
354.715
37.632
0.199
0.182
0.161
362.043
0.740
0.155
0.171
19.781
353.022
0.179
0.174
6.400
25.738
387.769
0.661
0.681
0.194
8.059
383.705
0.170
0.214
0.167
0.294
359.583
42.422
0.169
0.280
0.206
393.822
0.176
0.161
0.198
0.195
380.140
0.220
0.171
0.159
0.198
373.418
0.224
0.216
0.203
0.216
365.079
0.658
9.210
4.331
0.667
398.434
0.819
0.209
0.164
0.168
357.368
0.656
19.358
0.163
8.799
330.119
0.186
41.260
7.057
10.456
352.152
0.210
9.294
0.244
0.182
301.845
74.883
0.226
0.202
0.263
380.322
0.183
0.170
0.192
0.240
336.145
0.169
30.237
0.205
0.181
325.940
50.503
0.660
0.507
0.655
302.972
49.918
0.163
14.129
0.196
373.402
25.972
0.199
0.173
0.182
335.535
70.001
0.193
0.207
0.206
400.645
0.188
0.652
0.163
0.177
364.398
12.863
0.224
11.933
0.208
323.706
24.103
34.546
0.177
8.316
366.609
0.218
0.202
0.249
0.176
380.959
0.314
0.221
0.204
0.173
386.769
0.722
0.957
0.666
3.917
332.400
31.250
0.204
20.754
0.165
355.423
0.202
1.444
0.222
0.806
319.552
48.404
0.171
1.410
16.693
365.078
0.181
0.167
0.305
0.208
382.261
0.267
0.709
0.790
0.168
305.040
38.852
0.171
0.215
0.170
381.150
0.222
0.229
0.177
0.165
303.346
0.174
68.335
0.200
0.828
329.593
24.051
0.858
0.170
0.174
381.863
3.276
12.257
0.202
0.218
338.763
61.718
0.196
0.707
0.162
391.618
0.203
5.046
0.185
13.346
395.474
0.194
0.199
0.229
0.194
351.363
0.288
0.194
26.526
0.670
402.986
0.207
0.161
0.192
0.270
406.789
0.227
0.215
0.179
0.167
334.999
0.189
55.837
0.212
0.255
356.476
0.186
0.183
13.220
0.210
333.334
18.394
41.534
0.187
3.661
367.689
0.206
7.903
0.738
0.211
331.331
20.945
39.439
0.175
0.184
326.840
58.258
0.172
0.234
0.231
301.625
0.193
0.347
25.428
0.171
297.571
34.889
13.859
0.222
5.716
320.681
0.175
0.185
64.387
0.187
333.392
0.182
22.814
20.617
0.177
393.821
0.166
0.174
0.165
0.197
295.442
22.483
0.268
38.179
26.186
385.334
17.662
0.213
0.347
0.218
339.502
0.203
0.207
0.787
57.005
383.729
30.227
0.205
0.306
0.194
314.083
47.506
0.171
25.671
6.567
336.515
66.427
0.212
0.166
0.214
402.613
0.689
0.186
0.309
0.167
393.109
0.667
0.241
1.012
9.099
380.296
0.222
0.173
0.202
0.191
358.295
0.175
0.188
3.859
0.200
382.752
6.109
0.681
0.188
0.216
350.332
14.479
17.694
0.170
0.229
351.266
0.210
0.208
37.961
8.192
346.106
28.100
14.105
0.247
0.182
373.713
14.185
0.216
0.188
0.171
347.734
0.355
12.285
0.212
30.723
294.752
41.742
0.188
32.225
0.781
388.060
0.167
0.223
0.269
0.201
325.737
7.152
0.274
0.271
0.179
350.405
3.664
51.450
0.177
0.210
369.389
0.202
0.210
29.049
0.205
395.241
9.133
0.202
0.186
0.204
365.613
23.045
0.192
16.140
0.186
263.229
0.595
39.392
36.857
65.942
403.232
0.200
0.172
0.334
0.198
387.070
0.184
0.762
0.198
7.574
366.441
0.178
33.090
0.218
0.218
380.595
0.177
0.706
0.193
0.764
385.101
0.184
3.593
0.181
0.220
341.246
0.298
0.207
0.202
0.218
295.010
72.757
0.218
0.169
0.204
317.732
30.197
0.173
0.192
0.218
317.944
0.220
0.206
23.809
37.065
389.874
0.226
0.203
0.245
0.746
382.688
5.792
3.552
0.213
0.270
373.460
22.188
0.187
0.188
10.030
385.327
28.803
0.178
0.227
0.202
396.282
0.179
0.167
2.022
0.186
397.561
7.330
0.171
0.175
0.208
331.350
31.656
26.527
0.204
0.175
397.312
0.224
0.817
0.214
0.171
318.791
72.422
0.192
0.208
0.206
393.357
0.207
12.101
0.226
1.468
386.460
0.171
0.187
0.218
0.333
381.715
0.204
0.206
0.220
0.179
361.673
0.231
0.194
25.729
0.184
375.161
0.171
0.220
0.199
0.187
370.948
0.317
0.228
0.190
0.230
359.392
10.672
0.690
15.851
0.208
386.597
0.173
0.178
0.193
0.210
357.334
0.181
23.603
0.337
5.843
296.592
7.555
69.700
18.505
0.206
309.502
29.161
59.323
0.177
0.179
393.228
0.233
0.206
0.208
8.265
323.956
0.217
35.203
9.686
0.744
311.053
57.464
0.695
0.317
9.828
295.179
21.653
79.215
0.413
0.183
391.934
0.177
4.522
0.181
0.212
380.346
6.449
15.414
0.237
0.181
379.344
0.224
0.241
18.882
0.216
344.842
9.387
64.936
0.179
0.310
334.713
14.187
0.346
25.172
0.216
350.174
49.912
0.190
0.192
0.209
380.582
0.224
4.210
0.184
0.179
307.912
51.313
0.200
0.180
0.229
376.120
0.192
0.220
0.210
0.191
319.616
33.626
0.220
7.504
0.175
395.503
0.214
0.184
0.804
0.198
331.552
0.713
49.480
0.219
0.173
378.734
0.211
2.765
6.392
0.230
314.047
0.179
63.976
31.014
0.705
368.568
0.208
6.594
32.540
0.188
348.460
48.654
0.228
0.170
0.210
339.988
4.000
29.174
29.935
0.202
371.048
0.200
9.323
0.192
0.278
402.514
0.306
0.252
0.243
0.247
321.681
5.459
59.364
0.317
0.198
320.648
75.605
0.239
11.054
0.235
340.970
33.886
0.208
0.199
26.815
391.011
0.388
0.318
3.770
0.178
399.219
0.191
0.718
0.224
0.188
339.054
46.536
0.348
0.202
0.227
324.410
0.227
70.139
0.292
0.371
324.997
46.412
11.168
0.231
0.224
387.014
0.233
0.198
0.706
0.253
397.957
0.282
3.370
0.188
0.198
317.604
0.228
83.688
0.216
0.206
332.045
63.085
0.276
6.095
0.224
323.535
11.209
0.195
10.028
40.975
334.848
38.079
0.851
19.969
0.312
307.846
99.086
0.180
0.229
0.269
398.577
0.182
0.192
0.991
0.208
310.620
1.812
68.263
0.259
0.234
370.146
30.037
0.196
0.182
0.177
367.386
0.298
0.204
19.822
0.200
365.905
0.239
20.904
0.182
0.249
308.619
0.222
81.481
0.299
0.192
347.752
0.182
0.190
46.093
0.241
390.933
0.204
0.302
0.212
0.196
341.977
0.229
55.962
0.228
0.172
406.505
0.228
0.189
0.193
0.324
304.569
16.917
76.386
0.220
0.176
395.781
0.190
0.240
0.246
0.188
379.024
0.282
0.206
5.719
0.195
377.517
27.285
4.807
0.187
0.221
367.546
0.239
0.183
0.213
0.309
401.541
0.186
0.220
0.812
0.709
349.080
0.724
0.269
0.229
0.202
370.146
0.231
0.241
6.377
0.186
348.661
45.170
0.319
0.221
0.197
336.513
0.229
0.196
45.590
18.770
382.643
7.966
0.231
0.226
0.223
298.587
22.016
0.227
0.308
4.880
400.649
0.285
0.188
0.178
0.210
399.807
0.217
0.186
0.758
0.193
305.079
94.004
0.182
0.261
0.204
410.275
0.735
0.240
0.194
0.177
307.511
0.190
0.196
6.401
0.182
362.234
33.739
0.229
0.261
13.689
353.838
0.194
30.164
7.621
0.198
329.527
17.225
0.226
0.210
36.219
357.356
33.407
0.181
0.194
0.227
389.017
6.946
0.190
0.208
0.296
428.141
0.246
9.928
0.295
0.181
404.570
0.242
0.198
0.214
0.193
311.017
92.796
4.916
0.238
0.241
332.618
0.193
0.237
0.811
0.824
411.923
0.228
0.201
0.212
0.198
37.664
279.257
60.198
0.226
0.231
409.428
0.192
20.058
0.239
0.240
382.056
0.241
0.196
0.243
2.068
365.486
0.351
34.723
0.286
0.192
369.182
0.222
0.219
0.222
16.740
304.630
24.041
0.274
28.695
52.198
371.369
24.481
0.191
0.229
3.853
382.492
0.851
13.981
10.958
0.351
407.884
0.183
0.213
0.194
0.355
347.008
29.390
0.194
18.956
0.179
378.164
0.247
0.243
13.810
0.236
311.939
43.090
31.514
0.192
0.226
15.125
402.819
0.195
0.245
0.192
344.079
50.959
0.235
0.509
0.221
3.741
411.598
0.196
0.305
0.755
352.518
23.888
27.394
0.816
0.233
401.073
0.223
0.246
0.857
0.210
338.622
0.239
38.161
0.216
27.928
342.763
52.743
0.317
0.200
0.877
403.488
0.239
0.187
0.198
0.212
375.701
0.246
0.202
0.308
0.229
345.417
0.259
50.315
0.192
0.210
309.732
81.768
0.182
1.891
0.202
331.786
0.234
0.222
58.540
0.293
376.977
0.190
23.145
0.223
7.531
382.113
0.198
0.200
0.189
13.914
388.068
0.229
0.182
11.282
0.206
380.665
53.478
0.243
0.201
0.868
423.169
0.230
0.810
0.241
0.236
408.618
0.202
0.316
5.273
0.190
349.933
0.300
53.332
0.278
2.888
335.987
64.451
0.246
0.218
0.224
406.902
0.856
0.186
0.308
0.187
295.219
121.510
0.316
0.220
0.812
404.449
0.760
6.475
0.235
0.227
299.357
12.299
22.049
48.962
0.239
319.708
76.817
0.249
0.235
0.188
389.904
0.223
9.562
0.202
0.221
321.717
74.486
0.217
0.771
0.751
314.691
0.859
0.198
86.318
0.227
363.717
0.253
37.911
0.277
0.247
384.857
0.238
26.417
0.276
0.204
431.784
0.194
0.345
0.202
0.188
383.745
0.370
37.717
0.267
0.188
404.924
0.237
0.805
0.186
14.060
361.097
0.339
0.224
46.551
0.383
1.815
341.375
0.202
31.801
27.963
385.740
0.208
0.190
0.298
0.217
399.005
0.859
0.210
0.226
0.337
394.443
0.206
0.202
12.199
0.194
308.072
0.222
54.197
2.345
0.254
335.887
41.988
0.308
0.195
0.202
327.141
3.779
26.392
14.847
30.262
322.031
73.627
0.208
0.231
0.223
399.543
8.664
0.772
0.840
0.767
316.550
0.222
0.235
79.818
0.222
341.448
0.236
0.213
0.249
66.464
409.669
0.257
0.189
4.587
0.222
421.069
0.270
0.238
15.104
0.206
392.887
1.163
3.959
0.221
21.779
414.309
0.211
0.247
0.282
0.186
407.988
0.245
0.302
0.769
0.246
421.457
0.188
0.237
0.810
0.189
306.161
103.675
0.244
0.237
0.257
356.576
0.212
0.232
67.624
0.247
401.148
0.897
14.796
0.196
0.787
351.086
31.058
0.233
0.272
0.253
399.516
0.285
0.237
0.243
0.260
296.203
7.719
0.231
109.083
0.212
329.532
73.733
0.254
0.198
0.777
330.148
70.731
3.765
0.305
0.216
332.797
7.398
52.525
0.216
0.314
359.937
0.194
62.952
2.873
0.206
424.823
0.217
0.255
0.263
13.237
416.407
0.215
0.200
20.207
0.250
358.151
57.944
0.345
0.250
0.231
323.707
66.514
0.243
0.274
17.459
404.719
0.194
0.198
0.194
0.234
330.309
79.552
0.208
0.249
0.223
368.168
5.496
10.223
0.212
0.190
386.107
0.305
0.883
0.198
0.229
378.699
0.223
25.595
0.233
0.247
318.108
53.990
35.056
0.206
0.235
314.390
63.966
23.125
0.792
0.240
372.868
0.197
0.773
12.520
0.807
299.656
65.052
0.238
40.798
0.274
420.263
5.192
0.355
0.194
0.246
338.795
48.557
30.148
0.204
0.241
383.828
0.221
0.242
0.255
0.348
385.038
0.227
16.960
0.261
0.822
417.009
0.212
0.345
0.229
0.232
362.499
28.941
0.200
0.233
0.329
391.638
0.212
0.220
0.213
34.049
409.287
0.240
0.208
0.268
0.188
305.377
44.084
0.208
4.410
64.406
321.321
95.848
0.228
0.249
0.204
370.279
38.224
0.200
0.233
0.224
314.801
20.781
42.595
39.012
0.212
348.164
39.190
0.233
27.468
0.232
428.854
0.290
0.240
5.310
0.883
435.849
0.212
0.206
0.238
0.201
326.977
38.822
82.326
0.224
0.213
375.316
52.454
0.265
0.202
0.227
324.885
13.207
7.194
80.777
0.271
428.885
0.829
0.243
15.377
0.267
321.849
126.808
0.216
0.229
0.935
432.924
0.198
0.829
0.240
0.249
343.200
0.198
63.359
0.251
0.214
407.422
5.923
4.434
0.260
0.229
333.790
46.604
0.207
0.366
0.188
297.351
61.942
0.225
50.356
0.238
312.362
17.451
89.336
4.017
0.206
301.242
5.806
111.097
0.227
0.208
319.061
80.767
0.216
0.267
0.267
373.255
0.861
10.749
0.251
38.726
359.307
0.330
0.234
0.220
54.657
307.818
20.905
23.710
0.216
30.658
393.181
0.250
33.240
0.812
6.367
412.901
0.236
5.657
0.322
0.249
392.971
27.483
0.194
0.910
24.472
374.347
25.574
0.229
0.243
15.543
377.067
7.510
0.210
0.247
0.257
421.860
0.305
0.243
0.290
0.271
337.748
75.344
8.975
0.246
0.255
346.452
77.069
0.255
0.794
0.294
317.513
45.852
0.211
21.131
28.564
328.683
28.073
64.080
0.332
0.233
399.095
0.196
0.245
0.234
0.349
316.395
72.162
0.207
0.200
0.212
452.337
0.234
0.237
0.388
0.255
314.737
0.437
21.469
58.607
0.224
413.351
1.345
0.245
0.347
2.630
420.991
0.265
0.222
0.237
0.240
399.084
0.261
0.230
0.243
0.928
301.849
121.364
6.915
1.080
0.222
5.493
289.738
109.953
0.347
21.681
307.292
106.757
11.186
0.269
0.275
410.026
0.848
0.189
1.488
0.922
402.663
0.267
0.215
0.197
10.055
407.708
0.794
0.196
0.226
0.918
298.603
31.231
39.998
27.797
7.594
341.208
0.205
0.209
94.817
0.226
327.423
65.064
0.314
0.244
0.205
5.913
362.984
45.552
12.047
0.209
416.732
0.260
4.676
0.338
0.222
349.708
0.361
76.980
0.330
0.843
414.415
0.224
0.795
0.409
0.257
406.444
0.195
15.102
0.284
0.206
0.191
313.870
80.444
24.003
0.208
318.405
66.266
2.082
0.249
0.214
411.075
0.940
0.236
0.198
14.819
405.910
2.539
0.824
0.257
0.196
369.727
0.253
0.237
0.241
28.292
329.847
50.847
35.214
0.237
0.198
405.563
0.327
0.237
0.251
0.248
421.588
0.322
0.261
0.240
0.229
359.835
0.267
66.097
0.227
0.263
370.178
0.308
0.208
38.732
29.652
426.481
0.260
5.122
5.808
0.235
433.634
0.255
11.041
0.855
0.841
399.389
0.234
0.265
0.384
0.216
358.648
62.279
0.220
0.226
0.271
367.464
0.237
0.306
0.215
16.989
419.179
0.208
0.257
0.235
0.241
396.073
0.226
0.207
0.263
0.318
403.244
0.235
0.265
39.421
0.245
394.139
0.243
0.856
6.373
0.231
308.043
103.223
0.203
0.247
0.809
408.097
0.826
0.311
0.205
0.259
348.560
0.953
0.204
0.301
0.254
440.541
0.388
0.807
1.007
0.286
400.420
0.337
0.270
0.227
20.031
417.565
0.270
9.909
0.215
0.249
343.525
82.575
0.207
0.339
0.237
314.681
81.504
23.332
0.824
0.268
400.183
0.388
39.256
0.423
0.226
334.952
32.753
8.290
46.613
0.202
84.154
246.774
103.208
0.241
0.221
311.987
96.360
0.222
0.231
0.218
381.803
37.643
0.395
0.231
0.846
420.396
0.222
0.814
0.348
0.202
359.604
21.589
0.266
34.440
0.210
373.200
0.271
0.348
0.210
36.105
427.090
8.946
0.221
0.218
5.213
410.439
11.195
0.321
0.267
0.200
329.360
0.248
99.972
0.261
2.286
333.742
27.958
0.236
0.261
0.267
322.997
0.208
101.924
0.301
0.820
309.669
74.394
37.247
0.251
0.294
386.059
0.233
0.215
33.991
0.253
405.896
22.430
0.200
0.208
0.251
432.095
0.221
0.265
0.219
0.255
423.503
0.821
0.310
0.245
0.204
413.415
0.880
0.249
0.214
0.257
318.779
75.332
0.293
0.957
0.270
310.326
44.835
56.512
0.263
0.349
305.478
89.811
24.582
2.622
0.234
435.518
4.011
0.347
0.223
0.234
390.567
0.257
0.210
0.200
0.371
373.650
30.679
0.224
0.235
36.754
311.599
37.723
96.441
0.255
0.234
407.810
0.269
0.258
0.255
0.317
329.597
93.297
0.277
8.926
0.259
432.642
0.317
0.826
18.397
0.861
400.197
8.828
17.437
0.218
0.340
320.100
54.974
0.211
0.226
61.181
319.545
24.999
0.233
87.241
2.199
431.711
0.252
0.242
0.273
0.271
382.159
36.524
0.222
0.216
0.199
410.959
0.268
0.236
0.253
0.881
428.111
0.321
0.854
0.378
0.200
434.836
0.386
0.922
0.249
0.907
405.909
0.258
40.002
0.233
8.546
319.613
114.488
0.274
0.331
0.212
390.955
53.952
0.220
9.797
0.257
419.203
9.885
0.219
0.247
0.223
451.734
0.235
0.233
0.204
0.246
371.876
0.316
51.215
19.812
0.224
329.781
5.426
51.679
2.294
0.247
358.305
0.206
0.222
44.204
22.587
387.581
38.095
0.217
0.224
0.248
377.736
0.232
45.036
0.388
7.777
286.539
5.989
68.176
0.273
57.645
446.620
0.372
0.271
0.212
0.220
412.667
28.160
0.343
0.272
0.261
409.794
0.305
32.914
0.952
0.272
263.859
129.902
45.375
0.218
0.944
409.755
0.848
0.243
0.210
0.863
341.410
0.417
0.830
95.717
0.405
386.549
0.208
48.777
0.240
0.255
420.539
0.337
0.214
0.249
0.229
310.858
111.869
0.270
0.263
0.265
313.756
29.781
0.260
0.208
0.232
397.642
0.224
0.850
0.201
45.433
382.108
0.860
22.781
0.277
0.226
359.290
0.249
59.294
0.406
0.230
423.477
0.400
7.317
0.935
0.947
319.761
135.997
0.337
0.965
0.901
335.934
147.509
0.294
0.251
0.247
457.072
5.772
0.251
0.923
0.361
337.552
46.032
28.820
0.392
0.220
345.315
35.236
0.382
56.018
10.364
467.974
0.232
0.207
0.281
0.857
354.600
13.368
0.254
0.282
52.158
416.100
0.258
0.233
17.206
0.217
440.501
0.256
2.837
0.220
0.394
445.303
0.269
0.248
0.975
0.269
440.556
0.214
0.232
0.235
0.241
404.596
0.261
21.708
0.308
0.224
343.119
92.170
17.463
0.261
0.264
437.486
0.208
0.286
0.271
0.423
450.425
0.260
0.222
0.271
0.271
417.714
0.939
0.839
0.924
0.356
432.735
12.102
0.253
0.255
0.260
360.019
0.215
17.171
0.238
60.123
304.739
15.633
70.456
0.261
0.217
379.939
36.819
8.396
0.217
0.210
426.069
0.247
10.797
0.207
0.243
422.809
0.212
0.869
0.216
0.255
315.181
12.164
0.231
0.282
27.750
366.081
62.075
4.860
0.283
24.246
447.408
7.025
0.224
0.209
0.241
434.221
0.289
0.223
0.863
0.242
446.045
0.336
0.260
0.218
0.275
407.588
0.263
60.910
13.092
0.384
418.144
66.940
0.249
0.211
0.992
417.136
54.336
0.231
0.260
0.247
385.122
23.008
0.218
0.239
78.325
475.908
0.977
0.298
0.433
0.220
418.543
49.678
0.224
6.987
0.233
424.216
0.251
4.321
0.229
2.185
455.047
0.295
0.214
0.259
0.216
460.652
8.809
0.859
0.247
0.226
411.654
0.247
36.699
0.278
0.261
429.964
0.246
24.291
0.286
0.216
473.524
0.255
0.281
0.696
0.271
236.813
0.862
0.293
0.902
0.267
196.523
48.371
0.245
0.354
0.240
192.092
46.668
0.212
0.310
0.251
255.549
0.294
0.294
0.284
0.265
186.558
0.944
30.949
0.220
6.887
184.470
66.214
0.253
0.388
0.264
126.517
27.553
60.155
0.877
32.002
242.687
10.558
5.019
0.211
0.276
162.038
95.075
0.278
0.214
0.912
225.084
0.230
0.274
0.235
0.237
222.306
45.609
13.082
0.301
0.233
161.688
31.554
0.267
57.319
0.255
131.285
139.810
0.225
0.340
0.924
170.165
79.327
0.259
22.402
0.257
214.550
23.920
42.732
0.284
0.276
214.264
10.458
0.266
0.264
31.114
253.356
0.265
0.920
0.312
0.220
146.389
0.381
51.072
0.211
53.448
141.109
0.229
112.682
0.281
0.329
187.095
36.802
16.612
0.253
30.285
252.726
0.229
0.271
0.278
0.235
251.572
0.247
0.269
0.206
0.271
268.958
0.218
0.456
0.224
0.274
171.735
77.369
0.995
0.280
0.206
2.898
119.464
41.098
0.258
90.360
237.863
0.257
0.265
0.924
0.261
202.859
0.226
0.243
0.216
0.357
260.098
0.253
23.443
0.222
0.245
275.172
0.300
0.263
0.277
0.278
221.962
0.358
0.266
0.243
0.327
268.799
15.854
0.370
0.270
0.224
268.281
0.259
0.351
0.214
0.265
285.345
0.993
0.284
0.264
0.261
199.834
0.237
0.243
0.239
51.705
234.530
0.462
0.969
0.235
0.283
214.982
0.292
0.251
0.214
0.252
177.990
27.905
0.229
0.255
50.921
215.283
36.678
0.281
0.291
0.221
212.008
36.874
0.234
0.253
24.003
265.584
0.213
10.228
0.269
0.274
256.622
0.227
0.965
0.210
0.291
205.111
0.347
0.231
14.307
21.955
219.272
0.263
60.194
0.217
0.955
260.718
0.245
0.283
0.270
0.320
136.564
53.991
79.586
5.618
0.276
140.605
83.940
18.265
0.280
21.195
248.519
15.714
0.261
0.247
12.548
146.514
50.270
0.402
51.889
0.218
175.344
77.882
0.280
0.292
0.257
121.064
148.940
0.302
0.349
0.221
248.352
0.220
0.286
0.325
0.240
113.777
157.677
0.284
0.353
0.276
137.678
135.535
0.284
0.233
0.257
132.147
54.107
59.342
0.297
0.247
251.433
0.313
0.286
0.288
0.917
191.623
25.217
29.863
0.413
16.273
156.614
109.909
0.355
0.272
0.286
214.241
0.267
0.241
0.228
0.396
216.724
17.613
0.222
0.337
0.290
192.701
0.226
0.269
0.368
61.146
157.861
0.924
40.456
0.245
60.806
233.965
0.308
26.111
0.224
0.930
149.855
109.591
0.415
0.907
0.276
139.215
16.095
47.014
6.684
46.486
214.672
55.700
0.245
0.370
0.226
163.851
107.468
0.938
0.273
0.373
184.015
45.741
0.224
0.289
29.364
222.017
20.823
0.269
0.362
0.259
262.693
0.298
0.251
0.284
0.242
131.025
11.943
117.137
7.193
0.990
243.554
0.382
0.252
0.272
0.247
134.149
134.696
0.245
0.325
0.231
276.934
0.236
0.347
0.261
0.276
186.168
0.224
76.018
0.241
0.362
129.794
122.355
0.431
6.825
18.831
284.855
0.363
0.228
0.243
0.302
260.877
0.218
2.071
0.253
0.265
122.349
58.941
29.983
0.257
0.402
132.825
98.546
0.274
57.960
0.308
254.610
0.259
2.974
0.243
0.263
251.349
0.256
0.304
0.240
0.294
199.048
64.101
0.263
0.415
0.271
238.975
43.986
0.237
0.422
0.249
172.063
98.186
0.247
0.338
1.009
225.721
0.387
0.229
36.582
0.280
214.534
0.289
51.307
0.239
0.245
218.465
0.271
0.606
0.478
0.229
147.429
0.227
0.225
128.730
0.220
247.649
0.257
0.218
0.253
18.525
272.622
0.241
0.296
0.241
1.088
247.613
0.285
0.263
0.309
3.663
216.980
0.253
0.300
0.429
0.944
192.415
78.746
0.364
0.260
0.274
217.518
65.730
0.509
0.317
0.435
177.108
74.786
0.243
0.248
0.326
187.810
0.292
30.910
50.079
0.225
242.839
25.230
0.236
0.286
0.237
152.402
26.253
25.011
58.932
0.934
270.913
0.226
0.255
0.234
0.283
251.989
0.996
13.152
0.296
0.229
245.553
0.224
0.284
0.904
0.261
259.889
0.226
0.920
0.250
0.341
125.494
0.255
52.673
79.149
0.226
257.056
0.282
0.259
0.244
0.286
126.844
86.037
0.254
13.648
0.237
74.057
73.575
100.094
27.343
0.271
263.931
0.352
0.241
0.257
0.319
119.735
168.892
0.300
0.288
0.240
193.542
37.727
2.318
0.285
4.414
163.942
0.256
27.269
56.523
22.043
155.837
0.274
105.625
1.581
0.451
180.815
82.854
0.280
0.296
9.386
203.789
53.635
0.276
0.241
2.192
141.867
1.804
132.074
0.232
0.275
195.808
59.166
0.292
0.321
0.292
123.109
24.225
0.224
14.682
103.535
217.794
0.916
0.904
1.018
0.284
182.621
97.192
3.538
0.273
0.394
261.545
0.255
1.002
0.300
0.274
269.983
0.237
0.239
0.259
0.276
276.657
0.229
13.295
0.247
0.305
272.333
0.271
1.033
0.280
0.372
150.845
42.086
0.279
7.280
0.273
135.126
140.312
1.057
0.367
0.250
268.895
0.275
3.595
0.287
4.575
1.441
226.840
56.880
0.368
0.242
210.706
0.249
0.278
54.641
1.044
180.293
14.815
0.296
70.536
0.302
248.807
0.252
0.233
0.249
0.312
229.447
0.304
0.309
0.270
0.292
132.096
145.758
0.237
0.406
0.255
283.344
0.265
0.969
1.008
0.259
279.490
2.129
23.632
1.073
0.923
168.373
0.237
0.245
0.319
0.306
233.816
0.251
0.271
0.306
0.304
247.753
0.368
0.241
0.263
0.378
145.599
0.276
86.026
60.384
0.449
236.187
38.909
1.065
0.295
15.099
229.731
0.951
0.358
23.278
0.239
231.953
10.274
32.169
0.308
0.249
137.155
95.942
0.309
0.406
20.848
227.723
18.717
0.240
0.256
30.476
254.381
0.384
0.292
0.231
0.258
274.759
0.229
0.409
0.255
0.570
254.328
0.292
0.282
0.234
0.319
233.537
9.116
0.308
0.245
3.976
235.036
0.668
0.311
0.376
11.390
262.860
6.319
0.309
0.255
0.294
141.862
30.530
78.847
45.352
0.304
143.099
50.348
4.992
0.378
17.998
225.174
49.487
0.967
3.648
5.970
247.445
0.319
0.280
0.322
0.269
249.815
0.276
0.244
0.244
0.243
140.074
0.294
103.815
0.243
8.464
202.802
58.292
0.955
0.331
0.271
115.737
35.094
0.253
21.871
0.255
132.185
126.035
0.231
0.304
0.259
228.463
0.261
0.253
51.331
0.264
162.464
45.567
20.040
0.380
45.166
290.736
0.396
0.270
1.045
0.371
192.058
0.288
0.281
73.395
8.265
169.782
23.463
0.313
1.049
12.400
203.486
99.731
20.849
0.286
1.023
226.403
0.282
0.267
82.204
0.276
231.503
0.311
0.279
46.056
0.260
301.878
2.519
0.267
11.923
0.276
310.850
0.366
0.283
0.288
0.232
268.903
0.339
0.286
0.952
0.294
303.202
0.290
1.039
2.336
0.269
276.514
0.294
68.323
0.297
0.251
178.082
88.123
0.304
0.251
40.309
313.840
0.292
0.235
0.966
0.300
238.370
43.632
1.640
29.986
0.977
283.742
35.441
0.300
0.298
15.085
294.912
0.351
0.243
0.298
0.249
195.082
11.628
79.524
0.296
0.288
285.823
0.241
0.305
0.268
1.079
233.204
58.871
0.383
0.269
25.631
156.431
140.657
12.076
0.232
0.247
266.295
0.967
0.257
0.317
36.979
267.656
0.296
0.251
21.215
19.850
288.823
0.273
0.269
0.304
0.239
212.125
29.100
86.437
0.339
7.707
293.236
8.075
0.293
10.546
14.037
214.113
0.316
0.314
83.827
0.268
187.538
0.406
35.066
63.136
0.234
215.221
15.383
96.525
0.372
0.298
297.601
0.260
0.292
0.239
0.282
145.464
55.355
0.282
91.483
15.017
264.980
32.900
6.903
0.272
10.376
246.743
1.067
32.374
0.267
19.861
212.067
12.012
83.381
0.285
0.952
316.781
0.283
23.225
0.288
0.327
268.006
0.322
16.292
32.567
0.237
333.801
0.298
0.274
0.404
0.241
179.113
137.335
0.359
0.311
0.307
305.054
0.273
0.287
0.249
0.297
315.860
9.638
0.255
0.360
1.075
281.871
0.259
0.235
0.983
0.272
180.365
138.098
0.312
0.392
0.287
280.849
0.974
0.274
0.241
0.313
216.311
45.842
0.440
8.783
0.391
306.008
0.304
1.076
0.247
0.255
189.676
118.784
0.293
0.345
0.312
291.442
27.834
0.464
0.241
0.252
295.432
19.848
0.260
0.261
0.372
206.003
38.321
0.359
40.063
19.231
317.453
0.252
0.235
0.259
1.024
224.757
0.311
49.853
50.553
0.341
283.802
0.271
29.245
0.240
0.270
241.002
58.121
6.629
0.239
5.768
183.683
0.436
0.259
96.552
0.284
218.737
0.282
0.292
97.617
0.280
214.026
22.965
67.869
0.310
0.248
311.653
5.438
0.241
4.015
0.256
311.126
0.282
8.997
0.279
9.539
269.749
0.259
1.096
0.409
43.976
149.367
15.038
115.789
0.249
0.981
262.753
0.313
24.035
29.683
0.257
282.636
0.251
1.004
0.273
0.261
300.164
0.251
0.998
8.295
0.278
312.496
0.300
1.004
0.274
0.314
296.410
0.241
0.234
0.269
6.923
252.472
47.154
0.366
28.670
0.239
305.578
0.269
0.297
0.248
0.298
277.468
0.251
0.268
1.928
0.248
269.410
1.054
42.877
0.263
35.708
274.052
0.271
0.391
25.385
1.083
325.472
0.267
1.073
0.386
0.294
245.228
0.437
5.105
0.270
14.246
323.737
0.278
0.294
0.408
0.585
200.393
32.448
0.289
10.312
0.245
193.376
0.300
98.450
0.280
0.975
263.007
0.437
0.277
0.300
0.324
280.126
0.271
0.241
0.247
16.009
305.668
8.275
0.317
1.108
0.300
23.245
272.880
0.276
0.247
0.283
299.885
0.402
0.273
0.249
4.127
344.445
0.328
0.300
0.255
0.421
203.798
1.081
124.353
0.245
0.265
312.745
2.958
0.281
0.308
0.267
299.485
1.161
36.708
1.030
0.243
150.839
78.284
39.580
46.621
21.531
265.886
0.359
12.781
1.033
43.141
205.342
91.577
0.268
0.268
0.242
283.058
0.290
0.437
0.255
0.243
229.071
0.241
6.218
0.249
75.514
175.341
120.291
0.291
31.370
0.348
307.416
0.342
1.014
0.241
0.314
212.268
81.658
3.968
0.447
22.466
211.241
101.260
0.292
3.404
0.300
309.024
12.912
0.263
2.502
0.413
313.052
0.422
0.256
1.043
1.018
310.456
0.274
0.388
0.286
1.114
178.615
116.086
0.315
8.998
1.003
313.375
0.237
0.316
0.356
0.252
256.421
25.503
16.510
33.816
0.266
281.033
0.404
0.298
0.257
24.608
335.589
0.312
0.272
0.276
0.277
285.344
21.102
16.844
6.510
0.431
179.389
156.066
2.696
0.339
0.296
180.564
142.600
0.309
0.349
0.286
209.807
0.267
105.936
0.253
0.306
304.062
12.185
0.315
0.300
0.373
349.717
0.241
0.293
0.237
0.322
297.984
0.328
0.306
0.284
0.284
223.900
0.253
83.238
0.314
0.250
334.237
1.010
0.276
0.296
1.012
146.724
43.422
27.378
0.322
92.181
146.063
46.380
105.697
0.300
0.322
271.086
0.425
58.051
0.445
0.267
318.317
0.284
0.251
9.707
2.282
319.198
0.329
1.145
0.248
0.296
187.259
99.747
0.347
0.268
0.279
220.464
0.261
106.670
0.290
0.300
337.590
0.309
0.316
0.275
0.310
183.345
126.003
1.122
0.245
0.274
309.291
0.361
0.325
0.257
0.267
191.062
0.319
0.239
119.762
0.286
260.880
61.671
0.248
1.120
0.991
172.464
148.846
0.421
0.269
0.277
216.270
0.342
19.286
118.994
0.276
193.689
0.268
133.658
0.276
12.025
233.726
0.444
81.746
0.306
0.401
246.021
63.332
1.100
15.020
0.245
236.615
60.548
0.311
0.280
13.440
303.862
0.421
0.269
1.080
1.026
164.548
164.149
0.325
0.353
0.321
201.259
104.410
0.381
0.259
0.259
306.480
0.994
16.473
0.314
0.251
171.744
103.925
51.685
0.254
0.239
276.764
0.249
0.316
0.250
49.450
149.839
52.467
96.833
0.262
39.323
158.375
3.818
143.695
0.302
0.299
226.633
86.165
0.312
0.380
0.312
332.678
5.389
0.253
8.865
0.263
315.069
10.166
0.364
0.284
0.312
160.743
162.226
0.278
0.269
0.307
198.187
0.286
23.132
51.440
0.273
152.749
73.267
0.251
85.903
0.341
201.394
55.598
1.100
32.882
20.248
316.014
14.306
0.372
0.329
0.315
225.876
0.287
4.233
0.356
27.515
177.955
30.741
117.668
0.377
0.280
234.902
53.801
0.458
0.243
56.935
170.349
30.127
0.288
126.208
0.357
172.476
0.333
131.002
36.618
0.323
243.732
70.738
0.278
0.271
0.245
299.001
0.287
0.313
0.267
0.308
266.935
68.538
0.298
0.302
1.131
218.269
48.410
48.220
0.253
1.104
353.026
1.164
0.287
0.310
0.439
224.292
0.314
76.360
0.286
36.780
207.324
0.325
116.867
0.341
0.292
308.677
0.247
0.271
22.630
0.263
320.825
0.432
0.290
8.707
0.310
178.465
157.721
0.271
8.455
0.294
289.233
0.300
0.259
0.263
0.320
274.952
16.862
0.312
0.260
0.267
290.935
1.053
0.284
0.423
50.956
168.297
62.861
96.073
0.317
0.670
343.669
0.282
0.259
0.369
0.324
329.845
0.279
0.287
0.427
0.302
238.985
82.293
0.350
0.243
16.075
188.857
133.621
0.415
0.243
0.267
179.135
148.914
0.402
0.270
0.278
225.222
66.950
0.437
0.262
3.872
159.365
10.202
28.208
111.858
1.114
321.744
0.268
0.263
1.044
0.400
259.324
0.256
10.128
0.318
0.321
318.965
0.272
0.428
0.243
0.325
302.723
14.936
0.293
1.096
5.982
281.634
0.266
0.278
0.340
76.634
327.643
0.298
0.289
0.439
0.253
324.990
0.296
10.702
18.253
0.392
327.460
0.274
0.270
0.384
0.247
350.346
0.347
0.291
0.319
1.167
317.564
0.278
0.284
0.292
0.267
189.981
124.762
1.112
29.602
0.325
293.183
50.523
0.298
0.290
0.302
319.643
0.339
0.290
0.313
0.331
336.035
0.329
0.294
0.277
0.256
189.405
129.653
16.502
0.297
0.294
308.251
0.261
0.287
0.387
5.132
300.320
0.265
1.185
1.259
0.263
354.298
0.350
0.248
0.308
0.327
177.186
86.164
68.143
0.409
0.286
239.915
77.161
0.263
0.246
1.155
192.505
88.782
1.024
1.077
0.259
224.550
0.291
115.273
0.292
0.315
317.866
6.519
0.322
0.312
0.247
204.539
24.039
108.214
0.293
0.259
187.137
46.515
98.467
0.335
0.302
225.794
0.303
51.798
0.316
1.146
330.871
0.320
0.431
0.289
0.294
174.905
0.285
37.004
90.252
35.604
249.856
70.630
3.500
0.263
0.282
302.727
5.499
1.141
0.277
0.263
339.917
0.370
0.295
0.325
0.384
182.494
143.920
0.263
0.282
1.058
305.459
2.058
2.644
0.293
0.314
282.324
0.456
0.321
42.067
7.784
200.093
80.789
0.505
19.665
0.317
182.881
135.272
22.288
5.853
0.275
279.286
1.374
0.333
59.309
0.446
297.446
25.708
0.366
0.313
0.326
287.829
0.257
0.321
1.028
0.269
196.700
0.264
27.934
0.281
107.172
323.480
1.416
1.112
0.295
1.103
233.352
60.784
0.318
1.159
0.281
315.819
1.097
14.003
13.789
0.259
287.338
0.310
0.253
0.409
0.272
331.590
0.277
0.257
0.271
0.390
324.909
0.289
0.465
0.310
1.117
241.458
117.883
0.259
0.272
0.372
204.684
0.302
76.030
0.398
86.495
226.905
59.405
13.532
0.261
0.276
201.517
90.267
20.822
0.315
0.318
198.273
0.278
18.404
55.522
0.310
301.387
0.324
0.353
0.290
0.331
159.625
139.009
0.305
31.657
0.316
336.074
0.283
0.278
0.498
0.269
210.896
23.248
0.312
0.333
0.466
325.864
0.321
0.332
1.555
0.351
256.148
21.474
0.263
0.314
12.729
266.960
67.344
0.368
0.264
0.341
226.823
118.063
0.360
0.330
0.305
334.676
0.292
0.284
0.265
0.380
283.019
0.268
0.344
0.298
0.296
292.424
26.603
0.321
0.339
0.298
278.441
0.325
0.294
1.132
0.324
308.539
0.266
0.281
0.318
0.255
278.329
1.115
0.302
2.317
24.422
322.087
0.326
1.163
0.301
0.255
309.170
0.320
0.420
0.331
27.657
345.351
0.331
20.392
0.388
0.293
324.893
0.494
0.262
0.288
1.115
198.456
58.560
0.375
22.791
0.353
203.539
94.356
0.316
0.345
0.332
311.653
0.367
0.479
0.287
17.797
244.471
67.719
0.265
0.326
0.255
256.991
64.071
7.210
1.192
0.291
274.379
0.293
45.426
0.294
15.752
345.342
0.342
0.255
35.348
0.300
162.331
89.411
91.760
0.316
2.869
331.174
0.380
0.335
8.864
0.337
286.134
0.505
35.796
0.258
0.427
241.835
85.626
0.312
0.269
3.104
229.453
34.831
1.056
64.596
0.296
356.092
0.416
0.316
0.306
0.345
324.251
0.321
0.404
0.302
1.472
164.022
45.119
0.305
121.603
1.176
308.244
0.425
0.267
0.341
29.509
255.268
37.880
50.264
0.273
0.310
288.487
40.003
0.343
0.427
0.256
340.182
2.571
0.329
0.389
0.268
290.161
0.419
6.132
0.308
41.940
265.634
28.828
0.430
0.294
0.315
352.670
0.330
0.336
0.326
2.536
353.898
0.341
0.325
0.305
0.400
280.283
0.349
0.305
0.370
1.411
246.560
1.116
0.311
44.065
1.084
344.339
0.339
0.348
0.255
2.630
196.837
16.073
119.706
0.302
1.143
274.903
0.380
0.299
0.300
0.411
166.507
5.034
12.221
107.795
1.513
230.560
105.479
6.337
0.301
0.414
278.917
8.423
55.014
1.117
0.282
282.548
0.376
0.285
0.285
34.013
215.053
0.313
55.560
0.297
48.742
197.489
122.955
6.015
0.353
0.289
149.956
196.548
1.144
0.256
0.326
381.625
0.290
0.361
0.331
0.282
337.899
0.265
0.306
0.290
0.296
207.997
0.303
126.018
0.315
0.388
193.905
7.506
9.605
48.973
54.468
337.040
0.281
0.419
0.341
0.283
334.040
1.088
0.258
0.323
0.328
188.076
127.970
17.023
0.266
0.416
199.699
0.274
30.552
89.069
0.276
333.720
20.634
7.104
0.336
0.351
288.042
0.451
43.098
0.332
0.345
195.334
148.973
0.364
0.403
0.322
348.083
0.262
0.294
0.298
0.361
353.066
0.448
10.651
0.345
1.187
216.195
0.286
143.434
1.226
0.305
325.772
0.431
0.280
0.341
37.856
363.803
0.346
0.341
0.310
0.266
302.913
0.339
25.076
0.316
0.353
341.637
0.296
0.405
0.307
19.316
315.762
0.376
0.260
0.290
0.293
349.254
0.279
0.263
0.392
0.306
231.458
0.293
0.280
47.866
5.705
150.263
91.671
113.875
0.317
0.286
349.804
0.415
0.320
7.707
0.325
248.783
25.275
74.725
0.329
0.305
282.513
43.702
0.312
0.322
0.329
344.258
0.325
0.329
0.309
0.368
325.433
0.310
0.345
0.286
0.267
257.910
69.002
67.400
0.296
0.419
285.382
0.283
1.159
0.338
1.329
347.004
0.278
0.320
0.317
0.473
347.649
21.176
0.317
0.487
0.352
161.361
2.870
112.205
13.510
19.283
281.505
1.157
67.177
1.122
0.300
251.748
34.707
0.280
29.637
0.331
297.599
0.325
0.268
10.961
24.171
330.520
0.318
0.429
0.349
24.490
330.554
0.307
7.601
0.368
0.317
166.641
146.401
4.383
0.333
1.386
356.908
0.400
0.334
0.261
0.423
233.276
33.802
16.871
0.373
78.170
172.572
30.702
36.783
106.633
0.267
146.230
167.896
0.424
24.211
0.411
330.775
0.335
23.143
0.390
0.290
341.277
1.240
0.295
0.293
0.318
294.313
0.336
0.423
0.318
0.317
178.675
54.563
0.291
0.284
0.472
342.432
6.056
0.271
0.367
3.588
200.919
162.766
0.425
4.160
0.275
226.926
79.748
0.290
0.364
0.413
257.854
33.772
53.113
0.357
1.193
303.776
72.823
0.275
0.316
0.306
163.247
185.318
0.493
1.181
0.333
229.554
0.473
0.509
9.829
0.407
327.773
1.221
0.277
0.333
0.345
269.206
0.309
0.280
64.444
0.322
161.334
121.915
1.091
0.308
0.351
338.696
0.354
0.321
0.311
0.267
213.962
0.480
70.938
0.295
0.294
171.306
181.128
0.304
1.187
3.188
217.811
21.994
0.286
0.455
0.357
280.637
0.374
0.317
63.973
0.294
160.027
102.155
0.291
63.455
1.130
291.753
19.284
0.320
0.350
31.746
172.494
103.171
0.358
0.274
0.314
167.230
5.977
4.765
126.785
0.283
281.959
42.141
0.307
0.393
0.263
198.715
0.297
82.270
0.384
61.745
314.685
0.278
0.306
32.491
0.308
220.994
70.304
7.013
0.282
0.300
363.345
0.299
0.432
0.331
0.306
255.726
68.219
0.342
1.205
0.269
273.838
0.349
0.449
43.092
44.644
336.654
12.452
0.353
0.345
0.418
213.887
0.335
7.136
137.164
0.453
219.630
0.320
96.905
0.322
0.296
284.500
2.083
1.239
0.295
0.321
229.242
0.316
86.746
0.296
0.271
278.914
0.307
0.313
1.139
0.345
370.579
1.225
0.324
0.322
0.353
269.797
96.557
0.427
0.339
0.314
325.887
0.383
0.270
0.333
37.486
180.066
183.340
0.282
0.337
0.339
8.072
149.700
6.516
16.533
0.267
309.483
0.294
0.276
0.487
52.323
250.217
20.993
70.481
0.337
0.297
279.919
46.207
0.326
0.359
0.345
367.115
0.282
0.333
0.276
0.314
229.275
112.298
1.088
0.443
0.283
305.617
0.286
0.423
0.273
1.116
376.151
0.342
0.348
0.430
0.354
323.726
0.337
0.315
0.385
0.279
385.297
0.367
0.311
0.270
0.427
211.730
55.315
103.135
0.334
0.420
336.339
0.450
0.328
0.357
0.418
236.486
0.364
80.168
8.483
24.584
298.685
0.350
10.480
0.354
66.179
205.057
0.307
125.576
0.349
1.109
216.535
60.193
0.429
10.015
45.776
301.556
64.990
0.337
1.202
0.371
293.961
15.122
48.293
17.762
0.411
217.698
0.326
64.063
11.228
0.291
181.993
176.648
0.334
0.429
0.288
320.995
1.210
1.300
42.597
0.299
298.003
63.436
0.334
16.738
0.434
238.095
102.093
1.118
0.277
0.432
373.474
0.500
0.332
0.361
0.325
179.281
0.347
96.736
0.315
1.178
7.604
331.290
1.214
1.127
0.344
187.356
173.006
7.014
1.244
0.324
376.620
0.274
0.388
0.314
0.343
344.149
1.206
0.349
18.306
0.405
356.612
0.435
0.300
0.283
0.493
295.756
0.274
1.191
0.361
0.286
338.387
1.114
0.309
45.610
0.337
182.968
109.587
1.159
0.349
52.320
291.891
0.290
1.164
0.338
0.451
147.360
8.086
131.291
49.032
0.282
336.199
0.277
0.367
28.084
0.350
169.359
60.112
0.301
53.793
0.331
205.008
126.137
0.360
0.296
0.395
327.770
0.310
28.707
0.462
21.112
356.305
0.288
15.512
0.400
0.282
329.065
25.785
0.422
0.282
0.301
260.189
0.363
19.782
29.724
34.360
308.133
0.310
0.355
0.277
0.478
265.080
0.434
0.357
0.345
67.522
286.711
63.964
1.135
0.314
2.575
333.149
0.345
0.338
0.415
0.343
217.156
0.355
102.958
55.093
0.485
320.892
71.593
0.282
0.362
0.361
235.397
0.415
0.310
0.271
94.226
165.309
32.135
0.513
151.644
26.117
317.704
0.359
0.283
0.517
36.808
168.569
118.231
0.280
0.333
0.364
373.876
0.376
1.236
0.342
1.120
311.312
1.176
36.939
0.378
0.337
284.070
0.321
28.217
0.362
43.363
321.771
21.072
4.217
0.395
0.283
321.651
0.337
4.911
20.002
69.609
264.923
16.760
0.542
89.298
1.241
323.296
11.288
0.363
0.423
0.366
338.532
24.836
1.330
0.405
0.363
333.823
39.663
0.439
0.295
0.368
365.766
0.388
1.131
10.181
0.348
300.490
0.336
0.289
19.127
36.216
374.477
0.366
0.413
0.306
0.339
319.177
0.381
0.283
0.807
0.284
168.948
158.140
0.314
4.403
0.290
250.673
88.802
0.291
63.734
0.340
266.562
80.879
0.341
0.423
0.333
367.335
0.371
0.282
0.353
0.399
357.213
0.278
1.124
0.370
0.424
269.989
0.368
0.368
0.296
45.342
292.665
56.002
1.285
0.361
0.282
295.087
72.345
0.332
3.248
5.462
407.461
0.357
0.402
0.357
1.194
339.807
0.443
0.348
1.195
0.344
375.880
0.519
0.303
0.364
0.535
28.971
236.285
61.279
60.969
0.397
276.260
143.619
0.365
0.331
0.380
227.280
53.477
89.846
0.477
1.232
300.734
110.004
0.298
0.383
0.295
401.553
0.556
0.322
1.257
0.388
221.519
63.216
0.385
0.416
63.482
424.302
0.382
0.372
1.370
0.429
203.078
144.171
0.361
68.463
0.447
379.552
4.741
0.361
0.436
0.337
219.660
0.326
183.983
1.353
0.298
246.597
1.402
119.379
0.357
0.388
202.708
178.364
1.407
0.361
0.298
393.439
0.369
19.211
0.357
0.563
221.876
17.629
0.328
0.327
144.012
402.796
1.257
0.327
0.275
0.465
373.062
0.368
37.101
1.234
0.338
375.174
0.377
1.279
0.345
0.274
265.637
133.137
0.365
10.561
0.368
403.700
0.353
0.308
0.298
0.314
337.300
0.302
26.699
3.800
15.833
352.912
0.314
0.352
33.785
0.348
262.826
116.320
0.331
0.351
0.425
153.390
187.493
53.356
0.284
0.332
277.625
142.066
0.294
0.391
1.263
247.293
61.327
0.325
0.346
75.179
387.214
0.407
0.307
0.289
0.353
368.872
10.067
0.320
0.364
0.395
366.730
22.925
1.168
0.362
0.382
243.979
60.407
0.384
0.281
2.896
183.568
74.911
0.322
51.713
0.314
416.041
0.399
0.294
0.287
0.325
205.286
0.297
184.053
0.286
0.341
206.022
0.325
42.905
16.686
0.348
389.385
0.345
0.332
0.353
0.355
320.967
1.255
72.111
0.323
0.431
366.311
0.359
0.361
0.289
0.371
325.605
0.316
86.277
0.322
1.260
353.941
0.300
0.344
21.131
16.830
368.164
0.341
0.470
0.322
5.748
340.041
0.354
0.329
0.378
0.319
283.595
95.003
0.315
0.352
0.345
317.102
0.474
0.296
0.328
0.454
330.776
48.252
0.310
1.273
24.392
304.052
41.626
0.366
36.694
0.291
376.864
0.331
0.331
0.290
0.285
182.640
81.435
0.505
43.419
55.253
271.540
88.296
0.285
11.001
0.332
208.428
71.411
0.363
0.290
74.745
332.058
0.509
0.301
0.337
21.718
279.751
142.116
0.371
1.282
0.328
298.652
0.517
0.369
0.303
0.423
238.916
0.288
1.252
0.276
12.147
354.860
0.286
0.487
0.301
1.268
318.092
0.372
9.709
0.523
74.638
244.172
21.119
0.440
0.325
27.276
167.208
150.643
77.008
0.359
0.372
333.565
1.311
35.410
0.354
0.333
298.253
0.445
0.309
0.371
83.236
169.230
155.718
0.353
56.708
47.443
384.368
1.362
0.335
0.325
0.337
237.707
223.918
0.383
0.541
1.397
424.346
0.408
0.310
1.260
0.473
398.467
0.386
1.267
0.419
16.207
346.376
0.312
74.804
0.415
8.750
347.335
0.398
0.349
5.755
0.399
347.296
0.343
0.501
17.625
46.635
409.123
0.519
0.388
0.322
0.373
229.940
0.375
80.969
73.751
36.489
301.516
0.486
37.239
0.447
124.140
422.726
22.672
0.384
0.383
0.541
361.700
0.389
36.493
21.167
0.352
404.497
0.552
4.717
6.402
0.359
394.761
0.443
0.386
0.358
18.114
436.882
0.337
0.422
0.318
0.308
254.395
149.965
0.313
0.383
1.019
402.567
0.390
0.327
0.340
0.517
198.263
71.758
0.380
4.142
0.311
455.510
0.393
0.413
0.342
0.349
305.338
0.349
49.282
0.338
0.390
384.229
0.350
0.302
0.458
0.354
386.748
0.368
0.297
0.384
0.338
300.908
68.148
0.372
0.341
1.171
7.722
229.145
0.548
0.318
6.153
297.682
32.604
0.324
0.330
30.271
400.556
0.297
0.418
0.789
0.505
237.917
0.363
0.376
67.528
108.523
289.706
0.327
0.430
111.012
0.435
377.579
0.343
18.455
0.333
1.340
351.391
0.342
22.991
0.355
15.131
417.451
0.462
0.312
0.368
0.337
3.463
172.066
53.107
0.425
0.383
273.484
69.747
0.413
0.319
0.290
371.804
0.397
0.370
0.285
0.413
227.888
166.323
0.329
20.924
0.353
223.593
166.473
0.357
4.614
0.384
388.673
0.322
15.027
0.331
0.353
182.519
41.415
130.493
0.300
0.383
376.225
2.861
0.488
0.304
0.313
366.484
0.341
0.384
0.302
0.305
263.164
45.811
80.300
0.298
0.323
263.278
140.635
0.351
0.341
0.513
218.837
32.597
43.185
110.589
0.398
414.518
0.292
3.142
4.987
0.354
235.588
138.939
0.310
1.381
1.290
359.402
30.917
0.313
15.794
0.291
266.524
64.308
0.368
0.510
0.349
321.638
1.198
0.422
61.056
0.367
8.156
187.219
115.628
0.359
0.309
265.714
117.922
0.451
16.059
0.329
354.438
0.490
0.389
0.492
0.345
325.834
7.945
1.368
0.435
0.365
250.302
139.689
0.544
0.361
0.357
297.324
89.504
0.299
0.413
0.363
424.579
0.313
1.311
0.357
1.206
273.289
25.547
0.331
92.352
0.319
375.773
0.357
1.219
0.475
0.368
412.952
0.383
0.383
0.398
0.351
441.960
0.386
0.324
0.589
0.343
405.513
0.373
0.364
0.381
0.338
2.963
240.727
175.432
20.171
0.292
320.278
0.420
0.407
0.442
1.220
421.637
1.206
0.314
0.479
0.324
321.786
0.329
0.387
81.017
0.338
192.956
86.338
0.391
1.342
0.316
308.519
102.462
0.509
0.388
0.344
386.787
0.355
1.304
0.363
0.458
368.236
0.392
0.370
0.298
22.867
335.470
0.383
0.309
31.666
0.572
218.183
135.421
0.423
0.333
44.182
180.807
70.336
120.489
0.303
0.529
377.591
0.327
0.534
0.337
0.317
311.972
0.324
38.415
1.202
0.450
417.350
9.908
0.396
0.325
0.357
364.655
46.748
0.306
0.374
0.364
377.487
0.340
0.355
86.343
0.375
298.006
119.895
0.709
0.299
11.090
410.646
0.447
0.388
0.377
1.326
197.334
1.140
267.879
2.983
0.341
209.676
133.592
0.471
43.599
0.374
336.906
0.363
0.337
66.182
1.361
389.489
0.338
0.544
0.336
51.348
196.952
75.505
60.415
0.411
46.704
398.950
1.238
38.961
0.366
0.411
443.593
0.442
0.349
0.300
0.434
237.290
185.527
0.350
0.348
0.418
379.720
30.328
0.314
0.361
2.921
392.930
44.818
0.314
0.325
0.479
231.034
83.533
0.355
86.725
0.382
435.323
25.298
0.328
0.609
0.384
214.698
162.583
0.552
24.013
0.336
466.503
0.333
0.353
0.427
0.346
399.827
0.353
0.346
29.201
0.344
270.552
157.013
34.455
0.380
0.444
258.132
125.165
0.388
0.376
1.395
428.379
0.298
0.430
0.365
19.029
308.602
0.383
0.365
119.957
22.887
371.242
0.333
0.312
0.391
0.368
379.305
61.485
0.352
0.306
0.419
371.131
0.304
0.475
55.758
0.288
449.169
0.396
12.958
0.323
0.324
246.871
127.857
0.538
0.374
0.291
382.071
0.359
0.355
52.128
1.485
244.572
73.610
25.361
0.372
12.847
349.192
11.619
0.443
0.318
0.361
287.739
109.861
0.413
21.104
1.214
228.328
139.340
0.423
0.310
0.407
419.579
0.380
0.365
0.482
0.325
431.123
0.394
0.541
0.359
40.975
248.076
53.395
0.386
0.509
0.382
421.813
0.368
0.349
0.405
31.480
355.734
0.339
0.342
0.323
0.477
265.289
86.355
0.431
69.708
0.305
444.324
0.477
0.361
20.211
0.306
210.038
19.229
5.547
51.059
0.312
222.189
216.536
0.613
0.314
0.340
402.381
32.736
0.433
0.384
0.338
325.486
31.984
0.308
105.306
0.298
290.068
149.086
2.926
0.395
0.391
227.852
65.737
143.425
0.492
0.314
430.621
0.401
0.373
24.750
0.301
285.139
165.783
0.309
1.209
12.052
326.083
0.351
0.320
0.491
127.237
255.764
0.341
31.675
72.664
67.603
415.000
0.501
14.279
0.373
0.377
257.726
137.953
0.458
0.330
0.362
243.298
0.384
5.372
37.242
62.833
370.743
54.182
0.377
30.917
0.500
318.772
85.748
0.329
0.438
52.092
195.431
22.135
206.530
0.431
0.406
404.702
0.385
0.489
0.351
0.306
208.581
185.833
0.304
1.456
89.479
367.708
0.317
0.541
0.367
70.291
229.977
46.353
141.226
0.356
0.483
317.339
1.382
90.234
11.497
0.478
357.094
79.238
3.143
0.432
0.296
477.147
0.361
0.302
0.424
0.377
272.513
123.700
1.268
0.335
1.281
342.419
104.770
0.396
0.419
0.309
208.311
206.949
0.380
0.345
1.267
462.054
0.374
0.395
0.340
0.304
421.220
0.521
0.387
42.544
0.326
443.188
0.368
0.528
0.324
1.287
440.154
0.357
0.325
0.525
0.376
345.161
0.333
0.352
1.355
31.727
412.126
1.319
0.306
1.375
0.395
