0.046
0.000
0.002
0.001
0.002
0.308
0.000
0.000
0.002
0.002
0.144
0.002
0.001
0.002
0.000
0.002
0.002
0.068
0.002
0.157
0.002
0.002
0.002
0.003
0.003
0.336
0.003
0.002
0.252
0.000
0.003
0.087
0.003
0.002
0.003
0.620
0.003
0.043
0.000
0.002
0.356
0.059
0.198
0.003
0.002
0.577
0.442
0.001
0.002
0.002
0.003
0.002
0.088
0.003
0.002
0.002
0.932
0.003
0.002
0.002
0.024
0.002
0.002
1.250
0.003
0.002
0.263
0.545
0.002
0.001
0.003
0.002
0.002
0.002
0.279
0.013
0.215
0.002
0.001
0.002
0.504
0.003
0.002
0.001
0.000
0.413
0.002
0.002
0.003
0.345
0.002
0.003
0.002
0.033
0.002
0.002
0.415
0.002
0.003
0.002
0.237
0.002
0.003
0.001
0.003
0.003
0.002
0.002
0.002
0.525
0.003
0.002
0.066
0.002
0.002
0.075
0.756
0.004
0.003
0.002
0.698
0.476
0.003
0.002
0.024
0.003
0.534
0.131
0.003
0.002
0.165
0.394
0.002
0.539
0.004
0.003
0.002
0.002
0.227
0.003
0.003
0.002
0.003
1.383
0.005
1.553
0.004
0.061
0.003
0.148
0.602
0.133
0.003
0.259
0.003
0.003
0.002
0.002
0.003
0.002
0.003
0.002
0.071
0.002
0.573
0.104
0.002
0.002
0.005
0.003
0.002
0.003
0.003
0.002
0.003
0.282
0.003
0.003
0.003
0.003
0.002
0.067
0.002
0.001
0.002
0.003
0.003
0.017
0.003
0.002
0.003
0.003
0.002
0.001
0.003
0.094
0.004
0.003
0.003
0.003
0.003
0.041
0.009
0.027
0.003
0.003
0.002
0.020
0.003
0.002
0.245
0.002
0.003
0.002
0.003
0.077
0.066
0.003
0.003
0.003
0.994
0.002
0.003
0.023
0.003
0.003
0.003
0.037
0.002
0.003
0.276
0.004
0.084
0.003
0.003
0.045
0.004
0.003
0.003
0.002
0.002
0.003
0.002
0.003
0.002
0.003
0.004
0.002
0.009
0.002
6.706
0.006
0.003
0.003
0.245
0.004
0.003
0.003
0.003
0.003
3.481
0.007
0.003
0.366
0.004
0.009
0.490
0.004
0.003
0.004
5.291
0.006
1.813
1.394
0.005
0.004
0.003
0.003
0.004
0.004
0.076
2.638
0.007
0.011
0.004
0.004
0.004
0.004
0.519
0.006
0.142
0.178
0.003
0.003
0.003
1.459
0.006
0.632
0.006
0.002
0.003
0.003
0.004
0.010
0.009
0.003
0.010
0.004
0.004
0.003
0.004
0.004
0.002
0.637
0.006
1.238
3.544
0.007
0.004
0.003
0.003
0.011
0.004
0.006
0.004
0.446
5.656
1.146
0.006
0.283
7.671
0.007
0.004
0.414
0.013
0.004
0.004
4.656
0.015
0.978
4.258
0.006
0.470
0.006
0.004
0.481
0.804
1.328
0.006
0.005
0.004
0.004
0.004
0.004
0.004
2.142
1.065
0.853
0.149
0.005
0.004
0.004
0.004
2.784
0.004
1.289
0.007
0.005
0.004
0.004
10.787
0.006
0.005
0.004
0.003
0.004
0.004
0.004
0.004
0.004
8.895
0.011
0.005
0.009
0.004
5.050
0.006
0.005
0.003
0.014
2.654
0.006
0.042
0.005
0.004
3.772
0.062
0.005
0.026
0.023
0.005
0.004
0.004
0.029
0.005
0.005
0.004
0.322
0.007
0.003
14.448
0.298
0.010
0.331
0.006
8.151
0.008
0.313
0.006
0.005
0.092
0.005
0.039
0.004
0.005
5.707
0.010
0.005
0.003
0.004
1.508
0.009
0.005
0.004
0.005
12.141
0.447
0.008
0.005
0.004
14.159
4.856
0.097
0.005
0.086
5.669
0.008
0.005
0.005
0.005
2.675
0.008
0.124
0.005
0.005
26.796
0.008
0.007
0.004
0.005
0.330
0.461
0.008
0.090
0.006
13.406
0.007
0.005
0.005
0.005
36.925
0.281
0.019
0.005
3.511
0.005
0.005
0.005
0.005
0.005
0.003
0.005
2.340
0.011
0.006
0.143
0.148
0.005
0.005
0.006
0.005
0.005
0.006
0.005
0.005
0.005
0.005
8.094
0.009
0.005
17.527
0.011
0.006
0.005
0.150
0.005
0.010
0.005
0.005
0.004
24.353
0.009
0.007
0.005
0.005
0.005
9.649
0.011
0.007
0.005
13.023
0.237
0.008
0.019
0.005
0.009
0.007
0.005
0.231
0.007
2.435
0.011
0.005
0.015
0.042
0.006
0.005
0.005
0.004
0.005
0.173
0.006
0.629
0.029
0.005
21.239
3.428
0.008
0.007
0.005
0.007
0.005
6.066
5.143
0.010
0.007
0.005
0.005
0.005
0.005
49.728
0.010
0.006
0.005
0.005
32.213
0.025
0.006
0.005
0.006
0.008
0.218
0.007
3.679
0.011
0.019
0.006
0.006
0.177
0.006
0.007
0.037
0.006
0.006
0.005
0.007
0.006
0.006
0.007
0.006
0.006
0.005
0.007
0.005
0.005
0.019
0.005
0.005
0.007
0.007
31.268
0.054
0.007
0.005
0.005
40.494
0.013
9.524
0.011
0.007
0.272
0.007
0.006
0.005
0.006
0.007
17.464
0.013
0.063
0.007
19.371
5.509
0.276
0.009
0.007
0.007
0.005
0.005
0.021
0.005
10.156
0.447
0.009
0.006
0.005
0.007
1.736
0.009
0.006
0.288
0.005
0.005
0.005
0.006
0.006
1.866
0.013
0.006
0.006
0.575
0.007
0.005
0.007
0.006
0.223
0.005
0.006
0.004
0.006
0.005
0.297
0.005
0.006
0.006
0.006
3.122
0.010
0.007
0.006
0.005
1.770
0.009
0.007
0.006
0.006
0.068
0.006
0.006
0.004
0.019
1.355
0.012
0.006
0.006
0.007
2.058
0.010
0.007
0.007
0.007
0.007
0.006
0.122
0.005
0.006
0.006
0.005
0.006
0.005
0.148
0.006
0.006
0.332
0.008
0.006
0.034
0.006
0.006
0.007
0.005
1.601
0.011
0.022
0.005
0.006
10.755
0.037
0.594
0.011
0.171
0.007
0.005
0.006
0.005
0.005
0.246
0.092
0.006
0.007
0.022
0.005
0.006
0.006
0.006
0.006
0.046
0.006
1.822
0.013
0.007
0.006
0.006
0.434
0.009
0.357
0.128
1.234
0.013
0.007
0.006
0.215
0.006
0.148
0.007
0.007
2.536
0.010
0.007
0.006
0.006
0.007
0.005
0.005
0.022
0.006
3.522
0.013
0.009
0.006
0.007
0.005
0.006
0.006
0.011
0.072
0.133
1.434
0.029
0.006
0.007
2.646
0.013
0.007
0.007
0.005
3.616
0.009
0.006
0.006
0.033
0.008
0.007
0.005
0.006
0.007
0.100
0.007
0.264
0.025
0.006
17.882
0.007
0.007
0.006
0.006
0.006
0.550
0.010
0.007
0.007
7.154
0.016
0.009
0.006
0.006
24.117
0.007
0.959
0.014
0.007
2.562
0.962
0.010
0.007
0.006
0.007
0.006
0.006
0.005
0.226
0.007
1.682
0.009
0.007
0.104
7.665
0.270
0.011
0.008
0.007
11.515
0.007
0.087
0.469
0.011
9.737
0.008
0.007
0.007
0.046
4.401
1.825
0.009
0.006
0.006
11.936
0.014
0.189
0.009
0.168
2.905
0.010
0.177
0.010
0.009
3.171
0.014
0.007
0.009
0.009
1.362
0.017
0.007
0.009
0.007
0.007
0.344
0.014
0.006
0.349
2.945
1.054
0.009
0.008
0.007
5.606
0.015
0.010
0.006
0.007
2.953
0.152
0.009
0.103
0.026
3.972
0.009
0.009
0.008
0.766
7.531
0.018
0.490
0.014
0.009
3.956
1.399
0.018
0.010
0.006
4.100
0.007
0.347
0.010
0.007
3.419
0.013
0.007
0.007
0.010
1.386
0.016
0.007
0.751
0.017
25.441
0.009
0.007
0.018
5.018
9.314
0.263
0.011
0.009
0.009
4.165
0.009
0.007
0.009
0.006
3.695
0.008
0.007
0.007
0.006
0.166
0.009
2.090
0.675
0.019
4.123
0.011
0.009
1.489
0.015
4.542
0.017
0.010
0.009
0.009
3.895
0.010
0.041
0.071
0.007
1.781
4.446
0.842
0.009
0.007
0.009
0.006
1.740
0.019
0.011
3.291
0.011
0.713
0.009
0.007
0.009
0.006
0.008
0.192
0.010
3.283
0.508
2.460
0.022
0.009
6.739
0.009
0.216
0.010
0.009
3.927
0.017
0.031
0.008
0.009
5.825
0.011
0.028
0.009
0.883
3.164
0.011
0.009
2.109
0.009
3.804
0.014
0.009
0.007
0.007
32.093
0.217
0.011
4.730
0.018
0.009
0.009
0.009
0.009
0.009
3.331
0.011
0.009
0.008
2.656
0.011
0.008
0.009
0.009
0.008
4.259
0.007
2.388
0.012
0.010
0.008
0.030
0.009
0.008
0.009
1.693
0.019
0.011
1.016
3.231
0.009
0.029
0.009
0.503
1.198
3.393
0.149
0.105
0.009
0.009
5.029
0.012
0.446
0.015
0.033
1.283
0.046
0.009
0.015
0.009
0.009
0.260
0.013
0.009
0.009
12.346
0.009
0.641
0.013
0.011
6.813
0.015
0.384
0.013
0.011
34.211
0.023
2.246
0.057
0.011
6.360
0.011
0.008
0.008
0.988
0.008
0.249
1.319
0.019
0.009
5.141
0.009
0.171
0.009
0.243
18.129
0.017
0.011
1.731
0.150
0.010
0.009
0.012
0.009
0.009
0.196
0.009
0.009
0.011
0.011
5.571
0.020
0.011
0.009
0.011
4.105
0.150
0.012
0.011
0.011
6.314
0.021
0.011
0.009
0.010
4.769
0.162
0.013
0.011
0.010
5.771
0.675
0.018
0.011
0.009
5.214
0.020
0.532
0.014
0.072
6.578
0.346
0.014
0.009
0.011
3.865
0.500
0.164
2.448
0.051
4.511
0.019
0.013
0.010
0.009
0.009
0.009
0.290
0.014
0.009
4.194
1.358
0.018
0.013
0.009
6.270
0.009
0.133
0.009
0.011
0.010
0.009
0.011
0.008
0.009
4.681
4.184
0.023
0.011
0.009
6.485
0.172
0.012
0.145
0.036
0.010
1.763
0.025
0.010
0.010
5.315
0.016
0.009
0.010
0.009
0.009
0.438
0.022
0.064
0.011
0.060
2.175
0.055
0.014
0.013
5.687
0.014
1.062
0.020
0.013
5.167
0.070
0.011
0.011
0.951
4.196
0.757
2.503
0.022
0.013
2.073
1.712
0.014
0.011
0.011
5.274
0.014
0.011
0.011
0.011
3.436
4.500
0.038
0.009
0.009
0.011
0.010
0.009
0.275
0.012
0.011
0.098
0.011
0.219
0.011
0.009
0.009
0.561
0.011
0.009
0.011
0.036
0.009
0.009
0.014
0.009
0.011
0.007
0.009
0.011
0.011
1.486
0.027
0.012
0.010
6.850
0.015
0.014
0.036
0.015
5.804
0.014
0.011
0.108
0.010
5.618
0.016
0.936
0.011
0.011
116.479
0.013
0.009
0.013
1.412
7.612
0.021
0.011
0.357
0.015
0.012
0.009
0.011
0.994
0.022
6.484
0.119
0.009
0.013
0.009
7.748
0.012
0.011
0.013
0.022
25.689
2.449
0.021
0.011
0.023
25.882
0.341
0.019
0.318
0.014
0.013
0.011
0.010
0.038
0.011
7.253
0.366
0.013
2.640
0.022
7.948
0.026
0.011
0.009
0.012
10.310
0.025
0.014
0.013
0.009
4.542
5.656
0.022
0.149
0.011
8.462
3.827
0.024
0.011
0.014
0.011
1.512
0.026
0.013
0.718
7.967
0.026
0.014
0.012
0.451
149.461
0.041
0.014
0.455
1.626
13.669
0.028
0.014
1.161
0.029
15.366
0.029
0.014
0.014
0.014
14.823
0.151
1.191
0.025
0.014
12.256
0.016
0.012
0.219
0.043
0.014
3.828
0.025
0.049
0.013
13.186
0.044
0.805
0.028
0.013
11.030
0.027
2.350
0.028
0.195
11.696
0.021
0.011
2.288
0.018
9.661
0.018
0.015
1.692
0.063
0.011
0.011
0.012
0.011
0.012
0.014
0.012
0.015
0.014
0.012
0.012
0.971
0.028
0.014
0.047
11.376
1.669
0.025
0.014
0.048
8.241
0.030
0.015
0.311
0.018
6.938
0.015
0.012
0.011
0.805
14.364
0.028
1.336
0.028
0.016
112.453
0.034
0.017
2.254
0.028
22.099
1.819
0.027
0.019
0.015
9.353
0.655
0.027
0.506
0.025
0.012
0.014
0.059
1.488
0.015
0.857
0.025
0.017
0.011
0.011
8.968
1.671
0.065
0.014
0.013
1.835
0.030
0.123
0.018
0.014
8.756
0.017
0.012
0.244
0.015
1.591
0.025
0.114
0.017
0.015
10.871
0.337
0.017
0.013
0.015
0.015
1.161
0.011
0.047
0.011
15.072
1.515
0.025
3.320
0.020
0.829
0.018
0.014
0.048
0.012
11.331
0.018
0.017
0.015
0.014
0.016
0.412
0.022
0.017
0.017
0.017
0.016
0.014
0.011
0.011
13.266
0.475
0.491
0.016
0.018
0.016
0.014
0.012
0.012
0.014
10.610
0.536
0.027
0.057
0.015
0.015
0.013
0.014
0.046
0.012
0.017
0.011
0.014
0.015
1.385
10.293
0.027
0.015
0.016
0.012
10.607
0.016
0.012
4.440
0.033
0.014
0.014
0.015
0.014
0.012
8.545
2.023
0.030
0.017
0.015
60.002
0.038
0.017
1.369
0.727
25.799
0.078
0.069
1.511
0.015
0.017
1.823
0.037
0.016
0.019
28.119
0.041
0.495
0.195
0.019
0.019
0.015
0.017
0.015
0.012
0.052
0.015
0.012
5.659
1.298
54.936
0.018
0.208
0.021
0.015
53.117
0.054
0.022
0.015
0.015
13.575
0.030
0.056
0.013
0.014
3.693
0.049
0.018
0.014
0.014
19.332
0.030
0.022
0.017
0.015
16.470
0.021
0.012
0.014
0.015
0.015
0.015
0.015
0.015
0.014
10.169
0.017
0.014
0.012
1.138
7.639
0.898
0.019
0.015
0.017
9.149
2.954
0.022
0.014
5.377
12.540
0.019
0.015
0.017
0.015
0.012
1.375
0.030
0.058
0.015
10.384
0.021
0.018
0.016
0.015
81.750
2.937
0.034
0.019
0.056
0.015
0.015
0.017
0.015
0.014
0.015
0.012
0.013
0.017
0.014
5.768
6.554
0.075
0.015
0.219
10.116
0.034
0.015
0.015
0.012
8.574
0.446
0.015
0.014
0.322
20.803
0.032
0.142
0.017
1.479
20.075
0.018
7.294
0.085
0.017
7.735
0.018
0.111
0.012
2.054
11.486
0.033
0.015
0.017
0.019
7.993
0.015
0.017
4.879
0.019
22.443
1.070
0.018
0.314
2.798
11.142
2.315
0.612
0.021
0.020
11.452
0.019
0.018
0.015
0.015
12.455
0.019
0.018
0.015
1.420
11.614
4.114
0.030
0.017
0.015
62.791
6.893
0.021
0.018
0.060
0.017
1.327
0.037
0.019
0.018
9.231
0.018
4.819
0.017
0.015
25.713
0.019
2.007
0.034
0.138
11.036
0.018
0.018
0.015
0.015
0.019
2.084
0.033
0.015
0.018
22.067
1.219
0.018
0.019
0.019
15.775
0.038
0.020
0.017
0.017
8.698
0.037
0.022
0.018
5.664
14.143
0.062
0.017
0.016
0.015
21.152
0.040
0.017
0.016
0.016
14.665
0.021
0.015
0.017
0.177
0.017
0.017
1.968
0.033
0.019
11.850
0.123
0.019
0.014
0.014
0.019
0.949
0.019
0.017
0.018
10.948
0.018
0.017
0.017
0.019
0.018
0.017
0.014
0.014
0.056
11.928
0.294
0.021
2.700
0.060
0.650
0.037
0.022
0.019
0.017
0.018
0.017
0.016
0.285
0.023
0.018
0.015
0.014
0.017
0.014
47.226
0.022
0.943
5.414
0.030
11.631
0.036
0.023
2.620
0.036
9.425
0.781
0.017
0.019
0.014
3.173
0.036
0.019
0.018
0.019
20.065
0.017
0.019
0.019
0.885
0.019
0.555
3.027
0.041
0.022
0.018
0.017
0.014
0.015
0.017
12.749
0.038
0.021
0.113
0.019
9.984
0.015
0.017
0.015
0.018
0.017
0.778
0.019
0.017
0.017
18.298
0.018
0.015
0.014
3.280
6.015
0.038
0.019
0.019
0.019
9.445
0.017
0.635
2.505
0.036
0.017
0.016
0.018
0.044
0.015
1.283
0.021
0.015
0.018
0.027
10.635
2.579
0.040
0.019
0.014
11.599
0.017
0.014
0.015
0.019
44.939
0.036
8.417
0.021
0.017
15.999
0.021
0.019
0.021
1.737
13.542
0.040
0.021
0.018
0.019
16.385
0.015
0.017
0.851
0.020
39.757
10.652
0.019
0.019
0.019
19.621
0.038
3.606
0.021
0.019
0.018
0.014
0.018
0.019
0.099
16.471
0.037
0.018
0.016
2.995
18.641
0.038
4.844
0.105
0.749
13.809
7.163
0.040
0.018
0.645
0.016
19.812
0.022
0.138
1.536
16.810
0.022
1.674
2.107
0.024
18.173
0.019
0.018
0.018
6.644
22.503
0.036
0.018
0.021
0.017
20.326
0.022
0.018
0.015
0.028
0.021
4.528
0.597
0.018
0.021
19.760
0.080
0.017
0.014
0.017
0.018
0.016
0.017
0.017
0.756
19.889
0.031
3.138
0.018
0.066
27.497
0.044
0.628
0.019
0.698
23.411
0.038
0.025
0.018
0.016
27.799
0.019
0.807
3.153
0.028
0.018
0.063
0.018
0.019
0.018
18.400
1.849
1.471
0.042
0.018
2.709
0.024
0.065
0.015
0.016
20.522
0.031
0.022
0.017
0.099
0.017
16.862
0.021
0.019
0.017
16.602
1.723
0.031
0.023
0.019
60.893
8.794
0.026
0.018
0.019
22.049
1.554
0.027
0.021
0.017
28.376
0.029
4.960
0.043
0.075
29.046
0.029
0.974
0.035
7.521
19.623
3.281
0.062
0.022
0.018
15.037
7.624
0.044
0.025
0.021
21.305
0.023
0.711
0.019
0.017
20.692
0.533
4.510
0.046
0.023
34.220
0.040
1.369
0.022
0.018
0.017
0.018
1.787
0.177
0.023
1.964
0.022
0.017
0.017
0.069
30.346
0.024
0.018
7.053
0.043
25.644
0.017
1.839
0.030
0.019
23.808
0.023
6.853
0.025
0.018
20.459
0.329
2.151
0.043
1.905
26.770
0.226
6.080
0.024
1.234
24.024
1.673
1.524
0.028
0.016
0.021
0.017
0.019
1.052
0.071
33.836
0.027
1.594
5.820
0.024
21.051
0.042
1.139
0.019
0.016
0.022
1.448
0.029
0.020
2.588
23.799
0.024
0.021
0.018
0.068
26.395
0.103
0.262
1.152
0.031
23.874
0.569
0.042
0.018
0.015
23.620
0.737
0.040
0.021
0.021
23.354
0.040
5.178
0.030
0.022
21.816
0.023
0.783
5.009
0.027
0.023
16.386
0.468
0.031
0.021
19.995
0.024
0.019
0.017
0.019
21.097
0.043
0.025
0.018
0.019
0.022
0.024
0.844
0.480
0.047
0.040
0.240
4.679
0.028
0.023
21.907
0.025
0.018
0.016
0.017
21.609
0.091
0.069
0.996
0.029
20.860
0.024
0.021
4.197
0.023
21.921
0.038
0.022
0.019
0.529
40.377
4.018
0.038
1.092
3.566
22.811
6.310
0.034
0.021
0.019
25.234
0.027
7.787
0.022
0.016
27.910
8.867
0.023
0.018
0.023
19.094
0.036
0.023
2.844
2.953
21.874
0.044
0.536
7.021
0.048
23.694
0.025
0.019
0.017
0.021
22.743
5.775
0.019
0.069
0.021
27.691
0.056
0.022
0.023
0.017
25.568
0.099
0.028
0.021
0.016
0.018
0.020
0.021
0.019
0.393
14.255
6.481
0.104
0.511
0.022
21.143
5.842
0.098
0.017
0.017
14.823
7.946
0.042
1.427
0.037
17.734
5.553
0.037
0.027
0.021
0.022
0.017
0.018
0.016
0.018
25.784
5.404
2.906
0.072
2.325
20.468
0.028
3.585
0.038
0.022
28.587
0.021
0.022
0.021
0.072
8.808
0.027
0.018
0.027
0.022
26.640
0.023
0.018
0.023
0.018
0.024
6.678
0.107
0.023
0.022
25.160
0.042
0.028
0.079
0.025
21.614
6.852
0.052
0.025
0.021
18.586
0.023
4.885
0.042
0.029
25.596
0.224
0.022
0.018
0.073
18.240
3.706
1.590
0.033
0.019
1.909
1.629
0.025
0.017
0.019
25.575
0.806
0.021
0.024
0.082
21.998
0.026
0.024
0.033
2.110
37.169
4.920
0.027
0.023
0.017
22.682
2.642
0.041
0.028
0.406
24.283
0.042
0.025
0.025
0.021
0.021
7.158
0.022
0.020
0.023
26.271
0.120
0.023
0.424
0.043
32.677
0.211
0.033
0.865
0.587
0.964
0.043
1.331
0.021
0.022
16.500
4.411
0.044
2.492
0.022
14.017
0.024
0.018
11.700
0.029
21.931
0.022
0.021
0.019
0.018
23.102
0.035
0.021
0.022
0.027
0.018
3.157
0.250
0.025
0.021
14.257
0.046
0.030
0.019
0.352
12.216
0.044
0.048
0.651
0.024
0.038
8.137
0.024
0.022
0.023
23.557
0.024
0.028
0.021
0.024
16.193
0.025
7.163
0.043
0.022
21.563
0.024
0.327
0.246
0.022
0.023
0.024
2.321
0.049
0.025
37.717
1.996
0.023
0.019
0.026
17.649
0.044
0.024
0.019
10.222
24.651
0.046
0.028
1.848
0.025
25.441
0.030
6.563
0.048
0.028
21.353
2.794
0.043
0.025
0.020
0.021
0.021
0.023
0.023
0.017
28.073
0.040
0.023
0.025
0.022
28.008
1.175
0.022
0.155
0.025
16.410
1.927
5.251
0.044
0.021
24.773
0.042
0.030
4.324
0.085
20.485
0.967
1.596
0.108
0.018
15.408
4.615
0.051
0.025
0.022
22.523
0.027
0.026
0.018
0.023
0.027
21.599
0.044
0.031
0.019
28.785
0.025
0.019
3.892
1.632
18.622
1.152
0.040
0.085
0.021
0.080
0.024
0.029
0.021
0.019
14.246
5.428
0.094
0.317
0.027
0.022
1.232
0.047
0.024
0.028
19.582
0.044
0.024
0.020
0.027
23.211
0.042
0.022
0.027
0.023
0.027
24.251
0.054
2.270
0.040
23.692
0.033
1.927
0.036
0.527
22.091
0.053
1.813
0.114
0.022
14.780
0.048
3.126
0.059
0.028
0.893
0.031
6.206
0.022
0.027
14.626
3.523
0.053
4.790
0.047
13.898
6.084
0.029
0.031
0.024
37.622
1.679
0.040
0.027
0.022
15.948
11.458
0.029
0.021
0.019
27.524
0.028
0.019
0.074
0.028
22.763
1.145
0.042
0.027
0.030
23.623
0.025
0.021
0.021
0.023
0.022
0.024
3.029
0.821
1.226
0.025
0.023
0.025
0.019
0.086
17.529
0.023
0.022
0.035
7.930
26.085
0.046
0.023
0.092
0.080
44.898
0.025
8.034
0.055
0.028
27.745
0.034
0.028
0.024
0.024
0.025
30.116
0.059
0.027
2.336
0.022
0.025
0.019
0.025
0.024
30.321
2.436
2.780
0.037
0.023
0.023
0.021
0.027
0.019
0.024
18.268
5.390
0.040
0.025
0.022
0.021
0.024
0.023
0.160
0.034
0.025
30.809
0.028
0.024
0.946
27.929
8.447
0.130
0.024
0.024
21.173
0.050
0.030
0.029
0.020
20.301
5.260
0.053
0.034
0.026
29.532
0.036
0.026
0.087
0.024
20.810
0.042
0.033
3.815
3.147
22.503
0.755
0.036
0.031
6.359
25.455
0.089
0.024
0.027
0.026
0.029
0.024
2.572
0.053
2.075
22.820
0.055
8.451
0.117
0.034
0.022
2.170
0.050
4.111
0.029
32.060
0.065
6.693
1.622
1.833
26.992
5.650
4.983
0.034
0.026
25.920
6.965
0.034
0.023
0.027
20.555
6.952
0.047
0.028
0.034
30.809
0.029
0.025
0.029
0.022
26.675
3.221
3.159
1.197
0.032
20.972
10.575
0.050
0.029
0.025
0.022
0.027
0.027
1.835
2.120
1.527
0.049
0.025
0.026
0.029
30.588
0.048
0.902
0.049
0.028
2.008
0.051
0.036
0.094
0.019
30.988
0.029
0.023
0.026
0.019
34.037
2.289
0.063
3.235
0.028
32.183
0.551
0.031
0.025
0.024
35.224
1.546
1.688
0.043
0.031
20.494
0.033
0.022
6.688
4.963
20.733
8.083
0.029
0.024
0.028
38.549
0.588
0.034
0.022
0.027
0.029
0.027
0.025
0.023
0.020
33.714
4.863
0.062
0.028
0.024
29.987
0.049
0.024
0.027
6.490
33.173
0.057
9.663
0.029
0.027
22.340
0.901
0.053
10.425
0.053
29.990
0.062
0.045
0.029
0.027
29.423
7.098
0.034
1.754
0.029
2.364
1.579
0.060
0.027
0.029
28.651
0.028
0.026
0.617
0.055
34.797
0.032
0.677
0.053
0.026
18.179
0.031
0.024
0.025
1.605
34.370
0.062
0.026
0.027
1.964
27.289
0.028
0.031
0.026
0.029
27.275
0.065
0.032
0.022
1.910
28.103
12.030
0.039
0.029
0.024
31.172
5.263
2.372
0.039
0.027
0.023
0.027
0.022
0.029
0.048
28.091
0.032
0.024
0.027
0.027
8.807
0.036
0.027
0.024
0.025
28.414
0.057
5.241
0.061
6.549
22.672
0.036
0.029
5.619
0.036
0.022
0.029
0.600
4.550
9.488
0.026
2.960
4.054
0.053
0.105
23.384
0.034
1.619
0.057
7.162
27.837
0.819
3.600
0.045
6.203
34.929
0.038
0.027
0.025
0.028
17.787
0.031
0.028
0.031
5.547
20.661
0.650
0.059
0.031
0.033
0.028
0.089
2.253
0.029
0.027
25.579
0.036
0.024
0.031
5.932
20.520
0.057
0.032
0.620
0.032
29.611
0.043
0.033
4.469
0.065
34.732
0.105
0.025
0.027
0.022
23.605
8.574
0.258
8.361
0.034
13.881
0.046
0.034
0.107
11.981
2.647
0.055
0.031
2.816
0.064
26.247
0.027
19.022
0.065
0.027
45.153
0.063
0.031
8.196
1.694
29.313
4.236
0.063
0.027
0.026
23.699
1.733
0.062
0.031
3.586
0.027
10.983
0.027
0.025
0.026
31.170
4.458
0.060
2.756
0.039
27.434
0.033
0.027
0.029
8.315
35.775
0.061
10.101
0.030
0.087
10.672
15.659
6.043
0.067
0.029
25.984
0.027
0.020
0.031
0.023
0.027
0.024
0.023
0.022
0.024
51.922
0.041
0.024
6.761
0.072
24.842
0.046
0.023
0.022
7.750
24.680
0.050
9.124
0.057
0.028
0.025
0.023
0.024
0.019
0.024
39.382
8.678
1.707
0.036
0.026
41.575
3.161
0.060
0.027
0.034
37.094
0.036
0.026
0.031
0.022
0.022
34.430
0.052
0.033
3.040
11.484
14.970
0.032
1.864
0.059
0.024
5.399
0.252
0.027
0.028
40.818
1.683
0.031
3.039
0.060
32.195
0.026
4.057
0.055
0.040
35.207
1.589
0.034
4.646
0.065
0.028
0.022
0.023
0.028
0.026
33.283
0.136
0.026
0.020
4.747
40.730
0.054
0.029
8.874
0.036
32.895
0.055
4.097
0.024
0.025
35.552
0.055
0.031
0.026
1.071
35.566
0.057
0.036
0.029
0.023
8.651
1.195
0.031
0.022
0.020
38.435
0.064
0.028
0.031
6.958
33.601
0.053
0.034
0.618
0.065
0.029
0.027
0.023
0.021
0.024
0.069
0.027
0.029
0.023
0.022
36.687
0.026
0.024
0.021
0.031
27.218
0.057
0.031
0.024
0.029
41.473
0.028
0.024
0.027
0.025
28.222
0.041
0.248
0.039
0.086
25.331
0.067
2.942
0.062
0.031
0.029
0.028
0.024
0.046
2.818
35.967
0.029
0.022
0.026
0.024
68.119
0.069
0.031
0.031
0.024
0.030
0.029
5.363
0.055
0.038
39.287
7.264
0.046
0.029
0.036
28.234
0.031
0.029
0.027
0.024
0.027
0.023
2.448
0.045
0.029
46.171
0.065
0.031
0.038
0.080
30.064
0.056
0.041
0.031
0.129
30.852
0.061
0.043
0.103
0.024
30.396
0.041
0.039
0.033
2.597
21.850
0.053
0.030
13.865
0.036
34.559
0.069
0.027
0.029
0.033
39.485
4.565
0.029
0.024
1.868
40.320
0.041
0.036
0.041
0.027
47.126
0.053
0.032
2.863
0.038
23.434
0.068
0.046
0.027
0.338
0.033
15.590
0.069
0.029
0.030
35.060
0.038
0.107
0.031
0.029
21.187
2.417
0.029
0.030
3.453
24.692
6.466
0.027
0.027
0.024
71.089
0.046
0.031
0.026
0.024
0.027
0.029
0.028
0.025
0.032
26.302
0.037
0.029
0.027
0.024
27.652
0.032
0.030
3.164
0.148
29.408
0.068
0.113
0.027
0.030
0.029
33.491
0.042
0.038
5.082
0.031
29.210
0.041
0.031
5.251
23.081
0.053
0.036
0.030
0.027
23.406
0.072
0.250
0.598
0.031
41.283
0.068
2.488
0.038
0.029
70.398
9.556
0.069
0.038
0.029
30.466
0.040
0.032
5.625
0.051
31.284
0.034
0.035
0.031
0.038
30.238
0.035
0.026
0.025
0.027
27.806
0.050
4.644
4.057
0.041
0.031
0.031
0.031
0.031
0.026
31.445
0.059
13.845
0.061
0.030
0.033
34.291
5.178
2.576
0.034
31.426
0.037
0.040
4.069
0.053
0.024
0.035
0.031
0.025
0.034
24.354
0.041
13.174
0.041
0.029
43.011
0.041
0.025
0.026
0.024
14.972
0.059
25.086
0.027
0.034
23.597
7.800
1.636
5.825
2.276
33.458
0.048
0.117
0.034
0.025
21.239
0.034
4.012
0.071
0.038
0.034
0.034
0.030
5.346
0.150
38.559
10.147
0.032
0.029
1.982
31.402
1.830
0.033
0.025
0.038
30.704
0.041
6.411
0.072
0.034
30.795
4.235
0.045
0.033
1.121
35.747
0.064
0.029
0.024
0.024
30.688
0.038
1.715
0.040
0.031
23.919
11.323
1.538
0.038
0.032
40.999
0.053
0.036
0.036
3.981
38.267
3.345
1.264
0.051
0.029
0.029
0.081
0.031
0.105
0.024
36.701
0.069
0.035
5.308
6.231
95.134
0.053
8.388
0.042
0.033
41.019
0.065
4.678
0.073
3.081
33.812
9.490
0.159
2.632
0.029
29.290
0.157
0.027
0.028
4.101
0.027
0.027
0.034
0.024
0.022
30.959
0.034
7.172
0.043
0.041
0.036
37.244
1.277
0.077
0.029
35.961
0.036
0.031
0.105
2.597
35.672
0.060
3.151
0.033
1.681
30.726
0.045
0.028
0.036
0.028
3.295
5.145
0.036
0.105
0.031
34.875
4.635
0.037
0.033
0.024
0.032
0.150
0.029
0.032
0.026
32.981
0.148
0.031
0.032
3.336
32.660
0.040
3.319
0.051
0.029
29.748
3.525
0.121
0.034
0.031
37.476
5.156
0.072
0.053
0.036
38.681
0.898
0.035
9.965
0.034
21.178
7.506
0.039
0.029
0.033
35.416
5.120
2.146
0.051
0.029
27.655
0.048
0.038
0.033
0.028
0.036
0.034
0.034
2.056
1.559
39.427
0.028
0.033
0.104
8.676
35.763
0.072
7.816
0.055
0.041
10.609
15.856
4.206
0.060
0.038
37.469
0.065
11.085
0.062
0.028
33.975
0.065
0.031
0.033
0.030
0.031
3.888
0.122
0.029
0.029
0.034
0.025
0.027
0.103
0.024
22.912
0.048
10.643
0.066
0.036
6.549
0.049
0.034
0.033
0.035
34.130
0.070
0.046
0.038
0.031
0.031
0.024
0.034
0.026
0.026
32.215
1.422
5.197
2.274
0.046
38.091
0.074
0.031
0.028
0.034
38.222
0.053
0.032
0.028
0.032
48.373
0.067
0.041
0.027
0.119
41.858
0.042
0.041
0.033
0.026
45.683
0.044
0.034
0.027
0.024
44.482
0.037
0.034
2.184
0.819
0.076
0.025
1.845
0.068
0.038
0.031
0.028
0.030
0.029
10.071
44.129
0.078
12.822
0.037
0.027
35.701
0.032
6.870
0.143
0.028
41.384
2.823
2.633
0.040
0.962
34.607
5.316
0.043
0.030
0.033
0.033
0.266
0.027
1.584
0.038
30.631
3.729
0.131
0.027
0.025
36.899
0.043
0.030
0.034
0.033
31.668
5.120
0.036
0.031
6.772
43.308
0.067
0.043
0.040
0.029
39.716
0.039
5.828
5.224
0.043
43.132
6.469
0.046
0.033
0.033
41.780
0.072
3.269
0.077
0.038
35.155
0.071
0.034
0.031
2.892
34.419
0.060
0.031
0.577
0.038
38.598
4.530
2.801
1.752
0.039
40.117
0.041
0.027
0.032
0.031
32.478
0.067
0.040
0.031
2.659
42.112
0.078
0.041
0.113
1.036
28.239
15.428
0.076
0.041
0.032
25.450
0.051
0.030
0.031
0.032
38.910
5.148
0.068
0.123
0.027
28.512
9.912
0.074
0.037
0.034
38.262
3.145
0.071
0.033
0.031
0.035
0.031
0.026
0.025
0.034
0.034
0.110
0.030
0.029
0.030
0.112
0.027
0.034
0.030
0.034
25.442
19.905
0.078
0.031
0.029
131.929
0.053
0.221
12.647
0.047
49.991
0.033
0.029
0.033
0.033
32.796
0.069
0.037
0.035
0.040
30.876
0.191
0.058
0.031
0.037
32.423
0.042
0.037
9.516
0.069
0.033
0.076
4.235
0.043
0.038
37.788
0.082
0.037
0.034
1.235
0.038
2.100
0.036
0.033
0.027
39.971
0.074
0.045
0.034
0.027
0.030
5.051
0.171
1.358
0.057
146.481
5.101
7.111
0.085
0.040
42.480
5.773
0.081
0.047
0.029
40.790
0.077
0.048
0.040
0.030
5.481
0.081
0.041
0.033
0.030
51.026
0.032
0.029
1.204
0.034
39.755
14.338
0.056
0.033
0.040
152.600
0.041
6.486
0.048
7.068
41.448
10.843
0.031
0.040
0.034
37.643
0.043
0.027
0.029
0.037
49.444
0.066
0.053
0.038
12.077
46.148
0.152
0.033
0.033
0.030
40.738
4.671
0.151
0.038
0.034
32.976
3.289
0.041
0.030
0.227
0.031
0.031
4.015
0.085
0.040
35.720
0.062
6.534
0.053
0.030
41.102
1.132
6.017
0.068
2.906
0.030
0.030
0.119
0.030
0.106
0.033
0.031
0.028
0.029
0.037
0.037
0.037
0.033
0.033
0.026
35.418
2.267
16.217
0.044
0.126
49.291
4.504
0.071
0.043
0.037
17.413
23.299
0.039
1.555
0.062
138.430
0.075
0.043
3.912
4.496
58.773
6.745
0.069
0.043
0.038
0.765
0.078
0.044
0.126
0.036
42.588
0.088
0.047
0.033
0.035
48.924
0.078
0.044
0.036
11.023
0.037
0.036
0.029
0.032
6.670
358.476
0.075
0.041
0.059
0.035
57.253
0.079
0.051
10.928
2.806
61.674
0.081
0.040
0.041
0.031
56.420
13.991
0.082
0.040
0.034
17.690
0.069
0.047
0.038
0.051
17.804
0.083
0.047
0.036
0.031
49.528
3.169
4.972
0.055
0.037
53.939
17.292
0.075
0.036
0.138
57.398
0.051
0.038
0.031
0.037
43.401
0.074
0.042
0.036
0.031
36.945
0.087
12.489
0.073
0.046
8.420
0.073
0.040
0.029
0.030
31.296
0.140
21.996
0.082
0.044
46.758
3.334
0.078
0.038
0.040
48.298
0.063
0.046
0.041
0.031
58.082
0.046
0.043
0.033
0.033
57.361
0.045
0.043
0.432
0.046
47.910
0.048
0.035
0.030
0.038
52.393
5.771
0.050
0.046
0.033
74.613
0.076
0.038
0.029
0.721
48.661
0.090
0.038
3.193
0.074
45.485
0.038
0.046
0.035
5.263
0.034
0.038
0.034
0.133
0.040
6.093
0.047
0.042
0.033
0.036
57.913
0.046
0.040
0.040
0.034
40.445
0.037
0.043
0.090
8.942
48.426
0.049
0.044
0.038
0.033
35.052
0.069
0.044
4.840
0.140
0.038
0.036
0.127
0.148
0.038
30.518
0.072
21.890
0.051
0.041
34.875
5.210
0.048
2.753
0.079
42.254
12.467
0.041
0.039
0.033
40.767
0.047
0.046
1.916
0.050
14.469
26.337
0.047
0.033
5.177
0.044
55.598
12.299
0.065
0.141
47.939
0.049
0.037
0.034
4.501
83.544
6.187
0.053
0.142
0.901
45.247
7.363
0.075
4.257
0.074
54.981
0.084
0.051
0.034
0.040
150.487
0.207
0.041
0.041
0.046
53.845
0.076
0.040
0.038
0.034
54.815
0.044
5.901
0.079
0.044
45.315
4.734
0.637
0.059
0.054
66.994
0.803
0.052
0.041
12.759
59.816
3.378
0.057
0.050
8.123
34.224
0.058
33.173
7.290
0.089
0.044
0.043
0.040
0.045
0.034
63.048
0.088
6.148
0.043
6.873
61.381
0.044
0.904
0.076
0.036
54.772
0.099
0.051
0.037
6.781
57.349
0.079
0.040
0.051
0.047
153.412
0.066
0.044
6.485
0.085
0.041
0.037
0.040
0.040
0.031
374.251
0.112
0.055
4.792
0.102
0.047
0.035
3.189
0.058
0.045
55.733
0.086
0.048
0.038
0.050
61.158
2.730
0.071
0.044
0.048
51.115
0.209
0.038
8.718
0.093
69.787
0.090
0.172
9.047
0.081
343.860
0.077
1.377
0.075
0.047
208.890
11.935
6.794
0.066
0.047
62.163
0.084
0.053
5.119
0.087
0.040
0.037
0.046
0.044
0.046
26.120
0.078
0.048
19.024
17.958
74.797
2.260
0.045
6.789
0.047
0.055
1.312
0.040
0.044
0.034
71.236
12.212
0.093
9.089
0.058
54.241
2.032
0.043
0.038
0.035
61.105
0.079
1.623
0.045
0.048
74.709
5.892
0.054
17.985
0.058
75.096
0.044
0.157
0.038
0.033
63.820
0.081
1.445
0.089
5.576
51.705
0.083
0.053
11.590
0.095
76.585
0.060
0.043
0.043
0.041
65.372
0.095
0.057
0.044
0.040
57.192
0.062
6.772
0.172
2.922
73.427
0.054
0.042
0.039
0.057
0.047
0.120
0.043
1.295
9.154
0.041
0.036
6.188
0.209
0.044
56.111
0.081
0.043
3.433
0.050
73.475
0.051
0.045
0.037
0.048
47.077
0.088
0.042
0.047
0.160
81.422
0.057
0.052
7.297
0.093
72.370
0.079
0.062
0.046
18.578
76.795
0.220
1.578
1.645
0.064
0.044
0.046
0.034
0.034
0.040
8.863
0.092
0.058
0.048
0.043
0.040
0.037
11.215
0.071
0.055
47.492
0.087
19.675
6.199
0.078
128.631
11.107
0.089
0.043
0.064
0.058
0.041
0.044
0.047
2.111
69.422
0.062
0.050
0.041
0.041
68.957
15.001
0.049
0.052
0.046
76.316
0.102
0.052
0.043
2.524
71.294
4.537
0.048
0.038
0.034
61.324
0.051
0.054
6.628
0.095
73.528
2.785
0.198
0.044
0.047
70.658
0.085
0.041
0.049
0.042
0.036
6.287
0.062
0.040
2.274
89.810
2.622
0.055
0.038
0.046
65.312
0.098
0.044
1.600
0.081
48.439
7.056
10.798
0.053
0.040
71.093
0.058
0.048
7.591
0.074
63.785
0.093
0.043
0.041
0.043
68.014
0.040
18.175
0.109
0.048
0.147
3.979
0.043
0.037
1.139
84.549
0.055
0.054
12.425
0.059
95.032
0.054
0.043
24.727
0.054
90.800
0.069
0.040
0.058
0.036
70.143
20.856
0.065
0.046
0.048
378.780
0.101
0.049
4.263
10.626
0.043
49.935
27.637
0.074
0.053
0.037
0.102
0.042
0.044
0.040
0.037
0.044
0.045
0.046
0.189
53.610
0.198
0.037
4.078
13.898
0.051
0.041
0.051
0.046
0.034
49.798
5.365
15.246
0.098
0.051
81.493
19.921
0.092
0.048
0.053
46.377
0.044
0.154
0.046
0.047
18.405
0.086
0.043
0.275
12.745
63.806
17.332
0.082
0.051
0.038
49.909
0.065
9.686
0.055
4.436
67.487
9.147
0.081
0.048
0.050
65.971
6.665
0.063
6.102
0.073
48.267
0.096
0.047
0.038
23.510
90.340
0.170
0.048
0.037
0.068
84.401
0.083
0.046
1.863
0.098
18.482
0.069
0.047
0.043
0.050
479.836
0.097
0.067
4.423
4.155
50.727
0.062
6.523
0.054
0.046
0.048
0.971
0.054
0.045
0.034
46.082
3.120
2.312
0.050
3.546
47.730
0.074
0.044
15.326
0.079
50.061
0.068
0.163
12.717
0.078
44.482
18.972
0.071
0.163
0.151
46.079
0.089
9.620
0.078
0.048
75.479
0.167
0.037
0.165
0.045
9.473
0.085
0.060
0.047
4.073
72.308
0.048
0.043
1.249
0.053
5.906
7.578
0.078
0.045
0.053
56.996
0.089
8.431
0.085
0.058
62.080
0.060
0.053
0.162
0.048
67.530
0.084
7.560
0.099
0.053
39.183
28.608
0.086
0.051
0.057
57.827
0.224
17.830
0.078
0.039
63.750
0.102
0.054
0.179
0.041
22.581
32.637
1.550
0.068
0.048
0.038
191.400
0.097
0.058
14.368
0.050
0.040
0.046
0.037
11.220
74.223
0.083
0.051
0.041
1.431
0.043
0.048
0.039
0.041
0.036
74.502
0.102
5.320
0.092
0.054
71.389
18.699
0.069
0.059
0.037
54.124
0.084
0.178
0.040
1.373
5.622
12.150
0.095
2.410
0.099
45.162
4.543
11.420
0.053
0.048
0.053
0.153
0.150
11.685
0.054
54.862
0.100
0.050
0.275
0.082
0.041
0.035
6.486
0.073
0.051
65.746
0.053
0.055
0.054
0.160
47.175
0.262
0.058
0.048
0.046
63.152
0.079
0.051
0.043
9.317
74.522
0.064
0.055
0.043
4.714
61.150
0.096
0.053
0.043
0.058
73.206
22.504
0.057
0.061
0.047
0.054
7.183
0.088
0.044
0.043
529.883
6.706
0.103
0.057
3.625
69.142
4.363
0.068
0.056
11.920
84.190
8.374
0.092
0.048
0.042
69.867
0.091
0.064
0.054
0.040
82.044
0.088
0.048
0.056
0.044
72.573
0.093
0.195
0.048
16.898
20.601
49.460
0.065
3.114
0.085
0.057
0.054
0.042
12.412
0.066
62.565
0.093
0.061
0.058
0.056
66.072
0.088
0.057
0.054
0.048
53.807
6.932
13.434
0.051
0.059
69.695
0.105
0.056
0.064
0.344
47.109
0.107
0.060
14.067
0.099
265.643
0.069
0.045
0.040
0.073
69.531
0.090
0.055
0.040
0.049
62.442
0.076
0.061
1.176
0.075
75.553
0.202
0.082
0.048
0.054
243.178
0.115
0.065
0.057
0.212
54.658
0.091
0.057
0.046
0.053
0.349
0.104
0.054
3.821
0.060
75.079
0.101
15.793
0.069
0.050
0.059
19.081
0.111
0.063
0.060
46.166
0.105
0.058
7.821
0.053
0.051
15.725
0.079
0.060
0.054
0.051
0.043
0.562
0.091
0.066
45.857
0.106
1.066
29.722
0.099
0.051
1.759
0.234
0.051
0.044
0.065
0.048
0.047
0.040
0.048
79.783
0.099
0.196
0.047
0.057
54.654
0.107
28.101
0.057
0.053
71.012
0.087
11.707
3.386
0.099
66.972
0.083
0.071
1.188
0.048
83.450
6.326
2.294
0.077
0.070
88.563
0.050
0.058
0.062
0.049
68.703
0.110
0.054
0.054
21.566
68.446
0.074
0.047
0.053
0.060
149.452
0.060
0.589
0.064
10.268
176.614
0.115
0.071
7.488
0.270
90.841
0.102
0.068
0.048
0.050
95.119
8.600
0.100
0.059
0.046
0.060
0.060
0.049
0.040
0.052
69.646
1.581
0.101
0.071
3.195
67.415
14.727
0.074
0.068
0.050
64.318
9.229
2.635
0.090
0.048
81.592
0.273
1.025
22.394
0.088
61.328
10.000
0.092
0.068
0.057
72.624
0.088
0.221
3.285
22.218
76.825
0.750
20.185
0.114
0.205
77.733
0.076
7.501
0.549
0.051
267.410
0.219
12.604
0.099
0.057
102.637
0.266
17.872
0.117
0.068
80.783
0.112
0.071
0.048
16.752
89.550
0.109
0.058
14.163
0.116
83.844
0.096
0.062
0.048
0.679
72.258
5.677
0.095
0.068
0.060
82.502
0.052
0.047
0.048
0.051
0.051
77.138
0.062
0.052
14.342
77.802
9.578
5.356
0.112
0.057
90.042
0.068
0.057
1.841
0.065
0.048
0.043
1.177
0.054
0.042
96.210
1.948
3.814
1.540
0.050
84.050
0.110
17.386
0.093
2.493
85.809
18.268
1.315
0.065
0.051
0.139
0.046
0.047
0.056
0.041
56.095
0.099
0.061
14.261
1.692
60.003
11.652
0.113
0.057
0.186
7.079
0.060
0.048
0.062
0.062
57.053
31.312
0.082
0.060
0.186
88.933
0.077
0.065
5.547
0.076
93.952
0.116
0.078
20.694
0.075
81.335
0.095
0.060
0.203
0.062
140.641
0.109
0.066
0.052
0.062
53.945
0.088
0.057
34.518
0.096
88.243
0.122
16.767
0.081
2.399
84.961
0.070
20.328
0.122
0.066
83.174
0.082
0.053
3.914
0.051
57.612
0.099
15.930
0.065
0.057
0.046
98.299
0.072
0.047
1.998
52.084
0.105
18.313
0.083
14.433
28.146
46.100
2.397
0.108
2.375
51.472
1.996
0.082
23.393
0.100
0.059
10.950
0.113
0.065
0.054
73.136
12.057
0.099
4.884
0.085
109.423
0.102
0.057
0.054
0.046
81.070
0.214
0.057
0.066
0.054
53.315
0.078
22.259
0.112
0.072
82.277
2.326
6.448
4.165
0.547
35.855
41.032
18.519
0.088
0.068
82.683
1.464
13.618
0.207
0.082
63.880
26.584
0.207
2.038
3.172
30.037
49.676
11.736
0.091
0.074
70.383
27.876
0.099
0.062
0.051
163.194
3.954
0.102
0.059
0.050
0.069
1.878
0.097
0.060
11.249
101.196
0.097
0.059
0.066
0.053
0.067
0.068
0.054
7.238
0.107
77.381
5.322
0.104
14.535
12.898
88.152
0.093
0.064
0.059
0.064
0.062
11.462
13.891
1.931
0.065
116.115
0.107
0.136
0.060
0.047
584.742
0.124
0.074
33.676
0.089
102.378
0.124
0.074
0.066
0.059
97.439
0.119
0.074
0.119
0.061
126.661
23.883
0.076
0.052
0.069
96.916
0.102
1.399
0.101
0.074
90.713
0.105
31.260
0.071
0.051
116.639
0.079
0.052
0.060
0.053
47.840
66.421
0.057
0.057
0.589
131.688
13.490
0.110
11.410
0.060
113.638
6.264
0.090
1.080
0.105
112.592
0.130
0.084
0.063
0.061
19.076
7.185
0.096
0.054
0.054
103.835
0.267
0.066
2.037
0.105
144.622
0.110
0.974
0.060
0.051
131.059
0.079
0.055
0.061
0.091
107.092
0.335
0.062
0.062
0.061
0.070
0.060
0.054
14.546
0.058
51.829
52.900
1.166
0.079
0.058
108.879
0.112
0.081
0.062
0.122
0.093
19.964
0.062
0.060
0.050
129.422
2.668
0.105
0.080
0.066
135.725
0.090
0.065
0.052
0.069
127.447
0.322
0.061
0.986
0.702
0.155
16.303
0.123
0.070
0.063
45.896
52.749
12.041
0.105
0.115
104.768
0.277
0.061
0.051
6.082
111.996
4.509
0.265
0.061
0.061
29.846
133.359
7.447
1.709
0.087
192.853
0.085
0.054
0.301
0.089
89.673
0.112
4.820
0.113
0.062
94.633
0.313
0.091
0.074
1.011
101.458
9.428
0.099
0.068
0.053
79.009
31.307
0.084
0.060
1.304
98.484
0.094
0.071
0.226
4.160
75.231
0.091
0.056
29.880
5.344
93.548
3.865
0.111
0.079
8.945
98.157
0.110
1.192
0.095
0.070
0.071
4.775
1.680
0.088
5.657
98.648
18.634
0.123
0.067
0.119
0.076
0.054
0.058
0.046
0.059
87.860
23.598
0.103
2.608
0.088
96.262
0.071
0.055
1.495
14.036
84.260
6.177
0.109
0.082
0.074
0.064
19.103
0.054
0.114
0.083
105.239
0.073
2.305
0.063
0.060
105.098
0.110
0.082
0.058
3.245
0.076
0.065
0.064
0.060
0.055
93.182
7.790
24.394
0.074
0.065
101.122
0.113
0.065
0.063
14.896
119.470
0.322
11.774
0.099
3.583
0.060
0.056
0.049
0.055
0.063
0.072
129.044
0.103
0.082
0.074
89.933
0.062
0.074
0.060
0.064
12.887
0.106
0.076
0.082
0.054
0.053
0.309
0.096
0.064
0.048
0.142
0.075
0.060
2.770
10.152
113.681
7.685
0.107
0.062
20.233
104.052
0.086
0.054
4.371
0.093
69.682
0.107
0.082
0.065
39.521
83.907
14.880
0.102
0.067
10.388
155.204
0.131
0.082
9.268
0.098
175.583
0.071
0.071
30.629
0.088
110.100
0.130
0.105
0.079
0.076
345.813
2.750
0.131
0.082
0.070
0.069
0.302
28.117
0.104
0.159
0.057
0.055
0.227
0.164
0.065
95.845
0.100
0.910
0.082
0.065
0.069
0.061
0.155
25.869
3.885
76.164
36.488
0.068
13.428
3.656
90.650
0.102
0.074
21.077
0.089
94.765
12.856
5.522
0.087
0.071
104.688
0.112
0.071
0.060
0.068
80.154
0.107
2.830
0.083
22.330
110.982
0.110
9.512
2.926
0.128
92.270
0.123
2.916
0.088
0.082
24.946
0.090
0.062
0.068
0.063
106.118
14.407
0.119
0.071
0.059
11.891
0.082
0.074
0.077
0.068
112.969
0.082
0.057
0.072
0.062
0.078
0.061
0.060
0.054
0.057
0.106
0.080
0.070
0.073
0.075
118.508
0.078
0.076
21.233
0.133
85.738
0.098
0.072
13.101
0.105
92.813
0.110
0.118
12.498
0.105
111.360
0.130
0.088
0.073
0.129
72.615
0.099
0.071
30.952
0.144
0.087
7.523
2.494
0.074
0.053
266.639
0.120
13.320
14.906
0.110
0.076
0.064
0.053
0.231
0.096
94.752
0.375
0.059
0.062
21.228
89.412
0.092
0.059
5.853
0.099
75.083
21.113
0.080
0.065
1.577
3.938
0.090
0.060
0.060
0.069
62.294
0.097
0.084
1.298
26.503
0.069
0.076
0.064
0.055
0.062
90.812
0.110
0.071
0.065
0.077
13.619
0.110
0.065
0.062
0.054
0.125
0.060
0.060
0.065
0.062
117.545
0.113
13.605
0.098
0.068
80.728
0.125
3.879
0.074
25.422
71.569
0.105
53.762
0.069
0.130
85.211
0.328
0.076
0.075
0.072
115.206
0.088
26.827
1.526
0.116
74.126
0.080
14.841
6.423
0.099
113.749
0.112
10.543
0.125
0.071
4.109
0.102
1.501
0.310
0.076
113.937
0.119
0.068
0.059
9.426
71.498
0.113
0.167
15.274
0.121
94.955
0.124
3.073
0.115
0.079
23.065
0.104
0.084
0.206
0.071
109.361
35.438
0.130
0.079
0.062
41.314
64.567
0.308
0.075
10.554
0.073
0.059
12.658
0.107
8.779
82.834
14.671
0.109
0.103
0.084
92.647
0.083
0.071
2.196
27.240
109.364
0.080
0.085
0.082
0.082
0.136
0.069
0.065
0.058
16.655
2.775
0.146
0.273
1.463
0.105
126.642
0.074
0.063
16.233
0.114
106.105
0.074
0.057
0.053
0.051
0.096
0.061
0.062
0.056
17.705
0.081
0.848
0.104
0.078
0.147
0.061
0.252
0.071
1.768
17.513
207.844
4.169
15.192
0.108
0.084
129.111
0.091
11.041
0.093
0.071
97.666
39.410
0.082
0.085
0.062
114.704
0.123
0.089
0.076
0.273
86.976
0.113
11.100
17.382
0.115
112.179
41.030
0.105
0.093
0.074
98.059
24.150
0.122
0.078
1.391
105.575
0.081
0.073
0.070
0.062
90.765
3.212
0.101
0.070
0.079
109.475
0.124
0.092
0.077
21.454
97.854
0.065
0.065
12.879
0.131
91.352
22.924
0.135
0.102
0.060
113.571
5.578
0.083
18.615
0.079
95.319
21.425
0.094
0.080
1.978
96.803
21.685
0.088
1.748
0.097
114.795
0.127
0.094
0.068
0.071
269.200
0.098
33.098
0.136
0.087
249.414
0.092
0.091
13.688
0.124
0.082
0.062
0.075
0.072
1.385
0.078
6.302
0.129
0.090
2.603
7.844
0.136
0.093
0.073
0.057
0.064
82.153
27.057
0.124
0.076
114.180
0.366
0.086
0.271
0.066
100.425
0.080
0.068
0.060
2.588
17.272
0.138
0.096
0.070
0.081
94.682
0.115
30.478
0.092
0.091
212.204
0.113
0.071
0.067
0.082
215.402
0.077
0.081
0.077
0.082
111.791
6.462
0.127
0.076
24.663
119.919
0.122
0.079
29.055
0.082
581.297
0.143
8.469
0.106
22.943
113.514
0.096
0.437
0.132
0.085
21.403
7.785
0.144
0.079
0.079
0.106
0.079
0.082
0.083
0.071
142.783
0.086
5.824
2.457
0.108
130.644
0.129
0.096
0.088
0.068
7.726
0.102
0.074
0.099
0.091
213.999
0.142
6.654
13.235
0.127
141.958
0.134
15.881
0.324
0.091
311.945
0.105
32.491
0.150
0.083
152.001
0.144
12.377
0.124
0.088
118.604
0.150
0.106
0.075
0.083
20.750
0.113
0.076
0.100
0.071
128.612
13.239
0.078
0.300
0.279
123.377
33.349
0.117
0.068
0.057
146.275
0.102
0.100
13.807
0.136
153.764
28.082
0.106
1.408
0.110
159.740
0.138
15.571
0.124
3.816
138.378
13.492
14.308
0.069
0.286
126.022
0.100
0.099
36.025
0.107
140.809
3.176
0.110
0.079
0.070
163.937
0.332
0.072
0.073
1.061
0.067
0.068
34.262
0.111
0.312
131.683
0.096
0.095
0.247
0.086
137.455
0.150
0.087
28.842
0.344
182.305
0.130
3.502
9.246
0.137
157.238
0.157
0.110
38.859
4.280
165.090
0.141
0.081
0.090
0.081
93.846
0.126
0.081
4.872
32.095
134.254
0.586
0.115
32.451
0.145
91.289
0.087
7.156
0.070
0.068
0.085
0.084
0.065
0.082
7.739
0.089
47.538
0.127
0.103
0.088
125.642
37.330
0.125
0.091
8.488
166.036
9.029
0.115
0.073
0.062
126.263
0.134
0.102
0.087
0.081
141.320
9.466
1.753
0.351
0.086
131.579
0.133
0.096
0.086
0.080
0.287
0.154
0.085
0.074
0.074
0.075
0.077
0.068
0.068
0.065
132.199
0.141
0.099
0.093
0.089
128.018
19.262
0.143
12.922
2.443
118.420
6.660
0.109
11.329
0.122
164.389
0.119
0.079
0.092
0.069
0.092
165.470
0.139
0.107
0.090
98.333
12.012
18.401
0.111
0.100
121.908
0.135
19.887
0.132
8.634
159.072
0.133
13.458
3.714
0.134
17.991
7.124
0.105
9.811
0.112
164.932
0.116
35.360
0.142
0.096
137.143
0.114
28.924
0.127
18.318
0.078
0.068
4.385
0.119
0.085
119.673
0.138
0.316
0.070
19.973
195.410
0.126
0.103
0.094
0.306
0.079
171.362
0.115
0.076
0.066
207.818
0.119
0.079
0.074
0.074
143.335
0.163
0.091
38.437
0.088
165.829
12.305
0.159
0.111
0.089
177.589
6.484
7.427
0.085
0.092
430.217
0.126
5.188
0.107
0.082
0.101
0.101
0.101
17.266
0.147
194.983
41.834
0.128
0.102
0.090
110.667
0.142
63.975
6.267
4.078
181.402
0.132
11.463
0.127
0.084
123.353
13.051
0.120
0.096
26.992
392.536
0.136
26.500
0.135
28.003
290.983
0.131
7.134
0.118
0.100
0.096
0.090
0.090
0.083
18.523
130.024
4.765
0.128
0.097
0.102
84.648
0.434
0.089
0.084
3.275
0.089
295.630
12.987
0.122
0.094
9.536
0.399
0.093
4.067
0.104
107.016
31.564
0.101
0.095
0.332
259.214
28.121
0.150
0.108
0.078
645.598
27.187
0.149
0.091
0.081
132.848
0.122
0.105
0.102
0.082
119.347
2.235
0.113
23.052
0.147
130.956
0.107
5.565
0.101
1.405
157.453
21.277
0.130
0.092
0.076
113.284
0.125
0.106
0.091
0.079
134.124
0.233
0.092
0.076
0.066
108.210
28.250
0.113
0.085
0.077
162.538
0.103
0.099
0.116
0.088
0.084
0.085
0.075
0.079
0.075
319.570
43.466
0.116
0.321
0.099
704.820
0.136
0.094
0.093
0.082
0.091
16.889
0.129
11.548
0.094
145.711
0.132
0.320
0.099
23.057
109.095
0.145
0.097
43.702
0.140
0.102
147.349
0.116
30.653
0.137
111.584
0.532
0.092
0.091
33.058
0.098
128.866
32.421
2.944
0.127
142.573
16.766
1.199
0.099
0.090
143.680
0.374
0.091
6.969
0.124
95.073
53.664
0.138
6.622
0.090
140.387
0.117
16.466
8.906
0.127
131.847
0.112
0.085
8.338
0.107
119.040
0.095
2.013
4.256
0.391
0.316
0.315
0.076
27.160
0.154
118.460
0.136
0.102
0.079
0.069
121.353
17.044
0.139
0.087
0.337
86.332
0.117
1.455
0.096
30.766
108.233
0.129
0.098
0.092
6.164
0.101
90.016
52.834
0.152
0.355
123.597
0.133
3.090
0.107
0.572
0.318
129.513
0.678
2.757
0.109
132.538
29.395
1.204
0.110
0.332
111.993
16.470
0.113
0.086
0.079
159.493
21.462
0.144
0.093
0.091
137.017
9.770
23.631
0.125
0.114
0.148
133.937
0.092
19.283
0.152
168.414
18.378
0.125
1.126
0.105
550.795
5.566
1.248
0.115
71.265
0.090
0.073
0.087
0.321
0.178
94.296
0.133
10.691
0.138
0.118
170.274
0.106
0.095
34.394
1.286
144.527
0.863
0.110
0.085
0.079
120.794
0.101
0.079
2.314
0.116
135.830
0.114
4.613
13.689
3.700
130.629
0.786
0.403
38.399
0.594
114.987
0.148
0.129
0.345
0.127
0.102
0.105
0.085
47.645
0.130
105.727
0.128
0.092
15.068
0.105
115.927
5.237
0.128
0.099
0.083
142.674
0.243
0.135
0.093
0.111
127.594
11.832
0.091
0.115
0.092
10.258
0.188
0.143
0.121
0.088
0.102
0.080
0.084
0.074
0.092
121.423
13.329
9.465
0.192
0.125
129.638
0.137
1.892
0.102
0.105
155.384
0.154
0.102
1.606
0.462
149.108
29.671
0.302
0.113
0.097
142.487
0.112
0.356
0.079
0.072
127.211
8.754
0.111
0.086
0.079
113.480
0.146
0.102
0.085
0.096
99.163
58.306
0.114
0.102
0.090
0.100
122.276
7.931
11.321
0.169
146.156
0.184
0.096
0.108
21.236
279.238
0.146
1.952
0.093
0.085
113.433
0.156
0.202
0.094
0.087
97.927
0.109
0.102
0.090
0.080
305.127
0.148
41.085
0.109
0.299
102.108
0.123
31.412
0.143
0.087
0.122
0.097
0.081
0.100
0.108
0.333
0.107
0.089
8.582
0.130
786.072
0.332
60.111
0.146
0.102
142.768
0.133
26.670
0.102
0.087
152.652
0.147
0.097
0.095
0.087
156.433
35.302
0.159
9.029
0.145
168.708
0.149
0.299
1.571
0.092
170.475
0.137
17.279
2.889
0.132
149.148
0.960
0.145
0.123
0.088
247.422
0.156
0.100
0.372
0.111
140.789
24.010
0.091
5.888
0.109
139.097
0.144
32.734
0.125
0.090
530.892
0.294
30.005
0.167
4.054
197.523
0.146
0.100
0.109
0.108
166.827
29.138
0.121
0.101
0.102
168.794
0.102
0.087
0.097
0.096
0.097
166.605
0.168
0.121
0.779
148.377
4.971
0.133
0.104
0.081
108.565
0.139
0.126
0.124
44.419
174.853
0.150
0.110
0.100
0.092
0.083
0.080
33.867
0.098
0.085
119.924
0.156
0.107
0.112
0.122
43.466
0.145
0.096
0.237
0.145
90.586
45.055
0.099
0.109
0.112
92.146
22.774
0.148
31.746
0.132
424.910
0.131
13.003
4.483
0.126
95.394
0.125
0.092
0.083
0.121
50.108
0.141
5.625
0.135
0.091
122.696
15.854
12.564
0.147
0.134
153.826
0.422
0.127
0.094
0.089
122.875
4.430
0.146
0.102
0.422
128.763
0.136
0.411
0.090
0.088
0.128
27.781
0.169
0.135
0.113
160.862
0.113
0.083
0.106
0.096
123.267
18.131
0.107
0.111
0.130
2.039
515.998
0.141
7.425
3.151
42.179
92.028
0.117
0.141
20.910
0.107
0.084
0.217
0.100
0.092
11.970
0.153
0.101
0.081
0.084
62.844
94.381
31.075
0.113
2.222
136.902
0.131
1.519
14.013
3.162
145.601
0.115
22.367
1.723
0.133
161.530
0.147
0.097
0.081
0.101
128.813
0.348
0.131
0.094
0.081
143.547
0.143
0.096
4.267
0.680
0.091
0.089
12.730
0.154
0.118
999.196
0.405
0.124
15.671
21.653
153.547
0.177
0.115
15.068
0.167
163.385
0.117
0.099
0.094
0.082
165.515
3.886
24.237
0.126
0.206
133.438
2.961
0.096
0.088
7.518
158.393
0.124
0.117
0.369
0.105
64.205
43.906
0.138
0.104
12.547
0.112
0.100
0.092
0.083
0.146
146.948
0.143
6.932
0.197
6.288
0.108
0.102
0.089
0.083
0.095
164.452
6.722
2.579
21.998
0.214
0.092
0.091
0.104
7.830
0.145
151.925
1.229
0.130
38.438
1.982
4.735
0.137
0.107
1.892
0.131
168.183
0.140
0.111
6.220
0.168
143.258
12.014
0.148
0.100
0.136
151.112
0.123
0.111
0.109
0.104
154.850
0.131
0.095
0.086
1.164
0.104
0.367
0.109
0.103
0.089
181.939
0.151
0.136
0.113
0.100
14.921
0.141
0.123
0.121
0.109
221.205
0.121
0.112
0.130
0.116
197.563
43.980
0.154
0.411
0.402
217.800
0.124
0.115
0.115
0.095
164.313
48.110
0.145
0.127
3.424
211.134
36.812
0.142
0.124
0.111
0.121
201.216
11.483
0.178
0.108
181.289
16.955
0.144
0.717
0.135
0.677
0.128
0.123
6.269
2.146
194.924
0.138
0.098
0.112
7.924
194.168
0.140
0.130
0.113
0.098
166.911
0.116
0.091
0.100
0.099
225.581
0.172
2.258
0.134
0.111
172.947
0.141
1.987
0.118
0.094
683.819
0.153
0.119
0.428
0.128
134.441
0.159
23.763
9.814
0.397
108.333
12.676
0.132
0.419
0.118
162.231
0.152
0.110
0.108
0.113
0.133
0.102
0.109
0.118
0.098
175.590
0.166
0.119
0.426
8.579
0.130
170.499
0.141
0.101
0.117
146.355
0.144
0.114
0.107
0.107
148.430
0.162
0.136
0.119
0.111
680.805
31.351
33.024
0.107
0.119
168.543
0.130
0.106
0.116
0.114
0.096
0.091
0.109
0.119
0.104
157.241
17.267
0.110
0.099
0.085
0.094
2.024
0.130
0.113
0.114
134.314
41.265
2.883
0.152
0.113
157.319
0.143
0.135
0.105
0.093
0.105
0.279
0.123
17.573
0.148
682.699
29.271
0.133
0.097
13.619
190.778
0.197
0.137
0.102
0.087
0.402
0.094
0.110
6.751
0.166
193.931
0.138
21.413
0.150
23.613
150.273
0.169
5.989
0.282
0.119
162.414
0.135
0.108
0.089
0.113
138.181
0.920
0.099
38.939
1.043
1.963
0.426
0.156
0.113
1.542
176.418
0.144
0.118
0.107
0.109
706.472
0.314
9.343
0.230
0.150
1439.392
0.138
0.118
0.283
1.316
145.565
0.141
0.104
2.028
49.495
173.665
0.159
0.118
25.400
18.066
150.577
0.154
0.124
0.103
37.006
144.341
50.467
0.181
0.125
0.095
191.795
0.105
1.711
0.137
0.104
763.436
0.163
0.123
0.122
0.115
13.912
2.851
0.144
0.123
0.118
171.592
0.141
0.108
0.129
0.113
192.026
29.608
0.193
0.135
0.105
169.594
0.141
0.138
0.417
27.237
140.092
0.131
26.060
0.139
0.113
0.287
0.113
0.089
0.118
0.129
164.659
0.166
0.148
0.130
0.129
135.223
0.167
0.124
34.082
0.125
148.838
0.162
0.113
0.249
0.122
15.946
0.122
0.424
0.119
0.099
171.453
0.171
0.143
0.141
0.129
160.202
2.751
0.128
0.119
27.632
156.448
2.207
0.149
0.110
0.095
162.411
0.121
0.424
0.137
0.112
163.324
9.916
34.285
0.125
0.129
154.419
0.136
6.595
0.136
37.228
180.595
0.122
5.044
0.129
0.100
145.422
54.139
0.610
0.130
0.819
168.794
23.811
0.222
0.140
4.856
186.743
0.164
20.288
7.132
0.179
471.190
36.741
0.108
0.102
0.121
215.426
0.155
0.135
0.124
0.132
196.304
9.909
0.163
0.108
0.107
168.155
17.708
4.169
50.685
0.119
207.330
0.181
0.430
0.098
16.877
201.632
36.647
0.434
0.136
0.125
251.199
0.132
0.127
0.426
1.413
224.740
0.152
0.107
0.089
0.107
0.104
10.368
0.131
0.099
0.107
0.254
146.328
94.011
0.136
0.104
197.428
0.510
0.142
7.075
2.146
148.762
0.155
52.374
0.209
0.132
117.667
0.284
0.141
0.154
107.130
174.803
0.198
0.133
0.142
0.143
575.839
0.127
0.113
0.124
0.127
550.263
0.152
44.072
0.122
0.140
202.541
0.166
0.134
0.135
29.550
617.122
84.147
0.433
0.136
0.257
149.760
0.183
19.205
0.125
0.130
179.188
41.908
0.137
0.125
0.108
168.918
0.812
0.140
11.530
0.181
526.001
45.965
0.445
0.113
0.115
183.216
0.164
6.787
0.175
0.130
200.384
0.122
0.107
3.400
0.141
76.009
125.915
0.182
0.113
0.139
12.169
0.189
0.147
0.144
0.134
199.309
5.830
0.121
20.277
0.124
210.935
30.260
0.498
0.117
0.104
189.995
40.701
9.641
0.134
0.132
193.082
0.233
0.124
0.116
0.123
169.895
0.107
0.103
0.117
1.101
25.290
0.152
5.450
0.158
31.157
0.136
0.104
0.206
0.127
0.124
200.346
74.051
0.160
0.136
0.110
227.091
0.146
0.131
0.461
0.119
27.712
0.562
0.113
16.515
7.997
203.440
0.113
0.289
0.158
21.354
202.731
0.157
0.151
2.788
0.120
742.005
45.830
0.139
0.141
3.492
237.521
28.424
0.177
0.122
0.455
317.747
4.548
0.176
0.112
0.136
0.145
0.122
0.112
0.131
0.135
225.037
0.163
0.118
0.111
0.111
263.486
0.148
0.154
0.153
34.306
156.947
0.153
61.559
0.133
54.133
171.252
0.141
1.455
0.120
89.492
841.443
0.306
0.190
68.546
0.159
276.860
15.253
0.224
0.166
0.113
236.911
11.901
0.117
0.121
0.157
0.135
0.128
0.123
0.127
31.156
176.638
0.151
0.115
0.126
0.120
176.705
0.165
19.539
0.146
20.464
224.426
0.150
0.147
0.137
0.141
639.757
0.157
0.123
0.137
0.454
214.037
2.979
0.133
0.134
24.668
170.466
0.130
0.117
2.054
19.763
9.913
0.171
8.278
1.884
0.118
159.650
0.178
0.139
0.939
0.153
230.938
0.563
0.123
0.110
0.182
229.328
0.192
0.116
0.099
0.147
230.974
12.529
2.398
0.150
0.128
186.386
0.155
0.115
0.116
0.128
738.647
0.154
0.152
0.116
107.577
143.916
36.879
0.142
0.469
5.533
203.540
0.158
0.115
0.144
0.167
633.762
0.239
19.208
0.148
0.110
217.291
0.178
0.129
0.457
0.113
30.712
0.179
0.147
28.560
0.147
208.184
0.137
55.647
0.127
0.111
413.530
0.147
20.099
18.664
19.272
204.616
0.146
0.134
24.966
0.180
192.381
0.131
0.137
14.076
7.697
193.724
0.156
27.499
0.152
0.132
0.138
0.112
0.128
0.533
0.141
0.110
0.445
0.183
0.133
0.139
199.904
1.688
8.337
0.146
0.116
0.118
0.109
0.168
0.117
11.044
180.743
4.140
9.729
0.133
0.109
208.008
0.175
0.165
0.126
0.122
848.456
0.186
0.129
0.653
0.276
29.067
0.165
0.126
0.114
0.459
236.789
0.154
0.482
0.139
0.129
207.746
14.648
0.173
0.122
0.118
0.130
10.120
0.494
0.136
0.559
202.360
5.493
46.636
0.132
0.147
218.442
0.192
0.121
0.485
0.129
1000.137
0.211
0.178
23.378
0.628
230.147
6.732
0.130
0.102
0.111
219.031
48.884
0.125
0.599
0.114
172.894
74.370
0.123
0.333
4.323
213.007
0.138
0.127
24.909
0.201
233.380
0.179
0.143
0.134
0.472
0.245
0.151
25.000
0.140
0.133
247.418
0.158
0.155
0.146
0.130
321.628
0.152
57.843
0.124
0.583
257.032
5.238
43.088
0.289
0.145
264.786
0.141
1.433
0.706
0.125
254.399
0.181
0.127
0.134
0.479
255.158
0.183
2.067
0.128
0.103
198.654
42.548
0.165
0.151
0.136
187.145
0.154
0.137
55.039
0.853
186.018
0.131
22.436
0.153
0.140
45.276
0.164
1.164
0.159
0.148
160.982
0.139
0.113
0.129
0.259
0.116
0.140
0.123
72.245
0.125
203.890
0.334
0.148
18.393
2.309
1083.086
0.203
31.880
0.203
0.130
210.672
54.192
0.172
0.139
0.122
207.808
0.183
0.140
4.560
0.152
189.728
1.489
0.164
0.136
20.131
0.159
46.473
0.175
1.474
0.165
169.908
0.185
0.147
0.705
0.122
0.149
0.141
0.131
0.133
0.153
119.362
101.518
0.203
0.156
0.125
0.124
0.147
158.356
0.147
3.018
61.901
113.049
12.401
0.297
0.155
0.134
174.157
57.543
0.170
0.164
184.516
0.179
22.008
0.193
25.924
124.149
35.763
15.371
0.171
4.363
226.617
0.176
11.345
4.926
0.166
199.027
0.154
0.161
0.141
4.138
214.787
0.577
13.885
0.162
9.969
201.564
0.141
39.053
0.144
0.158
196.484
0.184
0.126
3.438
0.124
184.428
0.239
0.161
0.130
0.136
181.804
0.203
10.217
0.175
2.083
10.512
0.141
0.141
0.142
0.119
185.385
0.204
0.137
6.851
0.170
0.152
31.160
0.164
0.123
2.287
210.359
0.200
0.182
0.142
0.130
217.473
17.019
7.176
0.222
18.131
161.364
0.129
0.109
0.147
8.879
177.500
7.402
0.146
0.150
0.130
186.206
0.214
0.157
0.139
0.124
203.190
1.124
0.119
0.117
0.136
174.212
52.984
1.798
0.196
0.172
168.427
0.136
0.152
10.855
4.555
166.712
41.524
0.223
0.143
0.151
177.031
0.193
0.173
30.355
0.133
222.574
0.137
31.205
0.133
0.121
114.350
0.196
0.143
0.117
0.123
160.897
3.602
0.179
0.498
0.148
57.963
0.172
0.145
0.132
0.112
178.641
0.176
0.209
0.163
0.154
0.141
0.132
0.127
8.889
0.166
172.742
0.192
0.134
0.151
0.131
184.571
38.658
0.149
0.511
3.170
182.751
0.138
11.446
11.296
0.195
189.946
0.249
0.157
0.147
0.148
171.861
0.252
0.161
0.130
0.121
172.279
0.293
54.951
0.141
0.139
204.331
0.164
51.900
0.162
2.915
183.085
0.292
12.925
5.209
0.554
182.971
3.622
0.177
54.245
0.158
0.132
0.123
0.133
0.148
0.123
0.133
0.504
0.121
0.147
0.578
124.964
0.393
19.144
0.172
0.133
193.334
0.197
5.504
0.176
27.339
206.595
0.188
0.158
0.551
0.394
199.006
0.175
0.128
0.120
66.393
166.985
0.139
0.128
5.320
25.775
191.249
0.171
0.130
0.736
0.124
231.930
5.156
9.886
0.161
0.124
221.419
5.871
0.154
0.158
0.131
0.162
13.238
0.205
6.812
0.178
260.212
2.289
0.144
0.495
0.144
79.502
3.456
0.145
143.474
6.415
202.618
13.043
0.217
0.151
0.164
0.295
0.136
0.158
0.145
21.286
215.895
47.293
6.009
2.587
0.170
218.790
5.504
0.201
8.574
0.213
139.254
0.140
0.136
7.468
0.182
0.154
0.135
78.420
0.166
0.182
164.504
1.362
0.166
0.123
0.137
201.164
44.602
18.636
2.826
0.158
153.076
0.149
31.720
17.849
3.436
0.136
0.121
0.116
0.122
0.125
170.321
0.185
0.180
0.146
20.014
163.679
14.394
0.151
0.118
0.114
0.139
0.113
0.104
0.104
0.115
0.157
0.136
0.125
0.109
0.141
167.985
43.412
4.009
0.148
0.152
180.436
0.144
0.155
37.759
8.238
171.286
8.651
24.084
0.215
0.169
175.458
0.189
7.180
55.923
0.178
175.421
54.774
0.189
0.169
7.876
146.047
0.151
35.113
0.213
0.141
0.132
0.124
0.124
0.124
0.142
153.640
0.154
1.946
54.083
0.133
116.063
0.172
0.132
36.156
0.150
179.664
0.281
0.146
0.155
27.012
0.154
0.347
0.137
74.696
0.158
205.915
86.744
0.164
0.182
0.162
3.583
192.120
0.164
0.160
14.804
222.188
0.201
8.587
0.192
0.168
62.107
0.216
0.164
0.556
0.150
0.134
0.136
0.150
0.130
0.118
172.198
43.291
0.237
0.197
17.947
181.446
9.627
0.145
0.142
74.052
193.022
69.980
0.146
0.147
0.790
180.946
2.811
14.767
0.170
31.572
192.167
0.223
0.217
0.177
0.147
177.688
0.164
20.136
26.064
0.177
185.410
0.169
32.862
0.204
0.169
220.870
0.215
43.738
3.921
4.450
186.204
62.846
0.486
0.276
19.528
230.848
0.178
0.146
0.128
44.574
0.140
0.159
0.141
0.147
0.145
170.862
31.117
0.168
0.155
0.170
200.425
0.173
0.162
0.156
0.172
198.909
0.170
0.156
0.137
0.153
66.418
101.809
1.047
25.347
9.419
226.283
0.181
4.931
0.158
44.342
182.301
0.148
18.147
9.092
0.253
200.766
0.180
0.376
35.671
0.208
187.701
0.180
0.169
0.167
0.140
176.394
0.205
0.177
0.147
0.149
0.175
0.151
0.160
84.942
0.200
229.054
0.608
53.858
0.657
0.165
0.178
0.130
6.573
0.200
3.091
234.770
0.317
0.169
0.545
0.140
195.410
0.190
0.168
7.424
6.067
207.347
0.146
5.482
0.170
0.161
0.304
0.173
43.146
0.159
0.171
204.488
19.929
0.158
0.142
0.163
209.378
7.262
0.181
0.125
0.121
250.589
0.180
0.171
0.142
32.173
205.468
8.998
0.154
0.165
0.159
217.205
0.163
5.721
0.194
17.517
133.709
0.174
3.019
0.150
0.174
138.709
38.568
0.169
31.892
0.166
227.481
0.165
0.150
7.021
1.189
220.372
0.209
0.152
0.136
0.152
0.158
0.126
0.160
0.611
38.356
175.330
3.681
27.333
8.206
0.232
63.592
121.717
3.745
0.145
0.170
0.245
5.534
0.557
0.170
35.651
14.331
0.181
0.157
3.475
0.163
168.013
0.138
0.158
0.283
0.134
187.369
0.218
52.031
0.161
0.136
168.667
70.576
0.152
0.147
0.134
161.249
47.082
0.141
0.978
0.187
159.021
0.163
21.660
5.194
0.171
152.872
1.917
0.146
24.043
0.599
156.638
0.158
0.143
6.911
0.722
26.753
0.197
0.648
0.165
0.173
190.277
0.161
0.555
0.226
0.146
155.325
0.161
46.812
0.215
22.299
90.250
132.205
0.193
0.161
0.135
58.082
0.215
0.163
35.070
54.451
175.628
0.197
4.357
0.167
0.147
41.576
0.167
1.591
3.157
0.157
186.246
0.183
0.178
0.131
6.908
200.992
0.204
0.161
0.580
0.158
216.290
2.730
0.181
62.061
0.190
186.248
0.169
73.341
0.179
3.778
169.904
0.234
0.159
0.132
0.160
193.655
0.178
0.169
20.991
5.467
205.233
0.216
0.154
0.127
0.162
188.472
0.197
23.404
0.179
0.136
165.406
0.226
0.156
39.038
0.212
168.239
0.184
0.154
0.581
54.279
142.921
0.200
0.182
73.645
0.170
228.898
0.154
0.177
0.160
0.157
223.054
0.319
0.169
0.133
0.123
227.549
0.142
0.142
0.354
0.148
214.105
2.027
43.584
0.163
0.137
201.613
34.515
0.601
0.154
0.178
178.089
0.176
0.137
0.121
0.232
35.385
0.173
0.163
0.143
39.711
215.417
29.434
0.199
0.158
0.165
217.843
0.211
21.924
0.183
36.688
165.546
0.147
15.307
0.187
0.162
220.330
0.180
0.139
0.143
19.869
228.220
0.185
52.280
0.343
0.138
167.971
0.181
43.690
0.608
0.179
226.318
0.192
0.315
0.204
0.187
233.916
0.201
0.162
0.152
0.957
0.157
0.145
0.171
0.620
0.134
220.240
49.341
0.204
0.173
0.135
218.056
2.598
4.905
6.916
0.569
293.101
0.163
0.136
0.136
0.394
224.834
0.386
0.200
93.096
0.169
0.164
0.157
0.161
0.177
0.166
231.015
0.595
0.159
0.131
0.128
222.351
65.193
0.207
0.175
0.156
228.808
0.156
0.176
0.326
0.173
172.468
73.108
0.207
1.736
5.762
265.367
1.430
0.585
0.154
0.176
0.181
80.924
0.140
0.124
0.274
238.734
0.174
0.136
3.250
0.172
263.213
0.157
0.226
0.140
0.158
0.178
0.143
0.562
0.136
0.571
272.697
0.158
3.456
0.149
0.158
246.354
72.850
0.194
0.184
0.160
177.608
0.152
91.909
0.196
0.173
296.160
0.170
3.448
0.188
0.151
204.534
60.568
0.191
0.165
0.162
229.981
18.580
22.057
34.231
0.191
289.177
0.172
0.135
0.158
0.173
0.151
0.167
0.165
14.998
0.316
0.581
0.136
0.675
0.552
0.169
281.161
0.168
0.136
0.151
0.136
248.935
0.204
20.331
0.174
0.159
226.132
13.411
0.199
32.838
0.240
267.493
40.046
0.190
0.188
0.153
183.936
0.166
1.589
0.189
0.169
0.165
24.366
0.189
0.188
26.391
97.470
80.564
0.163
0.164
1.499
241.426
0.207
0.589
0.136
44.154
246.267
0.203
68.075
0.149
0.171
247.165
0.179
0.153
0.166
50.092
30.385
0.213
3.017
0.189
0.146
269.330
0.256
0.157
31.226
0.617
235.985
67.415
0.195
0.602
0.174
243.306
0.212
16.224
8.252
0.209
0.189
0.166
26.085
0.189
0.166
274.715
0.181
0.147
0.151
0.165
295.355
0.183
0.194
0.175
0.176
254.082
0.189
2.750
40.999
0.175
304.347
0.237
0.192
0.209
0.230
234.484
0.168
0.137
0.167
36.823
262.862
0.168
0.158
31.578
0.168
190.320
81.577
0.176
0.180
0.151
165.199
0.141
0.145
6.889
0.181
238.100
0.161
0.134
1.385
0.160
183.606
0.159
0.144
28.436
0.181
0.142
25.649
0.169
0.202
0.143
166.689
7.435
47.110
0.190
0.161
188.386
0.187
0.144
1.084
0.142
0.155
91.206
0.688
0.220
0.591
180.105
0.184
0.166
26.383
23.296
198.735
0.183
0.186
0.170
0.154
0.157
0.275
0.186
65.405
3.083
228.699
54.159
0.210
0.160
0.187
0.178
0.151
9.027
0.206
0.192
178.171
0.608
0.162
0.179
0.175
0.137
201.923
0.204
0.157
0.150
227.408
0.208
0.171
0.586
0.259
156.065
62.919
0.978
9.650
0.181
41.637
0.155
2.950
0.160
10.133
239.536
4.634
35.114
0.195
0.198
226.222
0.244
0.184
0.164
2.577
168.849
123.813
0.169
0.161
0.176
229.434
0.235
0.210
0.188
0.181
241.047
4.013
0.174
0.198
0.158
249.410
0.183
0.396
18.089
0.204
237.982
44.972
7.631
0.241
0.191
179.792
0.245
0.187
122.728
0.181
154.924
53.953
0.205
0.153
0.147
248.334
24.626
33.999
1.106
0.183
253.895
6.706
0.210
0.147
0.159
259.171
0.226
8.186
0.187
0.652
251.368
39.058
16.444
0.179
0.178
3.630
205.659
0.163
0.185
0.143
0.181
76.206
0.201
1.292
0.168
219.996
28.237
0.182
0.189
0.203
213.810
0.173
46.800
11.685
0.181
224.774
0.181
0.206
17.820
0.193
0.333
0.183
0.154
0.174
0.159
0.587
0.304
0.150
0.147
0.135
195.871
0.192
0.159
69.671
0.189
0.190
0.171
0.160
0.140
0.151
250.432
0.218
0.148
0.146
0.146
221.645
68.029
0.196
0.195
3.378
204.261
0.192
0.187
4.119
0.172
240.932
21.449
0.182
0.178
0.144
185.168
0.957
79.030
0.229
0.198
234.256
0.173
174.580
1.213
0.204
252.143
82.614
0.171
0.189
0.191
0.165
0.172
0.721
0.155
0.196
223.272
0.204
0.618
1.877
0.168
234.451
0.171
0.175
59.245
0.196
265.978
0.601
3.467
1.458
0.199
245.067
0.215
0.175
0.223
0.147
56.340
6.212
0.224
0.169
0.173
259.537
0.228
0.154
0.165
0.181
160.530
1.199
26.476
0.180
0.149
187.656
0.211
0.195
8.659
8.334
140.669
54.252
0.200
47.715
0.191
236.510
0.158
0.154
0.613
0.161
228.915
9.098
0.183
4.358
0.191
155.508
0.227
0.180
59.761
7.969
160.562
0.248
44.115
0.179
0.191
189.239
0.245
0.187
14.193
0.192
155.807
0.226
0.807
5.009
0.195
160.895
0.234
40.211
0.199
0.171
237.129
0.200
0.174
58.178
0.653
251.096
0.203
0.613
0.163
26.689
138.751
132.886
0.806
0.165
0.206
0.173
0.161
0.643
0.168
6.581
0.168
226.992
32.920
0.631
6.492
257.334
0.168
0.328
48.480
0.183
264.824
56.493
2.340
0.174
0.147
280.093
0.192
0.171
0.192
0.481
287.891
18.281
0.192
39.081
0.198
0.173
307.024
0.214
0.163
50.079
301.041
0.196
0.608
4.642
0.199
257.308
0.631
0.151
3.248
0.163
297.934
1.160
0.255
0.186
0.149
240.736
86.471
0.237
0.190
0.192
0.188
218.098
0.210
0.198
0.722
228.675
80.154
4.806
0.169
0.196
281.066
0.212
0.169
0.142
0.149
0.162
66.868
3.709
0.179
0.171
260.576
0.202
0.194
0.401
31.844
230.622
90.541
23.982
44.278
0.174
261.353
19.385
0.216
0.163
6.673
274.710
16.416
32.970
0.221
0.181
264.670
0.241
0.184
0.206
0.195
88.834
0.185
0.158
0.204
0.213
295.575
0.212
1.007
0.204
0.178
69.152
109.128
0.739
45.494
0.188
0.642
0.307
0.637
0.199
0.203
138.504
0.185
94.355
0.185
0.236
156.321
0.206
0.167
0.163
0.178
229.508
0.182
0.194
0.811
0.183
229.638
0.221
0.166
0.250
0.197
143.573
0.304
0.217
115.606
0.184
236.263
0.514
0.219
0.210
0.171
266.898
0.220
0.210
0.199
0.233
217.763
3.096
0.180
0.162
0.169
246.094
20.308
0.192
0.191
1.291
189.622
0.844
85.575
10.710
0.158
244.364
6.772
0.208
0.188
0.185
183.629
0.193
74.624
0.189
17.764
192.934
0.189
0.173
0.167
0.151
234.214
0.682
0.158
0.157
4.481
199.421
0.190
0.167
4.274
0.208
205.249
0.215
33.429
0.208
1.355
247.888
0.199
0.171
4.220
20.211
0.214
0.174
0.169
0.197
0.249
233.451
0.189
0.173
0.166
0.174
214.426
3.567
0.186
50.253
0.197
0.158
222.381
0.183
19.867
0.176
190.131
0.226
48.337
0.218
2.258
219.511
38.407
0.191
0.160
0.151
188.435
0.197
0.213
2.291
0.172
249.147
0.221
0.175
0.183
0.338
0.213
265.912
0.428
9.128
0.282
204.617
0.287
0.198
8.339
0.180
0.167
0.660
0.159
65.743
0.166
211.559
1.516
0.192
0.159
48.107
310.750
0.244
0.181
0.191
0.195
285.371
0.173
0.178
0.192
0.197
227.477
0.188
15.810
0.185
0.213
0.177
0.183
0.311
0.203
0.189
272.948
8.399
0.234
10.757
0.231
276.089
0.191
0.192
0.179
0.158
246.000
2.919
85.135
0.184
0.205
237.802
3.456
0.167
0.182
0.200
339.755
0.202
0.162
1.989
0.190
227.612
0.262
0.172
4.260
0.222
211.665
0.647
0.157
39.023
0.199
165.735
0.207
0.181
0.363
79.290
230.693
0.225
63.805
0.228
0.194
0.201
229.273
41.562
8.492
4.505
0.233
224.720
0.188
4.238
1.084
195.579
3.621
62.903
0.202
0.154
177.871
0.169
0.673
0.194
0.160
238.831
17.793
0.218
0.184
0.158
198.065
0.166
0.172
0.191
31.897
215.198
5.720
27.427
0.219
3.094
208.642
0.201
0.271
0.181
56.050
228.865
2.203
59.028
0.192
0.224
225.208
0.171
0.218
48.084
0.362
210.942
56.239
0.223
0.191
0.861
261.725
0.187
55.789
0.219
0.181
209.094
0.182
9.190
0.218
4.843
198.186
0.214
0.183
0.199
0.183
178.086
36.326
0.246
0.180
0.153
0.187
213.756
0.256
0.220
0.205
289.334
0.753
4.317
0.169
0.179
217.702
0.238
66.020
0.219
0.162
282.275
0.259
0.180
0.183
0.171
154.274
0.310
0.181
76.849
0.228
211.372
0.181
0.180
0.158
0.147
0.277
15.527
0.180
0.200
0.195
226.556
0.200
0.203
0.174
27.856
202.112
0.181
25.716
0.177
0.594
219.938
0.211
0.205
0.174
0.153
204.059
45.603
0.223
0.186
0.161
199.771
0.188
0.193
0.190
0.166
220.285
0.189
22.785
0.240
0.161
220.999
0.258
29.089
8.924
0.221
145.947
57.158
2.333
29.586
1.139
0.663
0.161
0.170
0.197
0.251
242.277
1.500
0.168
76.127
0.698
167.800
0.179
46.738
0.184
0.159
148.973
0.203
0.207
93.267
5.401
212.026
0.196
0.188
1.802
67.770
218.441
0.211
11.721
0.185
89.317
0.747
0.157
0.174
0.171
0.162
229.271
0.184
0.240
15.928
0.201
94.032
0.194
107.956
0.238
0.167
272.189
0.750
0.178
0.188
1.604
192.113
78.263
0.250
0.652
0.766
205.564
0.202
3.101
0.219
0.170
208.964
0.182
0.206
0.174
0.198
192.901
0.243
0.747
26.922
0.170
219.804
0.210
0.751
0.689
0.261
0.307
0.165
64.089
0.202
10.191
228.725
0.573
0.177
0.213
0.203
55.264
0.202
0.230
0.196
0.177
166.435
70.968
0.191
0.221
0.183
222.286
51.899
0.229
0.186
14.422
191.159
0.234
0.345
0.184
0.216
190.460
0.264
0.215
3.031
0.202
156.883
0.180
1.646
0.216
6.910
175.889
0.217
49.399
30.711
0.277
247.909
0.243
0.210
48.645
0.199
227.184
0.213
27.125
0.187
0.174
38.776
0.723
0.176
1.399
0.182
232.026
0.189
0.165
0.195
1.497
275.605
0.234
51.288
1.260
0.182
206.559
0.219
0.218
73.087
0.199
282.602
0.310
0.180
0.200
22.441
291.260
0.187
0.196
0.196
0.167
317.968
0.208
0.172
0.671
0.302
296.922
0.186
1.942
0.200
0.171
303.423
0.214
0.177
0.428
0.208
211.266
0.175
68.601
1.700
0.177
289.460
0.191
0.185
6.522
0.201
272.609
0.481
0.201
0.178
0.179
30.325
17.807
0.212
0.165
0.160
302.728
0.224
0.175
0.171
39.270
297.416
0.226
0.177
0.176
0.170
286.799
0.203
0.687
38.073
0.185
292.372
3.223
0.224
0.184
0.199
0.238
0.179
12.680
0.215
0.216
270.543
0.292
4.560
9.463
64.950
322.738
47.918
0.241
0.236
0.171
236.328
39.960
0.203
0.188
0.163
279.676
0.201
0.195
93.934
0.243
0.198
0.203
0.219
0.200
0.187
285.624
0.243
0.195
4.986
0.195
192.272
123.230
3.428
0.235
0.219
315.339
0.185
0.194
0.171
0.204
256.728
0.246
0.181
0.181
84.810
238.008
0.736
3.430
0.178
69.681
0.732
29.490
0.232
0.179
0.201
272.108
0.230
3.091
14.469
93.183
309.406
0.181
0.197
0.286
90.779
259.088
0.190
0.193
0.215
0.189
333.576
0.693
0.176
0.205
0.309
310.608
0.221
0.289
0.167
0.163
303.824
0.405
0.196
0.181
0.165
84.487
0.234
126.625
0.223
0.685
213.431
0.241
31.008
0.227
0.203
0.178
0.197
0.186
0.184
0.215
264.025
0.711
0.219
1.685
0.165
228.423
0.233
0.189
69.721
0.203
236.000
4.786
0.213
0.181
0.199
245.710
0.245
83.917
0.189
0.175
272.723
0.200
3.062
0.251
0.210
283.451
0.217
0.189
0.181
0.161
271.973
0.204
3.496
0.261
0.190
46.942
0.786
0.227
0.196
1.675
309.799
0.208
0.185
1.925
0.203
242.875
0.248
0.194
30.520
0.199
250.927
60.632
2.690
0.207
0.212
343.914
0.200
0.204
0.430
0.258
220.907
0.517
0.299
28.048
0.322
266.929
0.344
6.136
0.248
29.293
0.226
0.826
0.180
0.182
0.285
281.192
3.816
46.553
0.226
17.475
325.712
0.422
0.207
0.780
0.193
215.209
0.197
0.197
0.173
115.247
290.852
63.784
0.307
0.216
0.181
284.980
2.170
0.198
0.208
0.193
197.503
122.612
0.203
0.223
1.614
234.015
1.020
0.190
0.164
90.449
301.920
0.386
0.217
0.218
0.181
289.780
0.186
0.198
0.192
0.287
306.510
0.233
0.205
12.196
0.873
296.039
0.222
0.236
0.200
0.210
264.564
0.795
0.202
56.932
0.311
267.143
0.762
0.186
0.164
2.497
279.030
7.508
71.814
0.183
0.330
257.705
0.210
70.271
0.219
1.620
226.854
0.190
0.766
0.172
0.177
212.874
3.686
0.219
2.591
0.199
268.081
28.877
3.418
0.239
0.213
268.283
0.252
0.200
0.217
0.293
185.571
64.606
12.361
0.222
0.206
287.489
0.205
36.450
0.224
0.179
0.208
20.690
0.871
4.192
0.192
280.889
0.301
0.214
0.203
0.203
252.174
26.921
11.892
0.206
0.305
242.523
14.192
0.220
0.360
0.198
193.609
0.228
0.352
79.058
0.255
299.281
0.272
0.197
0.166
0.165
83.146
11.718
203.694
0.181
0.246
311.817
0.223
4.376
0.221
1.520
275.870
0.245
0.170
59.092
3.529
273.904
0.204
0.327
70.674
0.217
313.837
0.222
0.177
0.191
4.170
169.559
0.238
0.390
0.194
0.177
0.208
0.267
53.748
0.203
87.577
239.036
48.311
23.614
0.235
0.379
0.181
0.192
0.287
0.191
0.179
268.883
0.193
0.213
0.226
44.579
166.588
0.418
0.180
0.174
83.056
168.714
0.193
0.233
134.101
0.890
285.954
6.305
0.290
0.208
0.942
218.303
3.575
0.214
0.222
60.784
238.599
2.759
0.226
0.367
0.215
221.749
2.078
101.429
0.253
0.201
247.751
8.205
0.247
0.846
0.177
0.214
0.214
0.292
0.226
0.172
229.915
7.062
59.811
0.218
0.242
161.174
94.041
48.007
0.760
0.189
227.679
0.288
0.204
0.319
0.186
250.055
0.251
82.817
3.839
0.239
0.231
0.196
0.228
0.193
0.186
259.426
0.225
51.054
0.224
26.422
273.403
0.243
99.480
0.245
0.192
270.371
0.213
69.544
12.532
0.232
284.922
0.248
0.202
0.301
0.216
257.653
0.278
0.202
0.181
0.200
261.373
0.265
85.614
0.182
0.395
182.288
0.302
123.561
0.184
0.215
312.220
0.354
9.700
0.221
25.239
256.701
0.272
7.718
0.250
0.265
218.302
1.856
0.725
0.238
0.185
293.872
0.227
0.185
0.245
0.217
231.051
73.684
0.249
13.992
0.176
288.897
69.705
0.226
0.351
0.248
108.202
101.300
0.204
0.241
0.182
0.188
0.304
54.070
0.239
0.195
261.498
0.194
0.282
129.294
0.259
338.440
0.898
0.235
0.201
1.396
270.904
0.200
0.244
0.183
3.027
281.299
0.236
0.181
0.779
0.216
315.545
0.223
0.395
0.226
0.787
263.588
92.273
0.306
0.191
0.847
0.274
10.551
0.216
0.235
0.200
260.211
5.768
0.230
0.215
0.222
0.209
0.184
0.801
49.669
31.539
271.188
1.195
0.227
0.204
4.345
0.214
0.281
53.804
0.238
0.248
0.218
0.189
0.827
0.223
0.351
243.711
119.687
8.766
4.863
0.232
236.997
0.193
0.178
0.175
85.866
301.273
0.213
5.286
0.258
1.814
221.042
0.781
0.275
0.244
0.236
219.662
112.894
0.851
0.183
0.957
217.840
0.254
121.557
0.271
0.205
0.195
0.317
0.181
0.211
0.173
224.830
0.248
0.252
0.226
135.683
36.731
0.428
0.234
16.108
0.298
307.518
0.271
0.309
0.966
0.215
357.734
0.291
0.225
8.874
0.263
261.104
0.203
0.333
0.211
3.622
0.195
171.350
93.706
2.537
0.181
0.183
0.171
0.167
0.292
0.203
210.230
29.155
0.916
0.192
2.153
204.069
0.252
0.780
0.171
0.177
229.107
0.251
0.428
0.236
71.185
197.807
0.188
42.981
29.594
0.195
243.799
0.355
0.240
18.090
0.601
260.667
0.196
0.325
0.176
21.027
253.149
48.672
0.238
2.919
0.231
193.688
3.994
57.242
0.248
1.953
291.422
0.231
0.326
0.210
0.783
197.733
19.894
0.231
0.239
0.304
137.193
37.757
12.451
0.203
0.187
216.335
50.788
0.258
35.752
0.232
195.160
33.975
0.205
10.304
17.974
0.244
0.213
0.193
0.221
0.201
266.126
0.347
0.209
2.580
0.237
0.189
0.299
18.638
0.213
0.352
249.846
9.101
18.381
0.847
48.128
186.552
0.205
7.551
0.272
0.198
0.234
133.948
0.219
0.215
0.192
274.625
0.265
0.222
19.698
0.219
0.204
0.177
0.207
0.254
0.220
0.204
0.232
25.490
0.321
0.737
335.115
0.221
0.243
2.708
0.751
262.241
1.019
0.247
0.202
5.771
179.622
0.208
0.181
0.289
102.615
289.012
0.184
53.795
37.707
0.249
0.212
0.175
0.311
0.868
0.200
0.333
16.321
0.221
8.334
0.260
196.476
125.746
0.236
0.198
0.313
263.213
0.256
5.757
0.269
0.248
345.866
0.214
0.231
2.724
0.202
244.252
0.257
7.706
0.972
0.236
238.375
0.245
102.212
0.203
1.685
237.241
106.585
0.259
0.218
3.342
234.320
0.367
0.224
0.280
0.178
223.769
2.972
0.232
0.195
80.208
0.312
0.231
0.203
0.336
0.188
0.336
0.215
17.670
0.528
0.277
245.205
65.174
0.368
0.778
3.191
248.992
0.920
44.720
23.807
0.248
154.089
73.980
0.239
0.291
0.188
238.973
116.126
3.435
0.215
0.273
256.773
0.276
0.253
0.191
0.183
245.504
3.992
0.253
0.262
22.638
263.638
0.459
6.358
0.238
0.321
0.323
0.259
16.029
0.216
7.556
54.156
0.225
0.311
0.203
0.242
271.302
59.942
0.302
2.590
25.282
0.275
240.688
0.226
75.736
0.239
0.841
256.162
0.210
0.250
0.233
289.131
0.236
4.317
0.248
17.717
291.624
0.225
66.309
11.661
0.290
186.751
16.400
0.245
0.226
2.356
96.886
159.625
0.254
1.431
33.055
267.249
0.273
0.218
0.311
10.543
0.235
36.479
0.259
0.242
0.246
199.982
0.353
0.252
95.606
0.242
0.197
0.353
0.246
0.217
0.219
246.627
0.214
63.444
0.248
0.219
176.865
6.110
2.245
133.533
0.392
328.372
0.288
0.199
0.377
0.253
261.231
0.312
0.816
4.602
0.244
0.237
0.304
100.955
0.312
5.280
250.375
0.455
9.193
0.196
0.915
275.195
0.273
0.187
41.940
0.210
244.253
0.212
2.188
0.238
0.204
259.865
9.172
0.300
0.970
0.210
280.827
0.294
0.189
0.220
0.439
308.411
0.444
0.388
23.864
0.249
237.334
1.514
0.190
22.216
0.352
274.531
32.622
0.220
0.535
0.184
275.230
0.254
0.209
0.472
0.233
247.267
0.901
77.988
0.239
0.235
268.997
0.274
3.030
6.991
76.144
307.376
0.321
0.228
0.199
0.265
245.406
0.263
72.160
0.256
0.246
299.670
0.307
67.353
1.748
0.205
309.742
2.062
0.842
0.244
41.308
259.577
0.239
0.208
0.249
0.206
0.202
0.206
0.319
0.256
0.186
361.761
0.245
0.335
0.809
15.137
333.643
0.740
0.799
0.340
0.928
0.257
0.214
0.294
53.538
0.509
331.125
0.212
0.315
0.219
0.244
301.269
0.378
46.001
0.219
0.201
299.241
0.848
68.047
0.220
0.213
267.601
0.268
0.200
40.952
1.009
205.531
0.230
59.370
80.388
0.347
300.883
22.244
32.156
0.208
0.281
0.206
0.224
0.309
0.226
0.192
345.837
0.232
8.837
0.308
0.288
329.359
0.223
0.184
0.299
0.224
267.654
0.206
0.248
27.583
0.231
283.570
9.666
70.375
0.226
0.193
360.752
0.822
8.926
0.267
0.245
292.933
0.434
0.274
0.271
16.931
268.869
0.236
0.213
102.423
0.247
216.949
52.534
0.403
5.074
0.247
242.992
46.990
74.368
0.259
0.235
370.748
0.386
0.253
19.950
5.704
0.258
0.227
0.196
31.616
0.305
345.670
0.338
0.271
0.246
0.205
362.792
18.121
0.246
0.259
0.223
300.531
0.287
92.897
0.238
0.219
264.515
0.241
0.188
0.221
32.866
294.733
39.477
52.087
0.190
0.291
274.433
0.200
0.435
0.216
0.193
233.266
0.367
132.919
0.357
0.208
297.589
0.224
95.318
0.219
0.241
243.185
0.234
47.517
40.244
0.230
301.246
0.244
15.701
0.256
0.206
0.207
328.191
0.420
75.700
5.853
314.120
0.459
0.422
9.457
0.352
294.781
1.681
80.941
0.199
0.190
304.622
0.224
0.229
0.240
0.252
380.166
0.263
25.789
23.894
2.466
342.281
2.728
19.736
68.041
0.203
310.487
2.123
0.249
0.237
0.246
0.218
0.263
0.293
0.232
0.257
324.752
49.109
0.234
0.917
0.554
295.526
0.221
0.210
83.041
0.245
314.297
1.551
0.223
0.228
32.842
283.965
0.244
0.203
0.856
7.271
0.210
77.190
0.240
0.295
7.126
222.858
0.266
0.201
104.638
0.275
0.254
10.842
0.251
4.436
0.863
316.476
0.222
0.201
0.192
0.810
308.771
0.220
0.271
0.225
72.789
202.229
0.275
24.310
79.805
0.256
275.523
30.390
0.299
71.028
0.226
0.204
0.239
0.343
0.218
17.339
282.676
0.211
0.249
0.218
0.792
253.115
0.248
0.211
0.222
145.018
101.264
188.495
50.826
0.230
0.239
176.503
0.272
160.499
0.263
0.250
247.423
68.003
16.337
0.255
2.577
286.825
0.198
9.140
0.348
0.259
183.599
0.229
128.080
0.271
0.215
259.704
0.237
0.195
8.447
0.217
270.280
0.225
0.243
99.933
0.239
254.365
0.245
82.937
0.207
7.849
303.188
103.251
0.316
0.274
0.242
0.206
0.258
0.240
0.256
0.260
0.822
0.200
0.216
0.259
0.203
267.496
0.314
35.599
0.224
0.204
251.311
0.943
99.607
0.248
0.250
249.159
60.156
0.247
0.253
0.275
1.352
246.985
0.285
0.235
60.022
265.958
0.203
84.126
0.267
0.224
180.654
0.209
86.920
3.936
0.872
0.265
0.208
0.201
0.223
0.228
329.331
0.882
1.859
0.234
0.241
284.081
0.262
71.765
0.309
6.141
309.697
68.933
0.284
0.265
0.208
200.204
32.390
0.238
0.205
37.407
286.438
0.231
86.359
0.257
0.867
308.428
7.708
0.210
0.206
0.392
210.204
0.231
79.123
0.278
0.195
312.001
28.817
0.235
9.114
0.866
263.913
0.234
0.233
0.979
0.830
0.282
0.195
0.245
0.250
0.247
45.653
0.277
0.269
0.199
9.684
172.173
0.252
0.328
58.047
35.459
300.251
0.251
0.815
0.351
0.212
278.464
3.747
3.668
0.226
1.224
221.433
0.210
0.241
0.235
64.777
252.635
0.267
0.230
0.846
0.253
251.055
0.888
0.218
0.222
110.960
308.114
0.383
90.305
0.223
0.239
343.267
0.250
0.227
14.250
0.212
287.329
0.343
0.315
0.338
0.277
289.274
152.182
0.249
4.524
0.866
291.151
0.275
0.239
0.271
3.819
316.373
0.249
48.408
0.251
2.922
265.945
0.271
0.265
0.219
0.229
0.225
0.221
0.221
0.213
0.214
367.782
0.883
0.938
0.230
0.248
299.633
1.377
0.225
3.383
0.291
299.973
92.107
0.239
0.233
0.199
0.196
218.642
50.983
75.170
0.274
366.087
0.229
0.241
3.157
1.956
324.885
0.226
0.228
0.218
0.242
280.645
51.285
19.016
0.223
0.215
296.210
76.192
0.213
0.247
0.259
280.340
0.258
61.664
0.277
0.254
304.697
0.265
0.250
0.207
0.244
325.401
0.328
0.289
0.220
0.247
280.243
85.071
0.325
0.201
0.242
266.683
0.271
0.208
53.806
0.846
269.618
105.921
0.911
0.393
0.242
252.253
79.870
0.239
0.233
0.238
0.243
0.372
0.217
0.226
0.222
257.344
0.281
0.207
0.218
0.210
0.228
0.318
0.240
0.260
0.842
0.266
0.207
0.262
0.261
0.242
0.239
311.447
55.530
0.278
4.785
290.739
36.079
1.324
0.238
0.208
229.228
0.286
3.617
0.909
0.265
321.280
0.264
0.284
0.256
0.361
273.118
22.163
0.233
2.768
0.288
0.842
0.309
0.228
47.826
0.248
354.945
0.244
0.248
3.423
0.247
319.221
0.328
93.382
0.227
1.021
368.989
0.291
0.203
0.248
0.397
424.627
0.260
0.251
11.372
0.336
434.956
0.290
0.265
0.204
2.274
216.983
0.307
44.588
0.244
46.522
316.589
0.275
0.218
0.253
0.253
293.020
0.240
0.252
3.473
0.206
0.213
0.211
0.365
0.223
0.209
189.842
0.342
0.257
67.537
14.929
340.458
0.316
5.758
0.928
0.242
188.662
57.874
5.395
0.328
0.920
266.192
0.425
0.245
0.203
0.240
1.869
0.230
0.907
87.594
0.217
253.346
0.371
0.285
0.273
0.265
181.302
0.228
0.242
0.220
167.868
297.833
0.267
1.004
0.204
0.861
0.241
0.204
0.226
55.879
0.259
362.982
0.367
0.282
0.271
0.253
274.252
68.611
2.764
0.260
39.864
299.439
126.724
0.216
0.208
0.255
299.926
46.148
0.213
0.272
7.379
303.889
0.252
4.679
0.211
0.244
216.359
0.232
0.270
0.271
0.230
83.665
0.231
61.997
1.790
0.273
376.853
0.239
0.289
0.233
0.240
294.157
0.246
58.166
0.340
0.919
326.233
0.279
0.848
34.259
0.222
0.207
0.247
0.206
17.902
0.293
0.203
332.646
0.208
0.209
0.819
349.545
6.594
1.099
0.301
1.028
327.989
0.248
0.260
79.536
0.292
262.434
0.299
0.222
0.251
0.215
281.103
35.056
0.219
2.169
0.836
0.345
0.203
0.825
0.245
0.322
257.194
2.077
0.213
0.227
0.248
332.612
3.808
0.265
0.218
0.266
278.569
0.243
7.425
0.317
0.207
47.035
0.255
2.575
0.218
0.242
293.256
0.251
17.719
1.336
0.207
315.214
84.940
0.892
0.248
0.229
258.305
54.115
0.901
64.041
0.299
339.090
28.055
0.328
4.658
53.800
0.220
0.256
0.235
0.241
0.224
304.510
14.925
0.226
15.808
2.973
286.398
0.251
0.220
0.244
0.209
370.386
26.376
0.335
0.384
0.302
224.241
97.178
0.257
0.222
3.347
319.223
39.539
0.312
6.620
0.367
303.550
0.279
34.431
0.226
0.246
0.259
0.246
0.232
0.383
0.251
359.424
0.239
0.241
2.329
0.293
203.571
217.318
0.245
0.254
0.281
335.205
0.291
4.905
0.295
0.282
414.028
0.278
0.301
0.238
2.972
315.025
0.263
0.238
12.768
0.866
239.757
0.254
0.209
60.291
1.032
343.389
97.941
0.284
0.274
0.261
317.396
0.281
0.254
0.249
0.276
0.250
0.213
0.265
0.223
0.363
208.948
0.837
0.208
0.270
0.336
220.327
40.606
0.251
0.283
0.853
299.651
0.233
0.215
0.257
0.266
276.082
21.231
0.305
0.243
0.240
279.744
0.241
0.286
0.288
0.261
301.880
0.252
0.223
1.543
0.225
0.229
0.223
47.018
3.227
0.299
271.806
4.674
0.231
0.269
0.258
248.317
0.236
0.209
0.234
0.256
267.221
41.699
0.316
31.187
0.208
243.806
57.635
49.651
0.420
0.217
107.824
0.896
134.305
0.254
116.861
275.682
0.301
0.269
1.740
25.336
266.247
0.324
0.256
0.270
92.336
108.046
114.815
85.735
5.105
0.226
298.681
5.970
13.824
0.293
0.918
95.164
2.693
0.210
0.203
0.267
292.779
111.053
0.259
3.389
0.225
343.420
0.323
0.247
0.230
0.234
280.266
0.242
42.521
56.636
0.290
244.181
0.386
0.226
0.211
0.240
86.996
0.242
2.756
2.319
0.257
369.545
1.275
0.916
1.501
0.213
284.276
132.383
0.941
0.223
0.270
250.640
0.238
4.368
0.228
39.112
0.271
0.251
0.249
0.204
0.341
307.208
1.148
0.230
72.937
0.526
251.139
0.228
0.246
107.741
0.870
306.769
0.252
4.256
62.156
3.625
330.312
0.298
0.253
0.214
0.220
273.844
0.292
23.711
0.242
77.419
0.239
0.277
0.236
0.271
0.255
288.312
4.555
0.253
87.355
5.571
109.206
180.045
1.276
0.284
0.889
323.626
0.250
41.576
0.246
0.268
271.917
115.354
1.119
6.168
0.322
407.160
0.273
0.252
0.284
0.222
315.990
0.329
29.693
0.257
3.428
0.262
289.493
0.264
0.237
51.881
293.994
0.234
91.289
0.234
0.214
347.523
0.895
0.566
0.265
0.269
366.572
0.247
0.892
0.263
0.211
210.421
0.287
5.833
136.260
0.224
326.385
0.286
9.087
0.367
1.018
310.730
0.279
0.240
3.479
0.957
290.243
0.249
0.284
61.079
0.339
236.072
0.298
1.049
85.812
0.286
382.795
0.312
0.224
0.230
0.385
292.087
0.300
0.926
0.977
47.855
347.856
0.311
0.217
0.232
0.229
288.428
0.258
0.248
106.342
0.364
290.590
59.109
0.286
51.430
0.919
377.049
0.288
0.332
0.282
0.276
297.761
0.357
0.304
0.274
0.288
32.254
0.297
0.939
0.496
0.261
390.697
2.987
0.255
5.028
0.327
297.321
0.291
0.244
0.253
0.252
0.222
0.293
0.203
113.808
0.288
10.711
257.032
0.347
7.555
0.251
0.297
0.842
43.558
75.158
0.278
273.800
0.226
3.488
0.272
65.064
310.592
0.292
19.521
0.435
0.264
312.190
0.924
1.653
0.262
0.227
359.019
0.218
2.810
0.225
0.278
271.557
0.917
0.243
0.259
1.422
283.794
0.234
0.247
0.902
0.274
0.257
0.263
0.268
0.265
0.262
268.929
12.967
0.233
0.275
0.258
0.243
94.571
2.722
0.280
0.298
269.858
0.229
55.474
0.248
0.243
268.483
0.267
106.478
0.242
0.315
0.229
0.314
0.872
0.960
0.218
274.479
0.397
11.248
1.500
0.272
341.434
0.432
0.272
0.220
0.297
277.288
0.255
0.244
0.297
1.009
339.590
2.332
0.282
0.240
0.236
431.021
0.500
0.248
0.247
0.270
149.389
6.083
168.161
1.008
68.670
376.710
0.269
0.284
0.422
0.264
292.561
0.279
0.912
37.611
0.258
275.456
0.263
0.222
0.222
62.439
27.354
0.296
1.622
0.226
0.265
275.440
0.907
0.266
52.106
2.307
313.936
0.231
4.028
0.266
52.119
381.308
0.264
0.292
0.306
0.213
196.580
1.028
0.231
0.261
165.849
274.541
88.371
0.540
0.277
0.252
367.714
4.121
0.280
0.221
1.036
415.253
0.270
0.227
0.287
0.226
0.238
431.794
0.221
0.257
0.250
292.704
0.481
85.703
1.996
0.284
302.409
0.356
71.565
0.253
47.851
379.218
0.273
1.187
0.285
0.278
375.602
0.258
0.225
0.233
0.229
331.333
5.965
77.529
0.267
0.348
327.330
0.255
0.227
0.281
44.992
256.634
51.710
0.298
0.222
109.800
323.936
77.793
0.233
0.784
0.285
261.908
0.218
86.935
0.290
4.346
312.276
55.119
0.260
0.350
0.233
350.663
10.360
22.548
2.170
5.409
284.940
0.330
0.280
0.263
0.286
238.995
0.287
74.053
8.918
0.356
421.023
0.350
0.328
0.322
0.276
321.823
1.501
0.219
0.264
0.280
325.514
82.471
0.298
0.232
0.233
278.199
0.398
0.239
0.289
0.222
0.217
0.278
77.432
0.302
0.241
304.674
0.258
0.929
88.196
0.303
406.860
0.276
0.295
0.266
0.220
292.562
0.265
9.715
0.314
41.170
289.090
0.256
0.237
0.271
0.247
186.852
16.426
166.139
0.295
1.472
105.670
3.919
0.268
0.274
0.230
0.232
206.216
0.299
0.253
65.725
277.632
0.315
53.819
87.220
0.265
269.396
0.260
0.228
0.297
0.271
244.002
71.168
0.259
0.278
3.898
293.947
42.469
1.143
15.918
0.276
356.234
0.343
0.297
0.247
5.787
0.319
0.270
0.885
0.280
0.977
260.232
0.316
0.286
0.224
82.873
208.732
0.303
165.755
0.274
0.246
103.918
128.343
28.488
0.305
0.289
270.972
0.478
52.572
1.026
1.367
370.106
0.275
0.251
0.248
0.390
303.689
0.325
24.777
0.303
0.239
316.982
0.266
0.280
0.225
1.029
278.754
0.263
0.921
98.771
0.248
316.931
0.251
0.263
0.283
0.228
281.615
0.266
0.219
67.374
48.698
0.248
290.044
115.474
0.303
0.414
313.323
56.167
0.286
0.272
0.323
105.056
138.489
0.312
0.900
0.489
0.274
0.265
0.253
0.286
0.238
285.283
0.301
145.161
0.299
0.359
294.644
0.251
0.248
0.957
0.349
391.177
0.959
0.242
0.380
0.285
313.242
0.279
0.330
0.280
0.301
333.101
0.268
0.302
0.293
60.386
292.214
0.301
4.524
0.305
0.249
294.834
1.065
14.148
0.259
0.292
294.571
0.293
0.271
0.484
0.282
313.612
30.592
0.268
0.239
39.362
264.421
0.257
7.666
3.207
0.249
319.767
5.233
1.163
0.261
0.283
265.866
0.233
0.266
0.241
45.484
269.282
0.248
0.250
0.924
1.235
0.236
272.006
40.185
0.245
0.298
294.580
0.337
0.266
54.498
0.275
291.900
0.295
0.235
0.227
0.283
298.053
0.296
0.225
36.693
0.252
243.942
0.277
0.237
0.341
53.824
167.986
0.239
16.639
0.248
0.265
230.230
1.411
0.300
0.273
0.234
292.794
6.959
1.994
0.998
0.290
0.297
0.337
0.223
0.219
0.292
212.869
0.294
0.236
75.776
0.293
0.384
0.250
0.255
0.279
0.268
294.134
1.721
46.255
21.457
0.286
0.420
317.227
0.418
1.062
4.706
354.050
100.993
0.293
0.956
0.255
336.630
0.300
0.282
0.330
0.277
366.812
0.277
0.399
0.259
0.283
118.111
225.258
0.461
0.324
0.297
442.088
1.951
0.262
0.283
0.224
282.668
2.799
0.329
0.251
63.928
292.818
3.066
22.584
50.900
2.218
0.299
242.006
130.789
0.283
0.259
0.248
259.145
0.266
0.270
0.293
197.615
18.751
0.284
0.292
81.144
206.074
91.344
0.300
0.296
0.241
0.359
0.255
0.293
0.217
0.248
0.293
0.220
0.425
0.241
0.587
255.001
62.422
0.287
0.286
1.259
106.752
99.282
0.262
78.692
0.309
276.991
53.636
0.313
2.902
0.249
9.629
2.072
0.270
0.254
0.237
228.303
128.179
0.490
0.313
0.234
272.385
78.420
1.209
0.230
0.257
106.700
171.519
4.450
0.319
0.286
276.218
44.790
8.421
0.307
0.315
294.755
1.126
74.127
0.304
0.340
373.624
164.899
0.237
0.250
0.422
413.447
110.307
0.285
0.237
0.270
0.324
375.184
0.291
0.321
113.738
340.964
178.026
4.611
0.316
0.320
266.072
0.288
1.094
87.152
0.293
0.256
378.661
154.659
0.253
0.482
489.303
0.288
0.283
4.954
0.240
0.297
0.303
0.290
0.928
0.261
597.015
0.238
0.338
171.445
0.837
296.070
48.210
0.360
0.344
90.131
0.263
0.385
0.290
0.258
0.288
360.947
0.286
0.314
0.235
0.253
320.542
0.293
1.827
0.265
0.302
275.796
0.245
157.429
0.261
0.273
253.574
168.330
0.282
0.325
0.336
231.697
0.233
0.267
87.528
68.644
279.072
0.509
109.236
7.263
0.352
362.891
0.275
0.319
0.292
1.924
294.287
0.311
114.324
0.362
0.288
291.824
5.871
0.258
145.280
0.538
238.616
167.441
0.348
2.842
0.284
307.201
0.293
0.344
0.260
0.237
293.016
0.289
0.257
70.940
0.319
296.041
2.346
89.551
0.257
0.249
406.808
0.313
0.305
1.214
0.232
270.061
0.308
45.392
0.305
0.255
0.936
252.858
63.070
25.585
0.457
265.749
0.332
0.351
5.385
0.297
325.342
39.994
2.276
0.267
0.266
292.393
0.335
118.612
0.251
0.302
322.434
64.752
0.284
0.272
0.325
285.177
0.273
0.253
41.570
0.262
234.787
27.285
0.324
0.245
0.321
327.569
52.845
0.241
0.263
34.130
53.298
2.523
0.299
0.288
0.253
0.294
224.087
0.516
0.245
0.275
346.138
0.389
1.128
0.307
0.273
349.031
46.469
0.321
0.296
1.085
384.982
0.263
0.263
0.271
0.389
331.894
0.309
0.286
1.080
0.240
327.136
1.384
0.269
0.264
0.968
0.293
0.268
0.295
0.247
0.238
0.348
0.263
0.254
0.275
0.288
306.158
68.419
1.968
0.243
0.228
353.672
8.031
0.441
0.247
0.348
0.294
0.238
0.267
24.091
0.331
340.453
0.283
0.267
8.232
0.277
339.573
0.292
0.239
64.235
1.081
345.637
6.481
0.351
0.305
8.496
341.649
122.052
0.373
0.323
0.332
209.090
0.339
196.293
0.273
0.976
286.674
0.290
0.262
0.298
0.240
139.393
0.256
0.268
0.306
0.272
347.971
0.259
0.234
47.730
0.252
239.062
0.982
0.269
0.259
111.877
268.968
4.928
0.370
0.282
0.237
331.618
0.366
0.279
0.403
10.020
81.046
1.251
0.243
0.958
0.291
222.182
140.048
0.331
36.263
0.279
402.651
2.522
0.296
0.266
117.293
398.484
0.290
0.276
0.999
0.304
401.026
0.291
0.393
0.239
41.070
378.153
106.996
0.344
3.414
0.257
0.256
357.654
0.368
0.245
0.273
392.643
0.252
135.837
0.252
0.280
283.037
0.968
135.484
0.968
0.287
409.963
0.258
0.243
0.297
30.583
226.678
0.977
0.430
56.649
0.287
336.882
0.343
66.238
2.708
1.007
263.478
0.294
0.270
2.897
0.325
240.970
2.647
72.917
0.328
0.279
26.994
78.336
0.256
0.266
0.274
291.353
34.552
0.375
6.431
1.004
330.165
0.292
0.240
0.289
0.279
322.392
0.284
102.608
0.240
0.260
399.102
1.110
0.298
3.607
0.296
311.155
1.818
0.283
0.260
0.328
325.500
0.313
0.307
0.297
1.229
359.291
104.164
0.286
2.525
10.603
309.071
0.467
63.461
6.916
0.385
338.549
0.290
2.612
0.312
0.242
0.272
351.930
0.499
0.323
7.793
367.176
6.063
70.283
0.250
0.259
367.693
0.273
141.255
0.317
0.244
366.251
0.377
0.309
91.952
2.066
380.467
0.316
0.271
78.578
1.201
271.597
0.302
0.306
0.283
0.290
344.822
110.501
0.265
2.697
0.250
440.130
0.338
0.310
0.276
0.242
437.453
0.320
0.260
0.284
4.547
435.454
0.966
1.221
0.271
0.232
0.299
358.164
6.133
0.393
91.949
364.754
80.602
1.115
0.292
0.255
460.140
0.293
0.255
0.258
0.253
0.470
0.289
0.247
0.327
0.259
345.139
4.104
0.299
1.071
1.089
344.555
120.763
0.271
0.467
0.281
391.364
60.205
0.359
0.371
0.269
529.138
0.293
0.315
0.379
0.321
446.082
0.352
0.285
0.293
0.339
0.317
370.562
0.269
3.913
1.052
336.692
111.853
0.254
0.251
0.303
365.369
142.395
0.367
0.269
0.242
355.112
0.500
0.383
131.279
0.273
337.875
0.271
0.267
0.323
0.383
0.248
0.265
0.278
68.439
0.327
355.536
0.334
0.261
1.511
0.246
424.192
0.310
0.288
3.514
0.311
272.590
120.679
0.346
3.692
0.316
0.285
327.648
0.272
0.271
108.529
138.617
5.212
93.578
0.254
0.319
401.117
6.152
0.306
0.314
0.298
291.494
128.558
35.197
0.335
0.277
0.282
312.461
0.254
0.298
41.323
0.333
12.983
0.366
0.313
0.293
263.495
0.336
80.581
0.294
14.272
353.426
0.343
0.316
94.924
14.170
389.192
0.291
0.307
1.160
0.310
330.675
88.708
0.263
0.397
0.271
360.026
0.323
2.725
0.255
0.269
324.518
0.302
0.257
0.248
0.260
372.672
0.312
0.263
0.412
0.267
340.321
0.283
0.949
6.377
0.289
385.648
0.324
0.281
68.111
0.422
341.509
55.443
0.283
49.970
0.282
316.931
0.290
42.525
0.313
76.274
351.339
0.274
0.269
0.273
4.972
309.197
0.320
0.241
0.307
125.952
398.838
0.281
1.727
0.299
0.285
0.257
274.566
33.184
66.249
1.235
18.796
0.290
0.263
0.306
0.330
448.426
0.258
1.063
0.244
0.325
329.895
0.319
0.330
0.324
0.282
299.066
0.300
3.722
0.324
0.317
322.440
0.340
53.585
0.279
14.426
304.765
0.262
59.102
0.265
12.145
360.592
146.702
0.272
0.298
0.250
298.129
0.385
0.257
0.324
0.259
212.492
0.310
1.164
177.082
1.049
373.686
62.230
0.269
1.021
0.248
362.716
0.340
0.262
61.205
0.267
276.088
1.212
0.255
0.310
0.245
1.106
377.534
40.454
16.182
0.311
0.310
0.325
0.305
0.245
21.940
326.839
53.055
39.208
0.297
0.282
345.207
1.408
63.720
1.052
0.282
285.914
111.345
18.125
0.362
0.283
339.705
0.303
0.277
5.053
0.326
330.107
49.273
0.320
0.311
0.284
0.451
0.259
18.714
0.281
0.320
323.456
0.283
0.265
78.902
0.320
332.827
0.280
43.240
0.349
0.296
350.370
0.319
78.131
24.640
2.618
387.314
62.348
0.294
0.334
0.314
386.495
0.290
32.876
0.268
0.313
317.277
79.774
0.472
0.309
17.888
0.279
6.781
1.410
0.994
0.253
358.823
67.801
0.313
0.269
0.910
265.854
92.203
0.270
0.447
0.313
0.300
452.501
0.316
0.255
0.527
402.365
0.252
0.359
0.302
0.287
147.785
159.745
131.104
0.311
0.497
413.888
0.353
0.330
0.305
6.461
0.434
0.267
0.310
0.250
0.300
379.608
0.329
0.259
0.253
38.828
356.518
0.271
0.307
1.633
100.816
336.466
0.544
32.643
0.273
4.020
370.100
122.729
0.356
0.318
2.944
338.196
0.261
0.320
0.958
0.323
265.163
78.970
0.296
3.436
0.344
396.366
0.314
0.335
0.300
1.129
332.529
0.342
0.325
88.466
0.297
0.304
0.318
0.272
0.289
0.255
420.034
0.344
0.285
0.303
1.951
358.896
0.298
0.308
0.504
0.260
354.389
1.239
0.261
0.266
1.047
342.308
0.329
2.002
25.937
0.349
0.452
0.269
0.261
0.348
0.310
392.846
0.335
0.244
0.312
0.476
409.927
0.365
0.293
0.310
1.186
226.565
130.552
4.936
0.316
0.359
422.633
0.327
0.341
0.315
0.269
324.547
80.891
0.436
6.312
0.290
402.554
0.386
0.303
0.310
4.819
312.187
0.478
0.246
77.457
77.860
281.249
83.170
60.233
0.328
0.288
341.572
0.522
50.122
0.307
0.295
0.255
0.339
0.303
0.272
0.271
383.060
0.819
0.349
0.339
0.269
320.504
85.660
0.275
1.234
0.336
356.053
0.480
0.291
0.326
0.301
181.320
0.273
135.634
5.612
0.474
313.796
0.281
0.350
0.301
0.269
295.056
1.071
0.442
0.254
0.328
302.940
110.996
0.272
0.271
0.423
335.667
0.316
0.281
31.414
0.353
0.285
0.317
0.266
32.548
0.342
352.466
1.171
0.305
0.331
38.884
0.280
359.610
0.286
47.234
0.257
0.252
0.333
0.326
0.328
0.277
328.846
0.406
0.342
0.258
0.338
0.252
127.281
0.360
0.393
0.303
122.747
0.346
142.323
0.303
1.832
1.084
0.255
0.254
103.212
1.087
301.688
0.272
0.314
0.318
0.274
263.468
115.680
0.407
0.327
0.257
244.071
32.715
18.821
0.304
18.175
344.388
18.121
0.294
0.273
1.042
122.533
0.351
0.304
0.327
0.260
351.804
47.464
0.324
0.339
0.278
222.845
0.339
0.310
112.419
0.262
337.005
0.336
1.740
0.767
0.337
411.565
0.296
0.315
0.272
0.305
341.600
0.290
4.189
67.765
0.283
339.167
0.299
118.665
0.316
0.271
302.868
105.322
2.549
1.149
0.308
314.617
0.291
1.341
0.378
0.293
309.806
61.601
0.292
12.994
0.346
359.631
0.258
1.174
0.263
0.265
515.939
0.285
0.286
0.338
0.301
303.761
0.269
6.578
0.286
0.307
324.102
0.335
0.331
0.313
0.258
363.789
92.738
0.260
23.430
0.382
366.225
63.590
1.495
0.322
1.024
0.289
0.261
0.430
0.331
0.323
440.902
0.522
0.269
0.302
0.339
6.536
0.343
0.271
1.505
0.295
431.871
0.409
0.313
120.033
0.424
343.283
0.299
0.447
64.129
18.391
382.045
116.232
0.316
0.328
0.385
292.438
45.345
117.614
0.379
0.368
419.407
0.402
0.275
0.334
4.218
391.390
0.366
0.316
56.896
0.352
366.015
2.379
112.059
0.268
0.291
339.164
0.294
68.887
0.293
0.256
216.776
0.304
125.107
4.960
0.366
364.623
79.872
2.559
0.278
1.075
0.265
0.281
1.134
1.017
0.438
484.634
0.267
0.275
0.319
0.257
418.167
0.331
0.270
0.489
0.346
271.879
0.268
54.266
0.281
1.072
449.390
0.344
0.586
0.323
0.317
432.131
0.298
0.324
0.269
0.277
343.378
0.355
1.116
18.960
0.270
0.283
89.854
0.287
0.264
0.284
241.932
0.327
0.281
170.897
35.278
379.331
0.292
1.613
0.320
99.911
414.856
0.343
0.313
0.370
0.259
489.123
0.377
0.319
0.318
6.852
358.861
0.339
0.288
0.356
34.226
423.323
0.308
8.830
0.300
41.959
381.721
21.771
0.280
0.303
0.282
31.049
0.449
0.315
0.307
0.305
429.890
1.230
0.323
2.072
0.265
156.036
1.871
0.275
0.272
0.319
224.976
0.344
0.289
0.289
0.440
399.400
4.487
0.352
0.298
0.326
0.307
0.410
0.337
1.041
1.089
370.082
0.452
28.371
1.886
0.301
147.673
169.845
0.324
0.336
0.299
328.621
0.278
70.834
0.332
0.280
204.281
11.533
0.292
171.218
0.319
340.195
110.409
0.332
0.357
0.436
367.566
0.319
0.278
39.377
0.294
228.842
151.712
0.345
1.628
0.338
285.938
106.476
37.325
14.131
0.376
406.476
0.333
3.776
0.321
0.263
438.142
9.723
58.069
0.443
0.363
439.661
0.321
0.297
5.650
0.324
380.892
2.049
0.283
0.260
0.283
0.335
390.194
0.283
62.177
0.268
483.539
0.293
0.310
0.258
0.285
366.972
0.371
0.302
0.326
0.351
530.197
0.294
0.282
0.291
1.145
459.335
0.316
1.906
0.325
1.081
251.987
38.611
0.506
0.262
113.800
363.698
5.454
0.352
0.289
0.379
365.208
0.365
3.142
0.323
0.311
233.570
0.367
0.343
0.271
0.354
362.044
11.761
113.841
0.293
0.332
424.001
0.322
0.326
4.437
0.306
364.760
0.271
4.997
160.506
0.331
408.265
0.343
8.782
0.316
0.392
0.278
0.303
133.597
0.284
0.308
386.708
0.398
0.316
0.277
0.340
347.011
0.324
1.866
0.365
0.313
0.346
0.316
47.084
83.577
0.349
306.266
0.398
0.267
131.686
0.324
418.721
45.932
0.262
0.270
0.330
307.746
0.891
0.354
0.330
0.334
438.814
0.854
0.276
0.256
0.258
272.712
0.290
0.322
0.304
0.336
0.303
17.990
0.503
0.282
123.349
303.983
0.347
0.340
0.340
0.322
314.189
0.343
0.312
0.341
0.568
0.317
0.309
0.352
110.327
2.295
343.864
22.986
5.156
52.189
0.302
304.549
85.237
0.385
5.521
0.312
392.380
1.879
0.323
0.316
0.402
352.442
0.366
128.423
0.284
0.346
349.775
9.941
0.648
0.281
0.294
138.856
3.125
257.009
1.084
0.332
351.245
0.305
0.468
0.281
0.275
385.526
0.326
0.317
0.416
56.098
0.329
0.321
17.286
0.386
0.366
380.868
0.957
0.278
1.084
0.440
348.422
0.315
0.345
0.303
56.564
209.077
3.062
45.246
0.351
0.276
435.313
0.377
0.332
0.487
1.106
0.271
1.145
0.320
0.314
0.302
390.959
0.318
1.712
0.279
0.289
403.653
131.103
0.366
0.328
0.338
451.519
0.297
0.349
0.258
0.480
360.491
46.335
0.324
0.304
1.799
368.938
0.272
43.616
0.327
3.395
297.730
0.435
0.310
0.377
0.269
1.937
357.725
29.402
0.387
0.309
0.345
0.412
36.878
0.679
2.223
222.039
111.629
31.319
0.626
0.397
348.831
0.297
96.162
17.329
0.360
280.945
0.295
0.270
68.241
0.271
385.306
0.293
0.297
2.387
101.451
149.277
236.901
1.084
0.275
0.352
326.381
28.159
0.295
0.378
0.321
316.010
0.422
0.348
0.323
0.506
334.565
22.229
0.384
0.332
0.343
394.930
5.132
8.642
92.263
0.283
0.291
507.282
0.283
0.325
0.340
355.422
0.322
1.089
0.453
0.337
152.514
0.267
287.900
1.683
0.273
434.114
0.370
0.346
0.326
0.821
392.804
16.775
0.307
54.093
0.300
0.442
0.297
0.262
43.333
0.370
473.637
0.432
0.330
0.341
0.444
433.035
0.309
2.941
0.307
48.172
508.719
101.275
0.283
0.298
0.811
166.458
158.409
0.295
0.343
0.288
470.740
0.346
135.277
0.482
0.335
462.211
70.090
0.318
0.292
0.465
359.685
0.268
1.681
107.135
0.301
0.348
47.444
0.290
2.648
0.302
466.883
0.368
151.115
0.422
1.207
515.583
0.453
0.274
0.280
0.280
416.272
5.899
1.218
0.277
102.174
448.414
28.001
0.388
0.404
9.105
431.424
94.340
7.123
0.372
0.376
537.148
0.334
0.403
0.290
0.280
387.059
3.261
0.331
0.348
70.579
564.353
22.646
0.378
1.681
0.277
0.301
472.007
0.375
0.284
0.326
421.352
0.460
0.370
1.169
0.571
481.990
0.307
2.240
0.384
0.287
467.858
131.609
0.376
0.357
0.308
358.299
192.810
0.484
0.362
0.341
202.743
302.162
0.298
0.377
0.344
0.558
0.338
65.812
0.343
0.334
387.995
19.248
0.433
0.324
1.199
0.332
0.282
0.405
0.324
16.644
371.361
0.349
0.270
0.496
0.271
439.308
0.342
4.126
0.377
0.304
0.337
358.139
0.355
0.271
70.853
305.116
0.338
0.282
184.823
0.326
276.285
1.242
0.322
0.347
0.307
435.810
0.289
0.301
0.352
0.288
345.592
0.300
0.348
1.398
138.342
310.192
0.329
0.328
0.450
0.331
344.770
0.322
0.321
0.374
0.360
0.442
0.307
0.358
92.117
0.374
459.234
0.321
0.295
0.580
0.290
301.541
0.298
86.433
0.342
89.807
627.529
0.373
2.025
0.333
1.176
422.101
0.453
0.331
0.333
54.953
436.348
0.904
0.398
84.749
1.242
465.418
0.446
45.536
0.343
0.316
431.961
1.193
160.202
0.377
2.839
444.917
0.373
78.574
0.358
0.287
468.083
0.358
0.428
138.318
0.524
361.335
0.405
4.702
3.035
0.366
281.513
0.376
50.788
88.755
17.825
300.540
0.394
0.295
0.342
203.803
0.336
0.502
0.344
0.362
0.331
532.756
0.381
0.393
0.278
1.335
364.359
105.065
0.355
0.393
2.518
1.146
363.937
103.403
8.246
0.468
518.175
0.342
0.299
1.340
0.341
355.989
0.376
0.385
55.456
0.303
0.345
1.307
113.865
0.389
0.322
