0.053
0.001
0.003
0.002
0.002
0.384
0.002
0.000
0.003
0.002
0.130
0.002
0.002
0.000
0.002
0.002
0.176
0.002
0.002
0.128
0.080
0.072
0.002
0.002
0.000
0.575
0.003
0.001
0.237
0.002
0.086
0.332
0.003
0.002
0.002
0.650
0.001
0.180
0.002
0.001
0.348
0.076
0.704
0.002
0.002
0.998
0.383
0.002
0.002
0.002
0.298
0.203
0.605
0.002
0.002
0.427
0.938
0.001
0.002
0.002
0.564
0.003
0.002
1.057
0.003
0.002
0.235
0.485
0.002
0.002
0.677
0.002
0.001
0.002
0.504
0.746
0.913
0.003
0.003
0.001
1.503
0.003
0.002
0.002
0.002
1.030
0.003
0.001
0.002
1.120
0.001
0.266
0.003
0.809
0.002
0.790
1.228
0.003
0.002
0.002
3.404
0.004
0.003
0.002
0.002
1.710
0.003
0.003
0.001
0.178
0.911
0.003
0.140
0.003
0.002
1.004
0.755
0.004
0.003
0.003
1.822
0.604
0.004
0.002
0.018
1.217
0.649
0.127
0.003
0.002
2.022
0.563
0.003
0.798
0.003
2.905
0.005
0.003
0.371
0.974
1.711
0.004
0.003
2.051
0.004
2.103
0.003
0.175
0.004
0.307
1.074
0.013
0.003
0.012
0.002
0.950
0.004
0.057
0.003
0.003
0.561
0.058
0.047
0.003
0.009
0.622
0.003
0.003
0.005
0.002
0.631
0.013
0.003
0.002
0.003
0.884
0.004
0.002
0.003
0.001
0.002
0.800
0.002
0.002
0.002
0.585
0.039
0.022
0.002
0.002
0.598
0.010
0.003
0.003
0.002
0.698
0.003
0.004
0.003
0.004
0.743
0.105
0.006
0.022
0.002
0.737
0.040
0.063
0.003
0.003
0.659
0.004
0.003
0.003
0.003
0.592
0.222
0.005
0.004
0.004
0.952
0.003
0.003
0.018
0.004
0.717
0.003
0.082
0.003
0.003
0.727
0.004
0.063
0.003
0.002
1.081
0.004
0.003
0.003
0.003
0.740
0.003
0.055
0.003
0.003
0.743
0.003
0.004
0.005
0.002
5.799
0.006
0.004
0.003
0.213
5.276
0.150
0.005
0.004
0.002
3.441
0.005
0.002
0.019
0.004
3.385
0.026
0.004
0.004
0.003
4.950
0.006
0.004
0.024
0.003
3.975
0.027
0.004
0.004
0.004
0.147
3.885
0.004
0.011
0.003
2.532
0.006
1.911
0.081
0.004
4.053
0.011
0.005
0.004
0.003
4.360
0.006
0.045
0.004
0.004
4.040
0.005
0.017
0.006
0.011
4.974
0.085
0.019
0.004
0.003
4.001
0.006
0.004
0.068
0.004
2.314
2.503
0.007
0.004
0.004
4.550
0.072
0.004
0.006
0.003
0.730
5.616
0.079
0.005
0.040
6.194
0.005
0.005
0.055
0.006
0.270
6.485
0.066
0.012
0.038
7.081
0.006
0.045
0.004
0.004
5.861
2.795
0.098
0.004
0.005
5.025
0.008
1.894
0.019
0.005
10.450
0.017
0.096
0.023
0.005
7.481
0.005
0.004
0.061
0.004
7.697
0.007
0.005
0.004
0.004
8.483
0.007
0.005
0.004
0.004
9.445
0.005
0.005
0.004
0.004
11.793
0.009
0.005
0.007
0.004
12.310
0.007
0.005
0.004
0.011
11.735
0.009
0.032
0.005
0.003
14.026
0.052
0.005
0.019
0.018
16.448
0.453
0.007
0.075
0.005
13.912
0.011
0.030
0.005
0.005
21.344
0.454
0.011
0.063
0.005
16.935
0.013
0.052
0.003
0.003
18.288
0.013
0.025
0.004
0.003
20.404
0.014
0.005
0.005
0.004
18.253
0.016
0.004
0.005
0.005
19.289
0.167
0.007
0.005
0.004
15.138
4.779
0.086
0.006
0.018
16.674
0.012
0.005
0.006
0.005
18.358
0.017
0.084
0.006
0.006
22.179
0.021
0.009
0.005
0.006
23.860
0.755
0.010
0.040
0.005
27.798
0.017
0.007
0.007
0.004
30.952
0.063
0.023
0.006
0.131
41.737
0.048
0.021
0.023
0.034
26.195
1.229
17.627
0.013
0.006
29.008
0.102
0.006
0.005
0.007
30.342
0.010
0.007
0.006
0.006
1.214
0.287
28.584
0.009
0.006
35.638
0.013
0.007
0.006
0.118
39.709
0.011
0.527
0.006
0.006
40.863
0.010
0.006
0.005
0.005
30.888
9.309
0.009
0.007
0.005
42.097
0.126
0.009
0.017
0.004
41.088
0.014
0.006
3.083
0.011
41.941
0.011
0.006
0.011
0.033
44.956
0.011
0.232
0.008
0.006
40.854
0.009
0.106
0.019
0.006
42.604
0.011
0.008
0.006
0.005
0.071
0.624
24.624
10.550
0.009
54.843
0.017
0.007
0.006
0.004
55.186
0.011
0.008
0.006
0.005
64.181
0.027
0.006
0.005
0.006
74.922
0.361
0.009
0.106
0.006
68.273
0.008
0.006
4.198
0.011
67.933
0.452
0.011
0.008
0.006
67.941
0.376
0.010
0.006
0.006
65.974
0.673
0.295
0.009
0.006
66.269
0.010
0.008
0.007
0.006
71.190
0.040
0.008
0.006
0.006
44.541
0.327
25.975
0.018
0.019
79.054
0.011
0.006
0.006
0.006
2.721
68.177
0.012
0.040
0.007
72.395
0.012
0.066
0.006
0.004
78.137
0.374
0.008
0.026
0.005
4.499
0.237
0.008
0.005
0.006
2.035
0.209
0.006
0.006
0.663
2.163
0.007
0.005
0.004
0.005
2.163
0.007
0.004
0.005
0.266
1.849
0.007
0.018
0.005
0.146
2.077
0.135
0.051
0.005
0.005
2.274
0.009
0.011
0.005
0.006
2.328
0.009
0.295
0.009
0.006
2.586
0.008
0.006
0.006
0.006
2.159
0.008
0.006
0.004
0.019
2.330
0.009
0.005
0.006
0.007
2.246
0.008
0.006
0.006
0.005
10.086
0.076
0.166
0.008
0.008
3.137
0.008
0.008
0.005
0.127
1.763
0.007
0.370
0.009
0.006
2.249
0.011
0.006
0.006
0.006
2.473
0.011
0.021
0.005
0.005
9.370
0.025
0.186
0.006
0.628
2.280
0.008
0.006
0.004
0.004
1.973
0.072
0.008
0.006
0.022
1.982
0.095
0.007
0.006
0.006
1.928
0.008
0.265
0.009
0.007
1.874
0.008
0.244
0.008
0.008
2.077
0.101
0.008
0.008
0.006
2.343
0.009
0.104
0.009
0.008
1.922
0.008
0.006
0.006
0.006
1.869
0.006
0.401
0.022
0.006
2.112
0.011
0.008
0.006
0.007
1.963
0.104
0.006
0.111
0.060
1.871
0.408
0.028
0.006
0.006
2.073
0.011
0.006
0.008
0.005
2.270
0.008
0.006
0.007
0.022
13.644
0.021
0.007
0.006
0.006
2.577
0.010
0.154
0.022
0.006
13.883
0.008
0.007
0.006
0.008
2.235
0.402
0.009
0.008
0.006
3.443
0.012
0.006
0.006
0.006
18.079
0.008
0.161
0.008
0.008
3.677
0.215
0.010
0.008
0.006
13.848
0.015
0.009
0.007
0.260
4.140
0.270
0.008
0.005
0.075
8.539
0.155
0.011
0.008
0.006
18.712
0.008
0.065
0.208
0.009
18.464
0.008
0.008
0.006
0.040
4.066
0.172
0.009
0.006
0.006
18.461
0.009
0.111
0.009
0.067
4.094
0.014
0.069
0.009
0.007
3.515
0.006
0.006
0.008
0.008
3.634
0.008
0.007
0.009
0.006
18.176
0.209
0.009
0.007
0.091
3.718
0.339
0.008
0.008
0.006
4.038
0.010
0.009
0.006
0.007
3.424
0.336
0.013
0.059
0.027
4.148
0.011
0.012
0.008
0.008
7.035
0.018
0.193
0.009
0.008
3.933
0.132
0.009
0.009
0.008
3.592
0.008
0.333
0.015
0.008
3.668
0.008
0.008
0.009
0.009
3.704
0.011
0.006
0.157
0.009
22.884
0.007
0.006
0.021
0.292
17.509
0.167
0.011
0.008
0.009
3.993
0.009
0.007
0.009
0.008
3.677
0.008
0.008
0.008
0.006
3.806
0.009
0.138
0.125
0.011
3.849
0.011
0.009
0.098
0.008
4.227
0.022
0.012
0.009
0.008
4.001
0.009
0.022
0.036
0.007
1.092
3.109
0.312
0.008
0.006
4.005
0.091
0.219
0.012
0.009
4.113
0.011
0.029
0.009
0.008
4.028
0.008
0.008
0.099
0.008
3.497
0.301
0.179
0.266
0.015
3.847
0.010
0.116
0.009
0.008
3.833
0.014
0.031
0.008
0.008
3.968
0.009
0.027
0.008
0.829
3.153
0.009
0.009
0.645
0.009
3.849
0.012
0.009
0.009
0.008
29.730
0.140
0.011
0.254
0.011
1.237
28.508
0.011
0.009
0.010
4.073
0.012
0.010
0.009
0.302
29.215
0.176
0.015
0.011
0.008
4.635
0.008
0.194
0.009
0.009
4.183
0.034
0.107
0.008
0.009
2.727
0.018
0.009
0.678
0.411
4.055
0.034
0.009
0.006
0.202
3.866
0.094
0.075
0.008
0.008
3.763
0.292
0.148
0.009
0.033
3.850
0.036
0.008
0.008
0.009
4.047
0.786
0.019
0.012
0.008
29.778
0.009
0.338
0.015
0.010
4.912
0.012
0.218
0.012
0.009
36.552
0.012
0.282
0.040
0.009
4.933
0.011
0.008
0.008
0.303
6.441
0.097
0.133
0.011
0.009
4.404
0.008
0.101
0.008
0.071
38.068
0.009
0.009
0.138
0.052
4.225
0.011
0.010
0.008
0.009
4.303
0.012
0.010
0.011
0.010
3.666
0.011
0.009
0.009
0.011
3.973
0.085
0.011
0.011
0.009
4.233
0.017
0.009
0.008
0.011
4.038
0.095
0.012
0.011
0.008
4.206
0.235
0.012
0.010
0.008
3.584
0.016
0.555
0.012
0.044
4.122
0.180
0.013
0.009
0.011
3.756
0.265
0.068
0.122
0.036
3.878
0.011
0.012
0.011
0.008
4.009
0.009
0.612
0.015
0.011
4.059
0.333
0.012
0.012
0.008
4.564
0.009
0.087
0.010
0.011
4.056
0.015
0.011
0.009
0.009
3.799
0.498
0.016
0.011
0.009
4.771
0.110
0.011
0.084
0.035
4.031
0.284
0.015
0.009
0.010
4.015
0.014
0.008
0.009
0.009
4.648
0.250
0.014
0.033
0.011
4.342
0.135
0.046
0.012
0.013
4.217
0.014
0.398
0.012
0.012
4.510
0.049
0.011
0.010
0.011
4.063
0.016
0.446
0.016
0.013
2.918
1.120
0.012
0.010
0.011
4.028
0.014
0.009
0.288
0.014
2.979
1.950
0.064
0.010
0.009
18.154
0.026
0.011
0.011
0.009
17.311
0.035
0.011
0.805
0.012
10.232
0.022
0.952
0.012
0.009
18.301
0.037
0.066
0.200
0.015
17.508
0.026
0.113
0.014
0.012
3.621
1.549
0.021
0.012
0.009
4.104
0.012
0.014
0.037
0.012
4.297
0.014
0.011
0.052
0.010
3.719
0.012
0.333
0.011
0.011
17.739
0.012
0.692
0.017
0.346
4.765
0.011
0.011
0.695
0.017
3.768
0.204
0.012
0.305
0.017
4.437
0.066
0.009
0.012
0.009
4.451
0.012
0.011
0.011
0.015
28.339
0.441
0.019
0.011
0.019
44.685
0.201
0.017
0.141
0.014
44.595
0.024
0.012
0.154
0.012
4.095
0.621
0.021
0.088
0.012
4.335
0.015
0.009
0.008
0.012
4.596
0.019
0.012
0.012
0.009
2.925
2.200
0.014
0.104
0.011
4.259
0.345
0.012
0.011
0.014
4.501
0.586
0.031
0.012
0.011
5.098
0.011
0.012
0.011
0.127
47.326
1.464
0.024
0.146
0.176
4.834
0.015
0.012
0.158
0.014
10.797
0.027
0.014
0.014
0.012
7.264
0.079
0.692
0.026
0.011
5.730
0.015
0.012
0.120
0.038
6.663
0.905
0.027
0.042
0.011
5.598
0.041
0.270
0.015
0.011
4.479
0.014
0.552
0.021
0.073
5.518
0.012
0.009
0.428
0.015
4.713
0.015
0.011
0.533
0.050
5.189
0.011
0.011
0.009
0.011
4.381
0.354
0.011
0.126
0.012
7.234
0.891
0.028
0.012
0.043
7.608
0.422
0.019
0.011
0.041
5.181
0.019
0.012
0.142
0.017
4.828
0.014
0.012
0.009
0.234
23.397
0.028
0.440
0.024
0.015
48.163
0.014
0.011
0.410
0.018
28.408
0.460
0.021
0.017
0.012
5.377
0.170
0.016
0.168
0.016
47.678
0.015
0.014
0.482
0.012
5.172
0.011
0.012
0.009
0.011
4.647
0.657
0.048
0.012
0.013
5.254
0.015
0.060
0.014
0.012
5.047
0.015
0.011
0.138
0.014
4.918
0.011
0.051
0.014
0.014
5.697
0.164
0.014
0.021
0.014
4.803
0.364
0.011
0.057
0.011
30.150
0.650
0.016
0.044
0.011
5.918
0.023
0.014
0.043
0.011
5.306
0.015
0.014
0.012
0.012
21.372
0.533
0.017
0.027
0.015
48.292
0.033
0.015
0.011
0.164
11.143
0.221
0.224
0.012
0.015
4.867
0.014
0.520
0.029
0.015
5.250
0.262
0.019
0.045
0.012
7.474
0.022
0.015
0.045
0.011
5.042
0.012
0.014
0.031
0.651
5.798
0.012
0.010
0.014
0.011
5.326
0.015
0.526
0.669
0.021
48.318
0.030
0.019
0.014
0.012
5.380
0.016
0.012
0.014
0.012
47.265
0.030
0.014
0.392
0.214
47.475
0.071
0.035
0.539
0.012
4.961
0.539
0.017
0.012
0.015
47.762
0.035
0.188
0.091
1.647
5.485
0.018
0.017
0.016
0.012
4.879
0.016
0.012
1.425
0.016
51.738
0.016
0.099
0.017
1.567
51.695
0.016
0.016
0.012
0.014
6.084
0.016
0.052
0.012
0.014
6.244
0.030
0.016
0.012
0.012
32.567
0.033
1.419
0.034
0.017
6.293
0.017
0.012
0.014
0.015
31.278
0.035
0.018
0.018
0.015
6.035
0.017
0.012
0.012
1.180
6.566
1.003
0.018
0.015
0.016
7.634
0.986
0.019
0.014
0.327
7.442
0.016
0.012
0.017
0.016
6.353
1.155
0.021
0.055
0.014
7.563
0.017
0.017
0.016
0.015
72.160
0.707
0.023
0.022
0.056
39.367
0.035
0.271
0.017
0.021
6.976
0.018
0.013
0.016
0.013
4.624
3.211
0.062
0.014
0.122
7.347
0.017
0.013
0.015
0.012
6.048
0.295
0.016
0.523
0.218
68.638
0.038
0.098
0.016
0.524
67.214
0.017
2.659
0.056
0.016
6.751
0.022
0.085
0.012
0.516
7.907
0.324
0.018
0.016
0.017
6.866
0.019
0.016
0.988
0.018
67.710
0.681
0.016
2.179
0.019
7.036
0.260
0.310
0.016
0.017
7.768
0.028
0.017
0.014
0.015
7.560
0.311
0.023
0.016
0.054
7.653
1.429
0.022
0.014
0.015
68.096
2.924
0.017
0.016
0.054
7.171
0.800
0.034
0.017
0.016
6.652
0.016
0.530
0.015
0.015
67.302
0.021
2.695
0.038
0.090
7.394
0.016
0.017
0.015
0.015
6.643
1.489
0.023
0.014
0.016
58.095
0.480
0.017
0.017
0.017
7.989
0.035
0.018
0.015
0.016
6.172
0.598
0.024
0.017
0.760
7.423
0.055
0.015
0.015
0.015
8.860
0.023
0.014
0.014
0.015
8.934
0.016
0.014
0.015
0.081
63.392
0.030
0.620
0.018
0.075
8.639
0.063
0.018
0.014
0.015
59.739
0.564
0.019
0.018
0.016
8.778
0.015
0.017
0.023
0.018
9.071
0.048
0.015
0.179
0.054
9.158
0.213
0.019
0.387
0.457
8.660
0.020
0.018
0.316
0.016
58.025
0.043
0.018
2.459
0.026
60.348
0.019
0.138
0.017
2.003
60.095
0.021
0.341
0.442
0.018
8.121
0.017
0.019
1.531
0.028
8.171
0.237
0.014
0.017
0.014
8.948
0.039
0.017
0.017
0.018
60.816
0.017
0.018
0.018
2.445
8.728
0.357
0.425
0.023
0.018
28.244
0.041
0.017
0.777
0.021
9.294
0.017
0.017
0.057
0.017
8.592
0.015
0.016
0.015
0.017
61.534
0.158
0.019
0.018
0.018
60.292
0.019
0.014
0.014
2.889
9.200
0.018
0.017
0.017
0.017
8.543
0.016
0.455
0.201
0.016
8.373
0.016
0.018
0.587
0.019
8.975
0.017
0.015
0.017
0.017
8.472
0.285
0.019
0.015
0.014
9.480
0.016
0.015
0.030
0.018
67.854
0.024
3.458
0.023
0.017
8.556
0.321
0.025
0.019
0.475
8.709
0.022
0.019
0.017
0.017
8.234
0.015
0.017
0.266
0.017
71.312
1.117
0.018
0.017
0.017
9.266
0.025
0.529
0.017
0.017
67.860
2.407
0.046
0.024
0.995
8.835
0.022
0.016
0.016
0.142
15.962
0.038
1.510
0.067
0.184
7.919
0.988
0.019
0.016
0.463
0.228
8.476
0.019
0.075
0.774
8.451
0.019
0.526
0.020
0.017
9.376
0.022
0.019
0.017
1.626
9.404
0.017
0.015
0.019
0.016
9.346
0.021
0.017
0.014
0.019
8.144
1.781
0.173
0.015
0.019
9.014
0.068
0.016
0.015
0.017
8.175
0.017
0.018
0.018
1.161
9.739
0.023
0.990
0.016
0.062
70.261
0.028
0.419
0.018
2.601
16.023
0.037
0.025
0.018
0.017
66.638
0.019
2.721
0.024
0.016
66.257
0.063
2.124
0.033
0.019
8.797
0.021
0.115
0.021
0.015
9.510
0.021
0.063
0.014
0.015
9.997
0.024
0.018
0.016
0.088
0.276
8.993
0.017
0.017
0.016
9.950
0.542
0.025
0.020
0.419
72.109
1.275
0.023
0.017
0.017
10.832
0.487
0.019
0.018
0.016
68.424
2.194
0.595
0.021
0.067
68.328
0.026
0.450
0.021
3.078
9.613
0.246
0.028
0.019
0.017
7.807
2.171
0.021
0.019
0.016
9.537
0.021
0.440
0.017
0.015
8.957
0.315
0.859
0.022
0.017
69.169
0.023
0.955
0.021
1.657
10.175
0.018
1.123
0.113
0.022
10.012
0.035
0.019
0.018
0.066
69.587
0.023
0.017
0.917
0.029
10.495
0.017
0.067
0.015
0.014
10.222
0.024
1.705
0.024
0.015
8.720
0.129
0.296
0.017
0.449
17.124
0.138
0.830
0.021
0.660
10.028
1.179
0.022
0.019
0.014
16.978
0.018
0.018
1.656
0.071
18.041
0.025
0.779
0.556
0.022
8.540
0.021
0.279
0.287
0.033
10.543
1.027
0.042
0.019
0.596
10.424
0.022
0.019
0.016
0.202
17.686
0.071
0.167
0.403
0.027
10.173
0.087
0.021
0.016
0.016
10.367
0.403
0.021
0.019
0.019
17.807
0.024
1.914
0.025
0.023
17.225
0.022
0.268
1.974
0.024
0.732
8.233
0.237
0.022
0.017
10.196
0.027
0.018
0.015
0.018
10.018
0.041
0.022
0.017
0.019
0.730
7.742
1.057
0.162
0.028
9.331
0.434
1.352
0.023
0.022
10.232
0.023
0.017
0.015
0.016
10.089
0.079
0.065
0.213
0.149
10.041
0.023
0.021
0.783
0.019
10.405
0.031
0.021
0.019
0.022
20.138
1.998
0.022
0.081
0.025
10.565
0.610
0.017
0.018
0.018
19.908
0.024
2.127
0.019
0.016
20.279
2.385
0.021
0.017
0.022
9.485
0.031
0.021
1.080
0.272
10.982
0.019
0.341
1.127
0.023
11.543
0.035
0.018
0.017
0.021
11.131
0.996
0.022
0.068
0.021
11.840
0.042
0.022
0.022
0.017
11.517
0.057
0.024
0.019
0.016
11.194
0.023
0.017
0.019
1.158
9.518
1.756
0.078
0.146
0.019
11.271
0.765
0.072
0.017
0.018
9.597
1.759
0.024
0.375
0.022
10.951
0.625
0.021
0.021
0.017
11.154
0.017
0.019
0.017
0.027
21.925
0.559
0.948
0.069
0.023
10.619
0.026
0.252
0.018
0.021
20.680
0.019
0.019
0.020
0.073
12.275
0.027
0.017
0.017
0.022
20.807
0.022
0.019
0.022
0.019
10.414
1.652
0.060
0.021
0.021
20.040
0.027
0.025
0.057
0.022
11.047
0.819
0.026
0.022
0.018
10.305
0.024
0.680
0.034
0.027
11.844
0.167
0.019
0.018
0.072
9.540
1.764
0.022
0.019
0.017
12.158
0.358
0.023
0.018
0.018
11.923
0.202
0.019
0.022
0.069
11.664
0.024
0.024
0.020
0.641
23.548
1.045
0.025
0.022
0.016
10.423
0.939
0.031
0.025
0.080
12.590
0.024
0.020
0.022
0.019
7.705
4.442
0.022
0.021
0.022
14.527
0.079
0.022
0.119
0.022
29.205
0.415
0.022
0.511
0.245
13.956
0.027
0.448
0.019
0.022
12.791
0.936
0.022
0.744
0.020
12.768
0.031
0.017
2.044
0.026
14.871
0.018
0.019
0.018
0.018
16.127
0.029
0.019
0.021
0.027
31.573
2.790
0.176
0.023
0.021
13.776
0.046
0.029
0.019
0.085
13.272
0.026
0.021
0.718
0.035
15.367
2.029
0.024
0.022
0.022
16.717
0.024
0.026
0.019
0.024
14.370
0.024
2.096
0.027
0.020
15.974
0.022
0.152
0.153
0.021
31.481
0.036
2.551
0.034
0.022
30.757
2.098
0.050
0.024
0.033
13.630
0.027
0.019
0.017
1.815
15.687
0.027
0.022
0.017
0.017
29.950
0.028
2.537
0.036
0.026
14.584
0.651
0.158
0.031
0.019
13.872
0.026
0.022
0.054
0.019
32.567
0.021
0.020
0.022
0.020
29.795
1.986
0.021
0.081
0.024
13.613
0.031
1.413
0.024
0.017
16.504
0.035
0.028
1.017
0.074
17.476
0.311
0.022
0.074
0.017
16.119
1.245
0.029
0.022
0.019
17.925
0.024
0.025
0.017
0.022
1.073
16.822
0.022
0.027
0.017
34.327
0.027
0.019
0.573
1.519
16.325
0.029
0.022
0.075
0.019
33.890
0.027
0.023
0.021
0.019
14.284
1.807
0.074
0.197
0.024
17.771
1.016
0.031
0.154
0.034
17.086
0.035
0.021
0.019
0.024
33.322
0.027
0.019
0.024
0.019
1.412
15.785
0.048
0.238
0.025
17.658
0.027
0.020
0.018
0.056
17.209
0.033
0.301
0.080
0.019
15.347
0.024
0.637
0.055
0.025
16.133
0.027
1.929
0.019
0.025
15.355
1.401
0.030
0.767
0.027
15.414
1.634
0.026
0.025
0.022
22.423
1.355
0.031
0.027
0.019
20.007
2.513
0.026
0.017
0.017
24.904
0.026
0.018
0.048
0.024
25.478
0.259
0.023
0.023
0.026
23.474
0.024
0.019
0.019
0.022
22.519
0.024
1.591
0.247
0.038
22.325
1.515
0.055
0.231
0.091
19.210
0.021
0.021
0.025
2.576
21.419
0.024
0.170
0.086
0.073
40.869
0.021
3.279
0.029
0.024
22.005
0.026
0.026
0.145
0.033
3.169
37.558
0.036
0.024
2.037
22.335
0.034
0.019
0.019
0.705
40.659
2.475
0.023
0.024
0.019
32.226
0.050
0.034
0.603
0.028
19.693
1.424
0.047
0.024
0.022
21.423
0.031
0.024
0.060
0.028
3.164
39.608
0.024
0.021
0.558
40.915
1.919
0.086
0.022
0.023
20.987
0.027
0.024
0.026
0.019
21.118
1.154
0.031
0.028
0.024
23.346
0.029
0.024
0.079
0.022
22.063
0.034
0.027
0.748
0.766
21.773
0.574
0.031
0.029
1.019
22.347
0.080
0.022
0.048
0.024
21.322
0.024
1.120
0.027
0.335
21.742
0.033
1.505
0.066
0.027
34.335
2.497
0.044
0.808
0.022
42.335
0.063
5.519
0.647
0.031
27.239
1.313
1.662
0.053
0.024
26.494
1.619
0.030
0.022
0.024
24.234
2.253
0.046
0.023
0.019
26.465
0.025
0.022
0.027
0.020
27.567
1.501
1.628
0.053
0.025
23.026
3.423
0.038
0.025
0.021
24.158
0.039
0.029
1.860
0.689
26.234
0.027
0.022
0.022
0.027
27.204
0.041
0.657
0.031
0.022
27.766
0.024
0.029
0.276
0.019
29.397
0.023
0.021
0.024
0.018
37.835
2.850
0.043
0.029
0.020
27.518
0.407
0.023
0.023
0.019
39.038
0.637
1.191
0.057
0.029
25.642
0.022
0.021
2.948
1.191
25.806
13.381
0.060
0.027
0.031
32.673
0.086
0.022
0.019
0.027
22.366
0.031
0.024
0.022
0.019
32.517
2.495
0.038
0.024
0.022
23.954
0.038
0.022
0.027
1.254
33.834
0.053
1.879
0.022
0.023
20.549
0.232
0.033
2.089
0.024
31.977
0.038
0.037
0.029
0.027
32.243
3.269
0.024
0.084
0.022
22.988
0.416
0.036
0.023
0.027
22.901
0.024
0.024
0.268
0.031
23.043
0.022
0.082
0.023
0.019
19.917
0.031
0.023
0.024
0.027
32.425
0.036
0.022
0.024
2.355
23.448
0.024
0.030
0.715
0.050
22.393
0.055
0.029
0.019
0.494
32.526
2.545
0.033
0.024
0.023
32.048
3.024
0.023
0.024
0.022
16.918
5.004
0.029
0.032
1.045
31.667
0.033
0.022
0.025
0.025
23.354
0.031
0.023
0.022
0.026
33.602
0.033
0.386
0.036
2.882
21.422
0.031
0.028
1.165
0.034
34.663
0.036
0.029
0.092
2.149
33.534
2.868
1.154
0.023
0.088
21.142
0.037
0.499
0.036
1.457
23.736
0.558
0.787
0.032
1.174
25.578
0.035
0.025
0.024
0.027
21.963
0.027
0.027
0.026
1.016
22.870
0.195
0.039
0.029
0.031
35.314
0.038
0.027
0.025
0.025
23.946
0.038
0.023
0.029
0.922
22.751
0.031
0.027
0.198
0.025
24.170
0.038
0.031
0.589
0.040
25.585
0.093
0.023
0.026
0.021
22.378
1.797
0.147
1.474
0.033
18.820
0.056
0.034
0.102
4.332
22.910
0.036
0.027
0.896
0.036
22.373
0.027
3.262
0.031
0.027
37.479
0.032
0.027
1.878
0.035
24.053
0.340
0.030
0.022
0.127
21.868
1.041
0.035
0.028
0.784
22.701
2.744
0.026
0.026
0.027
24.116
1.382
0.036
0.029
0.028
23.771
0.033
0.027
0.027
1.413
36.657
0.045
4.190
0.029
0.221
18.771
5.809
0.770
0.031
0.025
24.227
0.027
0.022
0.027
0.024
26.188
0.031
0.029
0.025
0.026
58.185
2.851
0.036
1.038
0.050
22.300
0.035
0.022
0.021
1.822
21.805
0.044
2.095
0.031
0.024
23.506
0.034
0.028
0.022
0.025
58.228
1.712
0.559
0.032
0.024
55.344
0.030
0.027
0.024
2.697
24.162
0.159
0.025
0.031
0.020
1.251
23.927
0.043
0.031
1.161
18.547
4.543
0.031
0.384
0.038
26.624
0.487
0.191
0.025
0.027
56.052
3.601
0.027
0.022
0.029
23.522
0.022
0.487
0.032
0.031
23.233
0.632
0.037
0.611
0.041
25.151
0.034
1.579
0.040
0.029
23.877
0.105
0.027
0.020
1.047
57.986
0.034
0.028
1.727
0.038
24.003
0.047
0.739
0.024
0.027
54.856
0.033
0.027
0.024
0.359
54.683
0.039
2.708
0.036
0.024
24.476
0.552
0.029
0.022
0.022
57.822
0.038
0.025
0.030
1.247
23.855
0.027
0.028
0.112
0.032
55.533
0.046
0.698
0.067
0.031
24.914
0.030
0.029
0.023
0.416
24.804
0.024
0.024
0.021
0.029
22.371
0.048
0.031
0.024
0.029
29.767
0.026
0.025
0.027
0.024
27.915
0.035
0.123
0.029
0.219
27.265
0.029
1.036
0.033
0.027
32.169
0.041
0.183
0.254
1.164
31.998
0.027
0.022
0.054
0.024
63.578
0.048
3.098
0.053
0.027
32.041
0.041
1.484
0.041
0.032
64.115
4.835
0.061
0.031
0.024
30.256
0.058
0.029
0.027
0.024
68.839
0.043
4.668
0.038
0.029
37.540
0.047
0.025
0.034
0.027
37.079
0.031
0.065
0.027
0.095
36.158
0.095
0.034
0.098
0.022
36.411
0.040
0.055
0.031
0.482
33.480
0.044
0.031
4.551
0.034
38.194
0.252
0.038
0.027
0.034
40.476
3.352
0.027
0.024
0.302
40.417
0.036
0.034
0.033
0.027
76.655
0.042
0.033
6.269
0.058
31.965
0.943
0.059
0.029
0.520
77.543
7.852
0.063
0.031
0.031
39.571
0.036
0.112
0.034
0.155
33.477
0.115
0.881
0.038
2.270
37.932
3.235
0.028
0.216
0.031
80.024
0.043
0.032
0.027
0.025
83.831
0.039
0.034
0.029
0.038
38.145
0.053
0.031
0.027
0.024
39.888
0.031
0.031
2.493
0.133
39.425
0.048
0.273
0.030
0.029
6.157
75.370
0.126
0.039
0.698
6.711
37.559
0.038
0.031
3.127
44.970
0.039
0.033
0.031
0.301
37.737
0.150
0.280
0.475
0.031
37.949
0.033
1.019
0.031
0.034
74.043
5.384
0.039
0.131
0.032
34.730
0.052
0.034
1.271
0.202
36.560
0.034
0.034
0.029
0.024
36.363
0.030
0.025
0.027
0.027
34.441
0.046
0.950
1.088
0.043
31.739
0.960
0.057
0.036
0.029
36.814
0.041
2.688
0.034
0.167
5.588
28.482
1.454
0.779
0.027
33.944
0.033
0.038
1.142
0.053
0.024
33.040
0.056
0.031
0.037
31.958
0.037
3.471
0.036
0.027
35.304
0.038
0.024
0.026
0.024
27.223
0.061
7.737
0.039
0.033
31.179
2.093
0.038
1.568
0.040
36.358
0.039
0.122
0.033
0.026
31.536
0.036
0.752
0.048
0.034
33.368
0.040
0.033
0.545
0.161
75.308
2.602
0.031
0.029
0.023
35.531
2.014
0.095
0.027
0.030
33.205
0.034
1.052
0.041
0.031
35.378
2.254
0.038
0.037
0.114
34.560
0.038
0.027
0.024
0.024
33.107
0.040
0.841
0.032
0.030
31.678
3.013
0.617
0.036
0.033
73.177
0.040
0.034
2.735
1.340
70.366
4.049
0.057
0.030
0.027
32.341
0.036
0.034
0.114
0.024
70.153
0.058
0.032
2.443
1.426
77.474
0.051
5.141
0.149
0.046
82.185
0.062
1.288
0.052
1.097
34.135
2.626
0.122
1.121
0.031
30.734
0.144
0.026
0.029
2.253
75.911
0.054
0.041
0.027
0.024
31.298
0.030
1.112
0.036
0.030
7.095
69.313
0.054
0.044
0.027
32.412
0.030
0.030
0.105
0.099
74.271
0.050
5.024
0.136
0.244
30.969
0.048
0.027
0.036
0.029
31.269
1.025
0.036
0.103
0.030
75.559
2.867
0.034
0.033
0.023
74.886
0.531
2.089
0.060
0.030
31.145
0.216
0.031
0.033
0.949
32.395
0.034
1.624
0.041
0.027
33.174
2.583
0.069
0.136
0.034
79.604
1.148
0.046
0.036
0.140
77.027
2.066
0.034
2.189
0.031
28.289
3.032
0.035
0.027
0.032
79.316
1.223
0.791
0.050
0.031
30.172
0.037
0.037
0.033
0.028
28.578
0.047
0.470
1.555
0.345
79.011
0.057
0.040
0.076
2.182
78.743
0.062
1.813
0.036
0.037
8.136
22.118
1.385
0.036
0.033
74.883
0.050
5.761
0.030
0.025
31.501
0.044
0.028
0.031
0.030
4.177
28.250
0.112
0.029
0.027
75.159
3.805
0.048
0.129
0.027
28.343
0.055
3.117
0.041
0.034
32.848
0.040
0.030
0.033
0.036
31.238
0.051
0.038
0.038
0.033
30.401
0.031
0.368
0.037
0.030
31.304
0.050
1.165
0.031
0.033
31.753
0.041
0.030
0.026
0.033
78.006
0.055
0.033
0.028
0.034
79.169
0.060
0.041
0.030
0.117
33.463
0.041
0.033
0.031
0.026
33.625
0.041
0.036
0.026
0.024
75.819
0.035
3.022
1.139
0.037
30.732
0.030
0.872
0.048
0.037
38.364
0.051
0.037
0.047
3.348
86.398
0.051
10.643
0.192
0.039
39.319
0.030
2.304
0.133
0.026
88.097
4.858
1.160
0.040
0.175
42.885
2.429
0.064
0.034
0.033
87.225
6.197
0.066
5.177
0.038
38.338
1.125
0.123
0.026
0.025
41.555
0.049
0.030
0.037
0.034
37.151
1.994
0.036
0.031
1.658
88.909
0.050
0.043
0.037
0.029
87.172
0.038
3.133
3.725
0.044
93.668
2.468
0.042
0.060
0.037
86.688
0.050
7.099
0.051
0.037
39.449
0.058
0.206
0.045
1.218
35.948
0.051
0.181
0.573
0.037
82.471
2.652
1.261
1.206
0.037
35.807
0.038
0.027
0.147
0.038
32.841
0.053
0.040
0.031
0.565
79.472
0.047
0.038
0.093
3.386
31.272
4.168
0.044
0.072
0.034
29.747
0.046
0.030
0.031
0.029
35.543
2.582
0.058
0.124
0.029
30.372
2.954
0.058
0.036
0.036
32.762
0.602
0.058
0.030
0.030
32.154
0.054
0.803
0.043
0.043
29.557
0.151
0.031
0.542
0.043
122.606
0.036
0.040
0.123
0.053
29.177
6.494
0.047
0.030
0.028
123.325
0.053
0.160
3.683
0.042
38.955
0.031
0.027
0.031
0.027
35.123
0.053
0.036
0.167
0.046
38.171
0.043
0.039
0.029
0.122
35.313
0.039
0.037
3.511
0.046
125.848
0.058
11.404
0.048
0.038
39.878
0.060
0.038
0.040
0.258
40.940
1.567
0.060
0.043
0.037
37.070
0.051
0.043
0.033
0.026
126.552
7.477
0.151
1.633
0.137
67.841
1.690
1.226
0.055
0.036
65.306
0.707
0.040
0.040
0.026
60.379
0.039
0.044
0.038
0.030
60.780
0.075
0.040
0.033
0.030
62.692
0.033
0.029
0.122
0.039
59.871
3.582
0.048
0.029
0.038
155.087
0.038
3.748
0.043
1.824
59.439
2.581
0.031
0.036
0.033
58.418
0.043
0.029
0.029
0.038
61.929
0.047
0.055
0.036
3.515
64.064
0.140
0.031
0.031
0.030
65.443
1.502
0.147
0.038
0.036
61.297
1.489
0.041
0.030
0.041
162.107
0.052
2.281
0.069
0.038
61.216
0.055
1.728
0.051
0.030
63.647
0.133
2.210
0.033
1.059
161.478
2.213
0.157
0.031
0.030
9.122
52.476
0.508
0.033
0.038
160.796
0.055
0.348
0.041
0.046
63.063
1.076
4.637
0.041
0.243
62.945
0.715
0.051
0.037
0.035
52.890
8.619
0.048
0.044
0.031
156.135
0.055
4.543
0.192
1.875
171.974
1.823
0.058
0.046
0.044
65.335
0.075
0.048
0.137
0.037
64.434
0.063
0.048
0.034
0.038
166.243
0.069
0.048
0.040
5.127
63.100
0.071
0.036
0.120
2.988
215.752
0.044
3.164
0.062
0.038
216.883
0.069
0.048
6.003
0.051
223.660
0.048
0.201
0.051
0.035
223.892
3.174
0.216
0.048
0.034
77.397
0.072
0.051
0.042
0.058
85.912
0.065
0.048
0.036
0.031
89.301
0.213
1.330
0.114
0.038
219.338
9.493
0.068
0.038
0.150
104.182
0.054
0.036
0.030
0.037
107.180
0.053
0.040
0.063
0.034
100.581
0.263
4.579
0.061
0.259
103.746
0.074
0.041
0.031
0.030
93.901
0.154
6.205
0.079
0.046
105.483
1.126
0.050
0.034
0.040
95.101
0.057
0.041
0.043
0.034
101.646
0.210
0.056
0.036
0.034
102.765
0.048
0.044
0.040
0.810
103.672
0.043
0.036
0.874
0.051
99.783
4.374
0.051
0.047
0.034
110.420
0.046
0.034
0.029
0.048
99.089
0.076
0.040
0.940
0.064
101.244
0.043
0.050
0.037
2.027
97.485
0.067
0.323
0.995
0.051
104.414
0.044
0.044
0.035
0.043
229.075
0.050
0.046
2.723
0.045
90.684
0.038
0.046
0.061
3.092
91.932
0.046
0.044
0.039
0.036
86.245
0.067
0.046
2.151
0.148
81.161
0.061
3.554
0.048
0.033
78.794
0.054
6.276
0.043
0.037
80.598
1.945
0.044
1.088
0.064
87.076
2.865
0.051
0.040
0.033
88.743
0.065
0.050
1.809
0.053
76.473
13.102
0.055
0.034
2.868
5.836
223.027
4.674
0.169
0.151
95.215
0.047
0.040
0.036
1.875
94.378
2.029
0.047
0.265
0.141
103.708
3.412
0.060
0.842
0.044
108.011
0.086
0.055
0.036
0.044
242.146
0.206
4.212
0.190
0.057
107.939
0.068
0.043
0.041
0.036
110.601
0.053
2.454
0.053
0.043
103.516
2.030
0.055
0.037
0.058
247.450
0.773
0.060
0.046
3.820
241.642
0.068
0.062
4.158
3.178
102.022
0.061
4.477
0.842
0.063
106.356
0.072
0.050
0.145
0.053
241.905
0.079
6.343
0.043
1.190
109.238
0.048
0.036
0.037
0.032
106.651
0.069
0.048
0.161
1.529
115.243
0.058
0.042
0.052
0.048
106.235
0.060
0.043
2.865
0.074
105.223
0.044
2.592
0.049
0.035
225.893
0.083
0.051
1.041
0.053
242.116
2.731
3.551
0.054
0.045
132.675
0.079
0.046
0.037
0.048
134.992
0.076
0.040
0.037
0.044
130.013
0.176
0.040
2.229
0.079
225.163
0.172
7.772
4.315
0.059
120.951
0.063
0.887
0.079
0.044
234.083
6.900
1.865
0.051
0.042
122.825
0.062
0.050
0.999
0.066
134.526
4.004
0.086
0.056
0.050
111.039
0.091
0.054
10.821
4.400
264.144
0.046
0.038
2.146
0.164
125.269
0.206
0.048
0.170
0.044
252.072
11.390
0.107
1.951
0.054
124.767
0.603
0.043
0.142
0.051
125.634
0.077
0.167
0.044
0.046
258.836
0.204
0.048
5.127
0.054
135.170
0.052
0.152
0.040
0.034
134.572
0.079
0.057
0.053
1.676
128.350
0.057
0.051
2.868
0.072
135.140
0.061
0.046
0.045
0.044
136.928
0.192
0.068
0.048
0.043
125.971
0.054
2.634
0.172
0.161
247.314
0.060
0.048
0.042
0.092
123.247
0.090
0.043
0.708
2.052
115.678
4.987
2.581
0.173
0.044
119.636
0.070
0.046
1.688
0.052
245.423
0.067
0.052
0.042
0.057
115.730
0.068
0.042
0.055
0.169
243.863
3.078
0.091
3.163
0.057
243.389
0.115
0.076
0.050
6.395
239.633
0.274
7.216
0.055
0.042
112.173
0.162
0.043
0.039
0.158
116.421
0.076
0.057
0.048
0.043
236.342
0.076
4.828
0.057
0.043
110.902
0.056
5.004
1.274
0.067
132.546
2.857
0.060
0.038
0.048
132.957
0.040
0.358
0.078
1.572
139.531
0.058
0.049
0.040
0.043
140.707
3.876
0.047
0.050
0.046
142.636
0.085
0.051
0.046
0.854
144.273
3.016
0.054
0.043
0.037
138.751
0.060
0.056
2.191
0.080
150.369
0.875
0.178
0.048
0.048
142.145
0.079
0.044
0.052
0.045
146.020
3.872
0.069
0.044
0.038
271.181
1.280
0.057
0.041
0.051
135.499
0.074
0.042
0.046
0.038
129.664
1.190
3.394
0.055
0.042
147.088
0.050
0.050
1.975
0.065
141.589
0.062
0.147
0.051
0.046
146.583
0.051
3.012
0.067
0.045
264.776
9.266
0.048
0.042
0.043
272.610
0.071
0.063
5.497
0.180
284.054
0.063
0.049
8.373
0.048
154.883
0.068
0.043
0.054
0.037
155.942
5.795
0.064
0.046
0.050
285.271
0.122
0.054
0.043
6.924
6.462
149.709
5.702
0.237
0.065
189.949
0.055
2.455
2.824
0.072
177.174
4.214
0.091
0.061
0.922
171.497
0.364
0.043
1.771
3.772
301.199
0.135
0.065
0.063
0.047
155.361
1.665
4.171
0.066
0.228
291.174
3.046
0.096
0.056
0.062
148.528
0.054
0.183
0.093
0.057
153.001
0.076
0.045
0.197
3.246
152.285
3.427
0.074
0.163
0.059
147.444
0.070
3.875
0.082
1.586
156.483
2.378
0.074
0.054
0.054
151.652
1.326
0.065
0.936
0.059
146.424
0.082
0.051
0.043
6.358
162.284
0.175
0.054
0.041
0.044
282.753
0.094
0.047
0.491
0.098
153.962
0.060
0.157
0.054
0.046
285.221
0.214
0.096
0.051
2.080
155.972
0.076
2.590
0.057
0.050
154.390
2.166
0.054
0.048
0.130
148.889
1.386
0.970
0.056
1.372
149.596
0.062
0.043
4.917
0.165
153.782
0.066
0.186
5.476
0.073
146.854
6.448
0.062
0.174
0.169
147.957
0.074
2.971
0.074
0.051
285.297
0.330
0.048
0.173
0.053
151.126
0.255
0.076
0.048
0.879
282.797
0.054
0.051
0.191
0.089
152.552
1.103
0.074
0.048
0.052
152.666
0.074
1.641
0.066
0.059
155.526
0.060
0.059
0.177
0.053
276.063
0.175
7.272
0.093
0.057
148.328
6.846
0.068
0.053
0.060
156.325
0.171
4.879
0.054
0.044
154.368
0.083
0.055
0.299
0.068
137.570
15.386
0.592
0.067
0.050
0.721
192.842
0.084
0.062
3.154
317.488
0.166
0.088
0.049
9.011
325.496
0.102
0.060
0.046
0.050
207.103
0.088
0.048
0.047
0.037
345.375
0.068
5.388
0.077
0.057
364.873
17.910
0.068
0.262
0.049
215.764
0.074
0.189
0.043
2.197
200.747
4.895
0.083
0.051
0.054
193.364
1.944
5.094
0.105
0.057
200.754
0.181
0.162
4.954
0.057
195.414
0.092
0.054
0.044
0.046
194.551
0.042
3.259
0.063
0.050
197.049
0.080
0.048
0.056
0.172
187.734
0.241
0.059
0.048
0.048
192.326
0.069
0.053
0.043
2.308
326.226
0.161
0.075
0.053
2.013
195.819
0.085
0.056
0.043
0.059
341.587
8.250
0.055
0.060
0.048
347.450
11.357
0.071
0.043
0.044
348.000
8.828
0.118
0.061
1.708
216.416
0.092
0.055
0.055
3.535
358.633
11.884
0.085
0.051
0.046
212.691
0.086
0.063
0.051
0.041
343.475
0.147
0.059
0.061
0.048
332.168
0.153
0.240
0.055
5.466
23.325
177.155
0.067
0.061
0.044
321.632
0.166
0.074
10.640
0.065
198.828
0.091
0.062
0.059
0.054
198.775
0.082
0.054
0.055
0.043
193.577
2.213
4.002
0.050
0.056
198.515
0.091
0.051
0.062
0.286
191.086
0.088
0.064
5.054
0.085
219.642
0.060
0.041
0.039
0.062
224.714
0.068
0.048
0.172
0.069
221.978
0.069
0.061
0.901
0.068
225.418
0.136
0.071
0.043
0.057
374.285
0.110
0.066
0.060
0.471
219.903
0.053
0.051
0.046
0.052
219.247
0.071
0.056
3.019
0.057
370.889
0.105
4.945
0.065
0.050
227.299
5.002
0.071
0.056
0.058
219.103
0.081
0.059
2.625
0.051
225.513
3.221
0.071
0.060
0.217
373.478
0.873
2.660
0.069
0.069
215.361
0.097
0.068
7.781
0.068
218.390
6.735
0.244
0.054
0.046
225.817
0.960
0.068
1.757
0.102
226.920
0.060
0.198
0.047
0.055
221.487
0.096
5.944
0.138
0.057
374.996
0.198
3.918
0.070
0.055
231.460
0.098
4.231
0.298
0.052
393.449
3.580
1.345
0.083
0.076
241.332
0.048
2.048
0.104
0.059
241.390
0.088
0.055
0.057
6.548
243.883
0.071
0.049
0.187
0.081
265.744
0.062
0.062
0.058
3.279
463.004
0.165
0.079
7.000
0.469
280.806
0.139
0.078
0.049
0.050
448.613
14.022
0.107
0.062
0.051
282.069
0.068
0.051
0.043
0.963
268.710
0.898
0.077
0.065
0.046
261.568
3.614
0.062
0.113
0.061
258.560
3.010
0.265
0.067
0.046
426.977
0.563
1.026
5.416
0.085
250.973
2.416
0.083
0.067
0.058
412.487
0.111
0.257
0.062
6.158
412.830
0.234
4.656
0.092
0.379
411.358
0.091
1.708
0.512
0.052
311.790
0.333
3.480
0.106
0.060
312.191
0.510
3.704
0.098
0.066
138.964
0.101
0.066
0.050
2.910
308.945
0.231
0.062
3.819
0.097
140.559
0.086
0.062
0.050
0.445
139.726
1.253
0.091
0.073
0.065
143.873
0.054
0.048
0.051
0.054
7.287
297.174
7.065
0.186
5.105
313.878
3.184
1.113
0.096
0.061
317.438
0.124
0.071
0.418
0.067
314.980
0.072
1.340
0.065
0.051
316.116
0.074
1.597
0.248
0.049
314.960
0.109
4.634
0.074
0.063
318.120
6.330
0.222
0.064
0.053
145.361
0.077
2.959
0.084
0.051
142.243
0.068
0.056
4.621
0.109
142.140
3.751
0.104
0.061
0.350
148.674
0.062
0.216
0.073
0.067
151.079
14.249
0.075
0.060
0.199
346.077
0.127
0.086
6.067
0.079
376.059
0.123
0.099
12.723
0.078
163.245
0.086
0.071
0.210
0.063
182.802
0.096
0.070
0.056
0.079
173.457
0.093
0.062
10.064
0.072
349.777
0.197
11.991
0.079
1.571
354.862
0.191
4.205
0.097
0.070
348.634
0.112
0.062
3.665
0.148
167.868
0.089
4.905
0.066
0.062
0.050
192.500
0.069
0.189
0.223
180.960
0.109
9.044
0.106
2.791
160.748
32.955
1.148
0.096
0.058
186.914
0.952
0.102
10.171
0.211
195.003
3.740
0.099
0.068
0.057
178.422
3.704
0.071
0.050
0.061
179.772
0.093
0.053
0.053
0.057
176.290
0.158
0.057
0.072
0.060
164.726
0.084
6.957
0.113
0.075
169.937
1.002
1.109
1.229
0.141
150.943
19.000
4.620
0.087
0.072
173.994
0.073
5.381
0.136
0.083
162.987
8.244
0.171
0.078
0.949
14.207
154.044
3.327
0.092
0.076
168.920
5.711
0.067
0.053
0.050
183.447
0.067
0.064
0.051
0.046
386.823
2.796
0.088
0.062
1.023
189.313
0.062
0.049
0.062
0.051
380.506
0.199
0.090
5.866
0.089
178.946
2.009
0.085
3.929
3.025
181.098
0.068
0.064
0.057
0.062
177.627
5.646
3.285
0.061
0.055
185.530
0.231
0.057
0.046
0.046
387.949
0.128
0.079
3.200
0.102
183.802
0.077
0.060
0.063
0.060
184.704
0.092
0.069
0.184
0.062
388.892
5.956
0.067
0.049
0.152
188.491
0.088
1.133
0.087
0.076
206.441
0.097
8.510
0.075
0.053
215.452
0.074
0.051
0.062
0.053
178.319
38.237
0.059
0.057
0.048
438.535
7.569
0.281
4.081
0.067
230.664
9.462
0.114
0.078
0.076
423.178
0.299
0.108
0.068
0.064
216.245
2.481
0.075
0.059
0.059
192.327
0.266
0.068
0.214
0.166
198.929
0.071
0.050
0.044
0.049
192.723
0.070
0.052
0.058
0.206
188.809
0.243
0.062
0.152
0.084
115.802
65.970
0.069
10.411
0.057
166.948
20.718
0.068
0.151
0.062
186.735
0.091
0.078
0.063
0.062
180.048
10.364
0.062
0.061
0.052
190.405
0.076
0.068
0.077
0.065
195.837
0.079
0.063
0.167
0.093
391.014
0.395
0.065
1.115
0.060
188.881
5.314
0.088
0.064
0.062
165.142
19.431
2.235
0.086
0.068
183.036
0.383
0.068
0.055
0.918
184.804
0.069
0.231
0.059
0.061
13.605
179.559
1.744
0.093
0.067
396.156
0.097
0.062
0.205
4.257
189.569
0.111
0.800
0.259
0.070
188.605
0.252
0.085
0.080
0.153
190.401
2.500
0.091
0.065
0.052
184.635
7.777
0.085
0.062
0.051
190.983
0.086
0.074
0.233
1.076
185.901
0.093
0.061
8.389
1.647
204.678
1.010
0.110
0.080
0.925
217.266
0.112
0.085
0.058
0.068
224.975
2.065
0.151
0.090
1.486
216.584
4.453
0.119
0.070
0.073
7.838
202.116
0.096
4.859
0.082
200.325
7.261
0.067
0.066
0.063
196.850
0.079
0.060
0.066
2.705
195.278
0.765
0.086
0.079
0.078
414.901
7.091
0.059
0.057
0.068
207.993
0.291
0.074
0.057
0.062
437.545
0.163
0.097
0.064
0.076
416.922
0.170
0.089
5.319
0.123
211.472
1.828
5.702
0.074
0.070
402.210
0.194
0.087
8.652
3.328
203.669
0.281
3.214
0.107
0.254
191.605
0.091
0.060
0.061
4.036
13.475
187.262
0.182
0.083
0.074
192.974
0.063
0.076
0.064
0.067
194.934
0.093
0.214
0.084
0.055
194.440
3.085
0.113
0.070
0.056
409.257
0.136
0.081
5.014
1.894
402.611
5.213
0.177
0.073
4.362
200.980
0.104
0.066
0.055
0.062
184.524
0.084
0.083
0.067
9.264
189.757
2.951
0.191
0.078
2.149
203.573
0.128
0.084
2.599
0.075
426.988
0.096
0.094
7.419
0.079
204.351
0.097
0.085
0.076
0.081
467.824
0.312
0.139
0.086
0.094
466.394
0.567
5.352
0.090
0.068
212.715
0.163
0.259
0.057
0.062
216.771
0.074
0.792
0.078
0.068
219.919
0.073
0.147
4.979
1.178
212.096
8.448
0.087
1.732
1.289
240.934
0.092
0.079
4.891
0.087
239.081
3.075
1.650
0.129
0.074
490.790
0.225
0.086
0.070
0.085
235.552
0.102
1.265
0.076
6.293
506.917
0.214
15.789
0.462
0.118
246.986
0.117
0.088
0.071
0.079
231.943
0.081
0.062
0.135
0.075
493.308
4.174
0.123
0.071
0.085
233.669
0.066
0.174
0.082
0.071
229.668
0.095
0.061
0.076
0.064
472.104
0.164
9.125
4.908
0.099
484.903
3.791
0.104
0.087
0.081
480.849
0.095
0.093
2.622
0.094
222.861
0.105
0.074
2.064
0.074
223.470
0.098
0.085
2.094
0.098
485.505
0.128
0.091
0.076
0.062
217.876
0.088
0.077
8.894
0.123
224.639
4.092
0.095
0.067
0.053
489.734
0.154
13.352
3.986
0.187
227.267
1.097
0.088
0.263
0.069
233.830
0.344
0.064
0.070
5.282
227.948
0.115
0.063
1.154
0.071
224.667
5.526
0.076
0.066
0.061
229.422
0.086
0.062
0.055
0.070
218.497
0.096
0.096
0.079
8.927
9.980
230.548
0.085
0.065
0.069
497.963
0.193
0.101
0.086
0.093
250.818
0.115
0.072
0.068
0.057
548.637
0.630
1.481
0.121
0.083
246.168
0.110
2.262
0.097
0.066
237.681
0.110
1.178
0.091
6.770
230.103
0.092
12.462
0.070
0.152
235.117
0.366
0.078
0.079
0.075
496.474
0.079
6.604
0.189
0.082
247.848
0.085
7.042
2.865
0.301
534.849
0.087
9.671
0.121
0.075
245.089
0.069
0.070
0.259
0.075
511.529
0.096
0.074
0.063
2.835
232.762
0.237
0.106
7.125
0.158
241.241
0.103
1.316
0.265
0.101
243.558
0.096
0.085
0.072
0.060
501.441
13.557
0.113
0.078
0.066
215.661
28.840
0.293
0.078
5.882
238.194
0.093
5.439
0.079
1.922
234.849
4.530
0.104
0.081
0.084
241.918
0.087
0.078
2.360
8.158
497.842
6.980
0.212
0.107
0.092
503.608
0.172
0.088
0.074
4.762
238.106
0.122
0.285
0.423
0.096
252.348
0.075
0.066
4.365
0.096
167.852
0.206
0.077
0.058
0.056
15.456
150.838
0.093
0.068
9.049
175.033
6.929
0.102
0.893
0.096
195.887
0.491
0.083
2.719
2.661
459.977
0.501
4.603
0.102
0.086
181.799
0.081
1.380
0.082
0.068
185.418
7.804
0.077
0.083
0.175
463.730
0.113
0.092
0.080
0.366
192.201
0.092
6.675
3.374
0.108
469.437
12.765
0.127
0.096
0.076
462.703
11.667
0.117
0.077
0.079
187.896
0.074
0.070
0.135
0.067
189.078
0.108
0.074
0.068
0.079
467.135
0.222
0.126
0.091
23.591
189.916
0.064
0.092
2.995
0.118
184.050
4.000
0.191
0.081
0.059
466.015
0.807
0.083
5.397
0.080
183.365
6.275
0.096
0.088
0.280
187.976
8.339
0.090
0.065
0.096
186.696
1.508
0.113
0.072
0.077
260.043
0.091
8.094
0.107
0.102
590.985
0.265
0.128
3.332
0.096
244.726
0.087
0.091
0.079
6.904
256.578
4.605
0.124
0.092
0.080
254.704
0.136
0.101
0.079
0.061
18.496
227.800
7.057
0.117
0.079
581.609
11.437
0.108
0.410
0.086
253.107
0.081
0.079
0.061
0.057
254.653
0.112
0.090
0.068
0.081
245.902
0.108
7.425
0.075
0.089
255.284
0.110
0.074
0.071
0.086
265.768
0.074
0.086
0.079
1.483
255.395
2.875
0.118
0.081
5.583
258.792
0.119
0.080
5.123
0.089
663.118
0.621
2.919
0.091
4.535
256.760
0.088
0.083
0.093
0.075
268.234
2.585
0.103
0.069
0.208
1.346
264.596
0.132
0.099
0.079
645.077
0.095
8.362
1.173
0.098
272.820
0.107
0.091
0.332
0.095
281.009
0.105
0.077
0.084
0.090
287.845
0.223
2.193
11.526
0.103
298.567
0.124
2.045
0.325
0.087
731.961
0.133
8.863
0.112
0.072
715.540
0.248
16.601
0.106
0.092
303.727
0.126
0.234
0.084
0.086
303.741
0.117
0.074
0.081
0.068
286.917
4.569
0.106
0.304
0.343
286.232
10.710
0.091
0.066
0.058
296.042
0.120
0.101
4.925
0.103
703.739
12.204
0.113
0.088
0.088
731.279
0.355
5.866
0.124
0.078
315.510
5.859
3.205
0.072
0.379
290.798
0.079
0.094
7.787
0.098
295.868
0.102
0.071
0.068
0.071
699.482
0.349
0.079
0.076
0.071
686.098
0.130
8.840
0.106
0.427
273.617
0.085
0.091
0.095
0.067
273.673
0.122
0.079
4.256
0.338
675.617
0.124
0.090
3.652
0.121
673.170
0.147
0.114
8.259
0.091
277.901
0.107
0.072
0.093
0.089
264.041
0.203
0.102
1.298
9.071
285.887
0.124
0.103
6.491
0.120
270.609
0.089
2.762
0.099
0.077
272.856
0.101
0.075
0.093
3.795
296.380
10.239
0.122
0.105
0.091
283.705
5.472
0.109
0.090
1.143
693.695
3.754
0.116
0.078
0.067
280.414
0.115
0.103
0.093
0.084
280.900
2.716
0.097
0.316
0.087
277.724
0.123
0.098
0.087
0.085
726.332
0.100
0.091
7.292
0.120
297.559
0.248
0.086
0.077
0.072
318.787
0.136
0.101
0.096
0.093
317.026
3.305
0.127
2.808
0.122
308.265
1.839
0.139
3.863
0.122
303.270
0.102
0.074
0.094
0.069
37.374
259.514
0.108
0.307
0.102
278.571
5.359
5.186
0.113
0.103
293.935
0.169
3.244
0.114
4.648
696.695
0.140
22.451
0.147
0.100
304.921
0.103
0.072
1.858
0.079
709.870
0.107
6.785
0.137
0.101
286.828
0.105
6.807
0.121
2.676
276.536
1.085
2.945
0.177
0.092
269.926
0.137
0.318
0.082
5.341
292.473
0.084
0.090
0.124
0.303
21.965
257.417
0.117
0.078
0.066
291.258
0.092
0.073
0.075
0.073
280.162
0.118
0.216
4.322
0.101
282.757
1.500
0.106
0.099
0.098
684.247
0.136
3.427
0.201
0.108
704.031
0.123
0.340
0.105
0.080
287.011
0.114
0.104
5.255
0.114
713.152
8.290
0.112
0.100
0.091
276.691
0.111
12.635
1.867
0.360
712.459
0.120
3.217
0.114
0.079
278.243
2.509
0.105
0.092
6.207
728.853
0.245
4.635
0.123
3.935
284.487
0.114
1.610
0.113
0.106
695.052
0.188
0.117
9.057
7.516
311.477
1.531
0.148
0.099
0.101
320.442
0.356
0.090
0.082
0.454
24.856
755.156
8.376
0.105
0.083
309.568
0.393
0.094
0.090
0.070
727.037
9.389
0.092
0.095
0.440
287.866
8.426
0.136
0.109
0.079
767.641
22.056
1.810
0.105
0.087
326.353
0.119
0.105
0.084
0.346
315.270
5.249
0.122
5.948
0.113
303.592
0.102
2.678
0.103
0.238
750.608
5.839
0.113
0.102
0.076
300.378
0.130
0.111
0.094
0.082
759.651
0.224
0.109
0.083
0.074
317.343
9.695
0.103
0.080
0.074
736.917
0.105
0.103
0.108
6.746
717.666
0.124
0.092
0.087
0.077
399.083
9.852
0.093
0.325
0.102
890.611
0.147
0.099
0.085
0.259
403.253
7.229
0.113
3.895
0.092
420.701
0.148
0.101
0.074
8.626
400.329
0.124
0.201
11.897
0.133
0.127
900.061
0.207
8.672
0.232
404.533
0.368
0.092
0.090
8.437
22.194
395.112
9.264
0.102
0.085
940.340
2.948
1.026
0.243
0.109
458.228
0.481
0.109
2.958
0.130
428.103
13.329
0.130
2.178
0.097
919.665
0.210
20.324
3.431
0.147
438.086
0.327
0.104
9.325
0.100
412.757
0.099
0.077
2.033
0.361
430.321
0.478
0.087
8.747
0.140
443.070
0.122
0.305
0.110
0.077
486.061
5.429
0.131
0.089
0.337
446.856
0.125
0.099
0.076
11.394
417.958
0.104
0.097
0.094
2.835
42.710
360.209
12.105
0.148
0.349
425.782
0.163
0.442
7.022
0.766
23.021
388.811
0.374
0.138
0.094
875.768
20.985
0.270
0.115
0.333
404.846
4.818
0.111
0.080
0.086
892.459
5.621
0.106
0.082
0.091
415.839
2.807
7.015
0.087
0.102
19.256
405.258
0.086
6.073
0.147
914.430
13.258
0.119
1.184
0.105
948.350
0.205
0.833
0.233
5.491
430.430
0.118
0.106
0.353
0.103
430.090
0.136
5.046
0.135
0.113
454.292
0.115
1.961
11.240
0.231
481.779
0.125
0.096
0.195
0.086
447.855
0.158
0.089
0.078
0.079
933.995
0.177
3.639
4.308
0.142
446.827
0.420
0.502
18.043
0.845
447.884
0.143
0.124
0.242
0.123
408.748
0.296
0.128
32.161
0.094
416.282
0.118
0.091
6.562
0.102
458.633
2.075
0.122
0.496
0.113
468.728
0.375
0.127
0.088
0.101
435.417
4.715
0.099
0.106
0.091
435.114
0.113
0.122
0.114
0.083
439.136
0.107
0.102
0.080
0.098
425.378
4.821
1.467
0.115
0.272
426.959
0.243
0.366
0.090
0.105
927.871
0.225
0.115
0.276
0.447
921.820
19.027
0.181
0.102
0.095
432.086
0.118
0.350
0.082
0.072
433.760
4.350
0.112
0.085
0.076
422.912
0.115
0.094
0.084
0.098
415.625
15.763
0.102
0.097
0.090
21.893
402.732
0.766
2.150
0.124
974.002
0.164
0.093
0.116
11.180
481.131
3.450
0.900
0.096
0.160
469.069
0.143
0.393
0.108
0.094
451.133
0.116
0.106
0.091
0.084
496.736
0.161
10.069
0.103
6.766
469.584
0.137
12.196
0.124
0.090
26.132
420.235
0.105
0.466
0.141
1038.900
0.117
0.098
4.794
0.117
989.343
0.271
19.705
0.105
0.229
451.137
0.137
5.072
0.099
0.100
989.039
0.160
0.106
0.102
0.099
989.960
6.865
0.118
2.106
0.126
992.291
0.161
0.283
0.110
0.087
995.182
0.134
6.451
0.147
0.121
455.558
0.094
0.107
0.111
0.087
462.772
0.151
0.101
0.464
0.122
466.851
7.295
0.093
2.704
0.098
457.346
0.130
9.771
0.117
0.089
1103.436
0.226
44.961
0.160
2.618
1093.526
0.144
0.100
0.112
0.111
1078.714
10.272
0.124
0.094
0.099
487.514
0.100
0.078
0.096
0.093
23.911
1043.701
0.146
0.121
0.737
1124.517
0.249
0.133
0.109
0.085
498.261
0.116
0.126
0.316
24.237
1109.645
0.327
0.120
0.100
0.079
457.237
0.103
13.442
0.104
0.087
446.836
0.131
0.100
0.110
0.219
459.531
0.135
0.270
0.310
0.148
445.552
15.201
0.095
0.203
0.115
446.765
7.352
0.114
7.634
0.126
1040.006
0.132
4.195
0.140
0.116
464.714
0.120
0.095
0.084
0.111
479.974
0.109
2.251
0.102
0.085
472.280
4.153
2.394
0.131
0.126
479.203
0.409
0.114
0.098
0.091
473.715
0.136
0.108
0.202
0.376
512.010
0.145
0.380
0.088
0.158
454.587
76.464
0.145
0.129
0.115
1122.385
0.143
0.089
0.130
21.004
534.498
5.176
0.101
0.178
0.124
2.256
518.338
0.110
3.035
0.513
358.464
154.517
0.123
0.124
5.246
505.560
0.113
0.089
0.091
0.093
514.350
0.157
0.098
0.081
0.083
469.932
43.329
11.192
0.108
1.745
504.189
0.102
0.384
2.867
0.788
513.378
0.119
7.295
0.123
0.114
520.095
0.110
0.090
0.080
0.099
512.115
0.248
0.135
0.096
0.081
526.246
0.129
0.244
0.153
0.331
516.332
0.118
4.277
0.137
0.114
1129.365
0.412
0.124
5.235
5.355
1119.107
0.267
0.138
14.410
0.164
528.097
0.113
0.100
0.181
0.105
1139.627
2.179
6.909
0.131
0.164
514.583
0.417
0.100
0.090
2.768
514.418
0.125
0.104
0.364
0.160
497.420
45.095
0.200
0.113
6.562
552.762
0.193
0.104
0.091
0.079
545.391
0.129
0.114
0.277
1.543
563.908
6.003
0.117
7.281
0.337
1143.698
2.880
0.145
3.870
0.146
529.953
6.467
0.162
5.498
0.131
520.894
0.150
0.127
8.688
0.121
526.980
0.150
0.113
0.394
0.118
1126.588
0.243
0.141
0.147
0.330
520.770
4.053
0.154
0.114
0.132
506.399
0.113
0.105
0.111
0.104
508.466
0.127
0.095
0.087
0.541
490.384
0.420
11.660
0.127
0.102
514.150
0.136
0.136
0.240
0.118
509.852
0.116
0.113
0.113
0.109
1132.919
0.339
0.152
0.164
0.122
562.804
15.499
0.147
0.401
0.387
566.649
0.116
0.087
0.112
0.174
537.399
17.145
0.122
0.316
2.171
535.459
12.755
0.136
0.122
0.110
30.895
510.275
3.418
0.167
0.110
520.660
5.942
0.137
0.405
0.128
526.934
0.130
0.271
2.766
0.111
535.729
0.114
0.254
0.119
3.167
529.299
0.128
0.127
0.113
0.096
515.829
0.113
0.098
0.100
0.094
1104.963
0.165
0.427
0.260
0.121
517.242
0.152
0.132
0.107
0.092
1139.959
0.260
0.128
0.398
0.120
511.017
0.197
6.350
3.890
0.474
501.401
6.791
0.121
0.536
0.117
521.953
0.136
0.105
0.106
0.093
507.241
0.122
12.136
0.155
0.110
1154.109
0.246
12.152
0.650
3.508
0.921
539.846
0.133
0.104
0.118
552.406
0.126
0.137
0.119
0.119
578.567
0.306
0.146
0.122
0.104
2075.417
11.353
14.792
0.126
0.124
575.460
0.118
0.103
0.110
0.263
516.120
3.371
12.271
0.154
0.114
526.532
6.716
0.104
0.098
0.086
508.262
19.196
0.111
0.126
0.114
513.707
12.711
0.845
0.130
0.122
514.958
0.138
0.134
0.107
0.174
2000.156
0.241
0.130
4.891
0.138
2043.153
7.865
0.110
0.091
3.778
1982.873
0.248
0.175
0.123
0.093
2001.760
0.123
0.133
79.737
0.175
2002.914
0.241
10.265
0.119
6.509
505.534
0.154
5.519
0.123
0.113
514.807
0.134
0.111
0.090
0.102
533.306
0.476
0.107
16.429
0.298
577.747
0.338
0.158
0.116
0.499
551.781
0.165
0.127
0.113
0.106
2080.315
0.274
0.176
0.155
12.876
549.454
0.130
0.217
0.231
0.108
523.092
0.118
0.098
1.658
16.346
543.535
0.144
0.113
8.282
4.379
541.038
0.123
0.113
0.097
10.156
523.654
15.805
0.145
0.113
0.091
542.859
0.112
0.403
0.113
0.188
2056.563
0.139
0.119
0.118
0.112
536.394
0.128
0.113
0.113
0.113
594.575
0.126
0.111
0.203
0.129
637.631
8.480
0.147
0.125
0.103
604.159
0.122
0.139
0.410
12.235
552.310
0.120
14.359
0.136
0.112
47.770
506.676
5.408
0.164
0.141
561.529
0.268
0.150
0.131
0.130
525.856
0.144
0.117
15.355
0.113
531.991
0.171
0.117
0.116
0.097
543.675
0.131
0.417
0.122
0.219
539.546
0.141
0.133
0.133
0.138
535.231
0.445
0.130
0.118
7.522
531.956
0.121
0.135
0.107
0.102
532.928
0.115
0.510
0.139
0.115
529.779
5.086
8.823
0.128
0.129
533.458
0.121
2.143
0.126
8.270
536.304
0.136
1.987
0.125
0.100
525.496
20.600
0.375
0.122
0.432
551.208
6.119
0.165
0.204
0.114
555.135
0.233
6.169
0.167
0.120
2165.293
12.179
0.111
0.106
0.124
607.209
0.155
0.136
0.125
0.135
578.729
4.178
0.155
0.109
0.105
575.610
8.846
0.446
15.599
0.115
568.444
0.158
0.433
0.107
3.329
555.221
9.461
0.423
0.135
0.211
563.817
0.118
0.133
0.412
0.096
545.523
0.139
0.108
0.091
0.119
541.281
10.715
0.121
0.097
0.103
29.764
493.680
24.120
0.116
0.093
537.739
0.480
0.138
2.369
0.123
538.867
0.226
15.182
0.170
0.127
510.558
10.522
0.317
0.150
29.588
538.209
0.168
0.187
0.140
0.136
2209.592
0.170
0.139
0.169
0.146
2273.207
0.162
13.484
0.124
0.136
2190.460
0.221
0.143
0.154
7.622
653.652
21.387
0.435
0.136
0.220
659.617
0.150
7.926
0.113
0.131
697.651
13.053
0.132
0.127
0.109
679.409
0.112
0.113
3.231
0.161
2421.728
13.283
0.434
0.115
0.115
658.439
0.263
0.452
0.153
0.127
661.486
0.269
0.120
0.110
0.117
626.491
33.923
0.149
0.113
0.133
663.418
0.146
0.132
0.135
0.130
659.514
0.482
0.252
7.122
0.116
657.982
7.297
0.450
0.113
0.103
666.086
7.493
1.330
0.123
0.258
707.047
0.234
0.119
0.113
0.117
728.542
0.112
0.109
0.790
0.115
773.107
0.135
0.933
0.149
5.218
2444.247
0.229
9.728
0.151
0.330
2385.591
30.294
0.155
0.136
0.108
2410.062
0.136
0.128
0.433
0.119
660.941
0.594
0.132
2.808
0.150
686.739
0.275
0.165
0.152
4.493
679.251
0.145
0.317
0.118
0.096
2487.337
24.494
0.131
0.137
0.285
2523.933
5.912
0.164
0.117
0.502
679.256
0.163
0.149
0.126
0.135
680.413
0.158
0.608
0.151
0.141
663.171
0.132
0.112
0.101
0.102
2540.617
0.123
0.259
0.151
8.586
651.719
0.252
16.252
0.119
8.045
664.100
0.135
0.451
0.110
17.109
2451.459
0.199
0.158
28.556
0.143
2467.807
2.071
0.147
0.143
0.108
661.919
0.589
0.115
0.112
0.136
640.896
0.147
16.526
0.158
8.162
653.012
0.149
0.116
0.210
0.119
725.751
0.164
16.999
0.144
7.602
735.272
0.143
0.144
0.228
0.147
2552.438
0.141
0.268
0.149
0.463
2512.749
1.099
0.133
0.146
7.944
687.035
0.163
0.131
0.150
6.863
668.883
0.158
3.929
0.144
0.104
660.253
0.172
0.142
0.353
0.138
686.973
0.448
0.128
0.107
0.096
2505.398
0.134
0.108
0.104
0.127
667.418
2.266
0.151
0.133
0.122
661.080
0.147
0.120
0.116
0.126
664.083
0.189
0.158
0.118
25.767
664.149
14.635
0.133
0.566
1.379
678.332
0.130
0.207
0.137
0.144
2632.724
0.356
6.309
0.372
0.132
735.155
0.342
0.130
0.453
7.983
697.995
0.143
0.134
2.649
0.134
701.886
0.135
10.266
0.117
0.108
712.918
0.133
7.111
4.512
1.080
718.062
0.136
3.228
5.592
0.162
701.331
0.136
0.135
5.979
1.578
693.518
0.147
7.782
0.142
0.128
689.824
3.001
0.154
0.607
0.138
674.146
5.005
0.134
0.126
0.145
681.663
0.175
3.621
0.133
0.113
674.104
0.123
0.809
0.184
7.483
712.951
0.136
3.054
0.123
0.104
724.169
0.154
0.153
0.251
0.126
2605.926
0.178
0.126
0.469
0.352
718.361
0.158
0.117
0.109
0.514
2584.318
13.592
0.752
0.148
30.817
698.102
2.140
0.142
0.113
0.106
2561.067
10.587
0.473
0.132
0.552
699.071
3.437
10.089
0.135
0.144
685.154
0.332
0.122
0.461
0.132
2665.704
0.192
0.167
4.365
0.508
709.857
0.134
0.107
0.096
0.105
708.067
11.049
0.125
0.522
0.115
703.657
18.021
0.119
0.240
0.268
737.908
0.130
0.184
6.230
0.176
734.989
0.167
0.132
0.127
0.480
747.738
2.778
11.249
0.142
0.131
716.404
0.132
0.149
0.162
0.132
710.394
0.151
13.136
0.119
0.592
2645.337
2.217
8.096
0.143
0.126
2616.755
0.141
0.784
0.145
0.116
2608.249
0.210
0.132
0.126
0.669
720.643
0.162
0.536
0.113
0.100
731.192
17.234
0.144
0.135
0.130
725.932
0.139
0.213
8.383
0.164
718.162
0.245
6.102
0.141
0.142
735.166
0.159
0.498
0.150
0.145
709.936
0.153
0.117
0.138
0.141
803.414
0.271
0.152
0.131
0.112
745.957
0.157
0.125
4.277
0.492
2662.050
0.185
5.793
0.168
0.123
702.602
10.264
0.133
0.124
0.218
52.819
0.152
0.285
0.155
0.122
56.865
0.177
0.133
0.126
4.128
46.722
12.735
0.154
1.069
0.146
41.527
0.152
0.128
0.619
0.113
43.369
0.148
0.120
0.127
0.143
31.954
20.039
0.176
0.136
0.117
1.827
0.174
41.530
0.123
0.570
19.855
27.537
0.378
0.170
0.139
2.021
50.637
8.266
0.143
0.121
55.043
0.161
5.171
0.164
1.978
39.585
7.316
5.275
0.271
0.158
67.340
0.163
3.618
0.163
0.147
65.355
0.151
0.156
0.220
0.161
58.439
0.505
4.218
0.155
10.425
52.735
0.136
9.130
0.149
0.155
51.763
0.178
0.124
0.113
0.110
49.820
0.177
0.152
0.126
0.168
51.694
0.191
2.342
0.210
0.145
58.026
0.133
0.137
0.141
0.123
52.590
0.178
0.135
0.126
0.129
74.357
0.158
0.139
0.113
0.132
49.609
0.164
0.154
0.141
0.124
56.843
4.325
0.132
0.151
6.634
42.952
0.118
0.104
0.277
3.515
48.816
0.239
0.132
0.142
0.121
48.202
0.183
0.155
0.136
0.122
52.256
0.142
0.115
0.116
0.338
50.167
13.133
0.270
0.172
0.159
47.162
0.132
0.147
4.149
0.179
52.559
8.065
0.154
0.124
0.134
48.310
0.133
0.140
7.404
0.138
59.447
0.130
7.366
0.128
0.118
31.455
0.172
0.140
0.115
0.138
56.264
0.946
0.148
0.568
0.153
63.393
0.170
0.133
0.153
0.122
59.248
0.175
0.142
0.149
0.182
2.989
52.754
0.162
8.529
0.160
69.732
0.181
0.129
0.150
0.134
61.597
9.466
0.143
0.490
0.282
59.731
0.135
2.969
1.696
0.161
58.271
0.368
0.150
0.141
0.138
51.103
0.292
0.149
0.125
0.116
55.166
0.165
14.869
0.146
0.129
70.556
0.150
14.812
0.157
0.127
69.076
0.253
4.895
0.541
0.511
64.661
2.479
0.156
11.745
0.156
58.516
0.144
0.125
9.135
0.712
62.030
0.613
0.123
0.147
0.493
35.128
0.181
8.367
0.147
0.124
53.033
0.149
0.151
0.136
6.921
54.627
0.158
0.146
0.515
0.137
52.667
0.152
0.122
0.268
14.753
45.762
0.135
0.121
0.157
7.195
54.624
0.163
0.135
0.571
0.124
54.125
0.174
2.784
0.148
0.115
52.415
0.141
0.127
0.149
0.123
52.617
2.702
0.181
0.151
0.242
60.674
0.139
0.313
0.513
0.136
23.889
0.144
0.131
33.248
0.751
57.499
2.971
0.248
0.157
0.158
36.516
0.150
0.167
0.338
16.213
65.741
11.731
2.270
0.127
0.140
55.331
1.436
0.187
0.867
0.176
35.709
0.140
0.136
4.274
0.161
61.026
0.153
17.136
0.146
0.160
61.716
0.303
0.167
0.126
0.140
65.225
12.024
3.140
0.155
0.142
52.947
0.157
11.283
5.733
0.265
42.246
14.500
0.225
0.140
0.136
59.598
0.178
0.172
0.299
8.675
58.850
5.840
0.160
0.123
0.117
65.141
0.142
0.116
0.109
0.120
52.249
9.294
0.161
0.124
0.154
60.773
15.892
2.606
0.152
0.222
58.222
0.141
0.155
9.792
0.168
55.006
0.531
7.922
0.188
0.166
58.800
0.157
0.143
11.926
0.162
56.738
9.960
0.171
0.161
0.151
48.339
0.165
8.004
0.179
0.139
59.923
3.008
3.531
0.164
0.159
51.355
0.165
0.139
10.208
0.141
33.511
0.149
0.125
16.995
0.255
54.443
0.146
0.120
0.131
6.538
2.449
34.509
0.160
25.939
0.143
58.506
13.718
0.139
0.152
0.148
4.211
52.934
0.140
0.146
1.876
60.092
0.180
3.311
0.237
0.155
58.408
0.176
0.154
0.496
0.138
44.399
0.159
2.759
0.207
5.825
49.429
10.165
0.141
0.283
1.923
49.241
1.528
0.129
0.127
14.011
63.289
15.567
0.135
0.136
0.561
56.923
0.178
6.755
0.165
9.371
55.858
0.169
0.165
0.154
0.138
58.302
0.156
7.657
7.199
0.152
59.897
0.156
6.806
0.181
0.157
62.894
0.156
8.777
0.160
0.576
55.832
9.749
0.164
0.186
2.408
67.996
0.178
0.143
0.122
8.544
63.896
0.160
1.088
2.343
0.170
46.325
7.475
0.144
0.144
0.227
56.477
0.149
0.153
0.129
0.260
61.426
0.145
0.142
0.137
0.214
22.110
32.064
0.144
5.569
1.724
64.727
0.177
0.158
0.152
9.012
60.492
0.152
4.498
0.165
0.175
61.897
0.293
0.144
7.605
0.172
58.088
0.164
0.264
0.176
0.141
53.075
0.192
0.170
0.148
0.150
63.607
0.192
0.176
16.332
0.178
63.019
0.396
7.770
0.553
0.255
63.657
5.414
3.756
0.189
0.333
60.682
0.183
0.168
0.636
0.154
53.720
0.187
0.173
1.863
2.019
56.788
0.142
0.606
0.156
0.158
61.200
0.179
11.360
0.202
0.167
55.682
6.366
0.149
0.139
0.228
56.879
0.158
0.148
0.120
0.113
62.453
0.171
0.157
0.139
9.925
51.324
6.305
0.148
0.164
0.158
56.998
0.165
0.137
0.159
4.279
36.608
0.174
0.175
0.141
0.233
44.386
12.139
0.163
9.724
0.157
77.180
0.348
0.151
6.300
1.131
72.454
0.174
0.146
0.188
0.155
49.332
0.304
0.173
0.651
18.467
58.523
3.157
4.822
0.225
0.177
27.127
32.457
0.165
0.136
0.157
63.214
4.114
0.572
0.221
7.135
68.358
0.162
0.156
0.630
0.165
61.747
0.154
0.165
0.129
0.129
66.051
0.183
15.334
0.160
0.240
66.431
18.619
0.146
0.143
0.282
64.844
16.043
0.140
1.062
0.314
68.541
0.155
11.234
0.365
0.177
57.182
0.142
0.145
11.667
0.675
59.910
0.152
0.140
6.381
0.565
63.459
0.154
0.627
0.164
0.170
67.634
0.152
0.635
0.266
0.147
59.466
0.154
8.801
0.175
5.282
37.718
26.812
0.160
0.166
0.129
23.581
0.204
0.164
15.268
17.063
65.628
0.281
2.433
0.167
0.151
63.794
0.172
0.162
2.221
0.144
59.299
0.152
0.299
0.134
1.019
62.001
0.185
0.158
0.546
0.155
64.376
2.345
0.176
10.447
0.172
68.677
0.172
15.629
0.171
0.174
54.108
0.192
0.156
0.133
0.154
58.237
0.164
0.297
5.572
0.692
64.305
0.204
0.149
0.284
0.172
64.930
0.184
6.470
0.164
0.134
62.369
0.171
0.145
7.516
0.311
62.861
0.164
0.152
0.757
12.193
55.296
0.244
0.174
15.396
0.165
71.384
0.153
0.176
0.159
0.786
70.845
0.187
0.139
0.122
0.228
71.563
0.145
0.143
0.235
0.144
74.503
0.308
10.854
0.217
0.141
69.029
8.532
0.649
0.152
0.303
61.397
0.178
0.137
0.120
0.220
62.670
0.161
0.157
0.267
9.644
69.089
7.058
0.186
0.153
0.205
62.219
0.160
7.305
0.182
4.122
56.619
0.203
2.858
0.164
0.154
62.402
0.296
0.139
0.120
6.848
64.627
0.255
18.335
0.136
0.262
45.401
0.174
15.527
0.709
0.180
63.245
0.180
0.168
0.175
0.173
62.630
0.177
0.164
0.149
0.528
60.449
5.151
0.196
0.675
0.141
56.477
14.452
0.192
0.250
0.141
60.894
0.171
2.240
1.698
0.614
67.742
0.164
0.135
0.152
0.152
61.583
0.184
0.162
13.383
0.147
60.310
0.161
0.179
0.181
0.172
55.222
0.593
0.272
0.141
0.124
60.859
12.626
0.193
0.172
0.161
57.728
0.157
0.289
0.156
0.154
37.352
20.739
0.186
0.332
0.167
62.682
0.591
0.649
0.135
0.172
44.779
29.160
0.143
0.127
0.135
69.409
0.165
0.143
0.657
0.174
77.568
0.161
0.163
0.140
0.158
52.410
0.399
0.561
0.225
0.563
76.427
0.221
3.451
0.163
0.165
69.384
17.967
0.179
0.178
0.159
42.361
0.158
27.819
0.168
0.166
76.782
0.175
0.148
0.170
0.146
52.690
14.185
0.167
0.242
0.170
52.783
4.873
4.344
11.219
0.206
67.297
0.180
0.139
0.159
0.303
89.933
0.177
0.168
0.164
0.165
63.708
0.333
0.580
0.780
0.162
68.770
0.169
0.138
0.304
0.147
72.290
0.196
10.596
0.179
0.319
74.951
6.980
0.213
10.974
0.183
68.360
15.713
0.187
0.182
0.152
45.951
0.162
0.172
0.161
0.135
42.075
10.126
0.157
0.173
11.137
26.790
16.013
0.156
0.159
1.420
62.337
0.214
0.572
0.200
19.057
61.842
0.170
12.739
0.143
0.142
67.094
0.177
0.150
0.257
9.021
70.763
0.194
0.602
0.179
0.139
64.025
0.202
0.148
7.601
0.726
60.409
11.609
0.185
0.676
0.176
60.339
0.198
2.586
0.316
0.156
24.538
0.184
40.249
0.165
0.159
67.991
0.172
0.264
0.151
0.162
70.656
0.175
0.184
0.297
0.180
70.613
0.250
1.726
12.692
0.297
78.976
0.284
0.169
0.175
0.183
66.775
0.160
0.137
0.352
6.220
76.763
0.227
0.177
11.306
0.150
54.032
21.536
0.152
0.169
0.299
45.369
0.143
0.289
4.617
0.189
74.147
0.156
0.132
0.393
0.153
66.700
0.165
0.151
10.676
0.168
60.524
19.037
0.173
0.182
0.142
62.167
4.820
15.118
0.192
0.164
64.687
0.188
0.145
0.133
0.196
59.249
20.241
0.578
0.285
0.571
51.905
0.181
0.165
8.578
4.848
63.006
0.166
0.184
0.222
0.160
67.353
0.179
0.261
17.861
0.194
71.975
12.662
0.187
0.153
0.176
27.150
0.181
47.776
0.197
0.190
63.202
0.605
0.169
0.175
0.175
2.126
59.771
0.197
0.149
0.231
64.916
0.201
0.167
0.655
0.156
39.243
19.195
0.594
0.145
0.131
70.307
0.154
0.684
0.162
2.318
74.479
0.211
8.165
0.191
0.194
57.900
0.204
0.169
0.157
0.159
39.546
30.519
0.153
0.155
0.173
61.170
0.192
0.190
0.174
0.169
64.093
0.205
0.153
0.173
0.151
67.244
0.173
0.169
7.906
0.371
63.727
8.941
0.191
0.183
0.283
49.574
0.182
0.196
32.135
0.181
46.065
15.421
0.190
0.149
0.140
67.825
9.565
8.428
0.151
0.290
69.299
2.669
0.204
0.145
0.215
69.683
0.208
1.645
0.257
0.603
68.102
11.999
4.560
0.171
0.168
5.808
66.155
0.160
0.177
0.143
66.667
18.552
0.175
0.196
0.153
74.283
9.010
0.386
0.190
0.193
73.999
0.279
11.859
0.189
0.155
66.203
0.160
0.193
3.265
0.162
73.888
0.177
0.210
4.557
0.178
68.196
9.350
0.238
0.162
0.142
65.320
0.179
0.193
19.880
0.183
67.236
0.226
0.163
0.145
0.158
74.056
0.211
0.262
0.158
0.147
64.664
18.185
0.167
0.202
1.388
66.358
0.200
0.186
0.192
0.165
68.770
6.481
0.341
0.187
0.146
53.661
0.704
18.994
0.217
0.189
59.239
0.155
12.701
0.180
0.188
72.640
17.990
0.167
0.223
0.181
60.355
0.195
0.738
0.156
0.191
66.954
0.203
0.603
1.083
0.171
73.030
0.169
0.181
12.006
0.166
70.608
0.168
1.935
0.201
0.291
63.478
0.188
0.164
0.182
0.269
78.794
1.112
0.197
0.180
0.168
75.306
0.207
0.286
0.149
0.177
58.578
0.731
9.145
0.296
0.150
71.628
0.197
0.256
1.936
3.790
48.046
20.480
0.193
8.658
0.182
81.030
0.158
0.153
0.624
0.159
75.006
3.108
0.166
0.619
0.187
59.185
0.203
0.166
13.502
5.363
65.175
0.324
9.195
0.166
0.366
66.677
0.212
0.178
5.880
0.201
63.536
0.175
0.930
0.688
0.181
64.295
0.170
13.137
0.178
0.170
67.720
0.329
0.172
16.171
0.699
68.545
0.175
0.248
0.156
7.512
28.926
47.107
0.622
0.174
0.194
62.500
0.174
0.694
0.172
22.892
4.458
63.919
11.375
0.645
0.464
70.604
0.161
0.141
13.186
0.159
62.799
17.101
0.189
0.171
0.154
65.012
0.194
0.166
0.189
0.190
65.203
6.070
0.276
6.811
0.181
3.778
62.780
0.205
0.164
8.690
67.394
0.180
0.597
0.162
0.175
54.721
0.786
0.154
0.161
0.151
64.821
0.798
0.192
0.172
0.144
46.182
29.545
0.184
0.182
0.183
2.027
40.503
0.200
0.199
0.710
52.957
27.825
0.185
0.159
0.186
85.731
0.207
0.163
0.248
0.160
67.863
22.497
1.291
0.239
0.177
63.324
0.186
0.181
0.259
12.679
45.877
24.400
3.527
9.047
0.167
60.451
3.970
0.200
0.155
3.397
82.651
2.065
6.262
0.198
0.156
80.030
0.249
0.170
0.183
0.176
75.754
0.165
0.183
0.191
0.174
84.234
0.203
0.270
0.205
0.181
27.848
43.408
0.806
12.252
0.189
68.672
0.204
0.759
5.175
0.213
57.751
0.187
29.002
0.168
0.289
62.036
0.195
0.165
0.152
0.220
73.390
0.178
0.191
0.736
0.182
81.408
0.208
0.159
0.194
0.187
41.876
0.172
0.179
36.129
0.160
66.535
0.406
0.163
0.189
0.155
70.393
0.195
0.203
0.186
0.206
64.753
0.281
0.166
0.161
0.313
69.184
3.120
0.177
0.183
1.188
55.658
0.740
19.773
2.496
0.155
68.345
1.865
0.318
0.173
0.175
61.645
0.188
17.901
0.240
3.383
56.837
0.192
0.169
0.172
0.154
71.977
0.705
0.160
0.160
2.455
64.010
0.186
0.172
0.181
0.343
73.161
0.217
14.349
0.248
0.197
86.729
0.296
0.181
0.172
8.941
107.858
0.192
0.173
0.202
0.278
86.449
0.193
0.275
0.181
0.180
86.641
0.585
0.206
18.872
0.198
4.421
77.968
0.189
7.351
0.247
72.442
0.368
14.246
0.200
1.351
84.480
13.296
0.175
0.160
0.245
73.181
0.188
0.206
0.735
0.170
82.722
0.243
0.174
0.177
0.149
2.425
83.737
0.188
0.252
0.176
68.477
0.167
0.161
1.874
0.171
4.735
72.904
0.282
17.220
0.156
77.225
0.193
0.172
0.222
12.635
82.400
0.228
0.156
0.181
0.186
79.321
0.175
0.174
0.165
0.187
64.796
0.185
4.121
0.170
0.222
28.433
0.199
41.430
0.209
6.550
74.000
0.199
0.172
3.059
0.193
68.170
0.173
0.185
0.156
0.151
69.203
0.207
14.947
0.167
0.191
64.293
0.653
0.309
0.187
0.174
78.778
0.195
0.158
0.160
0.177
61.085
0.254
0.156
0.162
0.189
74.523
0.786
0.161
13.780
0.199
50.776
0.215
0.179
0.174
20.835
79.924
0.226
22.163
0.220
0.351
3.098
67.936
15.893
3.042
0.176
5.051
71.229
0.232
0.654
0.491
70.785
3.554
18.429
0.206
0.155
60.058
0.166
0.706
0.190
0.158
76.527
5.576
0.198
0.181
0.154
70.345
0.164
0.171
0.323
11.176
69.393
0.189
11.046
0.216
0.200
71.023
0.182
0.282
0.305
8.299
87.044
0.202
23.689
0.176
0.296
87.642
0.171
0.203
18.216
0.193
73.368
21.190
0.301
0.198
0.193
106.420
0.179
19.846
0.202
0.309
70.133
0.187
3.067
0.207
0.803
68.624
0.203
0.183
0.204
0.184
71.079
11.533
0.213
0.181
0.153
2.566
73.022
0.224
0.215
0.199
83.720
0.667
0.718
0.158
0.172
70.804
0.226
16.436
0.213
0.160
82.214
0.224
0.175
0.265
0.180
53.242
0.165
0.173
22.983
0.213
67.632
0.181
0.167
0.162
0.151
74.485
20.129
0.185
0.204
0.199
80.962
0.291
0.201
0.175
10.705
73.082
0.182
12.345
0.173
0.160
74.790
0.211
0.199
0.179
0.295
76.568
23.033
0.216
0.191
0.164
71.876
0.189
0.196
0.193
0.203
89.675
0.201
10.581
0.226
0.347
77.789
0.234
9.376
1.975
0.195
51.094
17.978
0.233
8.383
1.009
49.398
0.323
0.187
19.708
5.759
83.554
0.196
0.306
18.737
0.676
53.967
0.174
16.439
0.201
0.164
53.698
0.172
0.277
29.521
1.675
78.125
0.182
0.281
0.653
16.565
73.447
0.221
6.363
0.203
14.725
74.144
0.162
0.171
0.174
0.233
67.450
0.257
0.218
6.339
0.206
29.257
0.170
40.878
0.222
0.167
83.469
0.808
0.177
0.186
0.205
70.697
19.794
0.213
0.736
0.640
66.796
0.189
1.710
0.219
0.159
69.076
0.165
0.215
0.171
0.197
58.310
0.176
0.651
9.129
0.164
60.168
0.174
0.651
0.724
0.178
50.554
16.521
17.891
0.179
0.188
76.896
0.203
0.329
0.214
0.196
83.524
0.186
0.210
0.166
0.166
53.671
22.216
0.175
0.210
0.193
73.176
16.088
0.209
0.358
0.655
70.516
0.227
0.206
0.172
0.284
70.115
0.225
0.204
0.755
0.189
50.912
0.186
0.182
0.290
4.431
67.629
0.322
13.850
6.884
0.346
88.590
0.240
0.209
16.131
0.185
83.320
0.304
10.102
0.188
0.174
94.193
0.760
0.179
0.177
0.162
91.806
0.190
0.177
0.194
0.719
77.660
0.233
15.310
0.843
0.194
47.037
0.202
0.293
25.335
0.197
74.209
0.175
0.184
0.203
13.020
80.414
0.185
0.209
0.203
0.173
88.755
0.189
0.173
0.680
0.239
90.898
0.171
0.181
0.186
0.175
77.153
0.221
0.177
0.165
0.200
54.436
0.173
22.179
0.181
0.159
76.037
0.189
0.185
4.499
0.205
69.773
0.396
0.198
0.284
0.274
72.809
5.125
0.203
0.171
0.163
82.901
0.217
0.338
0.181
13.103
81.422
0.331
0.172
0.173
0.165
81.140
0.191
0.793
12.465
0.183
82.113
0.226
0.219
0.187
0.336
87.064
0.206
6.666
0.258
0.221
75.536
0.222
0.780
7.089
21.501
85.450
15.345
0.216
0.219
0.158
58.478
15.580
0.186
0.177
0.272
79.801
0.192
0.187
21.964
0.250
30.690
41.643
0.228
0.194
12.005
72.324
0.206
0.181
0.172
0.202
50.463
38.476
0.226
0.311
0.212
91.120
0.180
0.189
0.206
0.199
87.621
0.221
0.177
0.178
23.526
74.855
0.829
0.168
0.156
15.303
50.659
37.673
0.330
0.183
0.198
77.236
0.234
1.139
4.698
18.896
109.699
0.248
0.206
0.167
22.129
79.860
0.333
0.202
0.217
0.185
87.085
0.688
0.289
0.216
0.194
85.947
0.221
0.175
0.165
0.160
83.957
0.234
0.286
0.187
0.166
29.615
0.329
29.564
0.204
0.683
74.301
0.191
9.429
0.204
0.196
87.500
0.215
0.311
0.191
0.218
95.639
0.759
0.331
0.680
0.214
77.861
0.224
0.180
9.836
0.187
85.373
0.223
0.354
0.181
0.189
78.482
0.226
24.422
0.178
0.171
91.097
0.290
0.961
0.211
0.207
85.116
0.316
0.191
0.178
0.157
93.933
0.185
0.206
0.324
0.188
78.440
0.730
0.220
0.188
0.168
96.065
0.193
0.177
0.168
0.283
81.181
0.226
0.232
7.992
0.181
82.296
15.208
0.207
0.226
0.202
90.119
0.177
0.188
0.194
0.229
68.562
0.237
0.235
7.786
0.238
72.162
0.214
0.694
0.198
7.065
73.073
0.695
5.789
0.196
0.211
73.780
0.194
8.358
0.212
6.107
89.572
0.218
0.198
0.694
0.187
58.110
0.175
0.185
0.277
31.375
86.258
13.045
0.212
0.278
0.170
79.668
0.230
0.273
0.229
0.262
57.805
38.494
0.191
0.220
0.250
71.771
0.826
0.177
0.168
27.763
99.716
0.373
0.222
0.220
0.180
90.236
0.185
0.226
0.189
0.217
101.978
0.222
0.205
4.955
0.831
94.225
0.214
0.306
0.203
0.208
92.385
0.794
0.215
18.491
0.180
82.015
0.770
0.187
0.288
0.216
93.345
0.215
22.317
0.178
0.195
84.650
0.204
22.758
0.213
0.735
70.862
0.184
0.841
0.170
0.282
69.850
0.759
0.209
0.991
0.201
83.006
5.068
0.207
0.207
0.214
78.713
0.231
0.192
0.219
0.164
49.822
19.236
6.231
0.210
0.204
77.054
0.189
15.673
0.206
0.167
111.718
0.399
0.702
0.269
0.170
73.387
0.231
0.199
0.188
0.283
74.277
11.127
8.065
0.195
0.207
77.595
4.890
0.208
0.290
0.200
55.411
0.211
0.213
22.486
0.238
97.942
0.307
0.197
0.166
0.158
33.824
0.243
62.431
0.182
0.334
93.891
0.218
2.264
0.238
0.196
83.304
0.233
0.172
18.012
0.180
89.092
0.203
0.173
23.113
0.285
88.438
0.198
0.173
0.180
0.260
54.846
0.402
0.217
0.192
0.175
122.381
0.274
0.186
0.183
0.170
84.136
12.580
4.293
0.225
0.310
85.482
0.209
0.316
3.278
2.385
81.628
0.338
0.218
0.222
12.165
51.697
0.186
0.300
0.181
23.681
51.513
0.191
0.226
41.398
0.866
89.174
0.193
0.219
0.322
0.704
73.974
0.723
0.203
0.308
13.298
89.606
0.712
0.362
0.219
0.211
80.002
0.731
23.046
0.238
0.198
82.103
1.214
0.203
0.793
0.179
75.753
0.232
0.232
0.337
0.179
70.208
0.199
15.850
0.211
0.229
57.947
22.688
16.629
0.727
0.302
80.348
0.374
0.200
0.216
0.193
85.451
0.217
19.252
0.217
0.217
7.811
90.391
0.229
0.347
0.175
93.063
0.214
10.659
0.327
6.289
89.149
0.224
25.651
0.226
0.182
86.696
0.191
14.791
2.898
0.203
96.982
0.239
0.197
0.205
0.220
85.210
0.226
0.184
0.171
0.364
85.580
0.249
23.761
0.181
0.289
56.142
0.224
40.977
0.183
0.215
95.956
0.196
0.721
0.315
6.228
76.975
0.251
0.194
0.191
0.218
61.836
0.230
0.722
0.183
0.283
87.639
0.198
0.174
0.181
0.200
66.962
20.804
0.221
6.498
0.173
83.835
11.625
0.206
0.195
0.361
33.037
25.117
0.192
0.224
0.183
53.660
0.191
19.450
0.213
0.185
92.479
0.195
0.196
23.195
0.242
96.892
0.826
0.251
0.199
0.200
90.622
0.190
0.227
0.175
0.344
91.918
0.220
0.276
0.827
0.213
102.142
0.222
0.222
0.223
0.858
91.854
24.271
0.228
0.267
0.713
98.641
24.498
0.220
0.184
0.245
97.632
0.214
0.187
0.201
0.286
101.899
0.194
0.785
12.420
13.247
89.986
0.874
0.216
0.198
0.974
79.339
0.183
27.107
0.212
0.313
89.068
16.513
0.743
0.262
0.215
86.009
23.137
1.937
0.231
0.189
85.061
0.280
0.174
0.171
16.067
94.418
0.207
2.488
0.241
0.299
75.476
0.741
0.194
0.223
0.333
78.080
25.277
0.873
0.183
0.719
83.839
0.254
20.699
0.215
0.198
83.241
0.323
0.184
0.210
15.555
84.558
0.241
0.226
0.224
21.551
107.060
0.203
0.281
1.452
0.223
94.094
0.209
0.309
0.733
0.283
105.892
0.272
0.207
0.173
0.181
104.514
0.186
0.172
0.196
0.844
3.367
62.862
30.630
0.224
0.220
91.651
0.191
0.174
0.205
12.653
86.417
9.506
0.805
0.187
2.106
78.310
0.241
0.790
0.172
0.176
88.124
0.213
0.212
0.328
20.606
89.029
0.218
13.779
7.885
0.192
95.451
0.187
0.227
8.341
0.308
93.644
0.192
0.310
0.177
4.685
96.124
16.555
0.317
0.194
0.214
78.797
0.203
19.763
0.247
0.232
120.112
0.326
0.179
0.207
0.738
82.636
6.552
0.225
0.238
0.330
53.240
24.165
2.279
0.197
0.264
87.710
15.020
0.243
9.576
0.230
89.218
8.466
0.183
4.925
5.350
100.453
9.773
0.195
0.378
0.204
93.489
0.253
0.273
1.949
0.230
92.495
0.222
7.355
0.201
0.209
86.917
8.606
5.302
0.898
16.319
57.731
0.212
3.596
0.385
0.203
94.693
29.290
0.382
0.221
0.194
93.431
0.250
0.217
4.108
0.320
72.166
0.188
0.212
0.236
0.220
4.949
90.807
10.921
0.244
0.828
106.755
0.208
0.361
0.237
0.800
103.522
0.884
0.240
0.205
0.181
58.881
0.201
0.181
0.217
28.430
95.958
0.189
9.685
9.312
0.246
88.618
0.190
0.221
0.912
0.206
52.544
49.405
0.227
1.937
0.242
59.018
33.441
0.223
0.179
0.224
78.261
0.253
0.232
0.224
0.237
91.498
0.198
0.276
0.216
0.181
79.243
0.226
0.203
0.884
0.226
97.172
0.245
29.168
0.257
0.822
98.265
28.630
0.220
0.366
0.220
92.157
0.242
0.187
0.178
0.269
88.763
0.835
0.230
0.195
20.733
95.826
0.241
0.341
0.241
0.187
88.967
0.215
26.779
0.234
0.210
90.332
16.722
0.252
0.806
0.253
92.607
0.811
14.808
3.302
0.190
51.190
29.052
0.238
0.211
0.187
94.286
30.177
0.328
0.204
0.233
91.321
0.261
0.187
0.180
0.178
86.211
0.206
0.211
0.235
4.892
85.630
0.229
5.905
0.243
0.197
76.360
0.251
7.851
0.190
0.233
99.623
0.216
0.238
0.184
0.237
83.799
16.860
0.244
0.333
11.327
3.858
70.708
0.217
28.168
0.221
4.392
82.960
0.197
0.259
0.192
105.768
0.311
1.585
0.242
8.935
108.068
0.216
26.357
4.519
0.254
61.458
8.067
0.417
0.225
0.205
35.520
58.943
0.273
0.191
15.310
89.275
0.246
0.230
0.236
5.216
103.248
19.865
0.332
0.234
0.239
67.362
0.198
0.247
39.689
0.329
58.116
0.278
0.251
32.304
0.235
91.054
0.204
27.858
0.251
0.229
56.460
3.789
0.249
51.153
0.206
112.374
0.260
0.194
0.230
0.256
89.546
0.375
0.836
0.207
0.224
88.185
0.245
26.668
0.226
0.228
82.593
0.226
0.776
0.184
0.870
90.153
0.271
0.192
12.988
0.309
81.718
0.213
0.239
0.238
0.205
84.099
0.216
0.255
0.784
0.273
92.997
0.371
0.189
0.228
0.244
101.179
0.212
0.249
8.921
0.250
88.845
0.874
0.198
8.663
0.386
97.227
16.090
0.227
0.294
0.185
101.586
0.250
0.212
0.210
0.372
91.977
0.909
25.279
0.234
0.226
98.954
0.268
0.541
0.811
23.776
107.008
0.239
0.210
0.187
0.447
80.819
0.253
23.036
0.271
0.243
94.268
0.236
23.148
0.259
0.202
102.917
0.243
0.851
0.352
13.440
80.097
0.261
0.195
0.240
0.203
92.212
0.219
0.230
0.247
0.254
112.035
0.258
0.243
0.848
3.343
105.368
0.232
0.887
0.255
0.827
89.035
0.226
0.230
30.356
0.207
97.999
0.313
0.241
0.217
0.243
85.837
0.371
17.555
0.223
0.200
82.530
0.884
25.917
0.211
0.211
75.064
0.262
0.202
15.718
0.787
53.043
0.222
21.630
31.671
0.200
83.425
7.375
10.591
0.210
0.189
78.636
0.254
0.216
0.607
19.161
116.224
0.220
0.194
0.238
0.363
105.585
0.214
0.188
0.248
0.360
98.790
0.195
0.251
12.679
0.215
90.460
0.255
28.218
0.226
0.288
115.983
0.920
0.235
0.318
0.252
88.095
0.232
0.215
0.227
5.188
83.779
0.199
0.194
31.642
0.237
58.567
25.557
0.250
4.525
0.236
72.823
20.495
20.442
0.248
0.226
100.026
0.253
0.227
9.888
1.643
100.075
9.182
0.212
5.781
0.221
94.666
0.279
0.265
0.326
0.220
106.545
3.595
0.379
0.248
0.195
93.135
0.256
28.748
0.282
0.224
76.145
0.210
0.188
0.228
11.973
92.232
14.129
14.719
0.311
0.222
77.447
0.195
0.225
0.329
0.195
64.311
0.211
40.616
0.247
0.210
101.383
0.227
31.713
0.366
0.248
71.670
0.236
21.241
11.907
0.219
93.455
0.233
4.655
0.302
0.204
5.277
88.783
0.218
21.420
0.888
91.308
0.210
0.254
0.222
0.333
98.430
2.137
23.035
0.300
0.190
96.565
0.216
0.211
0.235
0.310
97.514
0.199
11.336
6.852
0.231
95.051
0.307
9.788
17.935
0.202
89.280
0.257
0.223
0.212
0.244
100.725
0.270
0.246
0.224
0.271
110.726
15.584
0.200
0.916
0.251
84.859
0.197
0.194
27.298
0.222
103.196
0.221
0.211
0.348
12.799
84.172
0.232
0.193
0.850
2.584
90.246
22.901
0.230
0.190
2.925
57.708
0.249
0.274
35.560
0.268
84.200
11.970
0.408
0.217
0.780
97.277
0.225
0.368
0.205
0.927
94.979
0.203
0.406
0.218
25.028
58.159
0.328
15.345
25.433
0.404
105.512
11.146
0.268
12.939
0.211
101.779
0.255
0.243
0.303
31.532
94.513
0.207
0.250
0.276
0.802
96.415
0.214
0.205
0.380
30.760
38.053
60.801
18.218
0.222
0.238
63.031
0.258
61.763
0.263
0.254
92.292
20.844
9.746
0.254
0.863
111.123
0.210
1.114
0.237
0.221
68.410
0.240
44.387
0.254
0.199
91.664
0.204
0.191
3.354
0.201
97.184
0.212
0.230
31.180
0.231
94.357
0.241
28.067
0.225
4.213
105.935
29.831
0.264
0.392
0.205
105.532
0.259
0.233
0.248
0.250
93.624
0.206
0.210
0.253
0.319
102.724
0.263
14.179
0.217
0.197
94.120
0.893
35.430
0.226
0.433
102.121
18.647
0.233
0.207
0.320
6.780
90.292
0.287
0.207
17.833
104.338
0.199
29.840
0.242
0.218
66.585
0.206
30.131
0.808
0.804
102.913
0.233
0.195
0.213
0.214
114.955
0.960
0.226
0.288
0.243
106.698
0.253
17.499
0.406
0.528
98.971
18.884
0.232
0.332
0.210
62.736
15.433
0.235
0.207
13.150
100.073
0.214
23.159
0.251
0.865
97.272
2.644
0.203
0.204
0.245
66.097
0.237
29.039
0.263
0.199
107.113
11.050
0.218
2.985
0.899
93.828
0.230
0.343
0.218
0.799
87.717
0.211
0.252
0.255
0.252
98.418
0.254
0.260
0.329
2.845
70.351
0.257
0.199
34.498
12.466
128.041
0.249
0.939
0.228
0.208
110.587
0.204
1.472
0.358
0.242
76.245
0.237
0.234
0.232
32.394
98.067
0.367
0.231
0.875
0.252
94.921
0.896
0.207
0.223
30.738
116.500
0.238
25.483
0.277
0.235
115.239
0.220
0.215
5.716
0.203
97.015
0.231
0.244
0.253
0.382
104.320
31.301
0.234
0.967
0.854
98.230
0.256
0.366
0.253
0.228
101.193
0.245
13.627
0.361
0.254
84.306
0.255
0.238
0.207
0.332
106.671
0.219
0.217
0.209
0.209
112.319
0.904
0.808
0.221
0.279
94.294
0.692
0.205
0.288
0.257
106.193
29.262
0.223
0.316
0.200
2.576
72.618
21.436
23.402
0.232
150.346
0.324
0.240
0.700
0.344
119.058
0.205
0.313
0.220
0.240
100.925
17.798
2.922
0.295
0.193
111.872
25.424
0.214
0.239
0.388
104.712
0.271
22.424
0.261
0.250
102.772
0.258
0.235
0.263
0.242
111.184
0.253
0.396
0.213
0.237
99.238
19.410
0.245
0.195
0.288
104.167
0.252
0.286
9.003
0.839
103.851
32.750
0.799
0.338
0.230
88.872
24.223
0.211
0.346
0.236
68.752
26.335
0.213
0.220
0.228
87.258
0.222
0.219
0.208
0.196
37.906
0.268
25.562
0.255
0.901
103.741
0.213
0.237
0.251
0.239
4.148
96.802
17.753
0.345
0.819
89.554
13.905
0.215
0.219
0.194
86.355
0.252
0.201
0.809
0.253
110.684
0.238
0.258
0.381
0.234
94.722
11.591
0.367
0.247
0.259
102.092
0.252
0.223
26.576
0.299
120.179
0.381
0.203
0.570
0.225
97.745
0.265
31.201
0.208
0.926
119.247
0.301
0.196
0.239
0.314
117.941
0.251
0.239
2.753
0.355
124.582
0.227
0.237
0.196
0.551
62.600
0.271
22.046
0.214
17.393
110.549
0.229
0.206
0.198
0.315
109.580
0.360
0.249
0.255
0.197
96.019
0.217
0.339
0.222
0.209
70.741
0.290
0.257
27.297
3.086
115.515
0.270
0.256
0.938
0.239
65.400
27.682
0.217
0.398
0.819
99.406
0.276
0.212
0.201
0.244
86.170
0.228
0.929
33.502
0.314
105.526
0.425
0.245
0.247
0.346
67.286
0.220
0.217
0.281
53.238
108.841
0.237
0.875
0.298
0.892
117.726
0.211
0.224
30.658
0.322
128.825
0.270
0.433
0.262
0.243
103.207
18.991
0.264
0.230
13.274
115.443
32.108
0.206
0.192
0.222
110.504
16.644
0.204
0.366
1.774
116.600
0.328
1.068
0.226
0.237
70.446
0.209
0.266
0.256
0.215
96.080
0.230
10.131
0.270
0.240
115.298
0.226
0.226
0.315
0.235
95.542
0.245
17.294
0.268
0.927
101.614
0.271
0.842
12.209
0.359
73.558
0.247
0.340
27.154
0.272
0.197
110.934
0.204
0.211
0.870
118.616
1.049
0.700
0.233
0.872
119.860
0.233
0.250
32.469
0.262
103.888
0.266
0.201
0.246
0.226
101.897
16.776
0.215
0.221
0.901
102.579
6.525
0.999
0.308
0.264
91.608
0.312
0.209
0.222
0.361
119.753
0.922
0.248
0.218
0.265
99.055
0.305
1.430
0.273
0.201
106.421
0.423
0.248
0.208
0.237
116.597
0.388
7.428
0.217
0.197
97.103
32.831
0.887
0.238
0.224
80.360
18.062
0.931
22.704
0.260
112.384
9.121
0.243
0.907
20.364
88.586
16.588
0.330
0.249
0.218
98.040
5.568
0.217
4.414
0.312
100.304
0.274
0.208
0.229
0.202
113.824
5.484
0.245
0.384
0.272
81.847
28.673
0.386
0.213
0.250
131.829
15.013
0.242
0.372
0.267
113.258
0.256
14.859
0.283
0.235
109.738
0.374
0.234
0.233
0.302
119.267
0.221
0.226
0.251
0.361
69.109
58.821
0.220
0.363
0.252
118.495
0.228
0.869
0.260
0.286
127.708
0.242
0.350
0.215
0.256
111.324
0.227
0.238
3.236
0.959
93.863
0.250
0.213
18.774
0.897
119.310
31.564
0.268
0.430
0.267
111.781
0.263
0.259
0.249
0.271
64.769
0.225
21.762
0.240
0.273
73.745
0.868
0.213
0.272
0.210
88.947
14.153
0.236
0.273
0.839
114.149
0.352
0.216
0.236
0.259
106.716
0.290
0.235
0.228
0.228
111.061
0.234
0.257
0.346
0.260
123.825
0.318
0.219
0.203
0.199
116.745
0.224
10.413
1.578
0.274
116.546
0.890
0.219
0.255
0.241
110.471
0.251
0.203
0.213
0.239
104.107
8.782
0.273
13.660
0.202
103.933
14.320
17.581
0.220
0.296
43.666
0.944
47.505
0.246
38.591
105.736
0.334
0.262
0.232
8.029
109.857
0.226
0.289
0.256
21.716
42.543
32.944
29.725
0.871
0.205
117.330
1.010
4.717
0.271
0.840
126.721
0.243
0.205
0.200
0.257
116.520
31.381
0.361
0.833
0.222
116.356
0.298
0.240
0.228
0.228
111.778
0.226
9.405
26.800
0.275
102.901
0.277
0.224
0.321
0.243
121.010
0.232
0.426
0.372
0.238
131.279
0.466
0.984
0.976
0.207
121.394
32.570
0.917
0.218
0.263
105.102
0.223
0.332
0.207
11.897
109.525
0.254
0.251
0.207
0.226
113.510
0.949
0.217
15.346
0.285
108.501
0.215
0.243
30.453
0.913
124.765
0.232
0.887
19.395
0.946
123.477
0.278
0.247
0.212
0.213
105.655
0.256
10.505
0.231
22.269
105.001
0.296
0.232
0.289
0.254
101.732
0.898
0.235
24.419
0.363
40.536
60.255
0.274
0.423
0.864
110.936
0.242
14.994
0.249
0.260
87.989
33.756
0.890
0.959
0.274
129.470
0.268
0.349
0.269
0.219
109.355
0.305
13.497
0.249
0.222
5.150
105.095
0.254
0.230
13.765
115.101
0.237
35.768
0.246
0.337
128.749
1.002
0.272
0.248
0.265
137.313
0.242
0.333
0.269
0.215
74.025
0.409
1.550
54.806
0.230
129.438
0.229
0.250
0.476
0.972
125.495
0.253
0.316
0.244
0.968
102.391
0.359
0.282
22.889
0.292
81.071
0.286
0.901
24.591
0.273
125.274
0.254
0.240
0.228
0.266
93.107
0.284
0.892
0.926
16.839
107.880
0.228
0.207
0.218
0.218
103.975
0.232
0.334
32.196
0.252
107.846
21.532
0.299
15.352
0.931
134.095
0.381
0.272
0.267
0.349
107.170
0.259
0.238
0.430
0.258
111.414
0.340
1.017
0.228
0.244
138.519
0.457
0.232
0.228
0.329
111.301
0.423
0.242
0.250
0.354
92.474
0.441
0.209
36.298
0.318
5.901
96.695
0.261
5.605
0.382
103.650
0.911
17.394
17.592
0.212
114.220
0.275
0.265
0.236
19.228
119.865
0.285
9.663
0.260
0.257
123.570
0.897
0.417
0.253
0.226
133.054
0.225
0.858
0.226
0.252
108.127
0.906
0.246
0.260
0.989
109.487
0.234
0.380
0.257
0.273
102.853
0.276
0.286
0.260
0.265
107.055
6.111
0.230
0.300
0.243
100.367
34.099
0.375
0.259
0.281
115.880
0.238
8.454
0.229
0.239
114.832
0.266
38.737
0.226
0.349
115.149
0.244
16.688
0.915
2.258
115.196
0.325
5.461
0.275
0.266
138.284
0.223
0.271
0.313
0.280
115.231
0.248
0.238
0.275
0.979
117.664
0.941
0.314
0.228
0.220
132.194
0.279
0.230
0.402
0.252
40.389
0.257
58.068
0.230
22.469
110.236
0.240
0.271
0.261
0.238
101.401
0.267
0.870
12.249
0.442
105.898
0.259
0.220
0.214
14.440
115.680
0.278
0.265
0.210
0.320
115.266
0.888
0.267
15.981
0.403
131.816
0.230
0.216
0.374
15.780
136.245
0.223
0.221
0.773
0.210
72.048
0.930
0.235
0.257
65.139
101.081
32.671
0.437
0.279
0.253
131.166
3.605
0.338
0.215
0.886
161.098
0.267
0.230
0.408
0.229
2.442
163.371
0.227
0.210
0.355
102.965
0.278
26.119
0.247
0.273
108.987
0.294
20.260
0.251
17.559
126.003
0.279
0.338
0.281
0.277
117.709
0.248
0.216
0.250
0.226
107.804
0.236
24.032
0.256
0.298
108.135
0.214
0.371
0.279
16.316
90.539
24.350
0.287
0.221
30.641
121.987
23.889
0.238
0.278
0.367
88.240
0.226
36.553
0.274
0.267
112.642
17.069
0.226
0.302
0.226
115.531
3.016
8.884
0.313
5.202
109.990
0.401
0.264
0.257
0.396
95.128
0.272
27.318
0.226
0.416
140.439
0.240
0.417
0.285
0.259
121.626
1.250
0.219
0.267
0.277
117.533
16.573
0.272
0.299
0.237
101.198
0.292
0.237
0.284
0.221
89.771
0.276
38.090
0.296
0.239
111.517
0.245
0.964
32.720
0.298
168.313
0.268
0.277
0.263
0.305
109.184
0.266
6.131
0.361
15.326
107.964
0.246
0.234
0.249
0.355
76.915
9.440
58.268
0.271
0.270
46.963
0.910
0.245
0.264
0.227
116.541
20.942
0.266
0.221
18.522
114.775
0.275
17.205
24.353
0.307
112.850
0.390
0.223
0.284
0.344
95.286
21.277
0.232
0.259
1.120
126.188
15.480
0.891
3.965
0.243
132.350
0.265
0.283
0.332
0.248
111.303
0.275
0.986
0.285
0.921
107.585
0.289
0.286
0.299
22.822
74.413
0.278
55.157
0.259
0.236
43.257
49.547
10.702
0.432
0.284
106.624
0.270
19.136
0.979
0.281
177.985
0.273
0.358
0.246
0.285
134.343
0.416
14.380
0.338
0.242
132.709
0.262
0.252
0.217
0.897
124.799
0.302
0.954
39.210
0.229
127.678
0.243
0.261
0.265
0.240
125.208
0.274
0.219
23.215
20.052
3.149
121.647
41.283
0.395
0.242
134.947
21.375
0.283
0.321
0.270
44.224
50.118
0.306
0.900
0.336
71.797
0.278
0.258
0.371
0.251
91.324
0.281
45.832
0.287
0.289
111.827
0.241
0.237
0.909
0.255
131.617
0.921
0.233
0.282
0.389
106.168
0.246
0.260
0.257
0.274
120.176
0.249
0.354
0.269
15.181
128.463
0.244
0.273
0.268
0.315
120.192
1.084
11.161
0.249
0.275
130.981
0.271
0.250
0.343
0.264
139.988
19.472
0.234
0.225
9.182
121.392
0.247
2.905
0.234
0.228
138.061
0.257
1.008
0.323
0.270
119.411
0.233
0.228
0.324
19.746
120.107
0.228
0.241
0.973
0.323
3.377
116.308
18.090
0.247
0.294
116.748
0.293
0.267
18.916
0.266
120.160
0.278
0.246
0.226
0.271
116.785
0.294
0.220
14.836
0.250
103.560
0.278
0.233
0.219
17.745
71.305
0.238
7.732
0.269
0.250
102.460
0.293
0.422
0.272
0.231
133.245
2.223
0.230
1.026
0.285
116.525
0.286
7.880
0.230
0.291
100.780
0.288
0.233
28.051
0.278
50.165
95.240
0.263
0.284
0.326
119.368
0.280
20.305
5.019
0.417
2.856
126.048
0.400
0.943
0.274
137.805
34.455
0.270
0.975
0.291
141.311
0.274
0.269
0.345
0.271
132.563
0.271
0.238
0.341
0.276
44.401
81.703
0.303
0.288
0.286
180.779
1.223
0.355
0.281
0.223
112.093
0.238
0.292
0.248
23.812
119.823
0.244
10.750
15.269
0.296
2.802
104.750
46.994
0.271
0.467
3.738
116.522
0.249
0.317
0.294
87.050
6.379
0.260
0.365
34.798
92.924
36.291
0.288
0.292
0.324
114.344
0.402
0.311
0.219
0.342
127.028
0.233
0.317
21.524
0.582
112.198
19.394
0.298
0.285
0.238
45.867
43.148
0.265
34.403
0.340
128.686
23.117
0.320
1.038
0.246
126.320
0.246
0.274
0.249
0.230
97.815
42.914
0.268
0.225
0.228
112.076
27.938
1.052
0.242
0.225
44.437
74.253
0.271
0.256
0.259
109.032
18.721
2.995
0.335
0.294
121.443
1.364
28.047
0.368
0.295
126.670
44.017
0.223
0.356
0.271
127.340
21.303
0.262
0.293
0.242
8.057
121.626
0.258
0.234
23.927
105.081
43.359
0.301
0.275
0.286
74.685
0.493
1.017
34.859
0.246
6.258
124.195
39.221
0.247
0.312
148.719
0.231
0.268
0.315
0.221
103.455
38.998
0.299
0.901
0.259
120.762
0.226
0.383
37.893
0.282
108.776
19.095
0.266
0.390
21.074
108.287
34.597
0.291
0.401
0.272
134.973
0.270
0.290
0.345
0.261
126.854
0.275
0.248
0.373
0.310
130.474
0.244
44.757
0.263
0.227
119.600
40.213
0.227
0.356
0.289
108.163
0.238
0.267
25.312
21.377
126.087
0.280
27.649
0.398
0.275
138.594
0.255
0.393
0.285
0.244
120.209
0.327
28.346
0.304
0.261
126.910
0.237
0.230
39.992
0.427
95.068
48.637
0.303
0.378
0.266
123.377
0.434
0.293
0.255
0.248
136.450
0.257
0.236
20.362
0.301
118.466
0.950
27.334
0.252
0.319
145.522
0.239
0.288
0.932
0.365
112.271
0.298
12.924
0.393
0.251
7.261
103.631
18.055
7.167
0.227
117.169
0.241
0.268
1.026
0.425
130.829
14.048
0.260
0.327
0.256
120.385
0.315
39.769
0.296
0.300
134.428
19.463
0.241
0.249
0.422
116.770
0.386
0.256
12.957
0.252
96.088
12.734
0.298
0.238
0.422
136.019
14.248
0.237
0.251
11.186
145.985
0.243
0.281
0.276
0.227
5.531
76.183
0.320
0.229
0.259
140.581
0.282
1.071
0.290
0.255
140.003
20.417
0.254
0.281
0.997
138.144
0.250
0.292
0.259
0.260
129.325
0.370
0.275
0.249
0.225
139.548
0.273
0.652
0.256
1.048
6.364
148.049
0.270
0.237
0.404
53.497
0.259
72.402
0.268
0.280
135.481
28.755
0.251
0.234
0.230
148.313
0.293
0.244
0.409
0.238
126.274
0.232
0.252
7.861
0.294
125.276
0.262
0.401
0.226
0.221
130.818
0.295
0.235
19.680
1.126
137.689
1.011
0.296
0.295
4.481
127.521
40.064
0.277
0.509
0.297
73.299
0.300
69.990
0.266
1.050
109.041
0.246
0.244
0.270
0.228
159.058
0.247
0.335
0.284
0.262
149.942
0.728
0.232
20.586
0.242
112.623
1.051
0.323
0.256
40.767
129.204
0.284
0.420
0.275
0.226
120.951
0.299
0.267
0.284
1.954
150.797
0.290
0.235
0.979
0.289
78.349
56.240
0.251
13.712
0.263
143.124
1.070
0.320
0.257
40.462
144.112
0.274
0.267
0.958
0.291
136.178
0.279
0.316
0.226
11.654
135.234
27.164
0.420
0.232
0.237
5.216
118.754
0.318
0.235
0.255
137.609
0.257
41.049
0.242
0.272
106.462
1.009
47.653
1.061
0.645
148.484
0.243
0.236
0.430
11.843
78.983
1.112
0.267
26.647
0.361
122.560
0.236
26.412
0.402
1.054
95.645
0.359
0.262
0.260
0.424
84.900
0.241
33.515
0.307
0.393
129.000
24.998
0.232
0.260
0.252
113.400
18.934
0.277
1.004
1.140
126.717
0.263
0.371
0.242
0.268
116.477
0.257
40.653
0.232
0.257
137.887
1.123
0.311
0.278
0.280
117.560
0.974
0.273
0.255
0.290
126.937
0.246
0.311
0.296
1.123
143.926
42.215
0.279
0.384
2.053
134.416
0.404
29.972
0.298
0.425
139.607
0.360
0.260
0.281
0.379
3.410
132.850
0.517
0.316
2.609
131.779
3.738
21.480
0.250
0.351
139.817
0.271
43.041
0.424
0.248
150.863
0.272
0.417
25.312
0.264
134.441
0.284
0.263
20.218
0.974
100.792
0.297
0.406
0.280
0.283
106.705
39.708
0.238
0.275
0.386
142.136
0.309
0.296
0.263
0.230
144.546
0.301
0.250
0.279
0.663
146.488
0.949
0.988
0.253
0.226
6.475
120.165
0.268
0.456
36.517
121.758
26.973
0.254
0.299
0.248
156.388
0.402
0.235
0.241
0.229
6.712
129.098
0.356
0.439
0.250
120.656
1.096
0.267
0.997
1.072
121.639
37.124
0.349
0.237
0.258
134.375
8.030
0.268
0.303
0.361
154.011
0.271
0.256
0.309
0.390
147.976
0.308
0.397
0.275
0.306
5.113
112.990
0.244
1.119
0.962
126.791
34.503
0.237
0.225
0.280
141.763
42.848
0.301
0.262
0.231
156.026
0.277
0.522
41.408
0.254
144.000
0.238
0.411
0.295
0.239
132.409
0.427
0.281
47.247
0.300
131.040
0.379
0.259
0.290
0.235
158.232
0.352
0.271
1.036
0.300
126.117
28.477
0.321
0.401
0.303
4.699
128.579
0.256
0.265
27.327
49.919
0.331
44.905
0.247
0.313
138.517
5.236
0.279
0.295
0.287
116.630
27.024
16.443
0.427
0.261
5.788
120.451
0.246
0.401
12.844
132.733
19.553
0.324
0.311
0.278
108.025
0.473
31.195
0.271
5.903
163.013
0.308
0.299
37.580
4.702
163.470
0.277
0.297
1.070
0.293
144.425
37.390
0.256
0.241
0.260
161.394
0.322
0.308
0.510
0.272
138.054
0.286
0.331
0.239
0.259
152.580
0.308
0.256
0.417
0.261
116.119
0.274
0.231
2.986
0.274
148.432
0.311
0.420
26.623
0.459
114.918
22.620
0.472
18.745
0.356
105.325
0.287
19.654
0.320
30.343
125.734
0.271
0.260
0.265
2.252
138.361
0.283
0.233
0.432
39.099
152.452
0.402
0.279
0.282
0.292
5.460
107.832
9.605
24.177
0.244
160.537
0.321
0.250
0.287
0.430
167.682
0.359
1.124
0.236
0.313
133.379
0.295
0.441
0.298
0.268
124.129
0.264
0.340
0.289
0.292
139.175
0.329
15.263
0.309
2.813
148.026
0.249
22.532
0.250
2.380
160.589
46.865
0.348
0.260
0.234
120.388
0.354
0.242
0.303
0.365
86.659
0.289
0.982
62.508
1.134
132.283
21.503
0.330
0.979
0.238
127.416
0.313
0.253
19.010
0.244
110.149
0.242
0.245
0.312
0.235
7.095
141.048
14.398
7.794
0.502
129.136
0.323
0.347
0.247
19.122
136.526
14.185
15.372
0.277
0.268
140.005
0.263
23.554
1.080
0.341
132.486
35.165
9.003
0.263
0.269
139.852
0.459
0.266
2.097
0.314
122.274
21.869
0.280
0.314
0.347
112.014
0.258
29.254
0.270
0.272
119.461
0.271
0.295
34.993
0.252
130.818
0.245
19.607
0.325
0.288
126.881
0.287
34.570
9.307
0.254
148.904
21.638
0.268
0.282
0.405
138.573
0.254
18.228
0.274
0.297
119.341
26.323
0.407
0.294
12.004
143.029
40.255
0.257
1.150
0.365
131.155
33.952
0.289
0.533
0.245
106.436
30.089
0.283
0.238
0.302
6.389
164.718
0.414
0.251
0.320
160.184
0.382
0.310
0.297
0.408
55.280
65.816
50.814
0.305
0.314
152.501
0.327
0.320
0.305
6.123
142.464
0.271
0.311
0.287
25.576
139.972
0.459
0.262
0.238
19.968
145.866
0.255
0.316
0.314
42.481
124.787
0.336
9.632
0.254
0.984
134.134
44.927
0.302
0.296
0.474
125.243
0.242
0.361
0.304
0.291
98.025
43.335
0.282
3.267
0.326
170.097
0.281
0.507
0.290
0.253
136.650
0.332
0.311
31.312
0.397
58.839
58.977
0.260
44.262
0.252
161.094
0.304
0.333
0.303
0.295
155.592
0.276
0.290
0.470
0.237
164.105
0.508
0.254
0.255
1.113
136.205
0.309
0.276
5.872
0.308
126.537
0.392
0.256
0.314
0.307
149.726
0.321
0.235
0.304
0.297
156.021
0.319
0.417
0.304
0.268
79.975
49.835
0.277
0.332
0.304
216.591
0.323
0.318
0.402
0.265
150.639
25.496
0.309
0.396
0.248
175.338
0.370
0.271
0.279
0.313
152.708
0.243
0.235
22.874
27.710
131.525
22.759
23.039
0.293
0.247
150.278
0.333
20.107
0.287
0.414
136.781
0.338
26.469
0.264
0.803
163.893
0.283
0.312
0.336
0.251
152.828
24.381
0.246
0.244
0.448
157.537
0.329
0.273
0.313
0.331
81.609
0.263
53.498
0.261
0.450
130.988
0.266
0.320
0.288
0.360
142.629
1.170
0.259
0.237
0.381
140.798
34.148
0.276
0.268
0.251
152.846
0.268
0.262
11.855
0.321
86.368
5.408
0.413
80.133
0.399
155.151
0.275
0.288
0.467
14.973
4.039
154.083
0.270
17.124
0.244
137.162
0.384
0.256
0.310
0.425
155.940
0.330
0.413
0.247
0.314
148.566
42.154
0.318
0.256
0.388
53.990
0.312
67.900
0.272
0.282
131.525
0.383
0.247
29.321
1.043
135.860
0.263
0.280
0.459
0.271
135.393
39.607
0.343
0.314
0.261
124.373
13.802
6.097
0.340
4.343
146.655
6.813
0.362
0.266
1.036
174.579
0.329
0.345
0.306
0.243
146.798
18.641
0.289
0.432
0.257
87.624
0.318
0.322
55.464
0.364
145.161
0.302
0.257
0.591
0.305
165.978
0.276
0.377
0.262
0.275
139.150
0.269
2.007
29.662
0.282
144.878
0.303
50.281
0.313
0.259
125.307
42.166
0.310
1.038
0.429
131.426
0.423
1.020
0.323
0.278
111.118
24.425
0.267
5.105
0.440
145.915
0.252
0.496
0.257
0.260
224.184
0.373
0.281
0.317
0.393
128.285
0.260
4.954
0.286
0.304
146.383
0.298
0.315
0.355
0.255
152.533
38.500
0.257
14.409
0.326
132.606
26.914
0.293
0.314
1.191
147.846
17.375
1.840
0.331
6.859
153.454
0.437
0.251
0.287
0.318
152.198
0.321
0.250
0.249
0.335
159.555
0.276
0.292
45.216
0.268
120.474
0.286
0.300
24.262
7.611
127.626
48.409
0.295
0.311
0.392
110.096
17.713
49.414
0.491
0.331
175.549
0.335
0.263
0.520
0.306
147.702
0.327
0.306
27.115
0.524
146.997
0.287
48.532
0.262
0.375
143.047
0.286
26.867
0.287
0.514
93.420
0.416
62.371
0.313
0.321
127.879
34.095
0.258
0.266
1.259
191.625
0.312
1.034
1.111
0.252
168.712
0.280
0.273
0.291
0.394
154.318
0.321
0.270
0.296
0.376
88.920
0.339
24.882
0.260
1.113
154.243
0.333
0.330
0.411
0.311
167.623
0.276
0.370
0.256
0.261
134.592
0.332
0.311
8.504
0.251
178.950
38.637
0.257
0.244
0.364
94.523
0.398
0.261
65.577
8.139
173.537
0.266
0.321
0.302
33.521
156.586
0.308
0.456
0.335
0.249
180.851
0.486
0.300
0.259
2.145
141.215
0.312
0.356
0.261
12.974
148.757
0.270
2.401
0.274
14.548
138.696
9.316
0.437
0.278
0.275
169.822
0.426
0.310
0.302
0.295
170.375
1.129
0.316
0.354
0.252
68.766
0.317
0.260
0.356
0.298
156.791
0.318
0.306
0.418
0.292
159.699
3.061
0.426
0.289
0.314
96.000
0.327
5.689
30.674
1.116
156.635
0.286
7.385
0.281
0.286
59.399
66.735
0.441
0.322
0.275
138.329
0.256
23.905
0.312
0.353
87.446
3.345
0.367
65.408
0.300
136.287
40.793
0.309
0.331
0.301
136.467
0.299
0.267
11.227
0.278
85.280
60.057
0.344
1.423
0.340
111.135
40.599
11.965
4.182
0.453
158.923
0.394
0.329
0.299
0.363
186.306
0.258
11.895
0.316
0.309
183.831
0.318
0.357
0.864
0.289
161.743
0.375
0.273
0.255
0.366
1.216
160.295
0.262
23.865
0.363
181.480
0.274
0.250
0.244
0.358
145.538
0.480
0.283
0.299
0.446
225.243
0.290
0.277
0.273
1.115
176.022
0.308
0.329
0.435
1.042
87.846
18.590
0.334
0.257
40.725
143.645
0.389
0.314
0.277
0.335
138.184
0.333
0.470
0.304
0.295
90.674
0.341
0.300
0.313
0.325
149.586
3.213
32.939
0.257
0.257
177.364
0.544
0.292
0.273
0.375
144.080
0.253
1.488
49.699
0.297
168.049
0.295
0.355
0.265
0.322
139.881
0.425
50.929
0.394
0.290
156.776
0.344
0.308
0.251
0.313
139.207
0.427
0.257
0.316
0.301
163.885
0.456
14.338
32.108
0.332
124.004
0.367
0.247
49.494
0.434
155.374
15.407
0.246
0.351
0.291
118.308
0.308
0.324
0.428
0.293
180.271
0.250
0.248
0.270
0.249
113.934
0.283
0.337
0.296
0.386
176.123
0.289
0.265
0.361
34.269
138.191
0.357
0.332
0.502
0.321
155.327
0.328
0.300
0.458
0.285
177.603
0.316
0.449
34.497
0.318
153.908
6.545
0.261
18.311
0.260
131.494
28.828
0.337
0.508
0.276
170.940
0.306
0.303
0.524
0.295
144.806
0.299
43.954
0.278
0.330
139.367
5.259
0.316
0.264
0.285
56.762
1.081
101.936
1.162
0.338
157.246
0.617
0.451
0.280
0.348
162.214
0.484
0.305
0.347
28.732
139.626
0.532
20.337
0.277
0.255
166.495
0.783
0.267
1.201
0.439
146.254
0.302
0.334
0.371
24.775
93.009
0.316
14.440
0.361
0.271
165.325
0.358
0.314
0.460
1.215
141.575
1.164
0.395
0.304
5.831
149.745
0.299
0.303
0.279
0.281
144.606
48.435
0.329
0.299
0.488
167.238
0.276
0.336
0.368
0.333
149.897
17.614
0.310
0.288
0.316
164.669
0.438
21.823
0.317
0.337
150.732
0.586
0.298
0.279
0.350
10.627
149.867
8.342
0.299
0.368
72.343
0.355
119.761
0.583
0.285
93.589
61.455
11.048
0.332
0.373
145.783
0.280
29.042
5.423
0.316
124.689
0.287
0.257
27.876
0.269
173.456
0.335
0.292
1.035
48.160
61.383
114.605
1.084
0.274
0.279
149.075
14.768
0.288
0.296
0.367
139.583
0.317
0.320
0.316
0.258
150.842
5.848
0.340
0.390
0.331
183.464
0.572
2.561
52.212
0.269
6.652
232.846
0.276
0.320
0.396
157.880
0.406
1.130
0.338
0.439
72.309
0.270
119.279
1.138
0.406
186.804
0.340
0.434
0.325
0.258
168.772
7.639
0.343
17.514
0.324
128.904
0.308
0.256
44.930
0.335
162.949
0.319
0.299
0.327
0.277
150.588
0.284
0.334
0.279
19.245
167.083
38.875
0.283
0.284
0.279
57.380
44.369
0.270
0.318
0.323
181.673
0.308
55.529
0.474
0.310
165.626
36.459
0.266
0.269
0.479
128.623
0.262
1.263
36.550
0.279
61.901
133.429
0.275
0.462
0.290
175.667
0.320
53.380
0.333
1.168
186.589
0.436
0.263
0.273
0.371
144.262
0.266
1.162
0.275
41.503
155.772
7.273
0.345
0.294
2.391
156.274
26.908
0.335
0.451
0.352
179.746
0.339
0.318
0.276
0.276
143.738
0.300
0.473
0.330
27.006
192.860
5.905
0.349
0.556
0.259
13.755
164.223
0.333
0.349
0.309
150.023
0.463
0.318
1.158
0.432
164.928
0.334
1.206
0.326
0.273
152.929
49.695
0.345
0.387
0.293
113.705
85.719
0.326
0.421
0.324
63.676
93.382
0.270
0.345
0.329
93.980
18.226
65.833
0.308
0.315
155.989
9.164
0.335
0.310
1.164
156.842
0.286
0.258
0.317
22.011
154.166
0.344
0.264
0.360
0.261
182.390
0.295
0.441
0.333
0.285
8.590
168.097
0.338
0.352
19.071
130.885
0.482
0.275
59.418
0.301
121.986
1.212
0.316
0.443
0.286
185.656
0.285
0.372
0.328
0.275
158.291
0.272
0.329
1.219
50.582
128.483
0.331
0.304
0.328
0.326
149.316
0.302
0.403
0.335
0.350
5.579
154.331
0.337
29.465
0.321
183.408
0.358
0.275
0.301
0.276
111.402
0.271
41.765
0.323
34.957
210.349
0.401
1.160
0.315
1.119
153.805
0.360
0.320
0.325
17.401
155.930
0.274
0.411
28.385
1.187
164.911
0.379
10.836
0.293
0.305
165.768
1.208
57.527
0.321
1.105
158.963
0.395
25.661
0.351
0.290
178.160
0.305
0.357
45.719
0.299
154.200
0.299
1.117
0.309
0.452
111.240
0.356
23.008
24.971
4.285
120.985
0.460
0.277
0.320
66.341
97.757
0.319
0.323
37.163
18.822
197.062
0.521
0.351
0.266
1.540
153.918
28.553
0.372
0.339
0.321
10.434
148.264
31.205
0.296
0.342
186.117
0.337
0.381
1.191
0.336
154.717
0.321
0.345
15.736
0.279
130.701
1.098
52.627
0.542
0.301
