0.388
0.004
0.003
0.002
0.003
0.033
0.002
0.002
0.000
0.002
0.600
0.003
0.000
0.002
0.000
0.473
0.045
0.022
0.002
0.002
0.421
0.009
0.005
0.002
1.156
0.005
0.266
0.003
0.003
0.003
0.002
0.002
0.003
0.003
0.002
0.003
0.154
0.002
0.002
0.002
0.007
0.003
0.638
0.004
0.156
0.185
0.002
0.003
0.008
0.003
0.003
1.115
0.005
0.004
0.002
0.002
0.003
0.003
0.002
0.657
0.567
0.984
0.004
0.002
0.003
0.004
0.003
0.654
0.004
0.003
0.003
0.008
0.873
0.004
0.004
0.008
0.565
0.009
0.006
0.003
0.004
0.003
0.003
0.002
0.003
0.002
0.046
0.003
0.002
0.003
1.763
0.006
0.004
0.002
2.728
0.025
0.258
0.747
0.003
0.003
0.409
0.415
0.009
0.003
0.003
1.035
0.010
0.002
0.003
0.002
0.004
0.010
0.931
0.005
0.529
0.003
0.891
1.339
0.005
0.065
0.011
0.956
0.005
0.398
0.006
3.589
0.013
0.003
0.002
0.004
0.004
0.004
0.003
0.004
0.143
0.190
0.949
0.013
2.615
0.005
5.254
0.006
0.003
0.005
0.004
0.012
0.004
1.787
0.017
0.010
0.005
0.322
0.005
0.005
0.003
0.005
2.653
0.454
0.005
0.005
10.794
0.008
0.004
0.004
0.004
0.006
0.191
0.007
0.016
0.004
0.006
0.004
3.820
0.007
0.005
2.982
0.008
3.323
0.008
2.907
0.017
0.005
18.074
0.011
0.005
0.005
1.517
0.007
0.005
0.004
0.006
0.004
0.142
0.005
0.006
0.006
0.005
6.100
0.010
0.006
0.019
0.004
0.005
0.006
0.005
0.005
0.005
0.015
0.006
0.004
0.016
2.585
1.974
0.016
0.005
0.006
0.013
8.012
0.005
0.005
0.006
2.953
0.007
0.004
2.188
5.053
0.007
0.014
0.004
6.956
0.007
0.007
0.004
0.004
0.005
0.068
0.006
8.782
0.008
0.005
0.017
15.992
0.012
0.006
0.006
0.006
2.291
0.175
0.007
0.005
0.007
0.006
11.557
0.011
0.007
0.008
0.005
0.005
0.006
0.006
14.684
0.010
0.006
6.426
0.009
9.770
0.012
0.005
0.020
0.006
0.017
8.806
0.011
0.005
0.007
0.017
7.936
0.011
0.007
0.006
4.758
3.870
0.007
0.005
0.018
18.314
0.009
0.020
0.004
0.017
0.007
0.007
5.353
0.007
0.019
8.098
0.009
0.006
0.005
7.816
0.021
0.017
0.003
1.557
6.401
9.910
2.899
19.918
0.009
0.021
0.035
0.006
0.006
0.005
12.071
8.532
0.021
0.017
0.005
0.004
7.772
0.010
0.007
0.019
0.007
0.011
0.007
0.019
0.005
0.006
0.023
15.667
0.009
0.006
0.005
4.426
0.010
0.007
0.011
0.009
0.009
0.021
37.018
0.011
0.008
0.008
16.923
19.223
0.017
0.029
19.916
0.018
0.023
0.006
0.020
0.006
0.156
1.435
0.010
0.007
0.008
3.281
15.582
0.011
0.006
0.817
14.369
0.027
0.007
0.007
0.023
4.607
0.015
0.011
11.339
24.747
0.015
0.009
0.007
28.609
14.870
0.026
0.022
0.007
0.019
0.009
13.838
0.013
0.007
0.006
0.009
0.007
22.781
0.010
0.009
0.025
0.007
0.006
0.988
0.027
0.008
0.021
57.044
0.010
0.005
0.010
0.007
0.023
0.007
0.007
19.237
0.010
48.746
0.014
0.030
22.315
0.012
0.009
0.029
0.007
0.007
0.009
0.007
0.007
0.006
0.009
34.969
0.019
0.007
0.010
20.604
0.045
12.496
0.014
0.633
31.411
0.014
0.007
0.007
0.007
0.007
0.009
0.007
20.325
0.027
2.961
0.013
1.467
8.435
0.015
16.314
61.388
0.037
0.009
13.724
0.010
0.009
0.008
10.917
0.023
0.245
0.011
66.995
0.012
0.007
5.901
0.033
0.009
15.448
0.013
0.009
0.030
0.009
0.026
0.008
24.664
0.021
12.060
0.019
0.009
0.009
34.481
0.028
0.009
0.007
0.029
0.009
0.009
0.006
54.616
0.688
8.172
16.262
0.014
0.008
17.866
0.035
0.009
0.005
0.008
52.824
0.046
0.009
0.007
0.023
5.208
61.599
0.025
0.009
0.007
19.019
0.014
0.009
18.280
0.022
19.626
0.039
0.010
0.006
0.007
0.026
0.009
0.007
0.006
0.006
74.354
0.025
0.187
0.014
0.009
37.955
0.014
0.012
0.010
0.010
39.449
13.699
0.015
0.010
0.011
19.906
21.208
0.042
0.009
0.030
67.570
0.012
0.011
0.009
0.007
11.722
23.412
0.011
13.907
0.054
30.398
0.467
0.014
0.036
0.009
125.724
0.208
0.012
0.009
0.010
4.682
0.017
10.398
13.504
0.015
0.014
0.009
0.006
0.008
0.011
38.953
0.038
0.012
0.011
0.233
21.664
0.019
0.011
0.400
0.050
59.364
0.036
0.047
0.011
0.009
0.010
0.012
0.038
56.710
0.042
24.872
0.018
0.036
0.038
0.009
0.011
0.009
9.372
0.030
0.009
66.562
2.338
0.017
6.847
0.013
46.997
0.017
0.012
0.010
0.009
4.444
0.367
13.061
0.049
0.012
0.012
6.205
0.018
0.009
0.009
33.610
0.064
25.176
0.011
0.012
56.328
0.021
70.886
37.883
0.051
62.997
0.029
0.011
0.013
0.011
15.844
7.477
0.018
23.607
9.697
11.767
7.100
0.540
0.014
4.524
0.200
0.041
0.009
0.033
0.011
16.381
0.034
106.842
0.030
0.012
141.036
0.014
0.010
0.040
40.923
73.612
0.047
0.012
12.942
0.066
16.081
54.934
0.025
0.014
0.010
53.021
0.044
12.917
0.023
0.012
191.741
0.034
0.014
0.011
0.009
88.444
0.018
0.014
0.044
0.011
21.229
0.402
0.014
0.046
0.011
128.082
24.613
0.054
0.012
0.011
150.469
0.017
0.043
0.012
0.056
83.134
42.420
0.033
44.915
0.040
0.043
0.012
0.010
0.010
1.782
44.761
0.022
0.010
39.567
0.034
10.083
7.254
28.859
0.035
0.049
80.393
0.050
0.014
0.014
0.014
21.075
0.017
86.575
0.021
0.012
22.347
42.278
43.278
56.844
0.021
31.860
0.036
0.014
0.015
0.013
28.046
0.050
0.012
0.015
0.038
11.852
14.175
0.017
118.209
10.234
78.525
0.018
0.012
1.198
0.019
106.771
0.023
0.012
0.012
0.012
37.250
21.904
0.017
0.011
0.014
0.054
0.012
0.014
0.014
0.012
62.567
0.019
0.049
0.045
0.012
0.422
0.052
19.098
0.042
0.016
0.014
0.012
0.047
0.057
0.014
10.211
41.653
0.513
0.021
0.016
67.422
0.059
0.047
0.049
0.014
126.814
0.024
0.014
0.014
0.014
40.110
2.977
46.044
0.031
0.014
0.047
0.015
0.012
107.647
1.510
7.383
4.551
27.783
0.046
0.017
169.369
0.018
0.016
0.012
0.015
42.693
46.786
0.022
0.014
0.059
223.515
0.018
0.014
0.081
0.054
0.016
4.395
0.050
0.014
0.016
180.813
0.057
0.017
0.056
0.017
65.941
0.025
0.058
0.016
0.013
47.020
0.055
0.014
0.061
0.056
15.985
50.668
0.057
0.029
0.014
0.018
0.048
0.015
53.409
0.021
19.301
0.023
15.516
0.019
0.023
47.286
1.777
93.361
0.061
0.016
14.600
17.255
16.653
0.017
0.015
4.937
0.057
0.014
0.014
0.014
0.015
0.012
0.014
36.119
0.015
459.020
0.076
0.055
0.017
0.014
87.417
0.060
0.066
0.060
0.016
216.606
0.022
0.057
0.031
0.017
0.017
0.017
41.896
4.964
0.022
30.675
65.701
113.216
0.024
0.017
18.710
0.031
17.617
49.706
88.037
0.019
114.528
0.019
31.042
0.034
29.613
0.036
0.012
331.081
0.027
296.082
0.026
0.017
0.015
0.015
110.683
0.023
0.015
0.014
0.015
99.874
0.020
0.370
0.065
0.015
235.234
0.024
0.017
28.559
0.037
9.177
71.004
0.019
0.015
0.056
0.019
91.842
0.023
4.745
0.022
55.494
0.067
0.054
0.015
0.024
0.051
66.921
0.020
0.056
0.017
66.392
12.804
0.017
0.019
0.065
201.561
0.045
0.017
0.065
0.057
157.487
21.200
0.078
0.018
0.017
86.927
0.021
0.019
48.195
0.020
44.732
0.689
0.021
22.941
0.051
15.912
0.022
45.892
23.750
5.276
0.020
0.064
68.643
0.018
1.249
49.891
94.572
3.068
0.070
0.015
55.164
0.022
90.719
0.068
0.018
148.382
0.019
0.015
0.057
0.015
78.495
8.310
46.083
0.074
0.017
23.520
0.887
0.023
0.087
0.020
61.620
0.070
197.326
0.134
0.065
18.687
0.056
20.166
129.555
0.345
29.485
21.301
0.449
121.483
0.077
117.022
0.571
0.074
0.018
0.017
61.314
0.077
193.752
88.598
0.031
8.026
0.055
0.012
0.045
0.012
212.696
0.019
0.027
0.019
0.018
0.065
0.020
0.018
0.019
0.016
209.171
0.034
0.019
0.017
0.019
178.835
0.041
0.086
0.022
0.017
75.262
56.225
0.024
43.346
0.024
34.175
116.218
2.912
0.031
0.019
8.190
0.074
0.040
0.019
0.017
165.529
0.031
0.074
0.019
0.586
36.655
144.591
0.095
0.022
0.068
205.390
0.040
0.022
0.019
0.017
4.454
0.063
4.683
0.069
0.019
55.830
0.061
0.019
126.536
0.076
140.805
0.075
0.023
56.182
0.079
37.873
0.027
252.532
1.048
1.501
56.953
130.949
0.031
0.022
0.019
167.577
0.086
0.069
0.078
0.554
39.982
128.379
0.027
0.022
0.020
162.159
0.025
38.523
0.043
0.022
473.034
0.041
0.034
0.594
0.105
0.082
0.026
0.017
0.019
1.281
0.015
191.417
0.171
54.917
4.101
190.747
1.562
0.032
0.024
0.023
172.196
0.103
325.308
0.026
0.023
213.401
0.031
0.020
0.022
0.034
173.468
1.434
2.551
0.092
0.024
26.791
85.896
9.931
0.026
0.024
0.069
0.024
0.064
9.810
0.022
107.734
0.093
31.473
0.024
0.024
133.922
0.034
3.728
0.027
0.023
142.217
0.026
0.023
0.219
0.029
165.484
0.110
0.078
0.023
0.085
0.087
4.007
0.096
0.024
0.019
105.115
0.031
38.528
0.095
1.088
295.654
0.095
12.890
0.027
0.020
132.713
15.596
0.089
0.022
0.022
127.657
0.032
28.369
0.026
1.071
39.403
111.545
0.027
0.022
4.244
0.020
0.076
0.017
0.017
0.017
166.742
0.041
0.026
0.024
0.023
106.613
35.689
1.634
0.277
14.640
131.154
1.548
0.031
0.105
114.201
102.041
0.749
0.099
10.596
0.445
0.022
0.019
0.017
0.016
0.019
0.018
4.758
0.028
0.600
5.618
151.310
3.247
0.038
0.099
0.023
167.028
0.036
0.022
0.862
0.034
146.967
0.038
0.029
0.024
0.022
67.589
0.046
79.320
0.341
0.026
0.027
0.020
0.098
0.022
0.017
0.016
8.056
0.026
0.021
0.676
68.456
0.038
41.611
0.057
42.209
0.056
300.989
0.034
0.096
0.022
0.027
15.148
0.033
0.024
0.020
178.676
0.030
0.023
0.089
0.029
38.728
117.213
32.824
0.030
0.023
159.903
0.092
1.706
0.033
0.088
227.176
0.065
0.119
0.029
0.092
329.180
9.202
0.038
16.356
0.088
434.520
34.050
0.030
0.024
0.093
199.335
14.553
0.033
0.026
0.023
594.526
0.128
2.198
2.933
0.038
88.911
86.671
0.040
0.123
30.108
184.740
0.031
0.024
21.035
0.029
206.529
0.027
0.026
0.023
0.024
174.724
12.281
13.195
0.062
0.029
197.215
0.104
0.024
0.088
0.026
175.135
18.187
0.098
6.480
0.029
246.130
0.036
0.095
0.022
0.202
181.087
0.030
0.027
10.560
10.416
198.292
0.096
0.027
0.092
0.089
207.122
0.036
0.022
0.023
0.096
86.055
97.014
0.531
0.030
0.026
5.025
0.109
0.029
0.026
0.024
1.683
0.036
0.029
0.028
0.026
0.022
184.512
0.034
0.028
0.024
0.026
394.809
0.121
0.026
0.348
173.903
14.574
15.732
0.039
0.028
392.829
0.366
0.034
0.030
0.113
62.350
138.348
0.087
0.029
0.935
145.728
0.033
0.031
27.028
0.031
98.586
0.075
0.028
0.110
130.133
263.500
0.037
4.537
0.113
0.029
0.019
0.024
0.021
0.085
0.020
126.188
4.641
106.416
0.107
0.036
359.452
0.081
0.122
0.030
0.942
295.672
0.089
0.034
0.033
0.120
700.235
0.137
0.033
0.110
1.669
85.102
153.094
4.599
0.127
0.027
490.077
10.610
0.053
27.970
1.267
343.793
0.068
0.140
0.033
1.391
0.033
0.120
0.030
0.026
0.027
118.195
148.980
0.109
1.769
0.128
0.051
0.078
0.023
0.023
0.024
233.062
17.900
0.121
0.031
1.959
0.023
0.023
1.205
0.107
0.023
129.057
6.938
11.072
0.044
93.734
330.725
0.035
0.130
0.034
6.242
327.301
148.180
0.137
1.906
0.266
0.091
0.020
0.022
0.019
0.020
144.474
0.105
109.995
0.109
0.028
506.751
0.040
0.037
0.029
0.029
0.029
0.025
0.162
0.055
5.715
263.983
7.402
0.120
0.096
0.026
273.283
0.035
0.102
0.024
0.023
237.263
0.096
0.034
12.002
14.902
119.954
2.753
375.710
0.038
0.115
0.029
0.023
0.026
0.020
0.025
124.887
111.875
30.878
0.036
0.807
226.560
0.048
0.032
0.149
47.979
0.032
0.031
0.033
0.032
0.034
159.146
92.723
0.046
8.933
0.034
111.611
5.052
157.159
3.373
0.048
353.007
0.073
0.156
0.037
0.034
461.104
0.046
0.032
0.029
0.124
220.936
0.043
0.031
15.424
0.151
288.228
30.076
2.019
11.016
3.116
390.242
0.041
7.422
0.123
0.102
262.307
0.047
0.118
0.114
0.116
267.866
0.049
0.032
0.033
0.029
237.551
0.040
0.033
0.033
25.617
153.450
0.051
86.483
21.298
0.044
0.034
6.268
0.043
0.037
0.031
129.886
131.766
0.049
0.031
3.227
0.029
0.102
0.088
0.083
0.026
456.570
0.037
0.031
0.029
0.024
255.671
0.061
11.528
14.067
0.030
0.028
0.023
0.026
0.023
0.105
929.007
0.036
0.114
0.033
0.108
419.911
0.158
0.043
0.144
0.035
2.858
0.033
0.028
0.105
0.030
136.667
0.046
3.302
0.129
3.772
55.774
5.171
0.025
0.020
0.020
96.433
0.047
0.046
0.105
0.035
64.653
0.037
0.026
0.028
0.023
38.691
18.119
0.187
0.035
6.051
0.082
0.026
0.026
0.081
0.024
61.625
5.922
0.106
0.023
0.082
56.740
0.037
0.034
0.117
0.031
0.085
1.360
0.095
0.086
0.024
10.201
0.042
0.026
0.025
8.696
24.778
3.040
0.036
6.719
0.040
0.096
1.499
0.028
0.029
0.093
0.024
0.029
0.085
0.085
0.026
46.895
0.961
0.121
0.035
0.030
0.032
0.026
0.029
5.294
0.029
67.046
0.122
0.029
0.035
0.031
64.266
0.031
0.029
0.036
0.028
69.120
0.645
0.047
0.026
0.023
56.216
0.990
0.131
7.366
2.429
84.880
0.040
0.107
0.026
0.093
96.659
0.029
0.024
0.102
0.023
38.413
24.659
0.045
0.029
7.752
0.026
0.694
5.011
0.040
0.029
0.025
0.023
0.342
0.031
0.023
37.721
0.040
39.980
0.045
0.029
84.030
0.122
0.026
0.025
0.931
38.537
39.426
0.043
0.030
0.024
69.916
0.031
0.026
2.429
0.037
36.412
35.851
0.040
0.025
0.022
77.737
0.031
0.023
0.026
1.166
38.366
0.133
23.687
4.745
0.128
25.103
0.028
0.102
2.426
2.364
58.742
0.064
0.129
0.036
3.049
301.032
4.911
0.028
0.023
0.026
356.922
0.040
0.031
0.030
3.037
0.031
0.029
0.023
0.026
0.026
72.590
0.042
0.031
0.116
0.026
70.941
1.737
0.027
0.023
0.023
71.074
0.038
0.107
0.035
1.152
0.029
0.026
0.033
0.028
0.102
44.394
0.885
32.515
0.046
0.040
63.975
0.291
0.057
0.144
9.724
101.177
0.051
0.034
0.026
0.028
43.636
16.691
3.907
0.127
0.051
17.248
0.040
3.825
0.118
0.099
145.592
0.048
0.041
6.430
0.034
56.261
0.054
2.784
1.001
0.044
10.211
0.043
0.033
0.107
0.110
79.053
0.130
0.031
0.031
0.039
43.106
30.341
0.032
0.029
0.030
141.613
0.058
0.043
0.156
0.130
0.039
0.030
0.035
0.034
0.037
75.051
0.038
0.133
0.120
0.030
46.688
24.628
0.036
0.039
0.040
60.758
13.488
0.043
0.032
0.105
65.731
0.042
0.034
0.039
0.047
10.594
13.594
0.028
0.026
0.031
0.027
0.031
2.354
0.029
0.112
0.031
0.028
0.099
0.029
0.027
153.173
0.141
0.036
2.362
0.155
73.523
0.037
0.030
0.110
0.030
442.957
0.115
0.217
0.035
0.100
89.915
0.048
1.278
0.044
5.538
0.028
46.397
39.806
0.031
2.254
86.142
2.318
0.043
1.605
0.037
47.893
38.418
0.039
0.107
0.119
90.503
0.044
0.119
0.119
0.036
44.476
23.602
0.054
16.425
0.119
0.032
0.028
0.028
0.026
0.107
53.984
0.217
38.335
0.056
0.043
0.141
0.045
0.137
0.035
0.039
92.121
0.040
0.040
0.031
3.159
44.085
43.881
0.134
0.028
8.528
0.031
0.028
0.029
0.029
0.026
62.194
17.320
3.124
0.029
0.029
0.034
0.110
0.031
0.240
0.113
0.031
115.207
0.048
1.800
0.051
0.032
46.487
17.738
25.587
0.042
174.254
0.041
0.029
0.030
0.091
10.122
1.573
0.041
0.113
19.727
86.441
0.040
0.036
0.031
0.040
0.029
0.105
0.107
0.032
0.103
76.333
9.795
0.044
0.036
0.130
95.779
7.610
0.053
0.147
0.042
92.689
4.154
0.048
0.036
0.037
111.198
0.825
0.044
10.373
0.062
82.688
1.416
0.051
2.536
0.130
111.559
0.081
0.035
0.043
1.904
102.695
0.042
0.355
0.046
0.035
0.030
0.122
0.563
0.040
0.033
69.410
16.703
0.152
0.128
1.686
81.682
0.183
0.133
0.043
0.147
0.029
30.177
0.037
1.655
0.043
88.056
0.037
0.029
0.046
0.031
90.176
0.046
0.034
0.034
0.141
0.037
0.028
0.027
0.031
0.034
0.116
0.119
0.112
0.031
0.030
0.042
0.028
0.026
0.034
0.031
54.622
2.857
0.161
0.049
31.653
118.473
0.073
2.007
0.150
1.577
0.116
18.989
0.043
0.124
0.400
96.841
0.130
0.030
0.074
0.034
475.664
0.099
17.453
0.046
0.037
106.235
0.048
0.132
0.029
0.031
60.300
0.172
22.520
17.440
0.048
0.031
0.031
0.031
0.029
0.119
87.233
3.996
0.154
0.043
0.035
0.029
0.031
10.610
0.079
0.167
92.220
0.051
0.055
7.304
0.175
82.001
0.181
9.279
0.048
0.040
15.816
5.508
0.047
18.697
0.047
79.232
1.502
14.027
0.050
0.033
77.733
14.280
0.039
0.126
0.029
77.825
11.543
0.137
0.115
0.029
92.865
0.156
0.805
0.039
7.109
309.499
7.683
2.272
0.040
0.040
7.636
0.048
0.131
0.034
0.034
96.552
0.040
0.124
1.391
0.037
80.830
0.057
10.121
1.625
2.876
0.031
0.037
0.031
0.120
0.031
0.030
0.034
0.033
0.030
0.031
130.422
0.053
0.175
0.043
0.044
2.248
0.054
1.436
0.043
0.122
80.551
0.134
1.492
0.057
0.620
5.074
1.503
3.789
0.048
0.035
105.072
0.043
7.999
0.041
0.047
100.560
0.051
0.036
0.036
0.034
87.840
17.078
0.163
0.044
0.138
82.285
9.530
0.037
0.035
0.030
92.029
0.040
0.032
0.032
4.090
94.046
0.040
0.037
2.041
0.043
88.688
0.130
0.136
0.030
0.035
7.197
0.034
0.037
0.141
0.037
82.363
0.592
0.034
17.453
0.150
80.802
9.358
0.040
10.184
0.054
66.567
0.056
20.355
11.200
2.176
57.243
27.330
0.052
26.686
0.043
90.700
0.144
0.040
18.384
0.054
109.724
0.228
0.298
0.150
0.129
109.353
0.151
0.133
0.155
0.040
0.130
0.035
0.036
2.800
0.152
84.521
8.848
9.511
0.042
0.141
103.319
0.195
0.145
2.224
0.043
55.438
0.055
45.676
0.046
0.034
103.401
0.182
0.043
3.208
0.062
0.043
0.032
0.037
6.287
0.155
0.134
0.035
0.037
7.039
0.093
105.868
0.038
0.040
0.040
0.134
103.649
0.155
0.036
0.041
3.732
0.040
0.035
0.032
0.144
0.034
87.211
0.192
5.523
10.146
0.161
109.785
0.051
0.041
0.044
0.043
95.953
21.303
0.162
1.188
0.047
405.239
27.008
0.295
0.054
0.054
6.822
0.046
10.209
0.044
0.148
0.141
1.271
0.468
0.043
0.139
2.958
0.045
1.182
0.046
0.034
98.906
12.768
16.253
0.065
0.048
95.788
0.071
0.189
10.653
2.888
33.263
0.040
7.636
0.043
0.043
78.496
17.323
0.062
2.277
0.251
0.037
23.409
0.047
13.594
0.162
112.926
0.047
0.043
0.043
0.043
0.040
50.017
0.260
5.912
0.049
89.569
16.623
1.647
0.149
0.038
44.942
0.043
0.040
0.037
2.117
85.973
33.615
0.150
2.024
0.144
159.913
0.057
17.047
4.134
0.074
108.665
0.041
12.414
0.157
0.048
114.979
0.172
0.147
0.038
0.043
0.037
9.613
0.170
0.046
0.040
132.187
0.119
1.872
0.062
0.060
102.601
9.926
0.042
0.040
0.038
35.969
0.050
0.046
0.043
0.040
31.927
12.980
0.048
0.037
0.046
0.047
12.521
9.126
0.168
0.041
136.486
0.051
0.043
0.040
1.317
664.152
0.057
0.040
0.046
0.161
0.048
0.046
0.148
0.040
0.036
194.749
0.302
0.199
0.062
0.061
0.041
0.043
0.040
0.036
0.147
130.047
0.168
0.039
0.037
9.886
104.947
0.067
0.068
0.952
0.058
16.719
0.065
0.043
0.037
0.038
99.733
11.829
0.071
11.801
0.154
116.254
0.839
0.048
3.507
0.053
0.146
0.158
7.805
0.051
0.152
0.048
0.047
0.045
0.043
0.150
68.292
40.438
0.848
10.801
0.170
5.068
0.046
0.040
0.145
1.365
137.119
0.060
0.046
0.048
0.057
86.346
42.316
0.055
9.363
0.182
0.048
3.271
0.044
0.157
0.147
135.934
0.065
7.220
0.057
3.672
115.941
0.067
0.056
0.197
24.541
121.993
0.048
0.048
0.183
0.043
0.050
0.056
3.544
0.041
0.060
127.740
0.052
0.040
0.040
7.858
106.412
0.082
14.847
0.054
0.054
59.155
0.159
0.054
0.150
0.044
104.723
32.475
0.054
0.044
0.044
139.477
3.580
0.051
0.041
0.164
83.127
0.077
45.771
0.065
0.051
105.956
4.121
0.056
0.208
15.327
39.719
0.041
0.046
0.043
0.152
0.044
0.046
3.921
0.050
0.166
0.173
0.040
0.159
0.040
2.322
97.572
8.630
0.201
17.542
0.178
102.025
3.085
6.884
1.853
0.165
4.940
0.044
0.048
0.046
0.152
0.046
0.046
1.275
4.833
0.064
112.066
0.043
0.042
0.496
5.418
102.601
12.366
0.052
0.741
0.051
22.852
0.051
1.678
0.062
0.043
6.318
37.943
0.242
0.223
0.063
0.043
0.042
0.048
0.046
0.047
106.285
3.713
0.044
8.964
0.053
0.048
0.172
0.048
0.046
20.489
102.301
14.790
0.055
0.050
0.174
18.803
5.070
0.052
11.275
0.189
0.164
0.042
20.509
0.061
11.334
0.051
0.043
0.157
0.043
20.750
0.045
0.042
0.051
0.048
0.048
77.970
59.385
0.052
0.053
0.045
102.334
5.128
9.732
0.193
0.054
46.945
0.071
0.048
0.048
0.506
84.584
34.659
0.056
0.173
15.545
137.383
3.745
0.057
0.059
0.049
114.703
19.179
0.048
0.051
6.476
0.169
0.051
0.047
7.361
0.057
121.854
0.057
0.175
0.183
9.484
133.930
0.182
0.060
0.051
0.054
143.811
0.059
0.054
0.047
0.062
115.829
0.195
0.881
0.056
0.306
60.930
0.061
0.052
0.051
0.055
107.926
3.396
17.502
0.046
0.051
99.489
33.676
0.057
0.051
0.175
681.450
26.773
0.064
0.049
0.052
138.833
0.068
0.181
0.195
0.347
109.941
28.940
0.062
0.051
0.050
307.531
0.467
0.049
4.734
12.116
113.681
0.105
18.343
0.717
10.783
0.050
0.051
0.049
0.051
0.042
0.053
0.046
0.175
0.067
0.053
150.694
0.059
0.055
0.058
0.046
150.482
0.062
1.787
0.068
0.058
120.550
11.063
0.067
0.064
0.207
148.041
0.058
0.052
0.051
0.190
158.997
0.064
0.061
5.753
0.054
117.706
9.504
15.546
0.055
0.175
315.836
0.570
17.342
0.061
0.046
158.789
0.051
0.051
0.045
7.464
158.855
0.067
0.051
0.079
0.050
83.783
54.536
19.194
0.060
0.194
168.963
0.068
0.049
0.046
0.054
305.039
0.164
0.060
8.012
0.060
0.180
0.047
0.046
0.047
0.166
0.198
11.703
0.065
0.203
0.049
117.036
3.473
0.068
16.678
0.062
154.635
0.073
0.193
0.058
0.058
120.785
0.226
1.226
24.814
0.210
116.928
2.660
23.085
0.059
0.058
27.976
0.073
0.076
0.056
4.807
45.350
0.062
0.214
0.188
0.062
44.320
0.214
0.219
0.058
20.891
120.443
27.866
2.369
0.057
0.194
139.629
0.069
0.058
0.058
0.051
0.051
0.051
0.174
10.892
0.057
921.751
12.061
0.063
1.832
0.062
197.992
0.064
0.057
8.368
0.052
137.072
35.058
0.199
0.181
0.049
162.746
0.051
0.180
0.079
0.048
0.180
0.057
0.049
1.239
0.062
142.467
29.295
0.056
0.053
0.046
0.047
65.631
0.069
0.054
0.060
227.977
2.378
23.657
0.290
0.072
159.683
0.416
18.816
0.205
0.196
0.058
0.186
0.045
0.048
0.050
163.024
0.059
4.782
0.053
0.050
135.974
36.446
0.062
0.050
0.046
165.573
0.051
0.050
0.051
4.007
479.034
0.075
0.051
0.056
3.745
183.263
0.061
0.053
0.059
0.199
227.894
0.267
22.114
0.106
0.096
183.558
0.223
0.200
0.055
0.811
163.270
0.068
2.566
0.233
0.060
0.051
0.192
0.058
4.053
0.050
500.839
1.072
0.069
0.865
0.203
176.457
10.349
0.068
0.067
0.249
180.590
0.091
0.072
12.145
15.839
0.058
0.057
0.188
0.223
0.051
0.047
0.053
0.050
0.057
0.051
175.793
0.053
10.054
0.072
0.056
153.446
33.609
6.946
3.502
0.236
151.489
0.079
1.014
14.250
0.057
0.049
0.192
5.058
6.701
0.071
120.982
40.386
9.676
4.329
13.895
170.149
0.050
3.436
0.080
0.215
0.057
0.051
0.185
0.186
0.217
246.889
0.302
0.078
0.080
0.261
148.179
17.089
0.066
0.058
0.068
351.040
0.065
0.209
0.056
20.222
158.517
1.717
2.514
0.223
27.640
156.417
0.085
31.016
2.667
0.065
213.425
0.075
0.059
0.052
0.050
164.403
37.457
0.065
0.059
0.059
0.051
0.057
0.278
0.049
0.055
225.967
0.116
0.076
0.072
0.287
183.529
0.082
23.081
0.091
0.077
213.981
0.096
0.068
0.066
0.077
197.718
0.067
0.062
1.116
0.056
157.674
42.369
0.062
0.063
0.216
187.423
0.084
9.708
0.052
0.051
172.143
36.717
0.241
0.329
0.068
162.960
35.477
0.067
0.214
0.220
186.888
0.067
4.250
0.062
4.873
0.059
11.011
0.262
0.075
0.067
162.284
0.080
31.351
0.063
0.062
160.932
2.188
0.229
0.212
46.829
150.408
37.235
0.073
0.062
0.065
161.388
23.202
0.906
0.217
0.050
158.260
18.407
0.085
11.291
0.080
191.901
0.060
0.062
0.056
0.056
193.278
4.068
0.107
0.086
0.077
166.370
0.062
0.066
2.204
10.937
0.061
0.052
0.063
0.125
0.209
249.995
0.093
0.079
0.084
0.310
6.271
0.066
1.756
0.063
0.061
0.207
0.058
0.098
0.051
0.200
183.295
0.652
13.942
0.214
0.208
187.030
0.224
0.214
0.089
0.054
158.801
0.078
25.629
0.078
0.066
186.213
2.156
0.077
0.074
0.057
153.650
0.087
17.669
0.064
0.067
0.244
0.112
0.064
9.203
0.059
149.710
0.087
19.977
6.760
0.067
203.127
0.235
3.265
0.068
0.062
158.045
20.833
0.067
0.210
5.550
150.767
29.518
0.244
0.067
9.182
205.571
0.068
0.070
6.894
0.079
483.672
0.091
0.069
0.057
0.056
89.905
0.240
4.343
0.071
0.059
480.165
0.057
0.063
9.240
0.060
194.275
6.007
3.303
0.073
0.068
190.140
0.063
0.057
0.054
0.064
113.783
0.064
3.553
0.076
0.068
278.862
0.293
0.275
0.076
26.417
170.995
31.307
0.238
0.066
8.805
200.487
0.063
8.248
0.111
0.076
185.109
0.074
0.223
8.636
0.068
92.420
12.351
0.230
0.214
0.054
212.395
0.220
0.057
5.414
0.067
74.963
3.358
0.067
28.884
0.226
0.065
0.065
0.057
0.064
0.054
138.253
37.775
2.090
21.960
0.096
160.191
37.279
0.060
0.060
0.222
206.676
0.068
1.406
0.058
0.063
167.255
0.085
24.838
0.074
0.068
98.462
8.384
0.068
2.060
11.828
193.778
0.066
0.128
1.009
0.061
6.801
0.245
0.057
0.056
11.436
0.068
0.055
1.981
0.234
0.060
208.897
0.073
0.070
0.066
0.068
195.065
0.071
3.249
0.067
0.936
0.216
0.079
0.068
0.068
0.059
4.250
0.067
0.059
0.062
0.225
172.206
0.089
20.037
0.065
0.062
168.735
0.059
0.064
24.933
0.069
207.703
0.067
2.070
0.068
0.232
599.342
3.817
0.079
0.059
0.062
177.578
0.072
0.107
1.971
0.255
27.763
59.915
0.073
0.066
0.083
0.224
0.064
0.068
0.059
0.067
643.582
0.717
0.065
9.366
4.091
196.132
0.064
21.676
0.849
0.062
165.797
25.182
2.474
16.096
0.068
0.056
1.359
0.220
0.070
0.219
184.838
34.598
0.229
0.070
0.241
212.266
0.230
0.060
0.062
1.531
222.249
0.262
0.062
0.062
0.057
217.027
0.068
1.409
0.066
1.232
173.615
18.187
13.385
0.267
10.515
0.066
5.595
0.085
3.257
0.067
225.674
4.388
0.073
0.199
0.074
172.010
27.436
0.084
12.939
0.071
232.157
0.065
0.090
0.068
0.073
175.444
18.074
3.008
24.755
0.079
184.242
39.207
3.256
0.257
0.062
168.929
17.058
0.304
14.663
16.308
286.668
0.063
0.068
0.068
0.062
184.477
3.473
5.280
28.296
0.074
225.806
0.069
0.259
0.060
2.582
151.026
62.275
1.689
6.219
0.065
218.714
0.496
0.066
0.074
0.230
214.328
0.077
0.065
0.062
2.853
216.645
0.090
0.075
7.519
0.254
172.900
20.489
0.081
0.072
16.635
196.211
1.348
0.085
0.062
19.736
885.949
0.065
7.715
0.072
0.075
343.079
0.107
2.153
0.101
0.102
230.026
0.119
0.097
0.079
1.127
220.383
4.263
0.075
6.009
0.091
187.352
24.952
0.083
0.076
7.560
0.062
5.961
0.084
0.070
3.553
183.651
26.815
0.079
2.149
0.075
219.736
0.078
0.076
0.245
0.059
200.597
0.074
0.068
0.068
7.210
183.550
3.749
0.107
2.298
0.237
31.070
0.074
0.248
6.645
0.083
196.081
39.322
0.254
0.242
0.070
221.860
0.075
0.074
0.061
0.073
0.256
0.068
0.062
0.060
0.067
5.583
0.282
0.072
0.075
0.068
314.994
0.075
0.115
0.248
0.073
179.199
15.630
0.079
23.708
0.081
224.761
0.259
0.061
0.070
0.060
196.003
7.699
3.316
26.038
1.830
189.651
1.806
2.246
0.257
2.209
8.320
0.090
0.086
19.661
3.378
0.269
0.065
10.771
0.069
0.250
0.231
0.064
0.059
0.061
0.074
290.672
0.260
0.395
0.326
0.096
221.410
0.240
0.059
1.343
0.070
177.398
51.364
0.095
0.248
0.258
232.383
0.073
0.248
0.068
0.068
221.925
0.076
0.258
1.509
0.079
214.159
9.496
0.071
0.064
0.068
185.457
0.071
0.079
0.062
2.843
49.684
0.084
41.296
0.086
0.084
1324.885
0.540
0.327
36.780
0.352
0.066
0.240
0.074
0.089
0.259
233.383
24.200
1.526
0.074
2.331
197.114
53.019
0.298
0.079
0.063
0.068
0.060
0.075
0.059
0.065
202.032
28.704
0.080
0.086
0.087
46.531
66.142
10.984
0.084
0.069
196.836
23.112
0.082
0.073
0.073
144.068
3.788
0.102
0.101
5.943
196.996
21.510
0.260
0.081
17.680
225.285
0.088
0.079
17.429
0.085
239.478
0.090
0.074
0.081
2.432
205.163
4.223
0.073
2.342
0.076
10.417
0.274
0.258
2.098
0.071
0.068
4.343
0.270
0.078
0.078
124.027
1.973
0.084
0.070
0.063
206.007
38.596
0.082
2.120
0.076
196.000
3.879
0.090
11.457
1.798
16.340
0.070
0.263
0.068
0.079
220.277
0.100
0.270
0.260
0.061
5.001
0.088
0.074
0.064
0.278
190.683
0.141
38.996
0.094
0.071
0.073
5.835
0.086
0.068
0.072
240.077
0.189
0.261
0.079
1.043
207.730
40.553
0.079
0.088
0.094
201.563
0.087
12.762
0.085
0.258
123.793
0.074
0.074
6.081
0.906
673.124
0.091
0.079
0.079
0.600
246.107
2.686
0.088
0.081
2.096
206.768
3.658
0.167
3.317
30.602
253.530
0.299
0.273
0.077
2.030
210.171
0.264
35.672
0.091
0.083
246.103
1.312
0.081
0.075
0.071
0.248
0.066
0.268
0.063
0.074
0.067
87.058
17.669
0.081
15.935
226.474
0.068
0.248
0.066
2.439
201.400
29.956
0.088
0.074
0.293
213.000
34.484
0.097
0.087
0.308
267.972
1.248
0.511
0.064
2.463
204.916
0.105
52.082
0.095
0.282
212.975
2.524
35.449
0.299
0.079
224.661
0.075
0.069
2.216
25.281
206.552
0.353
15.992
0.294
7.582
0.502
0.074
0.079
9.344
0.277
0.080
0.067
0.279
0.081
0.084
0.075
0.068
6.427
2.428
0.084
274.995
0.277
0.084
8.685
0.278
242.549
21.294
0.078
0.075
0.274
210.326
48.818
0.077
0.075
0.072
206.960
0.080
0.265
33.904
0.109
241.666
0.086
0.439
0.293
0.073
270.758
0.106
0.079
1.466
0.085
1349.779
61.697
0.281
0.070
7.987
1486.511
11.637
0.444
0.101
10.864
309.191
0.111
0.292
5.316
0.096
5.199
0.073
0.084
0.069
0.066
264.935
0.299
7.719
0.289
0.074
304.012
0.084
3.866
0.085
0.337
212.348
12.856
0.079
2.348
46.699
278.137
0.102
0.089
0.072
0.280
299.453
0.304
0.085
0.072
0.072
243.214
1.108
9.772
0.089
0.075
8.549
2.030
0.080
0.079
5.547
282.787
0.097
0.074
0.314
0.075
0.082
0.387
0.076
0.081
0.073
7.802
0.098
0.075
0.299
3.629
1088.132
0.091
0.304
0.095
66.230
297.688
2.937
0.114
0.120
0.097
276.606
0.082
0.080
0.090
0.085
227.736
15.395
15.920
0.097
2.663
265.429
18.883
0.096
0.076
0.089
282.956
0.309
0.321
0.080
1.626
236.087
0.087
11.573
0.091
0.288
90.528
45.165
3.219
0.080
0.094
0.070
0.079
0.070
0.085
0.080
255.849
0.275
0.079
0.069
0.069
254.138
0.093
21.917
0.292
0.076
234.584
10.950
5.066
33.400
0.076
0.074
0.290
0.280
0.074
0.082
228.892
7.573
0.074
3.903
13.947
128.801
0.082
1.820
0.650
0.095
1720.646
0.107
0.114
16.678
0.096
248.777
0.533
39.748
1.650
0.300
288.369
0.086
1.820
0.093
5.340
0.141
0.075
1.021
8.795
0.093
310.316
0.343
5.306
0.095
0.298
280.778
0.335
0.074
0.079
0.073
88.648
68.167
0.103
0.085
0.293
327.929
0.248
22.544
0.924
0.374
861.855
3.169
0.106
0.104
45.569
0.089
25.357
0.079
0.082
0.304
292.898
0.285
11.841
0.102
0.088
256.765
58.706
0.091
0.088
0.079
299.498
0.083
0.073
2.183
0.091
394.588
48.490
0.395
0.100
0.118
310.049
19.667
0.550
0.405
0.101
279.896
0.086
0.085
0.300
1.548
122.756
16.613
0.098
0.075
1.807
293.939
0.089
0.077
0.076
0.093
232.764
22.280
0.100
0.092
27.648
0.080
88.721
12.337
0.287
0.083
130.343
0.313
0.085
0.102
0.302
253.948
4.395
0.084
0.092
0.343
136.927
5.738
0.331
1.590
0.091
254.267
5.907
0.323
39.412
0.110
121.111
0.099
0.096
0.082
3.321
0.078
0.288
12.676
0.093
0.091
129.628
0.080
21.115
0.084
0.327
332.793
0.313
0.080
0.299
3.461
310.087
0.108
0.109
0.091
0.334
254.493
25.791
21.501
2.207
0.086
285.613
0.436
33.482
2.970
0.085
255.345
49.867
0.091
10.897
0.100
251.716
0.085
6.471
38.158
0.104
493.466
0.304
0.093
0.092
0.448
251.309
12.339
0.093
46.365
0.310
269.520
74.037
2.747
0.091
0.080
0.302
0.089
0.096
0.088
0.326
278.623
3.543
0.380
0.102
32.734
1394.437
44.851
0.091
0.327
26.046
326.203
15.839
0.108
4.672
0.103
505.003
0.418
0.404
0.116
0.111
256.383
0.130
91.546
0.334
2.555
338.406
0.102
0.091
0.092
0.082
293.860
50.918
1.299
6.666
0.168
344.687
0.116
6.845
0.101
0.576
262.514
0.089
14.281
27.175
8.085
109.125
2.230
3.987
4.289
51.305
266.501
16.935
59.367
0.102
0.087
368.612
0.102
0.220
0.092
0.083
332.674
2.016
0.080
13.284
0.333
338.109
8.522
0.310
0.091
2.131
258.961
80.638
0.096
0.094
0.328
335.067
0.134
0.398
0.104
38.883
321.584
0.106
21.891
0.089
0.091
0.076
0.087
0.317
0.079
0.320
0.091
0.098
0.317
0.090
0.316
352.579
2.295
0.100
0.104
0.331
636.863
0.115
0.118
0.119
43.291
102.272
28.641
5.992
0.098
21.873
257.807
0.110
0.120
10.150
0.405
1542.885
18.537
0.415
57.638
0.103
83.423
32.364
0.092
0.107
22.346
0.330
1.318
15.767
19.339
0.094
369.592
1.731
0.330
0.303
0.078
1090.466
0.091
0.093
0.113
17.088
421.429
0.259
0.119
0.541
0.429
289.031
81.951
0.117
0.091
0.090
270.673
46.184
0.096
0.406
0.089
99.987
21.183
22.501
0.416
1.667
0.338
34.007
1.993
17.010
0.115
275.224
6.651
13.428
37.079
25.120
0.092
0.375
0.316
0.079
0.088
502.671
0.112
3.839
0.111
0.422
304.877
51.187
1.574
0.095
4.286
332.061
12.829
0.091
0.093
0.181
319.154
0.107
0.101
34.357
0.086
650.920
0.086
0.497
0.089
0.349
0.080
311.569
0.096
0.761
3.137
0.331
0.081
1.295
25.182
0.101
420.307
0.678
0.498
0.130
0.132
365.990
0.118
0.111
0.373
0.406
315.797
6.631
0.108
3.609
0.093
29.244
1.840
0.113
65.748
0.110
306.142
0.408
6.033
4.008
90.271
427.153
0.264
0.116
26.887
0.114
329.192
72.568
0.375
0.092
0.102
359.708
0.104
0.350
0.145
0.322
476.539
43.654
0.113
0.111
0.441
0.087
0.082
0.092
0.356
0.093
281.926
48.700
0.106
0.101
8.142
0.099
0.338
0.086
6.958
0.361
16.518
0.171
0.102
0.087
0.315
306.233
15.932
12.372
0.352
0.096
131.481
0.133
25.112
0.096
0.112
371.785
0.113
0.102
0.350
0.267
342.681
0.108
0.091
0.102
0.103
0.342
0.091
0.083
0.391
0.339
171.605
2.374
0.095
0.106
0.097
351.766
0.111
0.085
0.337
0.100
348.033
0.434
0.084
0.321
0.103
293.646
0.097
55.248
0.101
0.084
2156.191
0.104
0.349
24.534
0.095
0.091
388.962
0.096
0.507
0.154
541.189
0.128
0.158
0.476
0.120
419.123
29.900
0.132
3.439
0.093
372.214
16.696
0.098
0.092
0.105
307.826
0.371
0.485
47.402
0.085
335.568
30.584
0.113
0.082
0.349
316.253
0.109
0.091
61.265
0.113
360.800
7.377
13.970
3.830
0.120
321.397
1.870
48.607
0.112
0.110
510.643
0.129
56.328
0.131
0.147
378.399
0.126
0.470
0.114
0.093
373.135
0.102
3.498
0.103
0.085
388.957
0.391
0.367
2.015
0.091
379.120
6.153
0.128
0.108
0.377
321.381
78.508
0.353
0.099
0.322
302.964
90.486
0.110
2.224
0.114
364.486
0.090
0.103
0.105
0.375
317.701
33.366
2.808
10.607
4.999
378.808
0.125
0.101
0.121
4.658
549.306
0.503
0.136
0.123
0.128
0.092
0.090
0.391
14.735
0.112
379.491
0.238
0.478
37.585
0.134
286.237
47.266
20.105
0.094
0.091
298.721
15.294
0.405
58.493
5.537
348.128
0.362
0.349
0.237
0.095
0.110
0.105
1.233
0.118
0.109
372.997
0.455
16.143
0.132
0.504
365.724
0.095
0.101
0.306
0.110
305.052
0.339
5.195
0.113
38.988
0.111
0.351
0.162
0.104
0.087
312.255
0.112
59.947
1.102
0.097
327.326
0.113
0.094
0.090
0.415
475.550
0.721
0.127
33.604
0.454
387.213
0.104
0.093
0.101
0.106
0.109
0.091
0.104
0.130
0.094
306.799
26.553
0.118
1.474
46.624
283.730
81.870
0.381
0.112
6.601
327.600
12.014
0.101
7.567
28.147
625.212
6.446
0.456
8.703
0.369
307.592
0.379
70.751
0.118
1.539
314.228
31.183
36.384
0.107
0.113
384.527
0.353
0.108
0.090
1.772
326.825
5.152
66.942
1.895
0.363
310.114
0.393
0.109
66.160
0.102
343.659
0.144
49.269
0.438
0.125
0.102
0.098
0.102
0.104
0.361
301.396
1.980
0.113
0.340
64.036
314.607
0.374
72.664
0.151
0.427
376.014
0.091
0.115
0.356
0.090
950.878
45.221
4.132
0.390
1.041
415.391
0.109
0.118
0.099
0.114
313.155
64.484
3.257
0.410
0.383
169.912
5.908
0.114
0.095
33.106
415.921
0.102
0.115
0.094
2.433
320.525
23.434
55.983
15.670
0.392
452.065
0.169
0.466
11.444
0.124
300.032
88.129
26.291
0.114
0.095
389.559
0.109
0.402
3.617
16.823
391.183
3.796
0.363
0.091
5.708
357.325
2.770
49.685
0.149
0.471
384.993
0.377
0.106
0.360
1.232
309.823
57.412
12.153
35.832
0.413
376.803
0.105
0.401
0.116
32.578
301.020
7.700
33.389
34.514
2.305
594.896
0.167
10.293
0.469
0.147
340.138
5.586
63.533
0.110
0.115
388.679
0.106
0.107
1.319
0.097
372.514
37.329
0.153
0.133
0.164
388.848
0.456
0.138
1.893
0.108
42.022
0.121
0.112
0.115
0.381
293.723
8.358
11.546
88.195
0.110
409.690
5.022
0.449
18.096
0.138
385.235
4.213
0.099
0.407
0.107
409.304
0.128
0.109
0.106
0.104
0.199
0.396
0.091
0.113
0.101
445.758
5.324
0.119
0.114
0.129
410.474
0.108
0.133
3.400
0.413
325.684
0.400
2.048
71.073
0.118
360.717
2.865
1.846
49.612
0.148
312.433
5.754
14.776
3.260
0.483
191.349
0.437
0.120
0.120
0.102
415.314
9.313
0.113
0.104
0.111
402.131
10.065
4.292
0.108
0.101
405.856
0.382
0.361
0.091
0.102
329.008
0.110
13.711
0.125
0.104
20.175
0.130
0.400
0.301
37.913
543.508
0.136
0.568
0.139
0.281
0.092
0.109
0.101
0.099
0.398
626.991
0.156
14.522
0.158
0.115
477.701
4.838
0.453
0.137
0.113
409.273
0.665
0.115
0.410
1.239
0.103
0.098
0.100
0.095
0.458
389.250
8.752
0.703
0.115
0.391
6.032
3.472
0.415
0.107
0.120
404.538
0.395
0.101
0.463
0.122
864.796
33.858
0.483
23.438
0.120
0.111
0.104
0.107
0.097
0.119
314.891
9.366
60.013
20.695
0.106
405.579
0.118
5.408
0.108
8.104
321.868
67.495
0.117
0.113
0.118
401.682
0.131
0.127
0.454
0.136
318.829
71.931
0.447
0.413
0.108
114.552
86.552
0.124
0.388
1.673
488.649
0.145
0.146
0.121
0.144
248.095
0.122
0.099
0.411
0.107
369.174
0.137
16.954
18.718
0.105
410.607
1.778
2.243
0.131
0.129
316.847
5.762
39.418
0.440
0.402
132.037
0.104
0.113
80.830
0.112
305.734
81.622
14.398
0.118
0.421
358.296
0.121
0.122
0.097
2.053
23.381
0.115
0.384
0.100
1.836
476.065
0.134
0.144
0.532
0.149
463.646
0.236
0.132
0.567
0.130
337.741
0.129
74.676
0.107
0.410
439.468
0.120
4.576
0.108
0.100
392.992
0.126
0.121
0.111
0.412
576.515
64.696
2.886
0.122
0.124
243.910
0.120
19.591
0.163
0.138
342.119
80.261
25.134
0.113
0.129
323.182
100.778
0.429
0.118
0.113
0.107
0.125
0.419
0.395
0.194
399.086
23.440
0.135
0.122
0.109
450.438
0.123
0.417
0.110
2.874
332.855
0.297
55.412
0.442
0.132
127.480
19.358
2.998
52.955
5.776
419.853
0.118
0.118
0.122
0.123
810.130
0.320
0.198
0.163
0.162
339.296
11.391
5.653
0.413
53.888
364.213
10.918
22.600
0.113
0.113
324.383
8.061
21.126
0.118
3.907
204.739
0.395
0.122
0.123
0.417
342.336
0.426
0.112
0.124
48.829
477.319
0.159
0.146
0.165
0.142
590.911
0.522
0.161
0.148
0.147
404.340
0.106
0.109
0.420
0.109
438.264
0.144
0.140
0.136
0.431
340.354
105.246
0.437
0.118
0.449
407.212
0.114
0.111
0.408
0.105
345.287
27.144
0.160
60.470
3.615
0.400
0.471
0.390
0.109
12.411
427.015
0.461
0.129
0.120
0.102
379.074
44.275
0.123
0.125
3.983
423.127
0.109
0.101
12.592
5.528
657.738
0.590
17.363
0.136
0.113
410.195
0.116
0.106
0.106
3.526
0.113
0.157
0.113
0.124
0.404
44.314
0.136
0.123
0.429
0.118
354.236
50.531
0.139
0.525
0.130
0.108
248.313
0.136
0.120
0.117
432.709
0.137
0.106
34.719
0.164
419.885
1.155
0.125
24.029
0.424
420.087
4.564
0.149
15.846
0.117
418.914
0.184
5.004
61.068
5.008
362.100
55.283
0.155
41.436
3.507
361.728
100.298
0.147
3.992
7.430
363.496
0.547
115.985
0.166
0.131
337.754
0.137
133.702
0.134
0.142
0.121
0.118
0.431
0.101
0.099
465.537
0.192
0.137
0.147
35.776
493.619
0.142
0.158
0.158
3.646
357.699
8.187
0.143
9.773
19.368
0.405
0.125
82.623
4.989
0.142
418.816
0.290
0.597
0.133
0.141
235.458
0.669
0.181
0.158
19.031
2450.021
0.136
5.508
0.151
0.143
398.457
0.534
88.844
0.171
7.535
165.503
107.335
0.502
0.131
0.463
467.538
3.806
0.156
5.730
0.178
436.314
0.154
3.483
30.716
0.158
410.169
8.902
15.769
14.503
4.000
0.115
0.550
0.124
0.412
0.115
0.102
0.126
0.417
0.127
26.585
0.116
0.117
0.201
0.113
0.419
431.583
0.161
0.171
0.158
0.154
0.483
0.116
0.108
0.106
0.124
276.864
0.119
20.075
0.158
7.355
405.328
5.798
4.814
76.051
6.363
439.988
0.554
4.987
85.085
0.631
471.466
0.125
15.078
0.177
0.164
685.317
50.872
0.167
0.148
1.178
382.048
57.481
0.571
0.139
0.169
6.966
35.274
0.141
0.135
2.527
462.652
0.161
0.173
1.017
0.133
354.433
14.659
30.587
0.140
0.112
0.130
0.104
50.888
0.499
4.634
478.114
0.153
0.167
0.173
4.514
366.778
45.962
0.147
45.030
0.137
398.025
68.332
0.141
0.155
0.146
429.616
0.166
0.155
31.025
0.618
470.229
0.497
0.414
1.908
0.136
331.768
40.840
2.411
28.008
0.118
0.147
0.131
0.422
0.102
0.102
139.218
13.695
26.846
0.122
64.788
387.616
0.490
0.108
9.983
27.009
368.601
50.407
0.147
0.129
0.123
137.033
7.093
76.139
39.341
0.144
401.219
0.113
13.532
20.862
28.886
491.651
35.100
0.137
3.571
0.465
0.117
0.498
0.110
0.133
0.110
384.032
23.211
91.168
0.137
0.139
541.906
0.169
2.533
0.126
0.125
587.649
10.108
0.141
0.141
0.680
0.104
0.443
0.115
0.130
16.271
418.479
1.861
0.135
53.938
0.124
343.897
97.833
0.144
2.117
32.416
435.893
0.118
0.131
2.986
0.135
494.515
0.129
0.549
0.134
0.123
433.895
0.547
0.690
25.787
5.618
469.146
0.171
0.166
0.163
4.252
363.211
81.161
0.447
29.510
0.521
415.795
0.448
0.137
0.429
24.324
374.014
0.452
0.117
0.256
0.421
0.111
9.167
0.473
109.702
0.185
336.360
23.783
0.464
52.735
0.122
251.183
0.130
0.474
0.128
0.123
345.070
0.129
58.676
0.468
0.464
166.127
0.121
109.885
0.150
0.124
473.689
0.158
0.137
0.124
0.139
486.902
0.136
0.127
0.441
0.132
0.115
0.485
0.120
0.112
0.130
3012.106
0.184
0.160
0.156
7.019
474.315
0.123
0.468
0.116
0.111
257.902
0.143
0.154
0.162
78.004
529.250
1.069
0.460
0.105
0.448
0.110
0.148
23.823
0.144
0.124
394.791
99.575
0.141
36.053
0.458
529.939
0.201
0.179
0.146
0.179
2010.112
119.499
0.272
0.443
23.741
411.327
0.533
97.672
0.160
0.159
269.126
0.140
0.137
0.134
0.440
506.995
0.509
4.278
0.140
1.572
533.127
0.139
0.131
0.328
9.348
520.942
15.845
0.115
0.131
0.140
679.930
8.250
0.335
0.164
0.191
468.354
0.121
3.558
0.135
51.869
371.173
0.145
34.054
0.149
3.594
110.945
0.157
0.137
0.135
3.671
0.441
0.117
0.128
0.117
0.125
0.110
0.565
6.526
0.148
0.130
534.112
0.132
0.119
0.157
0.134
0.498
0.224
0.123
0.135
2.092
422.686
48.709
73.065
0.135
4.461
396.700
148.414
0.124
0.450
0.111
2010.951
0.481
0.122
135.844
0.143
546.941
0.144
0.136
0.125
3.625
472.612
50.215
23.262
0.177
0.147
447.354
0.153
88.875
0.148
11.925
484.261
53.363
0.126
0.116
0.137
426.897
0.134
0.559
30.436
0.148
0.123
4.142
79.296
0.166
6.587
453.360
76.899
0.120
0.139
0.473
529.317
0.138
40.732
0.495
0.132
1074.695
15.834
2.940
7.777
0.518
0.120
0.557
0.133
0.460
0.474
575.355
0.145
0.111
1.621
0.120
592.259
0.134
0.132
0.147
22.956
594.986
4.217
0.182
0.120
0.136
469.313
104.101
30.308
0.166
0.147
660.323
0.162
5.901
0.140
0.135
474.980
0.166
0.152
0.161
0.759
0.586
0.814
0.124
0.465
0.124
564.886
0.120
0.135
0.122
3.641
418.117
172.039
0.128
0.166
0.145
560.315
0.144
0.121
0.117
9.025
768.044
0.635
0.593
7.586
0.562
396.165
152.080
0.215
0.169
0.205
565.908
0.177
0.533
0.143
0.133
516.396
0.141
0.136
14.498
0.122
715.892
0.354
0.128
0.156
0.137
482.044
18.920
0.533
0.146
0.153
172.032
0.130
113.319
0.476
14.665
432.566
106.024
1.178
20.145
0.135
522.579
0.120
38.678
0.166
0.157
474.860
0.538
0.124
3.945
84.951
554.018
5.543
0.503
0.481
0.143
514.163
0.499
0.111
53.893
0.187
405.035
11.441
28.494
78.752
0.130
537.249
0.136
0.135
1.780
0.126
458.286
64.242
0.162
38.352
0.159
0.134
0.128
0.145
0.122
0.533
1181.216
0.132
82.771
0.146
0.136
445.230
0.324
87.354
0.138
0.160
434.236
37.498
0.132
10.991
0.128
158.689
25.721
0.511
81.395
0.127
11.082
0.154
6.241
0.155
3.154
436.878
0.138
0.126
89.614
0.167
498.471
68.298
0.175
0.147
5.818
436.353
32.460
0.475
70.100
0.151
413.450
0.157
2.406
113.119
0.474
428.726
4.464
38.421
0.504
57.687
218.456
0.686
0.173
78.118
0.129
0.116
8.323
0.478
0.136
24.439
0.126
0.129
0.134
0.130
0.118
496.824
80.154
4.940
13.374
0.127
512.300
58.758
0.145
0.513
0.136
749.849
0.655
10.908
0.129
0.135
847.793
0.226
0.156
0.692
0.587
472.654
103.300
0.120
0.157
36.085
422.335
57.874
0.540
93.576
0.149
532.984
0.547
32.469
0.150
0.154
0.128
18.860
0.155
0.133
3.856
481.185
27.376
0.492
0.119
0.122
203.659
119.964
0.579
4.944
0.584
3694.592
0.952
41.245
0.621
0.181
545.086
0.143
0.528
14.975
0.125
583.068
4.102
1.301
0.181
0.155
456.551
0.624
0.163
0.152
19.611
152.045
24.148
101.654
0.198
0.137
564.589
0.185
0.166
0.150
0.611
539.219
0.141
0.523
7.006
0.501
522.601
1.557
0.129
0.459
0.142
0.118
0.546
0.128
0.148
0.115
523.230
6.199
0.506
0.139
0.142
503.360
0.127
0.492
0.118
0.160
0.129
55.367
0.499
0.159
0.149
3861.782
0.179
27.036
0.150
0.140
595.700
0.484
0.126
0.857
0.139
501.000
50.360
21.496
0.135
85.420
693.404
12.018
1.111
0.187
0.615
585.539
0.154
25.006
0.527
19.218
587.712
0.142
3.323
0.152
0.153
0.122
0.505
0.128
18.128
0.155
543.983
0.571
29.616
26.048
0.503
436.149
111.330
0.146
0.499
41.387
0.498
0.598
0.490
0.117
0.148
497.160
52.772
37.508
0.146
0.145
531.740
0.507
0.149
6.657
0.151
37.314
19.929
5.251
0.167
0.559
431.383
0.145
122.140
0.158
0.137
591.489
23.392
0.185
0.610
0.139
574.913
0.487
0.154
0.117
0.117
0.136
0.141
0.479
0.130
0.128
653.177
0.135
0.215
0.152
0.154
471.450
123.939
2.884
0.147
0.152
587.657
46.702
0.140
6.397
0.158
613.404
0.142
0.137
0.150
0.148
480.578
11.571
0.176
164.502
0.153
567.318
0.585
0.133
0.144
3.061
416.709
10.503
0.197
15.790
0.139
546.993
3.454
0.170
0.137
0.653
0.135
0.153
6.461
2.425
0.150
1853.716
7.373
0.494
0.136
0.141
637.371
0.158
0.146
0.529
0.138
449.348
0.147
37.359
107.612
30.627
480.021
0.498
100.773
2.334
0.503
600.667
1.800
7.279
2.912
0.128
503.857
0.681
104.923
0.157
0.141
441.944
0.166
192.170
0.175
0.187
0.145
0.506
0.136
21.895
0.162
568.057
6.536
15.429
0.149
19.256
601.166
0.154
0.544
1.936
19.562
624.074
0.173
0.165
0.159
0.154
918.977
0.178
0.186
23.374
0.176
586.457
0.174
0.158
49.643
0.193
621.893
0.173
0.137
0.162
0.167
646.579
0.178
0.150
0.545
0.161
629.051
0.168
0.157
0.149
7.551
451.964
8.105
136.508
0.169
0.164
197.104
0.135
80.772
51.253
0.506
636.410
0.137
3.576
0.157
0.136
479.890
111.096
0.174
0.182
61.812
917.881
0.181
0.167
0.184
4.775
804.755
61.228
0.251
0.662
0.181
0.646
34.840
0.190
0.570
0.177
2051.927
181.725
5.325
0.130
0.529
0.511
0.154
0.146
0.130
0.151
667.553
0.540
0.529
2.342
0.133
695.958
0.191
0.556
4.566
0.502
4325.897
189.925
0.161
0.160
0.133
546.200
0.179
87.076
37.132
0.163
443.986
0.142
0.166
0.158
0.152
725.533
0.763
9.718
0.242
0.164
620.385
2.824
5.701
31.684
3.136
865.588
0.989
0.181
0.189
0.165
629.430
0.186
0.172
0.161
0.156
393.108
0.630
0.132
0.159
0.136
519.400
90.712
0.194
0.592
42.674
588.830
0.161
0.153
20.101
0.179
209.737
172.526
0.219
0.172
0.172
650.712
0.209
0.709
0.716
0.176
456.651
146.943
0.163
0.172
0.150
0.513
0.532
0.141
0.532
0.196
302.492
0.168
0.173
0.150
0.164
0.257
323.742
0.132
0.137
28.648
512.673
0.151
2.571
32.334
36.912
0.145
0.513
0.142
0.134
0.153
389.972
0.198
0.181
11.657
0.872
0.161
1116.732
0.160
134.741
0.163
0.151
558.821
118.238
0.154
0.147
502.269
150.068
0.146
0.548
0.141
577.855
0.163
0.153
0.553
0.136
303.873
0.154
0.513
65.874
0.170
756.584
30.129
0.162
0.181
6.525
670.077
0.171
0.158
0.157
0.172
516.544
0.149
171.283
0.169
0.163
527.650
149.795
0.684
0.175
0.164
665.984
10.315
0.171
0.517
2.854
546.313
0.190
13.516
64.410
0.176
651.387
11.390
0.145
3.126
0.509
508.641
202.307
0.226
0.201
0.164
524.800
87.439
1.490
69.563
0.636
4340.328
0.525
0.143
2.079
191.256
587.599
102.301
0.564
0.548
1.351
0.510
57.702
0.165
0.157
0.170
895.670
0.513
0.181
0.169
80.098
694.837
0.187
4.997
0.569
3.920
501.651
0.161
0.137
34.934
7.096
198.870
0.164
2.653
0.574
0.143
6.142
0.577
3.278
0.550
0.136
613.612
0.204
88.908
0.155
0.159
517.661
0.158
183.917
0.149
0.154
715.463
0.175
0.167
4.615
3.243
0.164
0.135
0.662
0.136
0.129
984.969
0.211
0.206
0.178
0.172
611.810
0.255
0.194
9.108
0.189
0.550
0.153
0.134
0.153
0.153
0.135
0.162
0.181
0.133
0.142
201.935
171.810
0.640
0.158
0.588
0.148
0.147
0.613
0.160
0.156
679.597
0.165
0.164
0.561
0.153
704.224
0.483
0.249
0.197
0.202
500.992
22.300
6.417
0.159
0.172
153.506
0.136
116.385
0.185
0.580
526.727
30.607
0.551
0.147
84.017
502.799
4.465
16.072
10.226
0.610
0.130
0.145
7.983
40.134
60.190
515.298
142.413
0.146
0.160
26.276
620.144
0.184
0.173
0.150
22.485
654.743
0.161
1.624
0.556
0.147
660.756
0.171
0.167
15.860
0.161
643.916
3.050
0.137
0.135
0.146
496.450
53.109
118.399
3.431
0.585
490.229
23.548
5.666
0.190
0.145
0.153
93.998
0.193
0.153
0.161
38.920
0.164
0.154
0.134
4.925
0.140
0.615
0.133
0.139
0.537
490.851
125.107
23.564
0.190
2.302
586.088
0.607
0.145
0.165
45.119
627.562
0.174
0.180
5.534
0.680
0.145
0.680
0.148
0.146
117.784
495.055
21.680
0.166
107.504
0.665
0.159
0.181
0.135
0.175
0.534
1764.842
4.275
0.172
0.167
0.580
488.699
226.090
0.158
0.146
0.154
937.280
0.201
0.204
88.509
0.532
4433.769
45.719
99.588
33.066
14.532
647.704
12.875
0.209
0.653
0.166
187.737
0.173
0.174
0.136
0.136
740.497
0.142
0.151
0.161
23.699
576.002
0.200
0.680
139.975
0.195
0.173
0.182
0.177
3.362
85.777
823.938
0.156
0.136
14.381
0.734
4382.228
16.836
0.182
12.996
0.593
0.188
829.378
0.159
0.174
0.161
248.991
0.607
0.581
2.100
161.604
231.755
36.985
125.675
0.144
0.181
398.744
0.563
0.549
57.907
0.366
604.331
5.569
205.118
0.172
0.168
831.345
0.160
0.148
0.142
0.147
599.417
3.133
231.359
0.158
0.598
852.043
24.614
0.179
0.655
0.155
819.312
4.598
0.175
0.145
0.141
787.556
60.400
0.155
54.052
0.199
6155.496
0.166
156.664
55.397
0.626
673.031
143.172
0.173
16.911
105.233
803.653
0.190
72.228
6.600
0.729
986.087
0.469
1.570
57.272
0.715
831.170
0.257
0.209
0.192
83.118
657.851
0.165
179.582
0.181
0.607
556.958
0.342
0.234
0.207
8.957
876.769
0.188
4.598
0.177
0.139
776.169
60.476
0.153
0.579
13.640
660.224
146.649
0.224
0.190
0.162
427.061
0.573
2.926
0.158
0.556
834.401
0.154
76.059
0.177
0.195
715.607
0.171
0.167
0.165
0.138
155.830
0.174
2.146
0.156
0.591
649.338
175.928
0.172
2.692
47.185
1153.890
0.488
0.224
84.337
0.215
802.794
0.171
0.167
0.187
0.186
334.045
3.585
0.169
0.177
0.176
115.072
0.727
0.203
3.991
0.145
2462.271
0.219
0.157
0.175
0.180
832.116
0.173
0.221
0.210
2.674
242.641
0.219
7.243
154.512
56.485
964.322
1.073
33.467
0.407
0.206
0.555
18.875
0.211
6.430
0.648
7354.999
128.933
0.603
55.074
1.376
981.213
9.314
0.335
0.187
0.816
852.698
0.167
0.160
113.787
0.683
768.795
0.167
0.640
16.024
3.654
69.454
68.607
76.611
0.766
0.186
0.588
0.605
0.159
0.158
0.172
1044.601
0.207
0.196
6.124
0.158
704.702
177.063
0.266
0.194
93.561
684.518
239.006
0.156
0.201
0.176
723.236
172.751
8.837
0.184
0.156
0.564
422.581
61.454
0.250
0.191
2008.712
0.154
226.186
0.166
0.172
850.644
156.862
0.222
0.221
0.174
701.519
5.537
60.095
8.047
78.352
526.240
0.173
0.168
0.159
0.178
770.043
181.646
27.797
8.992
0.164
0.583
0.154
0.151
0.179
0.154
825.004
0.181
0.175
0.150
0.184
112.035
6.821
0.188
0.177
0.161
742.009
116.021
0.255
0.801
0.210
306.097
0.791
19.627
41.450
100.475
751.328
151.496
37.675
6.724
0.175
852.858
0.674
85.722
0.631
4.249
723.775
6.906
0.168
160.553
0.146
826.073
0.191
3.460
0.615
0.153
1.836
0.176
0.157
39.783
69.760
707.401
245.388
0.711
0.198
31.890
745.518
1.676
47.864
6.004
0.215
145.488
45.154
8.425
0.203
0.687
727.276
59.813
0.600
4.197
0.600
8.432
39.261
0.190
0.173
0.186
298.370
22.924
0.198
13.373
26.091
172.195
238.794
0.156
0.181
0.179
750.591
0.193
260.003
12.020
0.177
1463.136
0.594
0.163
28.393
0.162
1049.886
0.158
4.959
0.194
0.167
877.249
0.616
0.163
0.178
2.224
810.786
3.262
0.161
0.164
29.976
9.577
0.870
0.180
0.177
0.179
886.622
0.599
2.849
0.606
0.158
817.886
76.992
0.181
0.622
0.174
874.992
0.596
0.162
42.839
0.188
907.201
0.153
0.157
0.155
0.169
0.621
14.524
6.637
0.605
4.075
693.773
38.635
0.174
242.942
13.757
0.192
702.256
3.350
113.714
0.189
468.864
0.671
0.184
0.179
0.150
885.562
0.154
5.617
0.632
0.178
0.149
29.865
14.155
0.171
0.183
926.453
4.540
0.195
0.182
0.645
744.669
184.179
0.231
8.973
0.156
1028.014
0.293
16.670
0.220
1.040
902.816
84.979
0.218
0.213
0.192
901.629
0.191
2.379
0.606
19.194
0.159
0.610
0.176
0.586
68.765
866.374
0.648
3.666
0.591
0.159
968.800
0.193
7.428
0.199
0.240
701.683
0.151
74.033
27.107
3.355
109.577
6.303
0.612
0.627
29.126
747.048
199.794
9.967
6.338
4.732
0.200
0.159
0.168
0.167
0.148
947.451
0.186
0.163
0.169
0.283
0.597
0.168
0.245
0.148
0.155
778.399
0.757
9.523
59.874
0.187
0.166
0.635
37.403
0.171
0.177
153.432
0.838
9.621
1.147
0.225
0.189
0.162
0.764
0.158
0.188
709.960
1.034
241.271
0.188
0.188
1189.482
0.555
1.752
69.381
0.162
959.777
0.273
0.187
0.164
0.163
772.988
139.453
0.170
0.161
3.493
0.600
0.169
0.199
0.154
0.682
36.529
3.848
2.105
0.202
0.599
713.549
197.680
42.604
0.235
29.506
969.804
9.843
0.238
0.180
0.232
1035.846
0.150
5.982
0.184
0.763
709.509
0.164
10.287
221.117
0.186
779.324
0.633
70.882
0.852
0.157
0.177
31.330
0.429
0.807
0.701
910.080
0.185
22.042
0.190
2.748
1576.925
0.496
0.267
0.304
0.228
1052.885
0.515
0.216
7.949
0.248
7537.715
0.660
29.560
0.189
0.171
1003.217
0.255
0.223
0.196
0.201
931.383
57.416
0.220
6.722
0.265
849.389
0.195
0.175
114.792
6.725
915.291
0.768
55.810
0.225
0.727
0.219
0.618
0.161
0.282
0.177
1468.825
17.715
0.828
48.247
1.226
820.985
0.158
89.542
0.895
0.198
1281.656
0.473
1.005
0.221
0.248
835.335
0.154
0.496
0.178
0.179
381.070
3.613
0.166
0.696
0.661
866.092
29.574
0.183
0.305
0.182
0.165
0.294
1.816
0.240
0.628
737.498
0.808
180.293
0.629
2.594
745.714
146.254
0.196
0.160
0.328
885.785
4.130
0.194
0.187
37.542
915.211
0.189
0.316
0.160
0.152
827.970
7.077
70.609
0.182
0.176
2707.969
7.964
79.617
0.237
0.224
249.786
126.656
0.275
0.162
0.164
398.147
0.184
0.155
56.222
0.187
8900.010
103.092
0.649
2.476
0.623
0.167
0.162
34.637
0.204
2.702
0.170
23.195
0.662
0.196
0.606
962.054
42.883
24.626
18.609
2.995
0.164
0.189
0.655
0.182
18.321
0.620
0.180
0.187
0.689
0.162
887.573
0.649
182.989
0.182
0.184
862.441
0.217
0.152
0.160
61.541
267.390
153.458
43.930
11.493
8.470
1138.620
0.207
41.430
0.243
0.230
905.037
70.372
0.170
0.188
0.197
907.735
0.661
95.796
30.745
0.199
985.177
0.191
18.249
2.991
0.665
805.220
4.087
191.589
0.195
0.167
2193.147
26.896
33.108
43.271
0.182
1027.066
0.826
0.173
0.168
0.182
1017.029
0.210
7.678
0.190
0.194
8660.777
0.630
0.174
0.183
0.193
0.184
42.156
0.235
0.200
0.224
1266.758
0.382
0.901
0.801
5.568
1060.139
0.260
0.755
0.208
2.661
0.171
0.635
0.637
0.186
0.216
1046.225
0.200
0.216
0.212
2.845
1510.782
0.161
14.323
1.102
200.124
1051.211
0.163
2.237
0.185
0.173
811.486
0.187
18.590
0.983
0.247
0.184
0.640
103.496
83.926
0.189
978.432
0.186
3.597
0.162
0.187
789.003
0.215
223.050
12.932
6.004
803.628
0.917
0.167
11.897
0.172
488.646
0.179
59.818
0.251
0.221
0.161
798.743
0.170
0.655
0.793
196.419
7.833
0.241
0.211
0.235
799.631
23.589
140.761
0.414
0.175
0.268
0.183
0.183
34.253
6.573
982.775
4.767
0.194
0.214
0.802
969.603
4.329
0.208
0.200
76.938
821.244
167.124
0.184
0.173
0.162
1722.096
0.173
0.181
0.160
211.571
0.164
939.719
0.231
3.406
2.238
1035.362
0.189
94.102
0.235
10.694
1079.284
0.212
5.650
0.174
3.794
985.036
0.249
62.982
4.422
0.221
815.861
140.973
0.772
3.705
59.772
1064.083
21.107
0.182
0.646
2.688
1050.340
0.648
0.759
0.182
0.173
1096.925
0.231
0.749
3.447
0.183
1202.895
0.226
0.851
0.260
6.981
1052.734
0.172
0.206
0.203
0.685
821.485
0.181
26.170
0.192
48.632
249.870
0.250
0.779
0.199
210.913
823.050
24.277
0.174
15.619
39.306
23.321
117.337
0.220
0.721
0.207
858.627
109.784
6.783
79.556
0.170
849.572
209.203
0.191
13.567
0.631
1261.814
0.595
0.229
53.287
5.468
843.957
4.011
0.641
223.254
1.217
835.778
0.689
0.183
0.180
13.159
142.831
0.225
0.173
254.308
0.277
783.804
37.586
48.424
2.387
102.300
269.325
52.893
0.276
141.075
0.726
1001.153
37.484
0.227
8.151
0.197
1298.888
69.674
0.343
1.766
0.217
834.765
31.609
169.103
8.816
0.643
0.675
0.158
0.197
0.192
0.626
10214.098
5.380
0.190
105.572
0.175
1025.486
0.215
79.274
0.305
0.811
1140.436
0.203
2.987
0.670
0.174
899.809
0.238
0.212
72.635
0.656
11.684
63.518
0.308
0.208
0.191
1086.573
0.196
0.198
0.195
0.159
1149.937
0.200
0.163
0.207
4.226
1088.812
0.744
13.948
2.638
0.662
1091.289
1.588
0.194
0.181
3.750
870.691
109.945
0.251
37.130
0.224
238.388
246.622
0.650
3.482
0.164
1000.510
37.902
0.744
1.468
46.674
1169.087
0.321
0.249
0.226
0.249
876.204
0.717
210.030
0.237
0.212
832.532
62.589
141.626
10.051
0.933
1048.725
0.177
0.667
0.198
0.397
861.138
210.281
10.239
0.190
0.700
1013.211
43.605
0.227
5.045
0.215
0.171
0.175
0.182
0.789
0.157
1100.557
0.207
0.196
0.214
0.189
907.615
0.219
115.017
0.263
0.735
740.248
0.189
0.194
3.466
0.184
997.793
0.262
0.238
2.813
48.728
0.195
0.168
0.368
66.432
0.256
1106.446
0.206
0.804
0.744
4.408
897.871
40.283
0.196
124.764
4.102
0.197
30.563
0.180
3.145
22.962
1339.112
0.600
69.172
0.262
2.682
1560.154
0.545
0.259
28.353
9.811
0.195
0.692
0.822
0.183
0.192
1043.475
0.220
7.109
78.763
24.283
1500.346
0.198
0.736
0.681
0.195
0.194
0.192
0.189
0.786
0.208
0.194
0.192
0.168
0.188
0.310
0.226
0.671
0.188
0.271
0.635
910.724
49.997
0.188
123.473
0.207
923.189
187.708
35.362
0.196
0.191
941.432
4.089
0.207
0.203
37.956
0.199
0.196
0.709
43.504
0.747
469.228
14.138
0.803
0.200
0.215
321.592
0.202
126.339
0.227
9.630
299.351
33.539
0.179
0.663
0.165
225.606
0.194
3.735
0.209
0.167
874.000
0.584
0.248
210.825
0.679
879.094
38.220
3.103
0.210
1.594
746.950
265.385
0.184
0.175
0.503
931.289
12.766
0.234
0.173
0.714
0.170
0.677
212.365
0.207
0.212
884.916
35.392
0.216
0.213
0.175
2867.301
0.850
41.422
3.652
92.297
526.232
0.245
0.250
13.984
0.188
1045.273
0.339
0.848
7.262
27.052
64.350
0.699
3.553
0.193
0.184
944.219
182.235
0.197
0.700
0.212
0.729
0.676
0.163
40.223
0.721
1528.100
131.905
18.141
0.198
3.642
1072.981
0.177
0.687
0.172
0.185
911.000
3.782
20.616
0.206
55.565
565.261
2.903
0.187
0.187
0.185
12600.085
227.872
0.884
3.628
0.231
1024.469
0.170
0.191
3.159
60.719
367.882
0.194
112.778
0.251
0.831
945.598
20.956
0.176
177.028
4.590
992.084
0.696
119.555
0.775
0.177
1005.390
111.296
69.103
4.079
0.197
0.817
0.210
0.690
0.167
0.197
1121.713
0.707
17.282
0.201
0.204
886.939
71.202
159.226
0.173
0.215
873.250
2.294
20.899
0.195
0.204
255.015
9.390
0.392
86.105
0.186
944.160
0.218
131.970
175.776
0.226
1225.984
0.873
0.785
0.183
0.187
1216.042
0.978
37.077
6.815
0.213
1215.398
0.198
27.666
0.232
0.188
1264.222
0.212
0.207
0.207
5.394
1147.747
0.187
52.889
6.216
0.667
0.212
1825.986
0.263
2.170
0.217
1339.715
9.169
49.394
0.177
0.185
913.008
124.921
0.224
0.197
43.247
296.404
258.094
0.223
0.226
0.819
1025.649
0.187
259.496
0.262
1.766
0.209
0.184
0.194
0.213
0.192
994.560
15.309
0.705
41.481
0.194
541.437
0.206
0.195
0.215
0.697
1031.746
3.535
113.970
0.192
4.998
0.320
0.197
0.196
0.208
23.187
1049.532
0.189
0.204
3.710
0.179
245.690
253.391
17.649
6.085
0.181
1098.146
0.846
0.235
0.401
0.197
0.690
0.319
0.213
11.515
6.144
0.174
0.193
0.343
0.190
0.218
73.412
0.746
0.225
0.219
0.221
1192.657
24.585
0.916
9.898
0.285
1113.697
78.081
0.225
0.239
0.927
1112.109
0.787
69.193
4.674
0.180
1270.273
1.046
0.251
0.266
0.255
1143.554
0.211
3.905
0.702
0.185
1061.613
120.485
0.191
0.226
9.230
906.408
0.205
0.189
0.782
34.357
454.389
0.195
0.174
0.714
0.782
1257.664
0.214
0.753
2.193
0.691
923.112
221.901
0.295
0.954
0.797
310.597
254.056
0.239
41.784
0.190
1097.842
28.587
0.207
0.187
0.186
4374.475
54.991
155.525
0.241
42.638
1084.304
1.868
0.205
0.204
0.219
44.282
6.386
0.244
12.111
0.220
0.204
0.181
0.213
0.202
0.181
1007.459
153.608
0.220
0.186
0.173
1668.528
13.701
0.180
0.212
0.201
986.934
155.411
0.247
0.774
0.184
932.853
51.682
148.623
0.771
0.208
897.663
203.475
0.690
0.171
0.181
1478.002
0.232
40.843
0.211
0.758
1111.285
0.422
99.490
1.861
0.178
965.905
0.204
200.246
0.185
0.226
1046.446
0.187
152.642
0.182
0.969
0.186
0.181
0.860
0.220
12.007
1226.525
0.221
0.199
2.169
8.342
1513.527
0.320
160.303
0.191
16.148
962.388
0.211
0.218
184.473
0.215
943.428
131.599
0.877
0.238
74.849
971.900
126.625
0.250
0.738
1.809
446.094
0.244
20.892
0.202
0.202
1178.149
0.194
0.769
3.314
0.218
3919.579
7.453
0.270
0.198
54.491
117.723
1.415
0.206
0.205
0.721
1223.106
1.429
0.204
0.180
0.209
1146.091
0.251
0.232
0.259
0.244
1527.164
0.582
0.330
134.122
0.991
918.560
235.437
0.181
0.968
0.197
1000.923
139.629
31.894
43.209
0.185
1055.895
4.630
0.881
0.249
250.776
1293.181
36.983
0.343
9.577
0.225
0.190
0.221
0.178
0.210
0.721
1031.708
207.488
0.359
3.780
0.219
974.886
273.862
0.917
8.794
0.920
14420.592
0.869
33.713
0.278
9.567
1493.157
9.437
0.802
0.212
0.205
2065.572
19.523
0.200
0.204
0.189
1310.343
0.775
0.173
0.212
2.090
1139.113
0.826
0.779
0.720
0.190
0.783
213.589
0.786
3.138
0.710
1110.977
0.212
178.469
0.556
0.245
627.525
0.206
0.181
0.187
0.224
0.218
0.228
0.179
3.248
0.740
1246.189
46.264
0.226
0.187
0.712
1614.497
0.277
23.309
0.242
0.182
1050.507
0.245
9.859
304.861
3.774
1129.089
0.233
3.728
304.786
0.223
1451.827
0.208
0.207
0.227
0.234
1466.325
7.706
0.256
1.036
0.237
1424.541
0.212
4.617
0.241
0.219
1097.538
0.182
136.677
3.164
171.754
1252.068
16.874
49.548
98.986
0.259
1388.274
81.462
0.216
0.791
10.497
1014.421
337.763
0.222
0.760
0.210
734.658
26.387
0.206
0.205
0.774
1392.245
6.886
0.851
0.213
0.820
1262.891
0.543
0.281
175.289
0.212
1086.889
218.267
79.644
0.776
0.186
0.210
0.898
0.225
7.315
29.957
1089.381
232.790
0.788
0.744
0.328
1102.126
11.182
0.265
0.875
0.241
24.266
23.478
7.186
0.277
13.689
0.218
204.136
0.764
0.212
7.433
1058.119
0.763
0.184
239.228
0.182
0.204
0.202
0.240
2.193
67.649
1186.337
0.191
0.218
0.201
82.915
1620.329
136.299
0.363
0.239
1.006
1285.467
0.797
1.189
63.064
5.306
1316.855
0.527
0.225
0.218
14.972
1128.548
148.016
0.939
0.213
0.229
559.065
6.733
0.818
26.348
54.648
1415.612
0.242
0.938
42.141
13.027
1264.736
0.221
0.868
0.567
0.406
8.048
3.551
85.747
0.238
0.225
41.743
0.241
44.312
0.214
2.795
1398.094
0.283
0.291
0.244
0.243
1223.637
187.799
0.308
6.610
0.842
1315.304
64.130
0.205
0.236
5.066
1066.671
325.514
0.227
0.424
0.262
1117.122
28.956
263.812
0.742
0.186
1221.765
156.074
0.331
0.809
0.235
1386.168
16.455
0.775
0.734
0.764
1378.581
16.537
0.238
0.273
45.932
0.197
1077.240
174.804
57.297
4.721
67.432
4.251
0.773
0.178
0.187
1934.121
5.943
0.865
0.211
0.189
1402.248
0.908
0.237
0.236
14.872
1107.322
178.907
0.250
0.240
0.258
0.247
0.241
0.183
0.822
0.788
321.277
284.523
0.230
68.208
0.208
1078.789
29.102
0.213
3.834
0.192
185.264
0.247
0.252
3.313
0.202
388.419
145.028
0.301
0.224
81.409
1514.320
0.270
0.281
18.910
1.351
1467.449
0.440
0.930
0.212
2.599
1353.123
0.202
0.975
111.484
0.233
1126.622
0.970
366.940
1.036
1.040
1447.303
0.938
0.460
0.249
0.193
1104.190
137.816
34.191
0.300
195.455
1447.065
17.138
0.683
0.317
0.262
537.544
189.357
0.299
8.437
0.364
0.876
0.797
48.042
149.076
0.605
1063.639
358.626
11.637
99.062
0.256
1180.651
350.499
0.281
0.255
125.240
1664.362
1.003
2.794
0.251
0.206
1081.552
416.012
129.991
0.332
12.491
1657.871
0.271
0.264
43.673
8.149
1693.820
0.262
0.267
0.313
0.307
1089.062
80.899
0.300
9.618
86.672
0.194
365.963
0.627
0.266
0.258
125.388
156.849
0.266
0.992
0.883
442.025
17.313
227.933
96.665
1.466
2066.597
0.358
19.764
0.274
0.241
1407.622
3.382
0.215
0.230
0.804
1155.498
377.239
0.226
0.251
0.233
14006.195
0.257
0.223
0.797
0.233
1353.956
0.307
0.273
2.673
0.868
1172.980
331.076
0.973
1.017
0.187
1064.995
319.914
3.591
0.195
44.771
1014.848
383.734
0.195
2.416
0.223
1067.151
367.243
0.211
0.771
0.227
1465.008
0.303
0.259
42.725
14.286
8335.588
0.327
0.282
72.866
5.758
1792.158
0.345
0.304
36.842
0.241
1074.370
0.195
0.227
0.778
378.479
1552.315
0.226
0.239
0.205
88.198
3696.501
178.085
0.269
0.921
10.544
258.307
337.948
123.322
0.295
0.852
202.374
217.325
598.982
0.360
0.286
1267.330
230.118
6.092
0.837
0.941
712.649
0.216
0.199
0.931
0.203
1171.415
0.579
0.361
8.354
0.479
113.392
0.216
245.128
0.250
1.398
432.874
0.267
260.852
79.769
3.964
1753.004
0.232
0.204
0.242
0.219
1303.261
9.941
0.909
32.478
0.269
118.839
0.285
78.530
167.790
0.233
1475.157
5.846
0.241
136.182
11.334
1371.783
0.243
0.273
332.275
0.227
1737.559
0.288
0.929
0.234
3.652
1306.326
3.233
11.723
1.110
0.225
0.194
272.586
22.833
0.802
52.637
1197.924
60.006
434.070
0.216
0.208
1207.461
132.695
0.218
3.139
0.789
424.161
398.427
0.257
0.241
5.499
1196.234
56.549
8.105
0.201
53.956
96.617
299.074
6.318
0.849
0.231
1545.957
0.247
88.807
0.224
0.806
1252.922
289.889
0.237
0.230
5.535
0.235
0.861
0.190
0.201
0.770
1479.682
0.330
0.304
0.246
198.795
1237.901
0.196
91.871
1.081
0.261
374.052
474.780
0.277
0.239
0.261
1677.761
0.291
0.303
0.237
0.235
1515.599
0.257
0.217
48.280
0.842
2452.055
0.230
0.969
346.055
0.274
1360.853
0.248
0.806
152.356
0.196
1177.207
2.445
0.195
9.664
156.901
121.479
0.860
0.222
0.244
11.287
1163.685
290.445
0.218
0.212
3.558
0.188
0.924
0.805
0.222
0.210
1121.615
150.470
226.114
0.206
3.530
1739.729
0.642
0.260
107.749
0.991
1391.907
0.240
0.256
0.241
0.253
574.663
0.349
8.498
0.324
62.879
1493.157
0.236
0.233
5.133
0.236
1591.779
0.607
0.249
1.189
78.021
1190.426
24.906
66.564
66.107
0.836
670.981
0.213
4.009
0.256
0.226
1495.223
0.214
0.838
0.197
0.202
2009.120
0.628
63.480
0.503
0.232
1174.038
321.868
6.526
35.180
1.842
1123.865
0.204
0.206
275.869
77.735
1383.490
0.261
0.807
93.082
0.242
1352.910
0.959
0.855
0.263
0.923
0.773
0.195
186.275
0.845
0.252
1228.219
305.621
0.215
0.216
0.232
1204.995
241.439
0.381
13.715
0.286
3.848
0.362
0.230
0.858
0.208
408.673
2.082
0.292
0.306
255.549
803.056
0.262
0.243
0.959
4.223
1308.685
0.494
0.792
0.209
76.267
0.776
125.983
0.280
0.354
67.788
0.226
37.245
0.275
0.261
0.328
1471.625
192.437
8.887
0.453
1.116
1656.480
1.011
0.287
6.989
0.280
1446.445
218.307
0.267
4.478
21.080
1560.047
1.525
0.292
0.276
43.994
1646.950
0.321
7.619
0.310
0.287
1337.358
17.441
9.764
132.815
53.469
1582.759
0.280
0.256
0.277
0.331
1133.546
81.315
37.283
0.331
390.985
1153.718
213.560
2.474
0.290
102.014
16471.566
0.211
0.235
5.317
0.949
1726.320
0.884
0.199
0.924
14.768
0.248
0.972
0.247
0.227
0.875
1337.853
13.583
6.758
360.806
17.225
1526.247
8.688
0.259
186.996
0.221
1278.570
98.990
1.023
91.154
336.869
1724.520
0.219
0.923
0.214
0.216
1450.570
0.236
0.224
0.215
31.057
984.485
0.393
1.259
0.305
0.278
1852.019
11.705
1.049
0.335
0.281
1338.284
122.429
0.333
0.217
0.251
0.901
0.227
377.256
0.328
6.645
1587.938
262.712
0.361
0.260
1.244
1685.902
242.289
0.217
0.334
0.244
1857.340
0.937
0.325
0.812
21.173
1795.563
4.191
0.233
0.876
91.050
1681.664
7.250
61.432
0.214
0.215
2469.803
21.579
0.505
0.282
0.307
0.214
54.661
0.286
26.095
0.915
1288.788
34.008
46.386
6.543
227.485
1980.284
1.644
1.092
77.719
1.370
12088.264
0.321
0.893
99.546
0.914
1675.499
0.396
0.220
0.278
203.936
1655.855
0.219
0.213
124.076
8.523
1724.552
0.812
0.233
0.262
0.220
1318.021
79.159
387.127
4.080
0.239
1926.006
0.991
0.231
6.224
0.241
2111.991
0.665
0.263
88.941
0.595
1224.100
0.257
496.905
1.029
1.000
2321.442
0.467
35.206
0.666
0.296
0.969
91.641
0.280
9.365
0.286
1792.679
1.082
0.286
0.243
0.291
1628.966
0.693
1.212
0.286
4.831
1306.995
98.343
324.842
0.244
0.261
1281.971
165.591
0.257
2.845
0.219
0.863
77.255
1.014
4.797
204.417
1289.824
209.128
137.855
1.156
26.862
1788.813
0.343
0.902
8.378
0.373
1441.380
8.652
212.723
4.558
0.988
305.269
0.265
0.265
0.272
5.673
0.253
0.890
0.243
0.353
0.901
1901.117
0.235
49.732
0.256
1.018
1525.058
119.761
0.249
0.294
0.271
675.653
8.700
315.283
0.252
0.232
1593.128
303.066
0.373
0.282
0.280
1566.125
0.279
155.570
1.351
1.068
2369.655
0.273
1.130
36.818
1.095
1402.301
4.317
0.934
126.796
206.976
1307.327
74.660
5.958
0.221
296.041
1306.263
47.472
14.185
354.312
0.223
1579.036
14.418
0.402
1.231
1.043
946.497
0.884
0.235
0.261
0.290
1340.028
249.598
0.948
0.865
0.341
0.886
77.613
0.269
0.223
6.115
13226.388
1.165
0.320
8.135
105.547
1508.073
370.119
0.322
0.267
435.223
1552.840
5.653
338.654
0.376
1.120
1378.277
6.651
5.587
0.252
0.250
2217.685
0.424
0.336
189.020
0.255
2345.586
0.918
37.660
0.280
0.278
2342.355
0.247
11.011
0.324
0.265
1485.496
737.109
0.299
18.226
1.241
0.264
0.222
0.908
0.890
0.267
1903.445
0.243
180.424
0.257
206.773
1459.666
510.628
0.313
26.859
374.099
1536.235
769.836
0.316
0.266
0.294
1974.900
16.353
0.368
1.002
0.947
1296.265
8.001
0.255
0.222
0.970
2203.876
0.891
0.222
0.243
0.213
1330.244
634.529
61.541
0.222
0.854
0.222
0.923
0.200
251.599
0.965
1582.356
734.485
0.300
0.284
0.255
2302.006
0.264
0.893
0.276
0.358
0.254
0.243
25.886
0.258
0.885
1315.715
116.579
322.641
1.104
0.499
993.318
0.222
0.251
356.963
0.361
2191.320
0.281
0.292
0.285
11.767
2506.345
0.660
0.398
105.668
0.674
1896.524
11.605
0.232
0.924
0.244
564.598
0.433
645.842
13.816
0.977
0.236
0.229
0.216
62.020
0.217
1439.991
558.854
41.759
0.298
138.148
1667.882
0.323
580.215
0.867
0.223
2407.966
0.762
0.313
0.274
0.270
0.238
57.194
0.306
0.254
0.271
1756.994
275.962
1.084
0.257
0.237
1891.954
0.411
301.992
0.433
0.330
1575.866
0.541
0.376
1.151
441.807
1606.287
1.174
22.185
0.276
118.992
1.028
0.226
0.212
0.237
232.331
1204.080
0.899
0.212
175.404
0.279
2230.480
0.222
0.244
7.717
0.243
1426.939
415.850
210.289
0.265
1.126
2132.542
0.335
0.321
0.339
8.734
2094.212
0.225
0.269
0.239
0.428
1505.971
23.923
59.915
425.957
0.466
16918.501
1.227
631.281
0.226
0.251
169.103
5.671
0.928
0.854
0.269
1852.362
1.331
248.392
2.713
0.227
1978.443
0.276
0.280
0.317
0.289
67.278
0.261
0.253
0.940
0.212
1952.787
0.713
1.194
317.084
1.647
1409.796
503.757
0.276
0.305
23.158
0.253
0.267
0.213
0.214
0.314
0.243
270.914
0.264
7.717
19.096
1570.387
35.981
508.032
0.276
0.228
0.238
0.239
0.233
0.237
0.944
25.902
0.249
0.239
127.601
6.126
1443.629
0.269
467.931
0.441
0.262
0.234
0.243
294.484
1.043
0.246
0.257
0.227
0.218
1.285
0.261
4866.550
3.143
0.241
0.227
102.220
2217.721
0.296
0.228
0.240
0.889
2227.502
0.662
0.344
35.950
0.698
1428.058
0.222
749.376
0.273
11.712
19388.505
160.185
0.456
0.246
0.893
1690.707
516.000
0.263
17.362
0.309
15736.591
0.288
0.292
15.530
0.423
2005.602
0.329
0.351
62.529
0.335
1395.619
0.351
0.264
0.316
0.296
1557.093
46.289
108.624
635.595
0.241
1557.765
633.479
11.219
187.150
0.314
2365.688
0.476
0.235
0.222
0.877
2409.866
0.220
0.267
0.222
0.285
2372.772
0.438
87.282
14.125
0.401
2205.951
0.217
0.285
0.230
10.529
2010.967
0.439
49.793
0.241
0.944
949.224
13.000
262.718
0.296
0.879
2333.807
0.294
15.868
0.433
0.302
1457.926
159.913
1.151
601.489
0.257
0.235
0.237
0.914
0.226
0.218
2969.866
150.582
0.388
0.337
0.268
1666.609
1.149
291.950
0.912
0.244
622.531
565.926
0.298
6.321
0.241
1572.028
93.851
0.271
610.229
2.984
1803.911
0.635
510.114
11.646
0.308
1517.804
435.184
1.198
16.394
0.305
589.495
895.612
0.676
1.225
0.298
1519.807
112.885
0.345
0.307
2.642
434.819
0.938
370.980
0.394
1.112
1674.112
626.574
0.261
5.680
1.186
2688.629
1.660
179.942
0.323
0.953
2768.127
0.767
0.365
1.188
0.319
1440.465
282.288
0.237
688.181
7.668
1649.384
585.711
0.285
4.192
0.243
2501.476
0.304
0.285
0.312
0.282
1968.700
365.961
1.005
3.886
0.245
1711.381
199.733
0.361
176.566
0.239
2244.821
12.743
27.629
167.231
0.326
1617.884
1.182
833.880
0.271
11.718
1721.316
232.450
1.247
336.791
0.904
1802.308
1.352
0.282
0.318
10.843
0.251
546.990
0.331
34.604
0.299
2209.698
0.267
4.730
78.922
0.221
1500.491
325.870
176.102
186.774
0.319
0.216
0.295
0.892
0.259
1.076
0.932
82.761
0.935
81.141
0.415
1569.145
211.292
52.416
0.263
142.780
3045.054
0.773
135.779
0.572
1.222
2069.691
0.285
0.229
286.792
38.415
2363.024
4.292
0.244
0.248
0.241
2202.953
0.884
0.231
3.468
0.872
1583.402
0.369
776.475
22.683
0.298
2277.450
0.343
90.175
0.944
0.251
2098.643
184.317
0.266
22.331
0.252
1646.219
0.885
380.879
459.011
27.456
2117.465
0.316
14.710
0.296
0.284
1374.824
0.335
0.314
5.993
0.302
0.883
0.261
0.996
0.236
0.276
2634.450
0.773
0.396
2.038
1.134
1516.154
14.796
0.298
735.974
1.014
2333.391
0.965
0.240
0.253
0.348
2326.111
0.279
0.247
0.249
0.235
1796.124
266.226
0.329
8.026
0.231
1386.243
0.249
0.234
2.935
0.957
1655.329
175.840
228.916
0.985
0.918
530.697
148.066
0.229
725.313
0.948
1654.243
304.541
256.891
66.409
0.326
1800.728
543.461
1.081
0.281
0.253
1648.837
683.829
0.476
0.284
0.281
2414.067
0.370
0.299
0.308
0.290
2850.670
201.149
79.077
0.449
1.322
2374.269
3.558
0.263
1.001
53.972
2411.466
57.133
0.370
0.329
0.382
1728.944
0.251
0.280
136.890
141.592
1320.164
0.274
0.235
0.239
1.096
1526.803
739.991
0.274
10.018
0.258
1497.225
578.817
19.756
1.527
349.004
1516.502
783.684
219.394
0.821
18.939
1494.522
0.396
208.780
525.367
0.243
3261.982
0.266
0.264
0.284
9.069
1961.096
7.289
273.884
108.747
0.239
2380.504
4.295
0.255
0.895
0.240
0.271
1576.869
765.207
39.141
0.425
15195.185
0.347
0.321
0.294
4.477
1817.477
542.634
15.441
0.351
1.325
16018.341
0.357
0.337
9.091
0.330
1996.242
0.292
0.288
0.235
0.242
1553.750
39.122
0.965
224.599
113.936
0.932
0.912
0.241
89.837
1.005
1585.378
0.235
288.927
0.289
167.039
0.272
1819.250
0.908
0.229
0.244
885.088
0.888
0.240
1.792
13.121
0.904
0.241
0.318
0.255
0.261
1412.802
26.036
15.968
0.240
276.911
0.360
0.227
0.274
23.047
0.261
0.227
9.550
4.609
119.254
0.280
2088.811
4.624
29.292
0.238
0.251
2436.029
0.715
155.096
0.230
0.275
2735.996
16.272
1.152
1.220
0.236
2131.324
0.312
4.406
0.973
0.285
2998.000
0.227
0.237
0.251
1.029
0.901
0.934
0.264
0.930
0.935
1854.940
7.374
0.269
0.280
0.268
1814.551
0.985
0.226
1.040
79.889
1511.759
427.340
0.258
0.264
1.077
1818.967
0.281
0.297
0.274
7.013
3362.429
0.727
1.307
20.186
0.312
0.246
19.674
0.272
4.346
8.499
2029.467
0.269
8.001
0.289
0.936
2152.676
0.989
0.226
1.145
0.256
1985.583
55.060
0.444
0.337
11.793
0.271
0.395
0.241
0.276
0.237
1984.370
12.107
1.076
1.145
0.231
1910.792
0.263
6.890
0.239
1.016
1479.662
380.563
120.168
0.286
1.021
3175.468
119.262
0.233
0.985
0.251
1983.802
2.815
1.074
0.262
0.383
1810.014
0.272
16.283
1.108
0.245
1568.861
350.457
0.505
0.263
0.230
1470.492
436.363
0.437
0.282
16.190
1362.988
314.005
289.243
0.447
0.363
1477.905
465.061
1.037
4.964
0.235
1963.247
0.287
0.241
0.282
2.483
1407.660
244.102
273.731
0.319
0.252
1910.668
72.206
3.474
0.276
29.517
1993.486
0.317
0.328
0.306
1.221
1980.167
0.280
1.024
0.223
0.389
1452.839
55.563
0.296
0.320
0.973
0.262
14.320
33.727
0.366
192.587
0.399
0.367
1.431
1.455
0.416
529.405
0.344
5.737
122.437
0.281
818.249
1.018
0.230
1.081
1.036
1418.050
0.306
0.302
588.188
0.298
1657.221
0.234
4.544
0.292
0.324
924.364
0.439
1.005
0.355
0.274
1770.406
106.833
0.274
0.260
0.362
1486.770
412.521
9.363
0.315
0.316
1943.687
0.343
0.296
0.294
0.280
1767.469
218.939
13.759
0.307
1.363
2735.535
0.728
1.483
10.953
48.102
1847.665
1.024
0.238
0.249
113.615
1885.398
1.032
4.861
0.265
1.170
1339.738
469.652
0.257
0.266
0.983
6117.818
1.668
6.902
0.274
0.261
0.286
0.930
17.462
0.292
470.721
1379.466
0.292
635.905
0.294
0.527
1962.555
51.080
0.419
1.024
1.024
2431.607
114.075
0.686
1.335
31.566
2220.870
59.296
0.304
0.992
0.226
1523.519
191.196
343.060
0.484
0.344
1493.292
342.747
0.308
0.293
93.297
2022.479
0.324
0.316
68.910
64.835
2516.311
92.732
4.157
0.245
0.346
2158.007
1.194
1.248
0.245
0.387
1779.888
0.355
0.343
8.639
0.302
0.257
0.287
0.290
0.981
29.275
1050.892
43.387
64.148
0.241
0.276
3223.951
0.769
0.351
0.404
22.113
2401.052
0.477
0.329
0.328
27.058
1583.059
405.531
0.282
0.341
0.398
5064.136
0.274
0.362
0.280
0.294
3963.314
1.856
0.331
0.321
0.335
1898.345
49.016
9.368
0.294
1.114
0.284
0.384
0.235
0.245
817.427
4993.890
0.386
16.224
0.349
0.309
2648.281
0.340
695.241
1.437
0.298
0.288
36.846
223.847
1.356
1.124
229.942
0.308
0.327
0.248
0.272
2705.860
1.586
28.912
0.265
0.249
2762.333
0.324
10.726
0.329
0.290
1705.192
0.413
920.129
0.520
125.198
8981.131
0.740
4.429
96.826
0.374
0.250
0.276
0.269
0.295
0.290
1472.568
797.387
11.595
0.304
0.243
2453.032
0.781
0.323
0.361
17.207
2747.876
1.020
0.233
1.074
0.274
7517.462
8.403
0.280
0.274
303.881
1164.686
0.244
0.967
0.256
0.271
1855.515
60.123
6.418
13.454
1.244
1652.507
542.114
1.857
272.693
1.807
1342.365
0.450
1.443
74.023
0.451
1145.799
0.272
5.250
0.244
0.963
0.265
0.241
0.368
0.245
0.237
2136.058
0.317
0.304
0.269
0.306
2044.974
0.285
1.366
0.255
1.010
1925.311
0.265
0.238
0.312
10.237
1174.077
240.877
583.038
0.280
0.294
0.281
0.286
0.237
0.416
0.269
1161.817
165.717
1.605
126.049
624.189
1924.470
1.151
0.865
3.852
1.051
478.776
450.491
253.828
0.447
0.425
0.306
0.276
364.222
0.339
0.310
2076.255
1.188
0.242
0.247
0.386
7467.612
0.308
7.220
1.063
0.247
10675.029
1.092
1.053
469.821
228.510
1425.928
464.108
1.082
0.906
0.250
1650.909
1.300
0.317
0.620
316.923
2142.418
0.439
0.384
0.330
276.556
1451.488
612.451
6.211
0.286
0.338
1876.351
0.323
0.349
0.255
0.253
0.944
0.470
0.250
0.276
0.969
1784.580
0.940
1.377
10.652
166.884
0.245
22.078
4.645
12.485
0.300
1605.687
0.597
495.535
3.683
0.316
0.429
0.288
0.316
0.278
2.237
1607.395
12.301
0.353
470.584
1.397
2802.623
193.454
0.397
0.308
0.298
1696.191
1.214
72.270
103.885
0.341
1316.513
79.436
0.315
0.378
1.568
478.531
0.298
0.257
0.262
102.877
1787.167
1.264
1.010
0.265
0.441
5434.675
57.252
354.030
0.253
0.276
1448.344
373.670
0.377
0.332
0.285
0.301
0.261
202.796
6.663
1.083
1845.968
1.238
4.741
1.063
0.274
1573.575
0.368
0.298
0.286
0.345
951.973
0.401
26.345
1.034
0.245
0.274
0.318
1.200
0.299
195.749
1884.325
0.495
0.347
58.390
0.364
0.278
0.282
12.104
1.063
0.243
1873.879
0.311
3.741
1.235
0.262
1847.641
1.343
0.319
0.292
0.294
1187.677
84.960
352.342
1.356
0.354
718.292
444.049
1.297
0.311
3.190
1649.961
0.288
0.292
0.290
2.488
2401.284
1.329
0.609
8.914
0.265
1710.265
0.281
3.084
1.012
129.276
1311.835
533.391
0.622
0.354
8.306
1427.634
0.713
41.902
306.759
9.763
1226.596
0.329
0.358
454.801
0.324
1843.632
24.943
0.324
0.398
0.378
2233.329
0.830
0.417
6.607
0.364
1667.831
1.757
0.331
1.331
0.236
1615.695
1.540
39.368
0.388
0.327
1113.216
33.542
347.450
0.249
0.251
1721.466
1.036
0.281
10.820
0.981
1287.369
15.977
5.995
287.347
0.260
5938.749
0.240
0.247
3.070
0.288
1792.679
0.357
0.402
45.193
0.964
1754.223
0.258
42.407
0.353
0.319
2206.588
0.986
163.128
1.268
0.276
1276.121
2.552
201.932
0.295
0.321
0.535
0.287
0.240
0.284
0.319
549.507
0.368
373.429
68.728
0.263
1038.251
272.499
71.487
292.895
7.975
1475.021
1.583
0.376
6.563
0.402
16.694
0.568
8.223
1.444
0.349
543.763
0.372
534.195
0.630
0.351
1497.523
0.276
1.147
1.685
0.288
1.002
770.683
0.411
1.374
0.316
7793.935
65.539
280.748
0.345
190.278
1276.842
0.451
207.970
0.288
0.971
573.982
161.265
364.877
30.323
0.300
2129.898
97.490
0.315
1.253
0.617
1193.206
748.864
0.302
0.287
0.256
1599.890
328.431
6.568
0.304
0.317
1635.067
0.294
0.253
2.857
1.016
461.587
183.836
407.897
3.131
1.149
671.374
370.138
0.316
153.349
61.810
1862.128
10.400
0.401
1.334
0.341
1866.810
2.445
0.323
0.274
0.332
2537.176
97.921
0.331
0.333
0.321
1728.820
3.970
1.063
0.448
73.132
1783.934
3.745
0.261
28.449
0.240
1440.969
54.007
2.053
372.901
2.161
0.312
186.788
1.505
1.427
0.302
1372.071
471.464
5.663
0.442
0.319
1273.740
0.710
269.857
352.694
0.316
0.304
1798.786
0.292
0.265
0.528
1390.628
0.640
249.292
0.366
12.049
1.116
0.273
0.447
0.293
1.085
1269.942
0.601
0.389
0.389
4.524
63.238
0.345
7.158
8.985
4.334
0.313
2072.273
0.454
0.323
9.815
2273.827
5.176
89.880
0.366
0.376
1873.674
1.131
2.372
0.288
0.282
0.279
30.145
0.327
1.169
0.239
1577.368
1.461
118.830
0.393
0.366
799.994
0.694
560.982
123.279
18.376
1498.913
410.733
0.316
0.286
18.142
1518.704
0.299
258.891
0.430
59.484
2402.494
131.412
13.503
1.231
54.782
1834.753
9.231
0.359
0.370
0.308
1457.007
18.388
684.891
10.415
0.379
1665.301
392.492
0.407
1.317
11.203
1295.923
491.133
0.946
21.221
0.517
55.021
14.896
0.298
0.324
0.288
1222.227
281.607
0.353
291.161
0.328
0.265
0.253
17.645
8.940
0.357
2014.857
1.489
0.272
0.282
1.090
1817.859
0.344
1.497
1.047
1.127
1384.406
1.073
0.321
429.007
0.269
0.272
1212.099
394.431
0.345
0.378
1404.322
0.932
0.343
0.394
0.388
2880.374
57.519
1.230
1.143
0.283
1.219
0.272
1.037
0.296
0.255
1354.376
0.820
0.381
444.640
1.018
1907.561
0.274
0.251
1.127
0.286
1.011
25.164
1.284
0.257
1.026
1851.363
0.359
0.327
8.625
1.153
1999.952
8.829
0.366
0.396
0.341
1738.619
101.788
320.688
0.366
1.413
1245.067
10.286
0.439
20.092
100.125
627.043
0.287
1.031
0.270
1.229
0.314
0.286
1.293
46.245
0.383
2100.941
0.974
1.405
0.327
1.248
2053.204
0.357
12.044
0.352
1.376
2284.106
0.372
0.431
0.354
2.828
2150.779
3.091
0.384
1.191
0.317
1272.225
402.539
0.321
0.332
0.350
648.278
73.620
660.692
1.056
0.269
2401.491
1.057
0.378
0.460
44.307
3757.075
0.660
8.494
0.469
0.337
1800.589
0.360
0.328
3.649
32.966
1741.630
1.032
0.266
0.447
0.243
1838.360
127.052
0.383
1.302
1.131
1425.462
26.587
233.515
10.296
0.328
763.891
293.700
0.445
198.281
5.203
1988.398
0.278
3.035
1.009
0.271
2438.856
56.422
0.589
1.144
1.259
1887.728
121.000
5.073
1.137
1.205
1312.720
801.307
0.371
0.382
8.077
1991.171
1.037
0.304
0.288
1.066
1595.146
376.055
0.977
0.456
1.329
1853.835
0.955
40.933
1.266
0.292
1445.323
79.280
0.402
603.631
0.310
2580.753
64.445
4.116
0.313
1.048
1644.449
0.261
0.298
0.306
4.806
1.172
0.241
0.251
0.300
0.263
2502.197
23.137
0.423
4.662
1.562
1372.674
306.104
348.440
16.785
0.455
1712.164
40.484
0.384
0.353
1.282
1504.223
1.961
0.364
188.898
0.361
0.255
368.777
154.257
579.160
124.101
2722.414
1.002
0.397
0.384
0.382
2148.162
470.695
0.584
5.889
0.308
9641.246
0.369
0.425
1.585
1.093
1662.697
0.339
0.412
0.328
370.180
1327.519
0.341
0.315
386.438
0.401
1274.438
1.071
2.721
0.266
0.299
2673.488
1.004
0.377
0.518
151.285
2032.991
0.348
9.868
1.452
1.388
1706.217
131.064
1.123
1.033
7.803
1877.120
0.247
1.026
0.440
0.987
1958.382
0.384
1.482
0.485
1.112
1852.548
0.405
8.291
0.525
0.380
0.302
1.174
0.274
0.319
0.315
824.114
57.625
572.422
0.376
0.342
1417.381
0.384
6.694
1.256
39.237
806.518
0.310
0.364
549.335
1.789
1768.219
122.922
0.384
0.443
3.151
1648.188
0.380
12.753
0.344
0.319
9281.025
1.056
3.415
0.315
0.288
2278.540
22.358
0.318
0.282
0.300
1839.359
0.341
0.375
2.329
0.301
1659.947
2.016
0.263
0.255
51.622
1683.368
0.297
0.358
0.310
0.337
1546.587
0.388
246.641
0.400
0.401
682.892
600.005
0.306
0.425
0.307
1213.940
164.117
255.193
0.317
105.634
2077.770
0.339
104.102
0.580
0.464
2410.761
1.197
0.300
19.320
48.811
1748.620
0.297
0.337
0.290
2.410
5403.816
0.435
0.351
0.368
0.321
17830.154
0.917
0.328
139.372
0.290
0.261
83.317
0.305
1.256
1.085
2171.348
1.038
0.515
0.249
0.304
2130.135
0.325
0.306
0.318
0.302
2077.926
0.407
4.167
0.293
0.325
1346.681
0.373
12.177
0.349
3.928
787.401
1.237
496.752
109.070
3.873
1373.067
16.596
0.400
0.411
695.555
1493.534
1.754
8.971
0.527
0.378
570.479
81.138
0.324
0.367
0.322
20267.600
369.614
0.334
76.476
0.543
2394.946
1.225
249.754
100.274
1.110
1584.907
673.996
0.437
0.431
20.742
1659.099
1.282
22.215
91.830
6.369
2895.752
1.236
130.090
1.276
0.287
2388.638
0.298
0.307
173.561
0.328
10776.419
283.770
2.014
0.395
777.827
1330.323
808.004
0.551
126.450
0.364
1853.115
367.130
1.183
1.192
0.263
1139.504
727.733
0.337
0.291
455.557
1.247
14.925
0.321
8.563
1.326
2493.973
0.795
94.436
24.439
0.397
4716.178
804.581
0.281
0.278
1.602
0.272
1.205
1.296
1.464
0.477
1352.476
0.368
1.438
1.263
1089.121
2306.204
7.443
5.773
0.309
0.341
1245.967
1039.409
0.335
0.320
0.273
2071.985
0.391
0.346
0.394
0.335
1255.686
0.307
834.725
0.932
0.388
7457.841
36.304
155.710
0.782
0.345
0.584
1.072
619.374
0.325
10.961
1904.368
7.890
6.419
0.320
0.345
1895.049
0.290
0.283
0.311
0.513
2082.226
16.882
0.334
0.325
3.120
943.484
404.342
0.366
139.192
1.452
1451.418
0.760
335.968
0.298
0.354
1168.878
916.857
0.322
1.075
0.304
11116.515
3.442
1.061
1.226
684.060
1865.994
4.960
198.535
0.697
0.451
2361.354
142.044
0.323
0.315
0.312
1747.900
0.300
1.213
5.391
0.286
1671.538
0.286
0.314
0.262
0.509
1507.464
147.383
0.353
0.312
0.316
1829.566
3.957
0.337
0.386
0.310
1188.442
148.464
0.429
481.367
164.550
1504.904
1.252
0.417
0.457
0.489
72.487
1591.931
13.322
0.504
0.520
2014.278
0.447
13.371
0.540
0.515
1573.931
1.178
0.289
235.060
0.329
1218.488
0.477
732.264
0.301
0.323
9797.752
396.654
1.581
1.141
394.728
1064.985
306.079
40.072
0.332
0.380
0.306
0.287
447.269
3.002
0.276
1773.391
4.922
0.355
0.378
1.245
1199.164
13.274
0.501
0.443
657.990
1727.698
1.671
0.411
0.449
6.690
1472.947
0.393
5.768
147.466
10.992
1448.518
35.058
0.317
117.105
0.381
1.090
0.298
0.340
0.258
0.273
1607.160
1.068
1.177
1.027
0.438
1117.958
0.805
1.877
5.948
83.426
373.163
4.069
0.368
1.433
1.378
1.257
0.349
0.325
1.201
0.283
210.702
11.588
0.551
0.439
46.821
1724.850
1.157
0.321
0.474
0.298
2195.194
117.353
0.623
6.980
12.370
1012.581
0.398
333.831
1.542
209.718
1929.189
70.785
1.813
0.576
0.307
1436.581
45.140
168.460
0.538
0.328
966.958
296.142
418.215
0.333
0.291
1023.968
50.985
582.363
5.470
1.189
1299.302
1.244
365.505
1.230
1.058
1023.436
0.446
472.495
3.976
1.049
1762.397
1.237
51.031
0.603
11.423
1152.288
6.854
501.053
0.357
0.380
978.029
5.242
244.443
1.145
0.341
0.325
1.158
0.402
1.123
135.840
1517.880
0.417
5.425
0.474
36.510
969.135
366.027
0.451
8.555
1.288
0.497
0.323
0.310
1.154
0.430
0.295
142.002
0.361
0.368
4.631
1465.568
148.984
0.369
0.372
1.196
1728.960
0.436
0.509
22.802
0.770
1711.483
0.335
0.297
0.317
28.454
1066.032
279.564
14.024
195.695
1.434
1342.095
141.439
0.540
0.259
0.261
1544.719
1.178
70.117
0.459
0.499
1107.210
530.612
0.551
0.314
167.152
1379.618
9.775
257.129
2.629
0.490
1200.985
0.315
56.967
0.343
1.108
906.685
545.520
0.305
1.126
85.605
1309.843
1.261
0.462
13.499
0.444
143.595
0.334
114.691
0.445
0.498
7480.785
316.124
132.132
0.298
4.313
1491.587
0.289
0.301
0.420
278.853
1862.568
0.396
0.317
81.843
0.918
1750.471
1.796
1.517
1.138
0.320
1117.928
18.335
1.660
334.479
0.470
866.332
297.462
23.287
206.453
11.782
0.274
0.304
0.286
0.379
0.298
0.278
1.268
0.352
0.298
0.262
968.717
0.504
1.628
650.638
22.298
1182.313
446.253
0.347
0.298
4.170
0.291
1.182
70.545
0.302
0.361
1279.006
0.619
476.068
1.261
0.452
0.368
0.388
0.341
1.257
0.309
177.998
5.024
0.468
1.421
1.365
1802.153
1.409
0.357
0.343
4.512
1541.985
47.831
1.039
11.363
1.637
1065.849
450.340
0.339
3.021
0.287
1427.994
92.880
61.422
0.685
0.580
0.382
1224.535
20.072
1.485
222.055
44.781
1424.021
0.303
1.529
76.192
1021.141
4.516
0.483
45.694
525.279
1163.012
4.312
1.418
1.352
0.290
779.389
0.472
353.992
1.190
0.258
1.092
1.209
1.082
0.453
0.361
826.417
81.734
1.581
3.684
339.866
998.909
330.483
263.157
0.317
0.362
1502.809
2.421
0.521
126.200
0.350
1969.521
0.704
8.640
102.275
0.439
1334.121
0.478
3.025
0.371
214.024
1597.266
0.308
0.333
0.462
0.333
1440.790
8.550
262.213
1.725
0.430
1685.463
0.358
0.323
11.059
0.316
1079.182
559.993
97.338
0.363
0.346
0.306
0.312
0.286
0.340
0.488
1183.979
0.351
0.303
1.147
0.355
244.679
231.312
0.496
1.139
0.260
1300.059
0.443
68.906
0.417
205.786
997.914
715.245
1.864
0.395
4.405
1675.243
0.423
0.372
1.365
0.278
1193.158
0.380
1.667
182.914
0.813
1499.205
0.285
0.315
1.186
0.294
1364.302
37.582
1.257
16.706
247.707
1863.550
22.391
22.758
0.282
0.341
1393.345
260.575
0.494
0.370
8.864
1085.182
8.375
289.951
137.965
1.190
1146.624
1.001
0.400
0.362
19.198
1354.426
0.292
0.299
73.031
0.291
0.298
0.396
0.311
1.195
1.219
1567.204
0.364
32.862
1.149
6.320
1632.309
0.318
0.353
0.346
3.295
1150.038
419.524
0.365
3.232
0.299
1087.578
49.134
44.078
436.720
0.334
1122.159
0.467
0.372
442.775
2.265
977.629
236.036
510.316
7.540
0.379
1122.060
282.855
0.378
60.450
1.178
1258.698
10.811
1.378
136.293
0.325
1637.691
0.298
1.819
1.218
0.287
0.359
1.098
1.223
0.332
15.719
1218.029
6.525
166.428
205.828
0.275
1035.179
700.106
0.359
0.335
4.786
1644.996
0.300
0.321
2.409
0.274
1723.838
0.448
0.362
5.617
0.337
1133.824
385.409
1.186
1.200
0.273
0.425
0.337
0.332
0.294
0.340
1270.691
18.185
378.898
11.042
0.561
1919.098
0.972
0.370
18.900
0.543
1675.715
1.129
0.294
0.523
1.210
1100.137
361.912
15.696
0.482
0.314
103.570
0.404
6.861
1.255
0.313
1509.822
0.315
0.317
0.317
1.305
1134.142
9.332
341.951
0.317
0.353
1.165
0.272
0.453
1.085
0.332
1016.008
606.670
1.039
1.123
0.329
1647.321
1.318
0.303
0.293
0.276
1193.449
0.411
2.842
210.071
7.734
123.213
0.312
0.518
1.112
1.124
1516.738
129.932
13.920
0.376
0.342
1380.277
49.073
200.256
64.646
0.899
1120.445
58.732
1.476
450.483
0.345
1502.781
1.159
1.462
0.322
153.711
983.752
0.388
103.879
441.159
1.350
1524.525
0.362
0.485
0.440
1.596
1.253
0.306
1.150
0.431
1.190
1714.830
0.339
1.284
0.282
1.352
1119.448
6.269
0.408
310.280
1.987
1521.832
0.317
2.868
0.360
0.329
1042.174
0.400
13.346
2.471
450.120
1613.043
0.359
0.326
2.708
0.327
1130.948
0.516
7.850
390.701
1.249
0.389
0.305
0.334
0.337
0.376
275.743
1.324
4.104
0.365
1.233
1549.405
90.721
0.802
7.235
0.509
1500.662
0.434
3.393
1.134
0.272
1121.532
539.559
1.174
0.275
1.210
6919.946
0.314
0.451
42.883
1.167
1211.391
465.128
6.839
0.386
0.356
1783.356
0.398
0.509
1.537
0.279
1846.967
11.379
0.498
91.022
0.482
1811.157
0.537
0.509
62.043
169.511
1637.935
1.114
203.277
1.281
12.184
1111.295
500.165
0.358
0.364
133.165
1457.672
0.318
0.335
290.333
1.807
1841.777
0.710
0.458
0.487
5.878
1989.020
32.496
1.339
0.302
0.524
1356.108
58.100
1.532
0.496
88.271
385.584
1.454
0.284
0.351
1.241
1968.329
0.930
0.449
0.530
3.855
1035.174
1.540
384.011
330.610
0.313
2020.315
0.382
43.925
0.533
0.520
1303.860
392.740
5.156
0.392
76.453
1125.341
45.530
141.542
0.480
4.502
42.295
0.592
0.492
107.061
152.467
1083.417
104.743
60.947
0.454
401.057
2621.883
2.440
97.707
0.439
0.395
1140.625
0.446
0.470
548.115
7.324
14436.589
0.443
1.560
0.330
59.323
1576.150
0.294
0.311
0.284
57.200
0.292
0.344
1.077
0.448
1.104
1667.496
108.203
237.631
0.368
53.263
11676.097
2.826
1.151
294.343
0.373
0.329
0.291
1.078
0.348
0.329
1298.289
0.430
198.230
2.695
123.963
1549.866
0.337
1.135
0.321
0.980
0.492
0.298
4.540
0.540
0.332
1404.913
0.397
1.319
4.310
169.438
1821.751
0.432
1.511
6.895
1.669
1223.898
1.268
0.521
1.876
3.968
0.314
420.199
0.345
0.331
63.008
2052.364
0.562
4.208
0.473
43.780
2779.892
0.708
18.276
47.980
0.316
1.265
64.724
14.549
0.505
0.501
1920.165
1.018
0.458
0.494
9.271
1856.049
0.450
1.307
0.470
0.333
0.312
1.374
0.286
1.131
1.203
1173.437
3.504
531.156
0.331
0.305
1570.453
163.913
0.349
0.376
0.356
1323.873
1.384
0.305
0.278
27.403
1060.685
511.973
0.344
1.377
1.224
1417.861
1.681
396.054
0.343
0.323
1456.817
0.299
275.426
0.352
0.463
1211.350
542.552
8.895
2.226
0.454
1518.959
202.644
0.451
15.453
0.666
1467.866
0.794
0.447
0.458
596.824
1916.578
0.313
1.488
0.372
30.827
0.349
0.491
0.284
1.243
0.306
1496.532
0.440
1.183
0.339
165.716
0.474
0.330
1.198
85.232
0.427
1910.018
9.087
0.623
0.670
0.507
1383.900
0.532
33.544
24.872
0.453
1296.284
365.786
52.202
0.385
0.411
1279.208
2.067
438.343
172.471
85.523
1167.952
1.879
117.539
9.145
27.721
1556.009
0.517
0.370
0.364
3.179
1177.581
16.152
11.006
1.668
115.410
1458.429
1.370
53.203
2.613
332.662
2130.037
0.337
0.355
0.363
1.518
1120.052
62.876
13.613
0.865
648.855
42.297
0.799
0.544
0.539
1.887
1348.406
0.427
304.114
0.472
154.123
1260.327
30.252
1.022
0.533
472.409
3034.510
0.335
0.325
0.375
0.276
1788.078
0.292
3.740
0.284
1.155
1976.860
11.621
0.709
2.046
0.518
10208.099
0.449
0.497
0.526
1.519
1801.959
0.318
0.323
0.357
14.534
2113.651
0.600
1.824
0.318
0.313
1556.865
1.340
70.221
6.799
266.188
1188.819
495.403
185.868
5.459
1.216
1201.829
675.170
0.310
0.306
1.444
1333.472
6.160
0.458
258.534
0.674
0.348
0.329
0.339
455.493
0.415
1992.981
0.317
0.353
4.544
0.350
1871.157
0.316
0.282
20.334
0.405
1555.854
0.364
140.508
0.451
3.082
2454.886
0.706
0.552
0.486
97.640
1346.113
2.634
327.157
0.377
155.437
1707.481
0.601
0.508
3.440
0.357
5483.714
5.695
0.345
0.375
1.365
1434.597
2.132
6.168
27.053
539.550
2032.814
8.728
0.492
0.627
0.777
0.413
0.333
64.418
0.430
5.521
1663.064
7.931
196.374
138.908
0.533
1994.257
0.620
0.729
0.494
5.265
1531.614
726.174
6.942
0.466
0.395
2328.204
0.401
0.456
4.534
0.358
1754.304
212.447
0.650
5.232
152.893
1689.890
0.411
315.910
0.397
0.599
1448.565
0.454
0.507
484.666
11.578
2001.714
0.590
4.378
0.546
0.291
1225.862
803.704
0.293
0.328
38.787
1795.778
149.396
0.310
132.435
6.101
1298.664
0.660
568.785
0.739
0.502
246.728
1.268
0.505
0.550
0.454
1869.284
0.447
0.767
0.472
0.391
1615.621
370.045
114.690
24.255
6.018
1881.738
0.455
0.485
1.621
2.292
1504.326
241.932
324.701
0.574
0.473
2031.818
0.490
116.264
0.536
0.645
1671.164
2.328
289.293
0.386
0.374
1320.470
5.781
573.715
118.563
1.269
1255.633
6.171
0.444
136.647
602.736
1411.500
577.540
21.114
1.104
0.556
2155.402
1.678
0.411
0.361
0.376
1441.988
365.774
4.281
1.567
1.268
1431.697
127.916
0.353
0.317
0.496
1.360
51.275
2.579
6.848
195.802
1548.096
67.629
654.527
0.337
0.364
18321.309
0.975
11.388
0.686
429.673
2092.488
55.546
1.320
0.620
0.705
83.121
0.609
108.972
0.396
0.401
1.519
2294.980
0.961
23.632
0.748
0.351
0.407
1.349
1.230
0.366
2754.327
0.595
0.608
29.967
0.504
3353.451
1.465
31.748
1.936
1.448
1687.153
1156.909
1.566
0.360
0.335
2813.094
0.490
2.008
0.446
1.187
1575.916
0.497
0.399
1.843
821.611
980.247
1617.541
0.487
0.458
1.868
1487.464
792.141
1.444
0.468
2.031
1681.854
1.272
1.439
1.200
0.290
443.411
1.939
0.625
1.186
304.853
1591.770
2.457
11.728
1326.562
61.831
2594.796
1.791
0.591
0.362
1.319
1922.115
1.271
0.345
1.327
0.321
1221.191
628.080
0.418
0.430
390.424
1930.121
521.169
0.403
0.407
0.459
2454.393
0.564
0.294
0.341
8.039
0.306
0.331
0.313
67.948
0.482
2055.687
0.364
0.375
0.470
1.264
1355.115
351.400
0.368
0.370
286.983
2551.171
0.321
0.385
0.379
27.737
1454.796
223.496
765.381
0.379
0.319
1888.971
0.413
0.292
0.337
0.456
1638.216
15.566
0.379
261.267
38.908
13414.125
163.418
0.539
6.023
0.503
2065.599
1.349
0.562
0.432
0.494
1916.077
1.210
121.929
154.044
20.256
0.298
0.341
0.468
1.206
0.353
1854.183
0.411
0.497
4.497
1.317
2423.468
79.183
0.470
1.685
0.329
2416.286
2.049
0.348
0.336
0.392
1430.547
32.818
528.137
0.936
0.618
1062.119
0.362
123.951
163.001
434.571
907.229
517.101
530.930
0.504
1.739
689.554
50.679
3.802
1.931
1.541
0.353
0.366
754.205
1.235
47.812
0.545
0.368
0.362
0.358
0.372
1794.532
92.110
0.311
1.287
1.290
0.321
0.314
0.309
0.294
0.341
414.309
855.289
237.382
0.748
0.381
1440.611
0.474
0.526
0.486
0.475
1427.320
62.041
0.477
9.482
1.957
838.546
0.327
8.519
324.298
0.945
159.252
909.328
0.425
0.316
0.417
477.121
902.871
0.426
0.434
0.337
1072.508
169.081
0.483
1.327
0.305
1613.555
5.109
1.410
0.364
0.364
723.716
0.610
830.008
66.491
0.546
1066.073
0.407
249.751
0.428
0.510
557.666
0.535
1.554
556.034
125.581
0.349
141.042
9.057
0.557
1.927
515.633
600.154
0.498
3.740
184.773
473.568
775.099
2.221
0.451
7.142
1264.593
0.369
0.374
161.763
0.330
655.863
715.679
149.314
0.604
0.376
1450.731
0.464
0.397
1.342
0.370
1291.947
3.207
1.421
0.357
0.326
1583.658
0.509
0.525
0.385
0.345
571.644
3.113
24.900
3.002
12.789
0.325
66.970
0.461
0.440
0.467
805.379
1.037
1.851
0.510
217.674
574.562
0.556
769.308
0.353
0.360
1152.325
5.165
0.324
0.410
0.404
1084.391
0.358
0.377
1.552
0.358
491.971
607.790
0.352
4.078
0.312
1115.103
8.237
1.462
133.165
1.500
738.843
67.412
0.428
697.768
1.386
1553.028
5.414
0.419
0.462
0.463
1538.286
0.370
0.380
0.396
0.368
0.370
0.333
0.341
1.609
0.327
575.523
157.517
18.830
619.339
0.451
1025.240
370.612
0.347
0.591
0.330
539.448
1.992
1.699
0.302
526.422
208.785
613.813
0.392
66.070
0.568
513.877
18.428
0.521
86.682
0.520
513.499
0.616
6.363
845.500
67.678
678.583
678.039
6.158
0.580
0.530
3.286
1.333
0.344
1.444
0.314
708.541
1.270
167.575
1.291
342.702
0.335
0.341
1.261
0.380
102.947
1409.264
1.458
0.314
1.264
0.324
725.305
667.476
90.323
11.708
0.656
0.333
1.300
0.310
0.345
0.356
1053.363
531.814
9.948
0.619
0.467
1677.827
2.133
0.448
0.391
0.387
1293.692
0.446
5.703
0.421
1.388
935.015
426.732
0.588
12.675
0.411
1256.786
0.438
0.441
10.578
0.484
1358.223
2.035
10.884
199.856
0.632
1139.449
549.620
3.229
0.387
1.519
1395.264
0.590
11.530
0.415
3.479
2005.201
0.702
0.520
9.273
0.497
590.038
124.318
106.930
3.130
0.368
1.398
54.721
590.033
1.517
86.146
595.257
173.280
718.605
13.763
1.910
1509.742
25.082
0.530
0.427
0.400
925.692
880.825
0.541
0.441
0.441
558.217
158.380
151.587
859.093
109.290
802.041
646.903
0.345
0.407
3.480
904.927
275.907
0.326
301.840
0.439
616.429
3.968
0.323
42.177
0.404
554.566
0.730
2.294
0.345
0.383
616.846
122.630
12.472
2.509
1.851
391.087
1.472
220.235
0.800
11.995
1074.365
70.022
153.944
6.833
0.617
1460.188
62.645
8.277
0.397
1.515
1194.738
0.743
0.533
62.029
13.141
239.983
273.818
689.428
0.361
4.234
571.673
308.243
252.524
340.443
1.504
1804.365
1.559
27.490
9.942
0.580
704.889
635.463
58.419
0.392
6.136
966.540
24.526
1.244
347.839
0.481
1253.045
0.328
0.354
1.354
0.523
1260.743
0.351
1.339
0.364
1.277
1334.808
1.437
154.439
11.505
1.835
1424.017
1.553
0.397
0.331
0.347
914.255
0.543
215.025
0.638
71.074
1168.952
3.722
1.390
0.361
0.360
0.364
0.375
0.321
0.422
6.318
1359.251
0.491
66.084
12.930
0.501
1102.668
0.735
172.174
0.469
0.329
1468.531
0.384
1.428
24.789
13.216
590.157
922.812
1.495
0.627
17.799
2164.797
1.339
0.302
0.415
0.375
1266.374
0.433
1.421
162.271
142.419
882.351
432.948
4.949
1.348
0.482
1070.408
329.957
0.529
11.822
0.656
542.821
140.423
648.771
0.487
0.457
808.369
779.646
44.729
0.569
5.043
1423.171
0.623
0.573
0.566
0.631
1498.063
0.330
0.318
0.392
1.417
1202.910
1.561
0.384
0.385
0.311
1063.056
57.473
1.605
22.597
8.137
301.333
286.403
497.375
0.525
11.449
677.569
576.344
0.415
0.504
325.855
1255.046
0.339
314.464
0.368
0.371
0.330
1.347
0.369
0.429
0.337
540.487
939.162
0.423
0.411
1.466
466.724
1033.235
0.383
0.368
0.395
1394.752
0.396
58.579
9.947
2.196
569.661
99.687
161.640
0.422
1.801
559.648
87.714
651.187
0.936
2.187
1306.439
148.439
1.839
0.341
0.358
1612.239
4.774
0.341
0.399
0.396
550.410
848.146
0.447
3.527
1.487
587.902
750.478
1.555
0.389
0.410
601.017
0.928
0.562
137.396
925.554
1950.859
0.603
12.584
1.852
1.511
667.776
1.401
647.709
4.612
0.384
1405.562
0.573
6.559
0.447
151.274
1185.774
5.461
2.009
0.508
0.325
83.908
275.843
1.641
0.601
24.273
685.588
3.251
703.159
0.435
0.397
1604.387
1.885
2.432
0.376
0.411
638.552
11.100
41.073
626.207
0.372
1368.471
1.824
3.248
0.392
0.333
0.311
0.388
0.378
0.454
0.362
1479.154
0.317
1.261
1.335
0.338
577.583
3.150
0.363
0.434
0.415
1164.958
2.614
0.501
0.544
31.188
1316.393
443.150
1.723
0.380
0.399
1225.452
118.172
95.719
11.187
0.505
1552.630
3.334
1.300
0.314
0.475
1702.351
0.406
28.570
0.334
0.313
878.180
1.535
0.419
353.729
478.036
809.074
527.743
13.880
0.669
93.043
1084.084
402.833
97.038
2.975
11.847
1712.600
2.003
0.341
0.349
0.349
599.054
213.379
13.560
17.934
0.693
6.551
0.370
588.703
0.961
51.842
0.328
0.447
0.364
0.322
0.391
685.877
741.946
1.867
0.509
364.780
1211.615
0.775
0.635
0.653
7.854
0.404
1.350
0.516
113.006
463.356
526.469
370.164
0.708
8.757
295.365
0.372
0.349
302.513
1.427
4.246
1259.273
477.665
11.729
0.546
1.626
1692.496
41.582
9.686
0.883
0.529
1759.743
9.739
0.644
2.290
0.624
632.334
806.775
1.687
112.324
0.401
730.827
532.511
3.808
1.548
0.365
1142.891
0.417
1.787
1.362
1.484
502.621
343.968
13.876
1.984
431.779
1348.384
3.671
1.331
8.351
1.512
503.895
875.682
387.555
4.898
0.439
2425.816
1.523
0.760
23.708
0.591
1384.278
0.546
6.177
0.446
0.454
1016.989
0.650
1.263
0.392
539.673
1234.666
3.057
7.969
0.574
0.490
1575.625
4.332
1.587
0.430
0.595
1957.370
1.470
120.110
0.658
0.656
0.595
0.364
0.396
0.364
0.348
1363.270
3.784
0.481
0.455
0.402
1064.364
0.410
1.589
0.388
0.380
283.380
17.213
1.531
0.527
57.202
565.190
162.590
19.895
36.180
0.376
0.364
358.334
0.354
293.611
0.706
1659.628
0.509
2.330
1.401
1.425
1409.874
0.337
0.382
0.343
1.459
1304.960
0.513
1.696
178.391
0.497
1670.011
87.081
3.029
1.633
0.410
1010.773
2.562
93.303
3.796
0.407
1763.647
0.708
1.858
0.635
0.397
898.828
590.661
0.808
0.747
0.639
805.543
323.247
1.391
0.383
0.443
1081.120
6.508
1.957
1.401
1.589
0.460
0.434
1.424
1.738
1.550
679.760
540.126
0.517
7.899
0.499
547.428
0.623
803.118
0.721
0.331
1079.307
163.613
2.842
8.240
0.814
1437.328
0.388
26.109
0.703
8.817
1681.336
0.932
0.518
0.543
0.656
1228.316
0.514
0.437
0.487
1.660
924.279
0.566
4.297
0.482
0.587
1.519
914.571
1.433
88.575
0.623
542.029
575.618
1.622
1.556
0.335
1304.743
0.419
0.371
0.410
68.563
1092.799
1.480
1.398
0.405
0.383
10.434
319.082
141.703
206.536
86.681
859.966
2.662
0.464
232.477
0.534
478.941
182.786
275.268
13.149
3.006
971.658
2.008
0.395
0.392
1.613
915.360
204.261
0.451
2.350
0.447
578.296
936.170
13.534
0.501
0.707
1631.264
2.257
0.812
0.383
0.388
1334.958
0.380
1.327
1.510
0.349
602.046
0.615
754.880
33.161
0.333
1833.948
1.378
24.645
0.580
2.036
704.256
12.726
31.024
660.673
0.408
1778.564
0.532
0.563
2.088
0.368
526.670
1062.161
2.186
0.372
1.507
1535.918
0.430
0.370
0.501
0.331
1841.230
30.849
0.799
0.607
5.782
1483.120
5.451
61.636
17.031
1.452
1459.171
0.364
1.491
0.342
0.407
1416.642
13.235
0.529
1.817
1.386
97.978
1.865
0.456
3.975
0.494
1518.631
1.474
94.460
10.709
2.103
1417.652
1.738
0.544
57.150
0.382
733.607
363.646
1.522
0.474
0.323
307.997
738.586
31.771
6.140
0.458
844.955
252.847
8.151
119.617
0.630
818.223
1.585
357.286
3.264
0.533
0.371
1.347
0.334
1.377
0.319
951.319
0.764
154.192
1.393
1.358
0.372
0.355
231.589
0.491
6.814
609.745
752.599
7.217
1.776
0.404
977.696
519.884
0.626
5.253
0.396
708.425
109.878
299.063
1.462
0.384
0.380
0.425
278.910
2.012
1.506
1339.489
132.015
2.976
0.458
1.879
1478.284
0.721
0.568
0.454
0.473
379.228
172.584
0.557
583.893
0.579
0.361
0.576
1.348
0.325
1.383
875.269
121.404
71.526
14.201
0.721
492.026
788.485
1.479
1.335
0.323
1088.710
0.392
0.428
0.447
0.370
1148.041
0.482
4.212
1.757
0.371
770.915
0.408
0.396
88.992
0.404
1266.347
0.403
0.421
0.412
0.351
0.391
0.529
1.381
0.353
6.166
917.160
4.459
0.382
0.524
0.371
0.342
1237.482
1.833
0.486
0.521
522.366
288.131
1.323
472.992
0.389
529.024
642.381
2.092
0.440
1.805
243.451
0.779
0.601
0.799
1.540
797.061
0.414
893.811
1.556
0.642
941.780
912.157
0.915
0.635
0.731
1413.761
0.993
0.576
7.520
11.285
714.265
0.588
447.369
0.677
10.178
247.203
1042.904
0.793
0.727
0.495
1469.024
1.836
0.454
1.718
0.400
1040.204
255.725
0.447
12.069
0.521
1713.443
9.645
0.366
165.707
0.494
1122.733
1.102
1.950
121.205
4.618
955.266
0.369
1.411
0.506
0.386
830.912
142.969
0.458
292.740
0.461
832.007
444.182
0.388
0.510
86.046
1213.221
4.512
300.237
6.810
0.366
1379.829
0.354
0.402
1.975
1.417
1180.539
1.505
1.459
1.479
0.409
385.691
772.423
3.395
1.437
0.348
1304.213
0.486
0.374
0.396
279.030
612.443
19.519
299.772
50.236
2.134
1.522
305.926
1.439
1.601
0.364
685.201
0.546
10.253
382.704
388.443
876.314
0.385
0.364
1.660
0.417
0.435
490.668
0.683
0.464
0.509
1441.486
0.457
12.646
1.794
0.360
0.349
0.429
0.434
1.668
0.382
1778.432
47.928
24.272
1.954
1.722
638.533
1011.916
0.436
0.695
0.390
1.801
0.380
1.812
1.491
0.414
2086.922
0.470
29.145
0.595
0.529
1128.914
11.755
0.447
0.483
446.598
761.621
756.659
107.568
0.618
0.469
1534.175
0.395
5.290
0.389
0.414
0.625
0.453
1.601
0.713
140.825
968.323
0.520
1.846
774.473
0.955
636.353
0.459
1002.690
1.423
1.507
0.454
0.376
0.532
129.506
1.807
1728.228
0.544
0.445
8.992
2.061
918.471
0.509
0.508
58.871
680.825
996.513
9.470
0.615
0.474
9.344
405.339
991.927
0.764
13.985
2.010
1251.714
1.542
0.367
1.472
109.061
696.763
814.130
0.517
0.623
1.475
430.426
159.279
906.351
2.624
12.016
1063.801
411.016
14.491
0.610
2.078
0.538
1.577
0.362
0.451
0.380
751.322
9.581
0.510
291.603
4.935
195.114
1.600
0.366
251.350
0.364
487.088
0.451
902.004
4.005
0.516
749.585
395.254
0.375
1.583
0.353
1.601
1.464
0.464
1.534
423.727
652.702
0.458
7.956
234.188
446.383
