0.042
0.002
0.003
0.003
0.001
0.013
0.000
0.000
0.000
0.001
0.052
0.011
0.002
0.000
0.002
0.000
0.000
0.032
0.002
0.266
0.020
0.003
0.011
0.000
0.000
0.003
0.121
0.002
0.003
0.168
0.101
0.002
0.074
0.838
0.003
0.608
0.002
0.002
0.350
0.002
0.002
0.733
0.998
0.013
0.002
1.732
0.189
0.003
0.003
0.002
1.855
0.003
0.001
0.002
0.002
1.239
0.003
0.003
0.002
0.003
1.592
0.002
0.002
0.002
0.015
1.710
0.003
0.002
0.002
0.092
0.120
1.598
0.002
0.002
0.001
1.511
0.004
0.002
0.003
0.002
1.725
0.003
0.002
0.002
0.002
0.002
0.040
0.075
0.820
0.004
1.339
0.003
0.295
0.078
0.002
2.093
0.003
0.002
0.002
0.002
0.630
0.003
1.058
0.004
0.003
1.015
0.003
0.003
0.086
0.921
2.074
0.013
0.003
0.003
0.002
2.853
0.005
0.003
0.002
0.002
1.175
1.108
0.003
0.203
0.003
1.563
0.312
1.215
0.004
0.003
3.355
0.004
0.096
0.003
0.003
0.122
1.802
2.343
0.005
0.003
0.003
3.125
0.003
0.004
0.003
3.309
0.331
0.003
0.003
0.003
0.040
0.081
3.256
0.373
0.004
0.672
3.299
0.327
0.003
0.004
0.344
1.077
0.780
1.140
0.150
0.007
0.111
3.304
0.004
0.003
2.575
1.834
0.004
0.327
0.004
0.473
3.122
0.004
0.003
0.002
4.343
0.005
0.010
0.003
0.003
0.536
0.008
2.349
0.004
0.004
3.798
0.007
0.004
0.004
0.003
1.576
1.639
0.005
0.004
0.172
0.116
2.927
0.005
0.003
0.016
3.571
0.346
0.003
0.004
0.004
0.003
3.559
0.006
0.003
0.003
4.232
0.004
0.003
0.003
0.004
1.208
0.005
2.725
0.006
0.003
5.145
0.005
0.418
0.003
0.004
4.855
0.004
0.004
0.005
0.004
2.098
0.007
2.600
0.007
0.003
4.711
0.004
0.018
0.004
0.004
4.537
0.005
0.005
0.004
0.004
0.955
3.829
0.005
0.005
0.004
0.661
1.435
0.007
2.563
0.006
0.535
0.006
1.685
0.007
2.358
3.530
0.007
1.491
0.006
0.005
2.330
2.697
0.005
0.004
0.012
1.510
3.377
0.005
0.004
0.004
1.033
6.923
0.008
0.005
0.002
8.055
0.007
0.005
0.004
0.005
10.603
0.006
0.004
0.004
0.004
11.029
0.005
0.004
0.004
0.003
9.876
0.007
1.673
0.006
0.005
3.293
0.064
0.005
0.005
4.699
9.957
1.268
0.007
0.015
0.003
1.625
8.443
0.015
0.003
0.005
4.112
0.008
7.965
0.005
0.004
0.567
9.663
0.007
0.005
0.003
1.336
9.285
0.009
0.005
0.005
1.681
5.683
0.007
1.823
0.005
11.147
0.008
0.005
2.102
0.006
3.694
0.009
6.696
0.009
0.005
10.441
0.005
1.725
0.017
0.005
1.559
11.126
0.007
0.011
0.007
0.013
1.673
7.116
0.007
3.237
15.203
0.007
0.006
0.004
0.005
13.725
0.006
0.004
0.005
0.005
6.099
9.220
0.007
0.010
0.005
19.082
0.011
0.007
0.005
0.005
18.317
0.009
0.007
0.004
0.005
11.060
0.011
6.665
0.005
0.006
14.536
0.009
0.007
3.930
0.010
7.780
0.010
14.773
0.006
0.007
18.960
0.008
5.296
0.007
0.006
3.309
0.067
6.855
0.010
10.563
4.301
5.998
10.269
0.007
3.395
10.443
0.011
0.005
7.341
0.006
0.053
20.396
0.010
0.006
0.005
19.026
0.011
0.006
0.006
0.006
10.414
8.295
0.011
0.007
3.581
2.667
0.102
7.528
0.012
10.818
26.898
0.009
0.005
0.005
0.005
8.554
0.451
0.006
9.862
0.011
20.877
0.026
6.752
0.010
3.637
0.006
20.337
0.007
0.006
0.005
14.577
4.790
0.006
0.007
0.006
10.300
7.991
0.007
0.007
0.005
16.125
0.007
0.007
0.412
0.006
17.013
0.010
0.007
0.007
0.006
10.636
6.499
0.007
0.006
0.006
17.723
0.009
0.007
0.006
0.006
9.377
1.894
0.013
0.007
6.037
17.869
0.011
0.006
0.006
0.006
18.921
0.007
0.007
0.006
0.036
20.975
0.008
0.007
0.006
0.006
2.044
0.011
19.416
0.011
0.006
19.806
0.008
0.006
0.124
0.006
1.133
5.767
0.088
2.314
0.011
18.276
0.009
0.007
0.009
0.006
7.965
11.939
0.007
0.011
0.059
7.909
10.611
0.010
0.007
0.006
14.937
9.130
0.009
0.008
0.006
2.497
13.099
0.009
0.006
0.006
4.045
0.120
0.110
0.018
0.006
10.540
0.013
12.330
0.007
0.006
15.495
0.014
8.279
0.011
0.006
8.508
0.014
5.623
0.013
13.682
12.335
0.019
0.009
17.455
0.009
2.731
28.903
0.019
0.009
5.969
34.834
0.052
0.006
0.119
0.005
4.636
29.583
0.009
0.007
0.006
4.408
32.941
0.010
0.009
0.006
5.852
16.255
0.021
0.891
0.010
32.542
0.030
0.006
0.614
0.052
35.756
0.019
18.821
0.017
0.009
8.142
0.019
20.250
16.299
0.014
47.955
0.007
0.007
0.014
1.879
23.677
26.347
0.023
0.008
0.007
32.287
18.724
0.013
0.009
0.006
48.604
0.013
0.009
0.112
0.006
29.147
0.010
0.007
0.008
0.008
28.428
0.008
0.114
0.008
0.007
5.873
0.019
23.718
0.011
0.007
27.872
0.306
0.008
0.006
0.006
22.914
3.706
0.017
5.318
0.138
32.237
0.008
0.007
0.009
0.006
31.904
0.016
0.009
0.021
0.008
23.399
8.783
0.019
0.009
0.007
4.386
31.477
0.009
0.008
0.005
21.445
0.167
0.011
12.678
0.056
6.551
0.036
21.209
6.779
0.010
20.428
0.019
0.126
0.009
12.279
36.052
0.008
0.008
0.085
0.008
93.850
0.011
0.011
0.007
0.006
20.284
69.196
0.335
0.008
0.009
17.622
0.033
70.938
0.426
0.010
87.337
0.342
0.011
0.008
0.009
13.179
51.685
22.671
0.008
0.008
3.111
88.402
0.062
0.028
0.008
38.337
17.551
11.904
19.210
0.009
36.262
0.157
0.011
50.975
0.022
45.911
0.037
0.010
49.032
0.012
0.815
26.236
0.161
63.198
0.150
18.651
41.657
0.043
29.221
0.142
91.064
0.010
0.187
0.009
0.066
90.130
0.011
0.008
0.010
0.008
29.622
65.450
0.011
0.011
0.008
15.094
74.395
0.011
0.008
0.009
88.058
0.225
0.010
0.008
0.010
76.103
0.290
0.008
0.009
0.046
16.634
58.659
0.011
0.008
0.011
17.704
63.650
0.294
0.011
0.164
80.492
0.009
0.019
0.008
0.031
55.577
28.464
0.009
0.009
0.008
47.470
30.753
0.010
0.006
0.008
82.616
0.012
0.009
0.006
0.603
0.422
77.887
0.010
0.010
0.009
17.697
122.742
196.014
0.050
0.010
27.315
21.686
127.995
0.061
129.736
215.039
0.051
47.068
53.133
0.045
158.705
0.029
0.009
0.009
0.006
22.484
297.339
0.047
0.011
0.016
122.006
114.754
0.043
8.306
0.030
277.791
0.056
0.010
0.008
0.009
252.738
126.806
0.054
0.011
0.009
272.131
68.373
0.084
0.009
0.010
39.445
93.567
236.842
0.054
0.010
128.124
20.172
0.036
212.431
43.827
405.008
0.060
0.010
0.008
13.686
272.451
0.062
62.325
9.201
0.019
66.193
326.205
0.046
0.012
0.008
409.317
0.054
0.017
0.012
0.008
301.435
41.985
0.057
60.519
0.058
206.345
0.050
0.010
0.017
0.010
435.389
0.050
0.012
0.010
0.008
73.984
272.387
80.717
0.050
0.018
345.796
125.971
0.051
0.022
0.009
174.402
0.065
0.010
239.153
8.135
335.968
0.060
0.010
0.011
0.012
78.048
97.733
301.827
0.058
0.015
348.725
0.065
0.010
0.009
0.008
360.843
118.388
0.053
0.017
0.014
61.912
420.931
0.061
75.661
17.655
536.949
0.069
0.041
0.010
0.009
236.322
288.409
0.044
0.011
0.009
425.652
0.062
0.010
0.008
0.010
126.033
310.788
0.041
0.017
0.012
418.145
0.060
0.017
83.741
0.060
37.557
481.104
0.055
23.491
0.024
595.783
0.055
0.050
0.010
0.009
539.222
38.613
0.054
0.009
0.008
540.085
64.190
0.057
0.022
0.009
320.822
0.068
225.538
39.882
0.052
473.919
0.065
0.013
75.943
0.051
326.559
0.061
0.010
0.017
13.958
555.616
0.064
0.013
0.009
0.010
60.004
537.675
0.038
0.022
0.010
490.107
0.179
0.012
0.009
204.324
59.735
0.056
0.020
0.010
0.014
106.384
542.171
0.065
0.013
73.993
273.408
257.064
0.051
0.013
0.015
37.853
585.468
160.232
0.059
0.021
235.372
405.876
271.943
0.062
0.022
96.767
5.857
0.053
414.590
0.076
639.528
0.055
0.010
298.457
0.071
896.408
0.113
0.018
0.016
0.016
796.213
32.626
0.045
83.864
51.988
239.167
0.300
661.647
0.075
0.011
955.266
0.079
8.197
0.064
0.022
40.225
641.506
0.064
209.272
0.074
15.633
967.475
0.070
0.025
0.012
813.874
148.732
0.067
0.015
0.013
39.976
918.665
0.079
46.112
0.068
89.287
653.376
0.069
0.015
0.009
914.291
0.065
0.012
28.716
0.023
766.940
71.653
0.050
0.023
0.015
87.664
682.810
0.062
0.012
0.012
274.747
0.326
0.021
880.271
0.071
981.778
0.085
0.012
0.015
0.011
95.236
0.068
910.546
0.079
0.012
575.398
0.065
265.471
0.024
0.012
739.595
125.912
324.115
0.079
0.012
930.689
0.046
0.012
0.012
0.011
39.838
390.452
0.065
0.012
0.012
899.475
297.430
177.757
0.076
0.015
521.840
0.065
0.017
0.013
410.887
1344.609
0.076
0.025
0.012
0.011
142.349
358.624
0.066
0.012
0.018
1092.419
0.074
0.025
23.472
401.506
70.485
915.628
0.074
0.014
215.304
11.401
0.049
230.492
1055.421
0.075
1065.045
0.071
33.924
244.055
0.077
218.530
845.040
0.087
0.014
0.048
889.249
0.070
495.444
0.085
0.015
1363.960
0.074
0.023
0.014
0.015
67.894
1035.086
0.062
395.292
0.081
94.319
1432.483
0.082
0.015
0.013
1143.234
0.074
511.708
0.082
0.015
1104.923
0.080
0.012
194.673
0.066
1531.593
0.082
0.012
0.013
0.012
1776.027
0.083
0.013
0.011
0.012
1854.403
0.074
0.022
0.012
0.013
1044.558
852.141
0.059
0.024
0.012
746.471
488.052
0.091
0.022
0.017
1859.747
0.084
0.057
0.016
0.013
612.604
0.069
186.004
0.073
544.000
54.083
579.285
0.076
0.014
287.056
434.587
0.084
1675.245
0.057
0.013
69.207
911.067
0.023
0.012
0.012
535.725
1026.454
0.084
0.015
0.014
466.083
1003.170
0.079
0.016
0.012
72.202
482.520
0.075
0.020
0.017
1468.664
0.093
0.018
0.011
0.012
50.565
0.073
477.863
0.019
793.810
142.995
337.354
49.004
0.076
0.013
801.678
0.065
252.623
0.091
0.062
43.549
1024.796
0.078
0.017
0.013
110.726
500.747
408.301
33.064
0.081
43.057
740.488
462.314
0.084
0.014
47.681
972.740
0.082
0.016
0.060
49.663
980.739
0.054
0.019
0.012
972.148
0.020
0.012
0.012
530.998
849.936
0.090
0.187
231.133
0.078
29.533
378.401
940.376
0.085
0.014
153.460
504.574
0.097
0.085
903.802
151.556
866.977
0.020
55.218
13.864
1212.847
0.096
0.016
0.016
0.011
995.980
0.041
518.949
0.085
0.017
905.448
0.073
0.018
130.012
29.094
64.870
1338.528
0.092
0.014
0.012
48.819
417.888
0.068
0.033
552.204
1632.395
0.092
0.015
0.016
0.013
1108.946
0.058
0.014
0.014
0.016
1691.217
0.075
0.017
0.013
0.011
51.930
224.948
1456.500
0.079
0.020
395.957
0.096
517.629
424.692
250.243
835.124
0.088
59.575
0.084
0.025
78.490
448.146
0.087
0.013
0.014
45.609
0.122
1532.546
0.081
0.013
50.222
1155.971
486.548
0.098
0.017
1357.981
0.079
295.276
0.145
0.024
1280.330
0.036
0.015
0.013
0.012
62.057
622.031
555.217
0.107
0.020
1123.849
0.073
0.017
0.013
0.011
1455.914
0.096
202.356
0.103
0.019
1035.007
0.090
0.017
0.013
432.038
1429.423
0.065
0.016
182.413
0.154
1546.500
408.519
0.099
0.021
0.014
804.599
0.098
0.018
0.014
0.012
68.227
0.014
0.015
1.666
0.018
59.328
0.020
0.013
0.012
0.011
60.839
0.016
0.013
0.013
0.015
57.473
0.016
0.204
3.936
0.012
62.684
0.014
0.013
0.011
0.434
54.740
4.584
0.012
0.011
0.014
58.486
0.019
0.013
0.016
0.015
57.787
0.051
0.012
0.012
0.012
56.646
0.014
0.013
0.013
0.611
54.435
0.015
2.567
0.013
0.014
57.017
0.015
0.051
0.012
0.015
54.375
2.929
0.016
0.016
0.016
52.120
0.156
1.218
0.189
0.733
52.214
0.370
3.619
0.014
0.340
52.524
2.590
0.614
0.018
0.016
55.557
0.013
0.448
0.015
0.015
55.578
0.014
0.013
0.016
0.012
54.752
0.051
0.023
0.013
0.874
56.541
0.017
0.014
0.142
0.013
55.173
0.019
0.839
0.012
0.016
56.424
0.016
0.012
0.012
0.258
61.597
0.019
0.192
0.261
0.018
8.941
47.601
0.025
0.021
0.015
55.845
0.309
0.191
0.014
0.016
55.906
0.015
0.079
0.015
0.014
52.437
2.968
0.017
0.021
0.013
54.381
0.022
0.013
0.598
0.017
55.930
0.013
0.016
0.014
0.017
52.402
0.088
3.511
0.014
0.016
52.321
3.558
0.015
0.013
0.014
56.492
0.327
0.012
0.094
0.013
55.717
0.015
0.016
0.050
0.023
52.230
4.042
0.012
0.013
0.011
55.665
0.015
0.015
0.014
0.012
52.400
0.091
2.726
0.018
1.062
56.040
0.021
0.021
0.112
0.015
55.777
0.021
0.015
0.014
0.015
56.510
0.116
0.017
0.012
0.013
25.519
30.385
0.026
0.130
0.016
52.473
0.986
2.709
0.019
0.013
56.100
0.016
0.017
0.012
0.050
56.435
0.020
0.012
0.017
0.251
54.824
0.015
0.012
0.282
0.020
51.812
0.092
2.595
1.137
0.015
55.741
0.018
0.014
0.169
0.017
56.131
0.457
0.017
0.018
0.015
52.053
3.727
0.018
0.012
0.011
51.890
4.112
0.014
0.015
0.012
52.253
3.875
0.018
0.013
0.018
54.845
0.235
0.332
0.019
0.603
52.321
0.270
3.326
0.019
0.015
55.369
0.021
0.017
0.016
0.014
55.809
0.540
0.018
0.012
0.013
54.905
0.021
0.016
0.012
0.021
55.203
0.338
0.013
0.014
0.606
56.039
0.017
0.014
0.016
0.014
53.829
1.337
0.061
0.020
0.021
56.615
0.125
0.018
0.468
0.019
5.263
56.434
0.535
0.014
0.055
56.457
0.018
0.019
0.014
0.015
56.445
0.017
0.019
0.017
0.018
49.055
7.483
0.017
0.016
0.015
52.683
3.824
0.025
0.022
0.015
54.931
0.334
1.041
0.020
0.013
54.449
1.459
0.012
0.051
0.014
54.446
0.061
0.014
0.902
0.014
63.286
0.020
0.013
0.131
0.018
63.559
0.021
0.016
0.334
0.014
64.464
0.016
0.016
0.016
0.380
63.650
0.016
0.139
0.014
0.247
64.069
0.014
0.015
0.373
0.077
59.180
4.000
0.014
0.012
0.015
61.999
0.020
0.487
0.017
1.137
63.537
0.024
0.020
0.056
0.116
59.478
3.704
0.017
0.015
0.015
63.871
0.015
0.012
0.013
0.012
62.530
3.086
1.220
0.020
0.015
59.716
4.234
0.019
0.025
0.014
62.732
0.600
0.019
0.015
0.023
60.975
0.017
1.480
0.320
0.021
63.093
0.149
0.061
0.013
0.014
63.043
0.682
0.015
0.017
0.017
59.554
0.136
4.252
0.013
0.015
59.641
2.513
0.018
0.017
1.588
63.232
0.742
0.019
0.019
0.020
61.665
0.221
0.021
4.729
0.018
62.343
0.113
1.004
0.023
0.020
65.484
0.023
0.022
0.015
0.016
63.916
1.149
0.016
0.016
0.015
64.627
0.023
0.181
0.057
0.015
65.784
0.022
0.016
0.017
0.014
66.744
3.005
0.150
0.021
0.152
61.101
2.786
0.016
0.679
0.021
64.935
0.016
0.017
0.118
0.015
65.574
0.019
0.259
0.014
0.015
64.367
0.569
0.357
0.018
0.013
65.043
0.017
0.018
0.016
0.015
61.283
0.293
0.707
1.389
1.606
61.240
3.626
0.020
0.800
0.018
63.351
0.307
0.018
0.022
0.169
61.804
1.839
1.610
0.016
0.017
65.241
0.019
0.020
0.017
0.559
61.273
5.109
0.022
0.015
0.019
64.805
0.187
0.020
0.163
0.501
62.275
0.088
2.244
0.019
2.945
64.277
0.022
0.019
0.062
0.020
64.753
0.023
0.741
0.020
0.018
61.625
2.927
0.023
0.014
0.066
1.101
66.043
0.373
0.022
0.016
64.575
0.023
0.787
0.019
1.287
0.257
63.091
0.023
2.836
0.028
63.151
2.860
0.068
0.015
0.019
60.103
3.063
2.521
0.019
0.017
65.593
0.015
0.018
0.014
0.015
136.561
0.019
0.017
0.224
0.017
79.637
0.021
0.023
0.018
0.015
63.559
1.240
0.130
9.941
0.013
73.217
0.023
0.013
0.017
0.013
66.015
0.021
0.353
0.020
0.018
71.629
0.651
0.019
0.016
0.013
74.957
0.018
0.064
0.021
0.016
69.797
0.025
0.239
0.027
0.018
67.712
0.020
0.201
0.015
0.040
60.520
4.042
0.023
0.017
0.016
69.874
0.020
0.014
0.018
0.013
60.091
7.258
0.815
0.024
0.015
60.104
7.245
0.022
0.521
0.018
60.164
0.107
7.041
0.354
0.020
85.775
0.032
0.444
0.264
0.023
85.591
0.021
0.017
0.017
0.017
83.718
1.702
0.020
0.017
0.114
85.598
0.020
0.021
0.016
0.015
77.418
0.406
3.705
0.018
4.417
85.223
0.612
0.015
0.131
0.020
77.423
7.617
0.020
0.016
0.017
86.040
1.960
0.022
0.020
0.019
77.582
0.601
2.905
3.334
0.015
77.091
0.311
3.878
0.023
2.207
82.843
0.063
0.022
1.789
0.020
77.172
1.843
0.091
0.858
3.948
130.861
0.113
0.035
0.023
0.016
65.388
120.824
0.105
0.021
42.622
312.391
0.053
0.030
0.019
0.018
126.778
0.065
0.021
0.018
0.029
117.653
153.745
0.021
0.070
0.016
143.677
140.386
0.018
0.022
1.923
207.616
53.635
0.023
0.017
0.021
243.249
0.334
0.018
0.322
0.028
118.966
45.697
0.106
0.023
0.023
133.743
0.834
0.078
0.018
0.018
96.628
15.539
0.023
0.015
0.017
111.571
0.021
0.016
0.013
0.016
109.899
0.018
0.014
0.017
0.018
107.975
0.174
0.798
0.024
0.018
94.921
12.555
0.637
0.016
0.021
106.785
0.030
0.022
0.098
0.023
24.062
83.375
0.021
0.023
0.023
94.199
11.857
0.017
0.021
0.016
102.211
5.873
0.493
0.029
0.018
106.253
0.032
0.027
0.023
0.017
105.015
0.015
0.023
0.019
0.428
99.705
5.525
0.023
0.018
0.020
124.269
3.447
0.020
7.218
0.023
134.558
0.066
0.174
0.021
0.021
127.863
0.024
0.019
6.921
0.023
134.330
0.020
0.016
0.017
0.375
137.226
0.466
0.021
0.903
0.029
126.023
0.039
0.023
8.026
0.025
127.219
6.227
0.018
0.018
0.021
134.361
0.023
0.018
0.021
0.017
129.212
2.148
0.022
0.015
0.019
130.221
0.076
0.018
0.015
0.022
128.793
0.034
0.018
0.022
0.019
133.712
2.231
0.023
0.019
0.019
139.533
0.026
0.023
0.015
0.017
135.974
0.022
0.021
0.023
0.575
133.883
1.941
0.019
0.019
0.069
125.282
12.647
0.232
0.086
0.023
131.662
5.831
0.020
0.023
0.018
150.410
0.040
0.021
0.021
0.020
149.664
0.044
0.019
0.422
0.029
144.827
11.448
0.023
0.021
1.200
150.563
0.021
0.021
0.023
0.207
149.479
0.021
0.018
0.020
0.162
25.724
125.403
0.328
0.025
0.078
144.725
0.024
0.022
0.019
5.272
144.632
0.035
4.092
5.291
0.041
4.890
133.536
0.133
0.379
0.102
142.717
0.123
10.992
0.021
0.017
140.791
4.210
2.061
5.800
0.018
149.835
0.034
0.023
0.018
0.021
135.507
11.860
1.224
0.027
0.023
146.350
0.596
2.887
0.024
0.020
150.454
0.019
0.015
0.015
0.021
149.980
0.022
0.019
0.019
0.022
153.687
0.023
0.191
0.023
0.018
148.608
0.023
0.020
0.017
0.021
140.752
8.271
0.606
0.027
0.227
135.394
5.859
0.022
4.560
2.424
149.191
0.023
0.017
0.021
0.022
145.708
0.027
0.021
0.020
2.322
135.728
12.624
0.031
0.023
0.074
148.825
0.227
0.022
0.021
0.018
153.576
0.022
0.017
0.019
0.023
149.080
0.025
0.018
0.019
0.019
136.112
11.320
0.023
0.021
0.354
147.615
1.178
0.093
0.020
0.032
147.540
0.025
0.796
0.026
0.059
148.473
0.023
0.017
0.020
0.025
147.021
0.025
5.054
0.249
2.150
135.696
8.630
3.367
0.034
0.026
135.447
13.857
0.024
0.073
0.070
148.256
0.025
0.021
0.023
0.017
148.915
0.197
0.023
0.022
0.023
180.753
0.037
0.078
0.023
0.022
177.008
0.023
0.057
1.809
0.023
180.994
12.550
0.068
0.024
0.023
189.887
0.074
0.021
0.018
0.020
182.907
0.185
8.808
0.022
0.292
190.677
0.020
0.017
0.945
0.028
191.988
1.181
0.030
0.026
0.017
196.893
0.707
0.030
0.023
0.023
199.887
14.432
0.025
0.019
0.023
214.392
0.030
0.023
0.019
0.253
212.796
0.022
0.015
0.019
0.016
214.247
0.022
0.073
0.023
0.015
216.315
0.075
0.022
0.022
0.023
211.422
0.024
0.025
0.183
0.024
212.237
0.026
0.017
0.018
0.017
198.904
0.414
12.743
0.025
0.075
212.664
0.023
0.023
0.023
0.018
217.631
0.037
0.020
0.016
0.078
200.636
11.139
0.023
3.010
0.023
217.334
0.033
0.364
2.900
0.019
202.794
15.524
0.026
0.017
0.019
214.472
0.314
0.023
0.023
0.339
206.676
15.041
0.021
0.019
0.022
203.735
10.937
2.773
0.033
0.021
217.214
0.024
0.025
0.023
0.023
216.123
0.026
0.018
0.019
0.022
214.540
0.027
0.029
1.371
0.023
222.666
0.022
0.342
0.026
0.024
218.128
0.024
0.021
0.025
0.912
204.317
11.235
0.029
1.892
0.023
217.343
0.026
0.021
0.025
0.022
218.886
0.028
0.023
0.020
1.044
220.308
32.468
1.228
0.033
0.024
227.073
0.030
0.026
3.157
0.981
225.791
0.740
0.206
0.027
0.022
223.294
0.027
0.020
0.019
0.018
210.851
16.983
0.023
0.022
0.221
204.136
5.453
13.047
0.024
0.022
219.350
0.027
0.020
0.019
0.023
200.620
15.851
0.023
0.023
0.021
228.161
0.023
1.565
0.023
0.018
218.283
13.084
0.055
0.021
0.023
230.231
0.022
0.020
0.071
0.027
228.152
0.048
1.006
0.023
0.169
252.348
0.029
4.290
0.028
0.026
267.580
0.031
0.025
0.028
0.030
262.917
0.028
20.052
0.038
0.094
267.670
0.063
0.033
0.029
0.091
297.855
0.936
0.033
0.030
0.026
295.799
0.038
5.323
0.028
0.944
330.077
0.158
5.225
0.025
0.720
294.227
0.044
14.750
28.785
4.455
347.679
0.027
0.026
0.025
0.017
701.028
0.034
0.024
0.020
0.036
602.689
0.049
0.530
0.163
0.037
375.504
0.029
0.019
0.026
0.023
353.800
0.039
0.027
0.022
0.023
370.036
0.021
0.023
0.027
0.023
336.339
0.037
0.024
0.021
0.023
336.114
1.190
0.028
0.026
0.023
299.892
20.542
0.119
2.776
0.025
319.408
0.021
0.023
0.021
0.370
322.035
0.046
0.024
0.024
0.022
312.895
0.027
0.503
0.023
0.022
305.333
0.710
3.294
0.020
0.021
306.985
1.025
0.034
0.023
0.207
220.975
84.611
0.048
0.021
0.021
288.270
0.045
0.034
16.704
0.034
303.072
0.223
0.620
0.024
0.021
308.397
0.045
0.022
0.090
0.023
285.681
11.480
0.489
4.698
0.038
0.676
301.389
0.021
0.020
0.031
296.039
4.720
2.300
0.023
0.019
299.864
0.023
0.229
0.026
0.023
300.472
0.035
0.022
0.906
0.026
283.194
13.905
0.023
0.019
0.899
303.504
0.035
0.025
0.029
0.020
297.909
0.029
0.025
0.025
0.023
294.095
0.027
0.025
0.031
0.023
281.070
12.061
0.028
0.023
3.005
286.112
11.306
0.035
0.024
0.031
294.814
6.941
0.021
0.028
0.027
296.667
0.027
0.023
0.023
0.027
287.370
14.372
0.022
0.020
0.023
291.180
6.676
0.027
0.020
0.025
212.763
84.571
0.045
0.034
0.022
302.579
0.026
0.034
0.030
0.025
309.742
2.265
0.025
0.030
0.027
307.631
1.326
0.039
0.029
0.025
306.247
0.028
0.028
0.028
0.026
310.840
0.028
2.688
0.025
1.132
308.116
0.190
0.034
0.023
0.030
310.093
0.091
0.028
1.318
0.053
308.112
4.492
0.027
2.998
0.039
31.303
279.955
1.115
0.025
0.022
308.078
0.145
0.026
0.022
0.028
304.278
2.144
0.032
0.023
0.020
314.050
0.045
0.025
0.023
0.029
308.166
0.466
0.833
0.033
0.034
307.349
0.044
0.023
0.033
0.027
290.849
11.982
0.034
0.027
1.295
298.993
0.026
0.029
0.387
0.023
296.492
0.056
1.297
0.112
0.020
0.628
305.080
0.024
0.023
1.596
291.976
15.550
1.385
0.138
0.028
300.922
0.098
4.030
0.026
0.042
308.119
0.034
0.034
0.022
0.023
310.566
0.025
0.028
0.023
0.021
291.803
14.304
0.034
0.024
0.022
300.173
0.192
0.025
0.022
0.028
305.143
2.815
0.038
0.025
0.023
315.147
0.032
0.023
0.445
0.040
401.221
4.678
0.059
0.034
0.023
415.061
3.727
0.040
0.028
0.023
386.940
0.155
0.038
0.181
0.039
375.837
0.059
0.028
0.028
0.034
52.947
312.459
0.034
8.647
0.053
374.159
0.034
0.023
0.031
0.024
365.551
0.141
0.024
2.898
0.026
363.717
9.006
0.028
0.029
1.663
363.337
0.032
0.022
1.760
0.038
374.989
1.722
0.046
0.033
3.986
359.314
0.025
1.446
0.031
0.023
303.522
35.592
0.081
0.026
0.025
313.878
0.035
0.023
0.025
0.022
317.394
0.029
0.032
0.023
0.108
313.227
0.038
0.036
2.870
0.028
299.786
19.509
0.032
0.250
0.023
316.853
0.030
0.097
0.025
0.043
306.063
0.103
0.167
3.109
0.026
312.145
0.244
0.039
0.029
0.027
294.420
0.057
0.327
19.195
0.031
349.548
0.058
1.632
0.034
0.031
400.064
0.033
7.887
0.055
0.032
353.705
0.032
4.282
0.038
9.547
331.604
0.029
0.093
0.023
0.029
293.738
0.046
22.130
0.045
0.104
316.961
0.028
0.025
2.757
0.029
293.676
20.984
0.651
0.033
0.031
292.641
17.584
2.655
0.028
0.904
308.213
0.124
0.025
0.021
3.149
314.798
0.030
0.024
0.021
1.381
311.378
0.035
0.023
0.023
0.027
302.350
0.025
0.026
1.556
0.044
290.000
0.304
13.932
0.044
3.725
302.959
3.005
0.034
0.034
0.029
308.739
0.435
0.040
0.029
0.023
319.498
0.313
0.215
0.035
0.028
317.735
0.203
0.035
0.243
0.053
313.057
0.024
0.867
0.040
0.030
304.913
8.995
0.029
0.023
0.023
316.930
0.130
0.026
0.200
0.028
309.628
3.317
0.165
0.032
0.034
310.819
0.039
4.211
0.048
0.039
315.693
0.043
0.034
0.026
0.026
294.099
15.794
0.034
0.034
0.028
309.031
0.122
2.746
0.027
0.777
308.483
0.033
0.203
0.079
0.026
312.203
0.056
0.039
1.249
0.034
294.115
3.527
0.101
0.872
0.054
292.152
4.049
0.040
0.028
0.035
299.578
0.167
0.023
0.024
0.032
296.470
1.282
0.052
0.027
0.033
273.780
14.095
3.274
0.025
0.029
293.596
0.046
0.028
0.027
0.024
293.036
4.701
0.040
0.029
0.026
275.467
13.457
0.045
0.036
0.034
294.430
0.547
0.043
0.106
0.025
301.232
0.040
0.032
0.030
0.023
284.199
9.186
0.103
0.031
1.305
286.759
0.036
0.227
8.436
0.040
294.334
0.030
0.031
0.867
0.026
294.171
0.039
0.029
3.352
0.035
296.282
0.031
0.023
0.031
0.124
291.997
0.044
0.030
2.865
0.038
300.379
0.033
0.032
0.034
0.026
293.719
0.227
0.112
0.163
0.036
147.122
143.370
0.051
3.365
0.116
299.908
1.676
0.061
0.061
0.031
305.285
0.937
0.029
0.035
0.027
297.947
0.041
2.122
0.037
0.107
297.439
2.261
0.039
0.031
0.034
307.534
0.063
0.037
0.033
0.025
282.723
12.675
2.241
0.034
0.067
303.387
0.035
0.027
0.035
0.026
282.797
13.738
0.228
0.849
3.500
302.881
0.026
0.025
0.024
0.033
296.561
0.035
0.026
0.027
0.026
317.926
0.210
0.032
0.024
0.030
354.990
0.044
0.044
0.056
0.034
324.111
0.041
62.607
5.648
0.145
100.644
253.951
0.041
10.893
0.058
298.877
0.691
70.709
0.922
0.039
330.812
0.040
0.028
0.025
0.027
325.496
0.027
0.086
0.034
0.104
295.355
0.238
28.001
0.033
0.106
311.898
0.044
0.032
0.033
0.203
304.979
0.037
0.059
0.027
2.044
284.596
15.207
4.376
0.068
0.035
297.810
0.400
0.027
0.772
0.079
300.597
2.308
0.034
0.030
0.226
306.711
0.037
0.946
0.027
0.033
314.973
8.578
0.073
0.033
10.909
289.740
64.593
0.031
0.028
0.034
340.672
3.219
0.064
4.179
0.050
347.813
0.132
0.028
0.028
0.024
288.410
37.781
0.253
0.031
0.573
348.968
0.045
0.030
0.025
0.039
348.377
0.189
1.003
0.028
0.033
313.597
32.703
0.046
0.205
3.236
44.309
438.239
0.046
0.257
0.035
382.889
0.026
0.038
0.051
1.177
345.192
0.033
0.115
0.034
0.032
353.493
3.876
0.045
0.035
0.263
294.222
32.687
0.421
1.254
0.059
321.988
0.054
0.041
0.035
0.034
315.874
0.187
6.387
0.275
0.031
316.666
0.060
0.042
0.030
0.035
311.599
0.036
0.035
0.031
0.025
317.711
0.034
1.298
0.035
0.028
308.355
0.034
0.036
0.035
0.182
305.548
0.042
0.024
1.750
0.030
266.255
42.360
0.054
0.030
0.034
304.946
0.052
0.036
0.116
0.761
303.968
0.033
0.025
0.030
0.032
303.450
0.037
0.033
0.028
0.360
307.234
0.034
0.628
0.196
1.321
281.677
14.079
6.647
1.261
0.051
302.046
0.029
0.031
0.035
0.027
294.718
1.743
0.054
0.039
0.032
302.184
0.038
0.353
0.116
0.027
300.193
0.034
0.029
0.038
0.028
282.359
16.221
0.028
0.029
0.030
304.548
0.032
0.037
0.025
0.026
295.474
0.116
0.033
0.515
0.036
296.420
1.853
0.044
0.029
0.033
296.292
0.029
0.037
0.033
0.113
290.450
6.690
0.053
0.249
0.034
295.765
0.236
1.943
0.038
0.039
303.912
0.040
0.034
0.115
0.025
309.792
0.032
0.032
0.032
1.274
293.108
11.423
2.353
0.039
0.038
301.468
0.032
0.122
0.029
0.027
298.791
0.054
4.154
0.041
0.042
306.856
0.043
0.026
0.035
0.038
301.285
0.037
0.027
0.118
0.032
298.243
0.042
3.141
0.031
0.031
306.883
0.044
0.026
0.027
0.026
302.219
0.041
0.116
2.058
0.043
299.300
4.546
0.036
0.145
0.042
304.183
0.030
0.119
0.031
0.114
290.440
0.472
1.150
0.053
8.413
298.901
0.054
0.043
0.038
3.114
298.180
3.601
2.431
0.066
0.034
301.996
0.057
0.033
0.034
0.309
296.806
0.049
0.129
0.036
0.034
304.464
0.049
0.037
0.118
0.032
300.695
0.050
1.182
0.161
0.038
302.506
0.184
0.047
0.046
0.038
298.141
0.042
0.116
0.032
0.031
295.325
0.033
0.027
0.163
4.356
36.994
255.435
11.541
0.057
0.036
295.664
0.034
0.039
0.026
0.037
298.078
0.050
0.030
0.304
0.041
294.289
3.724
0.065
0.034
0.815
69.015
294.260
1.753
0.066
4.509
418.699
0.043
0.043
0.041
0.038
330.382
46.526
14.119
0.044
0.036
297.059
39.886
0.035
0.041
0.026
333.799
2.145
0.046
0.027
0.034
342.009
0.040
0.100
0.048
0.034
296.277
66.200
0.053
0.031
0.301
366.852
1.245
0.142
2.788
19.022
411.567
11.847
0.086
0.047
0.040
334.041
88.886
0.046
0.028
0.785
322.240
73.689
0.030
3.211
0.057
342.762
44.208
0.041
0.375
0.041
374.674
2.316
0.035
0.037
0.032
353.965
23.824
0.072
0.164
0.283
362.577
0.927
0.054
4.383
4.515
338.738
0.035
0.030
0.037
0.056
328.896
0.041
0.032
0.034
0.602
322.551
0.042
0.035
0.027
0.029
311.802
0.358
11.711
0.071
0.041
322.263
6.138
0.064
0.130
0.049
302.459
17.924
0.064
0.044
0.743
295.028
25.791
0.140
0.044
0.029
296.609
40.661
0.038
0.029
1.242
335.189
0.035
0.175
0.039
0.037
326.123
0.054
0.035
0.040
0.171
334.269
0.040
0.034
0.032
0.124
311.240
0.052
6.385
0.057
0.042
309.975
7.828
0.064
0.046
0.035
320.310
0.057
0.034
0.037
0.038
304.010
3.972
2.545
0.060
0.052
306.961
0.045
0.031
0.029
0.029
284.825
13.140
0.269
15.094
0.039
295.310
26.102
0.036
0.032
0.039
295.396
23.544
0.058
0.034
0.039
322.006
0.884
0.061
0.162
0.035
313.008
11.746
0.034
0.035
0.038
308.386
0.187
16.063
0.047
0.036
308.651
10.426
0.046
2.306
0.067
302.769
29.446
0.040
0.032
0.041
295.734
12.889
10.699
0.039
2.487
320.020
0.041
0.034
0.040
0.033
322.003
0.040
0.034
0.037
0.034
313.581
2.513
0.050
0.034
0.046
312.808
2.496
0.172
0.030
0.036
426.532
0.039
0.038
0.030
0.038
414.708
3.146
0.045
0.030
1.712
423.463
0.041
0.037
0.031
0.039
407.067
0.656
18.841
0.055
0.032
391.403
24.339
0.043
0.318
0.060
419.615
0.038
0.030
2.065
0.050
415.852
0.040
0.042
0.031
0.122
384.890
19.865
0.181
5.066
0.043
409.160
5.376
0.037
0.042
0.030
404.196
5.186
0.036
0.128
0.164
391.053
1.211
0.077
0.040
10.073
399.953
11.339
0.037
0.230
0.136
400.650
0.167
7.344
0.051
0.032
388.739
17.082
1.404
0.048
0.034
389.875
25.650
0.078
3.438
0.047
527.918
0.064
0.045
0.036
0.036
582.043
0.069
0.232
0.040
0.038
0.034
524.237
8.434
0.077
0.408
533.240
0.033
0.978
0.058
0.039
497.778
0.048
0.031
0.038
0.042
478.262
1.743
0.047
0.046
5.908
455.265
0.041
0.050
0.039
0.040
449.835
0.033
0.039
0.039
0.033
440.811
0.042
0.169
0.031
0.030
439.981
0.043
0.039
0.032
0.034
393.929
24.999
3.088
2.440
0.052
465.734
0.069
0.049
34.429
0.155
413.246
0.126
0.045
72.481
0.151
497.502
0.049
16.199
0.056
0.179
459.574
13.533
1.817
3.204
0.070
449.052
2.026
0.075
0.043
0.036
429.519
1.600
0.053
0.048
0.039
419.186
0.055
0.118
1.486
0.115
392.809
31.787
0.038
0.231
0.036
427.644
0.038
0.139
0.128
0.032
441.462
0.045
0.037
0.039
0.041
432.163
5.091
0.033
3.036
0.052
445.481
0.042
0.064
0.037
0.039
432.882
0.051
0.043
0.036
0.040
422.889
3.623
3.566
0.037
0.031
430.738
0.040
0.037
0.033
0.030
408.913
0.046
4.699
0.047
0.032
421.196
0.047
0.036
0.030
0.041
413.301
0.074
0.046
0.037
0.034
401.754
10.617
0.193
0.064
0.037
389.449
31.891
0.037
0.039
0.034
408.706
4.477
0.052
0.042
0.036
414.582
0.149
5.504
2.613
0.034
410.848
0.045
0.135
1.610
4.503
391.469
23.331
0.035
0.174
0.149
420.058
0.051
0.038
1.678
0.071
390.476
13.671
2.969
0.054
3.940
408.770
0.069
17.326
0.037
0.043
389.912
30.902
0.045
0.035
0.034
388.234
18.505
0.055
0.347
0.058
413.964
0.047
0.034
0.037
0.032
403.340
0.073
0.042
0.034
6.707
408.742
1.645
0.067
0.037
0.042
472.676
24.576
0.041
0.037
0.035
522.670
0.050
0.035
0.035
0.038
457.975
7.181
0.046
0.598
0.058
458.533
0.070
0.049
0.033
0.039
461.703
0.036
0.293
0.061
0.041
473.944
0.045
0.042
0.073
7.597
502.504
0.046
0.034
0.246
0.052
481.169
0.079
7.472
0.045
0.097
442.431
62.641
0.059
0.035
0.039
474.180
17.050
0.086
0.043
0.148
514.711
0.087
0.034
0.050
0.038
467.473
0.045
0.044
0.044
0.033
451.804
0.043
0.051
0.036
0.032
436.396
0.080
0.053
4.450
0.047
404.447
0.260
128.601
0.309
0.050
473.943
12.171
0.079
0.043
0.598
457.459
0.064
6.571
0.051
0.044
457.763
0.048
0.039
0.706
0.310
376.295
43.264
5.406
5.029
0.055
417.598
10.990
0.050
0.039
0.175
374.422
51.435
0.043
0.033
0.036
428.726
9.468
0.215
0.066
0.046
419.293
5.949
0.074
0.039
0.150
418.926
1.967
4.785
0.040
0.729
415.504
0.097
9.159
5.832
0.052
416.837
7.895
0.943
0.049
0.042
432.382
0.042
0.038
0.033
0.048
424.037
0.152
0.037
1.108
0.051
396.063
17.036
0.060
8.595
0.054
413.188
8.391
3.074
0.167
0.157
432.825
0.059
0.054
0.041
0.035
428.150
0.605
0.046
0.048
0.037
418.481
0.410
0.046
0.040
0.038
415.346
10.157
0.608
0.052
0.158
413.253
0.062
0.043
0.036
0.146
417.166
0.049
0.037
0.043
0.042
412.811
0.067
0.047
0.041
0.154
408.357
0.058
0.042
4.366
0.056
405.401
0.171
6.623
0.170
3.965
416.215
0.055
0.041
0.032
0.036
408.359
0.633
0.044
0.043
0.273
414.691
3.277
0.112
0.043
0.052
384.464
0.066
0.447
70.020
0.037
499.798
0.045
0.039
0.050
1.426
475.222
12.950
1.161
0.225
0.052
481.586
0.052
5.524
0.060
0.047
446.649
0.056
0.046
0.083
0.250
429.812
6.032
0.070
0.847
0.057
421.597
13.591
0.513
0.052
0.037
426.591
0.277
7.534
0.158
0.359
446.904
0.061
0.043
4.939
0.049
494.723
5.595
0.057
0.034
0.034
542.553
0.052
0.047
1.649
0.072
543.922
0.046
0.037
0.150
0.154
465.646
0.060
7.962
0.051
0.036
404.006
36.129
8.807
0.071
0.164
444.174
0.082
0.043
0.036
0.038
443.091
0.061
0.038
0.052
0.542
421.067
0.068
0.041
0.044
3.659
425.521
0.057
3.775
0.045
0.036
391.310
38.471
0.053
0.037
0.032
394.480
29.589
0.053
0.291
0.052
413.576
0.082
0.158
4.433
0.060
418.435
0.198
6.327
0.069
0.040
426.351
0.053
0.045
0.043
0.034
398.475
31.768
0.077
0.051
0.046
418.696
14.174
0.059
0.041
0.050
399.484
35.244
0.050
0.047
0.050
426.504
0.069
0.051
0.047
0.050
406.642
0.292
19.768
0.041
0.042
407.661
14.164
0.177
0.046
0.158
422.266
1.826
0.166
0.036
0.039
397.537
0.063
24.467
0.046
0.048
414.406
12.512
0.068
0.048
0.047
419.131
0.052
0.542
0.062
0.055
418.027
0.116
0.046
0.049
0.045
389.664
13.491
0.319
0.091
13.585
414.453
0.062
0.140
0.046
0.041
418.116
0.056
0.044
0.038
0.038
396.646
7.272
0.069
0.166
0.154
441.037
0.048
11.167
0.074
0.047
451.960
1.189
0.076
0.048
0.041
330.122
108.165
0.045
0.034
0.034
420.773
0.046
0.692
0.050
0.049
446.422
0.052
0.055
0.052
0.046
460.429
0.053
0.056
0.059
0.046
397.878
87.485
4.183
8.038
0.746
530.775
0.073
3.847
0.066
0.048
497.905
0.075
0.047
0.338
0.203
448.820
0.100
0.046
17.028
0.087
434.623
1.567
15.682
0.059
0.040
443.792
0.130
0.053
0.136
0.176
518.665
0.055
0.037
1.938
0.048
502.690
0.291
0.046
0.050
0.046
452.234
0.072
2.552
6.277
0.047
446.858
0.094
0.051
0.043
0.039
439.615
0.178
0.156
2.696
0.043
393.527
36.540
0.053
0.235
0.178
433.234
0.064
0.047
0.041
0.037
437.536
2.035
0.049
0.240
0.055
9.315
431.599
0.075
0.151
0.051
441.837
0.202
0.060
0.044
0.050
435.980
0.054
0.053
0.051
0.036
434.749
0.060
7.766
0.055
0.069
405.398
0.937
0.083
15.678
0.203
449.189
0.049
0.044
0.038
0.160
419.911
10.165
0.054
4.382
1.894
439.753
0.062
0.175
0.052
0.038
421.266
31.232
0.045
0.050
0.277
427.060
0.231
15.502
0.065
0.047
442.140
29.585
0.046
3.108
0.080
468.920
0.065
0.043
0.051
0.055
470.434
0.436
2.117
0.162
0.046
478.111
0.054
0.046
0.041
0.041
466.890
0.230
0.063
0.040
0.049
462.362
0.068
0.059
0.187
0.050
449.993
0.948
0.181
0.039
0.048
455.873
0.057
9.724
0.063
0.055
519.162
0.061
4.190
0.236
0.055
587.050
0.072
0.047
0.041
0.043
479.633
60.474
0.213
0.056
0.039
0.248
497.485
7.064
0.047
0.052
495.674
0.053
0.037
0.048
0.037
489.346
0.060
0.045
0.036
0.232
549.897
0.070
0.048
3.715
0.068
472.173
91.663
4.437
0.074
0.063
417.615
221.453
0.053
0.050
0.045
571.890
0.073
0.047
0.046
0.357
524.686
17.528
17.278
2.370
0.061
532.638
5.391
0.253
3.426
0.199
533.706
0.092
3.142
0.053
6.477
534.503
0.365
2.113
0.060
0.046
527.275
0.060
0.046
10.931
0.879
534.247
0.051
0.175
0.045
0.043
532.946
0.046
0.042
0.047
0.604
526.181
0.087
0.047
0.377
0.091
527.432
0.048
0.039
0.050
0.779
510.494
0.058
0.058
0.182
3.814
512.445
5.388
1.160
1.968
0.065
503.642
26.770
0.069
0.046
0.169
487.713
38.494
0.055
0.040
0.038
510.870
0.056
0.176
0.042
0.052
51.540
470.050
0.177
0.046
0.038
505.231
0.063
0.139
0.063
0.046
500.716
10.080
0.048
0.039
0.048
515.397
0.193
0.065
0.054
0.178
513.381
18.728
0.096
0.066
0.057
516.762
8.270
0.064
0.136
1.695
530.476
24.106
106.681
0.061
0.130
615.522
0.081
0.048
0.051
0.041
564.836
11.190
0.058
0.061
0.053
515.498
33.666
26.920
0.391
41.338
621.791
0.047
0.188
0.057
0.051
625.206
0.063
0.065
0.046
0.056
601.692
0.065
0.096
0.056
0.050
559.867
8.553
0.046
0.203
0.042
522.872
10.578
0.068
0.049
0.047
552.366
13.393
0.063
0.041
0.042
587.006
0.181
0.096
0.055
0.054
620.156
0.081
0.210
2.004
0.079
435.294
0.386
159.541
1.072
0.056
573.270
0.191
0.056
0.057
0.119
166.346
393.880
2.195
1.118
15.846
555.339
18.866
0.083
0.055
0.058
566.789
0.091
0.061
0.061
0.054
566.517
0.192
0.150
0.052
0.052
563.072
0.055
0.057
0.044
0.047
531.504
0.398
33.533
0.068
0.046
536.519
10.347
0.057
2.375
0.083
545.082
4.529
5.202
0.050
0.177
542.405
7.772
0.205
0.050
0.046
555.010
0.082
3.385
0.068
0.055
558.680
0.052
0.052
0.039
0.056
583.511
0.067
7.653
0.056
0.042
591.446
0.047
2.031
0.066
0.049
576.765
3.234
5.918
0.046
2.644
589.203
0.156
0.059
0.041
0.039
576.546
0.072
0.060
1.563
7.311
583.569
12.406
0.063
0.239
0.068
620.539
0.071
0.058
0.159
0.053
665.773
0.052
0.065
0.059
0.257
691.136
0.065
0.139
0.044
0.038
666.465
0.091
0.066
0.189
0.053
647.278
0.225
0.375
0.246
0.045
634.414
0.071
0.057
0.049
0.147
611.869
0.298
13.446
0.068
0.058
652.308
19.685
0.078
0.067
0.046
795.591
0.066
0.065
0.047
0.139
678.722
0.053
0.044
0.045
0.047
579.926
33.958
11.772
10.319
0.080
625.241
0.479
0.084
0.070
0.047
568.175
19.708
33.293
0.047
0.059
569.323
34.892
0.220
0.057
0.041
623.767
0.066
0.164
0.202
0.059
619.237
0.267
0.064
0.047
0.042
596.184
15.596
0.074
0.053
0.046
596.964
6.999
0.047
0.046
4.540
590.238
22.327
0.086
0.053
0.192
600.870
0.064
0.196
0.047
0.043
595.980
0.103
0.061
1.835
0.050
597.294
0.195
0.054
0.058
0.045
561.795
33.061
1.970
1.736
0.075
594.185
0.081
0.203
0.188
0.068
594.729
0.055
0.062
0.158
0.694
596.393
0.080
0.055
0.055
0.046
584.039
0.059
1.277
0.755
0.081
585.594
5.516
0.058
0.045
0.044
585.195
5.777
0.059
1.177
0.067
611.932
72.751
0.410
18.439
0.068
668.549
0.086
0.718
0.082
0.053
649.785
0.250
0.244
5.610
0.093
620.751
0.240
0.060
24.343
10.796
665.403
1.277
0.193
8.546
1.419
657.895
0.083
0.139
0.057
0.045
674.935
0.215
0.062
0.050
0.046
634.159
0.071
0.249
0.052
0.049
603.705
19.631
0.252
0.062
0.061
656.837
0.073
5.651
0.093
0.070
640.609
7.486
0.157
0.212
0.518
635.702
0.229
0.048
0.043
0.042
630.885
0.058
0.338
0.055
0.088
614.610
0.080
0.068
0.060
1.798
591.019
0.512
18.997
0.065
0.046
666.936
41.884
0.063
4.310
0.045
689.028
25.267
0.062
1.218
0.053
722.808
0.066
0.063
0.064
0.202
720.394
0.112
0.056
0.048
0.049
695.713
26.318
0.064
0.044
0.193
662.738
29.472
0.053
8.828
5.564
711.086
0.064
0.049
0.063
0.105
691.497
0.080
0.071
0.056
0.059
683.601
1.356
7.150
4.449
0.066
694.723
0.058
0.154
0.066
0.046
691.643
0.057
0.043
0.058
0.060
667.296
28.455
0.069
0.050
0.046
724.678
0.108
0.061
27.303
0.249
737.838
34.992
0.231
0.065
0.061
793.759
0.077
5.869
0.140
0.075
851.535
0.081
0.060
5.078
0.069
807.204
0.122
5.629
0.299
8.337
780.862
3.804
0.358
0.105
0.060
812.718
0.068
4.765
0.089
0.106
909.678
0.094
0.066
22.414
5.024
954.700
94.961
0.243
20.456
0.104
1000.121
14.310
0.074
0.250
0.064
902.476
45.497
30.499
0.056
0.053
69.767
870.596
10.951
10.944
0.072
954.720
0.070
0.063
0.051
0.976
943.912
0.068
0.067
0.068
0.066
923.304
0.096
0.058
0.064
0.048
917.994
11.994
0.285
0.065
0.209
917.283
0.313
30.502
0.072
0.057
922.477
0.070
0.064
0.061
0.202
900.095
0.082
0.064
0.068
0.065
887.084
16.811
11.227
0.086
2.988
908.379
0.069
2.049
0.091
2.790
902.124
0.091
0.067
0.052
0.053
896.922
0.082
0.066
0.064
0.048
314.787
561.660
20.478
0.477
0.072
937.907
0.124
0.283
0.086
0.063
1033.317
0.085
29.661
0.110
0.071
960.848
11.485
17.549
0.062
0.286
998.900
1.986
36.395
0.068
0.114
1015.129
0.067
0.051
0.102
0.070
912.958
0.136
93.080
0.060
0.046
924.635
15.198
6.435
0.067
1.204
926.205
0.058
0.280
1.312
0.112
969.227
33.932
2.400
0.055
0.068
983.567
0.071
0.055
0.518
0.068
973.439
0.222
0.065
0.059
0.060
945.733
12.285
0.064
0.347
0.072
937.652
0.269
0.076
0.069
9.511
921.192
0.071
0.160
1.346
0.085
918.915
0.081
0.066
0.061
0.061
882.025
32.860
0.258
0.061
0.065
917.869
0.067
0.302
0.322
0.056
900.687
0.091
0.222
0.064
0.057
878.384
13.003
8.700
0.182
0.478
899.495
0.092
0.231
0.060
0.328
929.944
0.083
0.063
0.350
0.075
950.278
0.172
0.080
8.824
0.069
942.518
0.059
0.137
0.073
0.056
912.667
9.948
0.211
0.078
0.055
938.320
84.868
18.115
0.097
0.065
1089.022
0.270
0.075
1.118
0.075
1091.950
0.080
0.071
0.115
0.068
1014.697
9.172
0.091
0.079
0.063
940.507
69.860
0.080
0.059
0.061
1044.359
0.095
0.061
0.055
0.228
1074.090
0.403
0.057
0.049
0.045
1061.200
0.102
0.068
0.055
0.066
972.597
33.395
0.108
0.073
0.074
974.053
0.131
0.278
0.081
0.245
890.075
49.258
0.140
0.065
0.067
915.798
6.691
9.054
15.626
0.105
658.613
258.831
0.053
11.504
0.090
899.388
2.123
22.039
0.062
0.071
904.785
39.713
0.064
0.050
0.273
919.122
1.339
3.355
0.096
0.082
951.073
0.076
0.063
0.064
0.059
958.180
0.388
0.066
0.060
0.064
941.272
0.070
0.056
0.070
0.064
929.517
0.076
0.065
0.134
0.066
920.408
0.112
0.242
0.073
0.167
911.524
29.644
0.086
0.237
0.067
1053.008
3.879
0.083
0.066
0.052
976.538
5.705
0.234
6.186
1.173
982.599
0.093
11.197
0.069
0.057
1018.797
0.212
41.631
0.067
2.973
1043.413
3.267
0.069
0.060
0.061
985.286
0.076
5.480
0.098
0.069
1057.213
0.070
1.645
10.060
0.065
1108.985
37.324
0.089
0.067
0.056
1089.175
0.076
0.085
0.073
0.052
1045.398
0.075
0.431
0.952
0.246
983.093
0.344
80.222
0.081
0.067
1037.521
0.081
6.412
0.357
0.069
1051.274
0.076
0.066
0.051
6.156
1028.704
0.076
8.473
0.075
0.075
1028.151
0.082
8.728
0.063
0.051
124.542
912.506
0.115
0.086
0.067
1042.924
0.069
0.060
0.073
0.063
1037.778
0.091
0.286
0.065
0.054
1033.901
0.104
0.070
0.075
0.076
1001.186
10.808
0.076
0.053
0.075
1024.778
0.064
0.066
0.057
0.051
1014.976
0.277
0.204
0.076
0.051
1020.923
104.747
0.090
0.071
0.077
1223.035
0.289
0.060
0.067
0.098
1096.946
0.087
0.069
0.238
7.300
989.958
66.047
0.070
0.214
9.678
1037.789
61.283
0.372
0.085
0.068
1075.163
20.148
0.086
0.127
0.345
1148.918
0.086
0.054
0.064
0.053
1076.444
0.114
0.088
0.074
0.068
1084.324
0.101
0.066
0.068
0.066
1068.018
0.306
1.703
0.061
0.069
1041.292
0.199
0.078
0.079
10.558
990.146
51.304
0.078
0.066
0.049
713.425
315.689
0.071
0.056
0.052
974.038
29.956
0.068
0.053
0.071
989.618
16.136
0.097
0.075
0.062
995.116
0.084
0.066
0.059
8.484
997.088
0.086
0.072
13.188
0.086
1003.905
0.082
0.071
5.789
0.094
1001.374
25.010
0.075
0.065
0.064
1037.633
0.080
0.071
6.109
0.083
1096.682
32.637
0.473
0.096
22.993
1347.630
0.108
0.206
0.080
0.077
1295.632
0.088
0.060
3.528
0.089
1351.299
0.086
0.069
0.076
0.062
1275.660
0.082
0.081
0.058
0.057
1213.642
0.155
0.095
0.063
0.056
1207.859
14.343
13.829
14.443
0.075
1256.532
14.828
0.310
0.327
0.094
1226.658
11.506
5.062
9.109
5.953
1213.372
26.305
0.091
0.080
2.948
208.556
1035.316
0.078
0.068
0.053
1186.056
5.171
1.686
0.088
14.432
1171.772
0.072
0.064
0.061
5.386
1153.314
26.667
0.069
0.076
0.124
1214.938
0.077
0.077
0.065
0.068
1200.557
12.672
0.083
0.058
0.058
1170.514
0.100
27.608
0.100
0.090
1169.199
27.149
0.145
0.058
0.061
1173.868
0.087
0.081
0.069
0.059
1164.920
3.334
0.070
9.413
0.091
1300.404
60.654
36.838
0.418
0.065
1391.380
0.088
0.070
0.078
1.251
1304.300
0.089
0.062
0.380
0.062
1270.570
28.004
0.095
0.070
0.065
1261.466
22.392
24.885
0.099
0.487
1324.319
0.086
0.164
0.079
0.070
1217.775
28.193
0.091
0.065
0.075
1193.429
0.130
34.650
0.140
0.080
1188.269
0.090
0.066
0.069
1.944
1184.168
16.630
0.098
0.070
0.072
1181.554
12.580
16.484
0.094
0.215
1226.217
0.090
0.085
0.077
0.078
1196.694
0.065
0.062
0.053
0.255
1119.271
33.067
19.623
0.087
6.204
1172.314
0.087
0.062
0.059
0.252
1168.765
0.265
0.079
0.061
0.052
1137.982
3.861
33.299
0.080
0.084
1153.103
15.263
0.086
0.086
0.142
1166.777
60.487
0.173
0.073
0.069
1314.835
0.083
0.059
0.057
0.080
1317.176
0.093
3.898
0.067
0.084
1313.595
0.067
0.074
0.147
0.080
1284.917
0.175
0.074
4.266
0.119
1258.397
0.081
0.060
0.100
0.078
1196.101
6.619
0.189
4.431
43.681
1270.534
0.966
0.102
0.275
0.372
1262.707
0.512
0.094
0.088
0.087
1223.850
0.096
0.266
0.064
0.145
1229.054
0.209
3.618
0.115
0.288
1159.367
0.116
4.173
10.058
6.125
1161.788
18.440
0.120
0.077
0.073
1167.720
0.107
3.228
0.108
0.065
1174.949
0.275
0.378
0.063
0.076
1177.037
6.866
10.164
0.098
0.072
1201.592
0.104
0.071
0.074
0.194
1185.574
0.098
13.890
0.112
0.298
1199.645
0.281
0.075
0.367
0.073
1165.604
0.136
0.074
0.068
2.770
1288.038
20.706
0.065
0.081
0.182
1288.569
2.865
45.263
0.081
4.603
1233.781
0.092
0.076
14.887
0.088
1252.102
15.031
0.079
0.168
7.201
1297.192
0.098
0.070
0.070
0.069
1273.908
18.294
0.088
0.067
0.082
1250.883
0.087
0.086
0.271
0.075
1207.225
0.080
1.479
0.110
0.074
1180.581
6.795
0.088
6.848
0.113
1172.183
0.132
0.097
4.039
0.087
829.471
323.807
19.776
8.728
6.287
1227.771
0.126
0.095
0.085
0.087
1207.901
0.104
0.201
0.079
0.078
677.448
499.967
0.094
15.770
0.689
1166.973
0.079
11.175
0.083
0.075
1156.033
0.394
16.515
0.094
0.088
1198.184
0.087
0.080
0.075
0.084
1150.252
25.763
0.087
0.065
0.059
1183.860
0.080
0.068
0.092
0.082
1387.548
0.090
0.076
6.806
0.091
1290.212
2.548
64.851
0.443
0.087
1343.778
0.367
0.085
0.084
0.084
1239.731
61.219
0.104
0.070
7.739
1210.882
0.095
5.956
11.714
0.082
843.461
458.567
0.068
0.281
0.064
1193.554
0.116
3.702
0.321
0.094
1205.351
0.101
0.104
0.075
15.228
1240.514
0.334
0.086
0.085
0.271
1206.454
0.305
0.082
0.064
0.074
1124.038
76.922
0.073
0.280
0.091
1168.995
0.102
0.090
13.952
0.073
1259.278
13.929
0.097
6.678
0.096
1272.339
0.115
0.092
0.075
0.080
1253.919
0.123
0.169
0.081
0.074
1273.848
0.099
0.078
0.078
6.436
1268.577
0.088
0.075
20.483
0.086
1337.955
24.557
0.753
76.549
1.871
1418.862
0.318
20.334
0.089
0.083
1404.282
0.106
28.150
0.675
6.134
1315.256
39.449
0.081
0.096
0.088
1272.947
49.911
0.096
7.637
0.107
1330.618
21.233
0.099
0.107
12.607
1500.449
0.095
0.072
0.073
16.253
1495.614
0.100
0.101
0.095
0.080
1456.320
0.148
0.086
0.066
19.287
1455.352
2.158
0.125
8.915
0.099
1425.702
12.033
0.094
0.076
0.087
1412.135
25.534
0.091
0.293
7.648
1461.394
0.091
3.547
2.695
0.082
1416.541
63.267
0.095
0.086
1.910
1472.773
0.112
0.091
0.309
0.085
1400.000
29.691
0.091
2.339
0.146
1432.210
0.091
0.088
0.068
0.065
1518.146
0.087
0.074
0.079
0.077
1534.974
26.429
0.086
19.096
0.104
1595.518
0.102
0.091
0.070
0.196
1570.999
15.789
0.582
0.113
0.226
1538.589
0.201
34.653
0.114
0.149
1490.485
93.840
0.156
0.090
0.224
1511.078
0.106
0.101
0.080
0.092
1686.059
0.100
5.692
0.109
0.091
1710.822
0.080
0.073
0.175
0.094
1672.563
11.991
0.105
0.184
0.091
113.635
1513.157
4.054
2.185
0.555
1621.351
0.128
45.200
0.346
0.074
1622.231
17.298
0.088
0.072
6.179
1608.715
0.105
30.572
0.084
0.089
1664.130
0.098
0.076
0.077
0.078
1680.457
33.113
1.665
0.106
0.092
1762.985
0.101
0.081
14.741
0.096
1704.031
0.118
64.953
0.081
0.085
1712.177
0.102
3.431
0.096
0.085
1741.625
13.856
0.225
0.100
0.090
1820.811
31.970
0.202
0.092
0.086
1733.655
0.170
0.129
11.603
0.106
1594.279
79.391
0.121
0.089
0.088
1643.093
35.726
0.341
0.361
0.104
1655.072
10.340
8.269
0.078
11.906
1678.397
0.125
0.103
20.726
0.099
1658.616
36.937
0.082
3.847
0.413
1701.320
0.137
0.090
0.096
0.320
1593.664
72.562
0.108
0.097
0.091
1649.272
0.111
0.312
0.095
0.091
1632.625
0.115
0.099
0.090
7.246
1777.751
0.099
0.072
0.175
0.089
1781.343
0.122
0.554
0.089
1.354
1795.827
0.082
0.067
0.089
0.310
1803.121
0.143
0.332
0.075
0.064
1880.220
76.005
0.111
0.104
0.089
2006.833
0.095
0.095
0.099
0.093
1947.778
0.107
14.087
0.097
0.097
1937.709
0.106
0.086
0.091
0.083
1901.894
0.327
0.397
0.079
5.436
1864.446
3.072
0.079
17.024
2.716
1884.245
22.484
0.107
0.084
0.082
1874.190
0.130
0.100
0.090
0.069
1872.858
0.102
0.101
0.077
0.718
1866.676
1.267
0.123
37.965
0.633
1933.605
97.599
0.403
18.797
0.098
2049.014
0.107
0.329
0.215
0.109
1944.069
47.029
0.090
0.079
0.077
1982.789
0.395
33.572
0.102
0.103
2093.206
2.969
10.404
63.083
0.089
2066.832
7.450
0.094
0.092
0.099
1993.595
0.119
0.092
0.086
0.068
1931.478
7.038
0.123
0.102
0.099
1938.742
33.665
0.087
0.086
0.076
1956.802
0.103
0.091
0.161
0.073
1586.490
51.533
0.081
0.070
0.201
1649.481
0.128
0.091
31.365
0.096
1638.794
2.763
49.475
0.329
0.077
1590.707
2.717
58.102
0.335
0.083
1712.792
1.940
0.102
0.096
0.077
1792.766
0.112
0.079
0.303
0.088
1828.587
0.103
0.083
0.096
0.148
1927.417
0.104
0.082
0.150
0.083
1837.255
0.108
0.094
0.085
0.392
1720.773
9.976
0.320
0.107
49.461
1751.058
0.085
0.091
0.077
0.074
1670.594
0.119
0.539
53.688
0.121
1625.300
115.650
0.124
0.082
0.077
1692.991
0.378
0.344
1.316
0.102
1625.600
52.478
0.111
0.082
0.086
1658.735
0.117
1.736
0.090
0.109
1590.110
0.923
57.116
0.110
0.177
1610.172
5.885
0.091
0.090
37.483
1650.979
45.145
0.116
0.101
0.083
1821.144
0.132
0.108
0.100
2.420
1658.592
184.287
0.121
0.100
0.079
1885.611
0.091
0.458
0.095
0.084
1731.176
0.102
0.457
0.099
0.091
1806.580
0.113
0.090
0.082
0.076
1841.069
0.251
4.461
0.099
0.391
1842.501
0.130
0.094
0.088
0.077
1615.433
101.898
0.135
3.948
4.788
1573.863
47.531
2.545
48.499
0.138
1674.613
0.118
10.187
0.108
0.098
1671.003
0.104
38.997
0.092
0.338
1644.143
21.828
14.237
35.119
0.115
1663.095
0.124
0.111
0.104
0.933
1644.171
0.111
6.138
0.131
0.108
28.795
1561.859
62.340
0.101
0.084
1563.200
182.109
5.548
0.108
0.101
1847.615
3.601
0.091
0.101
0.079
256.781
1454.387
146.750
0.082
0.647
1622.280
116.612
51.871
0.114
0.086
1748.601
0.093
0.077
0.089
0.167
1790.674
0.386
0.088
0.080
58.395
1747.758
23.103
50.584
5.776
0.128
287.227
1404.080
0.329
10.514
0.122
1684.035
37.703
4.021
0.115
0.115
1677.266
0.093
0.105
0.114
0.103
1561.481
97.460
0.112
1.285
0.112
30.889
1654.276
0.106
0.088
0.096
1648.140
18.552
36.024
0.099
0.099
1658.441
0.131
0.116
0.097
0.083
1653.903
8.972
0.121
0.108
0.089
1881.584
0.109
0.082
0.091
0.079
1784.377
0.105
0.100
0.083
0.446
1700.673
23.514
19.079
0.085
55.468
1741.590
53.338
0.122
0.211
0.211
1126.423
737.500
0.114
0.102
0.078
1681.341
9.161
2.115
0.090
0.078
1612.496
84.820
0.083
0.095
0.080
1685.273
0.097
0.188
0.091
0.087
1713.457
3.914
0.116
0.108
0.105
1607.110
74.164
0.107
0.085
0.102
1638.137
0.122
0.099
0.395
0.084
1641.373
0.102
0.252
0.095
0.096
1635.941
0.463
0.095
0.349
0.084
1658.679
0.104
0.097
0.096
0.080
1630.226
0.277
103.832
0.134
0.098
1871.694
0.150
0.097
0.358
0.173
1724.567
4.520
13.270
4.439
51.779
1838.586
0.112
0.084
0.434
0.112
1798.183
0.095
0.105
0.176
0.094
1700.866
79.837
0.134
0.110
0.104
1719.680
0.404
27.530
0.098
0.098
1729.514
0.376
0.150
0.361
0.114
1627.649
73.310
0.099
0.116
0.098
1597.901
64.830
0.091
3.980
0.116
1668.263
0.113
0.096
0.088
0.094
1700.032
0.115
0.181
1.494
0.114
1701.669
0.128
0.090
8.311
0.119
953.406
689.382
37.592
0.093
3.485
1577.097
62.972
0.137
0.118
0.130
1551.201
116.116
0.114
0.196
5.134
1734.280
0.123
10.245
0.107
0.195
1814.754
80.001
5.657
0.126
0.091
1780.678
10.015
0.115
0.105
1.194
1778.378
0.173
0.097
0.111
0.363
1709.131
0.131
0.126
0.101
8.408
1699.233
0.114
0.088
0.086
0.092
251.044
1404.944
41.274
0.140
28.990
254.649
1391.703
62.844
0.136
0.515
1674.145
0.123
0.100
0.090
0.104
1650.910
0.131
0.106
0.227
0.112
1604.537
1.376
4.236
0.240
8.646
1601.617
60.318
0.121
0.436
0.104
1657.734
0.127
0.375
0.117
0.205
243.706
1417.136
0.122
0.124
35.517
1720.873
0.140
0.132
63.798
0.103
1631.313
86.543
0.154
0.100
60.366
1724.770
0.143
0.372
0.117
0.109
1684.624
49.159
105.459
0.181
0.096
1682.549
2.011
70.828
2.082
0.105
1765.809
0.103
0.371
0.417
0.101
1704.699
0.228
0.108
0.087
4.207
1637.036
0.124
45.058
0.120
0.376
1643.406
0.138
0.106
0.083
0.090
1662.487
70.766
0.483
0.393
0.091
1654.210
40.467
0.104
0.094
0.097
1664.372
0.136
39.416
0.144
0.123
1603.074
22.150
0.130
0.125
30.822
1635.038
0.147
0.391
0.091
0.361
1620.145
0.586
1.585
0.259
40.682
1669.172
0.124
11.169
0.426
0.118
1805.197
0.151
0.122
0.091
0.081
1665.277
129.031
0.117
0.113
0.118
1635.101
124.265
0.396
0.098
0.157
1771.658
94.021
0.496
0.092
0.086
1778.252
0.107
2.878
0.103
7.369
1719.173
6.331
0.143
0.118
0.378
1704.555
0.136
3.916
0.128
0.105
1676.729
0.133
0.139
0.120
0.160
1688.625
0.124
0.122
0.109
0.085
1673.797
0.102
0.113
0.099
0.086
1633.644
13.113
10.653
42.650
0.097
1652.895
33.688
0.137
0.111
0.094
1765.222
94.429
0.135
0.440
0.120
1851.763
0.123
0.088
0.090
0.093
1690.265
94.927
0.127
0.118
0.182
1819.553
0.130
0.526
0.117
0.122
1685.647
0.124
0.100
37.172
0.456
1670.885
72.290
0.103
0.101
7.589
1707.080
0.126
0.095
0.367
0.157
1649.406
0.133
0.390
1.046
0.113
1681.856
0.120
0.095
7.891
0.135
1628.593
11.580
6.304
0.122
63.384
1666.552
0.102
0.372
0.100
0.472
1620.996
0.118
0.155
0.112
0.374
1610.242
0.123
37.561
0.129
0.105
1643.338
9.909
0.123
0.091
0.107
1596.154
49.543
0.169
0.149
59.587
1817.159
0.118
0.095
0.099
0.115
1747.346
6.333
46.768
0.418
0.102
1675.238
88.512
63.310
0.098
0.110
1663.798
80.389
0.132
0.523
1.960
1792.936
0.141
10.251
0.125
0.101
1702.735
0.129
5.153
0.149
45.660
1684.133
0.114
54.107
0.776
0.438
1628.087
80.128
0.113
0.120
0.095
1677.585
0.138
0.127
0.104
0.111
1651.567
0.149
0.126
0.394
0.184
1625.132
68.366
0.137
0.114
0.091
1706.223
0.121
0.121
0.128
0.112
1615.846
40.845
0.587
0.133
0.131
1605.685
29.252
39.388
0.124
0.113
1807.684
0.151
0.241
0.108
0.091
1864.599
0.132
0.128
0.119
0.105
1689.355
20.467
21.833
0.243
0.102
1698.846
0.149
105.365
0.114
0.102
40.289
1715.666
0.115
0.216
0.105
1667.385
18.530
0.145
0.119
1.501
1699.158
0.141
0.104
2.649
0.120
1699.482
0.134
0.128
0.116
0.109
1725.375
0.137
0.235
0.136
0.396
1661.821
40.539
0.141
0.120
0.126
1642.729
3.440
1.443
6.008
42.264
1568.932
102.244
0.120
0.261
0.112
1616.640
0.257
0.121
38.055
0.118
1803.584
0.130
0.102
0.090
0.100
1809.218
0.162
0.104
0.085
0.107
1757.612
0.122
73.953
0.140
0.134
1786.730
0.497
0.112
0.452
0.130
1765.762
0.116
0.089
0.106
49.016
1747.781
0.129
0.106
2.744
0.136
1744.080
48.981
0.110
0.120
0.126
1653.703
0.142
47.984
11.668
0.125
1574.850
125.644
0.137
0.101
0.091
1636.337
0.110
0.091
0.087
0.102
1593.559
71.788
0.143
0.552
0.109
1687.730
0.126
0.179
0.409
5.981
1631.569
23.544
2.017
0.116
0.092
1694.858
0.441
0.535
7.557
0.126
1761.866
0.198
0.171
0.112
0.094
1856.378
0.204
0.141
0.476
16.103
1774.202
0.137
0.137
0.108
0.100
1625.964
107.314
16.529
0.128
0.102
1695.370
0.147
0.118
45.308
0.148
1794.430
0.136
0.113
0.094
0.104
1736.978
0.208
0.108
0.091
0.089
1680.174
0.103
0.111
0.118
0.100
1697.509
0.436
0.132
0.122
0.119
1699.521
0.132
0.100
0.106
0.127
1704.819
0.122
0.114
5.290
0.131
1648.910
0.138
0.126
0.128
0.110
1588.777
21.179
0.116
0.294
0.118
1629.448
94.455
0.123
0.149
0.125
1826.497
0.123
0.101
0.153
0.128
1705.305
0.155
46.637
0.119
62.808
1740.269
106.562
0.256
0.114
0.104
1716.499
0.149
0.175
0.417
0.131
1773.928
0.184
0.427
1.239
0.141
1671.551
0.245
60.949
0.463
10.461
1707.974
42.083
0.150
0.251
0.120
1656.839
29.488
0.465
0.108
47.691
1637.994
32.554
0.463
0.115
0.108
1699.572
0.143
0.108
0.511
0.113
1604.449
27.632
0.122
0.106
34.676
1636.303
62.181
0.120
0.124
0.116
1718.389
0.134
0.136
0.127
0.129
1697.375
35.711
0.158
0.108
0.120
1829.583
0.143
0.308
64.604
0.147
1737.059
8.625
24.443
0.145
61.172
1814.846
0.680
0.120
0.108
0.192
1783.129
0.108
0.124
0.166
0.114
1828.178
0.145
0.112
0.223
0.139
1735.414
0.126
0.160
0.112
0.112
1642.763
41.591
0.146
12.054
0.140
1635.317
0.155
60.458
4.021
0.121
242.260
1444.122
0.141
0.141
0.143
1691.904
0.118
0.527
0.138
0.110
1666.661
0.139
5.428
0.848
0.127
1702.873
31.650
39.895
0.135
0.112
1824.007
0.105
0.105
0.096
0.165
1925.071
0.135
0.116
7.484
0.112
1920.261
0.141
0.116
52.984
0.130
1836.540
12.603
0.107
15.359
0.149
1845.099
0.115
54.911
0.161
0.132
1848.730
0.477
0.112
0.100
0.131
1753.023
0.214
83.064
0.108
0.532
1849.810
0.153
0.116
0.102
0.128
1845.238
0.124
20.999
0.124
0.106
1826.917
0.145
0.126
0.118
13.581
1677.360
56.365
42.410
0.161
0.112
1749.663
0.262
41.957
0.148
0.137
1839.333
0.139
0.111
0.108
0.105
1970.736
0.144
0.586
0.118
0.115
96.751
1837.775
60.992
0.146
0.138
1859.463
0.148
5.043
0.161
48.255
1788.059
35.231
0.135
0.270
48.359
1824.262
0.146
78.165
3.747
0.169
1778.656
87.643
0.141
0.128
0.120
1804.710
60.801
0.140
0.125
0.118
1762.454
51.548
0.134
0.198
0.108
1790.108
0.144
0.254
0.128
0.100
1673.895
161.253
0.270
0.149
0.138
1819.127
0.692
12.362
0.133
0.118
2020.517
0.120
0.128
0.107
4.030
1940.460
69.671
0.211
11.838
0.130
2161.089
0.126
0.229
0.114
0.096
2059.141
25.999
28.100
52.440
0.153
2132.126
0.151
0.258
0.147
0.133
2144.287
8.159
0.151
0.515
0.112
2022.546
58.132
10.640
0.155
2.104
1934.734
42.181
27.156
0.136
51.082
2087.194
5.295
0.139
0.120
0.116
2051.147
0.148
0.567
0.137
0.112
2029.564
0.129
0.124
0.102
0.118
2000.476
0.116
0.098
5.033
0.131
1984.427
33.883
0.474
0.554
0.131
2019.727
0.136
0.134
0.128
0.114
1959.766
119.826
0.127
0.110
0.111
1226.968
696.982
301.953
0.134
0.198
2053.253
0.311
70.070
0.121
0.126
2093.424
0.126
0.563
0.113
0.166
2056.021
20.261
0.132
0.572
63.085
4.950
2005.188
16.362
86.835
4.170
2017.885
5.773
0.484
0.152
0.116
2111.175
0.166
0.154
5.549
0.139
2140.178
9.877
0.282
0.128
0.132
2138.714
2.360
0.124
0.103
0.093
2086.335
3.912
0.151
0.143
0.128
1993.107
91.725
0.135
0.114
0.537
2211.991
0.149
82.338
0.157
0.132
2130.680
53.369
0.160
0.200
0.137
2205.857
0.161
0.116
0.108
1.309
2202.621
0.276
1.442
67.993
0.261
2128.329
86.619
0.132
0.227
0.143
2181.018
53.526
0.141
0.212
0.156
2206.794
6.298
0.152
2.630
0.134
262.117
1905.079
0.128
0.108
0.099
2140.993
0.115
0.118
0.133
0.122
2105.523
70.540
0.473
0.458
0.169
2059.709
0.658
73.442
1.664
0.120
2179.009
69.479
0.135
0.147
0.153
2174.613
104.664
12.988
0.271
0.155
2261.508
62.788
0.506
0.139
0.298
2202.259
0.156
60.149
0.139
0.120
143.693
1998.571
0.817
22.567
0.143
2130.702
0.595
0.127
0.136
0.108
2204.490
22.783
0.130
0.208
0.118
2204.191
0.192
0.149
0.131
0.141
2102.592
0.140
43.327
0.117
0.180
2057.023
64.338
0.161
0.143
0.135
2153.088
102.758
0.341
0.181
0.263
2259.112
15.488
0.135
0.108
0.133
2147.861
155.962
0.505
0.134
0.142
2131.784
185.489
0.154
0.146
0.599
2127.951
69.456
0.154
0.123
0.106
2239.734
0.122
0.139
0.146
0.464
2148.948
0.165
0.145
0.126
6.555
2149.000
0.260
12.808
0.250
0.126
2127.661
0.132
0.110
0.108
0.118
2142.564
0.140
0.137
0.126
0.210
2072.513
129.236
0.127
12.956
0.136
2237.031
74.850
7.531
0.224
0.145
2576.636
0.222
0.120
0.123
0.126
2460.877
0.303
77.151
0.153
16.815
2400.860
0.146
0.157
0.126
0.136
2436.812
0.234
0.482
0.136
0.126
2373.138
0.134
0.126
0.120
10.769
2360.875
0.132
0.151
0.153
0.149
2340.235
0.153
0.114
48.292
0.145
2289.366
0.145
24.948
0.153
59.276
2280.077
192.595
0.163
0.137
0.134
2441.706
0.138
0.239
0.157
0.149
2615.350
0.132
0.123
0.235
0.159
2462.276
102.070
0.134
0.108
0.126
2447.173
0.128
0.312
0.132
1.835
2420.567
0.246
0.128
0.129
0.125
2386.593
0.616
0.155
0.489
49.693
2435.503
0.176
0.242
0.130
0.112
2361.991
0.110
0.102
0.094
0.099
2348.041
0.176
0.118
0.107
1.263
2544.269
0.130
0.131
19.764
0.145
2438.661
0.642
0.187
35.405
77.258
390.664
1998.101
0.395
102.029
1.821
2419.188
54.338
0.139
0.124
0.390
2346.206
25.201
0.173
0.128
0.149
2385.598
0.126
0.188
0.490
0.145
2273.961
74.739
0.122
0.233
0.143
2360.146
0.157
0.151
0.136
0.108
2284.290
72.431
0.147
0.488
0.141
2284.659
35.193
0.130
0.142
44.011
2213.424
110.723
0.132
0.214
0.116
2283.378
106.477
0.162
0.163
0.141
2513.179
99.411
1.124
0.168
0.163
395.922
2236.264
0.130
0.110
7.636
2395.045
0.507
49.139
0.147
0.130
2430.171
0.169
0.137
2.285
0.715
2590.869
89.011
0.159
0.135
0.119
2619.705
0.159
0.156
0.138
0.152
2499.859
0.505
65.886
0.163
9.975
2688.074
0.167
0.136
0.284
0.133
2763.795
0.248
70.033
0.137
0.128
2750.521
5.647
0.126
0.167
0.163
2666.976
0.130
0.595
0.155
0.147
2588.971
84.065
0.242
0.138
33.836
2554.094
101.991
0.504
0.145
0.144
20.146
2475.546
12.337
89.569
0.170
2607.585
14.721
0.151
0.152
0.133
2557.509
8.003
52.233
0.162
0.147
2604.699
0.146
0.118
0.165
0.152
2488.967
31.311
0.141
47.014
0.606
2523.998
67.932
0.160
0.124
0.148
2762.726
77.166
10.559
0.161
0.130
1162.394
1615.481
0.139
3.647
0.216
2687.452
0.286
0.139
0.132
0.143
2612.585
34.785
50.642
0.217
0.152
2653.833
0.150
0.119
0.143
0.141
2515.661
0.423
83.089
0.390
0.163
2577.647
0.527
0.133
0.118
66.280
126.468
2557.247
0.145
0.164
9.979
2607.656
0.202
144.024
0.153
0.152
2716.315
0.141
0.135
0.139
0.119
2718.823
0.177
0.179
0.148
0.137
2624.149
69.153
0.165
0.136
0.136
2663.453
0.176
0.151
0.139
0.136
2626.769
0.134
0.147
0.120
0.117
2614.881
0.172
7.786
0.149
0.133
2578.079
0.160
0.140
0.147
0.118
2451.222
39.650
77.675
0.153
0.147
2546.082
0.179
57.316
0.652
0.170
2629.784
19.744
0.147
0.153
0.128
2685.503
0.175
0.625
0.599
0.126
2780.674
0.185
0.137
0.152
0.142
2630.963
90.393
0.255
0.126
0.153
2583.995
35.258
73.577
31.571
0.243
2566.099
0.524
0.219
59.652
0.262
2552.968
3.444
45.192
0.269
0.149
2595.486
68.593
0.142
0.163
0.122
2586.780
0.144
0.372
0.174
48.375
2626.215
1.415
0.141
0.130
0.132
2799.177
0.159
0.149
0.122
0.263
2706.111
101.027
8.338
0.145
0.147
2677.102
0.177
0.155
0.151
0.216
2580.190
5.752
23.280
8.461
5.636
2673.492
0.152
0.254
0.165
0.139
0.433
2620.854
0.145
4.835
0.565
2553.725
43.376
0.185
0.169
0.511
2546.169
56.425
0.121
0.122
0.138
2584.361
0.139
0.603
0.127
53.643
2462.255
34.373
87.024
4.089
0.142
2493.753
32.227
0.170
0.152
0.161
2614.699
0.221
0.515
0.225
72.021
2796.284
0.564
21.341
0.151
0.132
2754.939
0.194
0.130
23.796
0.171
2679.348
0.144
0.142
0.120
0.263
2610.526
59.346
0.155
9.643
0.159
2650.422
0.534
0.134
0.129
0.141
2518.424
81.788
4.166
0.146
0.127
2629.803
0.179
0.157
0.132
0.118
2814.809
0.136
0.194
0.163
0.146
2848.535
0.155
0.163
0.129
0.130
2644.468
0.160
0.139
0.120
0.114
2591.275
4.840
0.404
89.708
0.191
2590.150
38.711
0.652
0.165
9.570
2510.836
50.583
4.911
8.744
0.159
2506.045
0.167
76.470
0.188
0.153
2653.382
0.565
0.167
0.302
0.151
2557.319
4.111
78.429
0.155
0.222
2582.600
0.172
0.628
0.578
0.133
2652.101
0.139
0.341
0.154
0.149
2827.709
0.166
0.133
0.169
0.159
397.481
2278.501
0.162
1.576
0.160
2618.126
0.257
0.136
0.145
53.395
2620.615
0.155
68.110
0.169
0.145
2630.097
13.423
0.302
0.182
0.160
2557.588
57.455
0.128
0.248
0.133
2537.629
0.176
0.137
10.683
0.171
2674.671
0.182
11.010
0.148
0.134
2779.558
0.155
0.269
0.159
0.170
2732.493
0.136
0.232
14.774
0.143
1273.528
1344.540
54.207
0.625
0.162
2648.399
0.147
0.166
0.144
0.592
2546.410
48.562
0.160
0.182
0.143
2608.814
0.312
0.544
0.162
0.136
2607.174
54.255
0.159
0.150
0.130
2586.497
11.818
0.151
0.162
0.128
2581.518
0.132
0.629
0.161
0.163
2552.006
0.226
0.148
0.130
0.131
2655.127
0.242
0.136
6.234
11.322
2861.355
0.139
0.124
0.239
0.133
2601.458
49.024
1.834
56.420
17.103
2690.827
0.263
0.132
0.127
0.158
2605.417
49.613
0.144
0.139
0.128
2623.763
0.679
0.131
0.142
3.410
2548.687
3.250
0.177
51.219
5.983
2582.392
0.177
66.905
0.134
17.544
2795.116
0.327
0.735
0.159
0.130
2606.820
0.149
29.983
60.697
0.163
2597.041
30.538
0.239
90.720
17.617
2726.888
0.157
0.143
0.160
0.134
2551.114
0.294
88.035
12.654
0.177
38.905
2426.355
130.793
0.170
0.589
2698.756
0.799
9.427
15.201
0.130
1697.702
889.424
0.151
0.572
38.360
2578.619
0.268
0.147
0.138
0.138
2535.772
62.029
0.151
0.169
0.148
2733.225
0.177
0.609
0.140
0.167
2650.177
0.194
41.683
0.179
66.919
2573.947
0.556
2.417
60.447
0.151
2670.452
0.153
0.147
0.165
0.211
2615.473
74.260
0.312
0.193
11.978
2542.994
74.013
0.486
0.218
0.171
2574.819
0.147
0.155
0.169
0.582
2660.688
0.145
0.139
0.535
0.157
2735.297
0.163
0.167
0.256
0.545
2586.271
146.560
0.244
0.158
0.163
2688.387
0.580
0.152
0.272
0.159
2602.690
6.535
0.547
0.243
58.018
2502.667
89.049
0.163
0.149
0.136
2501.231
34.923
0.151
46.620
0.153
2622.398
0.163
0.157
0.177
0.147
2601.213
49.394
0.137
0.118
0.123
2528.439
60.592
0.550
0.174
0.139
2519.921
34.172
4.450
82.088
0.571
2580.214
0.153
53.328
0.194
0.143
2787.283
0.165
0.151
7.601
0.147
2678.829
124.382
0.167
0.312
0.171
2578.241
117.373
0.179
0.565
0.162
2621.107
69.738
0.173
0.554
0.159
303.094
2339.679
0.272
0.167
0.548
2637.536
0.155
0.135
0.295
0.171
2630.598
0.253
0.155
0.129
0.149
2658.146
0.149
0.136
0.146
18.610
2749.217
0.284
0.163
0.165
0.146
2627.185
0.681
0.179
3.228
0.174
2623.840
0.584
0.134
0.126
0.533
2653.478
0.173
0.134
0.166
0.153
2586.707
0.179
4.367
0.188
0.137
2615.981
0.169
0.177
0.260
4.745
381.311
2207.609
0.169
3.945
0.179
2579.047
0.157
0.165
57.933
0.191
2641.854
0.369
0.146
0.147
0.143
2719.449
0.151
0.140
0.186
0.165
2710.478
0.174
0.140
0.161
0.227
2693.787
79.370
0.575
0.151
0.170
2724.342
0.151
0.248
0.154
0.568
313.093
2400.509
0.255
0.143
0.149
2596.966
0.185
0.143
94.967
0.187
2544.787
0.182
78.531
0.162
0.171
7.054
2560.978
1.200
97.284
0.577
2659.572
0.167
0.289
0.556
0.155
2600.769
0.184
0.183
0.159
16.858
2665.146
93.705
0.176
0.136
0.135
2840.440
0.169
0.135
1.963
0.192
2602.725
0.190
0.648
1.891
72.275
2593.681
0.157
63.727
0.145
0.155
2662.929
0.156
0.142
0.179
0.635
2666.726
0.160
0.155
0.143
61.223
2571.842
0.202
0.296
0.173
0.142
2610.939
0.200
0.171
0.139
0.544
2596.668
8.279
28.936
96.330
0.220
2623.600
0.186
0.147
0.146
0.192
1524.146
1077.676
106.517
7.867
0.342
2847.489
0.167
0.343
0.570
0.348
2755.449
0.155
0.165
0.274
2.464
2681.859
0.152
0.159
0.134
0.149
2473.227
48.991
97.241
0.155
0.173
2686.133
0.143
0.160
0.151
7.404
2732.241
0.191
0.168
0.157
0.135
2662.656
70.014
0.145
3.896
0.194
406.258
2312.935
169.220
0.196
0.155
2899.420
1.826
139.066
0.541
0.171
2777.631
0.282
0.155
3.006
86.247
2850.794
0.182
0.200
0.137
0.151
2774.893
80.955
0.140
0.570
0.137
2674.957
3.358
19.979
17.163
0.203
2798.021
0.177
0.139
0.165
0.168
2713.776
54.948
0.570
0.169
7.421
2690.521
80.232
0.165
52.277
0.274
2945.661
7.373
0.174
0.211
0.153
2752.261
149.863
0.231
0.166
0.160
3229.614
0.158
0.161
0.653
0.152
3173.789
0.171
0.186
0.147
0.133
3078.527
0.155
8.525
0.386
0.186
2948.775
0.662
1.059
101.878
17.333
2939.987
68.605
0.588
0.136
0.237
2980.380
5.610
0.167
0.157
0.237
3020.818
0.353
61.872
0.160
0.141
3088.517
47.938
81.319
0.296
0.154
3144.490
0.263
0.147
0.208
0.147
3154.251
0.679
0.164
70.239
0.196
1526.963
1636.202
0.179
0.151
0.149
3112.490
0.593
0.635
0.161
0.177
3095.669
0.190
0.155
0.150
31.971
2917.525
9.591
89.782
0.162
0.580
3024.329
0.292
0.578
0.154
0.143
3004.164
0.177
49.581
2.267
5.429
3244.568
0.157
0.188
0.153
0.144
3063.743
91.365
16.832
0.295
0.205
3121.866
37.168
74.146
0.670
0.582
3166.133
0.171
0.184
0.164
0.156
3039.040
8.720
77.831
0.194
0.141
3124.109
0.178
0.178
0.302
0.167
3137.081
0.150
15.352
0.194
0.182
3038.787
0.180
0.181
0.136
0.177
3025.016
0.185
125.789
0.160
0.289
3082.134
0.666
222.992
0.182
0.695
1528.321
1617.622
82.404
0.224
0.174
3175.906
0.188
0.188
0.188
0.184
3047.067
104.106
0.317
5.149
0.198
3085.678
0.158
0.181
0.177
0.191
3088.445
0.197
0.160
0.275
0.145
3115.603
0.189
0.594
0.173
0.149
3113.574
0.173
14.600
0.191
0.216
3083.521
122.324
1.990
0.171
0.146
3092.081
124.063
0.152
0.140
0.235
3088.814
39.704
126.331
0.188
0.171
3069.395
0.168
0.139
0.758
2.210
3038.866
106.366
0.159
0.677
0.979
3013.086
107.156
0.175
3.393
3.679
2945.720
3.848
0.307
105.638
0.201
2990.819
126.382
0.185
0.248
0.147
3125.517
86.834
0.266
0.169
0.160
3132.514
0.178
0.145
0.370
0.192
3217.310
92.576
0.195
0.157
0.181
3099.423
0.175
0.176
0.185
0.161
3089.768
0.163
5.598
2.564
0.182
3061.062
66.632
0.302
0.192
0.145
3072.843
0.153
0.146
0.241
0.166
3007.243
99.759
0.267
0.148
0.179
3062.386
0.229
35.042
0.637
88.333
3315.896
0.197
0.190
0.177
0.204
3111.531
144.853
0.157
0.290
0.192
3389.440
0.282
0.162
0.173
0.169
3264.854
0.204
0.167
0.161
0.157
3231.566
0.454
0.327
0.235
0.178
3106.080
130.844
0.328
0.192
0.165
2051.775
1076.185
0.172
0.158
0.177
3006.847
30.959
46.422
0.196
0.239
3163.748
167.561
0.212
0.182
0.158
3141.929
137.043
0.181
0.165
0.175
3269.771
0.190
0.709
0.184
0.191
3121.622
125.936
0.160
0.138
0.134
3113.511
0.239
18.041
0.205
61.859
3098.755
0.622
4.066
0.174
0.184
3014.042
167.927
0.152
0.169
0.676
3092.481
0.157
13.533
0.161
0.142
3209.866
0.234
0.170
0.145
0.176
3315.907
0.208
0.198
0.153
0.181
3296.972
121.976
13.968
0.167
0.201
3220.211
0.154
0.145
0.135
0.173
3249.372
8.870
0.349
0.171
0.194
3154.030
0.172
0.282
0.196
0.165
3062.185
0.220
11.338
15.501
0.613
3205.782
0.151
0.155
0.153
0.157
3153.797
141.588
0.677
0.151
0.599
3363.453
0.173
0.188
0.319
0.153
3289.871
0.225
5.711
0.213
0.153
3137.871
0.697
0.153
0.607
0.152
3137.981
71.719
0.146
2.432
13.270
489.972
2714.782
0.173
0.184
0.173
3026.259
2.771
98.032
1.500
4.236
3077.124
0.199
53.152
16.424
0.175
213.527
3217.839
0.623
0.308
0.153
3645.017
0.197
0.168
0.740
0.169
3570.822
0.151
0.182
0.169
0.179
3638.902
82.543
0.624
0.185
12.797
3606.468
0.179
2.626
0.201
0.145
3460.726
5.307
151.813
0.146
0.208
3437.258
9.746
75.503
0.188
5.836
3349.225
0.179
107.912
0.177
0.186
3391.974
119.855
0.378
0.169
0.192
3649.368
0.173
0.153
11.781
0.173
3679.839
0.322
0.192
0.190
0.172
3645.870
0.191
18.466
0.190
0.172
3863.609
0.154
0.179
0.162
0.154
3788.564
0.205
86.182
0.294
0.151
3771.558
120.269
0.210
0.193
0.190
3786.165
0.198
10.418
0.398
0.173
3936.615
0.184
0.144
76.753
0.225
3927.296
0.184
0.217
0.176
0.181
4019.766
93.727
8.889
0.189
0.231
3961.782
0.272
0.619
0.168
0.162
3776.299
0.192
90.728
0.204
0.177
3897.963
0.149
0.174
98.074
0.164
3749.019
7.095
0.181
0.180
0.153
3730.127
65.863
0.173
0.177
58.540
4095.770
0.173
0.372
0.638
0.271
4025.645
0.189
0.670
19.283
0.202
3913.545
0.387
0.625
105.531
0.410
3835.615
11.972
0.188
7.158
5.749
3698.162
180.174
0.204
0.333
0.192
3894.812
0.163
0.166
0.148
0.146
3736.732
0.156
0.720
60.467
9.000
3861.696
0.278
0.754
0.189
0.177
3876.010
114.674
1.762
0.629
0.255
3935.002
0.275
89.175
0.242
0.197
3988.064
45.132
0.173
0.166
0.162
3879.469
0.157
0.302
0.166
0.185
3978.434
0.197
0.171
0.196
0.161
3738.812
0.637
0.181
0.257
0.200
3889.904
0.212
0.171
0.176
0.173
3834.541
176.703
0.276
2.215
0.183
4086.487
0.251
0.175
0.177
0.178
3855.601
153.127
0.666
0.165
0.180
3757.334
90.311
0.180
0.276
0.173
3924.352
0.710
0.199
0.186
0.145
3669.583
42.579
0.302
62.591
0.158
3819.747
0.199
0.188
0.225
0.177
3803.093
0.190
0.149
0.279
0.174
4042.007
0.174
0.166
0.204
0.146
446.364
3427.653
0.275
0.691
0.149
3897.935
17.356
91.995
8.643
0.178
3963.195
0.740
0.165
0.208
0.181
0.395
3754.794
130.221
0.189
0.179
3816.242
0.196
0.185
0.161
0.175
3814.435
0.205
0.196
54.987
1.124
3906.240
0.163
0.197
0.189
0.224
3882.169
70.088
98.890
0.220
0.177
3944.094
0.185
0.194
0.204
0.169
3858.508
0.178
47.781
80.760
31.678
3848.556
0.220
0.197
0.333
110.362
3759.563
5.312
0.345
0.173
26.740
3839.588
13.297
0.191
0.169
0.161
3928.103
0.250
0.194
0.176
0.165
4159.049
0.707
0.153
0.174
0.153
4001.261
0.221
0.192
0.173
0.271
4171.166
0.278
5.615
0.289
0.614
4023.721
128.201
0.294
0.200
0.169
4157.259
0.210
8.911
0.333
0.174
4072.984
13.592
0.717
0.166
0.159
4081.276
0.187
0.177
0.152
0.157
4004.139
0.227
7.097
176.696
0.198
4199.314
6.594
0.212
25.504
0.282
901.025
3309.604
122.612
0.163
0.206
4281.192
0.174
0.157
0.169
0.203
4043.680
0.403
45.158
85.040
0.203
4113.423
0.213
0.188
0.288
19.495
4240.337
0.173
0.317
6.408
0.173
4211.865
0.220
0.184
4.696
60.121
4390.011
0.195
0.265
0.207
0.195
4278.149
0.212
23.730
0.321
0.171
373.361
3706.476
119.159
0.271
0.653
4078.245
0.955
0.161
70.367
0.161
4020.255
0.196
69.274
0.174
0.180
3970.191
1.634
108.951
0.177
0.171
4038.141
137.321
0.290
0.181
0.165
4410.888
0.224
0.276
0.213
0.677
4366.990
142.647
19.257
0.206
0.270
4093.645
130.667
75.378
0.195
0.188
4179.885
0.217
0.188
0.165
0.157
4100.653
0.217
0.188
0.172
0.167
4048.715
88.981
0.173
0.194
3.374
4024.415
41.661
0.251
51.646
0.159
4296.821
0.314
0.165
0.671
0.159
4095.734
0.171
101.518
1.360
0.192
4286.614
119.577
0.227
0.218
54.273
1848.684
2445.063
0.600
0.200
24.352
4033.815
126.676
0.200
0.186
0.212
4146.605
0.182
0.196
0.205
0.174
4094.041
0.208
1.899
55.551
0.161
4314.696
0.333
0.192
0.154
0.196
4383.666
0.169
0.173
0.161
0.251
4219.948
0.204
3.518
0.202
0.196
4184.266
0.169
0.189
0.752
0.194
4202.969
0.222
0.171
0.168
0.198
3917.631
202.403
0.165
0.222
0.153
4072.890
0.222
0.160
0.164
57.914
4132.557
0.333
30.048
22.450
0.153
4119.796
0.324
137.565
0.206
21.582
4129.969
301.783
0.274
0.164
0.161
4202.230
0.195
83.897
0.203
7.845
4087.128
0.181
0.194
0.181
87.047
3969.649
43.503
0.265
68.193
0.188
4049.282
0.206
0.173
0.312
0.198
4181.608
0.238
0.208
0.185
0.175
4197.424
188.573
0.671
0.259
0.157
4218.078
0.213
76.315
0.171
0.329
4171.781
0.187
0.170
0.189
0.631
4077.432
0.213
0.195
68.205
0.159
4127.815
0.205
0.196
0.165
0.184
4018.162
142.110
0.983
22.889
0.173
4374.438
0.212
0.304
0.204
0.188
4127.732
86.962
0.320
52.304
0.169
4301.864
0.169
0.235
0.157
0.173
3985.933
156.525
0.161
0.770
0.164
4167.462
0.177
0.157
0.197
0.155
4109.439
17.186
0.192
0.182
0.159
4042.692
0.215
33.413
0.290
14.001
4134.204
167.454
0.253
10.637
0.222
4318.709
121.303
0.219
0.811
0.197
4146.530
128.948
0.175
0.800
0.163
4040.321
162.810
0.218
0.263
0.161
4181.934
21.608
0.184
0.299
0.188
4069.213
0.188
0.167
0.169
0.211
4136.739
0.186
0.212
0.272
0.171
4188.242
31.651
170.408
0.286
0.170
4129.329
114.427
0.196
0.197
0.160
4353.977
0.188
0.655
0.188
0.177
4139.178
10.651
0.181
0.164
75.171
4083.420
72.428
0.187
18.046
0.224
3896.036
180.864
0.667
0.183
13.900
3934.069
167.041
0.163
0.189
0.209
4301.041
0.341
0.183
0.178
0.192
4296.906
45.940
120.058
0.376
0.182
4316.576
0.595
0.877
0.174
0.799
4123.265
0.212
0.193
0.211
0.178
4047.737
2.308
26.832
0.184
86.143
3936.225
50.330
0.217
61.935
0.164
4051.983
91.266
10.774
0.173
0.157
4400.682
0.359
0.188
0.177
0.733
4169.989
2.642
172.878
0.180
0.242
4198.415
0.220
8.550
0.192
0.175
4131.776
8.601
0.221
0.194
0.204
4001.652
0.174
104.904
0.193
0.158
3997.466
50.609
0.220
0.325
0.208
4053.873
0.836
75.825
0.172
0.157
3962.365
132.774
187.424
0.173
0.732
4273.844
150.874
0.314
0.177
0.169
4131.719
0.225
0.174
141.044
0.204
4126.278
143.495
0.220
0.205
0.221
4122.605
41.938
0.794
0.169
0.204
3941.097
0.728
115.883
0.685
0.272
4166.820
0.202
0.219
0.162
0.150
4174.560
179.084
0.184
0.163
0.151
4238.674
48.117
0.303
0.475
0.234
4173.385
84.676
0.200
0.662
0.161
1.162
4203.975
0.193
0.227
20.268
4209.141
0.200
0.652
0.186
6.117
4070.384
0.185
97.178
0.200
0.211
4148.873
0.212
0.195
0.210
0.213
4346.920
0.248
0.213
0.181
0.197
4239.106
50.736
6.891
82.992
0.196
4117.708
112.604
29.010
0.948
7.702
1242.088
3006.026
0.223
7.872
0.224
3989.116
3.913
51.845
86.719
0.191
4089.650
3.741
0.674
0.186
0.163
4091.152
64.209
0.166
0.696
13.305
144.853
4075.478
144.201
0.350
12.569
4343.056
0.769
0.181
0.189
0.772
4133.864
0.195
15.122
0.820
102.775
3999.436
200.996
0.212
0.192
0.186
4073.982
10.215
65.888
0.172
0.161
4121.657
1.234
0.173
0.218
0.258
4231.073
0.885
0.730
0.196
0.177
4374.230
0.296
0.185
0.242
0.196
4287.106
22.631
76.539
0.240
0.203
4168.925
0.188
0.216
1.583
0.186
4205.571
20.709
0.181
0.164
0.749
4111.487
0.204
7.944
0.182
0.173
4028.957
0.691
0.342
0.174
12.088
3978.364
0.196
0.783
55.622
0.210
4248.579
133.590
0.354
24.439
0.208
4070.305
191.269
0.282
0.239
0.273
4233.188
0.185
0.200
0.673
13.428
4048.769
0.212
0.211
0.188
0.164
3949.080
130.392
12.326
12.036
0.203
4209.594
0.176
0.188
0.192
0.164
3939.983
0.213
38.638
135.580
0.189
4263.677
0.350
53.931
0.212
0.184
4139.757
7.211
156.739
0.184
0.175
4214.094
0.384
0.186
0.180
0.161
4167.829
0.194
0.181
0.278
0.198
4036.209
79.098
0.188
0.177
0.169
4170.994
0.309
2.280
20.231
0.185
4103.032
0.198
0.284
0.196
0.674
4074.561
0.241
90.866
0.228
142.848
4129.313
137.493
0.741
0.213
0.709
4223.410
0.364
0.216
0.193
0.208
4085.011
0.172
0.185
0.185
0.813
4.322
4159.158
0.227
1.812
23.858
4141.072
14.213
0.622
0.224
0.269
3919.792
39.255
2.378
160.647
0.184
4151.046
198.254
9.451
2.293
0.184
4159.337
177.890
0.224
0.197
0.193
4071.567
146.327
0.220
0.178
0.178
4075.320
99.527
0.251
0.170
0.191
3950.182
5.363
127.164
0.216
0.182
4012.006
126.404
0.231
5.130
0.189
4206.432
0.263
2.132
97.855
0.185
4157.983
138.040
0.213
0.196
0.169
4186.981
161.806
0.208
0.182
0.175
4116.875
0.215
0.764
0.207
14.275
4099.063
16.642
0.317
0.688
0.183
4109.466
0.176
0.219
0.184
0.205
4181.540
0.171
0.259
0.218
0.180
4178.164
106.448
0.194
49.917
0.200
4306.636
0.217
0.291
0.164
0.168
4115.791
0.693
0.259
0.176
0.755
4202.568
0.204
0.754
0.195
0.204
4075.863
3.067
0.215
82.740
15.004
4084.836
0.196
0.172
0.204
0.445
4328.422
0.239
0.220
98.100
0.216
4217.170
0.340
4.368
0.442
13.484
4204.159
143.834
0.217
0.218
0.209
4213.782
0.278
0.309
0.249
7.758
4049.091
0.208
160.380
0.173
0.278
4044.535
93.958
22.456
0.192
0.207
3992.073
0.209
93.060
0.196
138.465
4164.131
0.208
107.071
0.306
32.029
4238.574
0.188
0.819
93.672
21.088
4258.478
0.208
0.240
0.198
0.182
10.520
3999.715
136.880
2.243
8.209
4176.149
0.203
0.216
0.324
0.190
3906.205
120.907
1.063
0.201
0.198
4448.770
0.231
0.710
0.225
0.181
4197.350
0.176
0.169
0.206
7.635
4099.740
0.182
9.330
97.974
0.200
4182.065
15.593
0.740
86.226
17.441
4057.024
76.444
0.279
102.139
0.208
4076.287
0.208
0.169
4.440
1.149
4049.067
5.368
8.438
0.181
98.905
4069.539
0.208
174.481
0.218
0.206
4405.174
0.257
0.199
0.174
2.323
4146.272
7.294
138.172
0.231
0.224
4207.842
0.321
17.399
0.192
0.217
4045.237
0.226
0.212
0.187
0.200
4139.377
0.303
0.301
0.297
0.190
4101.016
0.206
0.214
0.376
0.227
4213.423
34.732
0.208
0.225
6.555
4257.944
0.221
0.212
0.320
0.179
4060.918
218.906
0.229
0.191
0.214
4008.504
0.345
152.328
0.448
0.175
3981.253
2.309
0.247
131.478
20.657
4152.485
16.794
0.207
0.170
0.291
4011.108
0.282
18.770
0.231
0.205
4273.552
166.888
0.307
0.226
0.204
4255.019
0.218
0.270
0.220
0.185
4292.298
0.274
0.176
0.719
0.204
4022.986
131.268
0.208
0.386
0.181
4003.722
84.637
0.717
0.288
0.179
4162.048
0.753
0.719
0.701
0.194
4215.216
0.330
0.182
0.771
0.216
4228.351
59.146
141.825
17.656
0.231
4343.986
0.353
17.816
0.199
0.186
4078.716
133.928
0.192
0.216
0.199
4154.352
0.214
0.221
0.317
0.175
4119.561
0.228
0.175
0.206
0.165
4203.005
0.181
0.215
0.272
0.187
4380.418
11.075
0.207
0.325
0.222
4286.648
0.208
0.273
0.208
0.196
4010.144
40.007
116.251
0.220
0.178
4253.771
0.199
0.226
0.215
0.790
4112.715
0.206
2.843
0.170
10.741
4152.484
0.196
0.847
0.208
0.201
4316.748
0.200
0.216
15.950
0.209
4284.811
0.253
0.373
0.208
0.242
4176.943
0.250
120.527
0.711
0.197
4209.254
0.222
0.196
0.200
0.307
4224.715
0.216
0.222
0.704
0.217
4075.090
78.746
0.730
0.178
0.208
4319.981
0.349
0.185
0.176
0.197
4165.975
191.358
0.196
0.206
0.218
4252.654
0.199
0.752
0.196
0.219
4150.796
0.316
0.184
0.721
0.184
3989.678
110.058
25.537
0.193
0.329
4102.696
0.187
0.210
101.015
0.177
4139.017
65.312
0.203
0.174
0.388
4197.175
0.411
139.774
0.732
0.235
4275.890
0.233
0.206
7.207
0.252
4293.600
31.364
0.195
0.316
0.714
4023.597
7.244
4.831
170.607
0.210
4126.808
0.724
0.195
0.179
0.239
4163.345
0.847
0.799
0.196
0.275
3907.576
300.953
0.212
0.177
0.177
4321.571
0.195
0.186
129.039
0.223
4269.492
0.196
0.286
0.723
0.185
4234.712
0.744
0.188
0.187
0.180
4032.142
128.303
0.203
0.181
0.174
4066.785
2.650
0.845
0.223
0.218
4409.193
0.197
0.200
0.301
0.806
4350.315
0.190
0.184
0.829
0.771
4270.111
6.783
1.742
138.172
0.251
4172.581
0.195
2.336
0.729
0.838
4263.405
0.260
19.179
0.239
0.238
4076.666
167.818
0.732
0.217
0.265
4029.791
46.562
10.887
0.196
0.261
4178.793
0.250
0.259
0.212
0.205
4233.583
1.586
186.370
0.243
0.197
4201.967
25.969
0.187
0.170
83.858
4163.993
0.925
0.202
0.231
0.189
4168.771
2.723
7.782
0.200
0.245
4106.334
0.196
0.215
0.194
0.717
4396.738
0.240
0.323
0.202
0.214
4123.009
141.818
9.682
0.196
0.181
4249.731
0.218
0.204
0.204
0.302
4098.271
0.200
39.924
0.219
0.510
3949.651
11.634
125.032
0.175
0.204
4207.585
0.248
0.177
0.221
0.177
4030.828
87.688
0.321
0.230
48.654
4295.522
0.229
0.192
0.188
0.294
4379.347
0.227
0.199
0.228
0.212
4213.440
0.263
0.216
0.233
0.325
4239.617
0.233
0.194
0.202
0.320
4233.646
0.748
0.248
0.192
0.725
4051.473
0.295
42.438
0.573
17.717
4140.970
183.699
0.301
0.184
0.220
4134.464
201.450
0.290
0.192
0.224
4290.571
24.662
0.196
0.238
0.349
4029.090
0.184
0.230
0.197
0.177
3999.430
125.314
0.218
0.216
0.183
4127.024
0.310
0.220
0.240
0.194
4255.730
0.415
0.238
0.188
0.202
4050.883
250.297
0.987
0.255
31.421
4473.188
0.293
0.779
0.709
2.159
4116.150
106.347
0.212
3.978
1.038
2919.636
1485.426
0.298
0.752
0.183
4208.344
0.239
0.220
0.310
0.198
4048.898
0.303
0.179
106.220
0.235
4407.763
0.189
0.231
0.231
0.200
4346.287
0.792
0.177
0.173
0.233
4337.084
2.463
0.239
0.251
0.229
4091.448
0.201
0.217
8.126
0.206
4202.120
0.223
0.198
0.196
8.804
4248.912
0.293
0.208
0.226
0.754
4271.965
0.225
0.395
0.220
0.188
4231.766
164.649
26.413
2.448
0.184
4363.206
108.600
0.225
0.222
0.227
4316.840
0.234
0.850
0.225
0.228
0.460
4253.892
0.227
0.338
0.205
4234.965
98.415
0.203
0.187
0.211
4101.129
93.239
85.412
0.216
0.222
4142.077
246.865
0.804
101.734
0.781
4114.777
52.523
62.422
0.219
114.423
4099.452
228.691
23.395
0.208
0.181
4092.500
121.716
0.220
0.231
0.784
4226.101
112.479
0.216
0.232
0.206
4244.394
0.322
2.785
16.974
0.192
4200.830
0.340
93.163
55.883
0.373
4538.878
0.214
0.869
0.184
0.216
4217.492
0.191
0.206
0.352
0.748
4356.261
0.209
0.764
0.183
0.293
4211.488
0.185
0.231
0.204
0.197
4151.442
0.294
0.219
3.413
0.753
4211.644
118.978
0.267
16.424
0.194
4265.708
0.301
132.719
1.676
0.192
4465.485
0.236
0.232
0.238
0.220
4322.323
122.996
0.280
0.222
0.235
4239.572
0.208
99.143
0.241
0.227
4107.079
175.363
0.220
0.231
0.204
4423.563
0.908
7.764
0.197
0.771
4239.487
202.695
0.405
0.220
0.208
4399.201
0.238
0.208
0.203
0.221
4277.616
0.197
0.224
0.307
13.401
4209.992
0.239
82.474
0.188
3.850
4052.253
114.895
122.415
0.363
0.240
4368.125
205.490
0.924
0.326
0.207
4448.962
0.216
0.206
0.831
0.181
4308.529
0.780
0.398
0.243
0.223
4310.269
0.189
2.305
21.271
0.197
4114.266
0.263
0.188
88.871
0.215
4367.592
0.206
0.213
19.853
0.229
4194.792
0.243
78.129
0.220
0.191
4276.066
229.271
55.552
0.184
0.280
4245.907
14.232
0.231
0.212
0.761
4299.541
131.452
0.212
0.227
4.206
4098.242
39.771
0.226
113.358
0.218
1260.438
2815.783
204.624
0.212
0.813
4212.726
0.203
0.329
0.220
0.206
4307.591
0.233
131.949
0.218
0.200
4268.202
135.351
0.262
0.208
0.188
4352.603
0.186
0.259
0.230
0.227
4257.009
0.332
2.219
86.601
26.113
4199.315
3.839
83.404
0.202
0.200
4180.700
0.853
0.209
18.187
0.188
4108.041
0.206
104.519
50.859
0.197
4295.007
0.834
0.217
165.063
0.223
4309.777
0.212
0.204
0.334
0.769
4208.045
105.584
0.417
0.194
0.793
4268.338
0.224
0.197
0.246
0.235
4098.610
86.436
0.914
0.228
0.239
493.734
3946.728
30.440
0.220
0.223
4199.959
67.057
101.080
0.237
0.384
5910.512
0.191
0.885
0.224
0.185
5773.318
0.251
114.498
0.247
0.188
5751.655
0.227
0.241
9.317
0.254
5841.121
0.223
0.212
0.215
0.241
5657.674
0.227
0.220
168.996
0.209
6010.051
0.221
0.777
0.207
0.312
5997.214
35.007
1.382
0.203
0.263
5938.280
0.251
0.401
0.208
94.587
5936.420
0.238
0.248
0.210
21.789
5778.524
0.863
0.217
0.189
0.229
5724.348
36.034
0.908
0.253
0.244
1341.770
4608.909
32.953
0.191
25.808
6013.384
0.298
0.222
0.240
0.180
5991.324
0.212
0.224
0.771
0.224
5538.869
143.465
0.862
5.460
1.707
5916.140
0.235
0.194
0.337
0.212
5647.759
116.748
18.952
0.202
0.211
5836.619
170.753
0.188
0.231
0.748
5990.527
0.431
1.096
0.286
234.041
5774.600
0.416
0.457
157.686
0.204
5926.898
0.247
0.205
0.327
0.190
5725.710
15.341
46.011
0.204
0.219
5975.865
0.227
0.786
0.206
0.360
6194.406
0.217
0.262
0.230
0.246
5726.440
286.576
0.231
0.193
9.324
6033.378
0.244
10.293
0.254
0.200
5813.402
0.235
141.858
0.335
0.216
5955.301
0.243
0.314
26.498
0.205
6176.627
0.200
0.224
0.254
0.231
7.385
5982.926
0.286
0.235
0.190
5948.896
190.726
0.251
0.309
0.282
6027.254
0.228
0.249
0.212
0.188
5876.102
0.200
0.200
0.338
0.201
5902.048
0.208
0.187
0.219
0.327
6084.197
261.266
0.214
0.252
0.913
5841.190
170.715
0.333
0.213
0.247
6195.347
0.780
0.295
0.227
0.245
5837.336
35.422
0.239
6.602
125.324
5688.455
21.346
141.746
0.253
0.188
5786.816
74.310
195.825
0.235
0.244
5803.263
38.277
0.325
319.119
0.278
6017.631
217.309
0.192
0.217
0.295
5919.180
0.825
114.567
19.374
0.347
3131.728
2607.773
160.225
0.197
15.046
5826.052
0.802
117.332
0.196
0.187
6180.807
0.925
0.831
0.251
0.295
6012.685
0.228
0.230
43.492
0.593
6008.977
154.244
0.219
0.200
0.252
5883.946
0.212
0.201
0.293
0.235
1360.115
4445.023
0.203
114.047
0.197
5898.310
18.423
119.152
0.243
0.295
6325.742
0.347
0.212
0.224
0.217
6489.655
0.258
0.230
0.246
0.340
6148.821
0.247
0.209
0.217
0.257
6062.470
0.229
0.247
0.345
0.193
6002.029
170.466
0.239
0.211
0.230
6082.749
22.121
0.230
0.254
0.311
6198.632
229.797
0.196
0.224
0.217
6474.652
0.247
0.333
0.246
0.195
6198.391
0.284
0.247
0.234
0.857
6055.816
14.612
21.523
123.330
23.767
6102.769
0.197
3.577
0.216
97.352
6254.351
0.332
0.216
0.235
0.212
6646.386
0.338
0.239
0.231
7.531
6213.686
0.529
243.718
0.949
0.244
6195.045
0.241
0.221
0.227
0.251
6004.891
65.895
112.052
0.241
0.321
6090.574
158.837
0.782
42.442
37.813
6583.478
0.254
0.405
0.236
0.194
6510.337
0.200
0.187
0.209
0.225
6147.607
0.203
0.211
0.785
0.346
6004.867
35.562
126.330
0.241
0.256
6240.671
0.238
0.222
0.225
0.329
66.465
5931.055
187.406
5.308
0.279
6286.485
159.051
1.257
0.209
0.204
6130.763
57.696
0.201
165.491
0.343
5922.843
13.639
196.553
0.249
15.272
6004.019
0.317
0.195
125.612
0.252
6558.332
0.255
0.206
0.319
0.193
6126.246
233.624
32.847
0.219
0.303
6050.361
221.869
0.232
0.229
0.225
6102.696
0.789
0.260
115.604
0.369
6069.356
0.241
0.245
0.209
0.193
6262.723
0.290
0.197
0.885
0.190
6224.958
0.862
169.464
0.241
0.225
6299.924
10.749
0.387
0.216
0.241
6305.057
0.230
0.246
0.952
0.224
6116.509
17.578
149.768
0.267
0.257
770.369
5525.360
6.101
212.689
0.241
6524.748
0.204
9.991
0.267
0.229
6245.072
0.239
0.220
0.257
3.871
6073.541
203.062
0.311
0.260
0.220
6065.274
0.201
0.208
0.260
118.001
6048.932
17.831
165.606
0.244
0.224
5976.506
386.707
0.210
0.239
0.415
6434.908
0.877
0.209
0.252
0.878
6423.609
0.224
0.210
0.251
0.216
6239.636
0.248
0.225
0.241
0.329
6276.429
0.225
9.326
1.044
0.251
6121.462
13.427
232.040
0.944
0.200
6487.913
0.379
139.827
0.236
11.422
6087.662
19.783
209.709
0.233
0.254
6012.029
155.083
0.239
0.224
0.220
6058.444
0.231
0.619
53.166
134.620
6118.431
0.219
0.236
0.232
0.868
6384.518
251.785
0.251
0.254
8.843
6395.729
0.413
0.254
0.244
32.440
6275.142
266.006
0.210
0.235
0.251
6403.202
0.216
0.208
0.287
0.221
6217.771
0.235
0.251
0.241
0.228
6285.535
0.386
0.247
0.918
0.209
6888.220
0.337
0.262
0.260
0.211
6167.661
9.002
48.034
191.918
0.224
6069.275
226.131
0.325
0.208
28.522
6108.823
153.922
0.241
3.000
3.314
6058.212
314.257
0.227
10.576
0.520
6554.150
0.337
0.214
0.198
0.373
6560.133
1.090
222.871
0.260
3.006
6554.063
185.847
0.212
0.212
0.203
6365.369
27.569
0.242
136.957
0.396
6195.255
198.834
0.891
27.297
0.821
6353.075
18.595
285.782
0.926
0.237
6632.363
0.867
240.548
0.241
0.419
6352.660
50.977
0.212
196.594
0.270
6626.023
0.243
0.236
0.212
0.232
6584.633
0.244
25.013
0.228
6.312
6534.480
0.243
0.236
0.413
0.246
6264.691
86.995
106.135
175.683
0.236
2.020
6795.316
0.807
0.219
0.354
6368.184
0.802
317.480
0.270
0.209
6365.031
2.192
1.481
0.208
0.200
6436.672
0.252
23.937
0.432
0.242
6242.287
89.518
0.255
0.255
192.976
6664.914
206.091
0.268
0.245
0.210
6602.057
0.238
171.711
0.916
0.222
6243.756
64.132
0.216
0.197
0.220
6491.744
0.813
0.212
0.195
0.192
6701.670
0.238
0.897
0.230
0.311
6585.057
23.436
0.265
0.222
0.918
6842.013
0.319
0.241
28.281
0.480
6683.843
0.213
0.898
0.332
0.233
6370.947
269.590
0.270
0.228
0.251
6519.205
0.211
0.263
0.201
0.259
6804.671
17.457
247.068
0.243
0.885
6800.366
188.233
0.227
0.204
0.216
1214.326
5768.058
0.364
0.227
0.224
6857.562
0.281
0.222
1.022
0.251
6777.585
0.230
0.834
0.283
0.267
6807.532
18.596
0.212
0.240
0.258
6900.933
8.707
0.245
201.915
0.216
7217.813
0.441
21.413
0.357
0.240
7150.520
0.333
0.204
8.902
0.220
6990.776
0.290
4.609
0.319
0.274
7323.109
0.247
0.216
0.196
0.327
7221.902
52.005
18.093
0.843
0.440
6944.398
244.252
0.265
0.246
0.222
7022.120
1.259
0.231
0.231
0.227
7141.452
0.244
0.291
0.242
0.229
7463.942
0.346
0.240
0.200
0.208
7017.373
0.259
0.282
0.236
200.069
7080.005
0.328
0.262
20.567
0.250
7078.826
0.321
0.259
0.266
0.212
7238.895
0.935
0.220
0.241
0.235
7531.136
0.224
0.274
0.413
0.216
7294.383
7.638
36.912
0.285
188.213
1.114
7151.372
0.262
0.201
0.314
7125.813
24.584
0.289
0.222
0.217
7107.070
219.655
0.923
0.281
0.247
7125.415
204.402
0.982
0.272
0.951
7405.477
0.252
0.872
0.271
0.231
7040.384
174.159
0.258
0.225
0.211
6949.182
55.726
0.248
190.267
0.271
7125.182
0.210
0.497
0.931
0.216
7480.304
0.291
235.124
0.217
0.395
7475.208
241.619
0.844
0.359
0.218
7529.093
0.271
0.230
0.921
0.216
7439.540
0.234
0.255
0.223
0.213
7201.150
75.286
0.980
12.196
0.352
7191.814
64.092
0.252
182.413
0.220
7718.922
0.241
0.242
0.636
0.230
319.705
7348.380
0.229
0.209
0.255
7322.201
13.862
14.805
0.361
0.238
7435.326
15.129
0.216
0.225
19.471
8085.057
0.271
0.233
0.934
0.233
7415.398
0.231
0.236
184.057
0.247
7526.279
0.285
0.257
0.234
0.244
7197.548
238.624
0.367
0.254
0.211
7315.088
0.267
0.838
0.263
0.240
7573.657
0.260
0.356
0.233
0.211
7925.156
0.257
0.276
0.219
0.239
7569.031
0.982
0.244
0.203
0.219
7296.132
244.250
0.845
0.233
3.776
7139.877
47.773
0.329
157.781
0.227
7500.492
380.784
0.272
0.216
0.220
7348.456
60.040
0.228
16.251
0.242
7545.515
0.233
0.202
0.236
0.230
7489.653
0.249
0.240
0.265
0.369
943.435
6475.568
0.275
0.280
0.467
18.579
2008.988
5661.363
0.216
0.943
7894.808
0.222
0.239
17.324
0.858
7114.178
227.021
0.263
0.206
0.843
7238.987
194.406
30.897
0.328
0.238
7112.337
0.275
216.418
0.225
0.244
7733.025
190.683
0.247
0.223
0.902
7824.805
0.211
0.265
0.349
0.222
7341.794
0.249
8.811
0.478
0.249
7394.426
0.223
0.294
0.252
0.227
7144.378
336.978
0.257
0.451
0.254
7254.284
200.985
0.241
221.357
0.278
7594.754
310.435
0.827
0.389
1.197
7303.139
22.137
204.382
0.247
0.257
7333.803
0.278
0.215
0.279
0.247
7134.365
185.736
0.233
0.327
0.259
7730.502
0.259
0.242
0.239
0.247
1001.692
6402.536
68.946
0.295
220.772
7574.416
0.429
0.255
0.233
0.277
7182.320
0.971
0.268
0.263
181.844
7164.887
275.217
0.233
0.233
0.385
7640.691
218.886
0.936
0.211
0.265
1004.388
6923.360
0.298
0.212
0.224
7573.995
0.284
0.206
0.375
0.227
7417.000
0.216
0.248
0.314
0.203
7366.137
0.286
0.225
0.904
0.225
7492.429
337.233
0.298
0.224
0.390
7690.799
0.244
0.251
0.246
0.247
7636.395
14.862
0.214
0.239
0.238
7182.913
78.226
171.458
0.453
0.306
7505.531
29.847
0.289
0.252
0.345
7698.891
0.291
0.249
0.221
0.469
7274.332
509.082
0.987
0.850
0.206
7405.719
196.760
0.259
0.237
0.229
7189.529
241.680
36.810
0.985
0.821
7284.016
217.387
30.729
0.271
0.273
8497.800
0.368
0.282
0.239
0.349
8108.231
0.285
0.248
0.274
0.225
7888.220
0.238
0.402
22.477
9.964
23.877
8210.412
1.030
0.244
0.241
8050.786
0.390
0.220
0.219
0.310
7965.335
0.290
15.187
0.359
0.224
7759.623
23.616
0.243
174.016
0.236
7864.492
0.367
0.268
0.256
0.881
7548.502
0.317
0.393
62.697
0.534
8097.125
0.339
0.228
0.226
0.902
8126.505
0.231
0.262
0.266
0.311
31.822
7908.215
0.293
0.269
0.872
7873.896
0.309
0.867
0.227
23.759
7719.503
349.730
4.553
6.336
0.373
7670.795
185.511
343.196
20.247
0.367
8094.984
0.286
0.217
0.898
0.359
7682.668
0.292
8.650
186.659
0.254
7607.786
0.365
153.014
0.378
0.212
8038.372
0.957
0.416
0.229
4.371
8228.311
0.263
0.256
0.273
0.400
7857.138
18.754
59.597
178.543
6.896
7788.624
0.361
171.510
0.939
0.212
7701.672
129.673
0.220
0.321
15.729
7982.974
0.246
0.270
1.011
0.263
7811.873
294.972
0.253
0.271
0.278
7706.827
287.727
0.292
0.899
0.908
7661.341
322.512
0.222
0.227
0.257
7838.888
0.262
0.278
0.233
235.595
7986.129
220.756
0.333
0.239
0.236
7804.226
0.239
221.087
0.312
0.496
7938.139
0.217
0.212
0.278
9.498
7999.981
0.221
0.219
0.417
0.222
8308.087
0.231
0.233
0.341
0.272
8290.711
0.442
9.579
0.268
0.211
7928.383
0.276
0.243
0.230
0.945
7838.599
0.245
0.228
1.058
0.889
7475.013
92.250
0.267
0.985
341.755
8334.428
1.012
0.273
0.216
0.282
8086.162
0.222
0.512
0.235
0.247
7955.615
30.126
0.237
0.271
0.274
7694.990
323.054
0.300
0.275
0.263
7952.815
241.169
0.239
0.239
0.971
7944.088
16.554
8.265
56.037
0.266
7896.250
1.167
6.022
192.826
0.991
7967.143
0.218
0.248
0.230
0.275
7662.625
0.227
0.305
0.314
0.258
8040.698
4.884
0.368
0.236
0.287
8101.046
0.255
0.259
0.255
0.220
8020.992
0.418
0.279
0.244
0.877
7677.432
9.219
0.882
223.029
0.216
7638.610
0.265
289.059
0.254
0.313
8157.324
0.408
0.238
0.220
0.245
8061.220
0.273
0.294
0.225
8.655
7680.746
0.339
248.641
0.252
1.142
8012.197
0.497
29.325
0.284
0.219
7566.992
17.857
0.259
263.797
0.264
8170.179
0.239
0.249
0.288
0.281
8071.450
0.333
0.292
0.885
180.697
7561.574
419.872
0.284
0.277
0.261
1950.561
5673.604
335.721
0.222
0.276
8216.858
0.260
178.558
0.228
0.281
8046.339
182.447
0.276
30.435
0.312
1089.443
6798.817
110.518
146.260
0.418
7942.786
0.262
0.254
0.220
0.251
7598.013
304.738
0.304
0.219
0.894
8382.874
17.836
0.252
0.235
0.297
8180.582
0.300
0.276
4.736
0.254
7693.124
137.080
0.271
0.224
0.244
7949.234
0.423
0.243
0.293
0.284
7525.860
222.442
152.037
0.442
0.276
7866.558
237.008
2.218
0.394
0.276
8281.870
7.718
0.260
0.286
0.961
8212.589
0.292
0.241
0.231
0.278
767.629
7061.307
0.242
0.251
133.685
8152.385
0.269
1.182
2.989
0.249
7949.057
0.252
147.671
197.624
0.285
7794.156
354.515
0.257
0.244
0.247
8179.226
0.236
0.217
0.216
0.274
7669.629
306.267
4.359
0.220
0.235
7943.275
1.178
380.909
0.244
0.229
8342.047
0.303
0.246
11.304
0.281
7963.414
150.763
0.266
0.361
0.238
7683.598
322.364
0.221
0.245
0.386
7865.073
0.250
0.251
1.050
0.355
7750.776
272.907
171.759
0.284
0.233
8209.293
0.249
0.259
0.295
0.245
8094.204
0.263
0.257
0.402
0.255
7832.567
124.264
0.254
0.294
22.744
7745.304
188.618
0.370
0.225
10.888
7876.597
1.384
308.696
0.248
3.831
7997.559
144.799
204.844
0.433
0.227
7967.172
142.228
0.225
20.943
0.558
8068.052
0.309
0.899
0.241
0.367
8119.844
0.241
204.049
0.270
0.480
8316.130
0.244
0.998
158.734
0.228
7856.444
18.815
150.710
0.313
164.124
8037.013
157.366
0.265
0.493
0.225
8290.615
0.932
0.213
0.220
0.216
8384.641
0.456
33.339
0.243
1.125
8389.834
0.283
0.252
0.260
0.267
7976.448
0.333
186.663
0.287
0.306
1081.321
6921.036
150.439
0.381
0.246
7971.189
0.338
157.173
0.292
21.573
8082.165
0.238
0.940
1.045
0.391
7978.510
335.008
0.432
0.289
0.248
8208.399
0.918
0.235
0.394
0.288
9229.087
0.341
0.233
0.337
22.380
9859.472
0.259
0.253
0.396
0.259
9434.406
0.292
217.815
0.322
0.932
9304.347
0.265
0.286
0.373
0.289
9246.308
0.296
0.330
20.554
0.426
9608.095
0.265
0.239
0.384
0.222
9508.938
275.382
0.351
0.288
0.268
9750.893
0.241
1.072
0.289
0.251
9533.220
0.281
14.566
0.241
0.271
9760.957
498.230
0.286
0.259
0.225
10322.845
0.267
0.289
0.225
0.274
9632.979
0.743
73.325
203.057
0.294
9790.379
0.423
0.289
0.254
0.227
9894.159
0.258
0.403
1.010
0.268
10604.041
0.408
0.246
0.239
0.993
9867.468
0.257
0.303
0.289
1.998
9764.425
14.977
0.225
0.276
0.257
9602.301
0.284
0.254
0.287
0.264
10419.061
359.605
0.627
0.375
32.789
9909.969
280.872
1.071
0.257
0.224
9893.926
0.227
0.222
0.298
34.649
9495.279
151.699
0.953
0.378
0.290
10014.296
0.298
0.250
0.244
0.251
10675.378
0.294
0.238
0.233
0.246
9706.132
190.104
2.415
0.284
0.222
9696.875
0.306
0.240
0.258
0.274
9574.369
178.797
0.300
0.423
0.263
10220.939
21.552
242.053
0.375
0.986
9621.900
0.259
372.221
0.255
0.402
9468.343
0.241
5.470
4.719
0.257
9426.476
0.275
0.394
0.303
13.504
10113.246
0.465
25.454
0.306
0.349
10343.830
0.245
0.278
0.468
0.281
10113.957
0.284
0.233
0.439
0.264
9580.419
0.370
0.290
0.236
0.276
1920.238
7784.424
0.359
0.236
0.250
9569.532
0.239
336.826
0.276
0.396
77.030
9958.611
0.267
0.281
0.233
9710.318
0.934
217.007
0.368
0.302
9396.114
350.803
0.338
0.934
0.243
9330.653
274.933
0.255
0.368
0.222
10351.303
14.859
0.268
0.231
0.297
10168.161
0.270
0.289
0.253
0.220
9951.193
0.278
0.260
0.251
0.400
9538.947
0.279
168.804
0.919
0.271
9461.624
332.560
14.739
0.222
0.263
9928.263
245.897
1.015
0.235
0.314
10237.323
0.236
0.935
0.359
0.303
9754.827
0.306
0.271
1.077
1.037
9384.757
1.117
0.225
163.129
0.957
10287.530
0.293
1.038
0.286
0.236
10035.249
0.265
218.234
0.294
0.252
9585.335
297.752
0.380
0.246
0.224
9634.241
46.492
0.233
185.774
0.307
10235.225
235.937
0.284
0.512
0.277
9789.704
334.985
339.423
0.287
0.924
10335.940
403.862
0.260
0.232
0.246
10017.016
338.715
1.044
0.290
0.241
10434.357
0.327
1.116
0.236
0.399
10717.706
0.369
305.804
0.241
0.325
10241.529
395.887
0.239
0.982
0.259
9945.112
328.306
0.284
0.259
0.270
10334.563
486.008
0.426
0.238
0.294
10501.579
162.885
174.558
1.057
0.295
10406.287
222.081
0.243
0.322
25.395
10357.861
0.284
0.979
0.287
0.286
10472.290
0.270
0.321
0.325
0.300
11454.683
0.400
0.251
0.242
0.448
10792.754
0.526
33.893
0.753
42.978
9975.403
427.249
0.283
0.289
0.251
9973.203
329.795
0.240
0.404
0.246
10988.379
0.300
0.227
0.268
0.251
11007.025
146.466
0.259
0.233
0.292
10825.929
0.282
0.289
0.268
0.279
10331.635
327.851
1.053
0.295
0.294
11349.539
0.449
1.148
0.276
0.264
10633.957
0.314
0.448
362.630
0.273
10636.886
207.078
1.065
0.259
0.276
10251.869
4.260
149.517
1.294
0.268
11441.349
0.281
0.302
0.451
0.252
11390.742
0.231
0.975
0.932
1.048
10837.929
7.795
0.271
0.281
0.367
10395.554
0.953
183.711
0.257
0.236
11339.061
0.257
0.255
0.750
0.319
11315.410
0.278
0.330
1.075
0.927
10770.955
0.385
0.256
0.297
0.261
10217.774
180.229
0.262
0.238
186.258
11124.627
0.274
234.335
15.292
0.273
11703.817
1.102
0.298
0.253
0.998
10614.636
0.310
195.424
0.305
0.236
11038.041
0.238
0.318
0.297
0.263
13.624
11889.222
0.364
0.238
0.260
10952.197
232.544
0.255
0.453
6.895
10436.596
106.747
3.624
175.965
0.278
11002.669
0.389
0.241
0.306
0.372
11541.476
1.008
257.833
0.249
7.921
11514.499
0.244
0.403
0.246
0.274
11289.723
1.136
0.270
0.306
0.303
11872.711
0.402
0.279
0.267
0.424
11856.407
394.211
0.256
1.009
0.340
11407.162
0.300
0.327
1.090
0.265
11207.280
0.288
3.288
1.114
0.226
11083.357
538.901
0.271
0.235
8.598
11828.172
27.994
0.311
0.274
0.467
202.119
0.252
0.445
0.295
0.238
223.652
0.282
0.311
0.303
0.311
152.055
31.313
0.262
0.298
15.164
189.799
0.287
0.270
0.238
1.016
199.307
0.246
0.305
0.230
0.230
194.955
0.287
0.297
0.289
0.257
286.936
0.249
0.389
0.260
0.310
63.612
6.874
68.450
0.321
0.252
182.204
0.394
4.043
0.517
29.574
195.329
0.252
0.270
0.281
25.640
213.675
0.294
0.231
0.291
0.437
264.985
0.268
0.413
0.252
1.088
206.930
0.284
0.405
0.269
0.280
62.907
194.945
0.346
0.279
0.268
231.006
0.423
0.289
0.289
0.356
412.127
0.418
0.298
0.260
0.361
137.577
75.488
0.272
0.255
32.794
113.712
0.273
1.044
0.291
0.947
186.917
0.268
0.309
0.238
0.264
210.345
0.270
0.262
0.276
0.437
48.065
135.741
0.278
0.251
0.378
145.778
0.416
106.288
0.246
0.267
274.868
0.262
0.315
0.375
0.252
237.012
19.491
0.307
0.346
1.010
72.391
0.367
243.810
0.284
0.994
100.974
42.578
1.060
0.265
71.813
171.334
21.149
1.049
0.233
0.238
181.734
0.287
0.287
0.302
0.249
123.787
79.282
0.317
0.280
0.969
129.648
0.320
0.263
49.692
36.126
119.091
0.267
0.291
0.313
0.283
184.813
0.296
5.616
0.276
0.335
195.149
0.321
0.437
49.883
0.246
195.632
0.327
0.238
14.904
0.319
231.210
0.269
0.305
0.405
0.310
45.205
19.784
2.069
172.219
0.426
70.881
26.386
112.861
0.276
21.796
124.921
1.134
0.327
0.231
87.732
243.223
0.383
0.268
0.236
0.274
213.798
0.317
0.253
0.249
0.263
184.995
0.271
0.284
10.344
0.289
44.851
98.313
4.311
0.244
0.262
124.205
21.817
0.374
80.403
1.073
258.968
0.239
0.308
0.284
0.317
204.620
40.366
0.306
0.287
0.392
186.946
31.400
0.262
0.357
0.281
178.069
0.306
0.302
0.482
0.270
108.931
0.259
80.548
0.291
0.267
124.795
73.365
0.410
0.295
0.231
98.053
0.400
19.950
49.149
0.317
227.261
0.265
0.252
1.083
1.085
207.705
0.402
0.270
0.302
0.452
213.468
1.004
0.230
0.391
0.268
260.499
0.329
0.244
0.306
0.277
42.585
147.483
0.349
0.285
0.306
42.514
15.131
61.672
86.856
0.276
198.877
0.367
0.267
0.241
0.336
101.805
0.295
100.401
0.349
0.348
186.187
0.369
0.284
0.311
0.346
35.477
142.641
23.052
3.290
0.319
127.855
0.255
6.476
1.116
58.270
67.110
100.992
0.322
0.998
42.046
202.823
1.146
31.824
0.351
0.249
55.256
0.346
0.447
82.293
63.753
57.331
7.162
142.144
0.317
0.238
190.151
0.322
7.686
0.321
33.566
256.522
1.179
0.268
1.135
0.308
116.603
11.878
1.060
0.263
69.059
101.647
1.152
78.389
0.427
0.302
116.082
100.229
1.110
0.312
0.252
121.033
82.262
1.181
0.285
8.307
202.359
0.296
0.287
0.250
1.030
207.086
0.363
1.120
0.267
0.287
193.201
0.271
0.238
0.263
35.112
151.352
0.294
0.318
3.978
0.321
225.197
0.340
0.286
0.236
0.402
136.784
0.273
86.003
0.427
1.116
219.077
0.319
0.281
0.297
0.252
43.110
151.084
0.279
0.397
0.276
190.310
0.478
0.282
0.308
21.733
186.247
0.319
0.343
27.278
0.262
35.523
16.634
64.360
90.592
0.340
123.909
0.248
125.008
0.265
0.329
206.569
0.276
25.250
0.321
0.439
198.348
11.860
0.326
0.322
1.095
143.526
63.547
38.167
0.421
0.257
101.807
112.949
0.287
0.252
0.236
206.979
0.329
0.275
0.427
0.308
50.493
83.317
0.351
0.260
4.311
55.433
0.274
162.028
0.351
0.273
194.280
0.321
0.268
1.084
0.279
32.138
9.176
71.600
0.292
81.754
228.666
0.330
1.210
0.307
0.254
48.597
11.165
91.514
0.246
67.669
211.032
0.249
0.259
0.380
0.327
39.618
160.849
1.128
0.411
0.303
106.223
13.373
0.411
0.322
0.311
37.813
107.219
0.248
1.316
59.223
59.474
144.622
1.261
0.284
0.310
57.287
203.482
0.292
0.263
0.301
191.059
38.836
1.001
0.259
0.321
147.596
0.290
66.986
1.144
0.966
38.309
137.653
0.365
0.308
0.252
250.213
0.473
0.276
1.300
0.432
204.226
0.273
0.423
0.270
29.613
250.829
0.324
0.423
0.298
0.310
205.152
0.290
1.131
0.327
0.251
250.337
0.286
0.273
0.373
0.273
206.915
0.311
0.278
0.292
1.163
117.761
88.452
0.263
0.340
0.338
47.038
159.562
0.332
1.135
0.269
198.297
0.333
0.378
33.998
0.432
200.317
0.243
0.302
37.845
1.118
54.747
32.174
2.012
0.392
1.033
210.536
19.984
0.306
0.364
0.306
207.426
1.202
0.239
0.396
0.320
201.936
0.338
0.322
1.156
0.391
130.343
76.605
0.252
5.510
0.303
248.623
0.390
1.111
0.290
0.359
200.345
0.332
13.998
0.389
1.003
255.034
0.295
0.454
0.274
1.006
57.108
124.542
0.270
1.065
0.276
214.202
1.041
0.325
0.325
0.977
122.954
1.133
0.263
0.274
0.296
128.559
110.465
0.305
0.367
0.292
141.766
0.295
0.283
49.294
28.717
214.190
1.042
0.267
1.116
0.462
195.149
6.519
0.333
1.030
0.246
204.612
0.322
0.974
0.313
0.335
204.815
38.027
1.050
0.257
0.437
143.894
0.335
0.265
0.276
0.407
153.522
1.087
1.002
0.391
0.274
204.682
0.262
0.260
0.303
0.254
38.983
94.587
0.411
69.288
13.751
260.382
0.422
0.284
0.343
0.394
215.993
23.082
0.281
0.263
0.364
54.436
34.737
0.400
160.451
0.329
221.595
0.372
0.305
37.702
0.264
227.784
0.313
0.282
0.411
0.294
226.988
0.321
0.360
0.267
0.246
45.643
164.239
0.309
0.252
0.245
195.456
7.272
15.610
0.335
0.355
54.033
163.983
0.330
0.368
0.262
164.172
66.223
0.329
0.267
0.454
209.790
0.260
22.364
0.380
0.299
229.331
0.297
0.245
0.316
0.307
136.200
88.591
0.268
0.372
0.271
32.676
84.816
25.733
0.313
7.256
112.533
0.289
86.664
0.257
0.384
121.900
74.316
0.286
0.288
0.330
45.925
44.449
0.351
143.032
0.265
139.642
0.325
0.267
0.259
0.317
201.053
0.287
29.675
0.267
0.305
200.543
0.270
0.454
0.273
32.933
119.008
101.951
0.336
32.378
0.327
282.935
0.362
0.294
1.233
0.319
