0.284
0.004
0.001
0.002
0.001
0.116
0.001
0.002
0.002
0.003
0.012
0.120
0.003
0.002
0.002
0.025
0.003
0.000
0.000
0.002
0.002
0.002
0.003
0.002
0.002
0.004
1.344
0.009
0.003
0.002
1.530
0.003
0.244
0.004
0.002
0.386
0.003
1.893
0.004
0.002
0.002
0.002
0.806
0.003
0.002
1.507
1.651
0.821
0.004
0.002
1.620
0.004
0.003
0.001
0.003
0.012
0.002
1.198
0.005
0.002
1.101
0.003
0.003
0.002
0.003
0.003
1.105
0.004
0.002
0.004
0.003
0.950
0.004
0.002
0.003
0.005
0.003
0.003
2.371
0.005
0.002
0.002
0.002
1.243
0.004
0.308
2.751
0.005
0.003
0.003
0.003
0.004
0.069
0.003
0.003
0.004
0.003
0.002
0.003
1.540
4.550
0.004
0.497
0.004
0.003
0.003
0.297
0.003
0.003
0.918
0.004
1.397
0.006
2.219
0.006
0.773
0.513
0.004
0.003
0.002
0.444
0.004
0.245
0.003
0.004
0.004
11.241
0.005
0.004
0.004
0.004
0.003
0.003
0.004
0.004
13.914
0.006
0.005
0.003
0.004
18.276
0.687
0.006
0.005
0.003
0.005
7.304
2.950
0.007
0.168
5.276
0.006
0.004
0.003
2.316
11.425
0.006
0.005
0.004
1.352
2.561
0.005
0.003
0.002
0.003
1.489
0.006
0.824
0.006
0.004
0.004
0.003
0.003
0.002
0.004
0.003
1.862
0.474
0.005
0.003
0.004
0.003
0.003
0.003
0.003
0.005
0.003
1.880
0.006
0.004
0.005
0.004
5.602
0.006
0.003
3.394
0.006
1.658
0.005
0.004
0.005
16.938
0.007
0.003
0.004
3.453
4.180
0.005
0.004
0.003
4.021
0.006
0.004
0.003
0.004
0.924
9.048
2.417
0.577
5.437
0.003
0.005
0.004
0.005
0.005
0.005
0.005
0.032
5.795
0.100
0.005
0.004
0.004
0.004
0.003
0.004
0.004
9.395
0.006
0.005
6.013
0.008
8.626
0.005
17.472
18.245
0.007
0.003
0.004
0.003
30.823
0.005
7.406
0.007
0.004
0.004
0.004
0.004
2.479
0.007
14.586
0.007
0.004
0.004
0.003
72.221
0.009
0.003
3.835
0.007
0.005
0.003
0.004
0.005
0.004
39.991
0.007
0.005
12.939
0.007
0.006
0.003
0.005
0.004
0.092
1.016
4.931
0.008
0.004
0.003
0.005
0.005
0.005
10.324
0.008
44.527
0.010
0.003
0.005
0.004
0.007
0.006
0.005
1.528
0.007
26.848
11.904
0.008
0.005
0.005
0.005
1.481
0.006
0.003
17.876
0.013
0.006
0.007
0.006
0.005
0.006
0.007
0.006
0.006
21.634
0.007
0.006
11.897
62.719
0.009
55.198
0.010
0.006
33.176
0.007
11.325
6.142
0.007
0.003
0.005
8.658
0.007
14.241
0.007
0.005
71.279
0.009
0.005
0.005
0.006
18.367
70.525
0.009
0.007
0.006
13.643
0.009
0.025
0.007
0.003
53.514
0.010
0.006
0.004
0.006
21.308
0.011
7.321
0.009
0.006
0.007
40.389
0.009
0.007
0.006
55.858
19.739
0.011
11.342
0.010
2.544
46.495
0.010
0.008
19.867
10.072
78.887
0.011
0.007
0.006
0.006
0.006
0.005
0.006
1.629
0.008
0.006
0.007
0.006
0.006
38.079
8.635
0.010
0.006
0.006
48.441
0.010
0.008
0.006
0.006
148.513
0.011
0.007
5.571
0.011
21.707
0.009
111.378
0.014
0.007
0.007
47.735
0.011
0.006
0.032
81.447
0.019
0.009
0.009
0.004
0.007
0.007
0.006
0.006
0.004
0.007
0.009
33.310
0.012
0.008
0.007
0.006
0.006
0.005
33.517
87.348
0.011
0.010
0.008
0.155
109.184
0.028
0.008
0.006
0.008
0.007
0.006
0.008
0.006
0.004
0.008
205.605
0.012
0.008
0.006
0.010
9.099
0.011
0.021
0.008
66.444
0.013
0.009
17.455
0.011
0.027
0.007
0.008
0.005
0.006
0.008
0.008
0.005
0.005
0.005
0.006
0.007
0.006
0.007
26.906
0.008
0.009
10.866
0.012
0.009
0.008
15.812
28.970
0.012
0.009
117.951
0.014
0.008
0.008
0.005
0.009
1.394
0.011
0.009
47.328
0.012
59.332
15.852
0.012
0.008
0.008
0.011
0.006
0.009
0.006
73.945
110.771
0.012
0.008
0.009
0.009
0.009
15.332
0.013
0.008
27.022
35.964
38.547
0.014
5.884
107.693
65.257
0.013
11.615
0.012
1.809
40.308
0.015
0.011
0.008
2.665
44.722
0.011
72.841
0.012
167.533
0.015
0.009
28.419
0.017
199.692
0.016
0.009
16.264
0.015
255.864
0.028
0.009
0.005
18.944
0.049
66.648
55.012
0.017
0.010
323.993
0.016
0.008
0.006
0.004
18.556
51.497
0.018
29.736
0.015
0.011
0.009
3.058
0.014
0.009
24.962
0.014
129.571
0.034
0.010
3.885
3.952
0.014
0.009
204.094
0.010
0.010
193.489
0.015
0.009
74.794
0.017
0.010
0.010
0.010
190.159
0.017
0.010
0.009
0.008
54.273
317.068
0.018
0.011
0.011
47.023
250.528
32.414
16.259
0.017
50.194
0.015
48.573
0.017
0.012
41.153
52.395
20.608
57.691
0.017
174.312
0.031
0.014
2.566
0.015
15.655
82.009
0.021
0.011
0.009
50.584
78.835
0.016
0.011
0.011
21.660
0.015
129.511
0.027
0.023
147.038
50.749
0.015
0.014
0.011
137.896
0.018
0.011
0.011
0.012
0.011
0.010
0.010
0.011
5.882
71.649
0.019
0.012
208.674
0.019
0.012
65.458
0.011
64.112
0.019
0.010
0.010
0.010
17.888
76.149
2.363
0.016
37.097
0.015
0.012
5.942
0.017
0.010
0.008
0.010
416.380
106.354
0.018
0.011
0.017
215.185
0.027
0.013
0.988
0.016
0.013
0.010
0.010
0.008
0.010
0.010
162.499
0.024
0.012
0.010
135.739
0.016
0.010
0.011
0.010
33.025
39.992
12.761
0.015
8.707
53.054
51.046
0.018
30.049
342.728
82.081
0.017
0.011
0.010
0.009
135.275
0.032
0.012
0.007
0.008
0.012
361.502
0.021
124.865
0.015
565.605
0.018
0.012
0.008
0.010
471.316
155.257
0.032
0.012
0.015
0.014
0.010
0.008
0.010
0.009
0.008
372.682
0.019
0.012
0.011
233.814
119.391
0.017
0.010
25.965
215.681
0.029
83.073
0.029
0.014
56.920
0.015
312.951
115.751
0.027
0.012
0.011
59.251
44.135
0.015
132.359
0.038
0.012
0.010
0.011
211.948
0.022
0.014
36.736
0.031
375.056
249.796
0.037
0.012
0.012
412.797
2.500
0.017
0.015
44.450
822.679
0.024
33.305
0.022
0.011
0.016
0.012
103.733
11.504
0.023
0.015
46.663
88.647
0.026
74.205
29.314
234.040
0.044
0.015
0.016
91.903
105.378
0.020
0.018
0.019
166.780
0.024
237.655
164.335
0.038
24.904
4.270
177.052
0.020
0.015
11.408
268.875
0.022
0.013
0.013
96.576
0.020
108.313
0.024
0.011
209.579
0.034
50.265
0.020
0.017
1099.110
0.034
0.012
0.013
0.017
0.016
59.871
56.561
0.023
134.351
177.567
43.726
0.040
71.437
0.051
42.685
75.154
0.020
0.017
44.969
378.578
0.022
36.626
0.019
0.016
577.046
0.023
617.696
0.044
0.018
0.016
0.015
0.012
0.012
65.985
0.017
224.091
0.057
0.041
0.012
108.381
0.023
0.013
110.328
0.030
936.324
0.021
0.015
0.016
0.015
392.041
117.684
0.024
0.013
0.016
0.015
699.674
0.025
0.014
0.013
0.020
266.177
121.885
0.028
0.015
245.171
635.914
0.040
0.016
0.014
103.546
147.772
88.375
0.041
0.019
0.019
0.017
0.013
31.796
0.025
0.012
143.106
446.058
0.051
0.015
0.016
0.015
0.016
0.016
0.016
237.222
0.044
0.019
0.015
0.013
12.098
387.838
0.024
61.455
0.023
34.035
123.265
0.024
0.016
170.308
0.019
0.016
129.669
0.027
0.016
39.014
23.249
4.123
0.022
382.659
50.727
0.038
0.015
0.053
0.012
0.042
0.016
0.015
0.015
0.012
0.013
67.421
31.563
0.026
0.019
0.027
344.979
0.031
40.010
0.044
0.020
82.447
0.054
0.016
0.015
216.927
169.930
17.219
0.029
0.016
0.016
0.015
84.099
0.050
0.015
414.059
0.051
60.875
0.026
0.015
113.164
211.702
0.028
0.015
38.841
21.139
101.632
0.029
105.058
0.032
304.144
0.030
0.016
320.651
0.058
114.329
116.634
0.061
0.015
0.012
73.457
0.024
12.960
7.698
0.023
0.019
0.019
0.014
0.015
87.395
46.406
178.851
0.031
0.017
0.015
189.643
0.030
0.015
80.899
0.060
0.018
0.018
0.017
0.017
0.015
212.324
0.027
68.512
82.820
0.020
0.017
0.017
0.015
0.017
0.017
0.011
0.010
0.009
457.006
0.054
122.208
0.029
218.983
167.595
0.057
0.017
0.017
0.015
0.015
0.017
936.691
0.030
0.020
0.020
0.016
273.412
0.026
0.020
0.017
0.017
147.579
4.102
0.029
0.017
0.017
567.586
673.893
0.048
0.021
0.020
298.918
0.040
3.764
0.029
0.020
20.395
214.927
0.213
27.597
0.026
61.123
0.030
98.871
121.700
0.021
0.017
178.599
0.024
0.026
30.159
45.269
0.031
163.875
0.022
0.018
235.901
0.035
0.017
0.017
0.411
0.019
0.017
33.600
0.037
0.017
200.529
0.031
34.356
87.701
0.068
186.502
62.975
0.054
2.224
0.207
0.017
0.021
0.017
0.017
0.017
0.013
2.521
0.220
0.014
0.012
504.384
0.029
0.021
0.015
322.296
511.132
0.029
0.020
0.059
0.018
272.650
0.025
0.017
0.020
0.020
155.951
152.291
63.582
0.029
0.017
494.847
0.035
0.484
0.163
0.022
42.541
27.643
0.045
181.531
0.217
0.024
2.334
0.271
0.022
0.017
169.159
0.029
73.751
0.034
0.068
190.618
537.281
0.028
0.018
0.017
252.234
0.037
0.020
0.021
61.882
0.020
0.017
0.015
0.015
0.380
130.350
11.359
0.027
0.017
258.542
148.639
0.030
24.403
0.029
0.021
44.697
68.018
0.031
0.017
0.017
497.665
0.026
0.019
0.016
0.021
4.799
0.022
382.132
1.607
0.031
358.768
0.032
0.019
0.019
0.020
805.022
0.036
0.070
0.023
0.020
0.017
0.017
167.588
0.025
0.020
1111.230
23.078
34.484
0.029
0.023
0.020
857.268
0.604
0.026
0.020
468.959
721.896
0.033
0.022
0.020
475.854
0.031
0.023
0.017
0.022
978.032
0.034
1.067
0.022
0.017
0.020
211.579
193.438
0.030
0.017
688.011
6.451
0.030
0.024
0.022
139.128
0.031
0.530
0.026
0.017
147.979
0.065
199.477
0.031
0.018
1.464
0.034
0.019
0.019
0.068
237.816
0.034
0.023
0.017
0.019
125.167
0.030
1635.543
0.028
0.023
403.928
82.456
0.031
0.020
0.071
16.280
23.569
466.699
0.057
0.020
142.828
0.023
1478.772
0.082
0.025
226.385
46.079
200.795
0.029
0.024
0.020
296.783
18.963
101.149
0.029
728.097
0.029
0.027
78.232
0.068
1460.050
0.037
0.027
1949.674
0.040
16.054
0.028
0.020
0.017
0.020
2475.715
0.035
0.028
0.025
0.026
0.023
66.598
0.078
2192.580
0.039
1335.707
0.037
0.025
0.023
941.806
0.019
1912.708
0.033
0.026
0.018
0.022
803.966
0.077
0.023
72.410
679.005
0.032
257.997
0.026
0.020
762.383
0.033
0.023
0.022
0.023
686.240
517.234
0.065
131.690
0.041
0.029
1.104
0.030
0.023
0.026
113.937
0.036
1488.260
127.518
0.034
696.197
0.034
0.024
0.020
0.018
157.568
211.131
298.646
0.031
0.023
0.023
0.074
0.023
0.021
0.023
729.929
0.034
1.215
0.029
0.028
152.008
1085.365
0.047
1078.835
0.034
962.899
0.031
0.023
0.025
0.020
1347.769
0.055
0.022
1445.416
0.083
0.028
427.681
0.029
0.025
0.021
128.843
0.035
135.042
54.964
0.034
170.348
0.079
367.464
0.054
0.029
847.008
0.037
0.024
0.023
0.022
0.022
0.016
1320.126
0.037
0.029
460.892
0.070
0.030
0.023
0.025
622.150
0.053
0.029
0.025
0.020
0.031
0.029
0.026
35.304
0.028
1928.662
0.036
0.023
0.026
0.023
0.018
577.840
68.649
145.882
2.918
643.093
0.038
0.063
0.035
0.024
0.026
0.029
0.023
0.019
14.476
3291.560
0.033
0.036
2.875
0.039
1702.883
0.091
0.102
0.029
0.032
779.966
0.039
0.028
0.023
87.255
0.019
121.504
216.565
0.083
0.042
310.093
0.061
347.178
0.733
0.035
113.416
0.100
1183.515
0.040
3.720
144.256
1803.658
0.038
0.029
0.029
2547.939
0.034
0.028
0.027
0.032
0.026
159.305
450.333
0.036
0.029
0.084
0.022
0.023
0.027
0.023
355.815
0.088
167.385
243.998
0.036
476.356
0.039
0.029
0.030
0.023
12.305
0.066
1.606
0.069
0.017
0.018
0.016
0.018
1.903
0.021
42.910
1009.896
0.034
0.031
75.830
970.709
0.093
0.037
0.025
0.029
0.029
0.032
332.049
0.032
4.555
1674.741
0.036
0.031
0.028
0.024
230.400
385.172
0.034
0.312
0.032
0.027
1982.421
0.070
0.030
0.031
0.033
0.027
0.024
10.464
2.037
147.857
913.119
208.842
0.039
1792.373
113.914
309.046
129.794
0.080
0.028
485.046
0.040
2.448
0.035
0.025
296.155
0.074
2020.458
0.037
0.026
1776.819
0.036
0.037
0.062
0.028
723.478
0.035
0.032
0.026
0.033
0.019
394.257
0.089
0.026
0.024
1747.498
99.661
0.036
0.027
0.026
714.084
0.045
0.027
0.992
0.039
0.098
0.028
0.028
0.043
0.036
4082.476
0.041
1.081
0.037
0.024
1077.227
0.043
0.031
1.141
0.038
150.985
0.102
121.299
0.062
0.027
0.037
488.020
2919.770
0.044
0.034
28.884
1339.129
1705.709
499.435
0.046
2405.396
0.059
182.834
0.036
0.034
207.884
1927.769
0.065
332.665
0.040
0.026
5083.263
853.178
0.034
0.027
1075.752
0.031
0.031
0.027
0.219
0.023
1531.528
5825.723
0.044
0.031
6.750
0.041
0.038
0.129
0.035
360.776
39.080
925.731
0.038
7.579
699.896
0.107
56.955
0.045
0.035
916.250
89.945
340.784
0.046
0.036
1171.213
0.043
0.030
0.032
0.037
0.039
10.600
0.049
0.042
0.034
330.751
1017.537
0.107
0.042
3.949
0.034
0.026
0.025
0.027
0.030
39.975
36.433
0.115
847.250
0.042
1810.557
0.046
0.038
111.762
0.039
2892.531
0.035
100.942
0.040
0.030
1010.464
0.052
146.433
0.045
0.034
456.466
322.799
378.784
0.603
0.034
0.023
575.685
0.115
196.742
432.224
1050.174
0.068
97.091
0.047
0.412
1209.490
0.046
1848.918
0.042
0.040
326.160
986.148
0.045
0.039
0.035
1285.714
0.051
0.042
0.034
0.037
1029.686
0.040
0.039
0.033
0.029
5972.860
74.244
0.315
0.043
0.109
0.026
0.023
0.026
2747.537
0.235
1125.935
0.293
0.040
0.036
101.839
1316.814
2.167
0.040
0.395
0.038
0.034
0.038
0.036
0.030
0.030
1741.546
0.049
0.034
112.058
0.048
1160.141
0.039
0.035
7.483
0.043
1011.475
0.061
0.034
0.042
165.636
0.031
4438.698
0.053
1862.512
0.040
0.023
2234.471
0.074
0.034
0.034
0.038
610.855
0.042
0.037
0.034
3414.871
0.047
0.032
0.222
0.041
958.644
0.055
1465.329
0.043
0.042
0.030
30.490
0.053
515.490
0.113
2357.194
0.043
0.037
0.031
0.039
32.904
0.089
0.034
193.715
0.110
685.319
0.049
0.911
0.046
0.914
45.769
1544.047
100.764
0.050
0.037
605.407
0.198
0.027
0.025
0.082
0.041
9.144
0.035
0.027
0.040
213.334
218.970
15.469
0.037
0.099
406.124
0.039
0.032
0.031
8.499
409.700
0.044
0.034
2.165
0.598
4825.860
2.677
0.036
0.368
1.833
413.544
3.452
0.036
0.026
0.100
375.885
0.034
0.027
0.823
0.033
0.025
0.394
0.027
2.054
0.034
0.023
0.025
0.024
0.023
0.022
355.365
2.509
0.032
0.024
0.026
0.029
0.030
0.023
0.025
0.025
0.024
0.042
0.025
0.028
0.023
374.560
0.402
106.041
0.340
0.029
0.031
1196.320
0.035
0.027
0.086
384.254
0.049
34.315
0.039
0.034
0.024
0.028
0.022
0.021
0.022
398.452
0.038
0.026
0.026
0.259
456.649
0.033
0.023
0.021
0.023
407.879
0.098
0.029
0.085
0.030
427.042
1.934
0.037
9.547
0.034
442.092
0.040
0.028
0.025
1.909
1814.793
0.049
0.034
0.043
0.034
333.989
0.043
157.234
0.042
0.032
0.034
0.028
0.027
6.553
0.030
0.026
0.030
0.023
0.028
1.234
0.026
0.031
0.095
0.038
0.024
0.027
442.825
85.736
0.042
5.526
443.127
0.046
0.036
1.023
2.742
538.462
0.069
160.614
0.037
0.441
424.336
0.788
1.950
2.770
1.482
0.028
437.122
0.034
0.027
0.248
1145.549
0.031
9.712
0.033
0.030
437.418
0.035
0.077
0.024
0.024
1405.136
0.036
0.029
0.025
0.022
365.324
0.045
0.050
121.540
0.035
0.023
297.930
151.895
0.035
0.023
424.168
15.108
0.035
1.979
0.030
498.174
7.545
0.027
0.023
0.025
0.678
0.038
0.047
0.029
0.023
458.108
47.800
14.635
0.028
0.033
2905.153
56.005
9.598
0.046
26.374
664.094
0.041
0.046
0.031
0.029
482.144
0.046
8.985
0.036
0.033
323.879
136.221
0.050
0.045
0.046
40.541
1671.299
0.051
107.976
0.036
460.597
0.051
0.043
1.285
0.046
0.027
0.025
576.279
152.241
3.737
0.025
1.673
0.034
0.026
7.792
3010.681
378.645
0.042
0.036
0.030
571.344
0.050
28.732
0.050
0.034
0.036
0.064
0.028
0.108
0.028
589.922
0.040
0.034
0.037
0.044
587.243
0.046
0.030
24.654
0.046
108.812
430.920
10.812
0.043
0.031
208.037
326.446
0.038
0.033
0.031
0.034
0.027
0.029
4.835
0.037
0.025
0.028
277.671
0.145
263.612
585.049
0.037
0.035
0.028
0.030
339.861
0.151
198.281
51.765
11.290
1341.071
0.048
0.031
0.033
0.023
693.613
40.744
0.036
0.026
0.030
673.956
0.061
0.052
2.669
6.595
722.964
791.938
4.846
0.042
0.029
760.281
0.040
0.448
0.120
0.032
10.236
0.047
0.040
0.170
0.039
654.470
0.057
146.835
15.938
0.038
5587.121
0.058
0.130
0.052
0.046
4552.142
10.437
0.056
0.052
0.044
239.725
0.126
402.363
0.143
43.825
22.029
0.033
17.611
0.218
0.046
4578.096
0.050
0.052
0.049
0.045
0.032
0.026
0.034
0.026
0.032
565.692
238.254
0.043
0.030
17.958
7.130
0.046
0.032
17.126
0.053
2918.782
1853.646
151.062
2.003
55.175
705.221
2.199
0.054
0.043
139.690
0.032
0.033
0.029
0.034
0.029
0.028
18.262
0.039
0.032
0.039
852.563
23.570
0.051
0.039
0.038
1461.948
0.050
81.161
0.038
0.031
637.330
0.076
213.353
0.058
0.048
852.889
0.070
15.882
0.041
0.039
0.112
0.038
0.030
0.035
0.035
781.054
62.840
0.034
0.030
12.515
873.085
0.057
0.051
19.157
29.699
0.115
0.035
0.027
0.036
0.457
876.400
0.063
0.050
0.044
0.038
4294.834
14.848
0.051
0.039
0.035
5820.911
0.178
0.051
17.392
0.044
940.085
0.048
5.448
0.037
0.031
2116.637
0.052
0.053
150.429
0.055
2.404
0.040
0.036
0.032
0.090
867.293
0.057
2.014
0.061
0.057
580.812
0.061
261.728
0.039
17.758
0.134
0.036
0.039
46.973
0.051
352.005
519.728
0.055
0.037
0.079
857.241
0.047
0.037
0.031
0.035
603.013
232.525
0.061
0.053
22.498
0.039
0.038
0.030
0.031
0.889
5983.408
0.042
0.034
0.032
0.036
434.809
0.063
454.172
0.045
0.039
591.387
0.043
0.461
0.340
14.042
445.990
0.047
0.032
0.038
0.032
495.691
0.061
0.045
0.064
0.050
460.240
0.043
0.040
0.037
0.033
495.098
127.952
0.047
0.032
18.248
471.443
38.907
0.081
0.055
0.046
271.251
135.654
0.049
0.034
0.037
403.955
7.115
0.050
0.039
8.722
11.153
0.046
0.035
10.639
0.955
0.030
0.031
0.036
0.038
0.036
353.497
116.327
0.059
0.046
16.446
480.481
0.057
0.047
0.136
0.032
427.893
0.068
0.054
34.185
0.049
42.742
2363.124
0.042
0.038
0.039
0.032
0.042
0.035
0.031
0.126
0.032
444.458
0.079
1.149
5.378
401.939
19.334
0.047
0.036
0.041
369.432
3.618
55.767
0.040
0.031
0.035
0.033
0.031
0.039
0.143
429.319
8.869
0.044
0.035
3.154
0.041
0.042
0.042
0.122
0.037
2714.358
0.052
0.035
0.037
0.128
305.169
88.229
0.055
0.043
0.060
400.564
0.047
0.040
0.036
5.607
46.194
372.373
0.056
0.034
0.035
333.020
85.211
0.046
0.042
0.036
170.088
189.979
100.694
0.052
11.331
20.682
0.044
0.188
0.044
0.131
11.315
0.037
0.032
1.897
0.055
51.620
446.995
0.054
0.046
0.047
400.185
110.737
0.057
0.063
0.054
2.509
52.145
0.079
0.066
0.062
515.974
0.066
0.058
0.057
0.050
464.627
0.049
0.049
0.053
0.046
473.111
1.083
0.041
0.140
0.045
433.283
0.055
47.560
0.054
0.048
410.578
5.090
0.046
0.033
4.498
30.338
0.193
0.051
0.052
0.038
419.131
0.046
0.035
0.038
0.049
0.043
0.136
0.133
14.978
0.145
45.036
14.045
43.954
0.056
0.050
17.458
10.041
0.048
0.041
0.040
34.030
10.770
0.050
0.046
0.046
0.039
19.182
0.041
0.046
0.037
7.671
0.649
15.835
7.434
5.484
9.196
28.500
0.057
0.040
0.044
6.050
0.553
2.449
0.046
0.138
0.041
0.060
9.877
0.047
28.058
61.717
0.059
0.046
0.042
0.044
32.962
0.059
4.548
0.052
0.039
26.351
76.360
0.049
0.047
0.041
25.929
0.335
0.050
1.091
1.068
21.273
0.049
0.042
0.045
0.040
0.051
11.161
0.051
0.045
0.036
10.795
12.932
0.058
0.044
15.519
24.537
22.337
0.049
0.048
0.046
0.040
0.048
0.035
0.068
0.046
11.707
0.048
9.431
3.058
12.722
43.315
6.231
0.060
0.048
0.038
37.379
0.052
0.050
0.039
8.719
9.771
9.565
0.046
0.039
7.435
0.036
0.038
0.046
0.046
0.047
8.819
15.922
0.047
0.806
0.154
0.047
0.042
0.042
0.046
0.045
29.438
68.676
0.061
0.052
4.618
26.840
0.053
0.045
0.040
0.044
15.300
0.059
4.095
2.970
0.041
15.102
7.415
0.148
0.039
0.036
0.664
0.695
0.921
0.045
0.040
0.399
20.508
0.046
2.857
0.054
0.039
22.042
0.281
0.042
1.497
68.555
0.063
0.062
0.060
0.047
15.724
4.896
0.053
0.055
10.762
0.041
0.042
0.043
0.034
0.049
19.347
0.051
2.687
16.253
0.049
37.785
0.075
0.056
0.050
0.049
20.540
0.046
14.702
0.040
1.129
23.551
0.052
0.039
0.046
0.035
40.197
0.056
0.038
0.048
0.046
28.424
0.044
1.845
0.057
0.052
25.238
0.045
0.040
0.039
7.724
30.815
0.054
0.317
0.052
0.045
0.149
0.047
0.048
0.036
0.046
6.572
0.056
0.044
0.039
0.040
1.986
25.684
0.056
0.728
0.061
46.395
0.051
0.038
0.046
0.039
13.563
47.096
0.048
0.044
0.036
69.417
0.052
10.876
0.058
0.042
9.392
0.046
21.664
9.393
9.235
32.016
28.879
0.047
0.046
0.144
20.180
0.048
17.389
0.054
0.147
33.781
0.047
0.049
2.204
0.044
21.572
0.051
25.472
0.049
0.044
6.430
0.056
0.047
0.043
3.260
14.859
9.290
0.047
13.787
0.062
0.039
35.655
4.139
0.052
2.272
37.145
0.050
0.042
0.046
0.039
36.009
0.040
0.048
0.035
0.143
14.669
20.969
0.048
0.048
0.144
21.110
0.051
0.152
0.040
0.043
66.756
0.049
0.046
11.958
0.061
0.046
0.043
0.046
1.852
0.049
0.151
0.046
0.037
0.037
0.035
43.053
0.055
0.043
0.037
0.043
19.789
0.053
25.761
0.054
0.156
87.047
0.047
0.054
0.047
0.045
16.289
37.487
0.167
5.792
0.171
6.856
23.233
13.586
0.060
0.043
0.048
35.512
0.052
0.036
0.037
5.946
55.559
0.051
0.048
0.049
69.271
0.531
7.817
0.059
0.049
0.050
0.044
0.036
0.049
0.053
25.493
38.509
7.155
0.054
1.334
41.425
0.049
0.042
4.030
0.050
16.984
17.055
0.156
0.038
11.620
0.053
0.044
0.048
0.068
0.043
29.135
0.053
26.407
0.056
0.054
0.040
0.044
0.043
0.038
0.152
5.422
31.925
0.053
0.046
5.131
27.275
0.043
0.050
15.962
0.056
19.724
30.544
3.355
0.051
0.049
0.043
13.454
17.602
0.060
4.231
102.058
0.081
5.934
0.056
0.051
36.673
0.444
9.924
6.114
0.180
49.587
0.053
16.500
0.161
0.046
52.882
0.056
0.040
0.044
0.044
120.171
0.059
2.231
0.063
0.054
112.524
0.054
0.041
0.047
0.050
35.399
0.046
0.043
13.954
0.050
38.320
0.056
15.173
0.226
0.058
76.559
0.059
0.048
0.054
0.053
17.964
8.861
0.631
0.053
0.044
23.110
3.099
20.836
0.059
0.169
2.641
38.460
0.061
0.053
0.046
0.043
0.043
0.047
0.044
0.043
0.047
0.053
0.047
0.052
0.044
0.051
0.054
33.865
0.046
0.307
1.240
0.058
11.874
19.918
0.057
21.849
0.055
0.240
0.056
11.516
26.421
7.051
1.258
0.052
0.042
89.366
0.057
23.839
0.066
0.054
15.166
0.050
0.056
5.431
12.724
0.052
0.051
0.197
0.055
0.045
1.320
24.838
1.865
0.054
8.356
24.136
0.848
0.061
0.972
24.644
27.603
0.969
0.053
0.055
0.055
7.254
18.063
0.051
0.106
0.055
0.056
0.050
0.048
0.049
19.563
22.623
0.993
0.061
0.048
3.077
0.045
0.046
0.050
0.046
0.041
3.728
20.797
0.059
0.046
1.356
27.658
0.051
0.046
0.055
0.044
4.271
10.555
0.062
16.757
0.065
24.853
0.046
0.051
0.048
0.254
0.046
0.042
0.039
0.801
0.050
1.401
0.056
0.048
0.054
0.058
4.218
0.069
0.051
0.054
0.046
62.484
0.055
0.178
11.861
0.051
40.296
0.053
0.043
0.052
11.590
22.526
4.863
0.056
0.057
0.055
34.172
0.049
6.582
0.046
0.057
0.239
38.698
10.456
0.056
0.050
0.732
30.606
0.064
0.055
0.049
0.046
20.157
0.054
0.053
0.051
0.047
0.059
24.426
0.082
0.079
89.094
0.063
0.059
0.053
2.869
11.420
10.743
0.056
0.060
1.142
16.389
0.057
0.052
2.561
0.063
33.720
0.061
0.094
0.062
0.049
36.390
20.240
0.060
0.059
0.055
13.604
0.056
0.051
0.057
0.068
0.049
0.052
0.056
0.048
0.061
0.062
99.270
0.084
0.069
0.070
0.100
0.056
0.050
0.060
10.065
9.312
0.059
34.321
0.075
0.066
10.304
33.677
0.065
0.055
0.070
0.066
0.762
19.851
0.068
3.348
10.868
0.069
6.218
0.059
2.344
12.767
1.425
6.071
0.513
0.063
7.053
19.338
0.067
0.068
0.058
33.096
0.065
17.706
3.516
0.073
19.537
0.049
0.060
0.051
0.056
52.420
0.073
0.057
0.065
0.059
13.745
44.004
0.071
0.056
0.059
5.061
13.771
0.055
4.696
11.797
20.023
3.390
0.072
0.056
0.055
54.199
0.063
0.056
0.060
13.440
12.735
16.684
0.220
0.055
0.053
53.731
20.409
0.058
0.065
0.064
22.757
0.074
4.062
0.072
0.055
5.929
4.668
10.607
0.073
0.062
0.071
5.242
0.053
0.049
0.064
18.745
0.059
2.231
0.060
2.004
24.730
0.055
0.054
0.067
0.064
12.136
0.060
0.059
0.061
0.052
8.221
8.378
5.408
0.063
0.065
21.908
0.066
0.068
0.383
0.065
11.130
1.618
0.068
0.064
0.067
0.064
0.066
0.060
10.695
0.073
4.984
0.061
0.414
0.069
0.066
13.110
0.055
11.507
0.077
0.351
21.131
0.075
0.055
0.067
0.066
18.233
0.060
4.364
0.076
0.059
29.520
0.068
31.793
42.603
0.073
45.816
0.074
0.055
0.206
0.201
0.052
0.051
0.054
0.050
0.068
47.337
0.073
0.060
0.054
0.065
49.939
0.071
0.462
0.064
0.065
20.261
0.074
21.489
0.069
0.057
25.400
32.644
4.742
0.063
0.062
0.060
0.067
0.058
0.054
0.066
21.201
11.010
0.059
1.358
3.322
21.045
0.063
0.054
0.060
11.998
0.955
0.584
0.060
0.066
0.066
55.026
0.060
0.060
0.053
0.066
29.329
0.351
38.774
0.071
0.072
35.814
11.756
0.078
0.797
0.064
13.580
10.666
0.069
0.056
0.069
17.221
0.066
0.206
7.987
0.064
3.472
0.069
0.057
0.518
0.068
4.478
9.278
0.076
0.819
0.070
0.052
3.142
9.369
0.063
0.057
20.224
0.063
8.190
0.311
0.059
21.643
0.073
0.069
2.386
0.068
0.061
0.063
0.060
0.250
4.675
56.825
5.553
0.068
0.063
0.382
48.205
3.262
49.106
0.069
0.075
55.572
0.061
9.551
0.078
0.071
125.941
0.080
3.222
0.078
4.381
5.991
43.378
0.227
0.061
0.054
0.064
0.061
0.067
0.060
0.057
11.040
25.890
0.240
2.218
0.061
35.071
0.233
0.066
0.067
0.053
20.059
0.240
11.559
0.063
0.064
15.572
22.657
0.226
0.067
0.060
30.245
9.537
0.065
0.070
0.055
14.883
5.156
0.072
0.056
0.065
7.765
0.068
25.071
0.075
0.062
12.210
4.267
0.067
0.056
1.815
0.064
7.470
3.609
0.071
0.059
29.025
0.083
0.064
1.639
0.064
4.672
2.184
1.817
16.526
0.078
46.508
0.065
0.068
0.067
0.063
61.912
0.070
0.056
0.059
10.979
2.863
14.995
2.756
10.182
0.062
0.054
1.427
10.183
10.032
2.128
2.291
20.701
0.082
0.057
0.068
24.320
0.058
0.056
0.159
0.068
15.291
3.651
0.059
0.063
0.054
0.056
0.056
12.839
0.071
0.068
0.059
32.556
0.067
0.054
0.054
0.066
0.068
31.982
0.068
26.505
0.056
0.216
0.056
0.064
3.738
6.504
8.058
17.612
0.073
0.069
15.520
0.085
27.873
0.076
0.072
32.159
0.063
0.055
0.052
0.056
0.992
9.590
0.080
8.383
1.014
0.061
3.432
10.433
0.276
0.067
25.129
12.782
19.050
0.071
0.221
30.939
0.081
0.057
0.066
0.053
13.830
0.063
7.663
10.497
1.593
23.982
5.310
0.067
3.544
0.080
14.804
15.085
0.232
0.072
0.062
0.056
0.068
0.072
0.111
16.723
6.597
0.077
0.066
34.898
14.955
0.224
0.054
0.063
0.074
0.060
48.207
0.074
0.056
0.071
0.061
0.848
0.071
0.070
0.064
0.058
30.203
3.915
0.073
0.065
0.057
38.716
0.213
0.068
0.062
0.053
24.484
0.058
0.057
0.054
2.730
0.055
0.056
0.056
0.061
5.931
11.676
3.369
0.067
0.064
8.104
0.413
0.063
17.697
0.065
0.057
6.221
26.007
0.067
5.368
0.071
32.460
0.082
42.643
0.080
0.059
34.126
24.733
0.079
0.227
0.071
7.969
0.238
0.056
0.053
0.218
6.393
37.105
5.801
0.068
0.075
15.952
0.066
0.105
5.283
0.078
11.521
2.634
0.056
18.326
0.072
73.809
13.330
0.080
0.224
0.059
36.816
0.066
0.069
0.056
0.074
46.386
0.082
0.076
0.080
0.068
0.072
10.761
0.065
0.061
3.061
5.800
36.081
0.068
0.075
0.075
20.119
0.073
0.067
0.222
0.059
9.607
27.852
0.063
0.068
0.060
33.731
9.333
0.080
0.061
0.059
44.299
3.828
0.068
0.069
0.058
0.437
0.131
4.303
0.082
1.386
64.160
0.075
1.543
0.060
0.057
0.058
0.065
2.759
0.076
0.181
36.749
0.069
0.072
0.064
0.065
37.610
0.070
0.074
0.175
0.264
36.193
0.061
0.065
0.059
0.055
23.612
0.249
7.531
0.058
6.855
21.419
4.742
0.075
0.056
3.607
2.428
0.074
0.070
8.216
0.065
37.936
0.066
0.065
0.059
0.068
39.856
0.268
0.077
19.213
0.236
29.055
0.083
0.072
0.070
0.066
28.466
0.066
1.205
0.070
0.064
36.082
0.071
0.071
0.068
0.060
8.522
35.569
0.080
0.071
0.071
0.056
24.071
2.206
0.076
2.365
4.968
100.320
0.076
0.081
0.070
5.407
22.038
19.233
15.213
8.143
47.900
0.087
10.625
0.073
0.257
1.180
0.068
0.078
0.393
0.071
20.856
13.479
0.066
0.076
0.304
7.274
0.068
3.111
0.086
2.657
0.064
2.982
10.356
0.084
0.071
8.801
9.902
9.899
0.072
0.073
2.076
15.744
0.084
0.062
0.851
3.800
0.447
3.424
0.909
0.089
0.904
0.086
0.068
0.076
0.719
24.704
0.069
0.065
0.078
0.642
1.846
23.455
0.074
0.236
0.061
0.074
0.073
0.059
5.533
0.077
9.838
0.122
0.075
0.068
9.863
19.082
0.398
0.071
8.988
0.247
21.569
0.066
0.072
5.824
0.065
0.055
33.021
15.147
0.078
0.067
0.060
0.077
4.629
0.070
0.079
1.753
4.940
18.684
0.072
0.133
38.173
23.352
0.067
1.464
0.079
44.013
0.067
0.063
0.078
0.069
0.072
5.210
18.731
10.153
25.388
15.890
0.088
26.609
8.644
0.084
22.830
0.085
0.120
0.065
0.067
4.008
0.325
1.435
5.518
4.624
3.006
0.085
17.393
0.078
0.069
0.066
0.070
0.074
0.073
31.495
13.508
0.085
0.080
16.995
0.218
9.069
6.531
14.298
0.079
0.077
9.527
11.094
0.072
0.073
7.584
25.895
0.083
8.135
0.314
0.068
29.423
0.246
0.072
0.061
0.079
6.086
0.082
11.707
0.549
0.087
4.968
24.046
22.065
0.075
0.075
12.020
13.329
0.071
0.074
0.073
24.770
0.068
0.249
0.069
0.068
7.679
4.319
4.067
0.072
40.081
38.704
0.068
3.427
0.072
1.125
3.046
33.578
0.089
0.062
0.245
32.809
3.400
0.069
0.073
0.071
16.884
0.089
0.079
14.747
0.084
30.717
0.068
0.084
0.061
0.064
22.597
11.561
0.068
0.251
0.265
9.681
0.191
0.072
0.084
0.068
29.280
3.298
0.080
5.546
0.083
10.095
0.518
0.087
1.118
0.081
0.081
33.739
0.220
0.258
0.240
17.874
9.823
0.088
0.081
0.063
26.307
0.067
0.205
0.253
0.060
27.600
0.526
0.255
0.082
12.558
9.287
0.316
0.071
28.836
0.296
44.160
1.018
0.249
2.675
0.327
26.404
0.071
0.073
0.075
0.203
28.515
0.071
1.439
8.036
0.261
29.772
0.089
1.083
0.083
0.076
26.599
0.073
4.552
0.089
0.076
0.253
0.406
0.136
0.082
0.085
0.082
0.069
0.064
0.082
0.080
0.070
0.066
0.073
0.077
0.063
20.129
0.094
0.077
6.132
0.396
17.056
4.640
0.074
0.079
0.720
0.068
0.071
0.128
0.068
0.066
7.484
0.092
0.074
0.081
9.259
22.561
26.499
34.577
0.074
0.107
2.680
5.072
26.701
0.091
14.854
35.560
0.268
6.863
0.068
0.077
17.768
6.978
0.083
23.605
0.080
0.075
0.070
0.079
0.256
0.068
31.483
0.077
12.551
0.091
3.425
34.715
4.601
0.069
0.082
0.071
34.001
0.208
0.086
0.068
0.258
0.900
0.073
0.081
0.082
0.064
15.523
18.782
1.126
0.077
0.068
29.857
0.073
0.164
0.092
4.840
26.421
5.867
0.069
0.067
0.067
27.426
0.072
0.259
0.439
0.078
8.377
0.074
1.762
0.399
0.092
15.767
0.268
0.082
30.951
0.071
11.620
0.079
0.072
0.080
9.611
4.729
1.591
0.091
0.261
0.071
30.065
15.492
0.095
0.076
0.077
31.800
0.075
0.080
0.082
0.081
0.074
0.075
0.068
2.416
0.086
0.085
0.075
0.072
0.065
2.334
27.315
0.095
18.586
0.090
0.094
33.681
0.104
0.098
0.079
0.307
37.604
0.099
0.302
0.076
0.078
52.031
0.095
0.091
0.095
0.097
0.080
0.076
0.150
0.086
9.424
0.100
0.087
0.094
0.072
0.093
59.368
0.088
0.091
0.075
4.266
16.028
0.088
0.090
29.309
0.087
0.089
43.721
0.106
0.074
0.074
22.257
7.758
0.102
14.969
0.076
41.200
0.105
5.436
0.111
0.107
8.916
5.069
8.888
10.926
0.082
36.079
0.094
0.092
0.083
0.082
3.640
10.403
19.471
0.088
0.079
8.828
0.466
0.099
8.913
0.098
14.114
0.081
0.856
0.100
0.101
50.341
13.553
0.094
0.089
0.080
43.019
0.077
0.098
0.076
0.076
19.486
10.349
0.105
0.090
0.093
27.039
7.563
0.088
0.295
0.094
13.788
0.843
0.096
36.288
0.105
16.496
0.086
25.374
1.954
0.312
40.499
0.097
0.102
0.089
0.299
0.077
0.119
0.082
0.097
0.086
34.795
6.041
0.101
0.304
0.088
0.082
0.301
0.095
0.098
0.091
8.734
24.274
0.102
0.086
10.467
45.656
0.080
0.164
0.096
0.084
0.085
0.078
0.087
0.166
0.766
33.577
0.088
0.082
0.087
0.249
0.092
12.405
17.295
7.927
2.690
0.460
23.459
0.106
0.086
0.084
39.951
0.085
0.091
0.091
0.271
35.191
29.943
0.090
0.076
0.079
53.053
0.109
6.152
0.088
1.272
38.385
1.359
4.344
0.094
0.090
0.095
0.307
0.085
6.014
0.081
52.145
0.081
0.311
0.095
0.302
0.353
0.080
0.102
0.076
0.082
15.189
0.091
40.293
0.113
0.680
43.986
0.328
0.079
0.092
2.982
9.300
35.622
0.104
0.118
0.079
0.093
0.077
0.080
0.339
0.098
13.003
0.102
39.359
2.532
11.426
1.384
19.934
0.093
0.097
20.438
36.588
0.082
10.633
0.302
0.138
0.087
0.077
0.092
0.089
0.116
14.418
4.854
0.983
21.063
0.093
2.453
18.699
0.091
0.075
0.083
48.332
0.092
6.870
0.076
0.082
49.455
0.085
0.078
0.084
0.079
47.827
2.544
0.245
0.084
0.091
12.055
0.097
0.784
12.180
0.092
47.581
0.345
1.254
0.102
0.081
65.363
0.403
0.091
0.097
0.088
18.942
0.108
8.766
0.105
19.993
54.670
0.099
0.100
0.181
0.099
35.601
0.086
13.470
0.077
7.019
0.100
1.817
0.088
0.089
0.089
0.080
21.978
33.084
0.101
0.094
4.214
22.675
0.095
0.100
19.929
8.288
41.927
0.083
0.076
0.079
50.919
0.104
0.314
0.095
0.090
61.783
0.091
0.076
0.100
0.100
21.499
29.006
0.079
18.261
2.503
64.761
0.310
0.082
0.076
0.084
6.797
35.096
0.110
0.269
13.350
4.248
48.709
0.086
0.309
0.079
11.153
34.380
0.090
18.978
0.105
1.440
23.137
22.539
0.326
0.147
0.078
0.076
0.100
0.168
24.189
37.981
1.796
12.215
0.091
0.076
60.401
0.096
0.081
13.123
6.516
29.346
25.601
0.096
0.083
0.079
36.645
0.105
0.149
0.088
0.088
0.089
5.822
0.088
0.084
0.082
0.076
0.077
0.081
0.328
0.091
21.861
0.088
25.734
7.329
0.091
32.367
1.179
0.083
34.493
0.098
2.519
12.124
21.488
0.096
0.104
6.046
41.654
0.109
0.095
0.123
29.329
45.682
0.088
0.896
0.148
36.109
0.307
0.089
0.116
0.077
55.781
0.107
0.094
6.127
0.109
2.070
0.665
37.808
0.092
0.077
27.574
0.095
0.406
0.091
0.087
23.614
6.097
2.244
5.458
0.174
0.095
0.089
5.919
0.085
0.078
15.280
0.103
0.085
3.535
0.084
36.427
0.165
0.095
0.088
0.084
34.214
0.109
13.500
0.510
0.085
23.847
0.090
0.088
0.094
0.094
23.726
0.287
0.099
23.894
0.089
55.353
0.097
0.104
0.089
8.151
36.366
2.435
11.853
0.100
2.352
0.084
0.086
0.095
0.149
0.088
48.306
11.789
0.096
0.088
0.106
54.608
0.100
21.732
0.090
0.083
66.657
0.087
0.099
5.224
0.086
8.129
48.599
0.102
0.103
2.334
0.102
0.352
0.104
0.092
2.534
39.364
0.102
0.091
0.102
0.078
11.695
16.970
28.419
0.090
0.103
58.910
0.104
0.076
0.501
0.097
36.490
0.081
0.085
0.308
0.549
0.309
0.296
0.074
0.073
6.443
29.352
0.103
0.086
0.094
0.091
13.120
5.581
12.088
10.993
0.090
28.539
0.087
14.558
0.104
0.095
6.370
37.541
0.088
0.081
0.085
4.098
35.192
0.090
0.079
0.094
10.042
0.101
24.746
0.318
0.077
15.580
0.081
0.076
0.093
0.088
50.703
0.091
0.083
0.083
0.466
37.161
0.083
10.188
0.110
0.093
46.279
0.091
0.171
0.081
0.086
0.079
0.077
4.084
0.084
0.101
25.800
0.474
16.067
0.098
0.098
4.719
0.091
0.079
0.313
0.092
43.427
0.226
0.090
0.316
0.081
23.395
6.774
0.106
16.443
4.879
29.721
0.107
0.122
0.095
0.077
0.081
11.387
0.088
0.315
0.813
131.762
0.089
0.086
7.099
9.555
0.083
0.102
0.095
0.115
0.082
0.093
4.927
21.067
0.086
0.097
36.139
0.087
2.293
0.083
0.085
10.041
60.773
0.094
0.101
0.102
28.473
19.954
0.097
0.081
12.836
0.094
0.113
0.091
0.106
0.094
1.959
43.459
0.122
0.755
0.119
0.120
0.093
0.097
0.091
0.104
23.815
0.113
0.112
18.754
29.708
47.476
0.101
0.113
1.914
0.102
8.707
0.570
0.105
0.110
0.105
39.932
0.112
0.110
3.899
0.112
32.852
0.470
0.118
8.722
0.100
16.653
39.225
0.099
0.114
0.179
23.176
0.105
0.113
25.195
0.114
1.773
10.613
9.094
41.323
0.115
30.732
0.114
19.815
6.002
0.093
30.210
0.109
0.114
0.102
18.859
48.525
0.123
0.095
0.109
0.088
26.123
5.042
3.133
1.059
0.103
11.748
32.147
0.102
4.554
0.272
0.109
39.508
0.100
0.118
0.866
7.282
0.102
0.120
0.093
0.127
47.632
0.107
0.122
6.473
0.110
17.060
0.366
0.119
34.676
0.115
17.344
42.916
2.045
0.406
0.094
12.490
30.644
0.101
0.094
0.114
4.257
0.113
2.449
10.821
52.332
37.623
0.110
0.098
19.535
0.110
70.118
0.133
0.103
0.110
0.113
3.287
23.472
32.132
0.116
0.092
11.685
41.014
0.119
1.357
0.377
13.888
41.094
0.120
0.096
0.087
57.217
0.095
0.264
0.118
0.114
26.556
0.130
0.090
5.441
20.631
2.372
11.826
0.108
0.102
0.095
53.951
0.324
0.114
0.101
0.112
0.104
15.700
54.416
0.158
0.104
7.608
31.086
0.604
4.104
0.118
8.241
0.353
0.115
0.096
0.107
40.832
0.121
0.084
0.088
0.086
24.681
0.095
7.603
2.902
6.273
36.937
0.097
0.100
0.087
0.084
0.101
2.995
0.113
1.493
0.357
0.084
0.111
0.106
0.347
0.100
39.786
0.103
0.103
0.096
0.121
38.674
0.105
0.094
0.107
0.249
0.102
0.107
0.339
0.085
0.088
15.550
8.708
10.577
20.244
0.115
45.446
0.105
0.124
0.107
0.100
22.015
0.089
0.103
0.242
0.089
10.360
11.232
0.094
1.350
9.925
1.069
25.747
29.637
0.097
0.092
48.041
18.438
5.454
0.363
0.250
70.490
0.107
2.433
0.097
0.277
30.196
0.093
7.026
31.902
0.116
1.056
24.485
10.907
31.935
0.092
3.914
0.276
15.314
0.409
0.100
18.572
0.123
0.107
0.087
0.300
0.095
0.088
9.760
6.622
0.108
74.285
0.113
0.114
0.089
0.115
25.694
29.570
0.097
0.088
0.092
56.747
0.307
0.103
0.107
0.099
54.190
0.121
3.609
1.862
0.126
19.564
0.113
0.100
0.095
5.550
0.093
25.543
0.095
0.107
0.104
0.108
0.094
17.845
0.116
1.279
53.518
0.547
0.099
0.100
0.094
66.091
0.098
0.354
0.102
0.107
40.093
0.097
0.118
3.729
22.140
3.752
0.907
0.116
0.098
0.235
13.644
41.269
1.578
0.098
0.103
64.808
0.124
0.366
0.125
0.088
26.093
34.543
0.098
0.090
0.089
12.540
0.124
51.658
0.096
0.090
2.654
62.713
0.114
0.097
0.120
179.268
15.314
0.105
0.121
0.105
15.650
0.122
13.243
0.122
37.096
0.113
50.220
0.114
0.100
0.117
35.937
0.099
0.111
0.105
0.108
10.589
0.103
0.091
5.078
0.088
28.662
0.092
10.977
0.118
0.101
32.748
0.108
0.088
0.106
14.595
12.845
0.091
39.739
0.090
0.088
24.924
0.111
3.980
22.837
0.094
46.034
0.510
0.100
0.108
0.089
1.292
55.749
0.100
0.096
0.094
55.840
0.113
0.090
0.106
0.092
10.681
0.355
49.548
0.106
0.102
55.105
0.262
0.088
0.102
0.686
7.558
44.339
0.099
0.102
0.281
25.496
20.053
0.112
22.531
4.983
69.138
1.554
0.108
0.092
0.103
51.807
0.350
0.097
0.113
0.095
16.930
23.432
0.109
0.087
0.110
0.114
0.107
0.092
0.115
12.676
30.382
2.653
0.106
0.102
4.699
10.529
0.091
0.095
0.116
0.085
18.937
23.657
0.096
0.092
0.113
0.090
0.111
0.087
0.089
0.093
1.495
0.102
0.111
1.477
1.313
42.163
0.107
0.196
0.112
0.095
36.902
2.084
3.937
18.925
0.123
3.947
34.615
0.097
20.601
0.098
1.558
6.363
9.951
0.095
11.447
28.785
0.096
0.091
0.089
0.088
32.331
18.264
0.101
0.108
0.485
7.622
51.102
1.613
0.108
8.745
24.864
43.473
1.442
0.116
0.121
42.405
0.123
8.894
0.094
5.691
60.048
0.126
0.102
0.103
0.095
29.005
13.865
22.920
0.318
0.099
63.954
0.097
0.100
0.099
4.338
64.945
5.767
0.104
0.124
0.103
27.267
3.920
28.705
0.099
4.385
49.418
0.107
0.094
0.113
0.107
4.613
25.014
25.092
2.980
0.104
56.727
0.304
0.380
0.120
0.116
0.094
0.091
0.111
0.113
0.111
66.454
0.111
0.110
2.298
0.500
0.109
0.367
0.118
0.110
0.120
1.478
37.386
0.100
0.114
0.725
56.460
0.122
2.455
0.101
0.092
0.091
22.991
13.954
3.491
24.279
0.097
0.115
0.375
0.117
5.621
0.119
0.105
0.120
0.117
0.111
48.082
0.112
0.370
0.097
0.113
0.365
0.117
0.093
0.112
0.104
20.613
18.095
14.751
0.108
4.438
45.427
0.102
2.542
0.096
0.106
7.010
21.140
0.107
0.370
21.988
0.116
7.934
18.533
27.805
0.098
0.092
0.191
0.095
0.096
0.091
8.265
41.342
0.121
0.494
0.107
6.848
14.610
19.585
0.116
0.267
0.113
0.108
0.101
0.416
0.363
44.332
0.099
0.099
0.105
0.122
60.998
0.105
0.098
0.108
0.114
54.643
0.119
0.117
0.451
0.707
172.080
0.114
0.109
0.197
0.091
1.465
54.414
0.123
0.107
7.794
18.245
6.248
0.120
3.074
0.106
0.125
0.163
17.289
0.122
21.056
10.659
30.444
0.218
0.093
0.113
0.108
0.100
4.627
0.115
0.113
0.109
0.333
0.116
4.708
15.355
27.951
5.341
37.879
0.098
0.124
26.357
31.260
0.096
0.102
5.061
9.157
0.791
9.534
31.036
2.303
40.143
0.235
11.625
12.113
0.097
24.940
25.157
0.107
0.104
8.264
0.115
0.122
0.113
0.098
0.094
47.682
0.102
8.774
0.109
0.116
50.048
16.584
0.295
0.121
0.127
0.094
0.096
0.107
0.098
2.274
24.585
0.118
8.654
0.125
0.107
38.653
33.935
0.127
0.121
0.118
65.779
0.124
1.997
0.123
0.093
64.278
4.477
0.264
0.121
0.128
74.389
0.126
0.109
0.121
0.113
4.499
0.115
27.131
0.109
30.499
30.583
22.235
0.106
11.271
0.113
65.057
0.107
11.254
0.105
3.191
30.532
59.816
0.107
0.122
0.119
20.213
49.842
3.178
0.100
0.100
79.677
0.127
0.121
0.130
0.252
35.154
0.113
0.138
11.971
0.116
0.130
0.420
2.831
0.135
4.175
0.111
32.309
0.421
0.105
0.317
5.895
43.686
5.047
0.119
0.118
21.029
0.138
4.317
0.136
0.118
81.990
1.480
0.139
0.115
0.103
49.470
0.639
0.120
31.394
0.331
58.388
0.117
0.133
22.772
1.694
82.846
0.132
0.142
0.142
0.109
2.890
32.386
0.135
17.906
5.950
29.348
0.128
19.681
0.145
28.803
52.751
22.537
0.108
0.134
4.191
91.859
0.141
0.130
4.136
0.648
94.320
0.437
38.218
0.625
2.106
49.141
39.488
0.137
0.109
0.272
9.884
12.479
36.162
0.108
0.106
34.004
33.425
21.619
0.132
14.130
89.797
0.137
0.116
0.134
0.144
14.926
6.346
0.428
63.743
0.120
11.785
85.802
0.133
0.130
0.113
9.243
62.710
23.385
0.127
0.105
21.486
26.022
0.147
0.121
0.128
67.055
0.108
0.118
0.140
0.104
10.816
55.623
0.253
0.111
0.133
70.591
0.440
0.115
0.118
0.138
4.976
18.105
49.754
0.124
0.118
39.743
0.120
0.122
0.119
0.111
143.481
0.114
11.400
0.122
0.114
48.420
5.456
1.678
0.135
0.129
60.092
0.131
9.416
0.115
0.584
65.413
0.216
0.116
0.118
0.136
25.937
34.936
8.081
0.121
0.106
60.657
0.569
0.105
1.648
0.129
6.837
4.091
0.113
0.139
0.104
38.759
0.325
0.141
13.740
0.139
0.428
67.094
0.129
0.141
1.440
22.950
0.134
0.425
24.560
8.631
3.106
31.901
0.142
0.430
36.542
0.120
0.113
0.128
0.126
0.719
6.364
52.124
0.127
0.113
0.135
50.031
0.132
0.115
0.672
0.123
0.127
0.105
0.117
0.132
0.117
27.892
0.116
0.142
38.291
0.126
123.795
0.128
0.117
0.138
0.548
51.390
0.129
0.126
4.919
0.131
0.111
0.138
0.116
0.121
0.105
0.493
20.374
0.127
0.385
0.127
58.109
0.428
0.138
0.121
0.108
58.688
0.112
0.135
0.307
0.106
0.111
0.118
0.129
0.136
0.205
29.529
12.113
0.150
0.114
1.015
58.343
0.113
0.104
0.796
0.122
47.959
0.145
16.359
0.143
0.137
57.710
0.117
0.106
0.136
0.119
30.276
0.139
0.115
29.820
0.128
9.355
47.160
0.105
0.108
0.302
57.948
0.132
0.136
0.124
0.136
43.409
9.428
0.128
0.119
0.108
41.401
1.398
0.117
2.538
0.136
6.339
59.317
0.491
0.128
0.106
61.542
0.126
0.113
0.141
0.126
50.785
16.403
0.119
9.580
0.154
20.148
41.806
0.114
0.128
0.585
0.136
13.257
0.111
0.112
0.115
25.239
26.296
0.111
2.987
0.361
7.406
0.135
0.113
0.304
0.131
6.990
0.312
7.151
0.114
0.123
64.022
0.162
0.146
0.142
23.785
38.999
0.137
16.048
0.119
0.169
21.735
8.062
0.116
0.104
0.136
19.645
0.117
0.428
0.114
0.123
44.897
0.330
0.126
8.628
0.120
21.458
2.525
44.499
0.119
0.129
41.607
0.120
0.120
0.142
0.111
0.134
18.209
0.141
0.130
0.107
8.197
0.136
47.408
0.133
0.105
0.130
0.420
0.136
0.116
8.913
21.139
3.716
1.241
7.005
6.877
191.267
0.438
0.106
0.134
0.288
55.846
5.350
0.281
0.310
0.117
27.740
22.178
0.151
1.119
0.141
65.163
0.194
0.145
0.106
0.127
0.447
0.127
0.127
0.108
0.102
48.876
37.760
0.121
0.118
0.126
59.202
0.144
8.905
9.345
0.113
0.106
0.137
0.110
0.176
0.120
62.190
0.110
0.111
15.765
0.633
74.797
0.126
0.132
0.110
0.136
43.868
8.448
15.608
0.123
0.124
65.028
0.115
0.140
0.102
0.130
77.191
0.147
0.425
0.133
0.115
70.158
0.135
0.132
0.131
1.103
66.926
0.581
0.117
6.145
0.143
38.777
25.609
16.486
0.137
0.111
72.478
0.108
0.207
0.121
0.121
29.415
0.113
0.141
34.917
0.257
62.369
0.114
0.132
0.253
0.132
58.697
0.122
0.123
0.113
0.109
11.659
25.172
0.125
0.135
0.771
32.476
0.134
20.249
0.352
0.106
6.139
19.840
0.116
0.124
0.110
0.121
0.163
0.113
0.127
0.111
2.352
25.250
11.516
0.111
0.119
18.026
40.571
0.487
0.267
0.137
65.460
0.136
0.132
0.153
0.144
40.855
0.164
0.133
17.379
0.143
67.701
0.157
0.522
15.722
0.137
51.782
11.545
2.422
36.278
0.122
107.932
0.157
0.136
0.128
0.117
41.760
44.404
0.136
0.474
0.132
71.691
0.158
0.153
0.140
0.118
53.559
0.118
22.430
0.122
6.149
12.782
48.860
7.084
0.130
0.154
47.103
0.479
6.738
19.412
0.136
15.643
61.920
0.150
0.142
0.116
75.593
17.310
0.140
3.879
0.157
81.569
0.147
0.139
0.294
0.474
64.026
0.141
0.139
0.138
0.345
96.103
0.181
0.132
0.487
0.685
53.580
0.157
0.181
0.156
15.284
19.884
55.334
0.150
0.146
0.143
64.154
0.141
0.127
0.139
0.147
0.125
45.065
0.148
0.150
0.152
0.152
0.113
2.656
0.123
16.121
25.926
0.117
0.133
23.260
2.886
88.167
0.141
0.142
0.156
0.437
63.569
0.142
21.503
0.144
0.150
63.344
0.155
37.026
0.137
17.380
72.277
24.936
0.123
3.847
2.087
77.815
0.160
0.114
0.157
20.059
0.290
0.139
0.127
2.141
0.120
0.117
0.140
0.158
0.120
0.154
47.291
0.594
0.116
49.835
0.125
67.950
0.126
0.157
28.512
0.130
0.123
0.141
0.147
0.130
4.948
94.795
0.145
0.133
0.150
0.147
18.936
58.175
0.158
0.125
0.295
60.094
0.141
0.464
0.149
0.142
74.105
0.170
0.149
0.145
0.154
21.934
0.456
0.132
0.127
0.161
68.746
0.147
30.835
0.144
0.111
89.498
0.235
13.308
0.140
0.113
0.120
0.234
0.129
0.131
0.122
74.804
1.036
0.142
0.455
0.133
88.655
0.141
0.129
0.150
0.150
73.876
13.357
0.336
0.128
5.458
0.157
2.642
0.136
0.153
0.133
72.992
0.117
0.215
0.141
0.114
49.382
7.817
0.135
0.462
0.122
30.523
2.620
0.143
0.131
0.146
65.242
0.462
6.541
0.150
0.136
0.130
0.113
0.130
0.112
0.139
0.123
0.156
0.453
0.116
0.111
64.950
0.126
19.977
0.147
0.471
64.323
0.124
0.112
0.137
33.870
29.634
43.967
0.118
0.142
0.131
0.121
0.114
0.473
0.120
0.454
5.551
0.144
0.146
0.135
0.126
0.127
0.148
0.123
0.183
0.131
62.803
0.135
0.136
0.136
0.136
7.808
73.589
0.477
0.116
0.141
79.757
0.156
6.597
0.570
0.128
52.408
0.124
0.128
41.835
0.317
44.919
13.868
0.135
0.133
18.446
72.623
22.497
0.148
1.772
0.141
118.461
3.764
0.150
0.140
0.117
95.033
0.127
0.307
0.125
0.136
3.257
0.130
0.149
0.273
0.152
29.125
33.525
0.125
0.136
0.117
51.128
0.159
0.146
0.142
29.681
81.739
0.160
0.139
0.147
0.119
3.533
74.690
0.338
0.150
0.146
0.130
3.382
0.147
0.214
0.154
76.631
0.124
3.849
0.142
0.149
84.467
4.435
0.149
0.153
0.155
68.688
0.162
0.141
0.140
0.154
83.926
0.136
2.054
0.122
0.138
76.109
0.135
29.073
0.118
0.122
6.497
0.270
59.192
13.545
0.124
0.127
0.157
0.151
0.202
0.157
58.275
22.309
0.157
0.135
0.125
84.275
0.137
4.858
0.142
0.142
2.316
37.942
0.135
38.680
0.153
0.150
15.985
0.157
0.133
0.306
57.706
3.970
15.500
15.619
0.118
80.062
0.124
0.164
0.123
0.153
89.866
0.157
0.135
0.137
0.143
80.973
0.155
0.121
0.126
0.479
70.027
0.130
2.032
6.928
14.888
8.477
0.127
0.154
0.146
0.349
6.338
16.301
108.356
0.129
0.123
17.657
4.125
62.742
23.258
0.119
107.845
0.143
0.129
0.144
0.133
38.374
0.149
63.661
0.148
0.168
26.299
54.907
9.379
0.156
0.130
34.667
23.609
0.163
6.093
0.161
0.152
30.389
0.141
0.513
0.117
109.705
0.130
0.173
0.173
0.140
0.134
0.202
0.150
0.172
0.159
102.660
0.155
0.504
0.151
0.136
72.511
0.128
0.118
10.031
14.675
108.515
0.121
0.126
0.150
0.139
0.205
0.158
4.140
2.280
0.154
51.364
1.277
35.729
0.126
0.132
0.142
34.985
19.464
42.625
0.128
0.117
18.202
55.588
0.129
0.152
34.720
56.208
0.298
0.151
0.481
76.656
0.130
0.128
0.140
0.139
0.139
0.136
0.121
0.149
0.481
0.153
29.172
13.961
0.693
12.654
70.582
10.464
0.151
0.143
0.150
0.154
0.151
0.483
0.170
0.123
82.629
0.128
0.137
0.160
0.565
12.924
28.336
0.141
44.374
0.152
30.088
0.312
11.764
73.575
0.161
99.740
0.149
0.153
0.323
0.158
0.160
0.123
11.591
11.849
0.140
111.875
2.694
0.122
0.135
6.575
76.897
0.129
30.755
0.500
0.132
78.914
8.092
13.345
0.136
1.107
45.587
18.251
0.159
2.519
0.173
8.130
6.253
0.129
2.002
0.123
0.945
0.256
0.141
0.125
0.121
45.232
0.119
0.143
0.148
0.166
0.186
31.056
0.127
0.607
0.163
8.212
54.568
18.276
0.133
0.133
26.831
24.683
21.179
0.139
0.140
7.651
0.163
8.065
61.037
0.141
24.971
0.172
46.633
0.157
0.153
77.192
0.142
0.136
0.133
0.152
0.147
0.154
0.147
0.141
0.119
46.968
0.124
0.158
0.154
32.850
77.400
0.125
0.161
0.141
0.171
0.135
14.039
0.129
0.152
0.137
97.880
0.169
0.129
0.135
0.141
78.705
0.130
14.108
0.176
0.147
58.171
0.123
0.140
33.791
0.165
11.557
0.180
13.826
64.555
0.134
68.219
6.206
19.262
0.167
0.121
76.281
4.455
0.157
2.644
0.133
51.959
18.092
0.152
0.136
0.492
0.224
0.145
18.333
0.158
0.143
3.280
67.026
0.496
0.147
23.143
76.392
0.160
19.809
0.158
0.157
78.860
23.701
0.130
0.136
0.148
78.858
0.508
0.512
0.136
0.131
16.561
56.756
3.417
0.136
0.158
39.182
9.908
0.176
14.770
0.167
71.907
0.145
0.139
16.828
0.151
0.139
0.132
0.128
0.166
0.134
70.744
0.512
0.158
0.122
0.136
0.134
0.164
26.838
0.518
0.168
32.857
36.899
0.169
0.164
7.318
95.179
0.164
0.358
0.145
6.654
78.244
0.158
29.497
0.167
0.494
77.521
0.149
0.134
0.153
0.160
94.891
0.127
0.138
0.149
0.160
0.130
0.503
0.146
0.144
0.511
8.083
45.667
0.155
0.124
0.167
29.351
0.147
0.154
28.137
0.154
0.249
0.169
41.110
0.518
0.125
20.470
7.878
23.197
0.165
0.166
23.464
0.129
22.569
0.291
0.168
29.644
0.149
34.722
5.743
0.170
38.004
7.845
0.165
0.162
0.155
89.441
0.390
0.132
0.432
13.262
3.242
21.910
14.194
39.602
10.450
0.148
0.245
0.165
7.885
0.163
0.514
0.507
0.187
0.139
0.170
58.730
38.905
0.142
0.159
0.145
43.075
19.317
0.153
0.167
0.139
49.551
12.680
2.800
28.944
0.170
76.564
0.162
0.161
2.429
3.448
83.755
0.520
0.152
0.148
0.153
53.460
0.406
0.133
7.470
0.156
77.501
0.148
0.125
0.158
12.235
200.643
0.130
4.317
30.277
0.155
84.237
0.142
0.136
9.744
4.918
12.596
0.147
0.154
90.923
0.186
63.434
0.153
0.177
0.172
0.182
11.224
99.878
0.149
0.139
8.627
55.608
43.559
0.157
0.188
0.148
0.262
0.144
0.145
0.153
0.170
18.257
67.736
0.162
0.169
28.977
66.865
0.169
47.409
0.160
0.158
72.344
41.564
0.170
0.163
7.222
23.105
54.045
30.145
0.723
0.182
51.994
0.146
0.176
0.181
0.275
0.146
0.181
32.785
0.181
0.158
0.139
16.157
0.140
0.136
0.190
0.145
111.022
0.140
0.181
0.156
69.363
0.136
43.105
0.159
0.373
54.963
0.152
16.407
0.186
0.144
107.743
0.172
0.136
0.175
0.181
20.543
8.640
33.944
0.163
39.897
4.844
0.172
0.176
0.163
1.782
46.948
10.726
17.368
0.153
0.168
90.336
0.184
0.140
0.160
0.545
116.195
0.187
0.167
0.186
0.146
0.152
87.842
3.098
0.173
0.255
87.342
0.159
0.149
16.569
0.158
0.749
109.268
0.561
0.152
0.180
94.588
0.144
0.316
0.166
1.907
84.713
0.181
0.142
0.155
0.158
8.463
98.034
21.977
0.400
0.551
126.935
0.157
0.172
0.156
4.939
104.850
0.180
0.557
2.563
0.159
72.536
0.165
14.836
0.238
0.152
76.179
10.864
4.169
0.162
0.552
54.109
9.354
23.309
0.128
0.140
17.342
33.801
0.177
60.191
0.142
122.081
0.297
0.533
0.747
7.811
0.133
0.178
0.176
0.174
0.132
0.168
0.524
0.135
0.133
0.139
41.674
0.149
59.065
0.140
0.139
102.114
0.155
3.286
0.133
0.301
58.363
0.158
48.130
0.536
4.299
0.159
1.847
2.915
0.181
0.141
0.146
0.954
0.158
0.173
0.751
45.808
0.181
30.363
29.035
2.239
19.254
19.427
0.173
37.437
0.160
0.173
38.485
0.159
0.141
0.159
102.168
0.143
0.157
0.167
0.159
82.730
22.681
2.856
0.165
0.159
58.870
0.160
64.240
0.169
0.157
112.871
0.143
0.133
0.148
0.297
119.421
0.550
0.161
0.140
0.529
0.155
57.790
0.160
55.678
0.140
107.846
0.177
0.167
2.035
0.181
90.688
0.150
0.149
24.983
0.146
86.343
0.168
28.543
0.183
0.167
0.135
0.146
0.153
0.159
0.137
0.163
5.341
0.182
0.136
0.168
9.194
30.132
66.192
0.149
3.521
83.996
0.154
0.139
0.661
0.158
109.907
0.175
5.654
0.166
0.158
71.839
0.176
0.181
5.345
0.159
206.999
0.159
40.475
0.147
0.149
35.396
0.857
0.184
11.299
0.180
0.143
0.150
60.160
0.977
0.163
64.352
0.187
8.886
29.587
0.141
96.061
0.180
0.144
0.296
0.158
0.164
0.173
0.265
0.139
5.964
64.731
0.190
0.133
0.146
0.158
0.154
0.538
0.176
50.539
0.167
30.939
71.883
0.157
7.937
0.137
57.015
0.173
0.149
14.657
22.115
14.601
45.427
25.491
24.548
0.565
85.113
4.571
32.587
0.147
0.194
0.160
0.155
0.162
0.181
0.158
102.593
0.337
0.608
14.565
0.149
99.763
0.202
19.272
9.494
8.569
62.518
51.921
0.599
0.144
0.174
0.155
0.171
0.146
0.159
0.183
107.711
21.896
0.163
0.184
0.185
4.094
47.498
70.437
0.158
0.165
19.606
98.135
0.166
0.303
0.149
11.714
18.366
35.753
62.491
0.161
113.265
5.611
0.186
0.153
0.195
67.258
33.787
0.197
8.178
0.150
116.032
0.190
0.194
0.274
0.165
80.636
0.274
36.264
0.181
0.616
46.025
0.158
0.145
49.103
0.197
49.326
38.251
0.154
0.169
2.850
35.461
0.146
0.184
0.170
0.181
57.363
0.148
0.177
0.184
0.133
86.827
0.346
0.155
23.119
0.175
61.597
0.159
0.178
25.359
0.146
13.049
79.526
0.145
0.171
0.152
34.603
45.051
18.096
0.167
0.187
44.733
0.175
5.747
8.798
0.168
54.543
71.607
0.158
0.166
0.360
13.651
55.407
0.149
0.148
0.148
23.451
0.187
0.154
42.316
0.138
9.883
0.148
0.350
0.169
0.185
14.366
0.163
0.143
0.348
9.573
2.710
0.156
0.574
70.135
0.162
41.401
0.294
0.170
0.160
63.938
64.894
0.162
0.154
0.379
21.184
0.153
0.185
0.141
0.159
5.429
122.947
0.177
0.145
0.178
0.332
0.181
0.192
0.568
0.177
0.146
104.069
0.188
0.176
0.182
0.147
67.099
0.171
0.357
0.178
35.873
44.539
0.163
72.133
0.161
0.186
33.226
0.162
71.252
0.360
0.178
11.213
30.673
22.404
0.179
0.563
35.042
0.158
0.190
0.181
0.388
85.636
0.205
17.978
0.152
0.144
62.461
0.182
39.953
0.160
0.541
12.466
94.438
0.191
0.154
14.665
118.944
0.194
0.138
0.184
0.145
0.673
56.622
0.161
32.019
0.373
2.804
68.301
26.194
0.178
0.166
22.997
64.298
0.189
0.182
0.168
48.019
0.719
5.974
32.754
0.565
12.341
52.835
7.527
0.150
0.265
92.569
33.010
0.173
0.168
0.186
11.315
94.584
0.187
5.518
0.195
4.543
98.878
0.184
0.145
0.188
14.876
49.104
0.761
40.184
0.760
244.741
0.170
26.079
5.839
0.153
72.951
15.110
0.186
0.156
0.171
66.906
3.986
41.788
0.796
0.152
92.034
0.142
0.157
0.787
0.136
50.316
0.154
0.694
0.140
24.883
59.293
0.177
18.980
0.189
0.153
23.311
37.699
3.828
2.031
6.208
100.825
4.547
0.180
0.181
0.174
98.417
0.174
13.574
0.159
0.145
81.834
0.486
0.158
0.171
0.154
58.690
13.900
0.142
25.616
0.189
73.245
0.185
0.145
3.092
0.578
18.237
0.172
48.203
0.193
20.863
34.194
24.621
4.498
0.210
46.104
30.515
47.456
2.006
0.175
13.616
95.288
1.495
0.166
18.705
12.082
3.759
0.188
0.210
0.208
0.195
26.243
41.802
27.288
0.173
0.158
18.413
102.631
0.176
0.159
0.192
38.978
28.311
0.197
64.711
0.190
56.914
44.283
0.180
0.192
0.201
26.280
52.314
0.208
0.179
8.470
35.757
41.300
16.063
0.171
15.651
0.174
0.162
0.768
0.160
1.502
1.874
0.305
0.211
0.196
0.164
0.202
0.203
0.736
0.183
0.165
99.072
0.188
0.158
5.443
0.173
56.533
57.611
0.203
0.156
13.833
39.302
53.134
0.190
0.168
0.395
14.019
0.659
0.171
0.174
0.167
32.426
77.080
0.169
0.651
0.152
59.054
0.792
0.174
0.168
45.588
16.281
65.904
0.169
0.177
43.697
54.790
16.254
0.164
0.174
0.158
28.102
0.160
0.170
55.002
0.172
114.870
0.173
0.155
0.189
0.213
81.674
0.164
0.160
26.900
6.151
0.160
0.161
0.239
0.175
0.189
70.651
0.178
39.004
0.200
0.190
33.080
0.178
0.180
61.339
0.201
15.505
106.936
0.324
0.205
0.167
84.006
0.636
0.190
5.794
0.188
9.518
0.196
30.049
0.197
0.179
79.286
0.181
0.320
0.171
30.538
61.374
45.811
0.206
0.188
0.590
88.411
0.179
0.190
9.282
0.172
25.414
0.175
0.166
0.148
0.158
0.159
0.166
0.162
0.182
0.145
76.326
0.176
0.160
0.194
17.396
0.158
0.146
0.149
0.195
0.189
15.911
0.176
0.173
0.184
0.178
113.643
19.131
0.152
0.160
0.182
85.976
0.183
0.157
0.145
0.149
3.237
0.193
10.690
14.172
12.341
125.919
0.179
0.866
0.160
6.751
29.248
24.233
0.149
45.525
22.867
14.678
108.191
0.194
0.158
0.195
115.935
0.164
0.331
0.162
0.185
3.714
146.349
0.595
0.144
0.161
125.343
2.438
0.644
0.195
0.196
106.272
0.173
0.196
3.007
14.263
3.899
71.467
33.852
0.195
0.607
66.163
0.186
51.491
0.351
3.451
99.765
7.481
0.187
0.190
8.724
39.542
77.654
0.195
0.194
6.055
88.198
6.324
0.206
0.155
0.179
0.152
37.140
0.160
87.195
0.167
0.179
0.186
2.460
0.802
0.194
60.696
0.200
0.173
0.190
0.154
84.648
3.970
6.888
0.177
0.157
0.301
0.202
0.141
0.195
41.735
61.189
0.163
0.181
21.074
1.880
75.159
32.383
0.158
0.170
0.150
30.946
50.333
0.158
55.414
3.664
0.182
0.200
0.146
0.145
0.192
140.824
0.175
0.197
0.185
0.148
0.162
0.263
0.182
0.186
0.181
0.170
0.180
3.216
0.173
0.455
0.361
0.159
0.616
0.240
0.184
13.495
43.761
0.226
0.159
36.469
17.742
88.211
0.205
0.200
0.196
10.212
15.986
0.178
0.171
0.611
46.520
97.864
0.178
0.216
0.230
168.785
0.176
0.204
0.185
0.215
147.740
0.196
4.129
0.215
0.229
116.753
5.423
0.226
0.199
0.211
12.233
64.105
0.231
0.694
55.592
111.159
0.209
0.200
0.178
0.227
0.784
12.063
0.303
0.182
0.171
26.635
49.446
0.185
65.418
0.210
91.005
0.210
0.231
0.223
19.423
0.197
0.203
0.218
0.297
37.268
0.180
0.184
0.183
0.214
0.175
236.140
0.203
0.212
0.311
0.186
147.577
0.192
0.228
0.218
0.227
117.190
0.178
0.173
0.357
0.172
113.235
0.199
0.651
6.050
0.207
53.706
65.568
0.353
0.184
0.177
123.369
0.213
0.199
0.391
0.641
0.214
0.167
0.769
10.574
0.771
101.787
18.737
0.208
0.640
0.161
115.258
8.784
0.653
0.188
0.178
275.744
0.179
0.808
0.186
3.514
39.919
39.973
0.220
0.165
20.531
48.036
134.820
0.681
0.156
0.197
34.163
60.924
17.087
36.858
0.204
76.457
41.450
0.223
0.197
0.169
0.211
0.185
0.175
0.170
0.293
30.669
88.357
29.656
0.208
0.208
45.669
85.984
12.945
0.171
0.214
148.168
0.188
0.182
0.167
0.180
16.784
137.649
0.170
0.338
0.206
105.033
0.186
33.039
0.173
0.198
158.301
0.316
0.181
0.185
0.216
43.383
0.197
0.722
0.196
0.193
24.483
0.206
0.189
0.152
71.187
27.992
0.167
0.207
0.174
87.924
209.155
4.773
23.487
0.174
0.184
102.438
0.208
46.091
0.204
0.167
0.201
44.917
0.199
1.937
28.524
118.693
0.165
0.200
0.195
0.179
133.742
0.160
0.196
0.208
0.149
155.772
0.151
0.205
0.204
0.388
144.479
0.185
0.955
0.447
0.167
111.633
25.089
0.203
0.170
0.634
0.205
57.648
77.725
0.183
4.508
141.777
0.202
16.279
0.205
0.180
5.263
126.601
0.358
0.163
0.179
144.322
0.171
9.936
0.177
0.193
61.672
81.430
0.173
2.783
0.159
21.352
136.462
0.204
0.633
0.914
114.962
18.356
0.242
0.178
0.203
48.227
78.001
15.978
4.430
0.197
52.712
0.211
122.490
0.181
0.180
92.928
0.211
75.833
0.705
3.070
27.289
50.164
70.354
0.193
0.229
52.619
82.142
0.205
0.225
20.038
138.237
0.192
0.197
0.696
0.391
143.874
0.177
0.190
0.181
0.934
135.061
10.130
1.000
0.218
0.188
31.727
0.175
45.087
55.550
0.208
103.491
2.768
28.154
0.192
0.197
53.488
0.181
54.295
0.186
0.441
85.450
0.797
70.397
0.214
0.181
81.575
0.715
20.241
34.899
0.180
112.250
0.208
0.202
0.237
0.213
127.436
0.189
0.222
0.702
0.199
21.414
92.370
0.204
0.215
0.184
74.638
0.727
0.179
22.178
32.535
125.708
6.558
0.439
0.181
0.184
126.553
5.693
0.818
0.161
0.206
14.955
86.065
0.190
0.744
0.186
99.240
40.103
0.193
0.930
0.665
7.558
50.024
0.202
0.173
0.190
0.200
17.134
0.206
26.185
0.173
12.723
0.194
0.193
1.913
0.160
67.840
0.211
7.693
25.636
0.172
116.366
0.400
0.698
0.164
0.653
99.317
0.763
0.178
33.467
0.275
9.495
105.046
6.482
0.360
0.186
52.527
0.195
63.641
6.403
0.188
100.815
0.180
0.211
0.201
0.662
8.390
0.298
0.166
0.201
0.174
144.478
2.009
0.216
0.245
0.159
92.947
0.184
0.176
31.826
0.186
90.158
0.221
0.159
0.192
0.205
0.181
24.858
0.670
0.756
0.166
11.556
0.205
112.938
0.215
0.160
3.872
118.389
0.192
0.200
0.201
38.664
105.791
0.212
2.478
0.192
138.158
0.183
0.201
4.007
0.165
118.000
0.220
0.164
0.190
0.270
43.245
0.171
51.122
23.062
0.215
3.890
81.774
0.176
0.165
7.131
62.665
39.158
0.668
3.164
0.201
84.893
0.209
0.167
45.142
0.187
53.695
0.672
24.271
45.944
0.198
49.993
59.341
12.153
0.226
4.933
357.610
89.237
0.245
8.261
0.239
0.198
0.225
0.204
7.596
0.241
110.089
0.236
3.385
1.709
0.198
0.231
17.617
0.242
0.203
0.248
42.965
0.229
0.237
0.188
0.204
17.184
127.388
0.226
0.184
14.933
140.270
0.748
0.195
0.258
0.224
4.406
18.883
75.520
66.795
2.772
166.958
0.215
0.194
0.207
2.866
77.275
58.634
0.227
0.212
0.187
91.475
4.368
0.180
0.203
31.784
72.137
0.200
0.196
8.673
48.034
123.785
0.743
0.792
0.220
14.765
123.771
0.194
0.240
0.360
0.221
109.460
77.323
0.192
0.227
0.208
139.513
0.202
0.183
0.222
0.219
125.834
0.241
0.189
0.176
0.229
120.759
0.224
0.247
0.220
0.226
115.679
0.733
11.991
5.673
0.921
144.856
1.109
0.226
0.182
0.184
93.664
0.721
37.586
0.176
11.286
51.078
0.365
62.138
8.739
15.806
70.161
0.212
17.353
0.322
0.188
0.216
28.257
0.215
0.205
0.168
133.810
0.203
0.176
0.196
0.210
52.981
0.177
65.688
0.213
0.183
0.200
0.723
0.674
0.206
0.667
4.163
64.851
0.169
35.404
0.202
5.967
41.575
0.212
0.190
0.189
36.900
105.195
0.200
0.216
0.211
155.515
0.198
0.685
0.170
0.185
96.180
17.510
0.169
14.497
0.214
29.772
46.981
44.277
0.181
9.383
101.673
0.224
0.308
0.169
0.181
30.764
0.218
0.223
0.417
0.180
0.681
0.784
0.191
0.698
2.730
0.181
0.193
0.209
0.172
0.173
103.737
0.203
2.014
0.484
0.690
30.008
80.347
0.179
1.752
21.141
110.352
0.187
0.350
0.213
0.200
122.855
0.223
0.682
0.824
0.173
16.656
66.048
0.181
0.212
1.581
138.807
0.229
0.344
0.183
0.172
6.838
0.341
104.779
0.209
0.874
62.981
33.708
0.688
0.177
0.341
28.058
4.056
21.281
0.519
0.230
59.214
91.806
0.186
0.877
0.167
122.136
0.210
5.916
0.192
22.514
165.453
1.323
0.206
0.181
0.201
79.450
0.213
0.202
42.398
0.693
14.312
0.212
0.168
0.197
0.203
172.080
0.247
0.248
0.410
0.201
65.483
0.198
81.976
0.226
0.260
112.097
0.220
0.212
35.822
0.249
73.678
30.508
76.825
0.220
4.500
0.222
0.232
0.226
0.777
0.243
72.958
37.925
82.635
0.202
0.202
61.443
99.608
0.195
0.250
0.247
14.420
0.225
0.245
59.048
0.366
0.218
7.298
29.494
0.445
11.463
62.496
0.210
0.220
107.858
0.217
0.244
0.209
0.226
1.196
0.204
170.363
0.190
0.331
0.191
0.225
6.299
47.988
0.218
62.286
44.840
0.203
8.771
0.244
0.247
0.244
80.316
0.232
0.249
0.763
96.457
140.300
52.425
0.232
0.185
0.240
32.387
77.828
0.204
39.554
5.912
71.979
99.798
0.227
0.188
0.243
214.149
1.030
0.205
0.214
0.184
144.921
0.691
0.361
1.046
13.632
104.550
0.226
0.181
0.210
0.199
122.812
0.189
0.192
4.460
0.205
51.626
25.613
0.981
0.184
0.223
102.873
38.351
41.116
0.184
0.176
90.738
0.404
0.223
86.895
13.227
95.502
77.480
20.689
0.178
0.368
146.144
28.174
0.226
0.196
3.648
102.310
0.226
24.510
0.221
49.478
5.218
81.145
0.198
52.522
0.869
0.280
0.168
0.231
0.195
0.209
46.047
13.482
0.323
0.230
0.186
27.940
6.730
57.988
0.198
0.219
112.554
0.208
0.203
40.386
0.213
0.226
2.794
0.209
0.203
0.214
105.613
26.273
0.189
23.826
0.191
0.170
0.189
5.085
61.733
90.749
149.954
0.210
0.181
0.199
0.204
142.311
0.190
0.721
0.203
9.051
119.057
0.188
49.011
0.228
0.225
144.674
0.185
0.872
0.203
0.724
153.108
0.294
4.327
0.191
0.228
84.226
0.183
0.357
0.211
0.225
0.220
41.313
0.232
0.178
0.219
40.649
55.421
0.180
0.201
0.225
48.058
0.230
0.213
39.443
55.651
176.211
0.259
0.245
0.338
0.930
173.102
8.068
4.648
0.248
0.390
0.235
0.908
0.213
0.224
0.206
0.786
9.851
0.205
0.265
0.233
182.513
0.201
0.339
2.581
0.361
197.565
12.668
0.245
0.197
0.231
65.337
44.675
51.499
0.226
0.204
178.339
0.247
0.870
0.234
0.192
41.922
125.782
0.194
0.225
0.214
152.476
0.234
15.387
0.238
1.919
144.178
0.192
0.210
1.773
0.253
0.229
0.210
0.333
0.245
0.199
0.282
0.230
0.210
14.704
0.207
118.485
0.191
0.242
0.232
0.201
128.709
0.421
0.258
0.210
0.250
132.840
20.267
0.783
36.852
0.231
0.203
0.190
0.200
0.218
0.327
136.718
0.237
44.867
0.233
18.849
0.239
0.211
0.190
0.345
0.359
23.340
57.054
79.608
0.383
0.200
142.344
0.251
0.227
0.225
10.316
51.201
0.215
45.858
12.158
0.884
0.201
0.232
0.862
0.213
6.896
1.183
16.457
122.857
0.228
0.203
153.116
0.198
7.551
0.190
0.227
132.410
8.794
19.314
0.265
0.183
123.353
0.356
0.237
24.059
0.239
0.905
0.240
14.958
0.198
0.207
64.456
17.069
0.232
35.261
0.231
0.763
27.323
0.206
0.215
0.225
131.559
0.398
12.167
3.398
0.199
20.895
78.347
0.199
0.189
0.240
122.910
0.208
0.228
0.218
0.297
0.213
0.738
0.207
0.183
0.189
22.371
0.226
0.193
0.741
0.205
60.911
0.747
72.011
0.347
0.182
129.849
0.220
5.466
7.904
0.239
24.784
0.185
86.124
43.674
1.887
84.582
0.420
7.625
46.495
0.203
65.659
61.422
0.236
0.177
0.217
61.815
4.702
39.066
35.231
0.218
100.349
0.190
18.230
0.201
0.211
133.717
0.219
0.237
0.242
0.245
10.162
6.028
79.180
0.253
0.202
0.740
28.779
0.244
12.696
0.194
56.455
34.370
0.216
0.206
37.156
127.008
5.360
0.189
6.899
0.196
170.461
0.211
0.739
3.088
0.198
68.305
83.371
0.264
0.232
0.264
51.100
0.258
99.873
0.262
0.244
51.931
67.920
15.106
0.257
0.248
147.633
0.257
0.221
1.001
0.233
181.585
0.232
4.405
0.216
0.224
38.944
0.262
150.532
0.242
0.224
60.751
88.397
0.236
11.061
0.250
37.635
29.111
0.223
11.160
58.536
0.400
0.233
0.791
7.558
0.226
13.939
151.812
0.203
0.253
0.202
159.743
0.206
0.218
1.121
0.232
25.890
2.440
91.771
0.263
0.244
101.155
51.688
0.376
0.210
0.201
98.324
0.259
0.226
35.168
0.227
110.992
0.260
30.518
0.205
0.430
23.107
0.246
144.857
0.202
0.214
85.412
0.205
0.441
70.084
0.248
150.175
2.219
0.194
0.227
0.205
91.145
0.241
92.175
0.241
0.181
173.331
0.246
0.210
0.210
0.536
20.008
30.878
118.010
0.228
0.185
154.862
0.202
2.311
0.240
0.201
151.096
1.061
0.217
6.470
0.208
129.164
33.254
5.295
0.198
0.235
116.321
0.363
0.196
0.223
0.238
26.642
0.194
0.229
0.942
0.753
0.194
0.867
0.220
0.238
0.211
0.229
0.219
0.251
0.226
0.191
65.485
79.389
0.188
0.231
0.209
61.474
0.375
0.208
60.912
27.533
121.152
9.736
0.240
0.408
0.220
5.543
35.261
0.237
0.203
7.700
97.944
0.237
0.197
0.189
0.374
149.369
0.377
0.198
0.755
0.204
13.503
139.058
0.194
0.239
0.213
15.963
0.915
0.241
0.205
0.186
24.316
0.199
0.207
11.698
0.188
59.146
53.505
0.239
0.192
16.886
89.080
0.188
45.127
8.550
0.209
50.121
24.034
0.236
0.220
52.187
93.916
67.251
0.192
0.203
0.393
127.822
10.916
0.200
0.217
0.221
183.710
0.262
16.701
0.192
0.193
169.691
0.275
0.229
0.244
0.212
23.168
159.838
6.237
0.271
0.464
58.088
0.397
0.271
0.834
0.819
172.190
0.263
0.229
0.248
0.234
0.827
35.648
90.127
0.260
0.265
39.585
0.222
34.307
0.271
0.272
150.444
0.273
0.224
0.275
2.642
115.561
0.242
57.967
0.220
0.221
120.930
0.254
0.251
0.254
27.401
5.370
42.850
0.231
36.836
87.826
141.936
35.536
0.214
0.402
7.662
151.015
0.824
18.018
19.379
0.243
193.165
0.213
0.239
0.221
0.241
162.859
101.072
0.203
55.477
1.608
0.263
0.271
0.216
0.203
0.390
33.610
73.660
85.174
0.217
0.253
0.198
50.678
0.215
2.649
0.216
0.253
0.240
0.355
0.239
0.246
0.381
231.860
0.225
0.358
0.924
159.541
31.170
49.751
2.663
0.260
252.166
0.496
0.275
0.949
0.233
113.532
0.281
92.750
0.244
74.591
90.312
136.761
0.248
0.222
0.859
245.933
0.373
0.195
0.209
0.225
0.223
0.255
0.215
0.220
0.239
124.004
0.261
106.525
2.711
0.203
41.291
184.443
0.196
2.654
0.544
99.671
0.239
0.234
121.312
0.425
216.214
0.271
18.381
0.231
10.186
223.848
0.210
0.213
0.201
17.994
216.261
0.244
0.383
11.426
0.226
188.013
91.380
0.256
0.213
0.899
411.689
0.544
0.767
0.328
0.198
281.736
0.234
0.511
7.225
0.222
144.273
0.257
189.720
0.229
3.664
124.223
181.442
0.262
0.235
0.254
304.457
1.058
0.213
0.210
0.215
0.257
326.126
0.253
0.252
0.952
263.096
0.924
8.508
0.352
0.248
0.259
0.227
0.218
0.415
0.264
51.524
174.463
0.278
0.260
0.295
177.243
0.246
29.086
0.309
0.242
83.686
141.169
0.240
0.878
0.912
0.924
0.932
0.215
0.251
0.373
181.654
0.279
54.416
0.236
0.358
187.743
0.249
33.753
0.215
0.216
304.044
0.204
0.255
0.373
0.200
169.145
0.234
86.382
0.319
0.200
0.216
0.227
0.823
0.197
11.146
186.892
0.201
0.229
152.834
0.258
0.257
115.746
0.214
94.457
116.872
210.706
0.291
0.205
0.251
0.230
20.252
0.849
0.217
0.237
0.248
247.400
0.385
0.215
29.397
0.206
32.909
0.220
85.836
3.207
0.267
0.244
34.142
0.241
0.231
0.215
67.585
5.256
32.999
19.134
96.723
68.461
165.271
0.220
0.242
0.353
223.313
11.798
0.902
0.789
0.871
63.348
0.237
0.241
208.373
0.236
83.197
0.248
0.384
0.223
194.373
200.298
0.269
0.201
5.716
0.218
217.410
0.497
0.271
21.370
0.338
226.282
1.412
28.927
0.252
65.076
298.739
0.233
0.271
0.296
0.211
275.766
0.268
0.490
0.842
0.325
8.955
0.209
0.258
0.937
0.207
0.425
0.204
0.261
0.254
0.298
168.422
7.064
0.276
112.258
0.270
267.092
0.872
20.399
0.448
0.824
177.774
61.542
0.257
0.217
0.277
281.775
0.242
0.458
0.246
0.267
6.523
10.004
0.252
271.300
0.242
100.347
218.670
0.361
0.226
0.897
133.494
122.008
4.959
0.222
0.236
107.851
23.822
76.475
0.235
0.258
0.229
0.211
70.129
3.705
0.224
279.471
0.343
0.259
0.270
33.706
253.805
0.238
0.296
44.424
0.275
158.446
93.624
0.221
0.273
0.263
99.622
103.748
0.257
0.256
32.846
225.884
0.209
0.212
0.232
0.245
118.664
125.874
0.210
0.255
0.234
181.281
7.453
13.698
0.226
0.205
5.461
0.224
0.905
0.212
0.242
0.350
0.233
53.219
0.248
0.404
0.958
0.215
2.666
0.220
0.248
65.060
121.020
63.271
0.918
0.259
208.776
0.213
1.076
44.059
4.429
7.491
144.076
0.250
91.368
0.377
261.892
6.403
0.240
0.209
0.244
100.604
95.755
52.863
0.321
0.255
217.528
0.258
0.517
0.293
0.260
204.230
0.266
42.057
0.278
0.999
309.438
0.248
0.255
0.370
0.269
196.866
72.986
0.509
0.271
0.271
250.239
0.251
0.256
0.566
71.439
296.840
0.259
0.241
0.282
0.230
47.065
109.198
0.245
6.215
164.266
99.772
202.332
0.363
0.270
0.235
181.012
90.013
0.233
0.276
0.257
0.234
0.248
0.283
13.131
0.247
127.316
74.965
0.239
59.689
0.232
220.302
0.322
0.249
13.996
5.025
259.429
0.293
0.217
0.246
0.209
58.466
63.316
127.962
0.239
0.224
121.595
102.866
0.273
0.213
0.301
57.526
21.207
8.477
126.547
0.274
8.476
0.829
0.383
36.816
0.276
27.027
228.384
0.217
0.238
1.014
257.172
0.206
0.957
0.294
0.256
85.014
0.210
110.739
0.258
0.224
209.339
7.471
5.966
0.275
0.242
92.753
85.784
0.561
6.372
0.260
0.275
0.213
0.241
41.317
0.474
48.575
33.955
171.912
12.707
0.224
34.972
22.771
221.099
0.242
0.221
89.554
137.196
0.228
0.320
0.265
0.244
0.825
0.300
0.252
0.851
0.385
0.211
0.229
0.229
14.620
0.231
0.254
0.232
0.310
0.219
150.092
0.266
99.617
0.959
16.296
293.728
0.267
7.343
0.347
0.278
226.241
47.340
0.442
0.885
36.811
212.344
63.128
0.259
0.274
19.722
183.865
29.316
0.241
0.362
0.293
265.994
0.234
0.275
0.344
0.273
90.685
152.872
28.384
0.509
0.284
134.833
130.177
0.429
0.898
0.365
72.233
76.831
0.240
32.219
57.203
88.170
69.037
108.116
0.586
0.263
250.877
0.220
0.270
0.258
0.267
60.876
123.476
0.607
0.226
0.240
283.575
0.261
0.453
0.263
0.280
49.247
6.093
31.877
110.976
0.250
21.541
1.628
0.271
0.407
2.816
230.171
0.281
0.249
0.263
0.371
200.408
0.288
0.254
0.270
1.089
0.227
36.904
18.917
1.289
0.235
0.235
0.244
0.228
0.261
0.878
48.239
184.850
22.198
0.433
0.275
219.084
1.023
0.201
1.999
1.039
225.335
0.285
0.297
0.213
20.248
222.904
0.942
0.211
0.303
0.847
9.719
79.659
74.340
47.788
11.935
83.017
0.221
0.228
156.675
0.244
65.983
116.306
0.240
0.258
0.271
0.201
0.244
57.288
14.551
0.227
226.826
0.285
6.287
0.279
0.216
99.163
0.270
133.134
0.572
0.935
233.272
0.240
0.983
0.271
0.284
194.987
0.220
34.163
0.381
0.229
0.213
24.761
196.995
45.200
0.233
23.294
171.567
4.133
0.273
0.379
271.043
3.040
0.258
0.315
28.657
263.212
3.509
0.922
0.283
0.292
179.363
0.279
0.260
0.340
67.725
39.456
120.922
82.525
0.265
0.223
186.943
0.563
0.262
0.275
0.273
193.662
0.477
0.287
0.266
0.255
90.534
0.291
115.302
0.604
0.280
108.051
0.233
0.225
82.948
46.559
215.553
0.258
10.717
7.114
0.247
193.498
0.271
27.502
1.110
0.849
164.469
0.427
0.267
0.276
0.229
77.405
109.941
0.242
0.241
0.254
111.760
0.254
0.216
0.227
27.274
244.217
0.226
0.260
0.254
0.363
205.017
0.349
0.226
0.278
0.263
200.374
0.255
0.284
60.169
0.266
213.133
0.255
1.032
14.566
0.248
33.532
232.233
0.229
0.271
0.973
250.369
2.737
0.324
0.224
0.277
115.150
0.941
0.219
0.215
0.270
189.982
0.249
1.135
0.963
0.263
205.589
0.328
0.262
0.233
37.765
248.908
0.307
14.644
0.264
0.382
104.263
144.652
0.243
0.271
0.297
43.832
179.682
32.286
1.064
0.299
225.400
0.297
60.619
0.310
0.563
81.344
61.255
10.110
86.440
0.232
0.248
0.240
13.014
0.267
0.366
34.040
195.563
0.257
0.267
0.425
165.608
83.314
0.451
0.264
1.159
264.359
0.258
1.018
0.336
0.235
150.966
55.032
0.384
62.638
0.240
166.038
0.308
0.307
0.241
95.576
238.553
12.571
0.236
0.328
6.736
312.004
13.320
0.284
0.304
0.232
37.330
0.279
227.325
0.401
0.262
48.211
50.569
0.484
0.237
0.299
0.252
0.235
147.159
0.303
0.977
16.486
133.969
67.092
2.387
0.242
177.718
0.251
0.236
54.412
0.270
170.758
39.059
0.219
0.241
0.267
240.995
0.232
0.295
0.250
8.374
245.092
1.033
0.263
0.263
0.229
197.097
0.901
0.264
0.232
0.273
48.137
126.751
0.291
1.044
0.284
28.698
54.129
122.133
0.271
0.513
0.276
0.885
12.483
3.478
0.253
166.373
28.346
0.309
0.250
0.291
127.581
0.271
0.226
0.231
0.271
0.285
12.756
0.241
0.253
49.706
19.122
57.659
169.497
0.334
0.271
181.913
0.314
0.436
0.297
0.253
0.264
29.183
0.481
12.807
0.299
236.976
0.243
0.976
26.923
0.974
205.054
12.113
26.906
0.258
0.299
42.518
102.895
0.333
0.261
110.431
32.834
47.780
0.271
161.072
2.666
229.298
0.291
0.292
0.321
0.308
127.460
71.524
0.257
0.257
0.236
189.325
0.302
0.393
0.290
0.971
7.045
0.319
0.933
0.324
0.229
203.203
0.292
0.947
0.277
1.100
162.508
0.280
54.152
0.251
22.367
34.901
175.569
0.303
0.248
0.230
115.108
99.083
0.252
11.142
0.225
185.213
17.811
2.185
0.228
0.240
206.481
0.243
0.251
0.224
0.264
134.592
0.228
80.343
29.162
0.504
46.808
6.771
125.414
2.957
0.239
0.277
0.218
0.246
30.725
31.627
0.267
0.483
0.235
0.245
0.453
0.226
0.248
0.284
0.401
8.967
1.138
1.049
123.554
0.275
128.399
230.064
0.241
0.304
0.229
0.226
198.751
38.583
0.268
0.457
0.266
165.735
0.229
62.845
1.074
0.291
0.892
151.787
76.305
0.236
2.638
0.931
0.902
0.259
0.228
0.945
68.874
0.285
0.902
156.308
0.257
137.899
0.228
81.727
0.404
0.272
242.463
0.259
0.257
0.295
0.276
13.541
237.167
0.330
0.313
0.304
32.617
50.466
0.311
0.256
0.358
0.256
116.172
1.026
0.243
146.714
182.287
1.408
81.546
0.335
0.271
115.839
0.302
92.982
0.337
0.269
226.063
0.681
8.736
0.978
1.124
0.352
0.303
0.242
0.963
0.970
14.194
243.067
0.331
0.271
0.302
233.219
6.795
0.269
1.133
0.287
28.481
70.709
53.736
0.245
0.241
0.261
0.297
0.283
53.352
15.755
220.593
0.382
0.233
0.233
0.946
65.988
25.871
0.283
0.309
70.297
164.378
0.430
0.261
54.245
0.266
225.672
0.292
5.960
0.242
0.276
221.674
0.295
0.271
0.966
0.293
247.128
0.237
0.251
0.254
2.386
149.266
0.464
37.363
0.290
0.238
62.092
132.566
27.828
0.286
0.283
249.719
0.268
0.417
0.392
0.353
206.007
0.271
0.250
0.306
0.311
0.303
0.897
1.038
0.924
0.270
0.241
18.632
0.272
0.276
0.260
81.038
0.231
19.294
0.263
98.604
6.600
21.029
86.905
0.282
1.758
111.061
108.695
13.197
0.234
0.227
205.099
0.268
13.905
0.228
0.284
225.075
0.231
0.932
0.232
0.271
0.272
0.231
0.249
0.345
0.266
485.772
136.554
7.401
0.338
38.705
263.374
10.198
0.271
0.253
0.300
0.261
0.320
0.267
1.022
0.367
210.255
0.312
0.315
0.520
0.328
175.099
0.464
92.253
20.734
0.314
1.138
0.286
0.291
0.256
1.024
189.872
100.482
0.270
0.284
0.274
147.936
34.810
0.258
0.419
132.333
286.466
1.132
0.249
0.679
0.264
0.324
0.266
0.269
2.002
0.274
174.538
0.302
5.449
0.269
3.643
50.861
0.257
0.254
0.427
0.259
223.739
11.266
1.070
0.266
0.248
154.773
0.301
66.823
0.297
0.279
194.821
0.267
34.302
0.308
0.226
235.256
0.274
0.302
0.996
0.288
245.018
1.129
0.249
0.947
0.404
155.168
65.118
0.263
0.277
0.271
142.338
100.482
0.235
0.270
0.271
306.827
0.439
0.274
0.305
0.280
0.286
0.934
0.229
0.233
0.263
84.530
99.177
0.271
0.460
0.279
8.840
32.863
105.832
0.932
46.123
187.099
24.553
5.959
0.240
0.274
63.378
156.162
0.303
0.233
1.240
148.407
0.235
0.273
0.238
0.352
133.385
66.534
22.936
0.309
0.237
42.011
54.669
0.275
87.177
0.252
7.821
263.475
0.273
0.256
1.244
62.301
167.535
0.297
34.376
0.297
130.571
66.281
70.604
0.340
0.359
150.970
24.807
0.360
0.318
48.945
228.512
0.527
1.043
0.322
0.274
33.064
0.262
90.715
0.247
91.579
26.239
0.260
185.655
0.321
0.314
100.219
60.107
26.625
0.282
41.312
224.010
0.245
0.305
0.505
0.269
228.857
0.288
0.301
0.237
0.304
251.663
0.245
0.265
0.496
0.307
94.348
130.314
1.073
0.311
0.239
0.257
7.209
81.546
0.273
149.217
203.709
0.298
0.298
0.282
0.296
116.386
0.259
0.272
0.247
0.273
100.996
0.285
37.398
0.254
0.300
232.143
0.315
0.279
0.264
0.302
163.310
0.323
0.286
0.287
0.246
215.994
30.874
2.059
0.290
0.251
186.223
0.281
0.544
0.237
0.289
239.682
0.961
0.304
0.282
0.284
103.435
0.245
0.264
0.250
101.560
164.393
0.618
1.115
0.235
0.308
126.757
0.612
0.271
0.234
0.274
81.122
32.607
0.251
0.270
101.281
129.796
96.285
0.299
0.297
0.243
0.269
0.268
0.286
0.398
46.280
252.893
2.516
19.539
0.265
0.329
251.008
0.273
1.123
0.265
0.293
157.306
0.295
0.279
34.054
26.805
175.316
0.316
117.318
0.287
1.066
243.606
0.290
0.333
0.314
0.355
22.020
84.865
136.602
10.267
0.321
26.246
139.077
40.069
0.327
33.081
1.192
12.063
0.311
0.273
21.682
28.924
99.641
0.346
85.727
0.263
104.855
130.323
0.334
0.286
0.312
5.974
273.885
0.334
0.265
0.244
226.258
0.346
0.313
0.266
0.262
0.555
241.056
0.315
0.254
0.297
10.475
200.293
0.305
0.256
0.274
11.845
86.007
79.093
0.320
0.267
8.706
0.407
0.310
0.310
0.960
108.822
34.786
48.080
0.421
39.020
0.255
16.430
0.265
0.291
0.307
141.861
0.280
0.486
0.252
0.263
138.344
28.156
0.244
0.301
0.316
0.299
0.406
0.295
0.316
32.186
49.582
0.965
64.550
0.271
85.506
0.280
0.305
13.863
0.247
1.137
52.799
180.277
0.300
1.062
0.301
36.172
29.197
58.392
15.602
70.920
151.486
74.418
0.554
0.248
0.253
63.359
153.725
0.970
0.415
0.300
81.748
80.183
0.248
0.313
37.654
0.970
0.286
0.306
0.260
0.279
243.135
0.364
0.298
0.312
0.458
1.119
0.264
0.281
7.312
1.346
201.256
0.312
0.308
0.329
0.516
21.147
225.488
0.298
0.349
0.265
275.342
0.293
0.295
0.329
0.335
120.448
0.277
131.110
0.297
0.285
17.201
219.699
0.311
22.012
44.759
292.186
0.314
0.273
2.384
0.350
256.132
0.293
2.565
0.290
0.291
6.602
114.355
42.007
0.306
0.284
34.628
176.089
0.327
122.371
0.344
278.824
0.319
3.574
0.290
0.320
255.946
0.306
0.283
0.289
0.350
0.300
16.211
0.488
0.298
0.320
229.431
88.716
0.335
0.311
0.298
100.389
168.572
0.361
0.259
0.989
145.045
0.294
0.406
43.371
0.493
0.447
0.307
8.234
0.262
0.269
0.315
0.295
0.269
0.268
0.249
51.171
0.487
0.251
200.132
0.263
220.027
0.283
0.251
0.408
28.005
258.251
0.265
0.321
0.272
1.087
208.285
0.311
0.285
0.457
18.195
0.297
0.256
0.310
0.347
0.967
114.122
139.492
0.282
0.285
0.303
139.140
107.028
0.257
0.258
0.541
0.283
0.311
0.412
0.280
0.253
105.336
0.358
65.375
72.941
0.286
205.403
40.745
0.275
0.586
0.284
0.297
0.275
0.340
7.254
1.190
243.733
0.499
0.285
0.266
0.342
291.508
1.288
50.118
0.343
3.145
276.141
0.259
0.321
1.174
0.294
272.739
0.253
0.999
0.277
0.271
11.214
0.273
123.525
141.626
0.257
0.271
0.275
0.292
0.269
0.309
10.809
170.333
0.294
18.140
0.343
0.305
0.311
25.331
47.639
0.258
262.709
0.273
0.380
0.282
0.301
0.316
45.820
0.645
0.312
0.240
121.199
67.606
11.361
4.125
5.997
0.303
0.290
0.316
0.239
58.235
68.802
0.294
181.810
2.225
0.331
111.405
147.210
0.305
0.297
11.236
1.101
0.251
0.297
0.248
0.318
19.048
2.445
219.026
0.255
0.302
115.143
106.201
0.317
0.248
0.316
8.217
33.376
0.246
30.777
178.331
0.252
0.996
1.100
0.993
0.290
87.869
161.849
6.559
0.312
0.286
202.538
0.278
1.234
0.239
0.299
244.673
0.273
0.264
0.246
0.302
8.945
0.535
17.273
0.271
0.330
250.729
0.296
2.087
0.315
0.328
40.440
59.757
0.303
8.380
0.295
0.434
122.855
1.046
0.316
0.430
215.318
0.303
3.816
0.312
5.548
0.310
183.544
98.984
0.274
0.350
169.808
0.452
0.319
99.511
1.116
0.308
0.292
0.340
0.533
0.496
215.477
0.276
0.458
0.261
0.333
193.309
0.318
0.332
0.300
0.397
10.160
236.118
0.274
0.288
0.286
237.780
2.260
1.104
1.040
0.305
237.639
2.499
40.314
1.078
1.020
65.436
0.263
0.275
0.482
0.340
0.297
0.280
49.508
0.337
0.340
227.964
0.302
0.285
0.293
0.319
0.484
0.302
0.343
58.326
0.316
201.955
71.406
1.069
0.325
25.985
162.887
1.084
0.283
32.639
0.290
169.165
25.354
63.897
0.559
0.279
24.297
169.853
0.558
0.316
38.167
176.001
33.513
0.266
0.286
46.707
259.766
0.281
0.328
0.281
0.275
228.140
0.257
0.314
0.281
4.043
168.608
0.319
0.288
0.362
0.251
0.287
0.303
0.333
0.419
2.202
0.318
0.264
0.387
0.252
0.304
238.789
7.081
0.484
0.264
0.320
24.507
58.568
139.590
122.854
0.479
44.146
86.822
5.394
0.323
31.279
158.482
103.226
1.105
4.613
7.276
184.540
0.327
0.300
0.333
0.291
30.545
0.275
5.079
0.280
0.275
0.266
0.314
1.048
0.267
0.258
118.479
114.739
1.051
0.418
0.293
1.639
45.656
0.278
37.187
0.416
0.304
153.983
0.311
0.363
0.316
165.386
0.319
0.325
78.016
0.310
57.364
74.541
38.175
0.282
70.639
263.168
0.315
0.308
1.338
0.354
120.071
0.327
0.541
117.810
10.544
203.069
39.464
0.352
1.255
28.926
1.073
139.280
27.138
0.747
1.128
141.176
0.321
0.306
177.561
0.331
155.658
0.351
0.312
105.686
0.296
327.987
4.999
1.461
21.627
0.314
293.831
0.286
0.308
0.316
0.460
211.113
0.274
0.314
1.103
0.318
0.266
0.315
4.342
59.576
0.313
199.363
0.304
125.429
0.324
0.470
31.425
156.358
0.345
0.276
80.260
291.869
0.433
0.262
1.043
0.326
127.207
86.738
2.029
74.192
1.121
0.252
19.405
0.325
0.331
7.270
239.798
0.303
0.266
0.324
0.274
55.836
22.948
125.249
0.319
0.306
252.642
0.272
0.300
0.279
1.223
1.086
20.236
4.236
0.280
32.519
14.015
258.175
21.491
0.258
0.273
208.234
1.037
0.484
0.265
66.222
195.074
0.325
0.277
35.190
31.501
230.035
0.297
0.301
0.365
0.274
0.316
0.402
0.303
0.323
54.693
1.090
0.460
0.328
11.202
14.291
106.007
0.333
0.282
141.556
0.290
53.135
0.349
53.548
112.907
0.271
0.350
0.284
70.563
0.312
0.336
264.504
0.308
0.316
0.275
0.318
0.269
83.980
0.304
143.036
24.426
194.399
52.534
12.574
0.310
16.218
159.688
1.092
76.512
0.285
26.653
0.270
0.340
18.786
0.313
1.281
237.760
0.312
26.900
0.983
0.258
155.518
0.543
25.076
52.015
0.263
248.950
0.343
0.301
0.337
0.268
31.437
199.395
0.276
0.352
0.334
0.269
0.301
0.300
0.259
0.255
219.123
17.320
0.278
0.329
1.058
194.695
0.288
0.261
1.249
0.297
39.095
246.061
0.341
0.308
0.315
229.848
1.070
0.374
0.269
0.339
159.958
60.105
0.325
13.589
0.316
298.489
0.455
1.064
0.273
0.284
70.749
201.273
0.347
0.263
0.342
203.429
41.487
1.894
0.271
0.288
1.053
0.361
0.279
0.287
0.293
100.276
44.990
0.285
65.928
30.411
260.666
0.307
0.294
0.303
1.349
0.434
0.372
0.306
13.365
0.314
227.080
0.315
53.370
0.318
0.320
139.140
109.418
11.564
0.292
9.051
69.274
0.348
0.289
180.530
0.329
116.959
0.331
0.524
163.969
0.327
111.849
57.003
104.657
0.352
0.299
261.348
6.932
0.289
4.337
0.477
250.279
0.324
10.693
0.345
16.588
199.474
0.312
1.240
0.358
66.584
1.115
12.010
184.702
0.279
1.085
0.493
0.335
27.230
48.243
0.516
200.660
0.281
1.270
0.299
0.262
242.056
0.277
1.238
9.636
0.307
256.530
0.327
1.068
0.297
0.445
256.120
0.269
0.264
0.298
8.352
0.323
2.415
0.321
27.707
0.271
254.124
0.458
0.328
0.277
0.311
1.150
0.285
0.295
0.327
0.385
182.532
1.091
71.419
0.270
50.001
175.607
0.299
0.324
50.687
2.974
260.845
0.298
1.069
0.256
0.500
132.898
0.346
5.520
0.283
22.280
236.070
0.522
0.322
0.270
0.757
67.817
42.898
0.316
11.449
0.271
1.085
0.275
62.103
0.307
1.067
0.330
0.342
0.303
0.335
0.345
209.683
0.339
0.298
2.336
21.475
4.994
32.670
0.544
1.186
0.385
0.286
268.675
0.328
0.302
0.549
260.698
0.659
0.331
0.302
5.092
297.267
0.374
0.434
0.310
0.372
75.676
2.294
196.432
0.302
0.329
248.556
2.978
0.336
0.348
0.492
247.223
1.136
48.620
1.121
0.279
1.975
116.495
69.534
69.307
30.608
179.263
0.300
19.480
1.120
67.868
89.272
145.768
0.297
2.178
0.274
202.665
0.322
0.338
0.510
0.274
0.328
0.268
0.289
0.426
59.929
0.411
0.495
0.394
29.666
0.300
246.379
0.306
1.075
0.268
0.506
0.337
0.343
1.261
0.330
1.337
0.294
0.489
0.318
1.081
0.325
248.525
17.743
0.293
2.656
0.337
0.290
0.454
0.284
1.091
1.226
266.964
0.303
0.280
0.356
1.181
0.281
1.117
0.343
0.326
1.078
254.298
0.270
0.353
0.298
0.281
161.900
34.391
27.052
51.589
0.297
256.132
0.341
0.354
0.295
30.420
260.793
0.284
0.301
0.305
0.331
171.934
27.646
21.780
11.791
0.305
0.266
2.622
2.985
0.306
0.321
34.324
206.140
0.339
0.412
0.315
83.689
0.308
164.889
0.358
0.327
240.656
16.747
0.375
0.362
0.444
291.219
0.290
0.335
0.314
0.352
288.440
0.364
0.587
0.332
0.333
0.378
0.292
0.407
0.362
0.293
0.326
1.197
26.392
0.374
1.360
2.076
50.436
50.654
0.366
184.055
1.853
62.635
178.897
0.331
0.327
156.069
0.306
110.870
0.381
0.303
251.488
0.448
0.295
12.715
1.160
292.989
0.583
1.101
0.273
0.323
52.990
202.453
0.305
0.300
0.464
0.321
0.293
70.516
0.328
0.331
364.849
0.317
0.347
0.326
0.338
54.736
263.060
1.070
0.273
0.407
318.905
0.289
0.364
0.282
0.297
64.245
0.496
0.267
254.607
0.315
194.963
128.369
0.286
1.378
1.105
22.083
287.107
0.365
0.298
0.305
98.977
0.313
21.689
175.569
0.305
69.495
0.294
209.387
0.325
13.728
135.623
0.366
139.646
0.368
0.343
177.161
107.942
1.213
20.098
0.300
144.098
103.729
0.348
0.322
27.539
285.024
0.304
0.309
1.197
1.328
8.792
285.523
0.357
0.608
0.376
99.354
176.781
0.312
0.530
0.302
0.316
1.318
11.719
0.359
0.303
22.163
169.387
83.942
0.306
0.279
187.418
0.290
0.749
0.290
86.785
1.651
75.674
160.709
0.305
49.254
8.386
4.567
242.154
0.346
0.350
120.681
136.824
0.349
0.309
0.349
0.458
6.875
0.283
12.645
0.527
265.166
15.239
0.308
0.321
0.344
13.944
272.649
0.309
0.301
0.324
84.992
0.582
36.882
99.175
0.303
5.240
109.925
0.441
111.067
0.302
85.843
74.485
1.201
55.839
27.357
252.653
20.652
0.282
0.362
0.343
105.236
0.318
4.701
0.469
40.593
43.568
39.692
184.341
0.303
0.311
0.321
0.331
0.308
0.463
15.303
24.444
51.024
0.316
195.139
0.281
21.421
0.346
226.255
73.652
0.365
160.440
122.534
0.335
0.316
0.304
251.129
0.354
0.376
0.324
0.572
208.462
124.231
0.355
0.360
1.257
113.956
93.016
68.632
0.295
1.230
316.068
1.292
0.328
0.357
0.370
118.840
0.359
130.754
0.346
48.943
82.538
0.372
201.486
0.365
0.343
240.648
0.278
0.302
30.783
0.294
265.605
0.542
0.321
9.614
0.339
0.315
0.362
0.300
7.781
0.326
238.885
0.312
0.288
0.295
0.356
211.831
26.205
0.572
0.294
0.301
255.474
1.151
0.309
0.450
96.020
24.901
111.792
145.379
0.349
1.103
300.733
0.314
0.290
0.366
0.360
271.620
0.450
0.318
0.295
0.316
133.655
119.562
0.277
0.273
19.447
59.756
191.511
0.316
0.273
0.299
0.294
18.426
0.292
0.499
0.313
119.250
85.286
0.429
0.297
4.622
12.234
15.742
56.904
178.903
1.421
293.457
0.337
0.329
1.403
0.329
195.327
0.343
15.404
0.394
0.397
321.603
0.341
0.366
0.310
0.533
284.853
26.306
0.330
1.215
10.891
250.889
0.299
0.312
0.397
106.208
281.052
0.351
0.340
0.386
0.299
344.489
0.349
30.299
32.098
0.318
360.024
0.323
0.320
0.400
0.306
302.770
0.339
0.339
0.377
1.347
269.694
0.307
0.331
0.332
0.435
70.317
185.388
1.249
35.632
0.532
258.390
69.402
0.329
0.319
0.325
286.908
0.492
0.336
0.347
0.361
288.683
0.362
0.322
0.521
0.280
59.981
197.433
28.337
0.346
0.307
245.000
0.290
0.319
0.359
5.851
231.511
0.300
1.147
0.419
0.292
344.251
0.410
3.925
0.361
0.405
55.186
126.771
138.275
0.517
0.359
150.389
133.477
0.324
0.459
1.256
87.861
152.726
1.216
1.310
0.299
128.828
0.343
183.729
2.454
0.371
305.231
8.991
0.383
0.372
0.294
85.628
34.228
152.347
0.634
0.315
57.902
65.959
147.367
0.397
0.370
108.533
0.343
90.371
1.876
1.146
251.375
0.537
0.371
0.318
0.335
35.896
0.323
58.457
114.112
46.527
144.318
92.194
3.686
0.285
0.313
229.288
6.886
1.141
0.460
0.301
279.375
0.361
0.323
0.383
0.364
47.390
223.724
0.307
0.293
1.152
0.356
0.326
2.881
0.408
0.347
206.256
0.295
0.343
59.612
12.946
73.485
132.706
0.334
23.940
0.349
32.942
199.932
31.416
6.878
0.310
179.437
1.781
0.368
83.161
0.300
229.242
47.592
0.402
0.385
0.408
218.494
0.615
0.395
1.282
0.336
86.575
0.333
56.074
0.350
208.863
0.320
0.406
1.255
0.540
1.267
126.212
116.431
0.392
1.275
0.345
0.352
1.289
62.844
19.699
0.325
225.942
0.371
0.314
0.403
0.310
276.674
0.337
0.336
0.329
0.377
255.325
0.356
0.363
0.494
1.260
0.336
76.374
0.320
0.599
0.373
86.926
0.363
122.452
0.320
168.253
108.599
121.458
41.855
0.336
0.326
0.305
7.554
43.373
0.369
0.361
84.817
0.518
23.312
111.168
0.367
302.759
0.372
0.400
0.341
0.389
11.884
247.639
0.387
55.751
0.397
312.779
1.449
0.316
0.388
0.358
91.679
29.651
0.361
0.384
0.304
256.904
0.373
0.382
1.867
0.396
157.187
28.481
0.311
0.309
22.875
176.877
111.053
0.361
0.515
0.395
113.113
192.401
0.301
0.385
0.501
285.484
0.346
0.333
0.313
0.325
244.174
0.340
0.420
0.365
0.370
256.909
40.661
0.378
0.511
0.369
277.961
0.398
0.357
1.315
0.685
355.874
0.327
0.349
0.393
0.364
0.399
1.280
0.407
0.401
0.403
0.419
0.325
1.388
0.369
0.331
268.663
0.380
0.349
0.415
32.043
16.943
0.386
33.971
0.355
0.351
266.792
0.346
0.326
0.342
1.468
62.094
76.386
0.355
45.774
0.323
0.373
0.505
62.874
0.396
0.354
261.574
0.368
0.332
0.348
23.333
0.354
0.539
0.305
0.375
0.299
135.957
123.914
10.044
1.341
0.325
179.307
0.340
80.900
0.598
29.040
272.501
0.379
0.296
43.409
0.333
11.645
138.845
149.960
0.352
2.978
267.507
0.316
0.372
10.140
0.373
206.651
0.347
57.172
0.292
0.367
128.735
148.141
0.369
0.307
3.352
0.363
0.467
1.171
0.358
6.814
316.861
0.336
0.353
1.486
0.376
285.201
0.332
0.347
0.347
1.765
16.497
61.411
0.338
210.800
1.306
271.540
0.405
0.336
0.422
46.132
0.384
0.394
13.068
0.347
0.389
0.415
0.372
0.417
0.489
0.324
321.918
3.273
0.413
0.400
0.335
239.228
0.385
16.525
0.378
72.890
203.629
64.723
0.387
0.362
0.528
350.049
0.382
0.416
0.383
3.053
378.030
0.392
0.566
0.359
0.336
230.407
0.411
0.363
0.408
1.721
158.750
1.252
0.368
73.066
4.444
349.520
0.406
0.553
0.310
3.167
67.013
26.628
213.647
0.613
1.262
203.531
0.365
0.353
0.358
0.581
0.616
0.328
0.366
7.768
2.335
0.501
110.301
11.634
0.674
0.316
182.929
26.942
131.214
1.327
0.289
238.798
0.306
0.319
0.323
75.360
0.303
0.344
0.314
0.525
1.508
73.075
246.512
7.398
0.325
0.306
1.801
338.167
1.390
0.290
0.365
336.001
0.524
0.387
0.293
0.317
271.491
0.302
0.631
0.333
0.331
94.978
0.374
216.455
0.374
0.348
68.086
8.904
11.682
83.040
101.896
0.399
0.339
28.681
0.410
0.346
318.530
1.569
0.318
0.400
0.399
68.179
223.836
29.276
0.328
0.381
108.590
0.333
59.527
149.881
0.336
316.079
28.563
9.360
0.398
0.396
212.809
0.396
82.178
0.392
0.453
40.715
236.775
0.362
0.324
0.372
286.303
0.315
0.329
0.333
0.379
285.596
0.369
12.786
0.385
1.189
75.819
0.326
212.211
6.685
0.409
259.197
0.348
0.317
0.385
58.885
328.387
0.670
0.378
0.330
0.318
227.513
0.381
29.869
0.394
0.372
283.852
0.407
0.362
0.341
24.108
228.955
0.375
0.295
0.335
0.329
0.345
0.316
0.301
0.400
0.341
103.329
0.316
0.495
68.643
9.550
1.825
115.788
177.816
0.695
0.361
313.862
0.618
0.401
13.255
0.419
148.321
48.687
107.009
0.671
0.373
257.826
64.100
0.387
2.012
0.412
35.185
0.406
0.410
0.382
0.614
279.766
0.363
0.593
0.314
0.303
127.139
107.174
108.824
0.337
12.735
178.526
0.321
1.475
0.386
1.238
275.164
0.304
0.456
0.353
0.389
311.521
34.347
0.352
0.351
0.389
0.381
0.331
0.336
0.529
0.359
209.371
1.204
104.161
1.226
0.336
169.822
62.729
0.323
45.180
0.368
254.263
0.361
0.307
19.557
40.329
274.948
0.358
0.491
0.391
41.364
295.683
0.346
9.174
0.350
0.342
17.411
226.585
11.645
0.370
1.969
313.319
0.348
0.371
0.297
0.566
105.732
72.174
25.646
0.347
110.451
28.909
46.170
65.538
189.334
0.354
0.354
219.646
0.419
35.723
0.436
0.363
0.518
35.356
0.355
0.613
278.811
1.514
0.360
0.373
0.382
194.069
0.494
0.399
0.397
0.541
46.343
80.694
0.472
0.351
0.417
178.841
7.751
0.354
0.451
5.129
0.359
4.192
0.422
0.452
0.337
90.027
115.535
0.594
0.424
0.377
0.319
0.425
74.260
0.428
1.586
199.636
90.613
0.335
0.382
0.382
12.390
258.556
0.391
1.515
0.386
90.144
0.390
0.493
10.879
0.310
132.446
1.289
0.298
0.373
0.450
0.407
0.341
0.321
14.359
0.367
16.602
164.363
1.457
0.343
0.394
75.658
0.396
0.355
0.331
0.315
67.830
0.394
110.614
0.370
0.314
20.359
242.396
0.363
1.300
5.095
64.888
28.109
0.329
0.348
0.538
149.464
0.304
0.353
105.324
0.334
10.300
123.215
0.540
99.871
1.226
182.270
37.053
0.359
1.390
42.845
12.846
127.349
0.318
0.313
0.354
1.247
0.299
0.304
74.936
0.320
167.212
58.753
0.574
0.342
0.302
0.389
0.343
0.325
0.307
0.555
0.351
0.315
0.361
41.044
0.349
76.556
89.097
10.013
0.319
0.307
256.045
0.396
0.403
0.393
0.624
141.813
107.962
0.438
1.584
0.353
158.293
0.425
0.401
86.421
76.990
0.429
11.437
0.431
0.420
0.613
0.436
0.362
0.374
0.335
0.438
155.270
0.453
178.301
0.415
0.367
248.293
5.982
3.298
0.330
0.346
147.434
0.340
132.346
0.341
0.485
204.458
0.348
0.330
2.828
0.383
331.635
1.239
0.525
0.362
0.398
173.468
119.798
0.338
0.378
0.549
0.387
0.340
0.321
0.372
10.202
32.295
266.631
0.323
0.393
0.303
0.394
7.806
6.890
18.642
0.307
173.756
0.348
4.239
0.365
78.340
135.246
23.608
105.808
0.406
0.336
212.744
57.140
0.363
0.556
0.364
348.378
1.242
0.356
0.315
0.354
141.971
167.645
1.339
0.332
0.321
281.310
0.325
0.572
0.313
1.267
318.243
0.385
0.406
0.362
0.402
225.249
0.373
0.369
0.340
0.317
119.749
0.358
0.404
0.308
0.343
98.179
81.146
150.869
0.408
0.382
307.535
0.383
0.397
0.652
0.377
136.955
0.364
122.855
1.371
52.884
231.611
0.416
24.018
0.419
94.266
96.414
0.368
176.639
0.436
1.546
121.148
78.747
0.337
13.827
70.924
190.210
88.124
0.390
1.478
0.405
229.256
22.774
78.499
21.666
0.319
94.235
0.386
94.604
12.791
0.329
52.236
275.429
0.371
0.373
0.327
286.127
1.246
1.448
71.400
0.343
245.324
103.855
0.374
28.250
0.323
112.911
145.441
2.557
0.315
0.323
325.556
0.456
0.366
0.405
0.551
45.703
0.349
147.366
0.361
1.478
0.371
284.110
1.401
1.258
0.427
45.462
242.876
15.962
1.343
0.370
334.989
0.359
0.382
0.396
0.672
0.405
1.418
0.652
4.088
0.448
309.795
0.426
0.383
0.359
0.456
232.251
0.351
1.405
0.673
0.364
59.720
1.549
0.406
85.364
0.421
0.404
1.605
1.393
0.435
0.352
230.664
0.358
1.622
0.424
0.418
2.350
6.357
211.340
83.218
0.361
1.547
0.332
0.449
14.158
0.421
41.710
100.772
0.356
71.795
0.385
0.518
68.738
0.421
0.371
0.415
249.187
0.328
33.003
0.390
27.564
297.006
0.326
21.633
0.567
0.325
247.855
29.942
0.340
0.595
0.345
175.706
0.408
23.008
42.893
49.502
235.437
0.332
0.622
0.318
0.401
1.377
0.375
0.382
0.397
0.357
203.922
100.125
1.440
0.339
3.127
252.859
0.507
0.363
0.366
0.393
0.374
0.393
0.377
42.451
0.430
261.117
106.015
1.755
0.408
0.360
115.430
0.360
0.424
0.311
129.407
15.145
44.067
0.373
222.975
34.742
237.961
0.404
0.628
0.401
63.907
37.445
214.102
0.358
0.470
0.446
378.188
0.443
1.417
0.638
1.435
290.678
1.427
60.761
0.613
0.414
189.842
0.390
54.195
0.439
80.361
236.970
25.646
5.455
0.382
0.336
305.497
0.361
14.879
35.709
88.868
183.612
25.510
0.431
155.977
1.332
306.870
13.004
0.402
0.365
0.412
317.750
34.452
1.281
0.627
0.396
1.312
21.052
0.340
0.331
0.403
369.805
0.363
1.263
18.045
0.387
265.456
0.369
0.626
37.619
37.997
345.504
0.415
0.330
0.321
0.532
241.130
0.419
0.324
1.040
0.319
28.606
244.172
0.574
5.529
0.330
137.371
137.414
0.661
85.889
0.379
179.876
128.501
0.386
0.348
0.375
27.685
0.405
0.475
0.397
0.331
369.322
0.350
1.511
0.426
0.362
1.396
0.351
0.437
0.483
0.449
231.259
105.490
1.517
0.437
0.356
0.410
13.604
0.514
3.365
7.127
404.519
0.434
0.416
0.446
1.484
301.984
0.407
0.411
1.542
0.399
349.376
0.418
0.334
0.422
0.412
0.323
139.487
99.228
125.316
0.326
216.052
192.823
0.401
0.361
0.433
102.244
119.996
144.092
0.575
1.344
216.665
150.083
0.331
0.583
0.325
348.534
0.412
0.339
1.289
0.470
76.802
70.561
0.401
0.496
95.019
323.149
0.403
0.388
1.480
0.334
59.673
181.992
0.384
93.257
0.406
302.705
4.933
0.374
0.332
0.354
65.206
0.361
269.076
1.647
0.325
140.508
1.422
167.860
0.414
0.703
68.206
296.165
1.645
0.383
0.349
342.575
0.421
27.834
0.407
0.704
119.990
22.672
0.498
0.392
207.815
375.970
1.666
0.409
0.337
0.424
0.383
0.458
1.864
1.397
0.336
508.432
0.353
1.485
0.404
0.327
129.056
207.620
0.413
12.446
0.385
361.607
0.413
0.659
0.353
0.350
273.129
0.361
38.167
4.926
22.524
0.350
0.352
0.594
3.886
0.378
138.068
192.916
0.496
0.393
0.407
0.399
0.405
10.836
0.327
0.372
142.460
214.608
0.339
0.429
1.501
114.490
87.342
0.364
0.584
147.922
336.841
0.357
0.357
1.609
0.373
324.093
16.361
0.372
0.376
0.406
321.775
32.175
1.409
0.406
0.414
0.616
0.372
0.330
0.343
0.336
24.766
122.271
0.525
123.534
0.394
425.072
0.409
0.430
0.367
0.376
38.487
0.376
326.613
0.367
0.447
49.290
0.404
83.696
21.529
0.674
333.599
0.639
0.395
0.386
0.433
229.017
1.380
89.059
0.377
0.441
354.729
0.418
0.508
0.341
0.433
249.532
0.371
144.157
0.377
1.458
315.096
0.341
0.484
25.637
24.591
334.165
0.388
0.383
0.485
12.085
253.344
0.397
0.370
0.568
0.364
167.461
168.837
0.365
0.392
0.619
203.253
0.437
0.340
0.369
0.519
236.623
59.215
0.351
1.533
30.890
1.315
0.421
0.462
0.398
0.331
303.999
0.376
0.409
0.335
0.333
0.540
0.332
0.352
0.420
0.340
174.723
148.376
0.348
13.101
0.371
77.193
136.508
0.455
0.373
153.838
263.918
0.457
0.383
1.752
29.320
187.349
223.219
0.591
1.429
0.401
190.255
0.436
0.554
0.358
0.370
118.180
0.343
1.616
0.330
15.814
211.819
0.361
0.382
0.359
3.963
224.797
0.423
11.106
0.734
139.955
108.382
32.852
0.415
0.342
54.846
2.090
229.584
139.167
0.501
0.384
248.371
1.365
51.382
0.395
0.398
190.089
0.375
0.354
0.657
126.442
1.774
208.352
0.396
79.698
89.691
334.431
1.348
0.320
0.346
0.518
70.204
342.728
0.401
3.100
1.327
362.292
0.388
0.332
1.594
0.341
295.764
0.406
1.527
0.322
26.880
237.860
0.336
134.570
0.793
10.574
262.220
0.447
0.489
7.278
0.452
26.752
0.498
0.441
23.295
64.254
332.929
0.443
0.459
0.365
0.364
38.407
0.417
108.900
113.141
67.525
158.851
0.359
55.871
0.438
200.505
344.667
26.027
0.414
0.414
0.463
237.115
0.425
70.126
29.955
0.377
306.081
0.679
5.679
7.910
0.412
312.171
0.364
0.420
1.646
20.892
47.762
0.378
0.440
0.496
0.365
106.538
254.067
0.361
0.431
5.878
349.730
0.339
0.379
0.383
0.403
44.546
84.309
0.569
4.282
0.359
0.584
0.427
0.338
0.405
0.393
48.727
0.392
80.589
0.420
0.372
361.079
0.388
0.345
0.426
1.808
342.925
0.644
0.341
0.410
0.416
196.966
134.457
0.394
0.377
1.524
0.373
106.436
0.489
0.401
10.477
178.749
49.434
0.386
0.576
66.861
351.225
0.366
0.358
1.344
0.464
92.932
0.442
0.466
89.945
196.727
170.427
0.398
0.407
190.824
0.396
302.011
0.634
40.210
0.411
5.096
286.609
0.407
29.486
0.677
31.883
357.563
0.409
0.369
0.415
0.373
0.552
12.243
73.699
0.326
0.429
137.511
92.425
0.346
0.369
0.573
242.065
0.558
0.419
0.326
0.404
67.626
207.424
0.373
25.152
0.392
72.102
187.952
0.593
12.972
0.462
0.349
0.340
16.192
0.375
0.369
20.296
50.046
215.998
0.329
0.432
330.777
3.351
0.371
0.361
0.356
353.133
0.388
0.404
0.526
0.349
136.186
90.771
119.983
0.331
0.386
0.403
24.396
0.393
0.429
0.348
51.345
43.633
53.250
198.118
0.355
399.291
0.350
3.494
6.660
0.415
0.348
0.404
0.365
0.415
1.609
298.470
47.694
0.372
18.732
0.350
154.251
130.539
0.414
0.470
0.408
227.380
1.562
0.450
91.901
0.410
0.436
41.511
149.878
0.404
0.554
151.322
190.242
0.394
16.309
0.374
236.927
0.424
0.419
0.686
0.387
217.847
9.773
1.616
0.360
0.460
120.359
240.175
0.375
0.506
0.403
186.466
172.516
0.343
0.350
0.665
49.601
0.646
1.356
0.391
1.338
162.815
39.789
0.366
177.786
0.378
358.483
0.403
1.557
0.441
0.414
362.220
0.448
0.459
0.411
0.406
376.388
0.438
2.057
0.422
0.384
377.371
0.463
0.456
0.396
0.416
0.369
89.413
276.910
25.577
0.361
231.741
0.393
0.461
0.682
1.413
164.374
1.559
0.363
0.438
0.389
224.478
0.396
0.658
126.639
0.470
38.901
152.005
0.471
1.673
0.361
28.193
155.975
0.427
0.610
0.407
342.124
0.384
1.661
0.431
0.400
245.056
0.440
0.418
0.339
28.566
198.034
0.429
0.352
41.776
0.386
63.522
170.132
0.351
0.378
54.460
13.758
96.484
154.593
0.347
0.526
284.713
0.358
0.412
0.384
0.364
195.841
0.442
53.654
1.354
0.372
0.365
59.690
0.443
1.374
0.406
240.739
66.342
0.353
0.638
0.409
442.132
0.512
0.405
114.104
0.421
157.082
164.810
1.011
0.346
17.032
341.932
0.384
0.723
0.454
1.484
0.376
0.492
0.525
30.552
0.414
32.493
219.789
0.457
74.440
0.472
239.793
0.451
0.384
103.576
1.637
0.374
0.413
0.424
0.416
36.092
0.387
0.389
0.455
0.397
0.401
302.954
1.630
59.899
0.395
0.714
367.703
0.581
0.416
0.361
0.550
126.183
349.743
0.380
0.408
0.634
381.638
59.179
0.498
0.450
18.047
377.911
89.072
0.361
0.661
0.408
86.811
166.589
0.394
187.485
0.430
511.913
45.342
0.382
0.434
8.019
181.826
344.500
0.446
58.590
0.373
561.060
0.361
0.382
0.600
0.393
419.803
0.446
0.682
41.185
0.413
201.666
413.600
76.794
0.554
0.467
196.994
321.108
3.270
0.440
1.598
109.294
0.377
0.404
0.637
38.196
260.095
0.478
0.380
284.587
67.934
472.724
0.384
0.389
0.438
0.418
555.225
125.487
0.369
0.351
0.517
364.600
0.353
7.284
118.825
0.627
666.870
0.452
51.971
0.373
0.375
222.217
276.333
0.544
0.427
0.340
509.749
0.394
0.402
119.697
2.122
223.717
146.959
48.135
0.588
36.786
448.560
16.865
0.380
0.385
0.776
1.618
123.041
0.376
52.913
1.592
81.708
417.025
0.451
0.521
0.489
176.940
0.478
0.457
7.258
0.415
684.864
0.678
0.468
0.438
103.324
180.096
121.696
0.454
0.987
0.470
262.882
0.451
0.566
0.479
48.762
416.261
0.399
0.396
0.506
0.483
151.938
210.132
0.431
149.649
0.365
31.340
0.520
0.423
50.131
0.370
13.228
23.591
4.933
133.384
0.361
0.388
0.380
0.540
0.339
305.939
65.864
68.272
0.363
0.413
0.586
0.473
0.394
0.350
69.332
0.988
148.134
461.620
4.036
0.440
0.544
56.895
92.597
437.558
0.379
0.358
548.047
0.675
0.446
32.914
0.387
131.095
522.709
0.397
1.631
15.906
389.607
0.442
0.409
9.495
373.661
132.602
0.446
100.962
243.782
225.975
681.557
0.383
69.671
0.419
0.608
133.490
390.329
0.392
0.375
0.597
0.443
0.504
0.380
0.432
0.440
464.112
85.491
0.516
90.751
0.423
312.665
158.531
0.377
0.430
126.324
2.270
18.317
498.758
0.638
0.434
0.395
0.411
0.520
0.396
0.355
12.893
452.852
0.351
1.560
187.539
502.965
0.410
6.214
0.449
129.433
70.011
173.062
338.587
0.438
0.500
345.587
1.578
292.354
15.194
0.471
398.212
243.947
4.110
0.514
0.367
725.124
0.589
0.371
0.396
0.643
180.307
318.757
1.498
0.402
1.628
0.414
0.432
0.469
93.987
0.379
15.440
529.860
0.557
0.392
1.525
641.350
0.667
0.445
0.375
0.515
563.634
0.601
0.440
76.415
0.365
501.879
0.459
0.415
0.369
1.612
0.370
0.485
0.374
0.447
0.549
304.326
0.407
0.551
1.561
84.220
126.986
1.585
0.375
1.732
0.592
