0.224
0.002
0.003
0.003
0.000
0.212
0.003
0.000
0.003
0.000
0.006
0.079
0.000
0.003
0.003
0.191
0.002
0.000
0.003
0.003
0.081
0.003
0.003
0.121
0.003
0.003
0.447
0.003
0.002
0.000
0.443
0.002
0.102
0.002
0.003
0.127
0.003
0.623
0.003
0.001
0.022
0.273
0.262
0.171
0.002
0.786
0.004
0.002
0.003
0.001
0.994
0.003
0.003
0.002
0.807
0.318
0.004
1.479
0.004
0.003
1.005
0.626
0.003
0.003
0.002
1.906
0.003
0.003
0.003
0.003
1.809
0.761
0.003
0.003
0.018
2.146
0.004
0.078
0.002
0.003
0.307
0.004
0.001
0.002
0.397
2.948
0.005
0.003
0.003
0.016
2.922
0.023
0.003
0.009
0.002
0.003
3.360
0.004
0.003
0.003
0.406
0.101
5.150
0.005
0.003
0.413
5.951
0.005
0.004
0.003
0.003
4.787
0.005
0.004
0.004
0.570
0.004
0.002
0.003
5.530
7.267
0.005
0.004
0.002
0.004
6.223
0.013
0.004
0.003
0.003
4.097
3.842
0.005
0.004
0.003
0.474
0.384
0.005
3.821
3.929
0.395
4.890
3.900
0.006
0.336
5.153
2.162
0.005
0.003
0.003
5.067
0.006
0.004
0.010
0.001
4.963
0.429
0.010
0.008
0.003
1.583
2.613
0.004
0.426
4.708
14.053
0.006
0.004
0.004
0.010
0.415
0.005
0.047
0.004
0.506
12.333
0.007
0.004
0.007
0.005
10.145
0.007
0.003
0.003
0.004
0.717
17.332
0.074
0.006
0.004
23.960
0.015
10.633
0.006
0.013
0.348
34.995
0.007
0.005
0.005
9.912
1.445
17.191
0.017
0.003
12.757
0.006
0.004
14.296
0.007
13.592
0.017
0.011
0.005
0.011
13.538
0.007
0.035
8.314
0.007
14.157
11.754
0.006
0.007
0.005
13.138
0.757
0.007
0.005
0.006
0.122
7.437
6.329
0.008
0.005
3.449
0.006
13.563
10.326
0.035
12.937
10.567
0.007
0.005
0.004
24.514
0.009
0.005
0.003
0.003
28.580
0.007
0.018
0.005
0.006
27.012
0.007
0.005
0.003
0.003
0.432
0.006
26.833
0.009
0.006
17.223
0.006
0.005
4.337
0.008
15.126
0.758
0.007
11.584
0.011
11.573
12.268
0.005
0.005
0.006
18.627
0.006
0.015
0.005
0.003
23.165
0.007
0.006
0.005
0.005
34.547
0.007
0.007
13.563
0.010
47.093
0.008
0.007
0.005
0.006
41.145
0.019
0.005
0.017
0.005
37.176
1.986
0.018
0.007
0.005
38.942
0.010
13.107
0.007
0.006
46.738
0.011
0.114
0.007
0.006
33.453
11.868
0.007
0.004
0.004
44.557
0.009
0.008
0.071
0.006
48.855
0.030
0.008
0.004
0.017
6.634
31.016
0.384
0.007
14.095
18.199
2.040
0.007
2.235
0.009
12.303
23.412
5.443
15.088
0.009
13.118
37.020
0.008
0.006
0.006
10.565
12.941
0.009
0.008
0.008
0.006
17.933
0.010
28.703
0.007
13.296
0.009
0.008
40.817
0.021
0.967
56.419
0.010
0.007
0.006
57.791
0.010
9.456
0.007
0.005
67.203
0.010
0.006
0.008
0.006
8.443
14.676
48.500
0.025
0.009
72.562
0.011
0.134
0.009
0.004
20.652
31.696
0.008
0.007
0.006
12.289
0.012
54.733
0.009
0.009
54.848
14.365
0.014
0.008
0.006
64.860
0.142
0.008
0.006
14.122
76.478
0.014
0.102
0.009
0.008
65.940
8.891
0.009
0.008
0.008
80.885
0.012
0.145
0.009
0.025
74.765
0.031
9.453
0.010
0.035
11.406
71.112
0.009
0.079
0.027
6.546
68.230
0.015
3.131
0.027
13.321
49.460
13.994
0.011
0.008
38.312
34.306
0.024
0.010
0.008
74.730
0.031
0.009
0.008
0.005
38.918
0.014
0.008
42.150
0.018
35.354
0.012
24.377
15.156
0.012
1.804
72.288
0.014
0.008
0.006
2.303
77.494
0.013
0.008
0.006
70.073
0.581
0.030
0.030
11.961
69.673
0.009
0.390
0.012
2.235
76.582
0.015
0.009
0.008
5.352
71.783
0.014
0.009
0.009
0.009
67.872
0.045
0.009
0.132
0.008
15.188
51.148
0.011
12.327
0.011
48.916
34.551
0.011
0.009
0.009
10.298
68.434
0.031
9.455
0.014
32.831
57.960
0.031
0.009
0.005
75.084
0.010
0.008
0.009
0.009
93.830
0.014
0.009
0.006
0.029
44.139
45.041
0.010
0.008
0.009
25.660
49.744
0.009
4.115
11.078
96.749
0.012
0.009
0.008
0.008
80.647
0.016
0.010
0.010
12.520
87.778
12.335
0.015
0.011
0.010
99.954
0.169
0.009
0.011
0.027
111.956
2.378
0.526
0.012
0.031
20.037
45.441
32.906
15.280
0.015
70.914
45.730
0.011
0.059
0.011
104.970
0.012
0.035
0.022
0.011
11.493
106.543
0.040
0.012
0.009
114.525
0.014
0.034
0.103
0.012
69.095
63.027
0.011
0.012
0.009
150.654
0.015
0.012
0.011
0.010
145.875
0.017
0.010
0.008
3.333
158.605
0.014
0.009
0.006
0.008
82.895
0.027
64.297
0.012
0.011
29.697
2.719
77.628
0.447
0.015
108.826
7.355
28.526
0.012
0.011
38.181
128.563
0.061
0.011
0.011
159.883
0.014
0.014
0.010
0.009
159.990
0.014
0.102
0.011
0.010
130.794
3.859
0.010
0.009
40.382
196.050
0.015
0.012
0.011
0.033
128.798
3.764
72.837
0.016
0.241
20.815
191.155
0.014
0.010
0.010
144.535
0.014
0.014
78.642
0.016
222.205
0.015
0.012
0.009
0.011
179.411
0.019
0.012
57.821
11.501
244.447
0.019
0.022
0.038
0.038
97.755
0.045
0.010
0.008
0.012
28.450
5.040
67.501
0.022
66.777
258.149
0.017
0.014
0.011
0.041
114.677
70.233
81.292
0.015
0.012
185.455
79.849
0.017
0.014
0.032
18.785
170.250
0.017
79.983
0.027
114.916
0.021
76.868
79.453
0.016
106.772
9.784
0.020
144.138
0.015
220.616
0.017
81.148
0.017
0.012
339.031
0.019
0.014
0.014
0.012
293.961
0.019
0.757
77.468
0.015
287.303
106.850
0.017
0.012
0.012
415.806
0.018
0.014
0.011
0.012
5.023
378.694
0.018
0.012
0.014
39.147
347.993
0.016
0.011
0.012
276.766
0.017
99.464
0.048
0.012
327.053
99.815
0.017
0.048
0.014
420.269
0.015
0.179
0.017
0.012
422.815
0.026
0.050
0.013
0.013
465.409
0.017
0.012
0.186
0.017
30.864
311.024
113.792
0.100
0.017
30.697
440.717
0.022
0.121
0.017
196.625
0.033
237.411
0.023
24.586
337.269
142.049
0.017
0.013
0.048
244.940
229.560
0.020
0.013
0.015
180.378
155.819
0.051
133.010
0.020
476.730
0.021
0.015
0.013
0.013
487.958
0.017
0.013
0.015
0.184
499.818
0.017
0.013
0.013
0.015
96.199
189.648
208.580
0.016
22.226
217.612
293.573
0.017
0.051
12.734
473.953
0.023
0.019
0.016
36.009
71.411
430.706
13.734
1.545
0.084
0.164
475.042
0.024
0.015
37.483
374.296
1.778
0.022
145.646
0.015
21.941
0.013
0.012
0.017
0.040
21.890
0.010
0.286
0.038
0.009
5.799
14.627
0.140
0.041
0.012
20.995
1.420
0.015
0.037
0.010
20.738
0.016
1.565
0.046
0.010
20.929
0.819
0.013
0.012
0.013
21.060
0.437
0.860
0.018
0.013
21.786
0.014
0.012
0.013
0.012
20.066
0.306
1.301
0.013
0.010
21.032
0.041
0.012
0.010
0.009
19.622
1.455
0.013
0.010
0.164
0.794
19.211
0.016
0.921
0.048
21.568
0.016
0.010
0.193
0.016
20.895
0.015
0.015
0.014
0.192
20.475
1.501
0.019
0.040
0.038
20.916
0.015
0.010
0.038
0.009
19.966
1.325
0.016
0.012
0.012
2.280
0.019
18.652
0.148
0.185
8.504
0.017
0.012
0.012
0.014
9.448
0.353
0.017
0.092
0.016
9.195
0.018
0.043
0.131
0.046
8.609
0.501
0.012
0.011
0.013
7.681
1.080
0.817
0.015
0.009
7.652
0.558
0.302
0.012
0.283
9.407
0.017
0.013
0.012
0.012
12.749
0.328
0.369
0.042
0.015
12.406
0.015
0.010
0.670
0.015
12.103
1.495
0.015
0.010
0.009
11.832
1.707
0.016
0.012
0.010
12.186
0.017
1.454
0.015
0.010
12.994
0.580
0.020
0.044
0.013
13.264
0.243
0.016
0.022
0.013
12.416
0.069
0.010
0.859
0.188
11.695
0.019
1.134
0.012
0.011
12.659
1.068
0.016
0.012
0.043
13.305
0.014
0.043
0.013
0.012
11.987
0.016
0.134
0.634
0.016
12.735
0.016
0.041
0.013
0.396
17.140
0.050
0.155
0.013
0.044
15.617
0.842
0.658
0.017
0.015
17.086
0.018
0.045
0.207
0.046
16.301
0.016
0.157
0.015
0.010
15.714
1.057
0.196
0.067
0.013
15.785
0.016
0.013
0.076
0.017
14.928
0.017
0.010
2.439
0.016
15.502
0.061
2.298
0.020
0.015
14.933
0.030
2.228
0.050
0.017
14.715
2.903
0.015
0.015
0.016
15.058
0.061
0.013
0.719
0.089
15.640
1.340
0.016
0.012
0.041
15.958
0.013
0.015
0.010
1.859
15.423
0.880
0.243
0.016
0.760
15.080
0.302
1.577
0.017
0.721
14.901
0.019
0.601
0.016
0.011
17.194
0.288
0.015
0.015
0.013
17.598
0.153
0.048
0.014
0.016
17.061
0.016
0.015
0.184
0.048
17.142
0.016
0.013
0.012
0.014
16.836
0.017
0.015
0.897
0.023
15.398
1.360
0.014
0.012
0.046
14.722
2.929
0.016
0.013
0.047
15.292
2.670
0.020
0.012
0.052
17.832
0.019
0.014
0.013
0.013
24.634
0.016
2.144
0.017
0.012
27.050
0.158
0.023
0.016
0.051
4.674
19.505
0.268
2.501
0.026
24.312
1.948
0.160
0.383
0.019
24.858
0.087
2.435
0.020
0.015
24.752
0.024
0.017
0.065
0.065
27.810
3.663
0.020
0.013
0.016
25.307
1.764
0.022
0.017
0.015
24.181
0.021
3.181
0.019
0.013
25.657
0.017
0.013
0.013
1.088
26.736
0.020
1.277
0.191
0.019
24.982
0.017
1.927
0.324
0.057
23.979
0.037
0.319
0.514
0.064
24.268
0.098
0.458
3.144
0.017
25.138
0.022
0.112
0.018
2.726
25.988
2.977
0.199
0.017
0.053
34.540
0.020
2.388
0.020
0.016
61.497
0.030
1.049
0.016
0.015
34.180
0.026
0.019
0.147
1.233
34.672
2.357
0.023
0.895
0.024
43.331
0.061
0.020
0.024
0.054
40.392
2.317
0.029
0.478
0.057
39.930
0.818
3.178
0.017
0.015
43.098
0.021
0.015
0.015
0.016
43.654
0.172
0.020
0.017
0.016
39.434
0.028
3.623
0.020
0.273
40.230
0.023
0.667
0.022
2.383
39.912
0.771
2.580
0.021
0.017
43.387
0.068
0.020
0.017
0.054
42.437
1.004
0.061
0.013
0.012
41.742
2.322
0.029
0.019
0.015
43.353
2.082
0.029
0.023
1.196
41.610
0.461
0.060
2.640
0.036
39.940
3.509
0.020
0.022
0.016
40.141
0.034
4.071
0.019
0.019
43.131
0.022
0.017
0.017
0.017
42.028
0.027
0.078
1.622
0.027
40.079
1.295
0.064
0.017
0.019
40.756
0.020
3.020
0.020
0.018
44.030
0.207
0.022
0.015
0.017
39.615
0.023
3.874
0.019
0.065
40.280
0.321
0.082
0.026
1.368
42.594
0.023
0.133
2.977
0.061
42.108
0.092
1.632
0.019
0.023
41.644
2.811
0.022
0.014
0.019
40.366
0.144
2.692
0.229
0.731
39.433
0.034
1.350
1.531
0.024
45.366
0.026
0.282
0.021
0.061
39.845
0.144
4.615
0.020
0.016
40.329
1.161
2.556
0.023
0.020
43.186
0.027
0.017
0.141
0.019
18.184
26.718
0.170
0.023
0.019
39.387
4.862
0.615
0.064
0.018
44.934
1.835
2.490
0.019
0.017
8.821
30.748
2.817
0.024
0.078
44.481
0.030
0.019
0.017
0.063
40.567
0.152
0.023
5.356
0.025
39.695
4.146
0.020
0.116
0.224
44.065
0.022
0.065
0.016
0.018
44.692
0.072
0.020
0.019
0.016
8.728
33.730
3.290
0.030
0.067
17.400
26.543
0.406
0.024
0.020
42.491
0.037
0.026
3.162
0.019
44.898
0.023
0.017
0.021
0.064
46.180
1.190
1.263
2.872
0.023
46.539
1.433
0.031
0.074
2.967
46.657
0.021
4.701
0.024
0.020
48.274
0.026
2.315
0.025
0.019
50.687
0.023
0.068
0.021
0.017
47.773
0.030
0.122
0.035
0.027
51.185
0.078
0.022
0.017
0.067
1.580
46.391
0.088
4.788
0.796
46.196
0.029
0.024
2.584
1.956
56.250
0.022
0.016
0.022
0.068
47.027
0.031
5.032
0.026
0.020
0.020
46.095
0.860
0.027
2.580
46.024
0.029
2.473
2.829
0.024
48.880
0.027
0.081
0.027
1.916
51.878
0.027
0.022
0.021
0.017
20.829
25.131
0.086
5.639
0.020
46.141
1.488
2.044
0.031
0.048
52.278
0.026
0.020
0.019
0.073
51.898
0.027
0.196
0.328
0.022
46.981
0.038
4.656
0.024
0.278
48.518
0.024
0.023
3.323
0.029
46.828
3.500
0.078
0.020
0.751
48.748
2.724
0.596
0.031
0.020
1.650
52.190
0.024
0.078
0.195
47.742
3.057
0.714
0.022
0.020
50.965
0.022
0.023
0.075
0.019
52.300
0.079
0.020
0.017
0.023
47.277
5.466
0.026
0.019
0.081
51.338
0.022
0.019
0.023
0.021
56.316
0.026
0.019
0.114
0.024
46.690
5.406
0.519
0.086
0.024
45.621
3.309
0.119
0.031
2.235
47.958
0.023
3.736
0.022
0.023
51.241
1.477
0.086
0.022
0.020
45.801
5.412
0.026
0.024
0.020
51.195
0.503
0.197
0.718
0.503
48.443
0.029
0.027
0.031
1.712
46.391
5.555
0.026
0.024
0.021
52.597
0.024
0.022
0.078
0.026
47.803
0.033
4.927
0.030
0.023
51.380
0.082
0.606
0.027
0.023
47.459
3.646
0.024
0.020
0.022
51.096
0.025
0.822
0.030
0.024
52.828
0.036
0.024
0.022
0.078
51.585
0.037
0.036
3.480
0.026
55.375
0.030
0.085
0.022
0.019
49.859
4.056
0.091
0.041
1.142
50.260
5.086
0.034
0.023
0.025
49.949
0.908
0.296
1.865
0.127
60.251
0.041
0.029
0.026
0.111
52.992
0.037
2.597
1.611
0.101
52.846
2.660
1.146
0.038
0.030
50.416
1.758
0.695
3.549
0.031
50.423
4.878
0.036
0.024
0.027
56.453
0.096
0.022
0.085
0.026
49.632
0.041
4.956
0.254
0.030
58.401
0.091
0.268
0.031
0.629
64.183
0.348
0.096
0.024
0.023
63.820
0.028
0.022
0.755
0.029
58.624
5.267
0.034
0.029
0.090
56.908
0.034
0.088
6.525
0.036
61.819
2.612
0.030
0.023
0.028
61.299
0.124
0.029
3.186
0.031
57.117
0.224
0.684
0.032
0.201
65.164
0.030
2.663
0.029
0.027
57.926
6.289
0.031
0.024
1.233
64.410
0.095
0.137
0.027
0.024
64.936
0.050
2.230
3.826
0.028
59.082
2.735
0.107
0.034
3.087
64.951
0.033
0.746
0.027
0.023
60.538
0.115
1.106
4.062
0.106
57.625
0.255
2.791
4.733
0.109
56.728
0.047
4.654
0.492
0.095
74.209
0.041
1.744
5.514
0.031
77.278
0.213
0.132
0.037
3.001
77.724
0.259
0.041
4.011
0.033
73.504
1.840
0.032
4.691
0.036
82.209
0.029
0.631
0.038
0.032
79.600
0.926
0.034
0.026
0.025
81.596
0.036
0.026
0.058
0.023
74.328
0.054
0.243
3.417
0.030
98.391
0.037
0.040
0.034
0.031
83.743
4.023
0.043
0.038
0.239
90.859
0.196
0.099
0.031
0.097
91.293
0.107
0.026
0.028
0.026
86.672
0.344
6.309
0.042
0.031
91.813
0.328
0.029
0.029
0.029
91.792
9.132
0.544
0.183
0.040
100.924
0.038
0.027
0.024
0.029
96.114
0.052
0.423
0.252
6.677
99.954
0.109
0.031
0.025
0.510
93.244
0.075
9.332
0.044
0.027
106.923
0.028
0.581
0.034
0.032
94.268
0.040
0.035
0.029
0.269
92.032
4.700
3.974
0.034
0.031
99.505
0.032
1.900
0.037
0.033
92.060
0.178
0.054
0.129
0.840
92.829
5.055
3.241
0.036
0.597
94.066
2.967
2.081
3.556
0.030
126.216
2.598
0.116
1.236
0.028
118.429
0.048
5.936
0.665
0.037
122.853
3.448
0.051
4.009
0.113
125.335
4.335
0.049
4.853
0.111
122.099
0.053
3.731
0.038
0.030
126.365
0.541
0.038
0.107
0.026
129.847
0.039
0.029
0.030
0.031
119.635
5.799
0.041
0.111
1.304
120.884
0.055
0.048
0.263
0.041
121.237
0.055
4.546
4.439
0.034
128.304
0.029
0.030
0.031
0.024
119.632
5.175
0.051
2.106
1.683
133.984
0.033
0.029
0.027
0.881
124.333
0.738
0.833
2.419
0.031
126.728
0.093
0.037
0.034
0.026
147.035
0.145
0.855
2.313
0.035
142.227
0.141
0.054
7.518
0.031
141.571
0.218
9.108
0.038
0.031
146.749
0.055
2.563
0.867
0.856
149.299
6.485
0.040
0.034
1.757
152.467
8.518
1.015
0.037
0.032
162.778
3.091
0.031
0.027
0.034
157.478
0.047
2.959
0.034
1.683
161.339
0.035
0.030
0.109
0.034
155.018
0.055
7.459
0.041
0.031
160.079
0.039
0.029
1.082
0.217
204.705
0.034
4.052
0.038
0.033
198.182
0.123
2.305
0.040
1.371
189.519
2.479
4.256
3.301
0.043
197.227
3.766
0.761
0.040
0.029
200.476
0.579
0.039
0.109
0.050
197.227
6.881
3.987
0.119
0.033
196.285
0.044
0.046
0.470
0.035
200.934
0.039
0.032
0.027
0.029
205.045
0.040
0.029
0.039
0.033
209.694
0.043
0.121
0.040
0.038
202.903
7.045
0.045
0.031
0.034
212.145
0.158
0.054
0.048
0.038
200.736
8.821
0.035
0.031
0.217
95.530
117.181
0.048
0.044
0.146
205.988
0.044
2.760
0.125
0.896
2.528
195.591
0.048
7.369
0.031
206.956
6.303
0.060
0.084
5.027
205.796
0.045
2.711
0.045
0.037
207.976
6.792
0.040
0.036
0.679
206.147
0.304
0.059
3.043
0.042
212.259
3.680
1.819
0.040
0.125
222.964
0.129
0.166
0.127
0.412
215.424
0.036
0.124
0.037
0.037
207.766
2.425
4.202
0.126
0.121
202.829
0.179
5.182
0.049
0.047
215.779
0.050
0.036
0.031
0.040
222.616
0.041
0.036
0.696
0.040
205.278
5.025
0.962
0.159
0.425
209.723
0.043
0.037
0.030
0.037
209.075
0.810
0.034
0.034
0.030
207.055
0.916
0.127
0.123
0.037
204.147
0.046
3.704
0.129
0.039
44.539
170.255
7.022
0.168
4.418
219.887
5.460
0.042
0.033
0.030
220.242
0.222
4.830
0.139
0.826
226.228
0.133
0.040
0.034
0.031
232.939
0.093
0.076
0.043
0.045
212.852
0.983
13.090
0.043
0.031
222.671
4.911
0.143
0.037
0.037
227.217
0.035
0.029
1.270
0.147
224.680
0.041
0.032
0.331
0.146
228.701
0.046
0.040
0.037
0.037
222.338
5.972
4.630
0.042
0.031
219.437
0.051
0.044
7.318
0.043
226.836
0.040
0.036
1.033
0.043
216.169
0.181
0.191
0.182
11.408
249.122
0.046
0.041
0.031
0.064
254.148
0.046
0.043
0.386
0.040
242.782
0.037
0.036
0.410
0.040
236.917
0.046
0.040
0.041
4.352
224.003
16.360
0.138
0.033
0.032
230.596
0.065
10.011
0.138
0.034
78.745
166.835
0.060
13.686
0.048
252.000
3.993
0.037
0.041
0.043
255.662
0.040
0.038
0.041
0.040
255.609
0.040
0.040
0.039
0.040
257.243
0.281
0.046
0.171
0.214
286.037
0.059
0.052
0.052
0.049
265.443
0.060
9.265
0.052
0.047
268.640
0.164
0.049
0.042
0.039
270.871
1.931
0.063
0.054
0.051
247.643
10.667
0.191
0.181
0.052
265.403
0.040
0.037
0.039
0.034
253.357
0.062
1.504
0.045
0.043
254.613
0.040
0.988
0.043
1.157
234.377
21.799
0.054
0.051
0.158
255.253
7.435
1.208
0.049
0.040
102.443
238.876
0.071
0.060
8.263
233.546
1.052
106.644
0.068
0.051
247.935
0.099
0.046
8.674
0.046
252.428
6.718
0.037
2.186
0.046
236.134
0.425
10.230
0.044
0.040
249.328
0.047
0.035
0.037
0.032
235.870
0.043
0.046
0.225
1.547
224.497
0.321
16.450
0.043
0.037
237.168
0.151
0.278
13.888
0.330
234.843
0.150
0.043
4.202
0.175
230.538
8.448
0.037
0.135
0.037
239.326
0.044
0.041
0.842
1.476
238.463
0.058
1.213
0.043
1.312
241.062
0.285
0.062
2.701
0.043
240.120
0.150
0.035
0.040
0.033
222.589
11.531
0.047
0.150
4.324
224.565
9.425
1.211
4.886
0.046
233.729
0.046
2.649
0.043
0.143
236.506
11.238
0.046
0.037
0.036
223.186
0.405
15.488
0.044
0.037
222.771
9.797
0.046
7.123
0.154
224.672
0.348
8.950
0.060
0.243
246.370
0.189
0.051
0.050
0.151
267.565
0.051
0.047
0.159
0.043
152.790
86.610
16.889
0.051
1.516
6.600
64.177
171.938
0.068
8.918
248.652
1.352
8.015
0.050
0.048
255.393
9.769
0.051
0.048
0.155
248.291
11.207
0.057
8.643
0.060
258.440
0.043
0.046
0.043
0.046
237.753
12.423
0.043
0.037
0.037
248.212
0.054
0.044
8.522
0.172
261.705
0.068
1.692
0.057
2.353
238.394
0.063
10.985
6.178
0.102
245.046
0.067
13.570
0.047
0.040
254.600
0.051
0.151
0.038
0.034
235.743
3.926
0.044
0.048
1.197
248.900
8.960
0.051
0.109
0.050
245.898
1.874
0.048
0.045
0.043
238.307
3.760
0.045
0.048
0.043
226.781
0.060
12.065
0.902
0.046
221.685
0.072
5.365
0.071
5.509
229.887
19.308
0.046
1.463
0.800
225.719
12.934
0.624
1.923
0.046
230.644
0.046
0.859
8.717
0.049
240.143
0.114
0.158
0.144
0.040
240.516
0.047
0.267
0.044
0.151
244.600
4.616
0.045
0.041
0.043
226.969
13.444
0.049
0.044
0.039
226.532
0.072
5.603
0.238
0.155
234.688
0.170
9.061
0.047
0.047
226.993
5.414
0.046
0.046
0.157
220.572
25.285
0.068
4.157
0.045
239.232
0.047
0.051
0.043
0.044
241.423
0.058
0.049
0.046
0.157
143.777
97.520
0.160
0.047
0.041
240.468
0.055
0.041
0.042
0.041
251.909
0.054
0.687
0.052
0.046
262.141
0.217
8.707
0.051
0.041
158.837
79.496
26.366
14.070
0.056
259.911
0.741
0.069
10.763
0.065
237.066
31.197
0.226
4.615
0.055
299.905
0.219
0.165
0.159
0.051
270.845
0.279
0.434
19.053
0.060
287.382
0.050
0.043
0.040
0.043
247.359
25.335
0.235
0.225
16.836
294.168
0.168
0.041
1.978
0.052
272.626
0.074
0.698
25.369
0.057
261.834
23.703
0.068
8.948
0.064
121.124
126.371
0.068
16.059
16.785
281.155
0.057
2.220
0.198
0.051
257.049
11.830
0.048
0.212
0.044
247.362
5.730
3.359
10.447
0.068
265.119
0.055
0.042
0.046
0.164
241.923
11.618
11.422
0.060
0.314
253.648
9.952
0.053
1.438
0.058
258.157
0.050
0.042
0.048
0.046
231.514
0.429
20.556
0.056
0.051
252.488
0.106
0.051
0.043
0.041
258.103
2.524
0.169
0.159
0.117
245.351
0.057
0.046
0.048
0.169
243.688
0.056
0.042
0.705
1.139
223.068
12.030
7.627
0.058
0.046
237.842
2.082
5.076
0.169
0.048
242.436
0.051
10.173
0.049
0.048
241.622
0.048
0.165
0.053
0.040
227.515
0.068
16.551
0.060
0.057
221.789
20.107
0.057
0.043
0.049
6.590
227.542
6.426
0.051
0.053
231.036
22.497
1.949
0.045
0.166
244.033
0.170
0.050
0.278
0.044
221.618
0.074
11.112
0.065
0.060
245.175
0.056
0.055
0.051
0.046
241.991
0.046
0.164
0.048
0.161
296.341
0.075
12.562
0.175
0.050
26.166
278.911
1.982
0.054
0.042
284.850
9.057
13.951
0.178
0.070
299.642
24.220
0.061
0.534
0.193
338.740
0.055
0.061
0.044
0.049
306.012
13.055
0.061
8.149
0.059
334.386
0.062
0.186
0.052
0.047
331.385
0.057
0.254
0.057
0.052
330.734
9.080
0.057
0.046
0.046
330.909
0.057
0.049
0.179
0.046
324.393
1.386
0.066
0.054
0.316
328.775
0.062
0.057
0.050
0.054
295.964
0.080
7.008
0.301
5.646
3.322
301.812
11.597
0.060
0.058
313.899
0.186
0.176
0.058
4.858
303.101
20.198
0.188
0.047
0.051
307.035
0.049
1.211
0.792
0.053
291.185
16.014
0.731
0.057
0.053
302.695
7.983
0.051
0.051
0.047
306.324
3.766
0.182
0.056
4.832
310.591
0.051
0.057
0.049
0.049
294.819
12.877
0.060
0.186
0.056
290.689
16.772
0.057
0.057
0.051
316.391
0.059
0.044
0.044
0.055
292.344
0.076
0.194
14.860
0.195
296.215
9.591
1.131
0.054
0.051
298.011
11.813
0.057
0.180
0.043
317.945
0.059
0.405
0.184
0.052
308.852
0.963
0.065
0.334
0.183
290.198
9.664
0.198
2.241
0.459
351.868
0.064
0.046
0.184
0.053
293.938
18.556
0.061
0.049
0.178
297.405
0.619
1.688
0.064
0.185
304.648
0.062
10.367
0.051
0.055
314.287
0.069
0.085
4.060
11.899
347.931
0.085
21.026
0.076
0.101
5.818
367.702
18.959
0.054
0.060
16.374
312.219
12.416
16.267
0.085
363.299
0.231
0.056
0.062
0.065
355.933
0.066
0.068
0.052
0.109
344.788
0.523
0.073
0.117
0.068
332.051
24.219
0.082
0.062
0.062
336.786
0.063
0.203
0.051
0.054
307.877
1.368
0.271
32.381
0.073
356.759
34.374
14.166
0.067
0.066
343.857
43.838
0.053
0.055
2.488
361.447
0.085
0.085
0.075
8.082
380.495
0.067
0.048
0.055
0.053
344.837
26.008
0.217
0.067
0.292
335.408
27.416
0.059
1.897
0.061
358.561
0.058
0.048
0.186
0.185
349.525
52.035
0.068
0.062
0.059
360.278
0.189
0.052
0.058
0.056
341.044
0.190
0.051
16.646
0.071
360.831
1.756
0.193
0.055
0.183
34.335
0.049
0.052
0.054
0.054
24.181
0.071
0.067
1.269
12.046
19.023
3.824
11.635
0.171
0.062
18.530
10.397
0.059
0.052
0.060
28.847
2.914
0.254
0.062
0.053
16.087
0.065
15.625
0.062
0.051
18.862
3.939
0.065
0.056
7.993
14.877
3.262
9.656
0.062
0.061
17.424
14.111
0.203
0.051
0.052
18.837
12.829
0.057
0.050
0.055
31.715
0.066
0.220
0.062
0.071
34.278
1.436
0.056
0.063
0.062
31.069
0.051
0.054
0.052
0.048
24.488
0.063
6.918
0.568
0.058
18.603
2.350
0.198
0.057
8.714
32.752
0.198
0.059
0.052
0.058
84.542
0.063
1.927
5.075
0.415
16.267
16.476
0.057
0.056
0.061
17.271
13.050
0.062
0.370
0.193
30.838
0.067
0.996
0.063
0.199
0.074
30.827
0.062
0.057
0.051
25.751
0.068
0.054
0.858
0.057
16.351
5.099
0.913
0.056
9.694
17.599
0.445
0.153
0.059
13.307
16.515
0.499
4.750
9.912
0.209
31.933
0.051
0.056
0.051
0.060
37.544
0.057
3.433
0.213
0.053
17.048
1.598
0.066
5.645
0.209
16.989
4.530
0.066
0.063
10.183
25.658
0.076
6.046
0.057
0.061
17.217
2.815
3.631
8.861
0.054
17.261
5.198
1.651
0.069
0.074
17.058
12.679
0.063
1.954
0.058
30.755
0.072
0.062
0.065
0.151
34.291
0.208
0.199
0.057
0.055
18.478
11.995
0.066
1.929
0.056
16.447
16.093
0.057
0.055
0.052
0.051
19.792
3.942
0.622
0.067
20.995
0.791
10.526
0.208
0.062
17.705
15.064
0.212
0.063
0.052
17.650
0.067
0.775
5.082
7.789
31.337
0.070
0.214
0.291
0.067
18.338
17.742
0.068
0.069
0.055
34.109
0.068
0.069
1.025
0.072
20.486
13.183
0.066
0.061
0.059
34.160
0.286
0.075
0.226
0.349
34.588
0.071
0.063
1.201
0.071
33.682
0.056
0.061
0.135
0.063
33.089
0.065
0.063
0.065
0.056
22.267
0.642
0.980
0.070
0.949
34.273
0.642
0.197
0.065
0.057
22.522
9.231
2.556
0.224
0.209
36.631
0.062
0.062
0.065
0.065
16.570
3.791
3.342
11.995
0.229
26.792
18.293
0.066
0.068
0.061
33.513
1.511
0.074
0.062
0.068
19.676
4.655
0.064
0.059
0.219
30.786
0.062
0.070
0.066
2.635
34.735
0.392
0.066
0.057
0.064
28.073
0.075
5.385
0.222
1.562
20.653
0.503
0.072
0.066
0.219
18.765
0.732
5.099
4.319
7.419
35.942
0.063
0.220
0.340
0.055
34.804
0.066
0.227
0.147
0.062
22.642
0.127
0.074
13.110
0.057
35.254
0.079
0.226
0.061
0.062
28.303
5.312
0.973
0.065
0.222
20.218
13.594
0.071
2.134
0.069
36.458
0.072
0.056
1.132
0.074
19.333
9.431
0.068
0.062
0.066
30.942
0.061
0.230
0.224
0.070
24.355
1.135
0.072
0.074
0.068
23.499
0.079
0.075
8.861
2.008
19.557
16.624
0.075
0.060
0.060
16.015
0.830
19.036
0.068
0.066
19.487
28.315
0.071
0.065
0.068
53.140
0.066
0.069
0.062
0.061
20.484
23.905
0.065
0.070
0.058
20.176
0.075
2.680
0.428
19.077
20.939
19.605
0.215
0.077
0.064
17.756
23.320
0.064
0.062
0.059
18.366
3.804
0.068
0.240
18.223
39.953
0.066
0.067
0.069
0.234
44.185
0.074
4.176
0.075
0.071
44.186
0.074
0.060
0.231
0.058
27.941
11.312
3.140
0.875
0.066
38.418
0.068
1.125
0.070
0.274
20.373
12.383
0.249
0.248
4.417
39.914
0.076
1.654
0.085
0.074
37.090
0.074
0.234
0.079
0.269
19.387
21.138
0.079
0.246
0.240
24.879
0.554
12.054
0.672
0.070
19.137
20.671
0.070
0.174
0.070
40.690
0.141
0.064
0.117
0.074
58.048
0.258
12.085
0.081
0.066
73.043
0.069
0.059
0.073
0.072
82.933
0.460
0.929
2.679
0.068
54.682
1.031
2.460
18.527
0.276
39.413
16.374
0.080
0.062
9.503
62.088
1.270
1.571
0.066
0.242
64.375
0.076
1.622
0.109
0.062
41.314
1.790
1.857
13.121
0.082
61.554
0.158
4.577
0.079
0.266
61.743
0.248
0.078
0.963
0.079
47.790
0.077
16.796
0.266
5.452
24.504
0.494
22.090
0.066
0.077
19.761
21.337
0.257
0.073
0.065
39.232
0.079
1.893
0.075
0.073
43.189
0.080
0.120
0.079
0.068
37.273
0.080
0.079
0.071
0.068
41.184
0.086
0.075
0.254
0.078
28.134
0.525
0.398
0.247
12.895
27.560
0.060
9.958
3.535
0.078
20.486
13.989
0.067
0.071
3.440
19.181
21.366
0.074
0.067
0.073
17.683
19.219
0.069
0.070
0.058
40.256
0.079
0.067
0.063
0.072
20.146
19.863
0.237
0.081
0.080
37.928
0.074
0.073
0.075
0.066
41.280
0.252
0.059
0.203
0.060
37.596
0.067
0.073
1.620
0.074
22.681
0.078
1.385
0.063
0.062
20.350
0.070
0.085
0.062
3.993
26.849
8.055
0.255
0.064
0.067
38.292
0.079
0.071
0.908
0.072
19.744
0.728
8.184
12.294
0.310
18.535
8.453
13.882
0.095
0.074
38.581
0.074
0.062
0.075
0.186
37.600
0.084
0.242
0.062
0.059
2.126
24.192
0.236
0.061
0.058
38.585
0.074
0.086
0.154
0.091
24.550
0.089
16.107
0.243
0.060
36.822
0.069
0.179
0.064
0.074
18.565
19.037
0.076
1.640
0.256
18.362
3.057
6.131
8.717
0.064
38.681
0.068
0.245
0.068
0.071
28.006
12.305
0.079
0.071
0.069
33.612
2.836
0.253
0.074
0.068
16.418
1.560
2.578
15.151
13.402
38.209
0.068
0.079
0.386
0.066
39.882
0.067
0.078
0.061
0.069
26.763
9.440
0.248
0.067
0.076
38.001
0.076
0.077
0.081
0.070
37.141
0.647
1.368
0.064
3.004
40.304
0.083
0.077
0.252
0.079
40.904
0.822
0.068
0.068
0.067
17.767
18.289
0.077
0.069
0.076
17.411
3.667
3.677
0.079
0.411
39.404
0.858
0.068
1.210
0.072
27.013
9.920
1.467
0.254
0.204
29.111
0.088
0.064
0.256
0.085
18.898
0.110
0.076
0.250
5.508
18.065
18.817
1.250
0.074
0.074
19.982
17.213
2.048
0.090
0.065
34.626
0.078
0.086
0.065
0.256
15.524
0.320
2.947
20.687
0.260
21.248
13.841
1.164
0.074
4.859
39.699
0.797
0.082
0.064
0.068
15.496
21.963
1.779
0.084
0.265
1.537
21.795
2.122
0.082
0.072
19.028
18.881
0.074
0.083
0.072
38.532
0.262
0.068
0.215
0.077
16.012
21.406
0.064
0.062
0.067
30.941
0.080
0.073
0.081
0.066
18.432
23.062
0.079
0.259
0.080
35.100
0.072
5.002
0.088
0.068
40.949
0.078
0.074
0.073
0.069
17.609
21.781
0.075
1.070
0.077
19.891
19.226
0.072
0.081
0.363
27.765
0.071
0.073
7.445
0.073
27.657
0.068
0.064
0.062
0.765
19.471
20.995
0.087
0.261
0.076
38.988
0.068
0.068
0.075
0.064
17.973
18.043
2.694
0.081
0.068
40.031
0.085
0.259
0.077
0.063
24.734
0.077
6.369
5.336
0.076
30.907
0.085
0.085
0.079
0.272
19.542
0.093
15.569
0.079
1.466
40.378
0.069
0.067
0.064
0.073
23.145
15.373
1.185
0.279
0.070
43.994
1.247
0.081
1.508
0.091
53.489
3.380
0.091
0.137
0.265
55.172
0.083
0.072
0.080
0.085
53.147
16.352
0.282
0.069
0.069
21.029
0.170
29.908
0.083
0.075
24.710
21.271
0.069
6.507
1.346
45.988
3.629
0.071
1.990
0.074
19.022
20.450
4.958
0.074
0.064
21.401
8.919
0.152
18.014
0.093
19.802
9.125
0.086
0.259
0.064
18.770
0.079
12.273
0.068
0.068
26.588
1.042
0.103
0.284
1.727
42.111
3.028
0.074
0.067
1.751
21.968
0.414
0.470
19.473
0.080
39.632
6.110
0.074
0.068
0.081
24.344
9.294
8.213
0.087
0.068
26.633
1.067
0.140
8.525
0.282
19.043
18.513
0.079
0.067
0.072
18.935
0.086
22.358
0.083
0.082
35.440
0.081
0.085
0.275
1.527
42.322
0.080
1.979
0.076
0.268
39.353
0.288
0.099
0.280
0.066
20.481
20.756
0.281
0.084
0.081
52.905
0.074
0.080
0.073
0.069
25.436
0.110
35.236
0.422
0.282
68.050
0.124
0.307
0.093
0.080
29.472
0.119
38.371
0.078
1.029
24.406
6.518
0.071
0.086
9.001
61.937
0.079
0.087
0.271
0.071
20.639
11.849
19.352
0.081
0.080
37.651
16.791
0.085
0.080
0.085
51.054
2.734
0.620
0.074
0.076
44.762
0.085
0.075
12.224
0.087
61.022
0.258
0.091
0.077
0.089
28.758
26.408
0.155
3.062
0.091
60.257
0.091
0.088
0.082
0.072
34.910
17.235
6.920
0.088
0.091
64.424
0.291
0.081
0.348
0.085
27.178
18.088
0.084
0.243
0.074
34.553
6.494
0.077
23.616
0.091
54.517
0.084
0.076
0.085
0.085
50.838
0.079
0.091
0.086
0.085
29.093
11.156
11.168
0.081
0.087
40.431
38.559
0.088
9.248
0.083
72.338
0.085
0.302
0.077
0.085
26.761
11.378
0.835
0.762
0.092
36.667
0.080
0.072
16.892
0.087
53.469
0.110
0.095
6.295
0.209
38.803
0.095
23.976
0.079
0.089
51.460
0.118
0.088
6.385
0.080
58.637
0.098
0.304
0.092
0.074
45.799
0.087
0.081
0.091
4.514
49.744
0.104
0.141
0.096
0.083
20.736
0.867
28.005
0.093
1.982
41.078
0.095
0.092
0.096
0.205
50.574
0.095
1.935
0.093
0.094
50.386
0.297
0.096
0.071
0.442
27.339
0.088
22.399
0.079
0.859
49.533
0.084
0.086
0.078
0.080
49.590
0.083
0.085
0.442
0.229
42.862
7.155
0.097
0.088
0.298
21.575
0.453
27.462
0.096
0.077
21.434
7.959
15.094
0.096
0.096
18.453
10.723
3.441
13.769
0.091
33.941
0.101
13.641
3.637
0.460
30.023
2.771
16.262
0.096
0.186
18.935
31.098
0.083
0.129
0.090
49.098
0.091
0.312
0.094
0.074
38.433
0.310
8.565
0.081
0.290
29.963
0.085
0.296
13.959
0.080
49.474
0.079
0.085
0.075
0.449
20.253
21.741
0.089
0.077
6.447
16.994
6.063
0.079
26.854
0.085
30.232
0.085
0.086
0.169
0.085
25.724
2.987
15.793
0.221
0.313
22.771
4.456
21.807
0.295
0.079
36.783
8.052
0.098
0.082
0.079
41.051
6.800
0.091
0.080
0.078
32.244
8.745
0.105
0.098
0.310
0.078
33.255
1.340
3.265
0.081
21.133
23.941
1.257
0.101
0.084
19.147
4.116
18.191
5.195
0.096
46.887
0.085
0.074
0.841
0.079
22.070
22.267
0.898
0.084
0.226
45.415
0.303
0.677
0.081
0.093
15.869
16.094
0.431
15.196
0.079
21.515
10.059
0.093
0.086
9.671
18.656
2.917
24.239
0.097
0.084
45.614
0.096
0.090
0.218
0.083
15.498
0.085
5.787
0.083
4.069
55.696
0.085
0.085
0.300
0.074
34.073
0.085
0.082
0.082
0.082
19.197
9.337
6.721
0.095
0.099
30.439
0.076
1.494
13.667
0.079
39.862
1.610
3.532
0.312
0.300
39.191
0.310
0.074
0.088
0.079
46.525
0.085
0.095
0.079
0.073
31.689
0.082
0.091
8.182
0.102
36.356
15.351
0.141
0.084
0.084
33.759
19.815
0.991
0.096
0.324
53.415
0.083
0.312
0.871
1.724
5.543
32.563
0.085
1.331
5.063
43.265
6.679
0.334
0.951
0.337
25.824
0.086
0.265
1.468
0.282
56.469
0.097
0.093
0.243
0.079
20.997
29.456
0.730
0.083
0.305
20.111
0.095
4.486
20.573
5.708
40.550
0.321
4.960
6.918
0.085
40.415
0.103
0.085
9.566
0.102
27.899
0.085
0.077
18.671
0.089
30.102
35.078
0.334
0.088
0.421
46.900
0.097
0.403
0.077
0.079
5.104
38.463
14.841
0.089
0.097
22.568
18.191
0.083
23.415
0.091
23.757
38.284
0.100
0.314
0.088
61.019
0.085
0.096
0.079
0.080
27.175
32.861
0.092
0.102
0.100
45.555
0.091
8.128
0.094
0.311
39.228
0.089
6.917
0.090
0.093
18.750
1.087
12.333
26.235
0.342
21.809
12.819
0.085
0.087
8.843
4.119
17.481
1.076
0.949
3.977
25.473
0.088
31.473
0.488
0.080
42.758
4.509
29.005
0.113
0.097
23.621
0.085
6.626
38.455
0.316
32.935
1.867
21.704
20.528
0.320
28.228
22.025
0.096
0.147
0.095
57.166
0.096
20.113
0.107
0.505
32.751
0.322
0.254
40.807
0.282
41.506
17.308
0.085
0.310
0.081
23.106
0.102
0.096
2.601
7.487
18.402
6.240
0.087
0.098
33.266
59.499
0.376
0.310
0.086
0.083
23.672
20.483
0.092
0.092
6.109
61.863
0.085
0.086
1.015
0.648
40.556
0.100
26.725
2.108
0.355
32.941
26.299
0.106
2.804
0.103
77.257
0.320
0.080
0.096
0.094
61.704
0.086
0.440
0.096
0.078
59.472
0.102
0.102
0.316
0.370
46.051
0.109
0.088
0.089
0.209
58.485
1.279
0.101
0.226
0.087
51.888
0.095
0.094
0.108
0.094
29.978
4.002
0.105
0.089
0.335
57.660
0.103
0.472
0.321
0.081
55.724
0.349
0.132
0.113
0.109
5.696
50.304
0.106
0.091
0.407
39.825
18.069
0.093
0.332
0.092
24.865
0.109
0.107
10.137
1.340
53.450
0.104
0.214
0.087
0.086
24.485
6.527
25.035
0.095
0.477
49.334
2.452
0.092
2.275
0.100
22.802
2.195
0.084
12.121
0.092
31.411
5.100
22.240
0.338
5.010
29.429
1.748
0.108
10.342
10.149
21.535
32.086
0.097
0.095
0.088
53.405
0.331
0.336
0.094
0.319
55.522
0.103
0.093
0.107
0.248
55.209
0.108
0.102
0.099
0.091
53.410
0.343
0.331
0.105
0.351
28.147
34.322
0.115
0.123
0.383
23.714
12.439
23.861
0.113
0.360
53.963
5.819
0.210
0.102
0.344
35.644
0.096
12.315
11.270
0.104
56.202
0.113
0.100
0.111
0.086
30.150
25.951
0.116
0.116
0.102
27.939
14.437
0.093
19.878
0.119
71.314
0.102
0.098
0.104
0.103
41.989
20.798
0.106
0.107
0.101
26.691
0.102
20.201
8.751
0.094
60.035
0.225
0.093
0.090
0.103
34.607
21.068
0.112
0.110
0.242
24.682
1.588
25.963
0.112
0.106
59.914
0.231
0.119
0.103
0.103
54.811
0.099
2.255
2.964
0.103
34.498
0.092
0.104
19.919
0.096
55.802
0.124
0.101
0.113
12.373
68.521
2.041
2.646
0.183
3.705
45.071
0.100
28.622
0.112
0.091
75.199
0.115
0.104
0.119
1.582
84.728
20.787
0.109
3.162
2.351
49.926
6.653
7.768
0.119
9.075
78.237
31.224
0.107
0.113
0.365
76.117
9.097
8.274
0.127
0.103
63.057
25.459
0.114
0.123
0.091
83.971
4.854
0.403
0.108
0.097
46.228
2.841
17.465
0.104
0.100
53.980
0.092
15.524
0.107
6.336
82.077
0.286
0.115
0.096
0.112
47.902
10.882
35.079
0.237
0.112
102.605
0.104
0.374
0.096
0.095
105.129
0.107
1.008
0.109
0.102
45.953
42.286
0.119
9.071
0.097
100.055
3.470
0.119
0.256
0.102
84.534
0.165
17.444
0.119
0.245
95.242
3.400
0.107
0.349
0.113
95.659
0.117
0.112
0.176
0.346
46.284
1.200
39.355
0.094
1.503
41.893
15.145
0.113
24.583
0.100
9.771
64.884
2.063
0.125
0.372
69.702
0.448
1.107
0.109
23.968
66.831
0.716
0.095
0.091
0.103
84.936
0.103
9.684
0.094
0.101
52.887
4.695
0.094
0.148
30.904
89.487
0.095
0.148
0.349
0.095
82.235
0.119
0.107
0.091
0.106
43.564
11.479
0.100
26.285
0.125
84.715
0.107
0.108
0.088
1.309
61.709
4.926
0.095
0.349
1.231
69.964
0.105
6.704
0.439
8.084
80.695
0.093
0.181
0.107
0.096
51.844
1.201
0.114
1.122
17.421
76.139
0.358
0.439
0.118
0.105
39.286
23.100
0.767
0.113
0.112
73.516
0.095
0.109
0.094
0.103
40.188
13.827
4.095
0.107
0.113
65.523
0.096
0.096
0.092
0.101
74.192
0.110
0.109
0.248
0.113
39.671
34.355
0.105
0.120
0.110
41.085
32.832
0.118
0.107
1.166
39.278
1.543
26.027
0.358
0.105
12.352
26.714
0.096
16.205
0.104
74.405
0.109
0.126
0.103
0.098
43.781
21.644
0.106
0.112
7.010
42.694
1.274
27.729
0.114
1.352
42.131
26.954
1.957
0.094
0.089
69.127
0.105
0.354
1.701
1.995
40.733
23.894
0.097
0.096
0.097
39.237
0.102
8.549
0.111
0.100
72.376
0.109
0.089
0.361
0.096
49.489
1.042
0.108
0.223
0.110
54.137
1.209
16.054
0.113
0.091
65.883
0.099
0.102
2.287
0.128
66.077
2.019
0.107
0.095
0.112
52.651
20.864
0.214
0.096
0.091
70.421
0.113
0.092
0.107
0.088
39.525
44.123
0.116
0.118
0.113
38.264
0.912
34.159
0.099
0.094
39.317
0.266
8.681
1.068
1.835
40.065
1.640
0.124
13.486
0.104
40.206
0.367
2.701
28.992
0.142
47.838
2.866
17.105
0.096
0.114
83.549
0.590
0.105
0.112
0.100
94.744
0.093
0.160
0.098
0.089
70.079
0.113
0.104
1.599
0.109
107.703
0.138
0.099
0.361
0.099
66.026
0.097
0.096
2.588
27.452
110.695
0.124
0.239
1.464
0.158
60.156
14.681
0.113
32.619
0.104
52.237
38.340
0.102
1.706
3.727
55.919
55.178
0.112
0.109
0.102
99.861
0.125
0.107
3.287
0.393
58.538
17.957
15.866
0.388
2.641
84.637
0.130
7.098
0.102
0.547
87.145
0.413
0.096
0.118
0.128
62.228
0.124
0.116
10.195
7.137
50.331
0.293
2.443
19.805
0.116
70.453
18.982
18.384
0.124
0.406
52.040
43.318
0.123
0.102
0.124
91.052
0.107
0.419
3.277
0.445
69.703
1.230
0.117
14.328
9.253
47.140
3.160
19.006
1.216
15.489
89.376
0.106
0.100
0.123
0.121
88.985
0.124
0.122
0.123
0.116
89.461
0.125
0.131
0.104
0.391
84.154
0.129
0.113
0.099
0.096
48.256
0.130
46.335
0.107
1.618
49.161
0.122
43.048
0.113
0.105
45.856
0.495
0.113
1.531
1.799
42.279
27.615
13.253
0.115
0.130
73.638
0.122
0.384
0.093
6.957
41.564
0.297
41.404
0.113
0.106
82.908
0.113
0.119
0.112
0.106
72.945
0.123
0.876
9.037
0.110
40.870
40.889
0.113
0.113
0.238
60.756
1.383
0.112
0.099
20.283
59.373
24.035
0.293
0.106
0.124
92.576
0.632
0.521
0.338
0.117
50.386
4.335
0.108
26.818
0.103
46.358
0.116
20.662
0.106
0.105
78.403
0.116
0.728
0.121
0.128
43.308
1.343
5.511
24.696
0.114
78.553
1.911
0.138
0.417
0.120
82.730
0.104
0.399
0.101
0.100
43.220
29.160
0.107
0.228
0.115
42.753
39.315
0.544
0.115
0.423
55.141
16.212
0.694
0.120
9.924
45.404
34.601
0.396
0.284
0.110
54.577
0.391
25.851
0.121
0.391
77.847
0.125
0.425
0.123
0.136
78.188
2.336
0.406
0.101
0.124
36.098
41.590
0.248
0.421
0.119
54.657
18.171
0.102
0.103
0.116
2.273
54.811
12.710
0.432
0.118
55.600
15.904
0.105
2.243
0.231
55.782
17.771
0.106
0.101
2.902
40.025
9.393
27.779
0.109
2.222
44.496
48.311
0.102
0.099
0.095
95.731
0.268
0.120
0.106
0.114
53.997
46.334
0.108
0.105
0.127
45.914
1.163
51.393
0.436
0.122
39.067
62.178
0.466
0.387
0.099
91.939
1.972
0.113
0.102
0.110
79.094
0.129
0.119
0.115
0.120
4.571
84.394
0.112
0.113
0.241
90.963
0.134
0.124
0.096
0.457
45.171
43.497
0.106
0.124
0.126
94.868
0.267
0.110
0.132
0.386
58.131
0.115
11.314
0.117
33.052
76.525
0.401
0.116
13.160
0.136
60.816
0.467
31.291
0.411
0.109
41.948
5.930
29.723
0.120
8.097
85.742
0.113
0.208
0.097
0.119
86.186
0.104
0.187
0.103
0.391
38.905
6.664
24.317
0.408
8.354
60.922
0.224
0.120
0.099
23.580
40.090
36.265
0.126
8.252
0.126
66.038
25.986
0.127
0.119
0.113
37.165
23.238
29.847
0.112
0.109
63.641
0.110
0.109
0.717
0.112
83.500
0.108
0.392
0.125
0.099
47.547
15.067
0.119
21.035
0.103
39.576
64.207
0.410
0.108
0.178
61.454
7.765
45.766
0.407
0.100
50.937
1.134
28.177
0.124
1.711
96.081
0.437
0.107
0.107
0.131
81.262
0.104
4.323
0.107
3.873
36.653
9.773
0.304
0.106
0.121
50.230
1.252
0.517
0.103
41.179
40.151
40.464
0.233
0.395
0.105
76.175
2.895
8.007
0.539
0.102
51.345
37.657
0.143
0.122
0.444
85.443
0.139
0.112
0.438
0.241
45.162
14.246
0.126
0.433
12.326
81.681
5.246
0.124
0.144
1.121
58.610
0.128
5.078
6.729
7.567
43.476
45.209
0.114
0.116
0.131
42.074
0.808
3.857
0.138
0.794
90.699
0.612
4.373
0.131
0.127
42.661
0.117
17.099
2.738
0.431
80.433
0.144
2.438
0.118
0.132
80.896
0.114
0.124
0.194
0.418
86.636
0.134
0.121
0.116
0.289
61.664
15.853
6.600
0.113
0.110
46.558
0.137
0.109
36.937
0.130
47.436
32.399
0.106
0.112
0.106
46.524
1.486
0.112
5.984
6.573
52.773
32.404
0.304
0.108
0.115
49.986
26.627
2.898
0.116
0.115
89.535
0.113
0.427
0.121
0.126
53.418
0.123
40.362
0.137
0.440
48.063
20.232
2.877
0.139
0.137
101.766
0.111
0.120
0.107
0.135
57.402
0.136
6.295
0.141
46.371
95.699
5.359
0.137
0.131
0.325
71.929
0.122
0.490
25.500
0.135
51.097
36.086
11.832
0.132
0.113
49.526
51.284
0.112
0.420
0.227
66.037
0.121
0.132
5.756
27.412
100.606
0.144
0.136
1.781
0.115
43.614
13.918
29.742
6.117
1.498
85.546
0.436
6.967
0.127
0.625
49.956
12.222
0.428
27.853
0.122
90.914
0.269
0.123
0.107
0.109
45.885
0.116
13.138
32.444
0.143
87.984
0.135
0.136
0.132
0.476
91.210
0.137
1.008
3.656
0.127
100.397
0.129
0.127
0.113
0.485
104.608
0.140
0.136
0.473
1.109
67.471
26.540
0.108
0.106
0.281
97.877
0.122
0.286
0.120
0.121
99.159
0.204
0.106
0.106
0.417
39.805
56.939
0.248
0.106
0.119
63.244
34.751
0.421
0.105
0.137
43.286
3.751
34.771
0.163
7.790
72.328
18.697
12.775
0.441
0.114
45.273
2.421
1.547
41.367
0.123
69.654
0.998
0.131
0.122
5.883
44.205
44.759
0.129
0.630
0.438
40.304
28.965
15.105
0.140
0.432
46.934
0.601
38.923
0.145
0.132
41.097
7.208
0.127
27.347
0.120
86.433
0.136
0.737
0.201
0.107
43.221
2.967
36.418
0.462
4.053
57.216
0.109
26.745
0.138
0.133
83.516
0.114
0.118
0.555
0.433
80.614
0.137
2.702
0.114
0.434
81.755
0.118
0.136
0.127
0.136
60.362
0.117
0.131
0.114
19.727
83.853
0.125
0.113
0.119
0.235
83.155
0.125
0.124
0.131
0.527
40.093
20.518
0.132
19.869
3.535
42.522
30.395
0.122
2.719
0.938
50.628
0.130
2.289
0.118
20.065
78.300
0.105
0.110
0.119
0.120
38.888
0.197
0.731
5.042
15.226
35.657
23.453
0.118
0.429
24.649
9.014
87.885
0.130
0.296
0.113
66.195
0.112
23.986
0.141
0.486
104.091
0.120
0.141
0.425
0.224
11.914
36.472
44.499
18.186
0.128
120.343
0.187
0.138
0.127
0.124
56.703
3.165
0.122
48.747
0.440
115.538
0.116
0.428
0.125
0.485
46.961
1.034
4.924
30.251
0.118
99.114
0.657
0.130
0.121
0.124
54.834
54.073
0.147
1.912
0.120
98.951
0.898
0.604
0.125
0.136
85.292
0.128
17.899
0.113
2.826
70.625
1.668
3.071
0.114
0.259
67.245
0.124
27.557
0.471
0.142
43.731
0.125
2.050
0.118
2.771
85.448
7.595
0.608
2.357
0.130
64.555
0.118
11.520
17.889
0.136
51.276
46.739
0.499
0.115
0.136
68.944
0.478
1.313
0.561
0.137
84.214
0.206
0.464
0.200
10.779
45.211
51.916
0.147
0.113
0.112
48.927
22.074
0.114
3.660
1.258
60.803
43.547
0.147
0.125
1.708
65.282
0.123
6.554
0.144
42.527
76.548
1.602
27.104
5.614
0.137
100.237
0.131
0.113
0.451
0.129
93.430
0.144
0.274
0.142
0.114
92.313
0.155
0.122
0.111
0.122
49.198
1.372
38.594
0.600
0.127
59.393
0.526
0.124
0.113
22.845
63.289
20.999
0.485
0.136
1.103
43.848
45.057
0.147
0.443
0.440
85.196
3.535
1.267
0.115
0.134
51.074
40.867
0.151
0.118
0.134
71.487
0.133
0.144
0.481
17.233
48.823
37.731
0.126
0.120
0.110
42.285
0.911
39.388
7.569
0.450
69.911
0.136
0.107
5.816
0.118
88.719
0.123
0.121
0.111
0.131
39.267
2.703
2.980
34.178
0.164
35.438
10.735
3.028
31.202
0.115
84.782
1.244
0.113
0.141
0.121
86.280
0.119
0.141
0.127
0.127
62.732
0.123
24.256
0.143
0.114
96.703
4.578
0.349
0.143
0.440
70.344
0.155
0.130
0.114
42.730
107.090
0.459
0.124
0.111
0.169
55.269
62.118
0.206
0.123
0.127
58.493
0.121
0.142
0.112
0.111
104.787
0.154
0.133
5.393
0.235
64.964
9.110
26.601
0.164
15.972
48.604
26.810
28.983
0.532
0.131
45.667
24.471
37.291
1.432
0.201
100.754
0.128
0.146
0.128
0.253
105.964
0.126
0.126
0.141
0.516
87.625
10.888
0.128
0.558
0.142
50.992
48.075
0.128
0.315
0.142
3.981
44.283
20.907
32.117
0.125
51.216
14.215
0.148
0.139
49.989
92.743
4.123
0.141
0.130
0.546
93.382
0.134
0.472
2.703
0.123
53.463
0.597
0.117
13.012
36.209
112.971
0.136
0.126
0.114
0.112
103.153
0.190
0.487
0.157
0.530
46.890
41.147
4.211
0.123
0.136
44.219
9.306
15.212
0.126
13.442
94.137
0.125
0.117
0.136
0.119
3.571
95.006
0.121
0.137
0.113
94.641
0.158
0.124
0.140
0.247
93.587
1.101
0.145
0.143
0.135
90.801
2.405
0.663
0.137
0.125
90.014
0.148
0.136
0.602
0.114
84.916
0.150
0.112
0.183
0.146
84.084
0.145
0.125
4.315
0.139
42.992
0.491
43.296
0.126
0.469
92.737
0.143
3.100
0.564
0.510
37.522
56.260
0.152
0.136
0.166
49.879
0.146
7.393
39.056
0.129
37.768
18.942
0.157
34.941
0.136
50.513
8.077
30.331
0.140
0.287
94.194
1.254
0.507
0.146
0.137
90.255
0.140
0.504
0.138
6.928
87.133
7.652
0.147
0.148
0.136
56.364
0.158
2.216
1.519
2.458
66.789
1.875
0.502
0.123
24.160
116.292
0.157
1.792
0.149
0.597
127.432
0.129
0.669
0.151
0.159
116.580
0.159
0.154
0.163
0.808
103.006
14.995
0.154
0.158
0.488
96.729
0.163
1.201
27.447
0.147
60.384
4.929
8.528
3.872
54.415
102.482
0.131
16.023
0.158
9.614
132.057
3.086
0.718
0.150
0.124
59.404
32.061
0.496
0.154
0.706
67.738
56.464
0.130
0.162
0.132
113.664
0.148
0.508
0.133
0.219
86.259
0.232
32.204
0.218
0.506
118.211
0.160
0.149
1.959
0.657
57.165
41.461
0.540
0.493
21.983
113.843
0.148
0.163
0.123
0.123
111.393
0.147
0.263
9.222
0.146
80.890
0.153
0.121
0.136
22.341
109.796
0.145
0.129
0.547
0.142
58.866
0.130
10.132
52.115
0.130
59.709
0.145
8.589
42.967
0.488
51.479
57.330
0.147
0.665
0.129
107.451
0.135
0.124
0.232
1.730
61.995
0.130
46.640
0.152
0.154
69.082
2.712
0.123
7.560
0.158
74.583
0.134
31.947
0.135
2.016
99.716
0.147
0.380
0.127
0.484
54.711
32.666
0.478
0.297
12.115
53.543
32.519
17.342
0.129
0.138
102.644
0.154
0.150
0.135
3.967
53.377
9.776
0.121
10.489
25.397
60.877
33.153
2.759
0.138
0.120
99.523
0.491
0.116
0.135
0.136
98.701
0.153
0.136
4.885
0.158
84.812
18.391
0.153
0.213
0.143
92.848
11.282
0.142
0.135
0.222
61.055
42.274
0.128
0.132
1.580
96.238
0.132
0.133
0.142
6.681
98.489
9.277
0.123
0.156
0.481
68.989
18.406
38.995
0.257
0.148
123.295
0.140
0.139
0.120
0.135
73.804
59.296
0.151
0.153
0.130
67.232
30.546
0.148
42.378
0.146
98.742
41.717
0.151
0.128
0.137
62.132
3.547
22.357
41.348
0.287
91.510
0.134
0.195
36.578
0.666
114.026
0.140
0.226
1.330
2.083
57.671
50.191
0.144
15.370
0.555
2.281
66.711
45.338
0.277
0.143
121.440
0.149
0.559
0.161
0.138
131.637
5.019
3.992
0.166
0.237
89.666
0.152
12.835
11.614
0.164
63.782
1.862
7.122
55.341
0.146
90.494
11.472
0.143
0.156
0.572
86.336
42.536
0.367
0.157
0.128
83.241
1.773
0.543
33.530
0.540
61.317
16.002
3.084
0.349
0.405
70.068
62.533
0.158
0.149
0.153
88.538
0.137
0.168
0.173
1.315
76.433
29.617
0.137
0.140
0.163
52.538
0.341
4.656
53.715
0.151
117.749
0.681
0.148
0.160
0.157
118.742
0.165
0.169
0.155
2.821
103.382
0.166
9.611
3.891
0.169
128.650
0.540
0.143
0.297
0.134
51.795
13.755
46.628
0.147
1.703
65.157
15.769
6.578
32.282
0.520
81.737
32.313
0.704
0.132
0.149
76.838
35.175
0.223
0.130
0.512
63.863
14.714
0.648
0.138
0.140
2.066
103.421
0.142
0.146
2.681
114.499
0.333
0.136
0.128
0.153
111.482
0.516
0.128
0.575
0.133
83.779
26.198
0.154
0.162
0.126
56.591
0.129
21.631
0.507
21.383
121.330
0.303
0.509
0.146
0.128
62.109
5.719
62.726
0.181
0.169
138.151
0.220
0.186
10.514
0.548
152.514
0.607
0.145
0.503
0.143
106.933
29.132
0.205
0.148
0.515
67.208
1.957
35.102
26.118
0.529
59.516
0.215
0.129
67.861
0.577
115.755
0.169
0.146
0.173
0.329
89.722
0.144
2.918
43.169
0.388
116.478
25.023
0.137
0.149
0.158
68.408
0.165
0.193
0.149
0.131
65.715
56.034
0.168
0.139
0.223
68.089
20.024
0.136
0.226
0.139
106.888
11.843
0.148
0.170
0.610
65.718
52.598
0.155
0.499
0.238
78.347
17.296
0.145
0.187
0.160
117.357
0.165
0.136
0.137
0.126
124.951
0.620
0.507
0.532
0.488
85.964
28.968
0.522
0.496
0.141
50.105
20.949
0.136
34.994
4.621
77.347
0.197
25.189
0.141
0.157
57.931
2.905
51.939
0.167
0.157
60.677
0.170
51.147
0.134
0.501
113.698
0.632
0.163
0.145
0.517
70.520
43.497
7.498
0.160
0.560
49.702
62.121
0.145
0.138
0.155
80.956
0.159
1.592
0.156
30.183
69.785
34.853
0.134
0.136
0.124
77.776
32.497
0.686
0.124
0.127
70.859
2.792
28.953
0.169
1.758
114.262
0.149
0.166
0.173
0.169
95.240
0.152
0.153
0.170
0.139
62.792
1.313
0.170
3.765
47.505
118.181
0.180
0.158
6.532
0.161
126.552
0.142
0.142
0.142
0.169
72.163
21.363
0.436
49.918
0.138
147.868
0.542
0.158
0.284
0.532
71.112
78.646
0.640
0.145
0.168
143.950
0.169
0.673
9.310
0.179
107.299
29.083
0.172
0.144
0.161
124.387
4.322
0.177
8.609
0.162
144.894
0.138
0.163
0.714
0.466
101.375
0.136
0.153
33.827
0.152
132.861
0.178
7.193
0.147
0.342
123.195
0.575
0.167
0.158
9.540
121.538
14.017
0.175
0.169
0.327
4.365
7.732
97.540
0.534
0.225
67.232
3.695
52.824
10.232
0.623
131.395
0.140
2.312
0.170
0.138
125.527
0.194
0.149
0.148
0.144
141.468
0.159
0.159
0.197
0.136
64.369
65.990
0.513
0.540
0.154
125.110
0.144
0.675
0.140
0.162
64.762
62.531
0.129
0.132
0.162
87.729
0.140
29.960
0.166
0.530
124.903
0.548
0.162
0.168
0.543
76.905
0.529
32.350
14.440
0.287
54.853
65.237
0.552
0.146
0.153
61.632
1.806
1.059
3.688
55.101
122.110
0.155
0.135
0.127
0.134
62.711
8.300
41.330
0.529
0.134
114.005
0.147
11.655
0.155
0.137
61.830
26.264
3.489
0.176
0.169
92.084
0.134
0.222
0.136
0.130
118.357
12.513
0.540
0.165
0.144
88.206
37.008
0.144
0.152
0.153
66.962
0.901
57.532
0.135
0.702
66.994
59.348
0.152
0.654
0.142
76.359
50.892
11.009
6.825
0.149
101.293
30.335
0.180
15.529
0.601
126.427
0.145
14.865
0.162
0.599
139.725
0.168
0.158
0.141
7.610
84.572
51.750
0.155
0.154
0.158
75.247
29.946
6.913
0.579
0.139
82.896
56.645
0.238
0.156
0.163
130.683
0.631
0.168
0.147
8.328
130.718
8.561
0.161
0.181
0.146
64.398
76.172
0.326
0.153
0.153
111.569
22.233
0.146
0.526
0.211
99.807
12.226
8.739
0.140
3.545
117.087
19.350
0.166
9.488
0.188
106.840
9.202
0.592
0.154
35.449
145.992
0.148
0.178
0.280
0.170
152.826
0.236
0.694
0.199
0.396
148.649
0.169
0.161
0.141
0.160
152.218
0.187
0.572
0.140
0.170
83.744
0.179
35.820
0.560
0.311
155.691
0.147
0.144
0.173
0.307
75.657
3.000
20.009
2.020
0.679
124.460
3.864
0.159
0.167
0.144
74.746
28.928
0.643
0.168
1.658
81.631
49.328
0.172
0.293
0.145
84.013
44.544
0.167
12.295
0.711
138.404
3.274
0.163
0.148
0.805
150.757
0.579
0.161
0.174
0.288
140.653
0.146
0.161
0.561
0.286
137.686
0.155
0.957
0.449
0.176
144.765
0.152
0.173
0.161
0.142
105.629
5.896
0.141
30.446
0.573
130.120
12.402
0.147
3.984
0.174
141.278
0.298
20.538
0.184
0.179
174.368
0.186
0.143
0.172
0.144
142.641
21.621
0.219
0.222
0.207
103.679
72.709
0.146
0.155
0.153
163.135
0.559
0.648
0.141
0.167
85.662
26.113
0.159
6.601
0.733
116.054
39.171
0.240
0.146
0.172
118.900
0.170
36.891
0.155
0.144
131.250
0.152
0.182
0.168
17.952
92.797
54.515
2.520
3.047
1.015
112.575
0.162
0.168
0.558
0.145
87.491
5.090
59.689
0.169
10.487
10.313
138.596
0.571
0.151
0.237
78.587
79.109
0.137
0.162
0.156
87.834
0.162
68.370
0.287
0.578
143.625
0.173
0.173
0.161
0.144
150.217
0.171
0.134
0.543
0.541
141.847
0.161
8.225
0.170
0.145
87.041
13.385
38.011
0.175
0.154
85.160
11.931
12.187
28.765
0.166
144.172
0.138
2.405
0.147
0.149
99.146
0.136
0.137
33.183
9.392
83.105
0.152
67.908
0.669
0.162
140.576
4.772
0.141
0.357
0.153
132.529
0.170
0.152
10.822
0.160
116.659
0.151
0.675
0.222
15.482
80.992
57.793
0.149
0.169
0.576
86.147
0.186
63.158
0.569
0.159
91.075
1.714
53.793
0.147
0.163
149.859
0.155
0.167
0.951
0.630
126.835
0.172
47.031
0.182
0.791
167.491
0.261
0.190
5.651
0.698
134.881
0.179
42.398
0.181
8.550
184.117
0.581
6.681
0.459
0.145
168.292
0.156
2.309
5.325
2.129
108.970
16.470
0.187
31.248
0.181
96.441
62.471
3.962
0.151
0.154
155.580
0.169
6.895
0.603
0.150
94.500
1.490
77.906
0.178
0.147
119.283
0.577
38.312
0.627
0.280
161.332
0.180
0.154
0.169
0.334
162.059
0.636
0.151
0.143
0.671
88.345
0.143
1.858
41.450
0.183
108.408
3.121
35.335
0.178
0.244
100.248
87.622
0.362
0.574
0.137
170.660
0.157
0.145
0.168
0.316
98.312
1.054
3.329
61.703
0.157
122.519
0.154
0.187
0.284
43.726
88.219
58.451
0.160
0.177
0.594
180.996
0.142
0.659
0.147
2.038
174.813
0.155
0.563
0.141
0.183
164.952
0.157
0.557
0.154
0.147
99.080
73.241
0.361
0.353
0.557
108.869
0.580
16.154
2.118
0.164
106.307
72.534
0.209
0.171
0.182
158.212
0.579
2.597
0.148
7.228
104.386
0.597
9.952
55.867
0.172
98.408
34.326
12.395
0.170
0.149
109.324
42.539
41.227
0.143
0.161
111.446
83.384
0.250
0.191
0.166
199.264
0.739
0.142
0.157
0.590
161.388
0.184
28.875
0.150
0.158
113.861
72.879
0.648
0.138
0.138
133.062
41.350
8.604
0.170
0.136
115.414
21.176
0.155
44.544
0.155
178.653
0.183
0.166
0.648
0.165
175.931
0.355
0.270
0.176
0.147
138.563
0.202
1.110
0.258
52.404
116.580
20.634
68.749
0.151
0.775
206.206
0.153
0.147
0.346
0.176
112.653
78.687
0.616
0.155
0.171
112.246
79.347
0.169
0.181
0.174
107.438
66.028
1.219
0.181
0.190
189.422
0.185
0.261
0.573
7.839
100.159
74.685
0.801
0.153
0.184
174.997
0.190
0.168
0.669
0.180
117.517
22.944
0.150
0.189
0.175
8.033
163.538
10.491
0.159
0.160
116.753
13.107
10.776
0.596
0.146
170.591
11.293
0.739
0.148
0.191
178.810
0.150
0.145
0.606
0.176
112.738
11.171
0.830
3.026
0.171
179.331
0.727
0.608
0.181
0.194
168.082
8.800
0.579
0.185
0.153
206.802
0.617
0.143
0.162
0.162
150.678
56.907
2.331
0.172
0.635
189.431
7.340
9.321
0.727
0.150
148.407
0.169
0.158
45.198
12.034
128.402
85.586
1.620
0.172
0.179
114.960
0.158
82.649
0.652
0.323
150.442
0.165
0.171
15.105
24.023
184.667
0.144
2.924
1.194
0.169
176.462
3.861
0.186
0.158
0.304
196.694
0.177
0.168
0.774
0.160
184.969
0.790
0.166
0.325
0.171
107.341
10.989
2.530
66.868
0.737
208.740
0.580
2.179
0.178
0.662
105.857
96.689
0.162
0.158
2.057
111.049
1.009
61.726
0.153
8.316
139.072
0.163
0.141
0.147
0.168
177.052
0.154
0.182
0.156
0.145
135.852
40.535
0.164
0.192
0.169
98.257
84.982
0.155
0.151
0.302
166.426
0.177
0.597
0.177
0.175
169.622
8.654
0.149
0.157
0.578
107.041
37.711
38.958
0.197
0.743
168.565
0.185
0.192
0.229
11.675
187.223
0.175
0.177
0.152
0.155
175.164
0.688
0.147
0.646
10.051
202.968
0.181
0.147
0.203
0.187
148.056
42.869
0.148
0.671
0.146
141.287
0.168
0.713
0.140
1.873
193.830
0.732
0.162
0.677
0.623
191.607
0.659
0.579
0.687
0.175
110.271
1.262
67.186
0.203
0.197
188.310
0.160
0.157
0.203
0.276
193.332
0.161
0.230
0.177
0.609
163.714
0.180
22.186
11.829
0.212
115.400
28.707
0.194
44.950
0.175
196.214
0.163
0.184
2.314
0.152
113.862
101.447
0.177
0.220
0.178
145.673
47.923
3.550
4.417
0.166
108.688
65.140
0.157
0.180
0.189
132.474
44.273
0.180
0.150
2.641
126.213
49.442
0.172
3.339
0.180
176.311
0.171
0.187
0.158
0.172
185.579
1.300
0.149
0.156
0.171
119.547
49.910
0.161
0.727
2.601
113.823
0.189
0.321
3.409
0.166
162.465
0.285
0.179
0.186
0.141
98.751
74.019
0.177
0.180
0.184
170.520
0.196
9.630
0.173
0.165
168.960
6.081
3.050
0.586
0.145
178.378
0.792
0.671
0.149
0.178
145.178
47.458
0.701
0.167
1.573
198.292
0.166
0.166
0.159
0.748
211.351
0.190
0.179
0.150
0.390
114.934
18.110
19.666
56.014
0.189
134.828
0.217
49.334
0.255
0.167
182.378
0.161
0.156
0.186
0.162
143.237
0.266
0.173
59.258
0.165
184.046
0.327
0.176
0.147
0.714
100.774
71.221
4.679
1.982
0.203
188.711
0.184
0.214
0.190
5.245
1678.358
0.228
21.867
1.094
0.393
115.218
76.967
14.381
0.182
0.347
124.726
25.095
0.171
0.158
0.191
163.072
0.632
0.158
20.173
0.191
109.578
81.201
2.265
0.169
0.198
188.771
0.240
0.186
13.941
0.642
188.667
0.190
0.800
0.160
0.197
190.002
0.158
0.155
0.179
0.614
133.353
50.637
0.186
0.172
2.016
139.004
0.201
48.529
0.156
0.168
183.604
3.418
0.348
0.181
0.168
117.296
51.614
4.764
0.168
0.158
203.407
0.195
0.172
0.203
0.391
202.505
0.193
0.770
0.158
0.180
218.394
0.214
0.632
0.183
0.335
20.945
90.999
12.012
77.097
0.164
106.784
83.193
0.159
0.199
0.173
107.241
85.000
0.244
0.192
0.185
195.711
0.167
0.177
0.719
3.429
184.494
6.947
0.152
0.383
0.165
193.123
0.233
0.167
0.298
1.639
187.838
0.169
0.197
8.622
0.597
194.557
0.181
15.576
0.207
0.602
184.045
11.106
0.395
0.187
0.610
183.027
0.177
0.201
3.245
0.176
177.555
0.613
0.146
0.701
0.600
136.771
0.163
0.163
0.182
0.147
138.103
38.462
0.172
0.608
0.189
2480.712
0.547
0.226
52.494
0.182
135.527
0.664
0.161
0.160
42.801
179.744
11.951
0.196
0.173
0.756
170.889
5.288
0.221
0.217
0.196
106.855
2.790
0.205
1.806
11.645
120.585
78.262
0.205
0.180
0.163
186.991
5.700
0.206
0.235
16.349
236.366
0.182
0.170
0.193
10.280
118.820
33.074
14.117
7.132
0.397
211.123
0.728
0.181
1.726
0.638
200.366
0.632
0.192
0.360
0.158
104.101
82.390
0.192
0.183
0.181
117.736
3.518
0.181
0.339
1.658
113.890
67.102
0.292
0.629
8.241
184.591
0.703
0.145
0.148
0.153
177.454
0.693
0.189
0.438
0.205
194.833
0.191
0.658
0.610
0.708
110.454
95.053
0.202
0.695
0.169
186.476
0.162
0.241
0.161
0.608
116.624
24.186
59.091
0.177
0.165
179.231
0.172
0.180
5.189
0.176
182.915
2.571
0.158
0.613
0.188
131.732
2.769
38.233
0.203
9.130
31.802
150.164
0.174
0.148
0.151
170.095
0.195
7.712
0.217
0.321
165.766
0.206
0.163
0.171
0.202
100.159
69.911
0.608
0.163
0.149
135.652
0.173
33.503
0.165
0.600
128.286
47.876
0.204
0.277
0.170
142.221
42.733
0.277
0.165
0.165
154.945
54.531
4.642
6.027
0.173
115.925
104.771
0.270
16.953
0.821
150.448
0.185
59.720
0.186
0.154
207.739
0.204
0.200
0.199
0.184
100.835
6.416
77.401
0.237
0.766
194.591
0.174
6.505
0.185
0.297
153.617
53.127
0.199
0.180
0.181
124.370
0.192
36.810
0.640
51.006
107.283
26.631
7.904
57.912
0.204
201.521
0.740
0.179
0.602
0.254
113.151
0.158
48.964
0.167
0.156
194.791
0.184
6.485
5.403
0.621
189.544
0.192
0.204
0.182
0.198
171.102
0.184
12.784
0.177
0.769
130.338
55.258
0.611
0.282
0.164
100.165
80.610
0.173
0.198
0.195
121.521
18.243
0.188
0.166
37.779
112.438
63.034
6.789
0.156
0.181
174.376
0.160
0.201
0.636
0.237
182.153
0.175
0.181
0.177
0.629
108.382
18.656
25.260
0.620
29.654
151.815
0.157
14.044
0.168
0.681
108.436
80.771
0.174
0.315
0.167
113.027
37.457
40.703
7.084
0.212
213.824
0.209
0.200
0.768
0.182
219.355
0.159
0.179
0.803
0.174
145.098
0.159
32.694
7.563
10.120
106.624
3.564
11.546
0.174
0.156
129.960
0.211
53.337
0.925
0.175
191.483
0.739
0.149
0.153
0.150
132.345
66.263
0.186
0.357
0.194
204.983
0.625
0.257
0.186
0.182
195.978
0.245
0.193
0.167
12.921
103.579
82.729
0.219
0.199
2.606
204.468
0.862
0.206
0.166
0.199
112.323
87.144
0.722
0.196
0.160
199.344
0.188
0.184
0.175
0.845
204.059
0.211
1.284
0.184
0.209
120.791
10.361
0.907
0.202
61.328
165.763
0.167
0.197
0.834
0.173
142.562
54.119
0.209
0.216
0.209
200.032
0.180
0.193
0.203
0.744
186.289
5.159
0.166
0.721
1.855
105.867
33.469
0.217
0.161
0.785
199.363
0.364
0.211
0.214
13.602
132.706
0.695
28.854
0.188
0.672
167.628
0.167
0.199
48.109
2.854
161.561
11.905
0.214
46.972
0.260
220.656
0.190
0.213
0.185
0.275
204.892
0.786
0.183
0.218
0.192
104.154
3.224
1.671
14.476
0.199
103.618
86.210
3.973
0.664
0.335
206.283
0.157
0.184
0.165
0.813
161.200
0.180
24.421
0.183
0.201
108.272
88.821
0.759
0.158
0.153
152.134
0.189
47.224
5.518
1.453
115.897
37.970
2.511
1.897
0.704
93.247
45.367
46.996
0.158
0.304
136.853
50.527
0.316
0.160
0.164
100.695
71.478
15.579
0.213
0.177
112.659
9.711
56.241
0.651
0.196
163.912
21.253
0.201
0.205
0.172
183.854
0.198
0.171
0.185
0.346
181.192
0.250
0.174
0.170
4.222
182.339
0.206
0.199
0.299
4.054
183.984
0.163
0.189
0.163
0.292
186.219
0.185
0.716
2.110
0.207
110.954
83.318
0.226
2.775
0.181
205.278
15.448
0.190
0.179
0.174
142.373
56.395
0.184
0.214
9.975
163.873
0.200
0.181
58.896
0.859
154.093
2.061
0.307
0.213
63.944
149.153
0.756
0.160
0.181
0.165
112.867
7.891
74.864
0.698
0.282
206.173
0.845
0.212
0.211
0.762
113.937
3.752
12.775
73.601
0.172
147.267
2.689
0.164
11.051
0.173
119.726
89.050
0.184
0.180
0.782
136.555
0.196
0.181
89.283
0.182
121.114
0.212
28.113
7.278
37.468
142.085
4.973
0.184
0.662
0.801
125.111
26.791
0.676
2.661
5.840
132.041
58.824
0.211
9.979
0.716
211.026
0.196
0.200
4.115
0.178
160.537
0.232
0.162
44.813
15.314
150.822
0.188
0.181
1.378
3.874
205.300
0.185
0.203
0.789
0.173
183.747
44.227
0.395
0.211
0.198
139.996
0.451
48.809
31.292
0.175
148.176
95.944
0.223
0.327
0.174
180.457
63.728
0.191
0.218
0.951
135.346
55.212
35.037
8.551
0.357
141.204
52.021
42.745
0.750
0.683
172.790
0.716
0.169
0.195
57.652
27.623
191.803
0.175
7.344
0.752
223.011
0.165
0.326
0.159
0.176
216.830
0.293
0.177
2.367
0.185
129.525
0.177
97.017
0.190
0.160
218.096
0.648
0.185
0.687
0.208
222.427
0.649
0.719
3.992
0.205
207.772
0.163
0.194
0.182
0.179
130.624
78.247
0.221
0.175
0.185
118.457
92.445
0.657
0.167
0.781
232.004
4.277
0.192
0.173
0.217
218.027
4.669
0.171
3.680
0.203
123.876
0.847
88.033
0.181
0.188
141.683
77.674
0.208
0.187
0.327
236.177
9.002
0.219
0.734
0.179
143.270
101.023
0.211
2.525
0.190
142.341
112.041
1.918
0.758
2.264
148.089
2.079
5.063
104.688
0.203
155.009
24.940
0.189
4.176
0.194
244.181
0.234
0.920
0.181
12.115
148.675
28.441
0.203
0.843
1.642
250.356
0.182
4.066
0.850
0.190
184.388
0.299
0.199
55.167
0.173
139.302
0.189
86.453
12.529
0.218
154.604
1.194
79.809
3.985
2.682
137.491
114.251
0.176
0.226
0.182
228.538
0.182
7.646
0.769
0.213
198.511
0.213
0.167
0.211
32.151
174.593
0.196
6.195
0.211
5.918
144.186
97.035
0.186
0.208
0.809
143.029
0.224
16.688
10.814
0.180
218.653
0.224
0.176
0.218
0.761
147.549
72.232
0.232
0.209
0.171
205.399
0.700
19.315
0.181
0.810
255.437
0.188
0.181
0.174
0.799
195.764
0.726
69.465
0.181
0.182
137.636
1.475
12.881
80.669
0.332
136.103
87.699
0.297
0.702
0.211
137.588
103.324
0.888
0.164
0.428
134.215
15.130
0.218
35.080
38.382
247.402
0.373
16.848
0.225
0.218
143.468
92.737
0.322
0.220
0.209
267.606
2.879
0.215
0.173
0.201
242.347
0.225
0.179
0.218
15.149
4.490
146.966
0.224
93.859
8.673
132.510
94.664
0.189
0.196
0.224
224.799
0.183
0.173
0.224
0.747
176.388
51.912
0.178
0.210
0.800
211.356
0.218
0.837
0.216
0.693
125.746
40.567
21.509
0.181
0.676
214.922
0.201
0.326
1.972
0.216
125.625
36.512
45.907
0.215
0.401
214.909
0.200
9.051
0.215
0.658
132.054
39.499
0.304
33.959
0.835
172.748
0.190
0.199
33.002
0.861
151.376
0.877
0.202
0.267
5.233
145.652
106.667
0.171
0.830
2.043
138.358
42.508
6.429
59.519
0.276
143.665
93.698
0.190
0.192
0.285
133.214
92.997
0.228
0.195
0.299
188.372
0.777
12.310
28.214
1.848
194.940
0.177
0.174
0.305
0.172
194.177
27.948
0.199
0.187
10.343
135.510
7.675
0.220
110.123
0.216
232.903
0.214
0.195
0.208
0.170
164.453
2.118
11.407
0.169
0.203
166.418
0.188
60.345
0.171
0.182
220.580
4.752
0.223
0.357
0.692
141.942
0.195
22.312
6.469
0.192
171.851
0.182
0.176
0.180
5.727
137.746
1.254
0.215
21.906
53.050
225.927
0.212
0.178
0.187
0.194
144.083
9.653
0.230
0.200
9.974
228.899
0.287
0.181
0.703
6.360
162.435
99.186
0.361
0.207
8.318
142.076
112.232
0.229
0.245
0.209
159.009
53.456
1.576
0.205
0.258
250.020
0.713
0.287
0.711
0.259
144.062
115.750
0.350
0.177
0.223
188.044
48.887
0.200
0.219
0.203
228.826
0.242
0.360
15.543
0.308
150.331
90.960
0.195
0.791
6.919
261.079
1.542
0.210
0.201
6.445
143.247
102.165
0.188
0.192
0.181
131.439
0.168
0.183
13.752
0.212
161.247
3.235
0.206
59.890
0.186
174.329
43.479
0.198
0.190
0.171
225.765
16.358
0.183
0.226
0.217
229.739
0.171
0.263
0.187
0.210
221.409
0.308
0.681
0.215
0.201
116.560
37.653
0.203
0.224
54.933
137.873
79.741
0.247
0.205
0.203
239.160
0.684
0.370
0.171
0.192
241.208
0.225
0.783
0.180
0.734
149.196
106.040
0.178
0.220
0.166
200.095
0.187
67.550
0.567
0.211
135.108
4.867
5.099
0.184
8.225
223.065
0.230
8.265
0.181
0.218
241.326
0.206
0.190
0.176
0.197
141.090
99.508
0.211
5.699
0.219
139.340
95.934
0.182
0.185
0.211
137.138
94.509
0.275
0.268
0.256
262.203
0.213
0.207
0.191
0.335
227.360
0.238
0.244
0.768
18.587
139.067
17.304
9.496
68.307
0.211
242.722
0.198
0.205
0.225
0.205
193.660
2.370
0.238
0.209
0.224
170.341
45.013
29.088
0.206
0.214
134.733
35.344
62.407
0.209
0.231
132.039
6.928
45.558
53.830
0.178
142.364
0.178
80.962
0.186
0.212
127.378
26.388
0.193
104.928
0.198
140.316
80.276
32.941
0.188
0.174
265.756
0.737
0.180
0.213
2.630
148.948
103.792
0.316
0.729
0.247
168.086
0.381
63.562
7.189
0.194
233.420
0.773
13.938
0.208
0.184
149.325
5.431
0.184
0.345
0.222
142.362
44.116
46.505
1.181
0.334
250.299
0.868
0.200
0.168
0.321
127.320
37.735
0.239
0.214
0.192
139.198
101.107
0.804
0.680
0.221
215.129
0.189
0.186
0.182
0.175
125.743
13.320
1.779
53.001
37.359
136.864
88.981
0.206
0.179
0.182
170.491
5.971
0.226
0.290
0.217
126.391
10.508
0.698
82.111
5.364
158.259
0.221
0.218
16.122
36.958
117.888
112.816
0.202
0.306
0.203
140.345
100.855
0.206
0.344
0.218
264.151
0.304
0.182
0.708
0.291
157.338
122.269
12.617
0.216
0.187
171.189
0.215
108.609
0.189
0.194
243.928
0.975
3.342
0.733
0.895
182.332
0.246
79.294
0.189
0.201
242.413
12.752
0.348
0.196
0.192
153.574
2.464
0.812
0.205
0.199
201.116
54.052
0.862
0.182
11.708
158.284
0.215
0.217
99.242
13.824
146.718
115.245
0.199
0.295
0.227
177.207
0.396
0.227
6.844
0.223
167.085
80.029
0.345
0.181
0.218
141.860
15.318
0.227
81.525
0.756
249.485
0.181
0.761
0.210
0.218
227.226
0.225
0.200
0.231
0.183
238.383
0.324
0.207
0.207
0.224
127.500
92.117
0.220
0.812
0.205
178.115
0.317
0.224
6.326
0.843
145.426
133.556
0.421
0.225
0.230
269.812
2.170
0.216
0.213
7.047
168.972
2.483
21.838
56.151
18.647
145.187
0.231
31.079
0.845
52.085
143.259
96.335
0.293
0.846
0.931
171.447
6.094
7.263
0.178
0.771
143.253
0.676
0.190
8.301
0.212
241.029
0.192
0.231
0.188
0.232
129.796
0.184
5.066
105.550
0.181
233.735
0.302
7.201
0.743
0.173
151.899
0.208
0.181
87.428
0.298
126.049
0.722
104.811
0.222
0.241
164.883
0.271
70.503
0.203
11.748
149.835
37.196
0.242
0.338
0.232
135.361
39.318
0.750
0.760
12.345
237.029
0.192
0.229
8.083
0.235
142.561
19.998
9.393
0.454
0.863
174.189
73.143
0.924
0.205
0.891
189.540
6.011
0.228
77.874
0.381
193.155
0.210
0.190
15.788
2.561
158.628
1.108
42.305
0.207
0.215
4.107
135.800
0.206
1.158
83.067
248.168
0.243
0.761
0.365
0.219
186.734
0.217
72.632
0.188
1.467
190.721
0.244
0.216
0.239
57.646
197.079
0.210
0.845
0.857
0.226
185.509
0.777
0.248
0.911
74.990
136.905
37.067
6.395
0.244
69.855
145.183
57.764
0.189
40.877
0.751
202.227
0.391
27.344
5.093
0.186
134.071
95.651
0.258
0.255
3.992
217.864
0.208
17.113
0.208
0.722
229.990
12.224
0.382
0.235
0.743
143.718
0.223
10.404
0.295
0.227
146.148
0.185
0.718
0.226
84.932
233.396
0.193
0.386
0.218
0.829
156.799
121.128
0.267
0.977
0.201
279.614
0.750
0.182
0.200
0.811
131.630
115.773
10.685
0.845
0.203
133.999
8.040
43.187
0.745
0.343
168.102
76.290
0.224
0.211
14.349
171.820
17.187
0.230
5.795
0.193
196.922
61.765
0.973
2.568
0.214
170.622
104.419
0.804
0.299
0.200
141.386
0.215
0.222
6.440
11.649
249.496
0.892
0.194
0.211
0.206
238.825
12.537
0.224
0.215
0.206
159.975
21.175
73.326
0.242
0.818
145.732
0.327
101.653
0.248
0.190
177.969
12.416
5.126
0.879
1.574
175.583
0.240
0.208
7.333
0.354
133.558
5.007
4.798
12.357
88.113
140.086
3.115
15.480
66.112
0.241
182.823
0.839
1.619
0.240
5.038
175.448
5.996
0.990
90.274
0.236
152.229
0.199
0.466
28.243
76.022
248.220
0.275
0.200
0.187
10.081
151.085
104.982
0.303
0.212
0.248
184.300
2.515
3.522
0.725
30.609
146.809
0.220
24.128
1.628
75.689
234.835
0.207
3.411
3.040
0.226
231.547
1.673
0.364
0.219
0.214
241.219
0.212
0.231
0.836
0.203
127.917
16.024
3.241
93.599
0.217
240.138
2.719
0.834
0.203
0.183
181.856
68.392
0.202
0.233
0.181
140.544
0.212
86.414
0.228
0.271
229.580
0.205
0.212
14.012
0.229
238.530
0.183
0.229
0.229
0.177
260.369
0.245
0.831
10.934
0.741
151.935
46.126
87.921
0.250
0.343
275.994
0.231
0.235
5.407
0.193
264.205
0.365
0.213
0.230
0.862
156.327
4.179
92.898
0.807
0.324
252.644
0.407
18.230
0.234
0.885
261.006
11.003
0.213
0.829
0.758
144.700
26.343
0.301
62.414
0.203
138.110
0.185
19.741
0.371
0.271
169.939
60.652
0.215
0.249
0.206
235.669
0.203
0.224
0.208
0.197
141.448
4.380
0.202
0.754
0.338
237.534
0.203
0.202
0.730
0.217
164.321
74.119
0.232
0.226
0.193
135.959
0.203
0.350
4.090
24.854
156.655
1.935
5.484
3.495
0.831
134.688
0.185
86.514
6.538
0.837
125.174
12.233
38.243
4.729
0.210
161.287
4.972
31.044
0.944
0.756
138.376
122.654
0.220
0.226
0.194
220.446
49.440
0.198
0.184
0.230
146.653
97.994
0.361
0.210
0.905
261.760
0.881
0.193
0.205
2.046
251.331
0.211
5.484
0.238
0.274
236.395
10.830
0.191
0.214
0.203
262.121
0.238
0.181
0.219
0.181
257.107
0.882
0.195
0.228
0.761
184.381
62.969
0.796
0.332
0.240
142.162
111.858
0.190
0.244
0.738
232.462
0.204
0.800
0.316
0.202
241.216
0.784
0.208
11.359
0.231
255.514
0.827
0.208
0.807
0.246
261.558
0.224
5.281
0.200
0.213
129.676
131.650
0.239
0.217
0.863
165.903
112.564
13.288
0.417
0.244
146.315
134.411
0.965
0.202
0.193
151.450
92.524
35.064
0.818
0.879
210.493
0.219
0.351
0.739
0.804
185.253
0.234
4.201
0.226
1.739
132.376
108.521
0.330
20.052
0.239
188.839
0.237
47.106
0.949
0.182
168.569
37.544
0.242
24.830
1.942
250.441
10.114
0.246
0.218
0.207
171.190
16.930
0.236
0.872
0.749
123.005
34.225
60.654
6.999
0.278
143.069
8.020
0.810
0.217
24.276
182.054
7.121
0.794
0.197
0.205
147.537
0.774
0.209
16.660
0.201
243.704
0.919
0.232
0.203
0.229
239.235
0.202
0.213
0.185
5.566
241.985
0.227
0.842
20.808
0.856
255.178
0.326
0.226
0.914
16.116
154.001
70.635
45.441
0.193
0.327
283.680
0.341
0.219
0.223
0.208
174.487
87.955
0.222
0.242
0.207
130.094
14.124
0.272
31.166
80.708
174.601
0.215
0.247
87.523
0.281
271.698
0.229
0.829
0.220
0.883
270.128
0.212
0.256
0.246
0.242
178.700
94.179
0.243
0.239
0.358
254.120
4.141
0.220
0.376
0.201
134.905
78.159
0.205
24.726
19.569
162.964
5.082
17.659
0.210
0.226
250.622
0.203
0.199
5.363
0.243
129.024
3.365
113.643
0.237
0.202
135.349
5.340
37.495
0.197
0.231
134.156
0.216
0.217
30.517
10.102
147.474
0.254
0.306
45.118
0.200
280.038
0.201
0.193
0.812
0.237
133.483
2.271
0.256
0.909
128.314
131.086
49.317
0.309
101.031
0.269
130.676
63.036
67.670
0.364
0.761
146.858
2.956
2.490
3.589
107.381
118.705
13.410
59.852
0.192
0.188
181.315
0.854
0.226
57.867
0.214
232.259
9.131
0.256
0.240
0.234
126.862
56.177
0.244
0.767
0.349
256.520
0.252
0.211
0.213
0.203
249.237
0.201
0.197
0.202
0.250
204.298
0.783
0.236
12.984
0.260
126.531
0.191
2.220
2.164
0.255
114.406
23.211
34.346
23.643
0.193
138.243
102.440
0.328
0.249
0.233
251.822
3.230
0.243
0.191
0.202
144.975
119.919
8.270
0.307
0.248
139.246
0.226
1.779
0.228
143.148
148.189
0.299
137.016
0.339
0.244
275.868
0.249
0.211
0.228
0.383
272.650
9.088
0.206
0.212
0.349
276.401
0.203
0.218
0.925
0.338
264.027
19.438
0.232
0.240
0.209
256.269
0.248
0.212
0.241
0.365
185.997
0.248
0.825
55.121
0.217
247.398
0.220
5.737
0.248
0.223
141.447
46.909
0.853
62.303
0.246
126.874
1.235
3.606
37.381
82.854
245.111
0.336
0.238
0.248
0.777
256.282
0.222
0.220
0.226
0.208
4181.288
0.976
0.311
63.320
0.922
261.324
0.971
0.234
0.189
0.320
284.025
0.235
0.324
0.248
0.855
273.377
0.383
0.249
0.251
0.237
288.627
1.062
0.249
0.963
0.295
157.628
74.263
28.751
1.111
18.183
255.690
11.636
0.232
0.227
0.269
139.522
60.697
23.123
0.880
0.983
261.374
0.251
0.202
0.203
17.387
139.667
0.202
0.254
8.694
53.373
183.608
83.336
0.224
0.216
1.445
265.494
15.177
0.912
0.231
0.233
216.658
1.008
0.199
0.252
0.200
158.946
23.944
0.263
0.592
0.265
277.852
0.303
0.243
0.209
15.924
163.909
123.034
0.315
0.240
0.238
203.842
0.207
89.298
0.296
0.281
276.778
7.210
0.846
0.212
0.390
265.761
0.320
0.217
0.213
0.952
202.817
0.820
71.816
0.883
9.134
152.711
140.873
0.230
0.262
15.716
140.056
19.531
0.245
0.968
0.217
229.140
45.299
0.231
1.641
0.255
260.738
8.308
0.253
0.266
0.242
172.787
83.143
0.248
0.261
0.400
139.558
83.244
0.248
0.218
38.646
154.671
114.444
0.243
0.240
0.242
276.129
0.226
0.211
0.921
0.255
238.470
0.313
1.128
0.283
0.250
290.759
0.449
0.869
7.138
0.288
224.173
3.071
0.258
0.236
0.222
140.829
54.279
102.798
0.225
0.214
138.899
145.748
0.253
0.223
0.238
204.490
0.860
70.467
0.997
0.248
140.461
12.442
2.503
2.845
0.331
256.096
1.045
0.261
0.336
0.249
257.631
0.338
0.226
0.239
0.817
133.887
58.645
4.860
0.537
0.253
186.906
0.261
56.017
5.629
0.271
212.565
0.203
0.245
0.293
0.230
281.597
0.232
0.271
0.227
0.360
274.950
0.948
0.195
0.218
0.801
144.141
0.248
126.582
0.221
1.628
181.841
0.379
0.263
0.279
97.607
137.433
169.074
0.248
0.207
0.255
315.298
0.250
5.644
0.257
0.896
187.379
48.656
7.934
0.215
0.209
149.049
0.231
1.972
126.892
0.228
293.047
0.239
0.215
0.213
0.946
148.216
0.231
0.264
0.277
58.324
133.370
157.289
0.241
0.292
0.240
186.826
103.580
0.318
0.226
0.205
299.632
0.212
0.316
0.266
0.213
277.755
0.218
0.245
0.259
0.238
284.072
16.282
0.230
0.268
0.225
170.525
119.759
0.265
0.262
0.235
163.841
53.623
0.284
78.487
0.823
173.452
0.377
102.284
0.226
0.223
225.476
0.495
2.046
0.210
5.632
161.498
70.988
0.240
0.238
0.352
306.768
0.311
0.227
0.234
0.228
155.048
91.612
0.235
0.247
0.247
189.708
0.361
34.293
0.235
0.214
136.492
63.297
0.218
0.256
0.197
303.370
0.271
0.252
0.227
0.272
167.872
2.655
19.967
15.424
0.395
289.743
0.249
0.228
0.206
0.298
202.101
0.355
76.212
0.238
0.239
280.145
0.242
0.251
0.868
0.205
277.590
0.227
0.244
0.220
0.392
142.061
86.782
0.324
0.209
49.636
265.891
1.284
1.748
3.524
0.218
181.579
19.837
0.243
0.227
70.247
0.360
275.944
0.250
0.238
0.203
325.987
0.250
0.197
0.242
0.973
309.805
0.894
0.196
0.253
0.227
314.241
0.353
0.216
7.273
0.263
226.317
0.243
102.379
0.226
0.237
199.145
90.371
0.258
0.982
0.222
158.049
159.616
0.269
0.271
0.384
215.317
0.265
1.029
17.822
0.854
199.331
0.428
0.328
0.315
103.332
290.477
0.253
0.244
0.263
0.254
205.635
88.922
0.238
0.863
0.215
174.315
13.104
87.899
0.214
0.257
274.764
0.206
0.233
0.241
18.462
192.117
0.248
0.832
14.309
0.238
133.156
0.791
90.502
0.252
0.215
177.251
140.670
0.818
0.335
0.234
213.788
8.684
79.491
0.398
0.230
285.548
0.226
0.377
0.262
0.938
276.443
0.485
18.981
0.239
0.248
134.803
129.881
0.327
2.683
0.247
279.677
0.238
0.875
0.211
0.256
199.810
0.853
0.889
44.057
41.477
290.204
0.223
0.206
0.261
0.226
284.094
0.941
0.844
0.226
1.921
141.538
132.571
0.263
0.346
0.234
262.893
0.268
0.205
0.248
0.830
133.788
10.449
88.697
24.748
0.341
167.179
35.461
17.208
72.794
0.213
331.965
0.280
0.214
0.239
0.362
166.508
2.710
141.494
0.216
0.270
237.178
51.425
0.230
0.384
0.218
233.884
0.276
81.137
0.265
0.218
299.913
0.205
0.248
3.093
0.318
167.911
141.684
0.923
0.241
0.864
163.422
131.648
0.220
0.958
0.816
147.419
5.798
134.598
0.371
8.190
192.634
84.391
0.977
0.250
0.222
165.619
110.005
0.251
10.620
0.947
205.145
0.220
0.304
56.866
0.848
132.340
147.740
1.383
0.206
0.213
149.401
24.630
112.645
0.220
0.840
6.821
301.333
0.238
0.257
0.338
173.977
56.596
24.714
60.826
0.315
150.826
53.207
0.941
96.850
0.226
217.191
0.255
0.204
11.312
0.248
191.237
27.387
0.955
0.201
69.734
282.337
0.215
0.237
0.238
4.273
167.012
137.576
0.235
0.835
0.210
148.025
118.947
0.312
0.816
0.239
187.706
107.623
0.244
1.276
0.218
171.145
134.977
4.410
0.952
0.250
218.306
29.344
0.279
0.231
0.249
146.588
49.673
3.707
7.423
0.272
195.452
87.486
0.245
0.214
0.216
289.498
0.275
0.222
0.244
1.017
172.353
84.713
0.268
0.328
0.250
160.667
0.349
0.213
22.546
142.647
229.063
0.262
0.225
0.934
0.348
281.712
9.496
0.445
0.290
9.821
317.551
0.342
0.259
0.257
0.296
169.389
20.997
81.453
0.287
12.685
290.689
0.257
0.211
0.839
0.227
209.871
0.848
74.529
21.668
0.208
277.856
0.206
0.213
0.858
1.395
196.406
81.710
0.326
0.272
0.229
293.325
0.352
12.044
0.229
0.205
270.754
14.986
0.231
0.228
0.397
279.856
0.213
0.253
0.206
0.293
324.557
0.265
8.616
0.268
0.247
232.057
98.537
0.249
0.264
0.229
272.892
21.781
27.150
1.870
0.213
222.869
1.584
0.248
0.946
57.994
186.870
0.446
0.275
6.920
51.585
320.416
0.244
0.365
0.271
0.226
156.920
139.824
5.481
0.250
0.274
199.140
99.069
0.280
0.871
0.247
283.721
0.327
8.333
16.276
0.257
165.246
47.997
0.285
0.248
76.001
283.707
2.891
1.194
0.239
20.091
164.135
52.756
0.223
100.660
0.360
181.551
30.165
8.867
0.263
0.260
319.413
1.127
21.819
0.268
0.262
249.951
64.711
0.403
0.320
0.407
335.308
0.326
0.254
0.267
0.215
317.172
0.257
0.259
0.988
0.286
331.566
0.347
0.248
0.217
7.021
162.237
137.175
20.586
0.238
0.217
166.516
2.716
0.362
59.798
69.089
289.090
16.701
0.257
7.069
0.271
213.943
0.457
0.255
0.983
0.266
182.758
31.250
0.248
92.813
2.921
151.230
19.004
2.658
2.736
19.385
171.533
0.221
28.275
1.045
83.361
146.161
31.215
0.219
0.261
12.649
270.538
22.622
0.389
0.921
0.208
206.687
142.127
0.292
0.230
0.338
177.284
26.538
168.795
0.225
0.259
342.712
0.307
0.266
0.260
1.003
153.303
38.670
150.444
0.222
0.420
188.576
0.233
5.914
0.233
0.272
240.810
0.947
96.816
0.285
0.343
183.133
0.226
111.208
0.226
18.535
210.030
2.903
0.900
16.325
0.219
316.021
0.870
0.238
0.275
0.359
205.513
0.240
86.962
7.520
0.273
4.464
148.252
0.862
145.331
0.237
169.933
76.324
57.002
0.273
0.269
327.636
13.933
0.268
0.236
0.364
332.400
0.406
0.233
0.271
0.330
163.958
0.360
0.937
58.006
107.533
238.927
1.009
6.366
0.282
0.876
307.351
0.265
10.363
0.258
0.248
310.054
0.220
18.283
0.219
0.941
216.391
15.512
0.227
4.336
0.361
293.076
0.230
0.254
0.389
0.242
295.570
0.285
0.227
11.132
0.230
293.552
25.608
0.296
0.255
0.233
226.730
95.961
0.237
0.219
0.907
169.904
53.810
0.247
1.006
69.352
222.855
7.295
80.713
0.251
0.879
327.018
22.860
0.225
0.277
0.356
229.154
12.125
0.294
0.255
0.299
232.680
0.231
0.420
0.242
0.256
161.727
82.580
0.965
0.221
0.324
182.642
0.941
0.407
52.434
9.750
143.477
23.556
138.341
0.313
0.459
193.547
0.889
144.657
0.227
0.223
179.895
146.454
2.778
2.465
0.263
294.861
0.235
0.227
0.253
11.681
157.595
89.740
1.463
38.370
0.225
212.631
0.271
0.848
0.229
72.742
137.393
161.420
0.256
0.281
0.245
346.744
0.303
0.260
0.237
0.259
326.231
0.225
0.518
0.272
0.270
161.618
48.610
0.330
11.752
0.293
314.492
0.922
0.261
0.961
0.946
161.649
4.970
14.509
0.224
0.251
308.507
0.277
0.361
0.274
0.982
302.149
0.924
0.245
0.265
0.257
214.646
31.299
0.435
84.226
0.284
239.806
0.337
0.279
72.059
0.270
332.006
3.729
1.036
4.972
0.917
208.544
60.938
0.937
47.642
0.458
329.119
1.034
0.906
0.271
0.318
169.209
157.095
0.273
0.242
0.254
45.760
149.649
175.747
0.234
6.405
209.093
0.392
150.029
0.237
0.273
346.024
0.283
0.226
0.229
0.244
172.340
71.412
0.247
0.234
62.235
211.107
121.466
0.248
1.005
0.228
187.944
0.372
0.226
151.435
0.231
169.821
145.715
0.248
13.298
0.256
157.893
153.024
0.279
0.298
0.230
163.907
54.065
0.279
6.467
91.412
304.956
0.271
0.948
0.246
1.449
160.715
142.901
0.233
0.969
10.788
181.532
0.277
126.996
0.249
0.248
322.769
5.252
22.732
0.245
1.545
339.405
0.352
0.239
0.954
0.930
314.354
37.613
0.293
0.365
0.253
313.198
0.336
29.268
0.246
0.387
283.066
44.392
0.270
1.039
0.218
191.942
78.734
0.374
0.256
0.271
213.748
0.245
0.271
0.217
0.387
307.775
0.244
27.399
0.288
0.247
225.560
7.236
0.438
0.244
0.229
178.725
7.946
0.271
0.412
107.808
299.187
0.223
0.241
0.253
28.735
177.122
87.537
0.280
0.913
0.231
173.345
8.928
153.589
0.271
23.084
371.882
0.279
0.266
0.386
0.225
340.400
0.281
0.256
0.287
0.235
345.173
0.364
0.281
0.212
0.269
230.206
0.368
0.931
85.587
0.263
160.587
154.194
0.300
0.256
0.276
255.131
0.247
0.245
0.243
38.992
291.078
0.354
0.871
0.982
0.210
205.218
110.161
0.245
0.264
0.430
158.601
4.833
105.488
9.480
3.791
171.628
0.279
118.804
13.220
0.275
171.336
204.916
0.255
0.226
0.343
365.642
0.437
0.273
0.247
0.237
186.705
49.406
0.452
0.451
0.328
349.944
2.388
0.969
0.277
0.253
342.798
0.268
0.305
0.454
0.304
263.228
0.260
1.107
0.249
8.194
339.485
1.030
0.309
0.301
0.333
161.490
154.108
0.283
16.956
0.272
233.209
96.048
1.036
4.027
0.295
228.141
63.950
0.232
21.733
0.390
306.324
0.282
0.289
1.003
0.241
242.754
94.880
0.235
0.971
0.229
360.537
0.240
0.281
0.902
0.337
343.835
0.263
0.363
0.271
0.268
147.501
17.317
156.294
0.352
18.883
233.889
83.364
0.271
0.436
0.260
327.698
4.961
0.972
0.229
0.923
325.626
0.323
0.910
0.266
4.985
290.932
0.300
0.432
0.926
0.237
290.999
0.236
0.287
0.278
4.763
162.481
174.879
0.228
0.282
0.256
152.712
16.363
100.315
0.266
1.115
270.633
0.278
47.227
7.963
0.304
341.456
25.695
1.016
0.961
1.025
354.542
1.521
0.254
0.244
0.354
174.083
32.708
113.066
10.777
0.317
192.856
133.546
1.083
0.340
0.286
355.241
0.272
0.434
0.232
0.255
231.583
11.445
0.243
0.269
0.298
338.373
0.283
0.472
0.280
0.268
313.320
0.338
0.343
0.333
0.319
334.986
0.287
0.285
1.000
0.289
317.151
0.287
0.271
1.091
13.788
315.977
0.388
0.279
0.256
0.252
154.941
44.719
14.755
92.428
15.783
218.278
8.973
0.328
138.190
0.225
234.813
0.359
20.841
86.964
0.359
232.032
0.266
10.819
0.944
0.258
247.494
0.262
0.249
0.924
80.043
6.626
303.959
0.239
0.406
1.044
155.951
155.350
0.270
0.235
0.298
223.579
1.108
86.302
0.238
22.834
325.871
0.240
0.401
0.940
0.259
257.263
0.461
90.655
0.392
0.270
193.799
145.571
0.261
0.249
0.988
357.175
14.792
13.387
10.581
0.335
223.447
198.763
0.487
0.247
0.299
236.205
0.310
0.328
2.615
198.368
361.942
0.384
0.342
0.335
0.955
371.106
0.301
0.362
0.239
0.298
330.146
0.396
0.255
60.397
4.810
225.931
63.393
0.244
1.019
85.874
341.406
21.686
0.355
0.957
0.239
353.100
0.262
27.689
0.287
0.244
448.121
1.035
0.251
0.301
9.089
410.877
0.228
0.913
0.327
0.244
335.129
5.699
0.916
0.230
0.230
440.987
0.239
0.952
0.296
0.291
357.406
1.026
99.354
15.125
4.829
477.443
0.292
0.392
0.290
0.260
318.693
0.306
71.728
130.092
2.070
380.798
1.079
0.298
125.028
0.395
480.365
0.284
0.221
0.260
0.223
357.565
0.281
98.941
0.287
0.413
356.083
104.051
0.354
0.232
0.243
343.129
0.247
0.252
1.734
50.285
360.391
0.922
0.349
103.634
0.247
368.962
9.676
90.411
1.038
1.055
348.899
0.429
11.330
0.291
31.102
302.086
83.923
8.701
0.246
54.370
290.130
173.517
0.981
0.230
0.361
296.683
111.252
1.025
0.325
58.488
367.942
91.239
0.332
0.922
0.263
309.532
142.831
0.250
0.999
0.274
501.055
0.231
0.971
0.392
0.272
331.625
0.262
62.276
0.964
0.283
470.576
1.091
0.251
0.251
0.268
520.719
0.448
0.298
0.254
0.281
322.580
6.382
4.439
24.864
1.885
367.629
37.135
0.316
96.092
0.399
324.755
72.388
0.243
125.497
0.273
304.085
20.756
47.281
0.959
90.647
285.979
133.757
0.260
0.245
0.423
446.039
1.101
1.024
0.235
0.263
436.488
23.478
1.746
0.323
0.324
291.550
64.719
0.248
80.295
0.903
338.921
0.532
19.759
4.292
50.752
310.427
151.703
0.283
0.418
0.270
472.043
0.282
0.283
0.320
0.267
450.212
0.260
0.270
8.609
15.497
516.994
0.270
0.409
4.024
1.028
328.523
75.926
72.480
0.299
0.279
399.725
88.714
0.289
0.271
0.229
300.842
55.954
0.395
8.591
0.249
475.033
0.954
0.338
0.952
0.235
321.307
153.626
0.240
0.985
0.259
316.369
145.423
0.263
6.185
0.262
331.355
12.555
0.347
0.249
110.603
408.745
0.408
0.227
0.240
104.545
375.512
115.324
0.370
0.277
0.292
457.419
0.230
0.226
0.357
0.276
453.327
0.468
8.087
0.284
0.308
492.471
0.393
0.906
0.249
0.238
313.157
53.963
33.255
35.815
19.662
329.795
27.619
0.956
92.293
0.294
477.454
0.360
0.253
0.271
0.244
327.549
150.635
0.401
0.278
0.235
485.127
0.358
0.445
1.494
1.039
533.551
1.032
0.280
1.113
0.280
344.000
33.387
70.749
75.020
0.257
307.820
185.806
0.251
1.039
0.291
470.563
1.005
0.261
1.091
0.271
468.835
0.266
0.261
0.240
0.933
472.111
0.929
0.263
0.314
0.938
278.792
160.091
0.230
3.710
21.036
462.098
0.293
0.230
0.429
0.261
440.448
0.330
0.237
0.267
0.951
499.841
0.256
0.277
0.996
0.331
454.628
5.052
0.247
0.262
0.363
382.146
1.041
0.274
85.955
5.748
341.297
0.271
170.943
0.294
0.310
490.424
29.578
1.094
0.950
1.053
318.234
5.540
82.565
103.045
0.248
340.003
4.728
31.223
18.660
0.285
300.232
155.567
0.264
0.307
0.260
461.646
0.239
0.296
1.030
0.263
464.616
0.324
0.253
0.315
0.387
354.600
0.296
0.279
0.341
0.273
304.404
0.341
209.085
0.302
0.365
338.204
3.389
52.397
88.377
0.295
359.247
0.412
0.245
3.041
0.239
483.171
0.283
0.293
0.319
0.227
373.639
97.420
0.379
0.241
0.939
348.336
0.384
88.223
1.398
20.175
465.587
1.067
1.462
0.242
0.249
308.853
140.465
1.202
30.812
0.392
484.680
0.383
0.580
0.339
0.389
343.806
72.817
0.304
125.316
0.308
516.946
0.267
0.300
0.374
25.128
524.651
1.213
0.240
0.299
0.334
467.169
1.019
0.251
39.630
0.266
424.530
1.117
0.251
1.509
1.001
507.144
0.300
0.247
0.294
0.294
495.035
0.303
0.300
6.798
0.264
475.880
0.299
0.288
0.287
1.019
389.620
0.292
96.489
0.315
0.248
456.542
62.409
0.349
0.235
0.302
335.270
28.276
6.339
1.103
166.092
533.564
10.828
0.289
0.382
0.250
4.262
333.313
6.758
14.576
142.417
349.333
38.690
0.417
136.007
0.290
543.236
0.252
0.276
1.625
0.243
512.110
0.291
0.294
0.316
0.238
406.335
122.311
0.277
1.052
0.272
343.795
153.844
1.065
21.811
0.248
324.292
49.671
30.313
0.956
0.260
347.231
0.421
68.860
0.357
1.569
38.558
318.190
8.616
15.788
82.787
348.982
188.379
0.292
1.893
0.436
389.234
37.545
8.659
56.324
1.115
541.992
0.305
0.259
0.250
0.312
414.910
2.432
96.653
0.372
0.304
323.816
174.806
0.248
3.324
0.339
415.575
5.819
1.120
0.297
89.969
499.034
0.246
3.044
0.281
2.080
361.498
0.332
0.396
194.911
0.265
422.428
134.559
0.462
22.167
1.130
435.176
1.019
131.362
3.681
0.313
417.912
123.550
0.248
0.299
0.256
421.833
0.305
7.944
0.294
0.268
507.718
28.668
2.205
0.271
0.270
486.790
0.301
0.289
0.564
26.258
438.818
0.272
0.307
1.083
32.303
323.906
3.303
0.305
183.986
0.311
339.349
181.840
0.397
0.290
0.250
546.356
0.262
0.285
0.316
0.983
343.630
194.447
1.187
0.307
0.300
142.730
0.313
0.277
1.061
0.282
73.179
7.657
0.582
6.556
0.304
23.358
88.196
0.348
0.234
0.277
99.779
7.095
1.089
20.558
0.255
148.023
0.301
0.295
0.257
0.257
13.093
5.353
116.180
0.261
8.715
67.457
1.052
0.275
4.321
41.687
143.990
0.430
1.024
0.303
0.320
61.759
91.073
0.265
0.256
1.093
150.728
0.299
3.131
0.377
0.307
134.842
0.292
1.155
0.254
0.431
19.584
4.489
1.587
101.704
1.067
140.291
15.060
0.246
0.251
0.270
122.760
0.374
0.246
0.287
30.767
16.274
39.458
74.429
0.307
22.449
45.383
0.276
84.192
16.809
0.293
109.284
1.152
1.001
1.074
0.309
14.630
122.724
1.328
0.261
1.149
142.134
0.375
0.994
1.017
0.313
109.605
0.733
1.151
0.265
0.252
40.819
64.503
0.292
0.984
0.358
79.207
7.525
36.899
0.262
0.256
14.672
6.202
54.772
0.294
50.561
22.907
1.023
119.590
0.248
0.300
21.554
14.268
0.469
25.859
4.417
86.136
0.306
0.394
30.935
1.074
21.355
65.907
25.610
0.293
0.437
120.562
0.321
35.022
0.364
0.287
13.203
72.811
28.575
14.758
12.209
38.369
0.290
0.372
14.089
0.392
141.320
0.269
0.272
0.263
0.250
121.183
0.286
4.242
0.273
0.307
131.284
1.163
0.975
0.349
0.279
49.493
56.268
0.290
0.235
0.246
121.304
8.006
0.260
0.282
0.252
3.468
143.118
0.305
1.039
0.285
16.984
104.739
0.310
0.304
0.451
160.186
0.270
0.283
0.424
0.249
45.702
0.416
0.288
105.803
0.348
152.709
1.329
0.250
0.250
1.124
148.636
0.282
1.159
0.384
0.329
28.317
92.184
17.361
1.161
9.130
139.058
0.371
1.112
0.299
0.287
21.299
117.514
0.323
4.580
0.477
147.776
0.250
0.252
0.493
0.282
52.218
12.857
1.009
0.267
0.311
41.847
0.274
107.688
0.996
0.272
17.705
37.706
24.849
0.273
0.300
105.736
0.316
39.626
0.264
1.031
142.705
1.026
0.355
0.274
0.993
13.187
144.051
0.286
0.316
0.310
127.798
0.309
0.253
27.634
0.505
24.225
11.748
112.124
0.294
0.396
144.894
0.261
0.283
0.327
0.280
83.936
0.307
0.255
64.984
0.282
20.980
44.768
41.013
36.969
0.259
58.935
71.547
0.293
0.412
16.760
147.293
0.298
0.241
0.496
0.301
87.109
38.878
0.247
0.248
0.283
101.967
31.847
0.284
0.977
5.592
125.498
0.308
0.296
0.466
0.295
15.582
16.505
99.881
0.299
0.271
16.379
116.684
0.316
0.281
1.004
100.096
0.246
0.241
20.407
0.325
146.303
0.257
0.267
0.409
1.052
70.794
7.796
9.080
1.104
1.054
40.589
104.195
15.740
0.378
0.321
63.714
0.422
1.086
1.668
0.286
21.030
132.580
1.124
0.312
0.348
153.803
0.535
0.307
1.174
0.257
17.959
0.320
49.849
0.391
10.391
91.524
0.259
0.360
1.222
0.320
43.612
0.333
0.339
119.318
0.316
34.951
104.589
0.263
0.294
0.327
165.638
0.338
1.035
0.264
0.392
146.467
0.356
0.303
0.284
0.298
24.701
0.311
138.978
4.311
0.424
146.950
0.291
0.290
0.271
0.293
16.953
4.602
38.300
65.649
1.057
148.340
0.264
1.129
0.282
0.332
18.001
27.859
0.333
65.433
0.301
73.190
75.368
0.255
0.327
1.081
170.523
1.109
0.270
0.265
0.329
131.845
1.124
24.125
0.332
1.044
111.309
36.518
0.417
0.283
1.028
21.002
99.062
1.118
0.434
1.057
56.376
9.880
80.975
0.289
0.243
18.944
103.387
1.100
0.305
22.100
134.755
0.270
0.480
0.291
5.520
57.770
77.842
0.327
0.419
9.619
69.269
65.198
0.294
0.296
13.533
21.919
115.636
0.257
0.283
13.428
127.049
0.267
1.001
0.428
6.454
107.264
0.330
0.330
0.449
0.271
165.111
0.319
0.324
0.430
0.255
15.777
1.631
13.084
44.921
1.371
155.714
1.316
1.114
0.292
0.347
172.968
0.427
0.321
1.076
0.267
150.457
0.282
0.301
0.411
0.303
61.569
0.285
100.147
0.426
0.271
47.102
0.413
0.319
0.292
94.686
84.955
0.298
16.307
55.618
1.126
8.448
1.226
41.889
21.684
0.334
114.319
0.271
0.316
0.326
11.612
17.243
100.844
0.338
0.257
1.023
44.666
0.329
94.879
0.316
14.531
134.136
0.260
4.377
0.293
0.292
117.976
0.316
0.290
0.269
0.294
120.027
1.011
1.065
0.263
0.297
82.890
0.439
0.296
1.135
68.559
46.353
3.063
11.188
26.537
68.006
21.639
126.404
0.284
0.278
6.427
81.097
4.617
1.028
38.986
0.318
132.117
0.394
0.294
0.259
1.084
43.279
18.987
0.260
61.199
0.323
82.000
58.834
0.480
0.271
15.990
22.627
0.318
40.218
21.960
0.296
125.850
1.117
0.253
25.101
0.247
137.812
0.280
12.795
0.320
0.279
16.833
129.111
0.312
0.319
0.437
117.858
0.331
33.785
0.292
0.245
129.350
12.028
0.301
0.271
0.246
20.203
6.816
60.602
74.135
0.342
96.122
0.329
63.959
1.161
2.013
63.164
4.980
96.683
0.277
0.296
23.566
134.293
0.392
0.307
1.125
162.268
0.303
0.492
0.317
1.132
49.325
8.236
0.445
95.411
3.905
169.004
0.353
0.337
0.279
0.470
41.080
82.636
0.263
0.329
0.299
65.181
0.309
0.324
0.319
95.903
140.861
0.292
17.739
0.262
0.319
161.108
1.023
0.293
0.286
1.099
74.877
43.472
0.484
0.256
0.327
74.162
0.291
0.280
72.279
1.140
38.259
49.328
0.273
1.186
0.321
30.384
53.365
10.437
36.860
0.379
8.643
0.268
14.739
60.388
45.318
158.523
0.457
1.186
1.117
0.300
6.048
129.660
0.360
0.263
1.197
23.090
127.400
1.137
0.251
0.267
145.047
0.532
0.284
0.276
1.706
161.882
0.434
0.293
0.267
3.202
32.348
84.817
0.317
35.079
0.308
19.312
109.726
9.727
0.471
0.280
15.595
6.959
136.584
0.446
0.291
57.478
51.834
0.306
0.309
0.249
72.222
51.165
0.467
0.294
0.279
46.391
0.250
0.472
1.029
4.323
140.806
14.219
0.336
0.498
0.271
64.822
0.333
92.914
1.166
0.330
91.467
71.653
0.362
1.321
6.245
157.791
0.337
0.364
1.114
2.069
150.474
0.279
0.285
0.486
0.265
13.448
0.337
12.304
149.733
0.265
100.555
0.328
1.225
0.389
0.328
30.447
29.248
87.166
0.498
0.284
175.167
1.160
1.242
0.426
1.088
142.769
1.238
0.343
0.297
0.336
3.028
33.506
96.002
1.227
1.077
6.927
110.036
34.997
0.287
1.088
48.718
14.919
48.113
39.696
0.283
14.614
0.255
2.768
130.056
0.294
28.184
131.738
0.276
1.205
0.261
165.566
0.300
0.291
0.399
0.295
21.238
140.661
0.256
0.255
0.419
12.288
10.050
91.717
1.144
0.421
7.586
146.592
0.274
0.404
0.311
94.844
0.334
31.486
19.722
0.272
64.755
82.667
0.428
0.297
0.276
132.169
0.260
1.114
16.975
0.278
51.110
103.489
1.010
0.312
0.254
108.990
0.317
41.694
0.264
0.328
6.762
103.018
1.095
0.254
0.263
148.876
0.256
0.296
0.338
0.253
42.006
34.092
9.331
0.273
1.193
170.735
1.248
0.326
1.174
0.321
71.639
57.044
0.309
5.237
0.284
171.234
1.152
0.328
1.080
0.428
161.691
0.521
0.329
0.263
0.468
62.694
97.624
0.280
0.290
1.114
157.782
0.291
0.279
0.362
0.310
160.355
12.688
0.466
1.195
0.283
120.013
0.284
1.569
40.108
0.327
142.778
0.310
13.525
0.270
0.288
23.261
0.273
2.991
22.718
35.133
120.760
13.523
0.274
21.166
0.317
12.186
0.279
86.267
0.307
0.294
160.987
0.526
0.279
0.278
0.295
81.653
12.284
9.408
19.640
0.291
88.921
0.281
38.719
37.557
1.088
137.834
0.528
19.955
0.262
3.095
144.709
0.319
0.347
0.508
1.205
133.267
43.173
0.289
1.203
1.107
25.279
0.394
114.344
0.297
0.271
151.207
0.394
0.290
10.758
1.389
141.631
1.127
13.158
1.214
0.344
165.478
0.314
0.261
0.323
0.429
150.401
10.184
0.331
0.334
0.308
141.211
1.223
0.295
0.316
0.332
23.960
34.421
15.692
18.171
0.263
148.772
6.351
1.116
0.318
0.335
127.070
0.386
0.341
34.498
0.443
36.759
40.649
0.321
0.283
0.571
158.363
0.290
0.288
0.289
0.346
139.693
0.332
0.265
0.407
0.342
61.981
1.226
0.318
7.070
1.111
161.944
0.355
0.293
1.160
0.350
168.915
1.282
0.272
0.387
0.294
58.812
4.876
1.188
0.291
0.331
85.688
7.870
0.324
24.785
0.273
146.930
0.436
1.070
0.311
0.313
142.635
0.335
13.139
0.256
0.345
32.652
32.139
2.129
0.313
0.310
0.728
151.145
0.265
0.316
0.475
63.406
0.317
0.323
0.450
90.106
23.846
45.161
21.956
0.443
31.268
60.733
10.537
0.312
27.326
0.262
17.614
69.321
1.062
65.219
1.195
175.861
0.273
0.258
4.441
1.177
78.650
88.604
0.271
0.302
0.467
171.435
0.281
0.288
1.131
0.318
169.165
0.272
0.271
1.162
0.319
57.885
0.311
81.026
0.432
0.320
65.732
0.337
11.967
0.283
0.367
65.436
0.327
64.428
0.274
8.879
115.354
33.465
0.295
0.265
0.341
25.122
0.329
1.803
46.524
0.258
45.408
68.623
0.302
0.299
0.376
6.865
62.174
99.242
0.404
1.091
143.563
2.567
0.346
2.873
0.285
6.269
65.413
14.819
1.216
0.302
143.393
0.481
1.178
0.340
1.111
46.621
47.212
0.384
0.276
8.224
127.474
46.183
0.275
0.326
0.306
92.982
1.151
83.857
0.404
1.155
65.738
10.750
31.055
2.476
0.273
158.559
0.385
0.281
0.329
0.306
156.449
0.281
0.378
0.286
0.308
11.897
14.314
0.328
0.315
97.652
77.969
0.344
88.391
7.383
0.346
129.456
1.130
21.811
0.295
0.335
149.106
3.157
0.445
0.278
0.268
23.391
120.922
1.167
0.393
0.320
70.758
0.268
0.650
52.106
46.419
126.233
0.451
0.310
0.263
0.431
22.098
102.308
0.279
17.922
0.334
0.258
49.849
95.048
1.188
12.774
147.549
22.329
0.395
0.289
0.264
152.095
0.262
1.248
18.643
0.320
64.509
0.301
99.241
0.262
0.452
18.609
7.740
26.875
103.845
1.084
85.579
0.291
47.762
0.303
0.265
23.167
143.833
0.295
0.299
0.337
67.549
1.138
0.316
21.478
1.132
129.892
0.340
0.302
0.269
0.294
50.489
81.309
1.250
1.217
18.149
139.916
0.421
1.117
0.335
0.357
130.062
1.253
45.522
2.292
0.287
20.564
5.175
111.222
1.244
0.290
156.618
0.358
0.331
26.266
0.361
141.178
0.346
0.327
14.173
1.427
27.753
1.205
125.002
8.136
3.437
12.942
163.402
1.126
0.314
0.332
131.931
0.415
0.278
19.171
12.013
133.633
0.347
5.340
0.323
0.327
75.653
7.091
81.901
1.238
1.131
29.303
120.205
36.081
0.332
0.383
65.490
1.145
0.427
66.707
0.280
161.590
0.282
0.292
0.403
0.277
154.316
4.840
1.234
0.263
0.331
54.602
122.280
1.064
0.484
0.295
37.114
83.702
10.223
1.163
20.784
170.278
1.106
1.092
0.284
1.196
26.539
108.035
30.535
0.312
0.299
86.610
0.341
0.262
67.094
1.103
5.095
0.290
16.775
52.576
0.366
149.551
1.232
0.266
8.097
0.340
23.464
5.230
0.517
63.430
0.403
86.882
0.401
66.888
7.947
0.310
179.450
0.423
0.282
1.168
0.258
25.532
99.768
0.270
37.563
0.328
165.621
0.512
0.275
4.141
1.167
184.617
0.344
0.297
0.413
0.275
21.146
162.232
0.341
1.291
0.295
166.994
0.338
0.319
1.284
0.362
20.293
44.314
83.898
0.389
1.244
22.908
81.770
68.821
1.306
0.384
75.969
89.287
0.321
0.351
1.146
25.375
71.450
12.788
47.650
0.365
44.626
0.353
96.893
0.351
0.461
59.322
45.524
3.517
47.741
0.351
195.851
0.320
0.303
0.299
0.405
100.530
59.275
0.320
0.339
22.794
166.875
1.315
0.485
0.333
0.373
35.901
36.767
106.142
0.320
0.390
16.616
89.379
91.735
0.318
1.200
132.356
0.307
1.250
13.279
4.538
165.309
0.372
0.369
0.317
0.343
169.223
0.351
1.207
0.370
0.421
132.273
0.385
0.448
36.105
0.382
81.833
0.501
26.831
1.209
0.361
160.654
1.284
1.318
0.366
1.321
14.723
0.362
164.069
3.235
0.422
81.631
100.027
1.237
0.492
0.299
26.030
149.476
0.334
0.314
1.284
54.802
0.345
124.983
0.453
0.348
36.470
112.252
0.490
1.336
39.084
188.560
0.316
0.554
1.307
0.380
9.594
48.771
113.354
0.564
0.346
133.092
0.398
0.367
0.290
0.465
60.576
2.909
0.350
0.391
30.631
7.774
46.044
13.797
109.879
0.375
170.396
0.374
0.329
0.366
0.442
56.699
58.588
0.355
5.441
4.907
14.802
14.339
155.559
0.455
8.598
61.910
123.597
0.458
1.251
1.228
164.829
31.312
0.296
0.323
0.324
56.459
88.557
0.352
0.490
30.424
25.513
16.179
64.232
48.997
1.231
153.230
1.519
4.750
0.320
9.636
20.266
157.112
1.272
0.355
0.453
56.141
20.493
0.351
0.312
13.306
156.402
19.774
0.330
0.309
1.331
79.143
0.357
0.342
87.280
0.381
159.363
0.317
0.291
0.312
1.229
101.234
0.361
0.429
0.311
42.043
149.262
0.387
11.867
0.397
0.285
187.674
1.278
0.314
0.322
0.454
69.452
25.774
1.380
2.261
62.837
32.047
136.487
0.311
15.639
0.352
86.881
56.609
20.180
0.368
0.492
33.648
162.107
1.248
0.526
0.325
148.411
0.371
1.248
0.450
36.290
24.085
49.975
111.700
1.273
0.341
53.983
18.923
1.402
80.813
0.363
142.067
34.730
0.374
0.297
0.409
76.308
71.029
0.324
0.309
0.310
41.605
130.424
1.220
0.361
14.768
78.747
1.455
0.355
0.298
104.878
151.720
0.299
0.297
1.363
1.436
27.230
55.986
2.267
95.324
0.459
88.204
0.467
0.341
0.386
0.463
159.765
0.314
0.417
23.193
1.328
5.480
151.491
30.051
0.284
1.353
24.721
83.170
61.416
0.333
12.202
4.688
19.733
68.326
0.293
0.302
28.067
31.266
89.508
0.326
38.688
158.115
0.368
0.335
1.176
1.254
164.454
1.262
0.301
0.304
0.338
163.466
0.316
0.366
0.354
0.309
22.020
149.257
0.326
0.333
0.338
46.505
92.784
0.381
1.309
0.451
35.680
94.418
13.566
0.376
0.512
14.593
67.183
14.248
88.707
1.394
30.750
64.694
86.573
0.317
0.518
35.228
167.536
0.359
0.327
0.530
97.193
0.362
53.827
28.256
0.340
171.377
0.383
33.226
0.502
1.277
59.052
99.103
30.601
1.380
6.642
158.143
0.315
1.174
0.414
0.468
158.341
0.292
0.488
0.310
0.298
67.773
6.335
0.316
74.990
1.198
132.614
0.338
11.816
15.820
16.205
192.448
0.299
0.300
0.528
0.311
177.265
0.397
0.354
1.287
0.345
25.125
121.472
36.471
0.287
0.920
144.899
1.457
0.283
0.286
0.416
47.485
14.778
104.804
0.367
0.378
156.022
0.358
0.343
1.312
0.347
131.216
0.361
0.381
0.308
29.610
46.017
98.110
0.414
1.272
0.333
97.430
0.316
0.366
0.506
0.297
56.064
102.246
1.261
0.326
0.284
138.065
0.515
0.336
0.343
1.243
54.521
0.295
113.167
0.445
0.301
93.072
0.407
94.424
0.369
0.331
24.637
2.338
142.406
27.978
0.491
33.693
118.097
0.302
0.312
0.523
20.215
0.532
176.655
0.495
0.314
204.943
0.497
0.384
0.318
0.479
30.260
161.991
0.392
0.313
0.390
84.977
0.349
97.988
1.314
0.373
58.707
55.836
1.291
1.250
58.770
167.911
0.336
0.361
8.753
0.325
5.832
19.109
135.789
0.478
0.371
178.074
0.377
1.448
0.342
0.305
204.341
0.361
0.363
0.490
0.316
24.715
8.030
38.897
0.369
0.322
168.357
0.353
0.331
37.763
0.392
23.007
53.533
104.842
0.461
31.954
20.696
3.242
0.366
0.561
72.811
6.487
173.495
0.381
0.375
1.365
61.071
0.509
0.322
23.535
130.343
151.063
0.428
1.285
1.354
0.336
86.435
26.240
59.787
0.619
0.356
82.518
96.112
0.314
0.351
0.329
147.516
20.610
0.512
29.313
0.470
100.834
51.602
0.354
15.725
0.409
166.759
1.376
1.324
0.379
0.345
154.752
0.383
3.640
0.325
0.408
192.988
0.339
0.316
0.506
1.310
70.500
130.897
0.472
0.372
0.369
172.853
0.464
0.361
0.370
29.260
190.632
0.305
0.377
23.405
0.336
43.144
113.524
1.368
0.486
1.402
27.132
150.252
7.643
1.356
7.657
34.473
17.623
146.448
0.309
0.490
81.859
1.399
0.393
89.420
0.330
153.322
1.303
1.218
0.359
25.810
156.640
8.824
0.313
1.901
0.450
185.286
0.310
0.389
0.478
6.716
24.102
162.705
1.265
0.378
1.216
59.056
3.570
0.532
1.288
0.304
148.087
0.327
0.314
5.462
0.370
206.143
0.316
0.310
0.361
0.300
4.349
155.145
28.874
0.324
0.328
5.806
173.800
1.416
1.338
0.299
49.246
115.416
0.345
33.493
0.444
60.204
83.156
0.313
0.313
0.381
73.841
105.772
1.271
0.338
0.451
64.339
0.373
0.310
97.591
0.484
35.398
76.625
1.385
0.356
0.362
68.818
1.354
0.401
5.300
0.344
56.397
93.379
1.396
0.396
1.266
196.261
0.361
0.364
1.441
24.001
23.091
178.584
0.332
0.470
0.334
98.617
83.692
0.367
11.630
0.341
214.105
0.584
0.325
0.325
0.521
23.526
183.261
0.569
5.818
0.346
208.483
0.372
0.415
0.352
0.343
31.515
182.520
0.317
0.315
0.499
95.919
0.322
0.316
0.459
0.337
172.398
0.303
1.290
0.362
0.320
13.432
92.897
49.929
0.396
33.421
28.405
1.280
150.272
0.308
0.353
205.356
0.327
0.314
0.513
0.367
25.448
79.266
89.386
0.301
0.313
76.717
113.142
0.343
0.301
0.341
54.052
155.962
0.504
0.338
1.283
173.501
55.090
0.347
0.350
0.448
203.939
0.331
0.453
4.934
0.343
61.309
124.396
0.309
0.482
0.363
120.453
0.388
0.394
5.588
5.025
185.732
0.395
0.385
0.343
0.392
59.707
19.135
4.189
0.336
0.399
60.705
0.320
0.338
129.009
0.316
198.755
2.277
0.562
8.452
0.350
99.540
0.312
0.310
59.181
29.109
117.046
0.394
1.348
97.993
1.299
36.978
60.208
0.401
0.455
108.044
20.572
180.511
0.379
0.411
4.432
167.286
1.256
0.434
0.316
14.599
45.311
1.395
72.483
86.108
0.336
24.177
157.260
1.293
0.382
0.353
155.479
0.343
1.322
0.380
21.139
114.367
38.719
32.974
1.195
0.512
95.340
0.480
14.127
0.349
0.360
91.659
95.009
0.373
0.327
1.394
6.800
58.725
0.360
14.421
0.315
6.835
179.564
1.457
7.537
0.351
103.829
0.313
0.364
88.661
0.428
85.243
0.374
64.573
1.348
47.084
199.639
0.384
0.597
1.556
0.356
52.958
6.718
0.532
72.171
5.871
193.308
0.414
38.838
0.492
1.343
148.395
1.395
0.369
0.343
0.390
196.776
0.358
0.577
0.320
0.405
21.625
31.227
59.693
51.598
0.363
14.373
61.931
131.503
0.370
0.327
154.344
67.200
3.483
0.427
0.357
5.037
18.128
15.203
8.095
96.034
100.224
102.713
0.465
1.322
0.313
26.244
51.116
0.625
23.578
108.560
121.890
0.457
0.324
63.700
1.421
204.253
0.333
0.515
0.316
0.305
29.719
0.381
150.847
30.282
0.349
105.156
85.430
1.225
3.375
0.343
22.678
120.334
0.357
0.360
49.467
27.740
27.181
0.351
0.300
139.992
164.941
37.209
9.835
0.333
0.371
62.484
0.357
0.435
147.086
0.391
154.718
35.082
0.340
1.304
0.498
202.894
0.404
0.377
0.328
0.453
