0.046
0.000
0.000
0.000
0.002
0.031
0.002
0.000
0.000
0.000
0.031
0.018
0.000
0.000
0.000
0.003
0.003
0.003
0.002
0.269
0.000
0.000
0.000
0.000
0.000
0.003
0.110
0.003
0.003
0.166
0.000
0.002
0.003
0.551
0.003
0.003
0.002
0.000
0.000
0.000
0.003
0.702
0.912
0.020
0.002
1.070
0.187
0.002
0.003
0.002
0.302
0.115
0.003
0.002
0.002
0.520
0.003
0.001
0.002
0.002
1.162
0.002
0.002
0.002
0.055
0.002
0.003
0.002
0.002
0.100
0.003
0.801
0.003
0.003
0.001
0.631
0.004
0.002
0.002
0.002
0.341
0.003
0.003
0.003
0.001
0.002
0.001
0.002
0.473
0.003
0.313
0.003
0.109
0.107
0.003
1.851
0.003
0.002
0.002
0.002
0.002
0.002
0.808
0.003
0.003
0.002
0.002
0.003
0.002
0.002
0.003
0.218
0.002
0.002
0.003
2.428
0.003
0.003
0.002
0.002
0.002
0.003
0.002
0.010
0.002
1.116
0.359
1.382
0.003
0.003
1.717
0.003
0.099
0.003
0.003
0.003
0.596
1.252
0.004
0.004
0.004
0.003
0.001
0.002
0.002
2.516
0.252
0.004
0.002
0.003
0.002
0.002
1.567
0.106
0.004
0.109
1.181
0.105
0.004
0.003
0.004
0.003
0.561
0.964
0.039
0.003
0.002
1.528
0.003
0.003
0.003
0.002
0.003
0.519
0.005
0.095
2.857
0.004
0.003
0.003
1.811
0.004
0.010
0.004
0.003
0.493
0.009
8.358
0.004
0.003
0.557
0.005
0.003
0.003
0.003
0.405
1.412
0.006
0.004
0.237
0.004
0.002
0.003
0.003
0.004
2.881
0.346
0.005
0.004
0.004
0.003
2.819
0.006
0.003
0.003
1.442
0.004
0.004
0.003
0.003
0.003
0.872
2.358
0.004
0.004
2.131
0.005
0.123
0.003
0.004
6.777
0.006
0.004
0.005
0.003
0.115
0.003
1.592
0.006
0.004
2.402
0.003
0.033
0.004
0.003
1.327
0.006
0.004
0.003
0.004
0.004
2.208
0.005
0.004
0.005
0.004
0.004
0.003
1.506
0.005
0.005
0.004
0.004
0.004
1.554
0.004
0.004
0.869
0.006
0.005
0.584
2.010
0.005
0.004
0.011
0.005
0.004
0.004
0.003
0.004
0.005
8.620
0.007
0.004
0.003
0.427
0.006
0.005
0.004
0.003
9.423
0.004
0.004
0.004
0.004
5.505
0.004
0.004
0.004
0.004
0.005
0.003
6.571
0.008
0.005
0.773
0.006
0.004
0.004
3.486
11.180
0.662
0.007
0.014
0.004
0.004
0.012
0.010
0.004
0.005
0.004
0.003
0.004
0.004
0.004
0.004
5.562
0.007
0.005
0.004
0.066
5.833
0.009
0.005
0.005
0.005
0.004
0.004
0.013
0.004
0.061
0.004
0.004
1.846
0.006
0.005
0.004
0.004
0.005
0.004
11.858
0.006
1.612
0.018
0.003
0.004
2.222
0.007
0.006
0.004
0.004
0.004
0.003
0.005
0.004
9.462
0.012
0.005
0.005
0.005
13.412
0.006
0.005
0.005
0.005
5.170
18.958
0.009
0.005
0.005
7.210
0.011
0.007
0.005
0.005
21.763
0.009
0.007
0.004
0.005
4.864
0.014
4.566
0.005
0.006
0.005
0.004
0.005
1.245
0.011
0.005
2.244
8.884
0.007
0.006
11.757
0.011
9.227
0.011
0.006
0.007
0.005
0.853
0.007
6.540
0.007
4.090
6.296
0.010
1.959
0.006
0.005
0.003
13.405
0.007
0.007
8.105
0.009
0.007
0.005
11.098
0.013
0.007
0.006
0.005
8.737
16.427
0.011
0.005
17.911
0.006
0.006
0.005
0.005
7.073
14.854
3.711
0.011
0.005
0.004
0.007
0.005
0.005
0.005
0.005
4.980
0.027
3.565
0.009
2.756
0.006
13.667
0.009
0.007
0.005
10.754
15.953
0.007
0.006
0.006
2.102
3.431
0.007
0.007
0.005
4.119
0.007
0.006
0.364
0.005
0.726
0.007
0.007
0.006
0.708
1.833
3.777
0.005
0.005
0.005
7.310
0.010
0.006
0.006
0.006
0.006
0.005
0.005
0.007
0.005
0.007
0.005
0.005
0.005
0.006
20.195
0.009
0.007
0.006
0.311
6.023
0.007
0.007
0.006
0.006
0.006
0.005
5.408
0.011
0.006
0.007
0.005
0.005
0.274
0.007
0.006
6.361
0.245
1.013
0.010
9.426
0.009
0.007
0.005
0.007
0.922
6.840
0.006
0.007
2.562
0.007
0.006
0.007
0.006
0.006
5.574
4.843
0.008
0.007
0.006
2.863
6.245
0.009
0.006
2.720
3.558
0.330
0.332
0.198
0.008
3.029
0.013
11.646
0.007
0.006
0.007
0.007
0.007
0.007
0.005
7.920
0.014
6.230
0.013
15.867
0.007
0.005
0.006
0.020
0.006
0.006
27.068
0.019
0.010
12.490
14.195
0.060
0.007
0.211
0.007
0.009
0.090
0.008
0.007
0.006
0.007
16.207
0.009
0.007
0.007
4.385
21.057
0.018
0.984
0.011
11.187
0.017
0.006
0.616
0.082
41.247
0.012
15.739
0.014
0.009
3.033
0.017
13.887
11.652
0.014
4.594
0.007
0.007
0.019
0.007
0.006
0.071
0.009
0.006
0.006
0.007
0.007
0.007
0.006
0.006
27.228
0.013
0.009
6.673
0.006
13.542
0.010
0.006
0.006
0.007
7.454
0.009
0.208
0.007
0.006
0.007
0.007
11.233
0.014
0.006
16.904
4.662
0.007
0.007
0.006
12.225
1.547
0.014
6.215
3.476
0.008
0.008
0.006
0.006
0.005
6.160
0.015
0.009
0.020
0.006
0.007
0.011
0.007
0.006
0.006
0.006
0.006
0.006
0.402
0.006
0.009
1.423
0.014
8.433
2.616
0.007
0.006
0.009
6.681
0.009
0.010
0.008
0.006
0.006
0.008
4.951
0.006
0.006
0.114
0.008
103.578
0.011
0.008
0.006
0.008
0.008
17.407
0.584
0.009
0.009
0.009
0.009
7.939
0.529
0.010
9.558
0.451
0.019
0.007
0.009
0.010
0.007
9.283
0.009
0.008
0.009
0.018
0.136
0.027
0.006
0.009
0.008
0.008
0.007
0.007
0.008
0.007
0.007
0.007
0.017
0.008
0.008
0.007
8.861
0.009
0.007
0.009
0.006
0.023
0.280
0.009
0.009
0.008
8.151
0.207
18.898
0.017
0.181
0.009
0.084
0.042
0.008
0.006
0.009
0.006
0.010
0.188
0.007
0.009
0.006
0.034
21.826
0.010
0.006
0.012
18.053
3.821
0.017
0.009
0.010
8.617
1.912
0.008
0.008
0.063
0.279
8.386
0.009
0.006
0.009
0.009
35.074
0.245
0.009
2.808
11.293
0.009
0.025
0.006
0.057
0.009
9.689
0.017
0.009
0.009
0.011
9.974
0.009
0.008
0.008
0.010
0.008
0.009
0.006
0.233
0.009
0.040
0.008
0.007
0.009
0.009
91.262
208.659
0.048
0.010
5.149
12.848
32.126
0.027
56.981
38.157
0.027
19.449
18.190
0.025
34.492
0.025
0.010
0.009
0.006
0.012
77.139
0.021
0.010
0.012
19.456
19.661
0.022
4.216
0.019
310.055
0.050
0.009
0.009
0.009
97.089
150.301
0.075
0.011
0.009
115.362
23.825
0.060
0.009
0.009
0.011
93.352
79.259
0.023
0.012
12.811
5.470
0.018
189.687
79.892
276.756
0.030
0.009
0.009
14.176
0.011
0.011
34.054
0.027
0.011
0.013
145.097
0.043
0.012
0.008
5.797
0.028
0.014
0.009
0.008
112.637
46.671
0.024
43.201
0.037
0.012
0.008
0.009
0.009
0.010
439.388
0.037
0.010
0.010
0.006
22.382
79.915
31.319
0.027
0.012
214.123
109.328
0.038
0.016
0.009
30.057
0.033
0.011
86.319
1.236
65.164
0.028
0.010
0.011
0.011
0.012
0.010
54.480
0.030
0.012
75.316
0.054
0.011
0.011
0.008
149.116
57.260
42.189
0.029
0.012
0.012
438.655
0.028
77.139
0.027
64.764
0.050
0.041
0.010
0.009
0.011
23.191
0.037
0.009
0.009
0.011
0.011
0.009
0.009
0.009
0.011
0.010
0.009
0.027
0.010
217.385
0.062
0.016
94.086
0.061
0.014
21.798
0.062
27.521
0.036
50.125
0.060
0.048
0.010
0.009
0.011
67.805
0.053
0.011
0.021
230.293
19.467
0.043
0.018
0.010
102.414
0.038
221.183
47.309
0.029
117.227
0.044
0.014
25.399
0.025
96.168
0.037
0.010
0.015
0.011
313.568
0.038
0.012
0.010
0.008
0.015
0.014
0.009
0.011
0.009
324.138
0.175
0.011
0.009
205.493
0.013
0.008
0.011
0.010
0.012
0.012
556.306
0.064
0.014
79.431
65.940
40.619
0.034
0.011
42.765
0.012
33.204
56.611
0.026
0.015
219.743
394.286
324.092
0.055
0.010
0.012
0.008
0.010
238.352
0.068
243.094
0.045
0.010
332.596
0.046
277.805
0.051
0.011
0.010
0.010
188.573
21.430
0.028
30.279
5.287
29.817
0.043
113.437
0.039
0.010
180.698
0.037
1.488
0.022
0.013
0.015
0.010
0.014
0.015
0.012
0.014
336.502
0.060
0.012
0.010
516.179
29.770
0.027
0.012
0.011
0.012
66.160
0.045
7.574
0.035
0.015
0.011
0.012
0.012
0.015
453.686
0.066
0.012
0.014
0.015
431.911
18.118
0.031
0.020
0.015
57.891
96.946
0.046
0.010
0.011
0.012
0.011
0.012
215.850
0.036
23.331
0.066
0.012
0.015
0.011
0.015
0.012
293.996
0.067
0.012
91.539
0.055
104.265
0.035
0.012
0.013
42.494
294.730
0.077
0.012
220.801
0.046
0.013
0.013
0.011
0.013
0.011
0.009
0.009
0.010
208.269
101.701
165.374
0.078
0.013
65.018
0.046
0.016
0.012
78.162
75.816
0.067
0.022
0.013
0.010
0.015
57.211
0.039
0.012
0.015
1074.638
0.069
0.020
22.975
178.858
0.012
0.014
0.013
0.010
0.012
0.013
0.009
0.013
317.048
0.068
16.053
0.044
0.017
229.134
0.069
0.015
248.562
0.065
0.013
0.044
138.767
0.060
307.507
0.083
0.014
289.320
0.052
0.021
0.013
0.013
0.017
0.013
0.015
190.159
0.078
0.015
293.521
0.084
0.015
0.011
918.235
0.085
444.632
0.086
0.013
631.651
0.048
0.013
289.537
0.069
26.027
0.070
0.013
0.015
0.012
1024.857
0.086
0.013
0.009
0.010
646.115
0.072
0.020
0.011
0.010
0.013
123.415
0.053
0.022
0.013
0.019
0.009
0.013
0.013
0.012
400.158
0.088
0.058
0.013
0.012
584.121
0.053
190.654
0.075
642.681
0.016
323.922
0.069
0.012
186.539
109.439
0.078
1112.625
0.054
0.015
31.842
611.742
0.019
0.011
0.010
156.179
266.907
0.079
0.013
0.011
144.770
194.874
0.085
0.015
0.012
54.559
153.892
0.057
0.016
0.015
255.051
0.078
0.016
0.012
0.012
0.015
0.038
133.494
0.019
727.665
0.015
77.603
6.057
54.279
0.023
125.164
0.054
308.071
0.088
0.056
0.017
349.526
0.057
0.017
0.012
0.015
115.691
98.614
1.107
0.051
0.015
141.965
359.103
0.075
0.014
0.015
362.301
0.075
0.015
0.057
0.013
385.819
0.095
0.018
0.012
429.512
0.021
0.012
0.014
420.609
792.482
0.087
2.237
236.308
0.084
0.015
83.940
588.677
0.086
0.014
0.015
115.666
0.093
0.019
509.167
0.014
424.284
0.023
207.564
19.118
31.199
61.465
0.043
0.017
0.012
412.034
0.031
87.599
0.068
0.016
0.017
0.013
0.015
0.026
0.012
0.016
274.060
0.092
0.016
0.012
0.031
0.012
0.012
0.015
0.010
612.712
0.094
0.012
0.016
0.013
379.476
0.042
0.013
0.014
0.015
555.300
0.068
0.016
0.014
0.012
0.030
0.014
213.168
0.077
0.021
164.879
0.096
199.063
127.308
203.235
240.967
0.067
13.939
0.052
0.023
0.014
506.539
0.073
0.013
0.015
0.013
0.011
1225.966
0.112
0.015
0.017
457.731
74.863
0.098
0.016
1101.517
0.076
272.589
0.146
0.015
440.740
0.031
0.015
0.014
0.012
0.017
531.689
438.841
0.102
0.017
284.180
0.052
0.017
0.013
0.011
288.939
0.098
241.611
0.104
0.019
724.587
0.086
0.017
98.647
456.593
600.465
0.045
0.015
111.772
0.136
102.806
450.922
0.093
0.017
0.013
198.200
0.082
0.017
0.012
0.014
72.135
0.015
0.014
40.830
0.017
12.667
0.017
0.013
0.012
0.012
7.359
0.012
0.010
0.012
0.015
1.453
0.012
4.194
35.811
0.014
15.341
0.029
0.015
0.012
9.163
0.014
28.898
0.014
0.012
0.014
25.605
0.065
0.015
0.020
0.015
14.058
0.092
0.012
0.012
0.010
7.776
0.012
0.012
0.013
11.869
0.017
0.012
0.341
0.014
0.014
14.913
0.013
0.049
0.012
0.015
0.015
12.893
0.031
0.016
0.015
0.127
0.014
0.012
0.010
4.336
0.015
1.929
31.851
0.018
0.566
0.012
8.436
7.339
0.015
0.015
11.806
0.012
0.409
4.853
0.030
25.422
0.015
0.015
0.015
0.013
22.222
0.015
0.015
0.012
3.704
0.017
0.013
0.014
2.770
0.030
8.057
0.037
12.150
0.013
0.014
21.434
0.017
0.012
0.011
4.758
10.971
0.017
0.015
12.526
0.017
0.013
27.064
0.038
0.013
0.015
0.015
2.055
4.292
0.027
1.818
10.908
0.013
0.186
0.015
0.013
0.016
11.753
0.017
0.015
0.015
28.870
0.049
0.015
0.682
0.017
0.014
0.013
0.017
0.012
0.015
0.012
0.013
9.017
0.012
0.013
0.012
19.739
0.037
0.018
0.017
26.795
4.588
0.015
0.015
0.012
10.889
0.014
0.015
0.049
0.044
0.012
9.358
4.214
0.018
0.012
2.270
0.013
0.014
0.014
0.012
0.015
0.015
4.084
0.015
10.352
10.971
0.016
0.014
0.184
0.015
3.589
0.031
0.016
0.014
0.015
12.491
0.015
0.015
0.012
0.012
0.012
7.714
0.017
0.226
0.015
0.012
0.012
4.990
0.034
0.015
5.018
0.013
0.014
0.011
0.046
5.269
0.032
0.012
0.015
10.540
10.078
0.029
0.012
0.453
0.016
0.015
0.015
2.740
4.585
0.032
4.743
0.015
0.012
0.015
0.012
5.134
3.304
0.031
0.017
0.017
0.012
3.330
0.015
0.010
0.011
0.015
42.983
0.017
0.016
0.014
0.016
43.500
0.024
0.015
0.019
4.609
3.044
0.320
0.015
0.953
0.013
0.015
3.066
0.016
0.015
0.368
0.017
0.015
0.015
0.014
3.342
6.025
0.035
0.015
0.015
14.334
0.085
0.019
0.013
0.015
3.437
0.434
0.015
0.012
3.660
0.013
0.014
0.016
0.015
0.015
4.419
0.014
0.015
0.016
0.017
0.014
0.015
0.016
18.091
0.040
0.016
14.099
14.402
0.016
0.054
44.019
0.042
0.026
0.016
0.014
18.428
0.015
0.048
0.023
0.018
0.020
1.200
0.026
0.016
0.015
0.132
22.315
0.043
0.023
0.015
0.938
0.019
0.016
0.017
0.012
6.668
34.889
0.017
0.057
0.015
8.234
0.060
0.014
12.707
0.014
143.276
0.023
0.015
0.299
0.020
9.775
0.020
0.016
3.943
0.018
17.939
0.017
0.015
0.015
1.149
16.050
0.015
0.016
0.038
0.651
0.019
0.015
0.017
0.271
0.021
0.015
0.017
0.012
0.012
0.015
1.022
0.017
6.890
0.045
9.020
22.509
15.055
0.050
0.066
0.015
0.018
16.629
0.017
0.057
0.016
0.017
0.015
0.015
0.015
0.012
0.017
2.845
15.774
0.023
4.568
17.547
30.019
0.023
0.057
0.017
7.840
2.832
0.021
0.015
0.029
3.911
0.015
10.658
12.632
0.079
0.017
0.017
0.113
0.015
0.015
14.146
6.244
0.015
0.016
0.017
0.015
0.019
0.056
0.013
0.015
0.016
4.538
0.017
0.018
4.249
0.017
0.015
0.015
0.015
0.016
0.015
0.015
0.013
5.572
0.017
0.018
0.046
0.017
0.016
0.015
0.943
0.023
0.016
0.015
0.133
2.139
1.603
0.015
0.015
0.015
3.465
0.018
0.052
0.369
0.016
70.853
0.026
0.017
0.017
0.013
0.019
11.646
6.544
0.027
0.018
0.015
4.856
0.020
6.040
0.017
35.733
0.050
0.030
1.872
0.053
34.708
0.015
0.573
0.020
0.020
25.841
0.726
0.854
0.020
0.013
23.148
0.017
0.017
0.015
0.015
8.080
0.043
6.554
0.040
9.732
0.019
4.926
0.022
1.459
0.017
2.065
0.822
0.020
0.018
0.015
2.649
1.358
3.226
0.015
0.017
3.793
0.015
0.017
0.293
5.139
0.020
0.016
1.465
0.044
0.021
0.017
0.039
0.015
0.018
0.014
0.015
0.014
1.109
0.145
14.778
10.136
0.022
0.017
0.055
0.019
2.820
0.022
1.461
0.017
0.017
0.015
1.971
0.018
0.012
0.172
0.016
0.015
0.448
0.018
0.015
10.633
0.041
4.914
0.037
30.973
10.774
0.093
0.020
5.032
0.049
0.022
0.015
0.060
0.015
0.019
0.013
5.953
29.562
0.046
0.022
17.331
0.016
0.017
0.012
0.016
46.855
0.019
0.017
0.064
0.016
0.020
0.015
0.020
0.017
0.048
0.017
8.405
0.180
46.619
0.016
54.861
0.085
0.018
0.021
0.014
3.347
0.017
0.544
0.020
0.017
8.190
16.451
0.068
0.019
0.015
20.485
0.015
0.060
0.020
0.018
43.645
0.075
0.026
0.025
0.062
20.756
10.332
10.748
0.072
0.036
0.062
4.093
0.023
0.031
0.016
19.214
0.020
0.033
0.020
0.015
0.018
0.017
6.070
0.046
0.019
0.015
27.927
0.055
0.831
0.029
0.016
0.023
21.030
7.636
0.046
165.021
0.025
1.925
15.051
0.062
37.084
0.088
0.020
0.023
0.020
17.618
6.338
0.023
0.016
0.186
8.711
0.060
0.030
0.017
0.017
0.017
0.017
8.969
0.019
29.036
26.701
3.594
0.035
0.017
0.021
0.017
10.644
0.020
0.015
0.016
4.208
3.448
0.029
0.022
0.018
0.015
0.755
0.888
2.981
0.014
0.015
0.016
2.012
0.020
0.548
2.322
0.020
0.015
2.572
0.019
0.152
0.018
0.017
0.734
3.977
0.020
0.015
0.018
0.019
0.015
0.020
2.787
0.068
0.018
10.232
13.653
0.041
0.025
0.017
0.017
6.820
0.039
0.018
0.016
3.711
0.020
38.519
0.022
0.075
0.017
130.494
19.588
0.017
0.022
8.598
8.655
25.449
0.044
0.019
0.023
28.039
3.006
0.050
0.023
0.026
4.071
20.382
0.046
0.020
0.020
26.548
4.756
0.106
0.019
0.018
0.020
25.280
0.108
0.018
0.017
25.681
0.024
0.020
0.016
0.018
1.253
0.017
0.016
0.017
0.019
23.659
0.021
4.686
0.056
3.676
0.020
0.018
0.019
0.015
0.020
24.716
0.046
0.023
1.261
0.048
0.017
21.068
0.043
0.026
0.018
0.021
26.007
0.018
0.022
0.017
7.175
16.571
4.121
0.051
0.021
43.791
0.044
0.027
0.023
0.028
29.031
0.040
0.027
0.020
0.265
11.886
25.386
0.043
0.019
0.022
145.110
0.020
0.016
4.046
0.307
17.190
0.076
0.019
0.017
0.020
4.954
0.022
0.017
11.643
0.017
12.231
0.023
0.015
0.018
0.211
7.335
0.938
0.024
1.571
0.029
1.597
0.048
0.021
19.298
0.046
3.751
4.459
0.018
0.017
0.020
5.218
0.023
0.018
0.029
0.017
2.896
3.274
0.043
0.017
0.019
6.234
0.352
0.017
0.016
0.021
19.490
0.036
0.019
0.038
0.018
1.556
17.569
0.045
0.023
0.020
7.028
0.102
0.031
0.020
0.017
20.131
0.037
0.025
0.028
10.958
7.115
12.858
0.046
0.026
0.074
0.017
17.198
0.047
0.078
0.023
4.443
7.069
0.022
0.032
0.017
182.719
0.051
0.022
0.022
0.020
11.899
0.031
0.017
7.555
0.055
0.023
0.017
0.021
0.020
1.593
17.832
0.023
0.021
0.023
0.019
14.904
0.043
0.020
0.020
4.771
0.018
9.969
2.290
0.025
0.066
5.469
0.023
0.021
0.017
7.718
0.023
0.021
5.153
12.569
0.044
0.017
0.022
0.018
0.020
0.020
1.290
0.038
25.248
0.022
0.017
0.022
1.255
7.779
10.574
0.020
29.028
0.054
0.028
2.625
0.029
0.021
8.206
5.136
0.050
0.025
3.223
4.024
24.644
0.034
0.023
22.527
0.021
0.017
0.017
0.020
18.587
0.023
8.324
0.036
0.026
80.853
0.026
0.023
0.021
0.018
26.041
2.564
0.033
0.017
0.023
0.020
10.715
4.466
0.043
0.075
0.016
4.295
0.020
1.132
9.670
27.665
0.043
0.021
0.023
0.020
22.265
0.026
0.020
0.020
8.555
0.019
18.590
2.519
0.037
0.079
67.721
0.033
0.020
0.019
0.018
31.946
0.021
0.017
0.020
0.023
11.992
0.048
0.020
0.019
0.019
0.018
6.848
0.019
0.020
0.840
4.981
1.892
0.101
0.019
0.023
5.182
0.023
1.292
0.034
0.119
6.654
0.022
0.017
0.018
0.023
1.201
0.023
1.830
0.027
3.050
0.018
1.641
5.165
0.048
0.026
0.024
36.526
0.037
0.082
0.072
19.342
0.034
0.019
0.023
0.017
16.234
0.265
0.022
0.021
0.023
152.651
0.053
0.085
0.023
0.022
5.025
0.021
0.092
2.825
0.026
94.481
28.804
0.060
0.026
0.024
14.201
0.110
0.022
0.017
0.021
1.955
0.017
9.070
0.024
0.467
10.115
0.046
0.020
3.203
0.040
8.754
2.412
0.044
0.030
0.019
29.681
2.046
0.040
0.026
0.023
223.068
34.898
0.033
0.039
0.026
2.786
0.054
1.396
0.027
0.085
11.398
0.023
0.016
0.018
0.017
0.020
0.020
0.071
0.023
0.016
10.439
0.074
0.021
0.022
0.023
9.898
0.025
0.026
0.021
0.022
1.058
0.023
0.018
0.026
0.018
0.244
0.023
16.647
0.028
0.079
17.749
0.023
0.021
0.025
0.113
22.134
0.069
0.023
0.019
0.078
0.024
0.037
0.019
0.074
0.020
5.966
0.031
0.685
16.008
0.020
0.021
17.270
0.027
0.017
0.017
3.855
1.365
0.029
0.023
0.819
0.018
12.206
0.019
0.019
0.023
0.021
9.189
17.258
0.089
0.024
17.363
0.048
0.030
0.023
0.024
21.730
0.025
0.020
0.019
0.021
0.020
0.020
0.025
0.020
0.017
0.025
0.018
0.819
0.054
0.614
12.214
0.024
0.020
0.026
2.730
0.025
5.672
0.050
4.508
0.022
10.686
0.026
0.022
0.025
0.020
11.819
0.029
0.021
1.892
3.332
0.022
10.813
3.262
0.039
0.024
2.886
0.030
0.023
7.270
3.212
9.763
2.986
0.024
0.023
0.023
10.192
0.028
0.019
0.018
0.017
0.020
13.290
0.021
0.022
0.079
0.022
1.602
18.797
0.024
0.025
12.504
0.034
0.022
0.020
0.023
0.023
0.018
0.020
0.024
0.020
129.334
0.021
10.689
0.026
0.020
0.027
8.045
0.052
0.022
0.023
0.079
0.020
0.020
2.533
0.029
8.477
0.032
3.431
0.023
0.296
3.977
0.034
4.147
0.049
0.026
10.503
0.035
0.025
0.028
0.036
1.497
0.023
9.577
0.040
0.093
18.089
0.034
0.029
2.246
0.108
135.883
3.748
0.054
0.033
0.027
0.029
0.026
0.022
0.025
0.021
134.242
0.199
15.636
0.060
4.686
0.025
0.023
0.028
0.023
3.891
16.964
0.035
0.028
0.304
0.026
11.728
0.050
0.023
0.021
0.030
14.422
0.025
0.782
0.289
0.045
0.023
0.025
0.020
0.026
0.024
9.831
0.037
0.023
0.019
0.020
10.543
0.025
0.026
0.027
0.024
13.847
0.064
0.025
0.020
0.022
17.142
8.069
0.065
0.034
0.026
0.032
0.027
0.026
0.023
0.021
28.225
0.021
0.023
0.020
0.453
21.161
0.056
0.026
0.026
0.023
16.411
0.028
0.476
0.023
0.021
7.310
4.396
8.205
0.026
0.023
18.532
4.453
0.055
0.026
2.553
0.024
8.877
0.034
0.020
0.021
0.022
0.022
0.026
19.800
0.082
24.659
2.844
1.410
0.029
0.023
22.304
0.051
0.024
1.267
0.045
0.020
6.108
0.057
13.037
0.048
0.028
17.809
0.022
0.023
0.030
0.673
8.266
9.682
0.023
0.019
0.027
0.022
0.417
0.028
0.023
20.082
0.031
0.023
6.362
0.039
0.029
20.421
0.037
0.020
11.854
24.183
0.051
0.027
0.029
0.021
18.915
0.037
0.029
0.026
0.024
9.435
0.032
0.025
0.031
0.025
0.026
0.021
0.018
0.035
10.465
0.784
9.290
0.042
0.023
0.029
0.025
10.321
0.026
0.029
0.027
22.391
0.029
0.023
0.021
0.028
0.029
22.594
0.023
0.021
0.024
0.029
17.897
0.029
0.020
0.026
0.020
4.581
0.046
0.036
0.021
24.142
0.028
0.036
0.027
0.026
114.613
9.983
0.026
0.029
0.028
32.736
3.756
0.057
1.748
0.038
23.123
0.029
0.028
0.028
0.026
12.110
0.026
5.724
0.027
8.607
17.807
0.209
0.031
0.023
0.028
0.029
0.087
0.028
7.588
0.062
0.032
10.341
0.034
12.598
0.049
0.029
13.715
5.287
0.029
0.023
17.181
0.237
0.029
0.022
0.029
9.147
9.426
0.031
0.024
0.020
24.698
0.054
0.027
0.023
0.029
22.903
2.239
3.354
0.052
0.036
23.773
0.060
0.026
0.033
0.027
0.034
3.143
0.029
0.024
8.967
20.115
0.032
0.037
0.640
0.023
12.634
0.061
3.575
0.099
0.022
0.082
27.047
0.030
0.026
7.998
0.029
19.903
5.404
0.321
0.042
0.028
0.022
9.387
0.029
0.063
9.048
0.056
0.035
0.023
0.025
15.082
0.023
0.028
0.021
0.020
0.023
16.670
0.035
0.025
0.022
9.516
0.048
0.025
0.024
1.948
1.320
8.596
0.054
0.029
0.026
14.578
0.031
0.024
0.707
0.026
13.194
0.063
0.033
0.030
0.023
0.026
4.723
0.047
0.031
0.026
13.773
0.029
0.033
0.144
0.036
3.296
0.024
0.020
0.023
0.028
0.030
0.727
0.026
14.176
0.065
16.204
0.037
0.023
0.029
0.023
17.828
0.187
0.024
1.163
0.027
4.698
5.961
0.029
0.029
5.795
8.880
0.029
0.021
2.893
0.045
24.440
0.046
0.024
0.028
2.936
0.034
0.023
1.253
0.046
0.025
0.564
6.744
0.060
0.028
0.026
8.036
0.043
0.025
0.026
0.020
20.430
0.034
0.034
0.026
0.092
6.428
0.040
0.025
10.202
0.031
0.033
17.723
0.034
0.091
0.024
12.791
0.031
0.094
0.026
0.029
3.080
0.091
0.177
6.227
0.056
42.587
0.068
0.032
0.030
0.027
1.147
0.048
0.403
22.706
0.030
25.503
0.040
5.089
0.059
0.034
0.093
0.026
0.746
0.057
0.028
0.032
0.026
0.023
0.022
0.023
15.758
0.030
0.093
0.278
0.034
0.023
0.021
24.128
0.057
0.119
8.249
0.195
0.025
10.871
0.033
0.029
14.670
9.231
0.041
0.031
0.338
7.584
4.523
0.031
2.107
8.465
0.132
0.026
0.021
5.038
27.057
0.031
0.026
0.023
3.646
29.987
0.070
0.031
0.026
0.029
26.450
0.031
0.026
7.053
0.065
0.028
0.029
13.484
0.046
15.077
20.435
5.340
0.043
0.346
0.048
11.501
0.936
0.065
0.032
0.023
5.344
1.455
0.068
0.031
0.029
16.709
0.056
0.026
0.334
0.050
15.642
0.027
1.472
0.038
0.029
1.010
15.804
0.029
0.022
0.024
20.249
0.147
0.029
0.832
0.029
21.657
19.711
0.051
0.034
0.035
10.600
0.046
19.104
0.060
0.042
0.029
0.031
0.031
0.026
0.025
0.029
13.382
0.057
0.037
0.030
0.027
0.098
0.023
0.024
2.014
8.536
0.034
0.325
0.154
0.029
11.675
0.063
0.037
5.404
0.043
145.901
7.669
0.110
1.200
0.070
7.811
8.378
0.061
0.032
0.032
21.862
0.029
0.023
0.025
0.030
20.458
3.113
0.063
0.031
0.035
0.026
7.960
11.745
0.029
0.031
18.772
0.068
0.033
0.030
0.026
9.396
11.824
0.050
0.031
0.027
0.032
6.569
0.074
0.034
0.031
12.631
1.233
0.062
0.122
0.026
17.379
0.042
0.033
0.029
0.025
0.101
15.841
0.119
0.031
2.705
0.786
0.030
0.026
16.895
0.050
17.946
0.071
0.038
4.845
0.040
9.262
0.050
0.030
11.399
0.061
0.031
0.029
0.029
0.031
1.517
8.841
0.049
0.032
8.905
0.054
14.203
0.034
1.464
0.070
0.030
0.029
0.502
0.189
0.033
0.031
0.034
0.031
0.031
0.960
0.139
20.531
3.762
9.251
0.147
0.039
22.926
1.779
0.043
0.057
0.031
15.003
0.071
7.362
0.046
0.113
18.720
7.393
0.047
0.034
0.034
37.583
0.080
0.037
0.035
0.029
0.034
15.172
5.092
0.068
0.093
0.033
0.030
7.968
0.054
0.031
1.309
9.874
0.155
2.064
8.293
21.577
0.030
0.025
0.026
0.040
21.522
0.035
0.026
0.029
0.025
0.026
0.031
0.026
0.024
0.030
3.418
0.061
0.043
0.031
0.034
0.113
0.027
12.309
10.183
1.095
0.027
13.360
0.040
7.048
0.057
0.029
0.294
18.445
0.879
0.047
0.037
0.033
0.029
0.026
0.029
18.915
0.037
0.026
0.034
0.106
0.628
0.051
17.837
0.048
0.113
19.907
0.071
0.035
0.037
0.032
12.837
0.046
0.040
0.029
4.779
0.026
0.026
0.034
0.066
0.032
4.236
0.110
0.026
0.614
0.125
7.534
10.554
0.057
0.034
0.038
20.406
0.040
3.277
0.029
0.037
13.383
1.167
0.053
0.032
8.901
0.431
26.321
0.037
0.029
0.035
23.673
0.066
0.037
10.234
0.105
25.132
0.110
0.027
0.028
0.024
0.029
12.132
0.361
0.034
3.927
24.457
0.047
0.027
0.026
0.037
24.173
0.120
1.580
0.028
0.031
0.031
13.569
0.060
0.119
7.447
0.031
24.774
0.059
1.727
0.048
15.327
0.029
0.083
0.037
3.421
17.474
0.032
0.119
0.036
0.034
0.028
0.033
0.032
0.033
0.031
0.026
23.274
0.140
2.660
0.076
22.545
0.062
0.043
0.036
0.035
4.805
0.158
13.990
0.057
0.029
3.623
0.040
0.037
0.029
0.034
0.031
0.032
0.032
0.031
0.026
21.223
0.039
4.393
0.035
0.031
17.254
0.037
0.040
0.034
0.029
0.029
0.035
0.024
7.331
0.038
0.030
17.473
0.046
0.029
0.035
12.908
0.057
0.034
0.111
1.250
16.964
0.038
0.029
0.030
0.033
0.034
0.031
0.032
0.029
0.222
11.928
0.040
1.173
0.033
16.380
0.033
2.208
12.518
3.722
0.071
20.331
0.034
0.033
0.038
0.028
4.019
2.711
0.052
0.040
0.040
13.850
0.039
0.624
0.122
0.028
23.590
0.036
0.029
0.028
0.029
0.257
28.026
0.032
0.321
0.046
24.570
0.037
0.040
0.027
0.029
25.763
0.452
0.038
0.681
0.042
28.003
6.373
0.064
0.032
0.039
27.163
0.030
0.037
0.034
0.221
2.490
21.665
0.078
0.414
0.042
21.695
0.141
2.860
0.046
0.043
22.256
0.045
0.039
0.130
0.027
22.516
0.034
0.033
0.032
1.902
0.039
24.541
7.610
0.040
0.038
18.048
0.036
0.417
0.030
0.026
86.636
0.057
7.032
0.068
0.046
0.034
0.036
0.028
0.037
0.036
20.781
0.047
0.029
0.327
0.047
15.031
0.051
4.758
0.036
0.033
0.216
0.041
0.025
0.026
0.025
28.475
0.085
0.132
5.804
0.058
9.909
9.108
0.071
0.035
0.040
18.992
0.030
0.115
0.030
0.147
0.029
0.035
1.145
0.065
19.714
11.984
0.069
0.044
0.038
24.255
10.681
15.498
21.602
0.213
0.043
7.290
0.071
0.034
0.033
0.549
0.038
0.036
0.113
0.033
0.029
15.883
0.043
0.036
0.378
0.030
6.846
0.061
1.716
0.501
0.064
11.850
0.064
0.033
0.289
0.055
27.792
0.057
0.120
0.034
0.033
6.957
0.034
0.028
0.344
13.215
0.030
3.861
22.463
0.051
0.037
21.388
0.039
0.041
0.028
0.037
19.981
0.060
0.032
0.796
0.046
7.392
9.668
2.400
0.055
1.649
0.039
5.640
1.624
0.052
22.696
31.688
0.062
0.055
0.041
0.039
0.501
6.522
25.101
0.071
0.043
0.039
3.897
0.041
0.276
0.037
33.040
6.276
0.062
0.030
0.036
32.652
0.054
0.112
0.051
0.036
0.641
26.690
0.068
0.035
0.046
57.587
8.325
0.141
1.992
15.110
13.594
2.522
0.092
0.046
0.036
0.033
0.034
0.038
0.026
4.708
0.033
22.718
0.029
6.453
0.071
4.064
26.513
0.039
0.120
0.037
20.808
4.034
0.035
0.037
0.032
0.032
25.931
0.082
0.268
0.053
16.246
1.500
0.062
7.418
9.186
0.034
0.032
0.029
0.036
0.038
22.024
0.051
0.319
0.051
1.907
23.449
0.057
0.041
0.952
0.069
0.030
0.030
26.457
0.085
0.046
14.263
11.121
0.076
0.132
0.035
4.620
7.836
0.038
0.041
1.098
0.124
17.191
1.133
0.040
0.032
0.041
26.517
0.045
0.029
1.284
11.875
0.044
0.044
0.035
0.043
10.574
0.076
0.040
0.042
0.037
25.791
0.036
0.035
0.033
0.443
14.672
0.068
11.782
0.068
0.045
8.012
16.070
0.078
0.055
0.040
24.862
0.085
0.040
0.659
0.077
0.035
0.124
0.934
0.080
0.049
32.172
0.064
0.038
0.051
0.032
0.043
4.505
0.233
32.765
0.164
0.039
34.305
0.040
0.037
0.039
0.040
30.353
0.088
0.038
0.040
30.025
3.564
0.082
0.050
0.034
0.033
25.924
0.041
0.036
0.040
4.978
0.046
40.062
0.096
0.045
0.044
28.230
0.048
9.507
0.090
0.039
0.033
0.037
0.031
0.042
0.035
0.031
30.112
0.046
6.592
40.108
0.053
0.036
0.049
0.034
42.622
0.040
0.035
0.039
0.035
31.481
3.848
0.063
0.036
0.048
38.819
12.079
0.195
0.030
0.040
375.563
0.048
0.042
0.031
0.057
18.789
5.565
0.050
0.034
4.094
0.042
0.039
1.183
0.036
0.045
0.031
0.353
23.708
0.081
0.038
3.400
31.022
0.040
0.371
0.044
27.626
0.080
0.037
3.887
0.086
43.296
0.050
0.050
0.050
0.147
0.037
16.086
0.040
16.693
0.231
20.054
16.962
0.058
0.049
0.034
13.449
14.460
0.054
0.156
0.038
0.033
0.038
0.035
0.032
0.031
1.109
25.095
0.047
0.139
0.128
1.949
0.170
16.651
0.067
0.036
0.034
6.964
1.816
0.184
0.040
0.041
1.308
0.081
9.183
0.052
8.964
0.053
0.047
0.037
0.036
30.027
0.084
0.453
0.061
0.046
0.032
11.310
15.302
0.076
1.978
52.007
0.034
2.652
0.085
0.057
26.314
0.059
0.035
0.040
0.044
7.072
5.207
0.079
0.052
13.735
19.774
0.047
0.049
0.040
0.040
0.043
0.033
0.038
0.039
0.034
41.660
0.045
0.136
0.038
0.032
33.933
0.050
0.055
0.034
0.036
1.046
12.109
7.484
3.339
0.056
2.972
0.071
0.046
30.373
0.263
0.040
0.036
0.030
21.550
0.178
12.929
0.061
10.003
0.214
0.051
4.545
14.639
0.766
4.633
0.090
6.469
6.378
0.079
0.048
0.052
20.497
2.308
0.067
0.052
0.041
13.734
0.084
0.206
3.478
0.209
0.036
8.472
0.046
1.368
0.041
32.196
0.045
0.145
1.301
0.034
24.832
0.052
0.040
0.040
0.041
13.199
9.027
0.076
4.844
0.052
40.910
0.206
0.057
0.038
0.038
30.402
0.055
0.044
0.038
0.040
4.456
12.261
11.451
0.044
0.034
43.723
0.035
0.038
0.035
0.032
16.369
0.046
10.632
0.067
0.039
34.724
0.050
0.038
0.034
0.041
34.227
0.084
0.045
0.040
0.036
2.169
22.298
0.091
0.051
0.036
0.036
29.652
0.047
0.042
0.674
9.474
11.474
0.067
0.047
0.040
5.287
0.148
11.199
3.697
0.040
6.661
0.054
0.040
3.891
8.866
0.037
1.014
0.034
0.032
0.141
18.770
0.077
0.047
2.529
0.084
0.372
0.049
2.384
0.306
8.507
0.125
0.037
0.032
14.843
0.084
0.398
52.171
0.078
0.042
0.038
0.041
19.258
0.069
0.823
0.074
18.248
0.053
0.037
0.039
0.034
21.956
0.083
0.044
0.038
18.157
18.099
4.900
0.088
0.042
1.028
0.033
12.089
0.042
0.035
0.035
35.085
0.049
0.035
0.033
0.036
20.210
15.259
0.089
0.686
0.068
44.590
0.052
0.046
0.033
0.038
55.239
0.036
0.045
0.039
0.040
31.835
0.044
0.041
0.046
9.623
43.569
0.057
0.747
0.046
0.050
23.031
0.051
20.928
0.060
0.056
0.038
46.563
0.092
0.035
0.038
18.888
19.817
0.079
0.044
0.149
39.890
0.083
0.044
0.058
0.043
34.828
0.046
0.043
0.044
0.037
30.900
0.062
0.053
0.039
0.033
20.439
0.094
0.047
6.083
0.054
0.043
0.040
32.327
0.339
0.057
0.040
0.036
0.043
0.037
0.549
17.493
0.071
17.329
0.070
0.048
42.287
0.051
0.041
1.221
0.203
0.141
9.266
16.103
11.990
0.097
16.239
27.028
0.056
0.040
0.772
0.039
37.513
0.044
0.034
0.037
17.867
27.744
0.080
0.051
0.046
20.855
18.395
0.082
0.041
0.148
17.655
10.372
12.113
0.080
0.828
0.034
0.034
0.034
3.482
0.053
15.790
21.145
1.206
0.040
0.039
7.750
0.041
1.956
0.057
0.051
34.568
0.154
0.038
1.954
0.055
0.036
10.402
0.046
24.424
0.090
0.035
26.703
6.223
0.040
0.156
39.216
0.084
0.053
0.043
0.036
29.905
0.891
0.047
0.048
0.040
27.716
0.586
1.123
0.082
0.041
0.036
8.295
2.192
0.063
0.155
18.413
0.084
0.048
0.041
0.152
0.041
0.045
0.036
0.043
12.173
0.042
0.042
0.046
0.068
0.049
20.838
0.089
0.047
9.816
0.079
14.688
0.218
16.191
0.061
6.218
38.956
0.062
0.045
0.035
0.035
30.772
0.921
0.046
0.047
0.352
0.047
3.338
0.215
0.055
0.056
0.332
0.046
0.036
31.937
0.044
0.037
0.040
0.038
0.047
4.045
19.022
10.654
0.686
0.158
0.042
14.489
0.062
13.374
0.066
0.050
37.290
0.085
0.052
0.044
0.523
13.927
19.260
0.071
2.262
0.070
0.048
32.931
0.395
0.053
0.038
19.115
0.425
20.992
0.175
0.544
23.728
0.086
0.049
13.646
0.061
21.688
13.832
0.077
0.042
0.037
52.679
0.064
0.057
4.064
0.082
38.241
0.055
0.040
0.037
0.332
12.547
0.066
21.816
0.058
0.042
0.039
13.577
27.002
0.092
0.173
46.313
0.096
0.049
0.040
0.041
30.704
0.095
0.046
0.051
0.458
0.062
0.045
0.040
0.042
0.051
21.418
0.082
6.603
0.054
0.039
0.049
43.365
0.071
0.043
0.036
0.044
24.479
0.069
0.175
0.042
15.961
0.091
0.046
9.861
0.095
0.048
0.049
0.044
0.060
0.037
21.467
0.054
0.045
0.044
0.035
0.049
34.829
0.096
0.057
0.049
0.040
29.064
0.075
0.047
0.052
0.620
30.628
0.053
0.174
0.062
20.431
0.404
0.059
0.051
0.053
0.040
0.160
0.236
0.040
0.044
0.051
0.040
0.045
0.041
0.180
19.125
3.374
0.184
0.048
0.040
0.304
0.046
37.278
0.060
0.056
6.274
28.046
0.096
0.056
0.054
28.955
0.069
0.517
0.064
0.058
42.029
0.085
0.051
0.055
0.049
0.652
0.082
0.440
0.080
31.885
30.451
0.068
0.760
0.074
0.046
28.972
0.074
0.049
0.041
0.040
0.046
12.187
0.082
0.868
0.169
7.351
0.063
8.172
0.086
0.052
36.061
1.725
0.096
0.056
0.053
0.044
52.120
0.052
0.039
0.035
25.613
0.051
0.770
0.054
0.052
30.052
0.092
0.063
0.057
0.051
26.129
0.056
0.057
0.046
0.047
0.046
11.008
4.997
29.573
1.351
40.747
0.111
9.125
0.080
0.051
61.769
0.118
0.053
0.732
0.253
0.049
0.042
0.036
48.569
0.079
0.564
0.925
44.919
0.284
0.057
55.482
0.238
0.067
0.044
0.181
0.125
0.042
0.037
0.041
0.037
0.040
0.040
0.040
0.048
0.047
5.362
0.084
7.988
26.181
0.054
51.455
0.103
0.057
0.047
0.040
33.718
0.226
0.181
3.912
0.046
1.130
41.734
0.069
0.309
0.046
46.030
0.062
0.049
0.041
0.039
534.083
7.117
0.057
0.175
0.055
0.042
2.304
0.104
0.063
0.047
38.917
0.086
0.066
0.044
0.057
0.044
0.047
0.085
0.057
0.040
32.379
0.063
21.922
0.061
0.102
0.045
0.044
0.040
0.523
0.068
50.656
0.058
0.050
0.041
0.172
0.170
25.395
0.058
10.323
4.754
40.185
0.078
0.186
0.057
0.040
0.046
34.793
0.053
0.056
0.344
0.062
0.044
4.052
0.072
0.051
116.390
55.159
0.079
7.122
0.090
43.025
0.074
0.049
0.057
0.239
40.282
0.586
6.924
0.065
0.045
47.139
0.063
0.050
0.042
0.041
33.429
0.079
0.046
0.041
0.051
34.318
0.052
0.065
0.174
0.051
0.054
0.055
0.172
0.046
0.041
21.133
0.074
19.655
0.074
0.061
32.323
0.072
5.730
0.042
0.040
49.529
0.068
0.048
0.148
0.063
0.045
36.934
0.494
0.084
0.044
0.042
7.323
14.128
0.054
0.062
32.195
0.057
0.040
0.067
0.041
15.136
0.066
0.046
0.040
0.046
32.388
0.124
0.060
9.800
0.084
0.044
31.178
8.847
0.084
0.336
121.145
77.551
0.085
0.057
0.047
31.907
0.081
0.051
0.048
0.503
0.057
0.046
27.560
4.634
0.068
16.063
9.580
0.080
7.295
0.204
9.873
0.321
6.245
0.064
12.158
20.901
0.522
5.425
0.051
0.045
0.231
0.051
0.046
4.830
2.353
48.894
0.051
0.171
0.046
0.042
25.612
0.048
0.041
0.051
0.848
29.332
0.109
0.053
1.455
0.108
29.805
0.062
0.045
0.051
0.829
6.532
0.077
0.062
0.181
8.960
5.995
7.977
2.784
2.730
0.079
0.055
22.280
0.081
0.049
0.337
0.901
47.492
0.062
0.049
0.040
37.613
0.094
0.189
0.045
0.057
0.046
43.132
0.774
0.065
0.045
31.570
0.068
0.061
0.065
0.047
11.618
22.112
0.080
0.047
0.052
32.800
0.067
0.060
0.187
0.189
0.198
9.052
0.102
0.268
0.067
11.749
19.571
0.066
0.159
4.937
2.668
1.651
38.621
0.071
0.876
32.062
0.091
0.053
0.060
0.045
10.925
18.821
0.059
0.062
0.056
0.462
0.258
1.724
0.295
22.329
20.545
0.051
0.311
0.195
0.062
19.271
0.095
0.061
0.051
0.058
0.185
0.063
0.045
0.051
0.051
16.771
15.046
0.052
0.186
0.142
3.664
13.676
0.080
0.057
0.051
172.331
29.787
0.073
0.047
0.710
0.044
0.187
5.004
13.610
0.113
0.046
0.048
0.268
0.062
0.058
0.062
0.061
0.051
0.050
0.040
55.680
0.238
0.066
0.062
0.046
0.243
0.648
1.790
4.594
35.377
7.080
39.057
0.190
0.084
0.066
45.992
0.102
0.062
0.062
0.060
41.925
0.264
0.063
0.057
0.059
38.075
0.066
0.064
0.048
0.046
0.050
0.056
25.836
0.073
0.049
2.407
12.727
0.064
5.513
0.114
0.050
0.220
5.318
0.078
0.063
12.237
14.591
0.206
0.225
0.058
0.049
0.053
4.700
0.089
0.063
47.680
0.057
0.059
0.042
0.059
244.543
0.076
20.716
0.074
0.049
45.984
0.054
2.898
0.070
0.054
24.736
11.805
13.208
0.073
4.743
50.103
0.057
0.051
0.041
0.042
20.600
0.091
0.066
3.718
17.196
20.234
29.641
0.065
0.058
0.050
58.988
0.089
0.730
0.073
0.056
36.160
0.051
0.655
0.109
0.062
38.995
0.068
0.050
0.043
0.040
61.774
0.101
0.305
0.226
0.057
51.999
1.155
2.234
0.288
0.049
62.518
0.091
0.067
0.054
0.056
23.112
0.110
26.410
0.079
0.063
17.252
35.165
0.079
0.069
0.049
50.771
0.062
0.062
0.051
0.059
62.629
0.090
0.047
0.049
0.053
0.056
4.313
33.432
27.033
0.096
55.955
0.639
0.096
0.075
0.050
1.750
0.054
56.272
0.056
0.062
151.328
39.123
0.254
0.061
0.045
0.053
0.056
0.051
0.190
0.059
10.301
0.402
0.068
0.049
0.044
43.859
39.355
0.120
2.022
0.068
22.267
17.230
0.053
0.049
10.861
4.790
40.795
0.070
0.057
0.196
55.459
0.100
2.587
0.065
0.048
0.068
0.060
0.055
2.646
0.051
49.412
0.203
0.198
0.074
0.048
17.593
35.338
4.239
2.153
0.091
45.161
0.100
0.427
0.058
0.058
41.739
0.215
0.073
0.057
0.941
43.680
0.105
0.063
0.062
0.051
31.045
0.066
1.272
1.067
0.103
0.059
8.509
0.072
0.218
0.062
36.946
13.324
0.061
2.674
0.071
0.454
15.371
0.273
32.015
0.081
0.061
0.062
0.049
0.057
0.049
46.695
0.241
1.064
10.563
0.100
7.139
0.107
0.057
48.261
6.068
34.042
1.233
0.084
15.775
4.282
9.807
0.096
0.062
0.056
0.051
52.228
0.268
0.066
0.056
0.057
43.627
0.096
1.622
0.061
0.055
39.335
37.842
0.273
0.064
0.063
44.675
0.095
7.824
0.107
0.074
32.590
22.716
0.086
0.212
0.830
35.214
0.242
0.052
0.046
0.044
36.772
0.062
0.405
0.059
0.058
49.587
0.079
0.074
0.066
2.566
2.055
0.490
31.521
0.079
0.053
300.341
61.117
0.069
10.635
0.051
2.383
50.051
0.192
1.471
0.152
59.348
0.073
0.066
0.068
0.214
48.885
0.111
0.060
0.051
0.051
7.210
47.641
0.064
0.047
0.331
0.715
23.460
0.064
14.607
9.814
52.556
0.076
0.057
0.152
0.070
43.392
0.271
0.093
0.062
0.061
23.626
3.542
10.734
6.356
0.080
46.426
0.064
0.047
0.052
0.046
57.998
0.769
0.076
0.067
0.068
5.985
61.550
0.082
0.055
0.052
19.431
0.789
0.076
34.454
0.230
25.759
23.760
0.082
0.060
0.062
25.973
0.085
10.282
0.207
0.088
285.100
0.098
0.067
6.847
0.075
13.111
0.676
14.106
0.254
22.824
0.072
0.049
0.069
0.066
0.047
32.003
0.074
6.202
0.107
0.070
339.563
0.918
0.111
33.327
10.331
1064.548
57.982
0.071
36.689
0.119
26.195
24.721
0.093
0.236
0.205
0.065
0.058
0.278
0.056
0.051
0.058
18.177
21.147
13.965
0.072
36.084
0.076
0.068
0.056
1.270
31.942
0.074
0.619
0.104
0.074
32.832
0.102
0.061
0.065
0.049
0.078
18.451
0.282
0.059
0.217
2.190
0.090
50.601
0.077
0.152
72.792
0.085
0.070
0.064
0.215
55.611
0.145
0.075
0.079
0.070
0.065
36.948
33.609
0.142
7.547
54.159
0.079
5.282
0.124
6.982
63.317
0.109
0.074
0.057
1.348
65.965
0.094
0.069
0.070
0.057
0.062
16.375
50.789
1.769
0.069
67.010
0.101
0.075
0.059
0.060
64.033
0.097
7.259
0.113
0.339
3.265
29.108
40.337
0.079
0.058
8.162
3.324
55.363
0.077
0.067
80.045
0.066
0.051
0.063
0.070
0.910
0.245
72.723
0.090
0.056
7.390
28.518
34.301
0.066
1.653
86.167
0.062
0.285
4.146
0.128
3.883
81.427
3.136
0.057
0.071
96.238
0.077
0.081
0.792
0.086
87.251
0.107
0.129
0.074
0.067
45.834
20.739
0.068
0.068
1.689
43.755
1.904
0.079
0.073
17.370
67.636
0.082
0.060
4.320
0.115
97.333
0.078
0.073
0.068
0.068
1.144
40.804
2.039
0.072
0.078
66.897
0.067
0.284
0.310
0.058
72.686
0.112
0.243
0.065
0.062
8.638
27.874
19.695
0.083
0.986
46.081
0.239
0.273
0.063
0.289
48.641
0.090
0.065
1.532
0.066
147.873
0.094
0.080
16.502
0.081
0.226
0.057
0.062
0.068
0.057
39.161
17.209
0.088
0.292
0.077
0.062
18.389
36.782
0.113
0.067
44.294
0.285
0.216
1.361
0.079
61.942
0.087
1.279
0.096
0.069
31.621
13.081
0.103
0.105
0.069
0.067
43.938
0.082
0.069
0.057
0.479
0.081
0.125
0.057
0.231
2.441
0.347
0.067
0.051
0.046
41.414
0.102
0.067
0.868
0.126
1.525
44.010
0.116
0.079
0.078
112.905
0.129
0.442
0.102
0.301
1.198
31.261
0.219
0.085
0.077
0.489
0.192
11.590
30.243
0.138
0.077
24.251
0.056
22.588
0.271
1.652
4.890
37.011
0.074
0.079
1.183
63.938
0.116
0.063
0.253
50.919
1.653
9.630
0.147
0.096
73.190
0.084
0.116
0.071
0.062
55.375
0.328
0.071
0.067
0.066
49.347
0.074
0.060
0.072
0.069
80.295
0.097
0.077
0.057
0.054
57.286
0.135
0.319
0.094
0.059
35.044
18.081
0.085
2.004
0.110
49.043
5.833
0.131
0.075
0.057
16.771
5.524
0.259
20.427
1.587
31.760
0.113
18.647
0.074
0.059
2.176
0.104
49.275
0.068
7.329
51.530
7.654
0.066
0.062
2.121
51.416
0.087
12.182
0.114
0.074
640.393
0.081
2.200
16.179
0.085
0.636
39.801
0.113
0.077
0.054
42.801
0.082
0.078
0.077
0.205
23.529
0.085
0.495
1.137
0.276
0.076
0.059
60.040
0.101
0.070
27.106
0.084
12.683
0.267
0.074
50.741
0.089
0.071
0.055
16.117
34.240
1.472
13.482
0.175
0.089
34.420
0.079
13.595
0.073
0.055
0.079
68.777
0.130
0.145
0.077
73.547
0.077
0.062
0.091
0.066
72.513
0.124
0.306
0.068
0.056
64.257
0.111
0.075
0.128
0.069
31.015
23.635
0.096
0.061
0.080
74.077
0.070
0.067
0.060
0.055
53.729
0.583
0.078
0.065
0.054
0.173
57.752
0.104
0.075
0.082
0.389
0.310
0.064
0.072
0.065
32.691
0.092
0.288
0.098
16.957
0.127
32.611
0.091
0.066
19.189
0.069
8.347
0.668
0.102
0.074
17.422
38.748
0.091
0.084
0.640
62.710
0.093
0.062
0.068
0.057
67.888
0.463
0.113
0.066
0.073
67.060
0.112
0.069
0.071
0.068
169.641
0.317
2.157
0.067
0.072
27.884
0.128
0.087
2.823
20.125
1.340
75.868
0.085
0.065
0.052
0.076
0.311
0.060
0.054
0.052
0.066
57.216
0.101
0.065
0.075
33.080
34.159
0.116
0.083
0.062
36.681
0.089
0.068
0.062
22.413
0.075
0.074
0.087
6.067
0.091
0.061
0.068
0.068
1.397
0.105
3.956
61.011
0.103
0.068
0.068
66.238
0.085
0.075
9.441
0.100
4.125
31.158
0.119
0.083
7.176
1427.171
0.130
0.078
0.080
0.080
95.502
0.114
0.073
3.927
0.088
86.737
0.084
0.071
0.102
0.072
65.234
0.107
0.087
0.062
0.062
38.720
0.182
0.102
0.067
0.060
0.071
0.061
0.577
24.283
0.070
7.148
33.154
0.380
0.083
0.065
0.070
10.329
10.386
23.006
12.208
11.079
58.859
0.101
0.084
5.135
0.252
78.412
0.083
0.071
0.057
21.766
12.387
3.363
0.103
33.200
72.441
0.081
0.068
0.066
10.639
12.013
64.489
0.076
0.080
0.066
89.819
0.141
0.088
0.071
0.070
44.658
36.824
0.087
0.062
0.061
8.645
0.122
72.109
0.114
0.097
0.488
76.376
0.100
0.066
0.067
66.649
0.092
0.082
0.074
1.860
42.052
4.238
0.079
27.016
0.130
0.588
38.018
32.200
0.998
0.078
79.051
0.091
0.075
0.081
3.984
71.524
0.096
0.068
0.399
0.067
3.786
74.923
0.154
0.084
0.073
8.108
25.978
47.702
0.107
2.354
96.756
0.097
0.113
0.071
0.068
8.204
82.976
0.151
0.079
0.086
8.703
0.147
86.515
0.091
0.083
71.895
0.113
0.076
0.072
3.788
45.647
48.019
0.115
0.862
0.099
8.858
51.251
37.611
0.108
0.429
0.083
0.075
0.080
0.079
1.732
97.600
0.071
0.063
0.057
0.405
0.082
31.420
67.478
0.107
17.955
123.418
0.085
0.067
0.070
0.265
104.214
0.305
0.095
0.067
0.059
1.256
10.246
120.179
0.123
0.099
43.078
62.471
0.116
0.097
0.068
0.063
0.081
0.068
0.062
0.153
120.802
0.092
0.064
0.061
0.082
79.558
0.125
5.659
0.079
0.091
112.027
0.086
0.085
0.096
0.093
74.454
0.105
0.068
13.583
0.187
97.146
0.090
0.065
0.055
0.075
33.865
19.102
3.248
6.285
19.170
81.137
3.669
0.136
0.319
0.277
93.912
0.507
0.090
0.090
0.091
80.410
0.148
0.297
0.069
0.085
73.436
0.101
10.372
0.128
2.002
39.988
0.139
7.852
24.561
18.504
0.078
0.705
0.133
0.080
0.074
40.526
0.103
6.930
0.141
0.076
22.062
0.356
0.349
0.066
0.079
28.848
10.212
18.508
0.091
0.072
52.704
0.128
0.080
0.076
0.088
0.083
0.077
12.911
0.130
0.326
77.787
0.310
0.086
0.275
0.074
29.826
0.103
0.071
0.068
4.063
11.892
31.020
0.235
0.098
0.086
0.074
0.378
0.091
0.066
11.410
42.429
0.096
0.079
40.004
0.107
31.773
36.029
0.104
0.072
15.862
92.337
0.130
0.081
0.076
0.074
38.783
36.205
0.100
0.074
0.085
65.098
0.092
0.095
0.277
0.079
72.294
0.092
6.096
0.136
0.085
55.333
12.502
0.111
17.737
0.116
37.278
0.151
0.107
11.438
0.127
0.078
2.909
44.307
18.296
17.069
89.543
0.167
0.113
0.091
0.096
84.114
0.116
0.079
0.067
0.085
0.162
48.278
0.082
31.529
0.741
68.199
0.093
24.184
0.082
0.077
34.608
0.320
41.605
0.117
0.098
94.144
0.105
0.220
0.106
0.093
7.723
62.651
0.100
0.073
0.076
89.240
0.086
0.194
0.079
0.083
67.597
0.098
0.080
7.871
0.102
3.575
1.990
69.658
0.356
0.073
42.986
0.383
0.086
0.084
0.075
0.096
54.198
0.113
0.074
9.838
38.934
0.099
14.773
19.673
0.089
0.077
86.748
1.781
0.321
0.072
26.291
0.131
13.610
0.181
0.101
7.890
0.112
0.115
0.079
27.288
79.467
0.340
0.087
0.087
0.424
81.110
0.461
0.088
0.071
0.068
0.095
104.752
0.088
2.966
0.138
57.622
0.130
0.101
27.501
0.081
1497.276
26.348
0.109
8.917
0.120
91.508
0.136
0.102
0.083
0.085
98.220
0.141
0.175
0.082
0.077
82.532
0.130
0.083
0.079
17.263
46.604
0.097
0.079
55.063
0.122
3.919
3.643
0.631
82.561
6.059
36.176
0.460
37.519
0.097
0.091
46.493
0.119
23.337
1.919
7.445
3.943
85.445
0.097
0.096
0.093
7.757
56.759
0.107
14.299
0.130
5.072
42.139
0.117
0.081
27.535
1689.870
0.254
0.082
0.077
39.217
53.692
0.134
0.114
0.102
0.086
45.351
0.101
0.093
0.074
40.307
55.388
2.901
0.130
17.508
0.111
0.088
0.083
0.080
0.074
0.089
3.888
76.739
0.256
0.336
21.652
85.158
0.097
12.052
8.195
0.107
0.097
83.339
0.101
0.096
6.780
110.927
0.237
0.123
0.402
0.093
1.241
74.225
0.229
9.142
0.119
85.141
0.097
0.093
1.153
0.088
0.107
0.093
0.081
0.091
0.084
2.503
31.104
0.090
51.224
0.150
76.744
0.119
0.096
0.076
0.072
39.671
37.723
0.935
0.136
0.091
6.114
2.140
70.583
0.133
0.119
1.763
86.467
1.398
0.102
0.092
98.208
0.131
0.111
0.087
0.098
1236.902
0.112
8.419
0.112
0.095
109.186
0.104
0.085
0.092
0.092
55.968
29.714
0.122
0.107
0.085
0.096
0.356
0.085
0.069
0.072
10.192
0.122
115.314
0.383
0.081
47.878
43.289
0.105
0.252
8.049
10.046
0.099
85.189
0.126
0.099
64.323
0.126
0.086
0.085
0.087
237.604
12.682
3.543
0.117
0.097
64.548
0.129
0.091
28.100
0.124
9.580
0.129
94.291
0.089
0.092
94.870
0.108
5.684
0.116
1.239
95.476
1.666
0.140
0.100
0.091
21.059
55.828
0.124
0.093
0.090
14.707
0.179
0.129
19.524
0.112
0.091
22.832
0.152
0.104
0.098
0.074
25.247
0.379
2.663
0.115
15.572
29.964
20.216
0.085
24.807
0.075
0.096
0.101
17.410
0.119
0.344
0.080
0.069
0.089
0.396
112.275
0.167
0.100
0.105
0.364
0.930
117.641
0.127
0.119
0.106
118.116
0.126
0.361
0.107
0.102
0.115
0.091
0.095
0.091
6.490
110.730
0.105
0.195
0.109
0.085
95.427
0.098
2.211
0.124
2.689
130.353
0.105
0.075
0.096
0.102
117.008
0.127
0.362
0.084
0.083
2167.080
85.189
0.133
0.117
0.102
124.282
1.977
0.127
0.115
0.113
62.383
0.119
38.006
0.108
0.106
0.110
0.081
0.079
0.092
0.085
88.435
0.502
0.360
0.087
18.295
51.529
11.962
0.101
50.010
13.701
51.632
70.835
0.120
0.095
0.086
52.025
0.134
0.107
0.104
0.078
43.514
0.125
0.114
0.088
0.836
82.727
3.184
0.163
19.481
0.628
0.092
10.865
0.348
34.757
0.109
127.545
0.128
0.378
0.107
0.104
13.200
100.362
0.111
0.091
0.091
36.449
0.423
81.181
0.113
4.199
1576.390
7.673
15.052
57.254
0.097
316.160
14.466
0.112
0.104
0.109
282.342
0.131
0.102
0.087
0.074
231.841
17.397
0.143
0.100
0.107
0.093
34.216
0.099
0.084
0.078
298.913
0.124
0.098
0.082
0.076
1097.693
106.359
0.959
0.115
0.114
221.081
0.149
0.102
43.680
0.146
205.660
5.799
83.671
0.463
0.087
168.391
8.064
108.514
0.432
0.108
300.440
4.634
0.133
0.115
0.105
292.423
0.137
0.090
0.085
0.078
315.027
0.119
0.095
0.107
0.113
276.626
0.153
0.098
0.102
0.092
318.543
0.132
0.110
0.096
0.386
201.462
29.444
0.552
3.905
42.063
318.294
0.097
0.096
0.086
0.224
236.453
0.136
0.614
62.917
3.834
114.478
133.774
0.129
0.171
0.091
0.112
0.438
0.352
0.111
0.107
180.194
92.686
0.135
0.095
0.095
252.699
0.128
5.940
0.104
0.113
165.029
1.248
91.591
0.163
0.121
0.091
0.397
0.093
0.095
15.490
209.527
64.988
0.138
0.113
0.091
0.097
0.188
0.091
0.102
0.099
153.060
103.572
0.108
0.100
0.094
280.840
0.101
1.910
1.002
0.106
309.342
0.124
0.381
0.106
0.097
248.329
0.119
0.092
0.081
0.079
263.048
0.164
10.101
0.235
0.361
248.877
0.144
0.103
0.091
0.084
0.357
3.756
0.171
8.464
10.004
159.634
29.115
7.826
58.011
0.145
254.243
0.124
26.906
0.100
0.105
214.391
0.114
40.170
1.690
0.400
155.617
33.625
32.163
50.810
0.161
256.856
0.143
2.020
0.134
1.780
247.718
0.130
8.500
0.151
0.117
4.116
163.938
92.912
0.141
0.100
112.103
132.847
14.624
0.142
0.116
255.791
4.109
0.102
0.110
0.087
22.279
139.414
80.662
0.089
0.637
152.336
64.427
34.423
0.132
0.097
280.866
1.039
0.103
0.103
0.094
222.740
0.667
0.092
0.086
47.829
172.023
49.319
36.524
14.276
0.149
27.941
171.598
0.144
23.917
0.124
59.817
39.044
10.462
0.141
0.128
300.641
0.114
0.114
0.111
0.110
111.584
149.411
0.128
5.813
0.202
7.129
290.670
0.140
0.102
0.113
168.419
51.078
47.663
0.122
0.111
286.424
0.150
0.129
0.104
0.089
255.439
24.280
0.168
0.126
0.102
239.628
0.102
0.082
0.091
0.081
0.104
0.085
0.098
0.088
0.471
166.131
1.620
33.993
0.088
52.284
211.269
71.383
0.135
1.312
0.500
60.598
232.307
0.133
0.117
0.090
253.301
25.394
5.128
0.099
0.082
110.952
165.993
0.095
0.091
0.084
282.775
0.131
0.094
0.094
0.091
261.694
12.165
0.136
0.113
0.116
164.647
95.790
0.119
0.097
0.108
242.813
0.133
0.110
0.367
0.168
263.662
0.116
0.118
0.091
0.102
268.811
0.398
0.102
0.493
0.090
264.163
0.112
0.105
0.105
0.092
173.345
3.967
87.683
0.150
0.105
269.556
1.393
0.123
0.402
0.104
170.662
18.211
32.166
12.538
53.877
267.287
0.137
0.102
0.400
0.120
286.870
0.104
1.290
0.140
0.103
194.233
63.919
0.143
0.116
0.112
226.110
0.444
14.669
0.105
0.106
284.626
0.536
0.104
0.378
0.126
112.332
144.471
0.117
0.109
0.106
169.072
93.931
0.104
14.182
0.162
242.566
0.133
0.109
0.094
0.102
0.124
0.109
0.093
14.253
0.126
275.224
0.152
0.099
21.336
0.147
56.435
171.921
48.615
0.113
6.898
170.242
104.767
0.150
0.132
0.120
157.321
96.204
0.140
0.104
6.440
200.801
0.106
22.830
0.124
0.097
0.097
0.095
32.253
0.226
0.102
209.561
20.555
0.111
0.110
1.620
0.134
0.110
0.096
0.114
0.452
31.565
0.155
0.991
0.134
23.978
249.538
0.137
0.093
0.096
0.100
0.128
0.097
0.102
0.110
0.112
20.659
143.699
84.990
0.161
0.412
270.243
0.147
0.110
0.104
0.327
312.247
0.210
0.124
0.107
0.104
168.292
7.821
8.695
0.117
19.477
0.122
64.508
1.327
0.451
0.113
219.820
0.139
0.408
0.129
0.264
0.106
54.962
0.148
0.128
42.488
234.668
0.152
0.316
30.071
0.119
150.118
71.178
0.144
0.205
40.918
244.532
0.133
0.516
0.104
0.112
0.104
0.124
0.405
19.140
0.135
168.264
2.040
96.194
6.581
0.149
246.888
0.114
0.395
0.460
0.095
249.693
0.171
0.116
0.097
8.707
228.400
0.139
39.326
0.140
0.417
218.041
0.170
0.115
0.099
0.096
0.411
56.378
0.721
0.404
0.110
231.753
45.512
0.124
0.095
0.104
0.398
0.132
6.584
0.162
0.131
170.739
69.053
0.158
0.140
44.207
293.586
0.156
3.525
0.102
0.416
207.157
3.451
3.569
0.122
69.016
277.307
0.141
27.009
0.493
0.122
298.153
0.168
0.135
0.383
0.102
152.592
123.518
0.136
0.125
0.130
172.709
144.115
0.419
0.118
0.091
172.245
137.273
0.507
0.102
0.091
268.310
0.142
10.186
0.111
20.245
271.260
13.881
0.130
0.265
0.436
321.576
0.154
7.062
0.154
0.119
286.263
0.142
0.125
0.126
0.104
304.614
0.137
0.121
0.174
0.099
0.131
0.101
0.114
0.107
0.093
170.423
48.836
43.960
71.199
0.143
248.492
36.518
0.131
0.114
0.100
217.512
92.076
0.145
4.692
0.146
333.912
0.128
0.094
0.098
0.102
174.609
159.364
0.144
0.128
0.132
276.604
0.147
0.421
0.113
1.601
248.706
0.165
0.117
26.497
0.435
165.212
144.526
0.132
0.105
15.409
281.757
0.140
0.248
0.422
0.113
0.417
0.127
0.498
0.418
0.114
264.995
0.132
0.102
14.345
0.165
150.905
18.308
12.532
0.136
110.204
255.132
0.106
0.565
0.118
0.414
72.612
0.132
0.110
0.118
0.581
0.413
0.126
33.813
0.845
0.117
262.470
20.176
0.126
0.102
0.115
0.113
0.187
0.105
0.123
0.102
288.853
0.133
0.104
0.110
0.231
236.355
17.727
23.551
0.443
0.113
162.643
74.401
61.005
0.113
0.177
218.800
73.898
0.157
0.468
2.326
276.638
0.159
22.740
0.123
0.113
227.736
0.137
16.428
0.157
41.178
0.145
0.113
0.126
0.766
0.496
163.063
120.530
0.123
0.285
0.113
298.728
0.150
0.150
0.116
0.124
289.030
0.161
0.366
0.448
0.109
173.542
129.561
0.155
0.124
0.100
313.398
0.143
0.138
0.120
0.120
231.645
51.153
0.490
0.144
0.136
174.611
70.865
34.760
0.183
0.134
274.978
0.222
0.129
0.114
0.116
330.399
0.147
0.350
0.144
0.116
143.496
27.182
60.881
0.152
0.110
4.705
0.143
126.291
0.131
0.109
7.093
291.333
0.124
1.374
0.113
168.661
59.836
0.167
0.303
3.714
96.082
0.153
0.112
3.214
0.149
0.133
0.128
2.083
0.137
0.122
289.070
0.147
0.141
0.732
0.447
247.209
28.471
0.157
0.124
0.128
0.098
0.099
0.113
0.421
1.509
128.937
152.763
0.129
0.116
0.647
244.348
0.164
0.124
23.280
0.130
325.864
0.173
0.893
0.134
0.120
300.163
0.167
0.109
0.112
0.121
0.129
0.115
0.229
0.115
0.122
298.336
0.471
0.121
0.438
0.136
267.462
0.164
0.106
0.120
32.341
261.220
0.135
0.113
3.477
0.144
225.990
61.871
0.125
0.147
0.136
215.416
0.180
47.067
25.591
0.142
109.864
202.407
0.155
0.114
0.114
239.738
0.114
0.098
0.096
0.116
11.042
109.091
0.167
0.480
0.117
267.083
0.138
0.111
0.437
7.130
172.671
51.608
3.576
0.123
0.104
107.148
0.623
0.461
13.163
0.330
251.534
0.147
0.150
0.113
0.108
0.130
0.141
0.124
0.505
0.128
307.692
1.353
0.172
0.124
0.113
149.157
60.814
20.370
0.139
0.110
0.121
0.127
0.121
41.949
0.156
322.738
0.153
0.130
0.352
0.136
320.010
0.155
0.118
0.099
0.098
314.243
0.121
0.123
0.201
0.125
314.089
0.456
0.310
0.132
0.131
257.006
0.137
0.104
0.110
0.193
302.754
0.124
0.117
12.507
0.114
282.819
0.165
0.139
0.139
0.121
168.854
66.013
0.125
0.132
0.116
50.120
44.906
0.144
0.127
0.132
258.580
0.122
0.103
0.117
0.136
0.110
0.203
0.113
0.097
0.125
0.101
0.141
0.144
0.111
0.108
217.318
0.254
0.130
0.443
0.147
1012.474
1.425
0.482
1.628
0.157
203.516
0.278
69.641
1.358
24.260
250.852
34.976
0.165
0.128
0.702
163.125
68.848
0.506
0.116
56.835
176.210
69.799
0.496
0.126
1.509
135.177
0.166
0.127
0.470
0.116
178.276
68.372
0.130
0.113
33.361
168.001
107.704
0.142
0.134
0.125
288.782
0.157
0.172
0.141
0.145
260.815
20.092
0.160
0.114
0.249
0.113
0.129
0.132
0.153
0.133
168.402
5.795
64.462
0.174
66.064
274.015
0.737
0.126
0.113
0.114
272.981
0.115
0.126
0.118
0.115
0.136
0.133
0.237
0.132
0.128
0.124
0.133
0.132
0.120
0.120
232.954
41.023
0.175
34.007
0.158
199.098
0.184
96.599
8.917
0.154
24.373
219.658
0.158
0.132
0.150
166.713
0.126
0.481
0.146
0.118
296.860
0.169
10.058
1.038
0.144
1479.226
70.560
65.527
0.160
0.124
332.773
0.123
0.118
0.112
0.136
331.862
0.149
0.126
15.240
0.128
256.472
0.158
0.129
44.796
0.129
190.140
29.832
0.131
31.364
0.177
63.040
0.125
59.792
0.180
0.141
299.376
0.547
0.124
0.114
0.137
186.491
0.214
117.483
0.122
0.483
285.309
0.288
0.126
0.110
0.140
283.999
0.137
22.972
0.133
0.114
278.783
0.151
0.253
0.134
25.354
160.356
57.348
49.233
0.556
0.183
223.132
0.148
59.500
0.166
0.338
302.442
0.153
0.122
0.113
0.224
258.417
0.162
0.646
0.130
0.122
11.224
220.256
51.697
0.157
1.640
220.412
0.171
6.136
0.321
49.249
173.070
67.220
0.163
0.148
44.056
178.588
0.148
120.126
9.310
0.207
190.938
161.508
0.162
0.232
0.147
215.801
96.528
0.291
0.153
0.137
228.327
76.069
0.151
0.132
0.109
319.299
2.109
0.164
0.137
0.115
116.637
190.451
0.181
0.161
0.155
271.131
0.656
25.731
0.164
0.142
1983.969
0.136
0.143
0.237
8.552
309.838
30.688
0.158
25.948
0.144
347.698
0.158
0.148
0.117
0.104
225.229
71.389
6.179
27.328
0.192
345.802
0.192
0.163
0.154
0.156
0.132
15.783
0.169
0.496
0.131
265.521
72.362
26.734
0.166
2.869
176.558
3.535
80.602
0.154
59.777
0.143
14.671
0.153
0.143
0.128
360.982
0.187
3.535
0.192
0.136
352.044
0.147
0.132
0.113
0.381
317.062
0.150
0.111
0.128
0.121
278.941
27.515
0.512
0.557
0.131
326.673
0.163
0.147
0.141
1.886
224.388
80.380
0.140
0.119
0.122
0.114
0.106
0.114
0.115
0.155
260.177
0.179
73.017
0.136
0.144
282.791
0.139
1.070
0.128
0.153
0.146
0.149
0.133
0.506
51.334
0.123
135.474
60.148
126.187
13.758
286.756
9.662
0.529
1.329
0.147
1119.236
0.192
0.169
6.759
0.157
320.392
15.093
0.188
0.136
0.154
321.840
2.799
0.261
0.137
0.113
321.133
6.265
0.163
0.242
0.154
208.855
103.944
0.155
0.138
0.495
258.728
0.185
57.144
0.181
0.147
286.468
28.568
0.191
0.159
0.141
356.326
0.169
0.126
0.127
3.684
1587.815
0.193
5.787
80.410
0.186
237.885
131.958
0.151
0.134
0.149
296.031
52.319
0.170
0.135
0.152
0.147
0.114
0.122
1.715
0.274
26.999
326.379
0.165
0.126
0.113
378.628
0.158
0.138
0.149
0.134
224.823
113.828
0.532
0.496
0.125
0.153
0.147
0.131
0.137
0.113
266.244
57.473
0.164
0.159
0.156
204.472
140.482
0.142
0.132
0.137
304.847
53.904
0.617
0.152
0.128
265.888
0.167
69.733
0.158
0.135
25.470
207.932
0.669
62.251
0.155
18.315
0.524
0.129
0.149
0.117
133.809
13.189
0.136
0.114
0.114
385.537
0.159
0.349
0.148
0.158
278.400
0.156
55.334
0.131
0.138
0.152
36.776
0.177
0.294
0.167
281.308
73.152
0.157
0.146
0.131
334.736
28.402
0.140
0.117
0.142
175.402
170.664
0.540
0.136
0.300
142.357
223.460
0.170
0.169
0.520
263.398
110.552
0.168
0.135
0.122
388.564
0.136
0.157
0.237
0.519
304.302
0.331
0.183
0.143
13.610
239.854
0.169
27.042
0.192
0.136
365.438
0.154
0.119
0.122
0.137
382.411
0.148
0.151
0.350
0.145
186.190
183.707
0.147
25.828
1.223
0.121
0.134
0.486
0.138
0.167
2292.516
0.136
0.120
0.126
0.136
319.896
0.201
35.239
0.137
0.121
287.240
1.408
0.172
0.132
0.154
77.608
0.320
0.537
0.149
0.134
0.711
0.134
0.142
0.135
29.495
367.506
0.146
0.171
0.169
0.157
296.707
0.174
0.129
85.872
0.327
224.998
0.189
75.095
0.177
52.908
0.243
0.165
0.127
0.145
0.151
41.861
0.169
0.144
0.157
0.162
398.404
1.667
0.159
0.133
0.167
220.627
195.312
0.194
0.132
0.151
0.244
0.138
0.118
0.116
0.152
407.320
0.168
0.144
0.137
0.136
310.761
3.032
0.177
0.553
80.389
0.164
36.193
0.146
0.124
0.396
394.048
0.139
0.122
0.113
0.117
377.128
0.224
0.134
0.119
6.081
424.020
0.146
0.143
0.638
0.144
221.343
1.201
0.234
122.559
64.976
30.088
196.202
0.247
156.223
10.616
0.147
0.640
0.141
0.129
0.728
218.020
72.633
5.298
0.244
0.203
0.158
0.123
0.115
0.600
88.010
225.882
146.563
0.144
0.136
0.149
340.382
0.165
0.160
0.145
0.120
218.379
114.275
0.235
0.530
0.156
224.260
74.005
0.149
0.125
75.039
148.948
189.923
0.156
0.158
0.127
265.564
76.257
0.358
0.181
0.153
0.125
27.881
2.208
0.206
0.172
0.161
0.159
0.129
0.114
0.151
290.808
0.585
45.173
0.162
2.053
388.016
0.195
0.151
12.625
0.886
986.402
194.244
0.181
0.146
0.132
430.699
0.189
0.181
0.154
0.170
239.486
0.769
150.864
0.198
34.776
462.171
0.203
0.155
0.128
0.130
300.896
0.226
86.989
0.157
0.362
351.273
8.792
0.150
0.149
0.171
0.158
0.274
0.541
0.169
0.165
299.367
95.652
0.157
0.140
46.365
239.003
163.682
2.004
0.170
0.168
0.145
210.979
22.443
144.991
0.168
0.537
26.430
0.187
0.176
0.148
289.720
25.615
77.459
0.188
0.161
402.257
0.169
0.134
0.129
0.174
241.778
57.652
0.166
104.555
0.744
237.912
133.701
0.355
0.149
0.163
293.862
78.943
33.902
0.183
0.162
65.677
243.342
0.147
7.906
0.142
0.152
0.558
49.074
0.181
0.167
226.833
87.437
29.936
0.162
0.160
36.083
0.160
0.125
0.156
0.155
0.161
0.140
0.136
0.140
0.148
295.575
0.573
0.142
4.036
98.152
17.914
341.003
0.155
0.176
20.274
223.276
0.194
182.629
0.181
0.166
379.408
0.159
0.138
0.154
0.133
345.618
0.403
0.196
0.169
0.155
266.987
62.899
0.183
0.144
0.142
396.605
0.192
0.163
2.305
0.167
397.240
0.165
0.159
0.136
0.128
286.354
0.229
21.824
1.462
0.167
118.599
0.177
0.154
1.284
0.142
152.451
68.387
112.158
0.188
0.160
280.474
0.266
77.315
0.731
0.180
0.150
0.149
0.148
0.160
0.139
336.623
0.215
1.724
0.581
0.136
362.901
0.211
0.152
0.166
0.169
226.523
120.776
0.148
0.126
0.160
0.142
0.159
0.157
19.942
1.144
287.773
0.617
0.145
56.088
0.307
0.145
0.178
0.134
0.129
0.135
0.166
0.146
0.279
0.177
0.132
279.921
0.163
0.172
0.174
57.340
357.587
5.232
0.159
0.145
0.144
437.591
0.180
0.168
0.136
0.167
228.463
160.394
18.248
0.191
1.901
420.430
0.182
0.173
0.169
2.078
223.743
14.570
68.714
25.330
12.496
52.213
0.167
0.166
0.171
0.146
0.136
340.268
0.275
12.000
0.609
6.993
60.641
0.218
0.423
0.598
327.949
86.760
0.233
0.144
0.156
323.188
0.158
0.778
0.137
78.138
151.450
67.666
161.225
19.984
0.163
224.186
103.814
0.194
0.175
0.184
0.151
0.134
0.546
0.136
47.525
373.143
0.586
9.948
0.182
0.146
0.169
0.159
0.134
3.300
0.203
430.953
0.909
0.158
0.134
0.159
323.836
74.158
0.161
17.163
0.183
445.831
0.614
0.146
0.143
0.154
242.613
160.316
6.391
0.164
0.140
9.258
0.208
0.205
1.301
0.151
397.171
0.153
0.172
0.170
0.153
439.586
0.167
0.183
0.143
0.158
387.313
0.176
0.151
0.137
0.129
0.183
0.163
0.138
15.011
0.384
327.702
33.341
0.616
0.181
16.720
303.970
61.920
5.950
24.683
0.197
229.866
0.209
130.084
0.206
0.162
398.141
0.630
0.182
0.141
0.149
249.319
5.872
134.257
0.182
0.156
373.554
0.194
0.574
0.625
0.144
0.162
0.134
4.562
0.151
0.296
396.235
0.178
0.148
0.144
0.166
29.941
271.289
0.181
3.724
0.199
0.167
0.136
0.235
0.162
78.548
297.796
0.334
101.904
0.191
0.178
381.876
29.497
0.166
0.180
0.170
307.585
105.503
0.150
0.147
0.138
300.803
0.203
0.154
26.911
0.204
52.624
0.214
24.857
1.404
0.162
397.682
0.186
0.158
0.182
0.184
378.913
0.158
0.175
26.137
0.169
66.647
145.754
137.592
0.606
0.333
153.253
0.949
0.175
0.157
0.576
328.682
72.227
0.189
0.166
0.159
442.421
0.213
5.001
0.169
0.169
328.950
74.638
0.192
0.165
0.146
349.565
31.982
0.173
0.183
0.137
392.474
0.147
1.753
0.177
0.188
304.390
0.180
0.161
0.140
0.143
39.828
0.192
0.249
15.087
25.632
408.958
0.166
2.169
0.203
0.158
218.116
74.118
5.709
41.548
42.686
366.017
0.187
0.140
0.135
0.173
308.594
52.313
0.169
0.152
0.136
355.901
0.653
0.156
0.158
7.027
291.230
6.259
0.198
53.089
14.114
0.673
0.210
0.159
0.140
45.726
0.185
0.169
0.584
0.157
0.136
240.159
0.166
63.551
45.543
0.199
221.311
56.778
0.278
73.712
1.406
427.040
0.198
0.162
0.183
0.152
226.746
0.202
141.145
36.360
0.219
0.161
226.269
135.618
0.206
0.597
367.902
0.644
0.176
21.286
0.202
125.293
219.060
0.197
0.626
47.263
439.959
0.226
0.166
0.158
0.159
315.627
91.145
0.177
0.189
0.262
419.654
0.202
0.617
0.155
0.150
315.198
0.245
20.806
0.424
48.411
302.168
0.678
10.558
54.150
0.320
0.185
0.228
0.166
0.182
0.161
296.628
71.466
0.218
0.181
1.308
320.815
44.118
0.184
0.173
1.169
365.101
0.163
0.170
0.423
0.602
420.500
0.175
0.159
0.712
0.168
381.069
0.208
0.197
0.178
0.602
225.450
143.057
0.162
2.027
0.199
0.266
40.166
0.178
2.522
0.185
318.963
16.778
0.628
0.190
87.994
272.001
138.744
0.215
0.172
0.158
240.958
84.987
0.181
44.925
0.179
370.253
0.189
0.171
0.189
0.161
0.182
20.220
0.148
0.132
0.137
323.556
75.768
1.468
0.199
0.159
167.507
112.540
5.126
120.160
2.136
237.669
4.447
48.111
0.233
0.153
77.126
0.188
0.169
11.784
0.177
231.966
203.671
0.189
0.191
0.179
230.651
198.404
0.204
0.617
0.175
312.379
61.143
0.202
0.625
0.172
25.261
379.740
0.183
0.387
0.612
0.158
0.148
0.145
0.179
0.180
405.068
0.202
0.172
0.146
1.105
284.817
0.167
2.171
0.182
49.232
232.752
0.197
0.381
0.191
0.165
336.816
0.661
0.191
3.970
0.205
237.806
0.664
0.148
0.137
0.754
0.145
0.305
0.158
40.905
36.984
358.031
0.184
7.704
0.233
0.160
53.570
0.196
0.202
0.163
10.486
27.591
302.327
0.224
9.920
0.203
0.182
0.156
0.173
67.266
0.205
433.531
0.214
0.158
0.163
0.163
371.623
0.162
0.154
0.163
0.251
29.642
0.191
0.157
0.184
0.322
292.026
111.028
1.741
0.170
0.192
4.222
0.218
1.881
0.223
0.727
0.160
0.154
0.141
0.142
0.193
247.167
0.240
0.163
162.870
0.518
308.357
1.602
146.561
1.199
0.204
0.152
229.094
1.423
178.641
0.660
378.314
0.206
0.167
0.632
0.163
329.010
0.219
0.203
0.188
0.152
64.691
131.524
0.192
0.152
0.151
398.058
0.260
0.171
15.947
0.323
344.404
0.233
0.652
3.690
64.843
328.077
0.267
83.869
0.168
0.160
432.685
0.180
0.170
0.198
0.730
357.725
0.173
0.168
3.378
48.229
9.429
0.241
0.181
0.192
0.159
464.555
0.227
0.199
0.171
0.640
162.869
81.790
86.269
93.581
0.199
357.218
1.428
0.176
0.166
0.183
0.183
13.715
167.191
16.456
0.213
410.214
0.194
0.207
0.631
0.172
353.996
0.185
0.192
0.182
10.496
206.471
0.195
0.193
0.162
0.178
172.310
66.724
184.741
0.211
0.213
413.179
0.161
0.163
0.163
24.010
2714.609
0.297
0.202
0.181
2.452
354.043
117.352
0.169
11.009
0.247
34.123
230.044
180.048
0.237
0.174
259.748
1.673
174.420
0.176
0.181
0.163
0.209
0.176
0.163
0.158
444.586
0.207
0.391
0.157
0.170
350.001
89.548
0.158
0.752
0.151
256.571
6.047
46.677
44.705
0.229
197.827
0.208
0.158
0.184
0.191
347.919
68.060
0.765
0.191
8.837
310.781
90.679
0.192
32.272
0.185
416.405
13.001
0.197
0.166
0.166
0.174
0.179
0.327
0.168
0.149
1455.035
0.185
0.178
0.711
0.168
452.104
0.227
0.179
0.166
0.151
422.844
0.177
13.998
2.481
0.231
259.818
0.707
1.185
156.545
34.615
307.390
100.002
0.689
0.152
0.143
423.958
12.385
0.199
0.194
0.167
0.147
0.180
0.183
0.229
0.155
1964.473
102.351
49.566
0.206
0.165
381.409
0.203
0.160
0.283
0.237
0.181
0.643
0.176
64.433
0.457
84.023
344.690
0.210
0.171
0.165
458.369
0.679
0.701
0.181
0.190
411.315
0.187
0.172
0.159
30.652
243.809
26.828
135.655
0.188
0.815
434.870
0.207
1.567
0.169
0.162
412.999
0.219
34.786
8.330
9.481
463.790
0.180
0.196
0.172
0.165
0.171
0.163
0.145
0.191
0.255
268.129
101.748
82.412
0.864
0.655
480.532
0.193
0.211
0.196
0.174
358.684
28.698
65.849
0.214
0.158
440.540
0.281
0.215
0.194
2.691
446.568
0.177
47.637
0.248
0.250
513.533
0.210
0.228
0.156
0.205
355.851
0.218
116.038
0.188
0.203
177.886
0.772
278.237
0.210
0.676
79.077
275.445
105.244
0.219
0.367
498.429
0.227
0.240
0.209
0.197
265.012
207.431
1.796
14.832
0.221
474.576
0.237
0.245
0.208
0.222
478.286
0.224
0.179
0.182
1.634
479.253
0.216
0.685
0.192
0.169
434.539
0.182
38.187
0.234
0.178
0.195
0.176
2.128
0.184
0.163
266.684
185.528
0.184
0.160
0.200
0.193
0.232
0.159
0.158
0.182
353.631
0.231
0.172
0.719
4.577
5.457
159.606
0.176
0.668
1.263
273.564
182.383
0.206
3.973
10.012
270.321
7.182
0.185
199.967
0.233
240.072
231.244
0.211
0.176
0.199
367.053
64.234
0.198
0.298
0.192
357.403
0.283
0.178
0.197
0.226
94.032
116.117
0.207
0.174
0.213
338.479
0.222
0.208
0.227
0.190
130.194
0.190
6.240
7.034
0.178
366.493
117.382
0.211
0.211
0.164
515.927
0.181
0.169
0.197
0.259
311.169
213.752
0.208
0.172
0.218
304.811
0.245
93.190
2.150
113.212
525.146
0.235
0.185
0.200
0.500
307.018
240.313
0.190
0.167
0.226
518.886
0.324
0.199
0.199
0.204
542.873
0.220
0.188
0.185
0.180
497.334
0.200
0.225
0.953
0.205
305.400
227.160
0.225
0.212
0.186
144.515
437.219
0.236
0.215
0.220
346.185
76.351
65.605
0.236
0.203
316.383
207.626
0.248
0.208
0.181
285.457
198.278
1.340
0.206
0.191
605.197
0.230
0.687
0.211
0.209
316.889
273.479
0.174
0.399
0.166
352.465
0.209
44.517
0.242
88.493
57.619
1.734
5.191
0.373
0.201
217.290
340.910
0.178
0.203
0.675
503.019
0.285
51.231
0.205
1.165
549.629
0.233
0.197
0.182
0.210
505.898
0.284
0.242
0.181
0.228
0.176
7.973
25.427
0.197
0.197
555.661
0.178
0.167
0.161
0.316
524.609
14.925
0.199
0.201
0.219
513.278
0.200
0.209
0.353
0.197
0.207
0.202
0.670
0.215
0.707
582.865
0.176
0.430
0.180
0.196
313.251
188.593
0.800
0.169
0.668
573.901
0.199
0.219
0.209
0.379
480.788
0.192
16.723
0.249
1.046
433.358
3.550
0.177
0.705
0.173
115.128
75.508
0.183
3.063
32.446
85.210
382.759
0.183
0.210
0.207
312.512
9.805
162.058
7.205
11.190
418.596
0.375
52.834
36.693
2.378
188.918
3117.435
2.476
0.193
0.175
684.565
0.262
0.201
0.729
0.198
596.771
0.179
0.210
0.173
0.209
548.726
72.052
0.752
0.216
19.817
606.195
0.224
3.338
0.240
0.172
382.509
13.892
269.316
0.174
0.221
469.330
29.693
83.637
0.220
21.250
369.282
0.209
197.739
0.213
0.217
361.198
255.836
0.195
0.181
0.219
548.762
0.185
0.172
36.317
0.194
543.096
1.190
0.204
0.219
0.195
571.418
0.230
43.580
2.618
0.222
4041.872
0.203
0.196
0.191
0.182
0.217
0.216
47.957
0.456
0.206
470.490
515.287
0.395
0.251
0.334
0.181
0.204
50.930
0.275
0.201
787.862
0.248
0.173
165.282
0.225
1031.286
0.226
0.200
0.194
0.208
687.452
132.157
45.941
0.219
0.402
944.524
0.201
0.781
0.190
0.187
615.103
0.309
241.300
4.691
0.217
590.254
0.178
0.199
296.778
0.227
688.116
30.561
0.226
0.217
0.177
0.239
290.100
5.637
0.241
141.307
968.841
10.974
0.233
1.004
0.191
928.415
0.239
0.875
146.104
0.258
661.363
0.286
0.863
340.669
0.243
452.598
59.680
0.212
21.930
28.000
0.226
259.285
0.246
0.221
0.215
118.111
0.360
0.204
0.180
0.177
715.600
0.196
3.721
234.990
37.168
0.178
0.274
0.706
0.234
0.198
623.867
297.287
1.913
1.017
0.214
633.857
0.226
264.833
0.285
0.241
0.204
0.215
0.183
0.257
0.199
935.619
0.183
0.219
0.332
0.217
855.318
0.456
0.204
0.221
0.190
613.102
0.868
0.216
0.226
0.237
169.141
0.262
0.197
0.204
0.433
469.059
269.803
0.304
12.424
0.327
0.246
0.207
0.185
0.195
0.223
0.176
0.761
0.720
0.181
0.177
563.528
228.424
0.473
0.235
0.200
25.407
0.842
3.894
0.227
0.178
428.673
211.771
0.232
119.358
0.178
833.333
0.552
0.271
0.183
0.201
788.354
0.237
0.263
0.226
0.203
744.133
0.210
0.195
0.336
0.178
107.627
528.803
0.477
4.820
0.193
0.233
0.197
145.533
24.472
13.247
0.811
0.779
0.192
16.206
0.242
0.274
422.329
415.346
0.250
0.217
793.775
6.143
0.284
0.203
0.222
624.688
0.234
0.352
124.967
7.224
0.810
0.181
0.221
0.218
0.249
0.197
0.322
82.954
0.273
0.215
819.654
0.220
0.346
0.237
0.204
410.150
0.341
213.613
113.384
48.267
413.811
0.277
0.228
0.213
336.748
484.816
14.803
0.447
0.198
134.997
108.170
49.603
0.220
0.197
0.258
719.682
0.180
0.308
0.202
0.191
788.660
0.891
0.253
0.210
0.184
746.329
0.270
12.793
0.358
0.258
3953.338
0.194
12.603
0.228
1.329
481.617
234.740
0.233
0.210
0.927
713.995
0.256
41.484
0.455
0.220
527.544
70.533
0.764
0.197
0.182
272.244
0.236
0.298
0.190
0.191
421.110
0.242
7.754
272.959
0.218
434.077
15.465
0.461
97.930
1.291
0.201
0.316
141.342
0.198
0.172
53.195
0.301
0.192
0.206
0.368
426.330
0.267
165.209
162.131
0.271
628.552
1.524
0.230
0.219
58.637
628.116
0.203
0.202
27.514
0.468
673.293
0.267
0.216
0.226
15.737
722.445
0.248
0.224
0.238
0.298
647.690
0.250
71.120
0.274
0.316
83.847
338.793
189.536
0.201
0.857
570.944
1.347
0.201
67.395
0.195
571.260
0.226
63.979
0.262
0.206
422.515
1.816
236.125
0.209
0.273
0.815
37.398
0.195
0.199
0.246
733.928
0.267
0.302
0.259
0.924
433.437
204.590
64.804
0.609
0.336
0.227
0.766
0.227
0.222
0.220
0.181
0.306
0.223
0.195
0.187
624.175
0.239
0.424
0.208
0.202
527.540
142.822
0.210
0.778
12.734
486.940
116.710
0.379
46.902
1.991
649.690
0.792
0.192
0.811
0.186
514.487
0.260
113.010
5.035
0.245
0.277
0.184
0.225
0.233
56.377
179.283
459.096
0.249
0.195
64.232
477.564
241.654
0.326
0.242
0.243
695.489
0.205
0.439
0.242
0.202
565.328
2.440
2.872
57.951
0.563
619.532
0.337
0.232
0.181
0.235
643.277
0.201
0.202
0.189
0.408
0.214
0.261
0.207
0.218
0.217
662.251
0.191
0.218
0.913
0.226
720.877
0.490
0.243
0.266
0.258
374.371
343.705
0.241
0.230
0.177
565.068
0.261
0.390
0.195
85.094
421.789
0.295
95.433
58.736
0.181
6.478
0.220
228.309
0.240
70.381
384.747
294.838
0.268
0.201
1.593
564.354
0.244
95.477
0.286
16.441
545.875
0.269
0.254
0.225
125.197
433.452
124.738
0.216
86.596
0.230
0.188
0.227
0.197
0.208
0.271
725.242
0.255
0.249
1.938
0.217
420.293
321.608
0.901
0.358
0.192
579.949
0.284
124.601
0.213
0.226
667.852
0.235
0.201
0.214
0.899
603.193
0.301
0.228
67.295
0.272
695.558
0.242
0.288
0.201
0.218
394.946
264.297
0.787
65.859
0.203
715.184
0.266
0.255
0.313
0.235
537.401
92.763
0.270
41.932
2.173
625.416
0.198
0.315
0.185
0.201
404.915
270.554
0.194
0.936
0.192
661.205
0.453
0.191
0.235
0.185
634.297
28.831
0.233
0.213
0.191
406.178
0.241
96.104
0.246
43.218
14.492
223.360
0.242
18.868
0.206
502.726
148.611
0.289
1.051
0.212
410.613
209.541
0.203
1.023
0.191
398.101
278.758
0.249
0.331
0.186
591.569
61.626
0.221
0.241
0.411
587.200
0.317
0.202
0.202
0.241
645.000
1.260
0.253
0.216
0.196
323.135
110.720
178.156
0.254
0.305
514.296
157.991
0.244
0.232
0.195
674.907
0.299
0.838
0.226
0.204
502.073
30.095
0.224
0.198
59.004
537.645
71.017
0.219
53.237
0.496
390.515
275.165
1.105
0.227
41.170
307.294
325.667
0.203
0.227
0.351
684.501
0.270
0.218
0.259
0.209
421.788
106.648
143.534
0.248
0.218
631.831
1.141
0.816
0.273
0.800
694.130
0.256
0.212
0.458
0.221
406.523
3.017
69.280
0.224
128.249
0.246
0.213
0.295
0.240
0.191
475.079
120.618
17.204
0.201
0.188
688.067
0.246
0.221
0.303
0.802
412.732
2.943
244.972
0.217
0.211
668.486
5.052
20.870
0.242
0.214
559.599
56.154
0.470
0.270
0.372
93.326
0.275
125.944
0.238
0.196
421.393
123.310
0.257
0.219
0.407
101.811
1.018
99.050
0.248
0.197
287.878
161.448
137.261
0.222
0.950
394.968
216.161
0.554
0.208
0.203
405.002
0.235
0.195
244.243
0.396
484.601
459.285
0.301
0.246
0.239
769.029
104.644
0.871
8.527
0.312
446.851
1.184
312.190
0.865
0.202
829.538
0.232
0.418
0.194
0.181
513.096
271.554
0.248
0.202
0.186
0.211
99.016
0.247
0.270
0.253
636.373
131.701
0.244
0.804
0.198
0.234
745.483
0.232
0.272
0.213
719.809
0.443
0.772
0.236
41.381
601.727
0.221
191.854
0.255
0.289
781.476
0.256
0.231
0.493
0.257
797.497
0.232
0.250
0.409
0.243
440.813
191.734
29.561
63.075
3.608
593.731
110.057
16.084
8.361
19.604
141.957
596.211
0.473
17.010
0.254
387.095
32.136
180.287
205.884
0.225
0.224
0.231
0.777
0.222
0.196
576.724
121.209
0.203
0.917
66.433
0.249
417.879
280.006
0.607
35.303
37.695
0.883
0.211
0.230
0.938
569.619
0.254
76.309
3.241
95.538
383.039
353.025
0.252
0.249
0.223
605.204
39.144
57.772
0.207
0.196
82.462
1.441
0.453
0.264
0.194
798.368
0.806
0.969
0.230
0.226
759.082
2.377
0.226
0.888
0.252
588.332
85.989
64.787
0.248
1.214
666.294
0.458
0.263
12.783
0.575
666.277
55.138
0.218
0.339
0.775
700.085
0.260
12.791
0.236
0.206
552.543
5.389
0.237
0.215
45.128
0.316
0.225
0.784
45.624
0.248
0.248
0.189
0.246
83.176
0.292
0.196
0.248
0.308
0.228
0.197
682.195
0.222
0.236
0.787
46.909
539.612
0.252
0.248
0.400
0.202
475.370
213.243
31.692
48.916
0.292
743.483
0.220
0.224
0.230
0.197
408.993
0.242
156.980
111.509
0.327
674.199
0.292
42.301
0.270
0.226
452.877
14.865
262.305
0.382
0.225
754.076
2.696
0.237
0.220
0.200
678.125
0.233
0.221
0.248
0.356
546.907
122.898
0.226
0.208
0.401
678.046
0.300
10.537
60.355
0.326
722.913
0.390
0.241
0.249
3.632
438.799
6.394
129.868
0.406
104.997
446.984
216.445
0.822
0.252
0.905
94.340
0.263
3.946
0.322
0.274
579.262
0.208
0.215
0.217
0.905
0.218
0.235
190.325
89.818
48.398
686.063
28.697
1.001
0.319
0.245
399.263
148.672
2.967
167.016
0.226
425.685
246.889
10.306
8.164
0.218
416.419
365.963
0.263
0.244
0.230
414.480
319.321
0.273
0.210
0.203
486.980
202.727
0.354
0.212
0.229
381.967
30.984
317.658
0.260
0.222
457.360
246.937
0.368
5.894
0.230
607.673
0.317
5.389
99.655
0.225
0.336
9.509
0.257
0.234
0.206
430.158
347.667
0.232
0.227
0.217
724.777
0.278
2.203
0.247
60.111
701.418
71.717
0.272
0.954
0.232
777.021
0.312
0.265
0.226
0.259
780.195
0.228
0.208
0.258
0.231
548.446
118.452
0.251
49.693
0.239
780.801
0.290
0.260
0.201
0.204
683.350
0.907
0.267
0.209
0.992
72.006
0.255
0.905
0.233
0.243
580.789
6.707
0.298
80.544
0.211
764.674
0.247
0.210
0.248
1.882
576.373
0.212
0.258
76.796
0.266
0.239
0.226
15.017
0.265
24.496
432.165
262.513
0.276
0.242
0.249
648.670
0.278
0.275
0.245
21.247
0.862
0.234
0.262
0.207
0.258
520.440
128.016
49.626
0.238
0.254
403.020
2.523
137.639
0.230
94.556
560.363
0.257
75.747
0.272
65.144
546.181
0.226
0.822
104.220
57.923
734.860
0.268
0.209
0.231
0.215
0.210
414.002
220.893
24.359
17.855
619.666
0.262
0.257
0.226
0.219
0.236
0.254
0.292
0.238
0.236
663.179
0.269
0.991
0.215
0.213
634.009
0.219
0.204
0.249
22.018
519.555
0.212
20.457
101.859
0.249
526.970
39.727
1.428
91.461
40.879
368.118
134.330
0.258
167.338
0.248
510.088
0.257
0.371
7.204
1.399
0.246
2.183
17.474
0.220
108.636
0.243
0.233
55.687
0.270
0.246
687.046
0.413
0.287
0.213
8.550
411.718
10.823
240.023
0.277
0.259
0.269
0.212
45.241
0.237
0.294
563.765
0.272
0.256
0.377
0.242
323.978
0.223
1.261
0.295
0.220
572.121
0.248
0.259
1.993
0.281
15.232
82.524
0.255
0.266
21.835
259.430
0.255
0.430
0.238
0.213
310.341
333.149
0.275
0.226
0.250
408.293
0.425
268.074
0.372
0.234
422.444
5.021
2.940
209.179
60.726
649.349
43.720
0.274
0.210
0.248
510.003
0.385
41.073
0.283
0.268
11.791
108.847
3.062
0.397
0.261
720.947
0.281
0.223
0.254
0.222
714.735
0.484
0.214
0.850
0.241
414.809
237.388
0.250
0.271
0.213
507.414
138.168
0.904
0.241
0.215
740.638
0.916
0.982
0.860
0.233
758.437
0.229
0.215
0.979
0.271
2306.844
150.378
75.878
34.655
0.274
669.252
0.288
31.970
0.263
0.230
439.446
232.018
0.242
0.262
0.241
576.698
0.266
0.267
0.465
0.213
67.136
0.236
0.421
0.266
0.211
658.454
0.229
0.480
0.230
0.224
661.081
17.779
0.253
0.252
0.261
674.361
0.254
0.247
0.247
0.241
400.362
107.905
169.678
0.271
0.219
724.037
0.259
0.283
0.261
1.783
630.394
0.378
3.289
0.207
18.367
702.118
0.236
0.925
0.244
0.240
647.327
0.249
0.264
53.437
0.257
653.355
0.436
0.231
6.271
0.611
568.056
0.285
149.296
0.871
0.242
758.572
0.296
0.250
1.867
0.250
730.799
0.261
0.270
0.841
0.351
573.607
125.182
5.511
0.235
0.266
753.302
0.342
0.235
0.224
0.263
424.777
226.095
0.243
0.252
0.267
759.471
0.295
0.916
0.235
0.269
727.386
0.220
0.219
2.585
0.240
430.692
195.738
67.882
0.261
0.293
535.857
3.532
0.287
179.656
0.244
482.629
40.429
0.328
0.236
0.232
0.226
0.246
97.991
1.023
3.235
663.695
0.328
0.255
29.828
0.363
646.281
26.374
0.236
0.242
1.010
0.205
0.246
0.249
0.259
0.230
637.059
5.139
0.243
0.232
0.255
663.322
0.938
0.980
0.219
0.280
0.236
0.884
37.069
0.221
0.222
526.270
0.245
0.227
210.246
0.279
0.267
0.237
0.232
0.914
0.221
779.144
1.055
0.230
0.226
0.221
428.928
236.239
0.263
0.226
0.217
0.213
0.260
0.870
0.263
0.356
691.176
0.238
0.361
0.297
0.877
720.098
0.224
0.219
0.957
0.859
426.785
8.249
7.855
225.917
0.291
0.237
0.310
8.188
1.033
0.848
0.239
0.254
0.856
0.374
0.240
404.102
343.427
1.064
0.233
0.237
419.818
116.609
26.115
0.249
0.223
295.913
0.373
2.040
0.282
0.259
403.579
0.876
267.488
0.294
0.232
505.395
61.721
0.227
0.425
87.911
672.281
0.905
0.242
0.406
0.210
0.473
3.713
9.449
0.244
0.239
736.785
0.250
0.260
0.233
0.883
732.515
0.292
0.266
0.260
0.264
434.596
256.400
24.408
0.246
0.243
696.880
0.263
0.246
0.247
0.246
416.580
0.257
115.350
0.275
0.564
13.676
21.857
210.653
0.216
0.249
645.681
0.296
0.216
0.417
0.220
486.002
134.700
0.384
0.278
3.134
692.969
0.314
0.237
0.231
0.237
710.494
0.283
0.244
0.221
0.249
729.999
0.342
0.259
0.287
0.223
692.809
0.283
0.232
0.239
0.394
698.303
0.891
0.266
0.226
1.046
404.918
0.249
98.059
2.770
43.292
14.630
292.223
0.276
0.224
0.267
395.078
215.862
0.506
0.235
0.269
611.158
64.594
1.412
0.303
0.251
547.929
0.246
0.284
0.261
0.224
0.253
75.740
0.283
0.261
0.228
733.168
0.267
2.177
0.297
0.233
734.240
0.272
0.276
0.221
0.250
393.268
270.618
1.216
0.264
76.015
651.962
0.283
0.893
1.031
6.260
731.602
103.205
0.258
22.330
2.757
205.680
556.195
0.322
0.920
0.222
644.801
0.289
0.266
0.223
0.386
473.727
0.337
0.227
199.978
0.296
699.448
0.236
0.228
0.281
0.242
659.868
1.045
0.217
0.221
0.275
651.882
8.029
3.806
0.412
0.271
525.104
0.441
0.294
24.856
0.248
145.347
0.260
0.372
0.242
13.181
335.429
0.300
0.266
0.271
1.006
580.813
0.268
2.611
0.274
0.232
28.339
212.838
71.966
2.989
0.231
536.204
110.674
0.274
0.268
0.274
0.230
0.274
0.885
0.405
0.275
0.220
723.590
0.330
1.845
0.275
583.455
156.460
0.262
1.132
0.272
568.652
136.225
52.355
0.391
0.274
372.349
263.717
2.047
62.497
0.959
370.819
81.748
79.747
0.255
157.404
374.768
326.375
105.037
0.264
0.320
526.110
143.615
0.256
0.276
0.900
560.795
229.943
0.273
0.292
0.450
2791.710
0.557
7.938
33.193
0.264
544.489
0.492
51.243
53.756
0.285
666.826
0.267
2.259
0.226
0.277
562.218
0.257
0.247
0.307
1.009
0.296
0.250
0.906
0.371
0.238
291.606
0.231
0.284
0.253
0.244
525.783
0.253
0.267
5.811
0.934
122.921
86.364
0.374
66.930
0.288
0.278
0.280
31.037
4.726
0.250
734.197
0.298
0.451
0.297
0.226
559.866
149.071
0.239
0.263
1.762
563.327
0.406
132.070
0.311
0.291
407.779
326.787
0.507
0.276
0.250
679.905
0.965
21.377
0.453
1.118
398.103
319.117
0.282
0.277
0.247
650.985
0.307
0.235
0.240
0.282
619.612
0.241
0.271
0.256
31.671
0.392
0.274
0.240
0.220
0.597
405.487
141.172
132.175
0.291
0.305
429.497
313.780
1.151
0.292
0.271
679.879
0.261
0.248
0.924
0.220
655.416
2.929
0.307
0.291
0.268
620.918
0.248
2.771
61.244
0.251
529.765
0.319
0.227
105.645
0.254
668.902
0.251
3.892
37.371
0.325
398.725
0.322
80.906
0.275
0.234
0.392
161.177
56.332
0.230
0.300
527.627
24.295
0.329
0.259
2.939
0.282
99.451
0.252
0.273
10.348
402.152
99.035
0.471
162.601
0.280
137.411
242.087
353.695
0.374
0.938
578.209
0.250
0.321
0.275
0.359
156.165
0.318
127.440
0.265
0.244
550.420
100.638
3.481
0.306
0.242
638.792
0.239
0.245
0.280
0.279
554.352
0.308
3.304
93.356
54.950
539.286
9.990
99.285
0.245
0.244
671.284
0.966
0.671
42.785
0.234
564.819
0.278
88.581
31.323
0.235
561.920
0.935
0.252
148.731
0.262
669.937
0.261
0.383
0.286
0.926
570.399
121.851
0.303
0.242
2.413
693.973
0.272
0.406
0.298
0.287
564.257
145.476
0.951
0.246
0.274
85.400
587.944
60.032
0.294
0.271
408.822
156.681
89.036
0.311
1.619
5647.455
0.247
0.923
0.329
0.230
699.045
0.296
194.943
0.294
0.229
691.235
0.428
0.303
22.557
0.333
378.321
0.307
0.264
0.285
0.314
628.147
0.291
0.269
241.599
0.265
779.359
0.271
1.143
0.268
0.267
813.741
0.312
1.874
0.264
0.300
690.402
0.317
2.617
0.254
60.722
785.318
0.288
0.320
0.253
76.945
887.488
1.001
0.423
0.239
0.284
629.970
127.867
4.407
0.289
0.320
0.243
292.040
95.926
0.259
1.021
932.090
0.382
0.271
0.304
0.226
969.483
0.260
2.467
0.973
0.280
366.611
313.774
0.963
16.959
4.745
312.288
3.200
0.260
0.286
0.262
623.162
187.232
56.332
0.346
0.275
580.926
233.005
0.255
0.227
1.066
504.675
0.269
1.334
0.366
329.454
486.149
0.531
0.257
308.328
0.372
879.889
0.302
0.258
0.295
0.245
478.304
49.336
143.000
0.516
0.267
406.652
1.126
0.944
0.248
0.289
835.121
0.395
0.247
0.272
0.312
484.333
362.343
0.327
0.258
29.555
856.724
0.512
31.684
0.515
0.250
699.995
3.300
197.907
1.708
0.274
798.556
0.311
0.266
72.140
0.276
825.737
0.248
3.169
0.294
0.293
0.285
714.067
0.258
0.276
0.396
0.247
171.893
0.317
0.362
0.481
869.280
0.287
0.354
0.265
0.241
934.081
0.250
0.248
0.495
0.247
844.539
0.275
0.238
0.274
0.234
683.215
227.643
0.252
0.295
1.124
671.978
233.016
0.242
0.259
0.506
915.126
2.638
0.253
0.271
0.316
562.500
119.138
1.890
21.354
158.010
477.707
62.581
339.988
0.307
0.229
476.317
31.887
289.818
0.380
0.326
489.900
102.834
0.331
196.113
0.422
488.402
333.562
0.242
0.269
0.290
648.782
1.388
155.574
44.213
0.296
207.851
313.687
275.411
0.288
49.721
612.678
1.011
210.714
0.261
0.232
901.952
3.175
0.966
0.309
0.353
915.790
0.274
0.299
0.304
0.250
703.440
210.563
0.630
6.229
0.586
809.833
0.255
0.381
0.296
0.278
141.687
462.601
0.242
144.817
0.247
586.353
52.779
104.719
0.294
0.267
6262.781
0.323
0.265
1.652
0.306
883.729
0.298
0.280
1.327
0.293
713.065
0.297
0.254
0.278
0.313
291.928
1.617
0.327
0.271
0.241
0.249
48.982
0.318
2.288
0.302
653.207
70.602
0.641
0.451
0.318
0.368
167.190
0.248
0.279
0.452
828.704
0.321
0.262
0.302
0.241
878.628
0.357
0.306
0.308
1.834
544.222
46.585
39.260
182.474
58.595
695.508
0.249
12.250
0.264
117.292
895.747
0.336
0.265
0.289
0.294
877.688
0.313
0.293
0.281
17.655
499.954
0.703
426.376
1.005
0.291
798.630
1.222
0.285
0.280
0.306
0.234
0.398
24.131
0.512
0.249
377.115
131.756
0.714
98.315
121.794
421.765
0.311
0.285
0.318
0.242
856.166
0.266
0.239
0.283
0.285
0.253
60.520
0.272
1.160
0.292
589.779
92.376
182.803
0.306
2.207
0.236
0.302
0.270
0.276
0.395
0.302
610.271
249.679
19.485
0.281
716.100
136.595
1.338
0.260
0.399
491.961
88.111
0.427
240.356
0.511
518.372
33.400
323.213
0.301
42.316
711.401
0.403
3.279
147.495
0.286
933.947
0.297
0.247
0.368
0.236
467.852
390.865
73.563
0.274
0.276
514.191
426.624
2.891
0.307
0.283
703.731
0.984
0.308
188.431
0.305
986.119
0.310
4.313
0.319
0.250
972.264
4.144
0.292
0.994
0.238
692.469
1.026
202.737
0.485
0.311
895.104
30.127
0.328
0.282
0.297
876.476
0.341
0.317
3.584
0.271
616.953
30.592
296.819
0.334
0.323
129.084
587.338
12.150
140.096
0.274
870.661
0.249
28.870
0.266
2.649
871.565
0.294
0.275
0.316
4.453
502.979
398.796
0.286
0.491
0.275
744.898
0.257
0.247
0.368
149.726
505.679
76.859
339.541
0.292
0.273
378.648
637.443
0.278
0.303
0.567
1001.495
2.789
0.261
0.329
1.082
914.983
0.277
0.256
0.302
0.503
7.104
0.314
0.281
1.494
0.253
889.381
0.296
17.088
1.153
0.321
511.616
17.621
405.015
5.392
0.260
0.320
0.266
0.287
0.276
0.238
501.447
70.154
313.927
0.266
0.315
709.694
223.353
0.302
0.285
0.516
515.543
0.375
0.297
166.434
151.743
789.378
0.283
1.888
0.291
1.004
0.270
39.820
0.307
0.293
11.575
836.750
0.526
6.914
0.385
68.734
5047.986
387.565
0.438
0.292
0.305
969.999
0.266
0.266
0.252
0.264
720.880
0.293
0.305
0.287
0.387
184.342
7.177
0.634
1.261
0.268
960.993
0.292
0.309
0.311
0.407
533.796
16.761
148.855
158.767
0.294
579.951
290.913
0.322
0.267
68.752
0.472
0.291
0.285
0.305
0.270
529.125
358.123
0.279
39.684
3.665
1250.772
0.313
0.266
0.485
0.288
5769.610
1.161
641.935
0.919
24.095
763.346
364.866
0.269
0.258
0.258
763.770
100.510
6.077
165.032
0.316
569.867
426.674
1.033
116.175
3.193
590.849
47.925
367.394
1.007
0.284
0.328
1.094
112.097
0.304
0.324
0.242
0.289
0.262
0.278
0.311
1062.192
0.708
8.096
0.401
0.307
911.099
0.590
72.750
0.318
18.101
800.472
0.397
0.307
0.313
0.311
0.385
0.257
286.106
150.486
0.498
0.339
984.096
1.039
0.356
0.321
387.009
126.743
517.209
0.316
0.258
849.357
15.785
9.074
0.582
0.336
492.729
0.273
0.275
1.045
0.271
724.874
133.825
0.314
0.322
151.586
812.542
220.640
0.336
0.309
0.264
847.148
0.383
152.351
3.667
0.296
559.888
273.905
5.190
0.313
0.299
1.078
205.077
0.266
0.248
0.331
1021.822
0.292
1.021
0.278
0.325
724.266
88.830
0.517
0.277
1.018
142.614
3.883
0.337
69.264
2.935
1067.079
0.271
1.083
0.290
0.432
555.565
572.710
0.765
0.380
8.890
996.532
0.263
0.320
0.250
0.248
5189.574
71.103
157.643
0.268
1.050
838.987
177.385
0.292
1.116
0.257
147.056
1004.495
0.315
0.275
0.492
1091.496
0.347
0.270
1.019
0.429
1072.113
0.292
1.165
0.300
0.330
1043.229
65.729
0.263
0.296
0.316
0.303
0.253
0.285
0.400
0.261
6961.561
0.336
113.525
0.329
0.306
513.202
0.658
0.261
13.127
0.271
60.762
0.276
29.276
0.370
0.336
1154.153
0.278
0.277
0.257
2.435
0.320
0.995
0.386
0.985
0.314
755.756
425.974
0.390
0.343
0.272
1096.693
1.732
0.330
0.283
0.279
1065.284
0.305
0.263
0.328
0.288
1080.408
0.338
0.389
0.262
0.265
810.933
0.520
0.382
0.299
208.163
948.441
0.406
3.322
75.203
0.342
918.011
0.390
0.339
0.343
2.799
1096.620
1.004
0.370
0.301
0.290
1135.454
0.279
0.322
0.340
0.257
563.496
24.531
114.390
0.336
275.529
0.282
1064.070
0.527
0.270
0.286
928.618
85.502
0.382
0.287
0.269
775.507
202.327
1.259
0.315
0.291
799.429
201.083
1.020
0.323
1.027
981.993
0.305
1.012
0.457
0.280
805.242
189.799
0.599
0.318
3.966
0.271
0.307
0.370
41.902
0.338
5640.385
0.448
0.382
1.248
0.416
28.487
0.355
302.619
0.276
0.349
627.466
431.668
7.637
0.316
0.282
1118.571
8.931
0.440
1.252
0.267
0.311
0.272
0.308
0.403
3.834
553.244
234.040
1.149
56.880
0.531
1.136
0.308
0.308
265.392
0.481
1255.301
0.285
0.306
0.317
0.275
0.326
1086.823
0.269
0.462
0.314
822.654
66.883
72.933
0.393
0.289
430.218
38.539
0.283
0.268
60.333
1168.692
0.345
0.284
1.156
0.285
0.297
0.271
0.288
0.434
0.298
1013.290
0.380
0.316
0.270
2.292
603.865
547.386
0.297
0.341
0.276
934.575
0.329
7.819
0.344
0.318
933.775
0.600
0.340
0.276
0.258
1082.368
1.214
0.313
0.271
0.325
934.428
1.716
0.279
0.255
0.276
579.260
560.308
4.904
0.309
14.875
717.429
221.407
5.930
246.942
0.288
627.942
474.954
0.342
0.270
0.271
0.332
0.330
0.374
0.322
0.267
1002.073
0.282
0.408
0.305
0.294
0.331
0.287
0.306
0.319
0.330
143.088
918.163
0.343
0.333
0.347
0.280
185.211
944.352
0.284
1.077
1047.018
0.275
0.298
67.679
1.139
628.332
391.478
0.259
0.430
1.038
0.284
0.459
1.032
0.274
0.252
604.035
0.351
412.977
0.265
0.291
602.202
232.279
0.291
0.287
1.100
614.160
0.259
0.346
0.257
0.269
1122.652
0.341
31.511
0.705
0.290
1138.128
0.267
0.281
0.396
0.294
583.370
559.298
0.809
0.408
0.311
441.252
435.759
0.296
262.190
8.182
0.321
0.315
0.294
0.368
1.015
0.300
0.321
39.537
0.339
0.315
892.889
0.402
0.271
0.361
0.305
299.846
322.844
13.594
0.750
0.370
1098.083
0.462
0.323
0.310
0.307
131.162
463.758
271.277
0.388
213.982
1194.559
0.340
0.475
0.286
0.312
778.461
1.089
0.318
0.314
261.498
848.758
261.328
0.896
0.437
12.881
0.402
0.322
1.011
0.257
0.320
0.266
0.371
0.273
0.268
0.282
1159.810
0.347
0.256
0.318
0.275
1072.190
0.279
0.318
0.296
0.259
23.206
0.331
0.299
1.251
0.279
668.212
479.054
0.495
0.312
0.330
1046.315
0.303
0.314
0.318
0.315
1042.547
24.786
0.271
0.270
0.291
579.910
279.699
208.349
2.692
0.333
1018.443
75.582
0.354
0.303
0.308
0.295
0.377
0.300
0.271
0.325
1.065
0.297
1.181
1.026
0.415
833.155
260.125
0.298
0.288
0.312
561.212
454.055
134.405
8.575
1.110
779.817
233.555
99.239
0.302
2.394
5300.115
0.463
0.353
0.314
0.347
1.109
0.320
0.300
0.343
16.735
1114.126
0.293
0.342
69.622
76.203
0.270
1293.381
1.331
0.297
0.340
984.458
0.405
0.295
0.278
0.286
280.969
0.377
67.182
0.448
0.284
215.295
136.791
6.122
148.771
0.313
1134.690
0.342
0.375
0.320
1.243
605.388
0.286
0.460
278.177
0.398
0.320
288.555
57.826
0.531
1.296
1237.747
0.289
0.326
0.330
0.277
0.343
1112.012
0.379
0.321
1.160
1157.994
0.312
1.257
0.288
104.938
752.402
495.329
32.274
24.418
0.278
563.436
60.026
568.736
77.990
0.607
1335.086
0.367
1.105
1.141
0.276
741.060
0.354
29.350
319.828
0.324
967.333
10.806
156.817
0.336
0.258
1117.981
1.302
0.307
0.280
22.873
1232.789
0.316
0.594
0.347
0.304
599.419
63.553
274.183
207.689
21.871
953.756
0.348
212.221
1.258
0.268
990.883
124.345
0.291
0.278
39.986
1272.688
0.335
0.332
1.283
0.318
606.148
554.288
0.317
0.354
0.265
635.312
668.401
0.420
1.084
1.103
547.923
687.094
0.377
0.311
4.519
972.935
0.585
0.390
0.305
268.003
460.400
488.497
0.386
0.314
0.314
0.319
0.279
275.967
3.688
0.510
1248.641
0.268
0.262
0.348
21.404
1221.641
0.307
0.278
2.315
0.291
1291.096
0.349
0.303
2.734
0.379
1198.933
0.350
16.857
0.344
0.266
1140.496
0.402
9.794
0.677
1.529
0.267
0.279
0.373
1.062
1.166
439.403
185.230
0.723
9.523
546.279
1242.940
1.266
0.268
0.274
0.352
1192.533
0.414
0.425
0.327
0.331
1138.477
144.517
0.325
0.341
0.342
601.182
528.000
0.341
0.327
0.316
897.593
279.283
0.411
0.365
1.440
580.586
25.883
17.956
326.092
0.370
0.278
1.056
0.278
0.294
223.092
1215.740
0.294
0.301
0.288
0.333
914.595
0.321
9.172
1.808
0.394
176.883
29.318
0.503
0.318
0.370
1136.591
0.511
0.348
0.308
0.278
1108.140
0.435
0.378
6.357
1.256
633.055
32.910
1.156
510.556
0.717
843.327
5.803
269.325
0.319
0.284
1263.595
0.439
0.323
0.309
0.327
1122.350
0.341
0.361
0.491
14.286
697.234
0.327
350.554
0.327
6.977
1099.795
0.333
105.453
0.401
0.292
603.676
40.461
0.671
436.525
0.402
1147.156
0.296
0.320
0.284
0.348
847.554
0.340
3.242
1.197
285.253
559.378
504.428
0.776
0.432
0.352
217.860
385.240
550.021
0.288
0.361
865.465
0.341
196.866
0.302
0.356
756.033
231.148
0.361
83.751
3.513
144.465
555.964
132.362
217.921
0.343
1099.396
0.977
0.496
0.291
0.336
557.124
499.922
0.327
0.271
1.060
1007.034
50.495
2.496
0.324
0.384
1152.467
0.337
0.312
5.780
0.297
612.545
226.691
0.389
0.296
0.312
1105.772
0.379
2.199
0.373
0.340
458.223
386.593
235.053
0.339
0.693
461.947
367.746
12.978
1.157
0.604
226.491
22.760
0.300
0.360
1.323
0.299
0.346
0.294
0.384
0.299
122.200
708.346
0.319
0.314
183.925
972.049
0.319
1.097
5.658
2.062
604.877
0.481
203.899
206.115
0.350
1.189
0.320
0.304
0.297
0.280
1072.338
0.285
0.272
0.271
0.331
465.254
717.214
16.486
0.286
0.293
641.298
0.826
592.188
0.294
0.284
1082.878
0.514
0.306
41.948
0.353
918.849
216.085
0.436
0.396
3.566
601.043
519.734
0.354
0.310
0.293
1012.173
0.291
0.529
1.102
0.311
0.316
0.350
0.307
0.337
0.284
1078.901
0.334
0.327
2.082
0.321
1049.976
0.641
0.324
0.297
0.315
0.332
0.283
0.283
0.385
65.842
861.859
215.734
0.484
0.310
38.212
620.082
1.850
430.584
0.303
8.438
637.392
200.942
239.554
0.360
0.281
814.037
197.167
0.280
44.426
9.858
5204.771
0.378
1.243
0.485
0.296
999.604
0.302
253.086
0.597
0.359
938.193
0.335
1.194
192.783
0.297
499.972
145.196
300.102
0.364
281.630
931.902
304.010
0.492
0.761
0.297
1301.661
2.202
0.277
0.283
0.278
1132.340
0.969
114.664
0.670
3.581
1341.903
0.361
0.459
0.300
0.319
820.726
0.372
392.944
0.341
0.549
152.434
771.677
332.069
7.054
0.348
1002.255
0.343
194.194
0.364
38.988
786.909
0.515
1.219
1.159
0.334
0.423
538.740
3.186
0.492
0.335
1214.446
1.159
0.291
0.343
0.402
3661.210
0.394
0.290
0.427
54.488
1291.259
0.516
0.329
0.286
0.316
985.683
0.465
189.563
0.375
1.195
1282.391
0.338
0.548
0.353
0.359
1215.792
0.372
0.362
41.344
0.364
1356.397
0.469
0.306
0.307
0.565
994.296
309.461
0.337
0.456
0.343
7286.693
0.650
6.543
0.666
0.390
1213.448
0.428
33.454
0.354
0.462
724.896
578.425
2.065
0.328
0.283
0.294
0.324
0.347
0.279
0.332
741.548
0.329
327.797
194.251
0.490
0.310
0.548
0.349
0.311
0.390
0.333
27.899
0.443
1.345
0.333
1276.163
0.404
1.875
0.314
1.240
1057.406
0.325
0.511
0.363
2.114
257.653
74.048
0.297
0.359
2.751
1419.068
2.209
0.314
0.354
0.447
1032.730
245.986
0.312
2.357
129.295
982.026
423.845
1.442
0.323
0.286
1358.947
0.288
0.281
0.558
152.110
1120.635
197.882
3.771
0.427
0.355
1447.461
0.336
0.316
2.959
0.317
1422.408
0.389
0.438
0.294
0.305
0.358
0.415
0.286
0.333
0.486
1436.732
0.465
0.355
4.891
0.408
1216.117
258.789
0.378
0.355
0.505
1087.995
111.031
240.143
0.288
1.301
763.869
0.323
741.827
0.353
2.166
0.352
0.285
0.456
1.192
0.314
1002.096
0.901
0.732
0.548
48.472
1349.383
0.478
44.582
0.542
0.316
1203.426
0.388
0.366
0.291
0.532
1439.375
0.371
0.310
0.576
0.339
1072.993
0.321
0.364
2.957
0.365
0.400
291.888
8.881
0.468
0.335
1074.283
2.968
271.378
0.363
0.442
0.317
0.492
0.296
0.341
0.386
1178.991
1.306
277.683
0.316
0.451
718.446
828.621
0.562
3.615
0.316
907.913
469.613
0.316
0.343
0.324
1467.080
60.969
0.503
0.474
0.488
926.520
0.398
0.317
0.312
0.401
0.339
662.947
0.333
0.317
0.314
1218.103
0.431
294.179
1.460
12.818
1149.319
338.810
107.165
0.406
0.387
1171.244
319.140
1.337
0.290
0.370
1551.998
0.316
10.513
0.388
0.363
1529.383
0.660
0.348
1.382
1.341
1120.526
1.255
0.289
238.504
1.260
1374.480
0.361
1.223
0.276
0.353
7482.307
0.531
417.992
0.367
0.308
1021.390
578.611
0.453
0.323
0.292
985.444
216.710
0.355
507.891
0.586
1213.355
267.855
0.352
0.514
0.343
782.403
429.180
177.285
0.388
1.376
9435.462
533.265
0.507
0.298
0.304
839.508
531.979
4.391
0.362
0.302
1432.003
0.409
3.305
0.298
0.372
1182.423
0.352
203.710
6.275
0.494
872.548
618.213
0.308
1.275
0.527
820.722
556.502
0.458
0.330
0.341
1188.834
230.616
0.938
0.417
0.549
799.263
50.127
397.487
1.321
0.318
1178.886
236.328
0.307
0.558
85.144
1500.294
0.353
1.245
0.415
0.350
1722.133
0.376
4.512
0.372
0.496
1529.761
0.312
0.304
0.399
0.362
1538.039
0.699
0.490
0.474
126.486
811.318
693.185
0.417
0.417
0.323
869.723
417.897
0.306
0.391
0.303
1566.794
0.447
0.397
0.344
0.314
1442.678
185.728
0.392
0.310
0.404
331.173
0.423
0.374
0.357
0.372
849.235
561.813
1.380
0.381
0.306
1588.969
0.427
1.352
0.333
0.324
852.991
0.389
0.286
551.229
8.755
1218.584
370.718
2.175
0.337
0.359
853.017
11.726
297.597
1.583
0.342
1426.683
0.566
0.462
0.368
0.441
1454.903
0.741
11.368
1.247
1.182
1436.198
21.595
0.509
0.379
13.777
0.314
1.241
0.299
0.314
0.306
1480.668
0.367
0.323
0.850
0.435
1508.760
0.353
0.403
1.287
1.147
1639.668
0.314
0.316
9.101
0.462
752.710
387.844
0.333
0.304
284.989
1311.183
0.349
191.877
46.931
1.187
1627.927
3.904
0.355
0.345
1.200
1244.368
0.576
309.707
0.437
0.311
1703.100
0.319
0.307
0.375
3.319
0.353
1481.917
0.536
0.308
0.327
1370.444
137.193
0.320
0.339
27.655
860.800
355.610
4.504
194.458
0.349
1578.765
0.335
0.300
0.376
0.415
10547.903
1.342
208.190
0.312
27.286
35.567
0.775
0.555
0.335
0.376
1464.581
1.217
0.335
0.360
0.391
1345.099
0.388
3.644
0.339
0.332
914.752
430.011
0.325
1.271
0.370
1506.182
0.535
0.449
7.385
0.348
1328.844
0.386
4.528
1.290
0.288
829.613
486.000
0.337
0.472
21.941
1314.020
87.085
0.458
0.364
0.343
444.587
0.456
0.359
0.367
0.316
532.374
0.393
0.404
0.385
2.961
303.988
109.033
0.357
0.378
27.347
396.108
0.364
0.335
0.522
1.199
366.163
0.320
0.377
0.299
0.300
9.470
0.360
0.361
0.367
0.447
530.544
0.314
0.326
0.343
0.374
65.030
30.573
165.922
0.661
0.322
409.197
0.316
5.006
0.387
79.618
435.779
0.366
0.341
0.356
53.935
541.268
0.525
0.325
0.417
3.198
587.056
0.319
0.409
0.310
1.255
430.759
0.366
0.353
0.415
0.376
88.683
473.884
0.366
0.347
0.337
535.482
0.359
0.355
0.355
0.415
512.434
0.383
0.364
0.486
0.366
266.983
215.424
0.466
0.328
67.653
268.760
0.362
1.239
0.511
1.169
504.814
0.346
0.310
0.471
0.335
575.684
0.332
0.329
0.372
0.375
66.719
407.389
2.296
0.337
0.325
0.311
0.332
36.551
0.305
0.457
594.924
0.345
0.420
0.337
0.315
517.620
36.044
0.393
0.364
1.296
89.606
0.503
486.052
0.595
1.208
184.366
145.216
1.347
0.378
191.692
434.584
46.620
1.366
0.308
0.300
472.978
0.364
0.317
0.392
0.313
343.987
170.648
0.370
0.349
1.216
352.449
0.556
0.335
105.227
91.591
332.254
0.337
0.465
0.335
0.356
381.458
0.414
25.569
0.343
0.386
340.964
0.554
0.318
86.764
0.314
408.025
0.607
0.300
25.459
0.407
396.863
0.330
0.385
0.359
0.357
4.329
68.316
8.247
369.548
0.324
75.741
61.299
214.182
0.353
36.504
1.224
1.183
0.372
0.336
0.349
521.201
0.371
0.357
0.298
0.343
478.972
0.353
0.339
0.319
0.325
411.132
0.355
0.353
32.916
0.374
42.866
283.516
5.308
0.341
0.325
244.101
43.129
2.192
144.082
1.186
478.559
0.323
0.379
0.324
0.493
375.932
85.643
0.511
0.360
0.351
348.730
57.998
0.431
0.316
0.343
346.781
5.589
0.541
0.433
0.343
199.593
8.067
188.778
0.378
0.351
0.302
24.538
0.325
0.366
1.965
161.394
0.409
68.353
100.819
0.390
490.251
0.323
0.337
1.375
1.220
405.916
0.390
0.376
0.429
0.386
435.515
1.509
0.303
0.395
0.314
514.264
0.411
1.910
0.310
0.345
40.313
330.636
0.468
0.364
0.392
0.421
0.337
0.307
0.304
0.341
432.552
0.394
0.346
0.321
0.464
170.627
0.365
281.821
0.734
0.411
434.122
0.938
0.509
0.471
0.419
0.321
0.316
33.961
22.385
0.879
239.352
0.331
15.280
1.253
157.999
117.534
259.224
0.392
1.251
144.699
396.683
1.459
81.610
0.401
0.372
53.769
0.462
2.976
201.315
133.256
55.539
8.302
352.367
0.537
0.331
324.811
0.352
19.949
0.437
109.491
523.780
1.437
0.349
1.333
0.382
154.940
38.990
1.372
0.308
175.275
132.852
1.243
225.109
0.409
0.484
174.261
289.993
1.373
0.388
0.334
193.353
153.946
1.272
1.664
33.581
392.781
0.370
0.380
0.319
1.520
331.999
0.325
1.323
0.324
0.351
307.437
0.374
0.341
0.349
78.671
222.538
0.365
0.420
4.628
0.407
393.052
0.347
0.349
0.333
0.413
0.314
0.335
0.339
0.443
1.235
392.035
0.388
1.797
0.398
0.325
19.339
301.385
0.366
1.020
0.376
404.919
0.413
0.362
0.409
42.541
363.958
0.556
0.335
76.329
0.313
15.986
59.620
155.449
201.147
0.983
213.022
0.351
218.741
0.355
0.356
366.061
0.347
38.036
0.389
0.373
0.331
0.447
0.399
0.387
1.194
247.192
121.342
91.859
0.406
0.376
184.967
239.151
0.998
0.552
0.332
375.173
0.412
0.355
0.359
0.374
71.827
180.831
0.341
0.350
7.380
91.825
0.721
426.195
0.315
0.370
459.788
0.458
0.349
1.564
0.366
6.011
37.147
210.608
0.365
215.788
448.715
0.412
1.262
0.503
0.329
37.730
14.741
195.409
0.320
132.336
27.841
0.374
0.333
0.334
0.509
17.464
352.903
1.259
0.362
0.554
182.382
26.760
0.386
0.380
0.410
14.437
328.125
0.465
1.459
155.294
94.623
441.713
1.523
0.372
0.384
0.316
0.327
0.403
0.331
0.372
521.046
75.717
1.247
0.297
0.474
437.855
0.543
135.591
1.246
1.244
18.963
469.314
0.347
0.376
0.306
502.122
0.409
0.347
1.405
0.396
395.597
0.351
0.965
0.347
75.228
506.218
0.632
0.331
0.368
0.411
394.817
0.337
1.266
0.447
0.323
0.338
17.694
0.348
0.322
0.403
436.438
0.389
0.366
0.364
1.374
214.287
219.222
1.327
0.431
0.384
41.611
422.906
0.409
1.243
0.328
458.591
0.427
0.345
54.863
0.388
480.247
0.317
2.519
64.139
1.513
35.742
82.428
10.085
0.368
1.531
368.039
32.357
0.380
0.387
0.393
477.070
1.297
0.305
0.506
0.411
499.231
0.435
0.544
1.247
0.356
237.847
171.403
0.319
9.237
8.102
472.489
0.361
1.309
0.357
0.384
511.042
0.312
30.847
0.327
1.347
514.025
0.372
0.371
0.364
1.332
56.396
313.860
5.258
1.789
0.364
118.681
1.402
0.381
0.393
1.352
175.180
1.248
0.377
0.319
0.367
179.528
266.832
0.593
0.364
0.379
216.156
0.571
0.361
118.423
62.771
345.891
1.302
0.359
1.263
0.523
0.460
8.263
0.369
1.262
0.310
342.596
0.431
1.414
0.367
0.347
460.107
95.492
1.489
0.330
0.397
296.655
0.400
0.335
0.490
0.378
51.012
1.261
1.376
0.402
0.359
128.593
0.434
0.349
0.433
0.333
20.026
231.408
0.363
182.285
44.722
580.068
0.493
0.362
0.408
0.414
471.398
50.695
0.506
0.338
0.351
37.533
73.917
0.329
438.395
0.437
464.577
0.377
0.393
79.865
0.363
455.859
0.613
4.196
0.389
0.380
456.553
0.397
0.372
0.329
0.512
30.705
372.137
0.407
0.320
0.314
376.088
25.213
49.812
2.585
0.362
47.214
533.659
0.435
0.536
0.341
318.945
229.136
1.159
0.597
0.414
433.263
0.333
99.300
0.398
0.404
553.634
0.980
0.525
0.377
5.716
244.923
206.955
0.748
0.501
0.380
4.399
180.283
73.436
0.365
10.887
169.179
0.329
220.136
0.334
0.422
0.319
27.572
0.416
0.317
0.392
26.195
141.998
0.401
383.887
0.355
293.444
0.385
0.339
0.427
0.333
453.063
0.372
76.650
0.409
0.394
0.388
0.329
0.499
0.341
25.263
205.151
226.743
0.417
61.823
0.445
560.468
0.366
0.365
1.428
0.386
