0.197
0.002
0.002
0.000
0.003
0.096
0.002
0.000
0.003
0.000
0.025
0.096
0.001
0.002
0.002
0.092
0.002
0.002
0.002
0.001
0.083
0.003
0.000
0.008
0.002
0.002
0.095
0.002
0.250
0.003
0.300
0.002
0.002
0.001
0.006
0.244
0.002
0.075
0.002
0.002
0.253
0.003
0.064
0.003
0.002
0.096
0.300
0.003
0.002
0.002
0.394
0.003
0.002
0.002
0.002
0.191
0.003
0.242
0.002
0.002
0.578
0.002
0.001
0.003
0.002
0.652
0.002
0.030
0.001
0.003
1.089
0.003
0.001
0.002
0.002
0.981
0.199
0.593
0.003
0.003
1.193
0.003
0.002
0.002
0.622
0.034
1.773
0.004
0.002
0.002
1.685
0.003
0.001
0.002
0.003
0.163
0.692
0.863
0.195
0.095
1.510
0.003
0.002
0.002
0.002
1.879
0.003
0.003
0.095
0.003
1.469
0.026
0.002
0.003
0.002
0.003
0.817
0.004
0.029
0.002
0.832
0.025
0.003
0.002
0.018
0.877
0.004
0.009
0.038
0.003
0.871
0.004
0.002
0.002
0.002
2.456
0.004
0.002
0.003
0.002
1.759
0.005
0.065
0.003
0.003
1.746
0.037
0.002
0.002
0.280
2.071
0.003
0.003
0.006
0.002
0.030
1.793
0.003
0.003
0.003
1.728
0.003
0.062
0.045
0.003
2.550
0.005
0.003
0.003
0.003
2.173
0.009
0.003
0.003
0.031
2.894
0.006
0.004
0.003
0.003
2.936
0.005
0.004
0.044
0.041
0.615
2.589
0.095
0.002
0.009
2.985
0.004
0.003
0.003
0.002
2.943
0.004
0.002
0.003
0.002
0.011
0.003
0.363
0.218
2.704
2.949
0.006
0.069
0.025
0.004
0.058
2.847
0.049
0.010
0.003
3.918
0.144
0.004
0.003
0.003
3.040
0.004
0.004
0.003
0.004
2.945
0.072
0.003
0.003
0.013
3.183
0.053
0.009
0.081
0.004
2.894
0.005
0.030
0.004
0.002
2.895
0.565
0.005
0.004
0.003
3.245
0.081
0.009
0.003
0.004
3.060
0.004
0.004
0.003
0.003
4.091
0.154
0.004
0.004
0.004
3.836
0.168
0.003
0.004
0.003
4.155
0.005
0.029
0.100
0.003
0.082
3.568
0.277
0.004
0.003
0.009
4.103
0.007
0.032
0.181
0.513
3.691
0.004
0.004
0.004
4.814
0.118
0.033
0.064
0.004
5.382
0.004
0.004
0.003
0.004
4.838
0.641
0.003
0.004
0.004
7.274
0.173
0.004
0.007
0.003
7.321
0.005
0.004
0.004
0.004
7.318
0.007
0.040
0.004
0.121
7.537
0.116
0.004
0.022
0.004
7.806
0.204
0.004
0.005
0.006
7.076
0.005
0.004
0.121
0.005
7.340
0.007
0.126
0.004
0.081
7.275
0.008
0.006
0.035
0.005
7.221
0.013
0.005
0.042
0.077
7.683
0.005
0.003
0.005
0.003
10.436
0.003
0.005
0.004
0.015
10.556
0.005
0.003
0.003
0.005
0.011
10.615
0.006
0.003
0.004
10.494
0.029
0.005
0.003
0.005
10.420
0.006
0.003
0.005
0.003
11.250
0.009
0.162
0.005
0.005
11.415
0.005
0.005
0.004
0.005
10.756
0.159
0.004
0.003
0.552
10.370
0.102
0.011
0.059
0.005
10.472
0.148
0.005
0.003
0.016
10.362
0.299
0.005
0.005
0.005
10.677
0.073
0.005
0.003
0.005
10.596
0.229
0.004
0.004
0.015
10.480
0.009
0.164
0.004
0.005
10.469
0.261
0.005
0.005
0.017
10.432
0.011
0.158
0.054
0.005
10.358
0.011
0.268
0.005
0.026
10.617
0.005
0.005
0.005
0.004
10.640
0.005
0.004
0.005
0.005
8.936
0.108
0.006
0.279
0.005
1.017
8.217
0.005
0.005
0.006
0.395
8.638
0.009
0.005
0.006
8.879
0.251
0.055
0.005
0.006
9.191
0.006
0.005
0.005
0.005
1.505
0.010
0.044
0.283
0.005
1.571
0.057
0.005
0.006
0.005
1.469
0.005
0.005
0.005
0.118
1.996
0.006
0.188
0.003
0.190
0.253
2.211
0.005
0.006
0.005
2.011
0.129
0.006
0.005
0.004
2.052
0.005
0.073
0.005
0.006
2.017
0.005
0.005
0.005
0.153
2.057
0.005
0.005
0.015
0.005
2.412
0.005
0.015
0.006
0.005
2.372
0.006
0.005
0.059
0.006
2.519
0.005
0.005
0.073
0.005
1.977
0.126
0.024
0.088
0.016
2.331
0.005
0.086
0.005
0.005
0.282
2.169
0.006
0.006
0.006
2.373
0.158
0.091
0.006
0.005
2.480
0.006
0.005
0.005
0.005
2.208
0.007
0.005
0.007
0.005
2.358
0.006
0.013
0.081
0.006
2.242
0.126
0.006
0.006
0.021
2.088
0.006
0.004
0.288
0.005
2.114
0.007
0.019
0.006
0.005
2.650
0.005
0.005
0.006
0.005
2.558
0.005
0.005
0.005
0.005
1.926
0.350
0.020
0.309
0.006
2.179
0.019
0.017
0.005
0.027
2.485
0.006
0.079
0.005
0.006
2.164
0.007
0.018
0.087
0.179
1.913
0.164
0.006
0.004
0.161
2.702
0.006
0.007
0.006
0.005
2.447
0.484
0.053
0.025
0.005
2.437
0.396
0.005
0.006
0.006
1.490
0.682
0.428
0.131
0.006
1.470
1.160
0.457
0.006
0.019
2.846
0.562
0.006
0.006
0.006
1.991
0.861
0.008
0.007
0.548
2.948
0.357
0.207
0.007
0.006
3.106
0.022
0.006
0.006
0.193
3.173
0.029
0.005
0.019
0.005
2.843
0.088
0.385
0.006
0.006
3.417
0.006
0.006
0.006
0.006
2.948
0.009
0.005
0.006
0.095
0.245
2.774
0.597
0.090
0.007
3.276
0.008
0.175
0.022
0.007
3.489
0.006
0.060
0.005
0.019
0.818
2.080
0.591
0.006
0.021
2.948
0.158
0.006
0.164
0.007
3.142
0.308
0.005
0.006
0.090
2.840
0.377
0.021
0.006
0.006
3.531
0.006
0.021
0.005
0.007
3.167
0.551
0.013
0.007
0.005
3.501
0.029
0.006
0.005
0.079
1.541
2.126
0.007
0.005
0.022
3.256
0.345
0.006
0.005
0.007
4.376
0.006
0.007
0.095
0.030
3.985
0.023
0.008
0.048
0.006
4.191
0.006
0.008
0.525
0.007
5.045
0.009
0.008
0.007
0.007
4.921
0.007
0.006
0.006
0.005
2.036
1.944
0.014
0.235
0.304
4.099
0.274
0.165
0.006
0.006
4.167
0.009
0.007
0.059
0.386
5.262
0.165
0.009
0.007
0.007
5.611
0.114
0.007
0.006
0.006
5.714
0.007
0.007
0.045
0.008
5.500
0.007
0.008
0.057
0.045
5.161
0.025
0.064
0.316
0.249
5.585
0.007
0.006
0.007
0.005
5.261
0.067
0.257
0.162
0.007
0.828
4.820
0.168
0.046
0.118
5.665
0.006
0.084
0.006
0.018
4.930
0.392
0.166
0.017
0.023
5.299
0.117
0.440
0.007
0.007
0.012
4.983
0.078
0.554
0.009
5.179
0.372
0.007
0.007
0.152
7.112
0.324
0.706
0.007
0.006
7.184
0.011
0.027
0.007
0.663
0.822
7.345
0.009
0.007
0.006
8.200
0.008
0.007
0.008
0.007
7.901
0.007
0.007
0.007
0.009
7.091
0.279
0.027
0.118
0.057
7.894
0.009
0.006
0.009
0.007
7.262
0.466
0.007
0.007
0.007
3.562
3.300
1.202
0.009
0.008
7.107
0.914
0.007
0.007
0.007
7.041
0.625
0.250
0.204
0.007
6.853
0.898
0.103
0.007
0.007
7.221
0.192
0.009
0.225
0.009
7.478
0.385
0.009
0.008
0.009
7.767
0.010
0.647
0.030
0.008
7.181
0.291
0.069
0.017
0.532
7.480
0.320
0.009
0.007
0.007
7.388
0.026
0.009
0.006
0.006
7.567
0.011
0.009
0.006
0.007
7.623
0.014
0.332
0.176
0.009
1.544
6.015
0.013
0.008
0.007
4.761
3.248
0.349
0.009
0.008
1.269
12.917
0.011
0.009
0.702
13.665
1.172
0.011
0.009
0.009
14.373
0.057
0.033
0.007
0.484
17.379
0.009
0.009
0.259
0.705
16.523
0.014
1.607
0.012
0.009
16.438
1.026
0.130
0.030
0.008
17.655
0.009
0.030
0.007
0.009
16.627
0.033
0.562
0.009
0.681
16.392
0.167
0.009
0.009
0.009
17.613
0.010
0.009
0.007
0.009
16.891
0.500
0.009
1.230
0.033
16.724
0.589
0.011
0.033
0.010
16.800
0.452
0.941
0.011
0.010
16.622
0.012
0.657
0.009
0.008
17.690
0.010
0.008
0.009
0.009
17.803
0.199
0.102
0.009
0.008
17.955
0.011
0.009
0.032
0.009
16.333
0.009
0.009
1.178
0.087
18.044
0.012
0.010
0.009
0.010
18.338
0.030
0.014
0.011
0.184
16.927
0.013
1.530
0.224
0.033
17.936
0.011
0.548
0.010
0.034
3.946
13.888
0.343
0.009
0.010
16.721
0.046
0.008
0.009
1.630
18.202
0.105
0.009
0.031
0.028
16.738
0.052
0.009
0.009
1.004
0.016
17.702
0.084
0.011
0.010
17.193
0.011
0.408
0.010
0.033
16.581
0.011
0.972
0.009
0.872
18.316
0.009
0.031
0.009
0.008
16.086
1.738
0.009
0.010
0.011
16.986
0.022
0.173
0.010
0.009
15.999
1.905
0.180
0.034
0.009
18.335
0.149
0.032
0.032
0.009
17.599
0.405
0.009
0.009
0.033
8.972
9.742
0.011
0.010
0.011
4.191
14.203
0.011
0.104
0.010
16.406
0.095
1.228
0.020
0.122
18.084
0.009
0.009
0.011
0.009
17.409
1.071
0.038
0.009
0.009
16.376
1.664
0.009
0.009
0.009
24.139
0.010
0.011
0.009
0.009
23.466
0.012
0.011
0.581
0.036
26.414
0.536
0.009
0.013
1.627
28.474
0.011
0.034
0.010
0.009
27.124
0.011
0.013
0.011
0.036
28.590
0.012
0.011
0.011
0.011
29.137
0.011
0.011
0.012
0.009
26.239
2.362
0.043
0.011
0.012
26.747
0.015
0.978
0.339
0.167
26.039
0.679
0.040
1.654
0.157
28.794
0.009
0.011
0.009
0.008
10.487
0.030
17.221
0.219
0.011
26.328
0.011
0.011
0.094
0.009
26.585
1.312
0.013
0.307
0.014
10.642
16.252
0.011
0.012
0.008
26.317
0.012
0.027
0.088
0.012
32.091
1.228
0.011
0.013
0.009
33.848
0.015
0.012
0.038
0.009
32.711
0.040
0.012
0.416
0.011
0.019
37.785
0.076
0.552
0.014
38.531
0.027
0.011
0.009
0.009
36.370
2.796
0.013
0.013
0.044
14.584
32.809
0.012
0.014
0.011
45.874
1.396
0.040
0.016
1.422
48.222
1.171
0.015
0.012
0.222
41.250
0.012
0.014
0.011
0.011
44.637
0.951
0.012
0.011
0.009
44.297
0.017
1.124
0.012
0.011
44.797
0.016
0.412
0.011
0.014
31.776
0.060
13.554
0.013
0.012
14.185
27.357
3.750
0.012
0.025
45.042
0.174
0.011
0.290
0.012
1.101
45.650
0.037
0.012
0.012
46.022
0.013
0.011
0.011
0.011
43.073
0.778
1.670
0.015
0.011
46.728
0.015
0.173
0.011
0.009
9.107
33.260
0.160
2.034
0.929
8.177
34.824
0.013
2.560
0.012
45.219
0.042
0.727
0.012
0.040
43.234
0.013
2.098
0.011
0.395
43.582
0.015
2.402
0.015
0.013
45.853
0.015
0.181
0.012
0.015
46.155
0.046
0.012
0.012
0.009
44.139
1.832
0.013
0.011
0.011
43.290
2.187
0.013
0.040
0.011
45.958
0.114
0.011
0.012
0.011
44.997
0.014
0.489
0.012
0.011
9.010
34.118
2.166
0.605
0.012
24.592
18.737
2.095
0.958
0.014
45.823
0.015
0.013
0.014
0.009
42.874
2.919
0.011
0.089
0.042
42.953
3.096
0.015
0.014
0.112
44.328
0.012
0.012
0.011
0.977
47.541
0.021
0.014
0.307
0.052
45.918
0.014
0.011
0.012
0.010
42.935
3.053
0.012
0.010
0.014
49.971
0.013
4.092
0.014
0.011
50.608
2.254
0.012
0.014
0.014
6.596
70.268
5.441
0.015
0.017
78.293
0.014
4.403
0.014
0.022
81.196
0.405
2.351
0.015
0.015
4.405
78.839
0.018
0.012
0.014
81.680
0.016
0.015
0.021
0.016
78.406
0.018
0.011
0.952
6.283
79.799
0.016
0.695
0.015
0.014
79.015
6.458
0.017
0.014
0.011
84.349
0.014
0.013
0.012
0.239
79.407
2.105
0.014
0.011
0.043
80.370
0.082
5.306
0.017
1.061
78.144
0.824
4.147
0.017
0.011
84.504
0.014
0.047
0.012
0.014
84.580
0.017
0.016
0.011
0.011
84.863
0.015
0.154
0.654
0.457
84.136
0.016
0.015
0.014
0.015
77.392
3.672
0.016
0.209
3.954
78.048
3.659
0.029
0.015
0.013
10.830
73.626
0.016
0.014
0.012
84.527
0.053
0.013
0.014
0.015
80.696
4.387
2.851
0.016
0.278
80.643
0.017
0.011
0.023
0.014
82.455
0.014
0.302
3.650
0.012
85.256
0.054
0.014
0.011
0.033
85.517
0.038
0.014
0.015
0.012
81.681
0.016
0.011
0.012
1.559
85.773
0.017
0.012
0.011
0.015
78.409
0.514
3.664
0.019
0.016
81.923
0.915
0.014
0.050
0.047
84.692
0.012
0.012
0.014
0.011
76.587
2.715
3.785
0.012
0.014
84.273
0.015
0.046
0.044
0.142
88.092
0.016
0.014
0.012
0.047
13.348
68.686
3.880
0.027
0.015
89.472
0.015
0.012
0.171
0.571
82.520
0.015
6.137
0.016
0.015
89.750
0.017
0.014
0.011
0.709
91.693
0.015
0.016
1.793
0.016
91.729
0.024
0.014
0.014
0.054
95.151
0.016
0.011
0.014
0.015
0.391
92.309
0.049
0.017
0.015
87.214
0.016
6.816
0.119
0.017
95.562
0.015
0.013
0.051
0.050
67.014
28.939
0.080
0.014
0.018
86.677
0.020
4.600
1.862
0.023
93.679
0.018
0.520
0.011
0.015
88.434
0.017
6.260
0.019
0.014
89.957
0.020
0.017
0.015
0.016
88.845
0.473
7.525
0.015
0.015
94.973
0.022
0.012
0.016
0.055
0.755
92.006
0.017
0.056
0.110
11.816
93.701
0.015
0.015
1.303
101.760
0.062
0.051
0.014
0.018
107.275
0.017
0.053
0.048
0.015
117.442
0.056
0.055
0.016
0.012
108.379
0.242
5.984
0.017
2.861
113.679
0.737
0.141
0.017
0.054
116.283
0.017
1.394
0.017
0.015
109.800
0.543
3.546
0.019
0.067
114.678
0.129
3.658
0.015
0.019
114.747
0.032
1.963
0.658
0.015
112.340
0.019
0.062
0.017
5.510
30.638
84.301
0.326
2.378
0.582
119.462
0.018
0.013
0.015
0.103
117.540
0.019
0.014
0.057
0.017
115.354
0.066
0.015
0.012
0.053
113.819
0.022
0.015
1.285
0.055
115.516
0.062
3.176
0.059
0.015
115.361
0.022
0.016
0.014
0.331
108.182
13.019
0.517
0.817
0.028
118.006
0.916
0.015
0.017
0.059
113.337
0.055
0.017
2.115
0.027
114.297
0.093
0.016
1.996
0.019
131.150
4.259
0.060
0.062
0.015
134.077
0.140
0.057
0.012
0.015
131.219
2.893
0.019
0.015
0.015
125.957
9.616
0.164
0.116
0.017
163.957
1.906
0.020
0.937
0.032
166.402
0.641
4.668
0.030
0.018
154.152
0.017
0.062
11.139
0.021
154.761
10.289
0.022
0.015
0.012
162.260
0.017
0.056
0.285
0.193
162.236
1.969
0.019
1.589
0.018
165.593
0.021
0.016
0.016
0.016
184.831
38.190
7.209
1.614
0.015
225.389
0.015
0.571
0.068
0.015
225.673
0.021
1.887
0.029
0.019
232.077
0.020
0.016
0.014
0.017
228.839
0.056
0.720
0.016
0.020
220.797
10.662
1.550
0.025
0.549
227.316
0.067
0.017
0.013
0.182
230.620
0.016
0.057
0.053
0.014
227.927
0.019
0.016
3.683
0.015
216.436
13.471
0.019
0.014
0.017
233.837
0.017
0.017
0.015
0.017
227.212
0.019
3.053
0.019
0.016
68.457
158.969
3.573
0.022
1.316
226.098
0.103
3.283
0.040
0.057
217.091
10.646
0.224
1.619
2.975
222.644
0.019
0.020
13.753
0.021
229.628
0.017
0.123
0.017
0.058
226.409
0.039
0.015
0.016
0.065
223.296
0.039
0.476
1.872
0.020
227.488
0.057
0.013
0.015
1.707
232.534
0.020
0.015
0.013
0.013
229.735
0.017
0.015
0.015
0.017
228.724
0.020
0.017
0.015
0.012
75.783
151.554
4.689
0.036
0.016
7.655
217.328
0.019
0.018
0.017
225.442
0.024
0.660
0.023
6.165
221.986
0.654
0.018
6.608
0.019
221.698
0.022
0.059
2.091
0.022
221.938
1.753
3.056
0.016
0.054
230.429
0.020
0.137
0.019
0.017
31.961
194.748
0.059
1.280
0.019
224.713
0.017
0.013
0.014
0.013
150.590
61.390
12.384
0.026
0.027
219.185
10.223
0.083
0.017
0.017
9.594
229.103
0.061
0.014
0.013
224.744
4.185
0.017
0.016
0.013
226.733
1.824
0.022
0.019
0.095
215.631
8.343
0.087
0.017
4.567
222.555
1.247
2.788
1.545
0.016
81.283
149.652
0.027
0.019
2.628
214.010
0.029
0.020
0.019
10.240
219.606
0.019
8.441
0.904
1.198
217.504
0.030
0.022
9.950
0.017
227.286
0.049
0.079
0.017
0.019
228.720
0.019
3.720
0.036
0.017
252.427
0.069
0.174
0.022
0.018
253.217
0.017
0.014
1.861
0.064
250.576
0.157
0.020
0.020
0.016
254.002
0.019
0.019
0.289
0.022
259.974
0.068
0.017
0.017
0.015
255.021
0.017
0.019
0.060
0.013
252.998
0.650
0.062
0.019
0.056
261.467
0.020
1.929
0.017
0.018
258.525
19.630
0.035
10.177
0.022
283.834
0.022
0.022
0.016
0.017
287.963
0.020
0.017
0.016
0.018
282.516
1.808
0.022
0.023
6.759
262.584
25.173
0.020
0.064
0.015
274.835
0.037
0.019
0.020
0.020
274.014
0.213
0.018
1.104
0.017
238.826
26.231
3.294
0.568
0.076
257.776
12.986
0.017
10.171
0.020
284.878
0.023
0.016
0.027
0.021
269.325
0.304
3.223
0.020
2.162
255.230
12.452
2.397
0.020
0.020
90.577
186.855
0.017
0.018
0.016
275.803
0.020
0.404
0.020
0.029
266.466
0.057
3.497
0.061
0.017
85.348
183.290
0.019
0.068
0.020
17.985
264.686
0.018
0.064
0.019
268.607
0.021
0.017
2.524
0.026
276.700
0.081
0.017
0.016
0.016
271.711
0.403
0.023
0.015
0.020
277.161
0.171
0.016
0.994
0.054
268.285
0.019
0.017
0.224
0.026
271.600
0.023
0.019
0.015
1.143
305.437
0.020
0.146
0.020
0.020
319.802
0.023
0.016
0.018
0.015
301.860
0.075
0.015
0.017
6.937
290.256
13.706
4.474
0.020
0.015
309.962
0.392
2.037
3.386
1.360
307.846
2.284
2.232
0.022
0.017
305.148
4.596
1.170
0.035
0.020
337.363
3.037
0.023
0.023
0.068
339.067
0.023
0.017
0.018
0.016
332.026
0.027
13.287
0.074
0.020
340.553
0.041
0.029
0.020
0.017
344.867
0.020
0.015
0.019
0.017
342.511
0.020
0.157
0.277
0.015
324.236
19.522
0.021
0.015
0.020
350.298
0.021
0.017
1.245
0.020
54.825
287.515
0.023
0.986
5.472
344.968
0.036
0.027
0.592
0.020
342.099
6.570
0.068
0.019
0.017
347.658
2.992
0.228
0.225
0.412
343.090
0.029
0.019
0.017
0.085
347.099
0.020
0.015
0.015
0.015
354.751
0.033
0.068
0.015
0.015
343.883
0.237
5.000
0.020
1.732
331.611
13.945
1.301
0.218
3.347
352.995
0.020
0.020
0.017
0.022
348.765
0.023
4.137
0.066
0.018
355.938
0.244
0.020
0.016
6.623
364.087
0.025
0.029
0.022
1.879
0.155
365.837
0.042
0.076
1.891
351.265
14.221
0.020
0.015
0.229
373.284
0.028
0.018
0.018
0.020
355.557
0.034
0.018
0.018
0.017
352.680
0.026
10.568
0.027
0.020
346.064
0.026
14.508
0.169
0.034
46.766
298.057
0.027
0.605
12.984
344.520
0.107
56.307
13.602
0.076
114.215
303.820
0.060
0.080
6.510
461.218
0.037
4.151
0.107
0.023
472.876
0.023
0.022
0.019
3.780
469.738
5.699
0.041
0.023
0.023
28.624
462.404
0.028
0.020
0.022
456.057
1.121
14.501
0.018
0.023
440.765
0.040
0.022
0.019
0.081
423.778
0.030
0.020
0.021
0.017
30.828
344.528
23.675
1.330
9.324
391.493
11.809
0.026
0.072
0.020
392.132
0.127
15.372
0.020
0.020
368.738
33.698
0.022
0.074
0.020
394.665
0.032
5.269
0.018
0.020
393.995
0.093
0.455
6.205
0.719
455.368
0.023
12.223
0.022
0.017
479.485
0.023
0.078
0.017
0.017
461.348
1.016
0.141
8.511
0.023
453.292
0.026
4.980
3.595
0.025
458.070
2.557
0.025
0.021
0.074
455.501
0.021
0.017
8.072
0.024
461.831
0.024
0.019
0.018
0.020
458.232
0.026
0.018
0.020
0.017
432.060
0.033
16.272
6.551
0.025
460.704
0.026
0.021
0.037
0.022
455.217
0.036
0.023
0.020
4.498
467.681
0.020
0.019
0.021
0.022
450.745
0.029
0.169
0.076
0.020
30.254
413.286
10.890
0.019
0.023
450.083
0.115
0.093
6.841
0.021
451.642
0.051
0.017
0.017
0.022
430.999
29.660
0.023
0.020
1.677
451.206
0.020
0.021
0.021
4.729
423.623
25.700
0.162
6.061
2.542
423.158
0.135
0.023
14.186
10.485
440.552
1.208
5.404
2.747
0.032
436.538
0.025
20.562
0.027
0.020
451.233
12.075
0.048
0.025
0.016
612.937
14.655
0.023
0.080
0.257
624.818
0.042
0.025
0.020
0.020
622.671
5.635
0.175
0.020
0.072
609.794
7.897
0.079
0.018
0.076
615.040
0.519
10.261
0.068
0.023
605.586
0.614
0.089
0.025
11.168
606.511
0.078
0.019
0.017
0.163
576.300
0.162
0.345
17.591
9.655
601.092
0.029
0.022
0.075
0.020
575.980
22.199
6.541
0.029
3.037
601.611
10.397
0.026
0.077
0.072
603.479
0.027
0.081
0.021
2.644
583.114
2.216
0.030
0.023
10.842
606.250
5.445
0.090
0.022
0.017
29.446
586.282
5.575
0.025
0.020
617.468
0.021
0.023
0.024
0.338
605.883
0.023
6.146
0.024
0.078
157.756
448.364
0.033
0.090
0.024
609.632
0.057
0.024
0.022
0.083
659.244
0.434
0.270
0.025
0.082
737.436
0.141
0.027
13.094
15.166
699.831
1.431
0.055
0.026
0.030
597.774
0.033
89.742
0.046
0.022
607.771
0.181
179.576
2.090
0.311
641.054
0.026
34.658
21.203
0.030
650.853
0.023
0.018
0.020
0.020
619.541
0.025
0.086
0.020
0.019
613.941
0.024
0.017
17.715
0.023
626.098
0.028
12.943
0.021
0.019
594.000
5.595
0.030
0.030
0.164
615.269
0.029
0.023
27.462
0.028
624.222
11.483
0.025
0.024
0.023
629.830
0.219
31.989
0.026
0.085
628.126
0.030
0.027
0.023
0.024
648.478
2.950
0.118
0.031
0.027
640.434
0.505
1.707
0.037
0.080
154.828
465.014
2.280
0.029
0.021
628.059
5.973
3.789
0.044
6.317
624.438
8.884
0.087
0.025
0.020
631.341
11.192
0.023
0.083
0.024
634.946
0.022
17.381
0.046
0.021
620.193
0.027
14.190
0.023
0.018
618.371
7.188
0.025
0.023
0.023
612.120
1.052
17.472
0.096
0.072
625.282
0.021
0.082
0.022
0.020
623.549
0.198
13.568
0.046
0.023
614.942
24.972
0.042
6.234
0.023
640.150
0.029
10.615
0.029
0.025
603.629
0.033
20.510
7.782
0.024
597.075
27.291
0.034
0.020
3.073
623.599
4.552
7.944
0.023
0.804
640.464
0.023
0.023
0.023
0.025
620.001
11.405
0.085
0.023
0.020
644.803
24.320
0.021
0.019
0.020
622.411
0.046
6.219
0.025
0.020
718.902
0.103
1.791
0.051
0.021
721.442
0.027
4.707
0.040
0.025
711.832
0.057
0.026
0.019
0.541
452.961
254.843
13.179
0.051
0.019
732.185
0.024
0.025
0.085
5.819
722.930
3.101
0.030
0.023
0.020
798.542
0.032
7.836
0.028
0.028
861.814
0.024
2.121
0.025
0.091
845.992
9.254
0.113
0.026
0.022
911.891
0.026
11.605
0.062
0.029
732.436
55.159
0.136
1.110
2.223
790.098
0.029
0.021
0.025
0.026
780.265
0.753
0.023
0.023
0.027
749.661
16.649
0.536
0.023
0.023
709.479
41.043
14.944
0.050
0.023
692.779
37.658
0.024
0.019
0.021
798.828
0.056
14.355
0.030
10.352
784.480
0.046
5.219
0.026
9.710
800.229
0.032
0.088
0.083
0.023
758.537
0.096
1.662
0.022
0.079
769.858
0.034
2.563
0.023
0.024
747.400
0.027
0.027
0.026
0.148
750.541
0.035
0.025
0.025
0.023
61.261
662.067
18.072
0.026
0.082
722.910
20.298
0.042
0.028
0.023
717.239
0.029
0.097
3.613
0.029
722.586
1.946
10.700
0.023
0.023
729.853
12.284
0.024
0.029
0.026
732.872
0.026
0.031
2.936
2.488
716.542
2.899
11.747
0.058
0.031
211.546
501.268
10.700
0.031
0.023
733.079
0.035
0.025
0.021
0.364
772.949
0.025
0.023
0.023
0.023
729.072
24.547
0.039
0.024
4.802
755.125
0.152
0.130
9.845
0.026
760.222
2.681
9.518
0.025
1.887
771.479
0.031
0.034
0.025
0.156
772.418
0.089
3.030
0.033
2.098
768.398
0.053
6.982
0.033
0.022
768.530
3.264
0.041
0.085
0.025
763.108
0.100
0.024
0.023
0.023
783.323
0.024
0.024
0.022
0.022
769.656
0.024
2.548
8.667
0.248
767.448
0.039
32.351
0.091
0.024
793.302
6.691
0.036
0.024
0.022
763.961
23.306
12.520
0.027
0.029
757.369
22.298
2.439
0.134
0.034
767.595
34.957
0.032
0.023
0.085
829.715
10.837
0.026
0.024
0.023
815.014
0.027
0.185
0.093
0.024
800.420
2.884
6.525
5.860
0.048
787.487
15.688
0.025
0.026
0.023
780.972
153.507
0.059
19.714
4.487
999.569
0.057
0.036
0.096
0.026
979.557
30.733
0.028
5.848
0.057
950.253
5.878
0.101
0.089
0.028
1079.409
0.033
0.032
0.024
0.023
914.554
0.039
0.033
0.044
0.104
853.444
26.869
0.043
0.027
0.090
885.906
0.036
3.936
0.057
2.144
826.043
0.203
0.092
0.028
0.026
838.285
0.122
0.024
0.027
0.024
799.228
2.027
17.505
0.038
0.023
789.831
0.030
1.164
14.079
0.044
813.321
23.482
0.057
0.033
0.023
892.144
0.032
0.026
0.091
0.021
923.580
0.027
0.030
0.024
0.281
932.218
0.039
0.027
0.023
0.025
898.272
0.034
0.300
13.990
0.024
909.394
0.044
0.026
15.540
0.230
957.058
0.034
0.026
0.022
0.023
923.808
0.032
2.477
0.091
0.027
934.327
4.448
0.028
0.029
0.025
908.209
20.744
0.034
0.023
0.026
928.751
0.031
0.028
0.027
9.503
912.452
20.503
0.026
0.099
0.026
919.053
18.631
4.098
0.031
0.033
873.373
0.359
37.515
0.042
0.043
898.273
1.509
4.229
0.039
0.099
226.481
639.355
34.538
14.118
0.056
899.045
0.026
16.464
0.034
3.548
913.292
0.048
0.038
0.024
0.032
894.958
15.434
2.511
9.609
0.070
944.371
0.481
4.846
0.178
0.049
114.723
782.753
0.208
0.026
0.082
892.769
0.028
18.811
0.034
0.027
912.183
120.269
0.066
33.187
0.072
1050.182
0.056
20.587
0.061
10.153
1183.092
0.040
3.664
0.030
0.023
273.637
845.281
0.036
0.541
24.004
984.642
30.299
0.034
0.026
0.048
977.916
68.256
0.136
0.030
0.023
1043.572
19.867
0.033
0.034
5.662
1190.815
0.030
0.027
0.031
0.158
1132.975
0.308
3.482
0.043
0.031
1028.751
6.938
0.028
7.111
0.121
1105.484
0.091
0.120
0.027
0.027
1035.799
9.838
15.849
0.039
0.026
971.526
72.467
0.028
0.027
0.026
1016.515
0.035
0.030
0.036
0.024
1012.648
0.062
2.643
6.507
0.052
1010.625
0.085
3.111
0.031
6.729
988.312
22.135
0.027
2.805
0.024
978.907
5.563
0.044
0.023
0.098
44.865
0.037
978.829
0.031
0.605
989.988
0.096
19.886
0.195
0.031
1002.653
0.038
0.025
0.024
0.023
979.232
16.268
0.033
0.032
0.026
1002.101
0.117
0.030
0.023
0.029
1000.383
0.169
0.035
0.098
0.023
973.096
23.423
0.037
0.033
0.023
991.454
0.030
4.701
0.031
0.027
1006.971
20.114
0.034
0.032
0.023
999.139
0.066
2.769
0.035
0.096
253.514
719.854
21.993
0.040
0.027
1577.714
0.046
0.116
0.032
0.030
975.865
4.567
0.025
0.162
0.023
969.246
16.422
0.030
0.024
0.174
984.093
0.119
0.030
0.029
0.031
967.713
30.669
0.038
0.344
0.045
986.499
0.032
0.033
0.054
0.031
975.334
0.051
0.037
1.562
0.033
1051.438
0.046
1.953
0.027
0.029
1319.354
1.135
0.034
32.772
0.032
1298.958
0.069
0.031
0.032
0.030
1241.513
0.137
121.445
0.041
0.740
1314.655
50.170
0.030
0.024
0.033
57.810
1172.757
0.057
0.044
0.030
77.521
1002.890
17.979
0.078
0.030
1110.662
5.032
0.623
13.478
0.061
1084.158
0.034
26.372
0.034
0.024
1392.488
0.088
1.449
0.031
21.618
1326.867
60.310
0.106
6.370
19.340
1389.732
0.042
0.034
0.032
20.135
1422.097
0.055
0.115
0.025
0.022
1330.698
0.052
60.654
0.033
0.029
1399.490
3.633
0.045
6.149
0.038
1353.658
13.892
0.040
0.033
0.025
1346.758
20.325
0.034
0.025
0.237
1366.892
1.012
0.161
0.030
0.109
1304.912
63.943
0.039
6.206
0.042
1375.932
0.120
0.024
0.188
0.034
1403.300
0.620
0.030
0.034
0.125
1368.255
0.033
0.105
0.024
0.029
1346.346
0.027
0.035
0.026
16.218
1340.859
0.033
1.820
1.140
0.049
1377.962
17.685
1.974
0.027
0.030
1359.368
2.035
0.053
0.027
0.030
1336.861
0.034
1.257
0.102
0.024
1537.587
0.196
0.033
0.028
8.118
1555.027
32.143
0.072
0.037
0.039
1635.526
0.057
3.681
0.031
0.026
1557.974
0.059
0.038
12.983
0.033
1497.013
0.030
0.033
0.032
0.030
1653.396
2.929
48.096
0.039
0.027
1516.251
118.968
44.069
0.087
0.033
1631.158
0.038
7.810
30.509
13.100
1539.398
0.039
0.030
0.033
1.494
1484.737
26.569
0.280
7.588
0.068
1590.315
0.040
1.291
0.035
0.037
1532.651
1.224
0.044
0.228
0.030
1540.172
2.354
0.044
6.472
5.251
1475.871
0.047
0.031
0.031
0.026
1397.585
72.915
0.040
0.030
0.117
1444.174
28.344
0.035
0.039
0.029
1635.222
8.946
10.767
0.054
0.033
1664.203
0.140
0.029
0.106
0.032
1593.480
47.018
0.244
12.191
0.044
1599.822
8.162
2.054
0.039
0.030
1626.107
0.041
0.042
3.817
0.031
1621.034
0.036
0.027
0.333
0.025
1595.792
0.089
8.045
1.825
0.046
1590.592
3.645
0.033
7.273
14.886
1607.851
0.116
0.030
0.028
0.158
1638.377
19.390
0.049
0.028
0.024
1627.739
4.916
16.360
0.045
0.656
1600.705
114.046
59.715
0.049
0.035
2055.792
56.332
0.048
0.034
0.030
1722.949
366.827
30.173
9.905
0.040
602.797
1489.643
0.053
0.042
0.032
1848.863
0.068
0.031
0.127
0.033
1747.474
0.034
25.895
0.045
3.107
1664.661
22.605
0.150
0.056
0.033
2193.249
0.232
0.040
0.029
65.686
1690.195
0.037
0.039
0.039
0.033
1640.475
0.116
0.031
0.032
21.132
1616.878
0.676
0.026
0.035
0.027
1624.146
0.034
0.031
0.044
0.034
849.158
776.063
21.443
0.063
6.842
1695.436
0.133
0.033
1.115
0.035
1612.306
24.458
0.032
0.134
0.427
1683.019
0.070
0.031
0.027
0.027
1658.630
0.047
0.031
23.728
0.146
1650.349
0.030
0.028
6.485
0.146
1659.475
0.070
1.436
0.077
23.348
1688.511
3.388
21.428
0.034
0.037
1746.539
0.031
5.044
0.030
0.035
1683.807
4.707
0.037
0.039
0.234
1646.464
0.309
7.866
0.037
0.121
1937.010
0.043
0.030
0.037
4.490
2038.854
0.085
0.035
0.157
33.166
1965.641
0.654
0.300
0.027
0.026
1851.261
0.047
37.868
0.046
0.053
2104.136
0.142
0.038
0.033
0.143
2023.937
0.033
0.027
10.339
21.322
2072.017
0.049
2.454
67.795
0.058
1908.270
43.735
0.049
0.038
0.037
1822.793
0.047
0.034
0.029
0.043
1713.167
0.152
0.031
0.030
3.580
1744.481
0.045
0.033
0.123
0.032
1777.477
0.041
0.124
13.154
0.077
1687.970
0.032
0.041
0.029
24.488
1668.496
0.051
2.446
0.033
15.161
1710.419
0.916
0.031
0.121
0.030
1724.144
0.074
0.141
0.029
0.028
1681.616
3.220
0.039
25.663
0.147
1712.094
37.206
0.136
0.028
0.040
1655.842
21.490
0.049
0.035
0.028
1664.364
35.147
0.070
0.048
0.127
1653.563
0.095
27.880
0.039
0.034
1686.504
0.064
0.035
0.038
0.035
1684.564
18.287
0.041
0.039
1.514
1702.868
0.053
0.031
0.036
1.797
2049.361
34.561
0.057
0.045
0.039
2312.388
0.050
0.044
0.064
1.044
2209.358
0.036
0.035
1.033
33.217
1974.886
0.091
16.505
0.415
0.029
2015.409
0.037
60.184
0.065
0.153
1853.385
0.164
23.404
0.042
0.032
196.924
1626.830
0.098
0.048
0.034
1718.749
56.851
0.051
0.042
0.033
1824.352
0.043
0.040
0.119
0.037
1749.403
20.209
0.092
0.042
0.130
1782.176
0.140
0.041
0.128
0.031
819.532
921.299
39.113
0.053
0.033
1824.569
22.930
0.050
0.044
0.037
1821.302
0.071
0.041
0.034
22.196
1799.595
0.315
53.547
17.258
7.434
1825.481
0.048
0.119
29.857
0.047
256.763
1585.606
0.072
0.945
0.128
1891.302
0.157
0.040
0.036
0.032
1864.714
2.564
0.040
0.032
0.127
201.275
1644.786
0.071
0.053
8.486
1947.557
113.860
5.567
0.121
141.044
167.414
2044.535
0.099
0.040
0.041
1928.980
1.472
0.039
54.735
0.055
2292.783
13.458
0.124
0.446
0.039
2389.524
50.114
0.098
14.254
0.038
2073.248
0.076
46.679
0.052
0.037
2421.882
0.187
0.177
0.045
64.394
1988.951
5.014
0.040
31.118
0.053
2018.192
19.036
33.327
0.049
0.041
1950.476
58.808
50.216
0.067
0.138
1969.655
0.074
0.036
11.742
0.046
1962.701
0.045
0.036
0.314
0.162
1936.001
16.432
11.662
0.162
0.052
1941.215
0.199
0.046
0.040
0.039
1904.752
0.043
0.038
0.037
0.033
1952.133
35.903
0.042
0.046
0.035
1952.713
0.066
0.048
6.434
0.056
1920.513
0.073
0.049
0.132
0.031
1901.680
0.665
23.212
0.045
12.807
1929.701
5.154
106.195
0.057
0.051
2259.636
46.908
0.046
0.029
0.065
2466.920
43.077
41.709
0.274
0.047
2429.441
0.056
37.561
0.041
0.045
2476.941
79.409
0.069
0.043
0.150
2343.155
0.070
3.192
0.041
0.039
2119.060
83.265
0.054
15.580
0.133
2067.022
5.632
0.046
46.605
0.199
2084.613
0.163
0.036
0.035
0.049
1981.422
33.109
0.046
0.043
0.031
1961.768
10.477
26.359
0.147
0.033
1985.022
0.063
0.048
0.036
0.040
1991.379
31.614
0.183
0.046
0.038
118.404
1924.859
0.045
0.251
19.398
1970.432
35.145
0.079
0.038
0.033
1998.852
1.197
0.056
33.746
0.045
0.048
2066.490
0.068
6.188
0.044
2000.313
27.854
0.037
0.032
0.035
2074.937
0.053
0.040
3.692
6.950
2019.923
46.829
0.072
21.257
0.052
2134.661
0.085
46.931
0.047
0.045
2690.232
0.042
0.088
0.041
0.143
146.125
2396.276
0.068
0.038
0.533
2342.339
20.920
0.163
0.034
7.378
2590.235
0.046
0.034
0.224
1.425
2503.490
0.174
0.042
0.041
0.037
156.177
0.155
111.499
2103.542
0.076
2247.777
7.130
55.967
0.054
0.270
2113.491
52.091
0.110
0.060
0.034
2059.910
1.421
0.045
39.073
0.126
2105.985
0.056
0.035
0.154
0.517
2029.529
0.188
50.461
0.041
0.034
657.812
1439.047
0.057
0.036
0.032
2027.363
0.054
0.049
0.037
1.137
2043.733
0.053
0.034
0.038
0.033
2027.728
0.060
0.043
2.264
0.140
2094.410
0.203
2.334
0.154
0.043
2027.517
0.040
0.034
0.147
5.834
2051.297
19.266
28.642
0.075
0.171
212.279
1812.286
0.055
0.238
0.049
2276.809
0.151
0.045
0.043
0.049
2741.877
0.178
0.036
7.613
0.077
2736.607
47.621
0.201
0.068
2.584
2790.369
0.065
0.254
0.065
0.046
2573.945
0.084
70.790
9.919
0.113
2350.969
4.460
0.055
0.038
0.030
794.297
0.262
1418.341
110.967
19.763
2159.367
16.031
0.252
0.069
0.043
2146.491
1.031
0.044
0.037
57.827
2131.846
2.055
1.444
0.156
2.957
2117.740
0.149
0.863
0.040
18.515
2068.974
0.046
0.034
0.034
0.032
2104.332
0.209
10.267
0.071
0.042
2036.048
63.561
0.143
0.518
24.457
2103.892
0.052
0.249
0.737
0.045
2090.224
0.076
0.155
0.045
13.737
2052.520
0.063
0.046
0.035
33.970
2116.521
0.227
0.170
0.048
0.046
1494.988
785.562
0.056
0.049
9.187
3296.217
0.044
115.356
0.068
0.062
2584.947
1.252
6.708
105.600
0.049
1664.727
933.190
0.042
0.057
0.172
2614.324
6.900
64.944
0.052
0.045
2377.511
0.314
0.228
0.049
0.046
2286.928
4.733
82.332
0.075
0.041
2315.518
65.812
0.045
0.057
0.051
2278.395
0.047
7.696
93.314
0.061
2413.931
0.052
0.497
0.065
7.667
2322.338
69.005
0.071
0.057
0.040
2268.097
0.063
39.557
0.050
0.040
2290.310
33.185
0.057
0.176
0.052
2253.845
0.881
0.044
0.048
0.316
2394.048
0.303
83.088
0.051
0.052
2207.979
39.896
0.196
0.042
3.864
2249.746
0.462
15.091
0.098
36.499
2225.807
2.840
2.245
12.655
0.116
2913.346
95.893
0.088
0.053
0.045
3201.535
53.772
121.148
13.567
21.994
3115.844
10.664
17.297
0.061
0.323
2660.151
0.117
79.518
0.067
0.424
2618.939
21.368
0.075
0.088
0.055
2439.726
0.066
2.086
0.048
0.159
2604.566
0.074
33.481
3.632
0.047
2613.866
58.086
0.210
0.088
0.046
2571.384
0.170
75.839
0.065
0.049
2521.206
0.083
3.923
0.052
0.046
2556.944
46.785
0.064
0.184
0.046
2565.638
0.239
9.521
0.058
0.072
2488.993
0.416
4.980
0.058
24.132
2459.547
0.106
41.210
0.155
0.062
2556.670
0.234
0.063
0.049
0.057
2527.810
0.071
0.048
0.045
0.043
2621.867
69.696
0.052
0.045
0.272
3050.431
398.815
0.051
0.059
0.474
2962.379
0.178
34.271
0.052
0.059
2841.026
349.023
0.156
0.037
0.033
3020.655
100.195
0.110
0.045
0.051
2767.955
18.454
0.053
67.099
0.066
2723.538
0.271
1.996
0.077
0.171
2768.105
0.175
0.049
0.042
58.984
2692.293
4.122
0.314
1.626
0.216
2736.542
1.808
52.170
0.051
0.040
2707.722
0.050
0.045
0.041
6.623
1911.781
775.162
0.303
0.046
0.038
583.008
2086.770
0.056
0.177
0.048
2603.013
0.054
0.162
0.036
0.044
2622.193
48.259
0.086
5.331
1.986
2841.582
0.066
0.044
0.046
0.043
3508.906
107.758
103.556
0.088
0.046
3803.363
10.884
109.248
0.324
0.057
3404.676
0.047
58.315
0.100
0.050
3006.852
0.380
7.201
0.062
0.171
2781.242
0.081
0.049
67.222
17.795
2804.004
0.185
0.214
61.846
0.226
2824.908
0.128
0.061
0.408
0.046
2709.621
2.220
87.603
0.214
0.056
2792.348
0.067
0.065
35.018
0.063
2797.674
0.051
0.056
0.049
0.045
2750.873
63.466
0.070
0.058
0.044
2725.850
17.485
21.389
0.076
35.426
2821.881
0.050
0.048
0.045
0.050
2743.521
0.137
34.863
0.056
0.052
3717.130
0.144
13.720
0.261
0.066
3154.721
114.630
27.475
0.107
0.053
3280.113
16.399
0.085
0.046
0.041
3368.723
63.154
0.337
0.069
55.291
3052.437
0.044
0.038
0.051
0.168
3005.397
0.059
0.041
0.039
1.056
2868.007
79.672
21.445
0.273
0.055
2884.731
0.065
0.324
0.061
0.046
195.246
2627.619
62.686
47.907
0.066
2947.949
0.089
0.208
0.054
0.043
2878.436
0.203
0.058
0.054
0.048
2812.174
48.831
0.073
0.067
3.144
2828.824
6.604
3.559
0.100
0.056
2767.724
0.057
47.416
9.434
0.239
3041.067
33.364
71.755
105.406
0.073
3574.928
0.100
0.082
0.058
6.695
3679.174
0.072
0.257
0.047
13.654
3146.809
0.235
29.692
0.181
0.161
372.324
2637.594
0.048
1.524
81.652
2887.141
142.707
0.075
0.057
0.055
2894.249
0.056
0.046
77.928
0.248
2816.233
18.886
50.257
0.235
2.682
2844.029
0.299
0.053
0.048
45.685
2862.809
0.115
3.621
0.236
0.056
2792.106
60.079
0.046
15.478
0.136
3098.426
0.117
0.063
0.049
0.209
3055.284
5.282
0.046
103.719
0.325
3036.850
24.148
40.162
84.634
0.179
3702.203
0.156
0.061
0.207
11.314
3814.754
9.766
0.064
0.201
121.041
4174.533
21.064
0.366
201.627
0.060
3952.617
78.438
0.072
0.050
0.042
3628.016
0.151
0.071
0.058
0.053
3573.257
99.379
0.081
0.203
25.077
3584.894
0.120
0.055
48.610
0.174
1886.957
1613.552
0.312
0.046
0.049
3447.761
7.749
14.141
22.573
0.080
3431.207
3.834
0.056
0.045
0.276
3320.043
0.055
57.392
0.309
21.530
3366.498
0.243
9.490
0.056
27.492
3312.762
0.070
0.061
0.050
0.173
4186.674
104.115
0.055
0.053
41.454
4546.548
112.544
0.053
0.062
0.059
3748.332
0.319
7.514
0.052
18.705
3633.526
35.122
0.065
0.056
0.051
3540.579
0.051
0.047
0.268
18.219
3514.160
0.068
0.042
0.048
62.552
3580.651
0.256
0.192
48.863
0.062
3400.125
14.388
3.980
0.444
0.045
3460.190
0.057
0.059
0.043
0.043
3364.769
0.071
0.049
0.054
0.051
3481.196
8.121
0.059
0.073
0.055
3371.303
54.589
0.074
0.199
0.053
3304.835
0.046
0.054
0.051
0.818
4686.127
65.916
23.281
0.066
0.053
4080.197
0.045
88.510
0.091
0.093
4203.659
5.477
20.551
0.063
0.049
3902.354
0.069
1.626
0.066
76.384
3620.130
0.076
3.383
83.050
0.174
3639.186
0.102
0.286
0.257
0.057
3501.548
7.971
0.733
0.198
0.452
3396.536
18.740
68.624
0.272
0.063
3490.600
0.060
0.197
0.288
0.067
3391.897
6.747
0.060
47.123
0.058
3720.501
15.542
0.085
0.070
0.056
3698.540
4.007
0.054
5.074
0.052
3920.926
1.703
0.077
0.055
0.050
4670.696
18.309
140.839
1.692
0.916
7056.577
1.069
220.386
0.135
0.066
3997.397
0.071
0.047
0.211
0.049
3832.167
0.062
139.139
0.071
0.076
3940.367
0.232
0.107
0.075
0.049
3873.076
0.082
1.800
0.070
0.195
765.961
2938.351
95.949
0.097
0.063
3705.534
0.115
134.253
0.071
0.068
2708.312
1136.953
16.448
0.161
0.101
3687.819
0.335
0.218
0.054
0.055
3706.712
0.279
0.059
0.055
0.216
3685.234
0.065
0.066
0.049
0.241
5628.297
35.183
0.055
0.063
0.143
1713.294
2941.442
27.250
0.060
0.070
4211.236
0.196
1.437
0.059
0.056
4060.000
0.326
0.106
0.085
2.927
323.363
3524.337
6.813
22.615
0.412
3868.157
0.169
0.065
101.555
0.138
3866.738
0.088
0.731
0.216
0.056
3857.110
1.046
0.063
63.541
0.091
3799.910
0.398
0.059
3.577
0.076
3697.719
88.960
0.092
0.075
0.263
3806.485
0.329
0.278
63.230
0.087
3999.620
0.318
0.067
0.064
0.079
4487.395
0.073
33.796
0.302
0.110
4947.076
287.578
0.087
0.059
0.055
4103.383
142.410
0.083
0.310
101.519
4036.570
107.700
0.116
0.103
0.063
4111.491
0.068
0.048
0.057
0.062
4205.246
0.253
0.098
0.315
0.076
4641.917
177.381
0.415
0.053
0.063
4631.703
69.426
0.235
34.355
0.561
4630.820
0.316
0.112
0.102
0.068
513.673
4313.370
0.071
26.255
0.341
4499.312
274.575
0.108
0.059
0.053
5634.341
0.060
0.055
0.051
0.065
5261.155
0.068
0.046
219.453
17.980
5493.137
7.132
0.060
0.063
22.640
4972.208
116.202
0.092
0.081
0.065
4792.790
0.091
171.735
0.071
0.067
4741.500
0.077
3.421
0.055
0.044
4658.839
0.182
0.085
0.092
0.063
4630.883
59.963
8.935
0.212
0.083
4834.547
0.394
0.470
75.073
0.084
4761.104
176.000
0.147
0.062
0.049
5431.744
0.071
144.854
0.118
0.068
5985.066
22.999
0.184
16.567
0.073
6314.901
0.120
0.059
0.067
0.055
5364.783
116.830
0.070
139.592
0.120
4981.495
0.067
0.417
0.075
0.610
4968.668
53.833
0.429
0.067
7.858
4931.871
0.106
0.061
0.062
0.057
4792.601
102.415
0.071
0.077
0.066
4780.980
149.352
0.075
0.073
0.053
4845.997
0.088
0.230
0.061
0.047
5609.581
251.867
0.071
0.059
2.026
5558.939
600.426
0.137
0.060
0.067
5767.638
0.243
0.273
0.063
0.228
5629.999
0.162
0.076
0.220
0.059
5024.960
2.438
0.063
206.835
0.099
4901.559
32.906
0.094
0.222
141.790
4896.009
0.356
0.300
0.063
0.234
4888.473
56.690
0.118
0.503
0.055
4829.739
0.087
0.055
0.063
0.051
5040.548
1.732
148.965
0.285
0.100
6621.909
23.070
0.423
39.063
0.370
5585.672
0.275
0.511
5.515
0.074
5352.636
143.596
0.087
2.599
0.073
5005.651
0.121
0.227
2.875
0.089
5014.369
0.115
189.932
0.120
0.059
5005.655
154.167
0.078
0.073
19.476
4872.835
0.089
0.061
152.359
0.542
4781.027
104.613
0.084
0.060
0.250
462.878
4732.586
0.167
30.163
0.463
6229.686
0.359
0.345
0.076
0.056
6404.534
0.258
0.057
5.487
68.288
6262.272
485.536
0.094
0.067
0.059
5630.690
0.319
0.083
0.055
0.055
5366.161
0.074
1.993
0.065
0.842
5361.256
0.083
0.080
195.164
27.577
5464.894
0.091
8.991
0.190
0.067
5265.863
0.059
0.212
194.021
0.370
5244.240
0.070
197.942
0.091
0.075
5216.146
10.695
159.390
29.685
0.076
7402.580
0.309
94.225
0.083
257.179
2465.779
4328.766
0.166
0.106
41.340
5671.443
3.676
135.073
0.255
0.065
5585.169
0.080
69.832
0.323
0.074
5378.236
0.219
0.095
133.655
0.069
5510.693
0.062
0.236
0.055
0.262
1066.822
4434.646
0.079
43.984
0.172
5254.214
0.214
28.983
0.159
0.108
5514.764
0.110
0.071
0.452
0.084
6168.238
275.230
0.094
0.059
0.080
5964.816
954.784
0.361
0.077
0.091
1626.571
4977.695
24.563
0.648
0.099
5675.755
0.243
0.083
0.061
216.671
5468.616
0.079
0.239
0.057
0.417
5143.322
0.101
12.181
0.067
0.060
5410.608
0.100
0.085
0.059
0.055
5032.242
74.234
0.083
0.069
0.071
4988.794
219.365
0.270
0.105
0.074
7459.357
0.220
118.955
0.204
501.881
6366.718
175.150
22.318
0.085
62.034
5649.040
0.077
139.551
0.297
0.065
5373.265
0.287
243.830
33.324
0.263
5111.880
102.682
0.111
0.542
0.067
5337.111
0.252
0.329
0.079
0.075
5291.485
0.107
0.092
0.059
23.043
5154.783
192.626
0.172
0.104
0.082
6047.110
0.400
131.507
0.075
0.075
6266.513
2.868
7.825
0.063
0.051
7154.901
196.990
0.103
0.081
100.507
6115.927
2.110
0.088
3.814
3.329
5867.942
0.157
95.915
0.092
0.065
5549.484
403.256
0.421
0.093
0.081
5548.863
0.077
227.921
0.112
35.068
5684.335
0.280
0.067
0.134
0.077
5310.820
0.063
0.227
0.159
0.063
620.179
4755.049
11.749
0.248
0.067
8135.021
0.264
0.076
0.379
0.079
6549.609
0.815
361.618
0.143
0.079
5917.264
8.364
389.420
0.130
0.083
5442.811
0.094
5.250
5.307
230.423
5501.804
0.067
0.060
166.831
0.073
5349.418
0.120
0.092
0.063
0.079
5256.798
98.085
0.095
0.090
118.534
5305.496
0.122
0.261
0.247
0.067
5196.808
87.655
0.344
0.408
0.071
5136.018
0.106
0.257
305.343
0.102
7624.903
0.085
0.060
0.064
0.072
6303.451
0.754
0.081
189.105
0.079
5993.115
0.091
0.799
0.081
0.239
5636.623
2.256
0.096
0.253
0.242
5449.374
9.191
0.065
0.074
61.154
5290.503
0.104
0.065
0.239
0.075
5421.993
14.960
0.098
0.081
0.059
5580.986
0.372
0.101
0.076
0.092
6960.081
387.265
0.889
0.100
567.382
6056.742
0.370
104.840
0.321
0.082
5643.595
0.886
225.010
0.096
0.062
5768.327
0.335
0.100
0.067
0.057
5264.140
0.308
14.131
0.488
0.287
5213.364
0.286
25.160
0.466
83.713
5294.447
5.890
0.061
0.229
0.059
5200.105
73.248
0.578
0.094
0.071
1215.994
1879.311
2335.885
0.167
0.075
5709.952
0.458
5.723
0.296
0.067
7351.904
31.153
19.493
445.183
0.150
6071.162
0.290
0.060
0.064
0.060
2479.615
3147.188
0.946
0.173
0.108
5409.961
0.087
0.261
0.392
0.075
5268.120
0.903
0.101
194.167
0.415
5273.688
5.110
2.464
0.102
27.050
5246.916
8.574
59.494
0.294
0.118
5165.564
0.205
0.069
0.063
0.055
7038.314
0.122
0.075
0.102
0.079
6057.793
0.213
0.103
0.072
0.059
6405.752
0.092
5.804
2.263
27.100
6363.679
6.584
0.097
5.209
152.617
6354.360
0.106
120.487
152.360
0.092
6342.608
0.134
118.923
0.331
0.378
6105.064
38.039
0.094
13.604
0.089
6217.860
26.264
0.161
285.007
0.141
6102.465
0.077
62.408
0.182
0.075
6735.035
0.465
0.069
3.176
0.085
8046.163
0.258
163.292
0.116
0.069
6978.265
317.921
41.081
0.167
0.069
6589.783
23.577
14.794
58.239
0.094
6359.381
0.096
1.610
113.894
0.091
6370.951
0.090
171.807
0.079
0.091
6226.909
0.284
19.102
0.079
0.071
6196.589
0.076
0.071
0.067
0.055
6999.903
334.743
0.102
0.086
0.063
7717.604
196.917
0.077
0.065
0.059
7157.100
3.349
0.069
5.612
168.164
6873.043
0.110
19.281
0.202
0.091
6847.245
0.468
0.102
0.339
0.069
6366.233
0.087
205.591
11.617
0.263
6321.404
313.517
0.141
0.098
0.079
6334.315
0.400
176.833
0.644
0.089
6230.056
0.083
0.072
41.783
13.520
6812.768
0.636
0.308
0.068
1.147
8383.684
0.071
0.172
139.880
0.306
7146.385
0.378
0.073
0.070
30.022
6674.388
7.381
57.405
20.761
1.961
6313.890
0.129
225.146
0.090
0.069
6354.160
4.886
4.439
0.091
0.080
6427.093
122.036
16.400
0.177
10.456
6316.527
0.094
0.087
0.074
0.066
6637.708
92.809
5.925
648.681
0.101
7711.363
0.087
0.073
0.639
4.141
6983.887
0.414
11.951
0.078
0.078
6446.000
0.075
0.063
78.018
0.194
6649.056
17.761
0.187
0.098
21.087
6495.346
324.706
0.106
0.092
0.072
6406.895
53.376
0.112
0.315
0.088
6521.160
100.043
0.169
0.072
0.075
6826.880
0.074
44.348
9.733
0.091
6912.111
1.622
0.134
0.092
0.069
9230.872
0.514
0.083
0.085
0.063
7200.770
0.071
0.067
108.671
0.248
6994.964
378.482
0.100
0.079
0.120
6707.381
2.055
19.335
59.507
0.106
6621.320
0.185
0.082
0.075
0.064
6448.335
7.957
0.067
93.290
0.337
6658.113
2.630
8.430
0.091
1.141
8019.605
152.784
0.145
0.077
0.112
7355.840
0.110
0.083
3.791
29.110
7352.179
5.669
141.989
0.121
0.094
4665.208
2309.933
3.973
0.273
278.587
6751.929
0.085
0.079
0.081
0.058
6634.591
47.932
49.029
0.116
0.093
6781.785
198.672
26.594
0.223
0.095
6659.122
0.071
0.314
215.187
120.101
7092.444
94.803
0.710
1.229
0.084
9133.299
0.491
0.325
0.294
0.080
7964.128
339.383
0.160
0.090
0.089
7669.746
5.645
6.182
32.652
0.157
7559.725
170.756
0.305
0.087
0.064
7592.816
0.227
108.742
0.087
0.079
2692.851
4711.882
67.306
187.927
0.116
7739.019
0.133
0.087
0.473
0.079
9363.714
0.365
0.177
0.065
0.071
8120.864
7.218
125.271
4.062
0.086
7759.150
0.279
153.629
0.067
0.059
7437.106
9.717
0.059
27.009
0.118
7547.949
0.376
3.572
0.079
0.419
7444.689
81.042
38.421
0.312
0.076
7336.051
0.121
7.324
0.091
0.073
7301.790
0.873
0.238
0.080
51.767
8476.145
94.957
67.887
0.797
0.095
9205.987
0.088
0.066
0.071
0.319
7848.686
3.587
0.082
10.890
0.084
7698.380
69.718
0.237
0.370
0.302
8222.429
0.220
602.090
0.154
0.071
4958.981
3572.079
0.419
175.166
0.466
8080.824
0.492
482.857
0.305
0.099
10441.671
24.197
354.531
0.133
0.091
9112.514
0.129
0.079
321.296
0.344
8380.816
29.885
327.994
0.779
0.360
8474.776
307.838
0.354
3.217
0.339
8632.909
0.136
0.094
0.295
0.079
8238.966
9.609
0.291
270.252
0.104
8086.784
0.211
423.433
0.131
0.087
8753.841
3.158
6.834
0.173
0.089
10855.130
0.091
0.090
0.086
0.303
8999.513
4.477
37.761
0.231
19.499
8826.654
0.361
339.243
0.341
2.049
8545.107
0.309
446.633
0.094
0.078
8679.494
0.344
0.078
194.996
33.487
9016.368
0.131
0.089
0.080
0.306
9820.936
0.104
314.305
0.182
0.114
9111.759
5.774
362.830
0.345
0.314
9007.194
0.436
0.115
0.096
0.101
8573.120
0.386
0.134
0.083
0.089
8630.402
162.642
0.134
0.091
0.095
8498.095
0.189
0.098
0.378
0.098
8267.097
292.563
0.094
0.071
0.067
9421.698
0.101
362.044
0.114
0.291
10032.536
0.079
0.083
36.733
0.145
8860.116
0.165
498.368
0.369
0.099
8946.516
0.328
47.709
0.212
0.110
592.381
7787.718
420.399
0.381
0.076
8230.450
0.094
0.075
0.083
2.057
8230.545
73.107
0.458
120.730
0.110
9877.662
320.542
0.204
0.384
0.079
9585.556
0.102
0.072
15.308
53.425
9340.882
0.148
0.078
0.380
0.079
8568.484
340.490
0.134
0.079
0.308
8417.385
0.091
14.718
0.094
16.824
21.699
8704.452
0.094
1.796
490.611
8682.740
6.179
0.083
0.286
0.120
9401.299
0.134
0.071
387.457
0.399
10062.958
0.098
0.290
0.098
0.489
9572.665
0.118
0.083
0.082
0.104
8895.424
124.866
346.141
0.110
0.091
8870.524
0.440
0.455
0.102
0.075
8782.816
0.129
16.109
279.364
0.110
8888.495
25.511
16.766
0.174
0.075
9751.738
649.485
0.206
0.098
0.075
10914.565
0.294
407.311
0.384
249.526
9625.799
0.099
701.028
0.198
0.120
9279.755
217.088
0.518
0.084
10.652
9164.494
0.490
210.271
0.144
0.080
8825.085
0.329
0.404
0.092
44.558
8808.383
319.492
0.364
0.083
0.341
11731.167
0.137
0.091
0.070
0.067
9915.106
0.392
9.494
9.824
0.079
9141.387
548.450
0.394
0.160
0.389
8887.668
0.109
531.446
81.979
0.154
8862.580
0.101
280.826
0.110
0.097
9547.770
29.561
0.135
293.907
0.143
10156.841
0.362
0.095
539.828
0.449
12426.673
24.359
102.328
134.370
0.392
12047.378
0.423
0.495
0.091
226.613
10690.259
0.676
0.108
0.091
17.902
10701.955
253.546
0.084
0.395
16.967
10132.437
347.135
0.188
0.106
0.079
10287.245
0.947
0.325
0.303
282.536
11610.444
0.167
143.119
0.106
0.093
12401.718
0.126
375.945
0.402
0.497
10732.778
0.098
0.090
49.377
0.489
10218.666
524.800
0.122
0.288
0.106
10976.909
0.443
0.423
85.245
0.132
1133.010
8881.444
311.131
33.910
172.590
10215.917
0.338
0.138
0.084
0.307
11194.172
0.119
383.568
0.119
0.102
12504.948
0.343
1.239
0.096
0.302
11307.411
0.096
0.096
1.533
0.135
10223.845
651.146
0.431
0.149
0.097
10174.540
378.692
0.642
0.102
0.098
9948.046
1.846
515.129
0.116
0.077
10419.105
0.469
0.122
0.082
0.072
12477.356
0.085
0.075
0.321
2.861
11815.017
0.153
0.111
100.849
20.004
10424.427
413.745
0.105
0.116
0.113
10295.062
30.016
0.196
0.162
0.088
10067.357
46.202
0.138
569.780
0.309
10097.309
0.104
0.077
0.102
0.079
11926.133
0.159
54.331
0.149
0.081
5934.770
8191.002
0.122
0.128
0.442
10996.796
14.733
0.112
0.087
0.087
10646.957
0.130
0.219
0.118
0.087
10035.328
299.256
0.092
313.327
0.185
9902.036
4.817
0.278
0.096
316.494
10238.029
397.926
43.671
0.361
0.094
1502.863
12047.152
0.136
0.084
0.328
11353.207
481.146
0.530
0.118
0.087
10870.137
0.081
0.255
357.340
0.227
11067.660
0.123
0.082
0.341
301.074
11337.315
0.210
37.424
0.175
0.090
10352.881
656.366
0.401
69.068
0.221
12120.176
34.143
0.321
27.037
0.094
13131.672
4.948
0.085
0.094
892.926
11809.377
0.263
414.214
0.114
0.084
2337.212
9278.177
0.084
0.091
396.693
12104.155
0.492
0.106
0.082
0.080
11638.436
0.134
0.106
0.098
0.089
15999.318
510.961
0.089
0.662
0.087
14030.048
0.463
0.092
0.344
0.195
12502.480
0.111
7.784
0.128
0.721
12216.414
0.080
0.091
0.087
0.072
12407.399
17.590
0.099
0.089
3.908
11985.077
0.123
1.895
452.572
0.177
14987.647
0.333
0.177
0.083
34.453
14059.243
0.150
0.098
0.514
0.105
12525.686
0.097
382.349
0.783
2.759
12148.255
24.019
388.217
0.102
0.091
11886.028
0.103
0.089
0.325
421.663
12543.247
0.353
0.463
0.365
0.088
16648.328
0.143
0.098
0.169
0.099
13394.724
0.394
0.122
3.282
0.123
12584.316
2.924
0.482
0.940
0.321
12171.052
802.557
0.119
0.126
0.093
12026.101
0.228
0.121
0.108
28.798
12405.542
0.118
0.352
0.243
325.155
16108.037
0.828
0.095
0.113
0.110
13169.205
0.571
0.085
20.297
33.426
12651.974
496.107
0.427
0.094
400.232
12153.168
10.172
0.109
0.105
0.325
12058.168
446.645
0.125
0.096
0.322
12472.321
0.121
83.630
0.156
0.089
13862.207
0.268
0.152
0.107
0.102
12700.449
0.124
0.114
15.698
0.110
12300.380
0.357
0.146
700.853
0.605
12021.530
4.203
387.010
0.130
0.105
11928.002
1.024
0.196
0.125
14.662
12321.140
0.111
0.102
0.497
0.098
15473.039
0.490
0.447
0.104
0.360
13355.096
0.158
563.221
0.120
0.114
12619.805
796.490
45.584
0.335
0.145
12648.178
0.130
0.088
351.858
0.492
12552.081
0.153
0.113
15.101
0.642
14313.827
66.716
0.627
0.171
453.586
13507.558
936.921
26.516
0.412
0.110
12528.236
0.098
459.796
0.131
0.110
12262.683
7.611
0.135
565.611
74.544
12900.292
250.294
0.150
0.098
25.778
13161.160
0.128
0.107
0.090
0.182
15610.147
0.381
0.086
15.090
493.485
14923.502
0.507
0.143
0.092
0.430
13180.631
431.147
0.228
0.478
0.124
12844.805
4.077
0.814
427.682
0.364
12569.608
622.053
0.131
0.526
0.107
14963.941
102.562
0.367
0.082
911.698
14050.177
0.117
0.084
0.097
677.330
12963.440
0.091
3.019
7.870
0.105
13340.877
735.113
0.165
0.141
0.098
13101.967
409.293
0.100
0.115
0.244
12772.399
431.779
0.438
0.101
0.101
14132.587
1057.651
0.155
0.132
0.085
14549.588
12.841
0.117
0.102
0.077
13583.421
0.117
13.305
0.101
0.351
13486.066
38.169
0.201
0.112
403.606
13757.058
0.238
0.453
12.196
0.125
13869.057
0.123
0.144
0.101
448.726
14534.344
75.239
13.196
10.833
1.474
13625.576
889.601
0.481
0.150
0.093
13843.341
0.165
253.606
0.174
15.383
13591.516
0.126
0.114
0.114
0.101
13364.677
0.203
0.222
0.127
0.434
14829.394
0.128
0.101
0.082
0.348
14612.023
508.544
0.125
373.868
0.181
13790.769
0.507
0.133
459.341
0.115
13909.393
0.130
0.639
0.104
0.357
13872.125
0.174
0.094
0.102
15.514
15767.011
0.094
0.099
338.731
0.250
15725.962
473.647
0.198
0.117
0.137
13675.085
2.220
34.367
0.709
0.387
13964.254
0.165
0.120
0.103
0.085
14183.382
0.523
0.142
0.474
0.102
13964.840
0.162
0.122
0.531
0.379
17160.626
0.522
691.889
0.134
0.357
14950.071
0.392
48.593
0.227
0.096
14278.603
48.037
938.751
0.512
0.171
13775.065
11.149
0.107
0.091
749.355
13519.510
85.494
0.492
0.561
379.136
16660.910
1.327
2.106
0.107
1.688
14942.273
0.112
0.105
0.384
0.090
14097.882
452.305
1.023
0.130
0.099
13857.805
0.147
0.117
0.090
13.231
13982.489
0.308
0.120
0.118
0.099
16484.213
119.738
0.386
471.400
0.468
16282.866
0.158
0.106
0.251
0.088
14650.520
20.694
38.987
0.091
0.353
14200.983
453.440
15.477
0.212
0.149
13969.176
0.240
0.161
14.105
0.176
14721.228
1095.992
399.223
165.717
0.443
15996.862
0.110
0.113
0.297
0.127
14548.969
508.601
0.134
0.098
0.110
14643.607
0.129
0.112
0.101
0.088
13899.903
0.179
0.102
0.118
8.507
13751.799
7.881
0.099
407.979
0.372
15987.827
555.600
0.421
2.742
0.147
15498.088
0.193
479.832
0.627
0.415
14652.666
543.449
0.454
2.705
0.142
14232.593
0.433
0.365
0.492
0.367
14895.145
0.125
0.103
0.090
0.107
17078.892
0.281
0.169
0.779
76.939
15875.173
5.779
0.110
0.113
0.288
14520.499
15.225
0.132
1003.522
19.509
15377.589
0.402
0.109
0.569
0.126
13917.097
0.360
406.587
0.123
0.093
17745.242
0.137
0.104
0.440
0.382
15683.771
0.126
0.399
0.094
524.705
15452.201
0.421
15.301
0.169
0.439
14193.420
0.505
414.260
0.116
3.768
14023.984
0.940
4.094
0.134
416.778
15216.860
901.835
0.446
0.177
0.176
16713.814
0.115
0.093
291.138
0.114
14749.238
0.125
0.456
0.116
31.951
14797.317
0.152
0.123
0.097
364.409
14644.347
0.199
0.134
0.554
0.128
18190.745
554.674
0.144
0.101
432.945
16099.423
0.547
0.124
0.100
0.082
11858.415
3099.496
27.054
0.165
0.187
14700.717
0.118
0.373
0.203
448.672
14292.639
0.220
319.697
1056.661
0.384
18108.572
0.128
973.590
0.181
0.173
16530.919
1.992
10.643
0.101
0.093
15605.361
19.629
866.920
0.152
0.134
15945.879
0.118
0.090
9.975
0.347
14834.711
744.834
0.212
0.154
0.112
17655.599
0.136
0.097
0.099
476.559
16954.209
0.162
22.711
0.403
0.131
15523.754
1.950
0.115
1.047
0.144
15084.975
0.224
450.800
0.432
0.104
15746.365
0.265
0.123
52.811
0.112
18669.829
2.044
0.429
0.096
0.098
2840.675
14209.498
779.417
253.348
0.107
15614.667
0.106
555.818
0.316
0.129
15107.120
0.098
447.665
0.252
0.138
15230.437
26.669
0.588
545.334
563.374
18588.019
0.132
33.503
0.156
0.102
16847.339
0.295
217.836
0.380
0.143
15063.246
4.970
1.403
759.486
19.930
3041.302
12191.913
0.445
0.096
0.102
15238.783
0.297
392.279
14.670
0.192
17341.125
0.423
11.575
0.141
0.109
17270.577
19.582
0.104
1.139
1034.678
16601.838
68.233
0.148
0.111
0.118
15148.762
101.113
0.461
446.549
0.142
4.232
15736.945
30.486
225.003
83.138
17759.348
0.098
510.641
23.377
45.735
15878.129
842.592
0.118
0.091
0.091
16108.099
0.196
0.161
0.146
0.497
15732.738
0.301
0.429
0.123
0.115
16035.137
0.462
0.117
0.094
0.147
17783.721
0.160
3.458
1064.729
0.490
16000.229
0.137
0.097
0.110
0.103
15597.548
18.368
0.298
0.168
0.133
15607.544
0.566
0.194
0.136
0.106
14995.719
16.077
24.786
449.542
0.393
24.007
288.978
0.118
6.280
0.103
79.096
11.868
0.706
0.116
0.119
30.941
10.542
0.106
4.592
0.161
581.814
0.118
1.667
0.110
0.181
17.003
20.226
0.127
0.125
0.106
11.574
26.832
18.201
0.429
0.149
39.927
13.827
6.613
0.115
0.244
45.509
0.123
0.106
0.332
0.112
39.196
23.816
0.146
0.670
0.110
47.216
0.150
0.104
0.087
0.833
54.297
0.098
0.101
0.111
0.091
31.644
0.611
9.662
0.128
0.110
38.361
0.657
0.104
16.819
0.139
40.067
0.115
3.537
0.142
9.072
46.511
3.948
0.368
0.127
0.098
34.815
0.399
0.389
15.968
0.603
20.204
0.106
15.520
0.118
18.020
57.478
0.107
0.104
0.090
0.106
59.936
0.126
0.130
0.091
0.090
49.342
8.937
0.115
0.400
0.236
29.108
23.408
2.678
0.281
0.107
6.950
48.938
0.467
0.110
0.090
53.475
0.510
0.126
0.099
0.088
33.737
0.101
21.456
0.617
0.112
54.189
0.134
0.096
0.212
0.117
41.624
15.563
19.292
8.106
0.446
55.708
0.120
4.473
0.442
0.103
111.846
459.782
0.392
0.196
0.108
138.953
0.109
0.113
0.491
0.123
22.901
0.411
18.332
0.114
15.157
45.900
0.152
0.115
0.118
3.676
24.464
30.414
0.131
0.128
0.418
20.787
6.700
25.309
0.102
0.112
41.301
0.136
0.649
0.107
0.104
19.130
22.637
0.131
0.122
0.122
45.614
0.292
0.126
0.116
0.408
42.745
0.464
0.128
0.112
2.736
25.433
0.241
25.250
0.112
0.094
35.795
8.220
0.429
4.101
0.128
25.831
9.891
0.265
0.421
7.962
18.221
14.654
4.242
9.936
0.136
26.956
0.590
0.129
0.413
0.112
12.380
10.191
19.030
0.126
0.106
33.759
0.120
0.101
9.098
0.422
46.202
3.393
0.134
0.115
0.098
44.050
0.120
0.096
0.247
0.105
59.053
36.760
0.145
0.101
0.106
78.541
0.136
0.126
0.096
0.284
74.100
0.563
15.877
0.620
18.714
63.601
0.142
0.123
7.021
8.476
65.361
0.142
0.109
13.258
0.584
116.462
0.122
0.126
0.117
6.821
53.829
71.031
0.112
0.102
0.101
116.123
0.152
0.113
0.243
0.786
64.447
0.119
0.497
4.677
21.973
37.558
0.181
0.603
0.423
0.128
45.369
0.418
1.007
0.126
0.138
36.220
6.907
1.512
0.131
0.106
33.543
0.122
11.541
0.120
0.490
42.879
0.467
0.101
0.475
0.122
71.926
0.121
0.104
0.110
5.455
105.995
22.224
0.127
0.122
0.126
65.836
0.117
0.144
0.101
0.114
94.364
0.118
8.360
0.130
0.101
5.960
37.947
0.491
0.423
0.114
19.995
22.644
0.135
0.133
0.225
34.972
0.126
0.114
0.224
0.112
21.833
7.708
0.117
0.107
0.094
34.857
0.259
1.294
0.114
0.416
12.933
33.367
0.127
0.423
0.120
24.736
1.423
15.665
0.144
0.137
18.169
16.459
2.262
0.234
0.122
34.990
9.668
0.123
0.106
0.095
33.309
2.903
14.656
0.123
0.112
47.500
0.122
0.121
0.111
0.102
20.557
0.126
0.128
0.115
15.731
28.987
6.522
0.227
16.031
0.114
19.240
32.097
0.152
0.110
0.539
45.420
0.560
0.110
0.111
0.118
35.322
0.137
7.154
0.133
0.127
49.609
0.776
2.525
0.681
0.501
53.316
0.117
0.251
2.285
0.152
66.805
0.120
0.556
0.434
0.150
59.077
0.155
0.144
0.107
0.122
62.688
0.466
0.113
6.723
0.118
58.010
0.522
0.140
0.106
0.100
50.617
0.255
0.137
0.445
0.182
25.400
7.652
0.136
0.160
17.994
8.954
0.145
0.153
4.832
22.443
24.743
0.126
0.139
0.107
0.101
40.123
2.039
0.502
15.791
0.128
29.632
3.465
42.680
0.169
0.149
23.609
25.461
0.137
8.824
0.464
81.079
10.329
0.273
0.136
0.118
71.128
24.103
0.139
0.130
0.113
85.358
8.274
0.136
0.114
0.125
91.712
0.539
4.536
0.456
0.137
94.306
3.019
0.120
0.126
0.118
25.449
64.238
8.245
0.254
0.128
70.177
0.127
0.118
0.267
0.128
38.893
0.118
0.102
0.185
0.098
49.907
3.000
0.124
0.490
0.111
17.725
29.906
0.137
0.221
0.440
28.033
11.067
1.024
6.995
1.944
9.500
19.906
18.762
0.455
0.515
19.380
0.158
0.124
3.516
27.501
18.062
5.416
0.262
21.666
0.145
9.273
43.710
0.448
0.125
0.128
18.389
1.151
29.331
0.139
0.110
37.409
0.130
0.136
0.458
0.122
27.310
20.399
0.111
0.470
0.117
41.303
0.490
0.109
6.547
0.126
43.316
2.361
0.148
9.582
0.110
18.501
27.310
0.145
0.125
0.117
37.445
15.237
0.117
0.120
0.432
32.000
36.318
13.724
0.136
0.270
34.747
0.139
24.191
0.141
0.518
20.805
43.295
0.154
0.112
0.117
33.313
12.349
26.225
0.174
0.128
85.426
0.136
0.534
0.130
3.941
62.650
0.368
0.128
0.112
0.128
68.489
0.142
0.244
0.142
4.026
33.030
21.876
0.130
0.123
0.521
48.799
0.914
0.128
5.536
0.150
35.449
31.269
0.116
0.141
0.119
21.134
0.142
2.636
21.430
0.129
17.376
0.247
16.382
0.120
0.132
40.108
0.139
0.604
26.404
0.147
34.721
0.147
13.708
0.134
0.233
68.058
0.131
0.123
0.550
0.510
52.253
5.584
0.142
0.134
0.462
27.799
0.164
22.857
6.893
0.120
46.359
0.109
0.190
0.131
6.471
48.021
15.524
4.960
0.158
0.535
20.291
19.902
0.149
19.805
0.230
26.579
21.813
0.167
0.135
0.453
15.121
33.855
0.144
0.142
0.139
40.658
9.661
0.139
0.110
0.254
22.406
29.834
0.157
0.118
0.141
19.864
0.141
0.125
30.795
5.402
26.360
13.446
0.655
0.101
0.093
50.888
0.155
1.657
0.164
0.139
35.360
12.962
0.129
0.451
1.734
28.244
27.103
0.120
0.117
0.122
48.402
0.134
0.112
0.270
2.188
6.014
47.758
0.470
0.144
0.110
47.610
0.201
0.130
0.456
0.446
18.213
0.499
8.242
12.018
2.521
28.247
19.887
0.482
0.117
0.127
51.038
3.749
12.817
0.167
0.646
28.366
0.160
23.166
18.332
0.139
51.869
0.249
0.257
0.505
0.464
69.984
0.115
0.118
0.184
0.140
11.331
25.984
22.928
0.163
0.120
54.636
0.393
0.147
0.139
3.898
59.017
0.136
0.123
0.115
0.171
75.672
0.153
0.563
0.565
0.128
69.556
0.144
0.120
0.136
0.133
41.847
20.212
0.267
0.141
0.131
27.713
15.412
0.179
0.130
0.183
25.763
26.986
0.139
0.133
0.490
10.485
17.990
0.134
0.129
0.548
63.957
0.134
0.124
0.136
0.112
43.420
0.149
20.167
0.619
0.486
58.529
0.145
0.115
0.488
0.450
36.781
0.155
0.141
0.524
0.224
45.684
0.507
0.182
0.115
0.101
17.306
0.563
39.291
0.204
0.120
41.562
0.130
0.246
0.119
16.244
53.195
0.171
0.128
0.122
0.475
12.962
39.741
0.167
0.128
5.719
5.475
0.120
15.723
28.191
0.160
53.112
0.259
0.121
0.108
0.120
39.776
0.193
0.136
10.014
10.660
7.944
31.333
0.149
4.279
0.131
35.669
4.515
0.145
0.493
0.115
24.136
16.755
0.474
0.477
0.491
55.990
0.145
0.130
0.120
0.119
33.857
19.641
11.013
1.858
0.133
36.235
4.375
0.145
0.141
0.551
6.042
2.042
43.297
0.131
0.117
13.770
26.465
0.145
0.145
15.057
36.303
0.155
0.144
4.456
0.271
56.016
0.166
0.130
11.318
0.604
26.146
28.608
8.956
1.687
0.550
50.595
0.143
1.361
0.158
22.131
46.340
10.102
0.168
0.472
0.562
34.035
0.209
32.518
0.169
0.123
6.788
29.747
29.787
2.497
0.145
72.192
0.239
0.485
0.181
0.120
44.746
13.443
0.270
6.469
2.071
60.634
0.134
0.228
0.134
0.127
8.773
57.070
0.131
0.537
0.137
48.131
0.503
0.570
21.553
0.136
47.286
20.135
0.225
0.493
0.147
20.033
45.499
0.169
0.133
0.112
46.379
0.133
0.504
0.487
5.848
23.796
0.145
32.654
0.214
0.137
34.546
9.577
0.165
1.307
18.842
15.573
0.144
43.069
10.211
0.157
54.455
0.129
4.613
5.665
0.159
49.869
0.144
0.141
0.126
0.979
23.401
19.795
0.160
15.092
0.129
31.234
0.235
0.145
21.908
0.144
31.206
0.159
0.639
26.660
0.510
25.569
18.561
0.152
0.129
14.524
21.879
0.138
29.479
0.148
0.141
5.682
0.834
23.480
0.165
32.224
56.336
0.502
0.147
0.120
3.839
42.237
0.152
0.150
0.478
0.491
54.721
6.664
0.161
0.493
0.145
42.941
5.304
0.136
9.887
0.490
23.523
27.531
0.137
0.490
4.897
29.462
36.434
0.139
6.887
0.174
30.481
0.644
0.126
31.582
0.158
48.023
0.123
0.124
13.248
0.151
27.105
5.028
20.408
0.166
0.149
70.387
0.166
0.155
0.145
0.121
29.955
0.555
0.157
0.141
18.929
46.775
0.162
0.583
0.148
20.452
36.195
0.140
0.150
10.143
0.139
46.828
0.147
0.137
1.622
0.136
5.558
51.458
0.156
0.146
0.150
44.893
21.186
0.152
0.147
0.117
64.154
0.171
0.625
0.135
0.143
13.767
56.532
0.228
0.123
0.141
68.748
0.137
0.592
0.566
0.153
58.654
1.401
0.130
0.541
0.482
10.069
17.301
30.725
0.548
11.430
10.218
43.787
10.391
0.257
0.133
29.747
26.460
0.536
0.499
9.864
38.862
15.176
0.214
2.596
0.122
8.634
37.479
0.131
0.117
14.427
15.651
34.248
0.541
13.955
0.160
52.199
0.157
0.524
0.153
7.734
27.181
15.707
0.198
2.983
0.138
33.258
23.874
0.144
0.139
2.353
45.781
0.150
0.305
17.271
0.126
32.189
9.913
0.211
13.437
0.149
24.022
20.613
0.160
0.133
2.925
10.101
0.523
16.022
18.502
0.299
13.068
11.943
0.165
0.131
19.214
69.675
0.136
0.297
0.138
0.153
18.579
47.629
0.620
0.126
0.133
16.489
32.195
0.139
0.306
16.279
69.578
0.153
0.136
3.956
0.160
15.911
3.746
10.494
25.164
0.125
42.898
0.185
25.489
0.128
0.126
50.276
14.072
0.152
0.542
0.144
47.913
10.219
0.158
0.161
0.133
57.881
0.260
0.145
5.910
0.271
34.436
0.282
0.163
44.037
0.157
34.325
0.553
0.143
0.128
0.590
45.402
0.161
0.136
0.571
0.579
35.066
0.143
0.152
30.749
0.152
52.218
0.711
0.160
0.133
0.125
32.863
0.501
0.529
2.145
0.152
63.356
0.561
1.375
0.222
0.154
13.851
41.780
0.161
0.133
0.125
48.098
0.165
0.136
17.359
0.228
62.716
0.149
0.169
0.142
0.128
11.845
11.968
34.165
0.158
1.973
42.243
19.839
5.065
0.130
0.139
38.972
0.628
8.134
6.766
0.166
44.993
0.515
0.122
0.505
0.133
45.659
21.806
0.133
0.153
0.131
59.732
0.257
0.157
0.163
8.367
35.007
11.925
0.162
0.133
0.117
47.788
0.152
0.137
13.614
0.171
42.116
16.615
0.152
0.147
0.190
31.985
33.665
0.147
0.127
0.139
11.137
36.247
15.573
0.294
0.130
44.096
0.144
17.388
0.126
0.654
59.995
0.163
0.130
0.225
1.421
50.283
4.445
0.161
0.149
0.803
70.419
10.969
0.568
0.149
0.177
81.415
0.273
0.153
0.588
3.218
27.999
2.265
22.992
0.262
18.759
50.813
0.126
0.139
0.520
0.136
50.089
0.149
30.948
0.546
0.250
9.599
27.400
0.171
20.102
0.169
80.826
0.169
0.139
0.141
0.161
18.607
19.248
14.569
0.171
16.298
26.347
26.701
0.152
0.163
19.557
61.181
0.217
0.160
0.519
0.211
50.938
0.153
0.134
0.133
13.015
0.177
11.495
14.395
21.548
0.172
76.785
0.521
0.254
0.154
0.515
42.845
0.148
0.158
10.516
4.899
28.257
0.169
48.134
0.178
0.162
49.709
0.142
19.713
0.249
0.153
72.126
0.138
0.638
0.137
0.217
14.782
46.829
0.136
2.829
0.162
13.545
5.018
33.270
0.166
0.609
47.448
0.141
0.171
3.036
0.163
13.023
17.151
1.096
0.182
40.996
62.185
0.259
0.144
0.509
0.531
30.358
21.758
0.824
7.607
0.158
0.181
71.349
0.145
1.117
0.158
11.669
3.439
11.812
0.947
34.129
8.273
29.918
33.582
0.141
0.141
62.335
0.157
0.149
0.128
0.628
64.057
0.133
7.607
0.151
0.126
71.655
0.576
0.306
0.145
0.141
39.958
36.944
0.284
0.165
0.143
30.075
51.970
0.174
0.631
0.149
13.585
45.162
0.157
23.561
0.141
74.887
0.655
0.563
0.155
0.157
67.944
0.176
0.136
4.939
0.168
77.463
0.183
0.144
0.144
0.136
64.564
0.168
9.133
0.654
0.142
71.630
0.136
0.137
0.600
0.141
19.242
9.012
1.506
8.453
0.147
64.100
3.914
0.151
0.152
0.141
83.072
0.158
0.289
0.145
0.135
35.212
0.216
0.136
3.068
0.173
54.649
0.187
0.619
5.052
0.138
77.799
0.182
0.150
0.131
0.220
32.663
0.176
33.846
0.185
0.149
29.470
37.721
0.183
0.563
0.139
70.870
4.992
0.168
0.168
0.558
18.365
33.208
13.086
0.149
0.158
65.726
0.187
0.541
0.677
1.670
26.771
7.705
32.581
0.145
3.007
31.123
19.466
0.176
0.217
0.152
6.315
65.760
0.244
0.149
0.156
33.195
17.121
0.150
0.140
0.134
62.274
0.174
0.545
7.247
0.158
72.141
0.168
0.133
0.142
0.143
31.163
0.166
29.365
0.577
0.279
26.749
0.422
23.373
13.128
0.156
36.815
34.192
0.158
0.144
9.303
2.029
69.524
9.619
0.695
0.647
75.821
0.176
0.158
0.155
0.278
52.253
23.076
0.184
0.176
0.134
23.526
45.305
0.176
17.930
0.173
20.761
33.982
0.148
16.706
0.295
56.388
0.244
18.443
0.961
0.687
17.857
49.298
0.176
8.432
0.577
20.922
0.143
4.876
8.888
0.278
34.215
0.423
45.874
0.166
0.160
69.441
0.181
0.174
0.601
19.703
65.382
0.191
12.980
0.173
0.168
80.782
0.599
0.130
0.174
0.131
70.787
0.157
0.566
0.147
2.454
26.773
2.448
52.169
0.257
0.145
69.986
0.262
0.165
0.620
0.163
37.549
0.182
11.446
0.550
0.598
68.619
0.561
0.142
0.278
0.153
67.281
2.845
0.603
1.740
0.606
46.539
27.306
0.141
0.536
0.254
54.582
0.970
0.187
12.804
0.572
34.105
32.837
0.151
0.152
12.006
68.296
0.179
0.139
0.555
0.134
32.856
0.150
15.623
0.572
25.802
33.301
0.200
5.690
39.834
0.166
67.404
0.147
0.137
0.127
0.153
20.710
28.296
0.176
33.054
0.168
23.941
19.995
0.166
14.921
5.448
15.813
40.811
0.144
0.149
22.494
12.266
16.982
5.488
0.174
0.174
62.039
0.631
14.131
0.192
0.150
10.426
24.563
21.373
0.136
0.638
87.111
0.150
0.140
0.134
0.603
45.644
12.428
2.637
14.219
0.163
35.332
53.003
0.177
0.147
0.191
18.805
0.174
0.144
55.740
0.168
61.790
0.169
25.215
0.187
0.172
87.112
0.592
0.692
0.136
0.240
59.808
0.276
0.180
16.323
0.196
17.148
5.226
53.637
0.238
8.951
22.668
16.647
0.177
21.183
0.335
79.476
0.310
8.989
0.139
0.187
8.684
30.408
9.155
5.007
23.087
41.859
31.620
0.163
8.186
0.224
52.716
3.516
0.143
0.169
0.203
51.075
0.143
0.673
0.149
0.580
72.072
0.192
0.163
0.654
0.566
41.053
0.310
14.764
16.220
0.598
71.666
0.599
0.145
0.134
0.143
48.107
23.258
0.197
0.173
0.289
49.362
32.074
0.176
0.152
0.173
54.671
1.767
21.153
0.174
0.152
16.283
56.470
1.743
0.152
0.141
33.014
0.173
38.231
0.160
4.364
61.734
0.663
25.659
0.166
0.153
35.156
42.474
0.195
0.181
0.212
82.012
0.166
0.181
0.238
0.572
37.506
6.328
59.783
0.363
0.161
47.846
0.170
12.707
0.154
0.179
87.301
0.203
0.188
0.147
0.145
80.935
3.576
0.155
0.306
0.155
73.541
0.661
0.149
0.709
0.157
9.087
67.181
0.176
0.171
0.185
35.572
22.630
4.341
0.177
0.270
18.321
0.147
57.591
0.199
0.246
86.119
0.595
0.221
0.558
0.169
39.910
0.741
35.564
13.857
0.233
79.296
0.217
0.169
0.147
0.133
76.771
0.152
0.157
0.139
0.133
82.113
0.152
0.173
0.231
0.155
53.973
18.952
0.302
0.196
0.158
77.139
0.147
0.144
0.888
3.079
7.610
5.818
25.100
0.176
18.467
42.565
0.158
0.254
10.963
17.214
70.471
0.192
0.252
0.185
0.191
53.837
0.157
0.143
0.241
0.595
16.362
0.186
12.378
45.332
0.173
22.227
30.699
22.555
0.171
0.156
82.861
0.155
0.159
0.155
0.181
22.263
43.103
0.163
0.166
0.142
43.859
0.298
12.710
21.293
0.606
60.524
0.168
0.165
14.205
0.193
9.711
55.228
0.171
2.094
3.989
52.844
0.147
9.172
0.171
0.322
13.056
78.446
0.163
0.158
0.739
58.314
29.616
0.661
0.165
0.179
44.709
0.705
4.647
0.727
6.990
58.791
0.196
0.675
19.207
3.307
76.076
0.192
0.734
0.596
0.253
85.598
0.622
0.652
0.145
0.160
58.714
0.237
0.185
0.162
1.991
41.832
25.083
0.603
18.635
0.203
54.716
6.151
0.153
15.445
0.185
8.396
46.270
0.187
0.153
22.090
34.905
0.171
0.185
22.440
0.316
10.921
34.084
34.271
0.184
0.193
74.014
0.174
0.730
0.158
0.155
84.981
0.200
0.148
0.163
0.171
19.350
16.765
34.452
0.255
0.163
59.309
0.611
0.156
18.115
0.192
65.480
1.009
8.121
0.647
0.161
79.983
0.160
0.145
0.168
0.158
59.656
19.896
0.274
12.476
0.671
45.977
2.067
34.927
0.787
0.185
57.253
0.628
0.235
0.185
0.166
66.188
0.174
0.160
4.007
0.166
16.890
47.377
0.601
0.735
0.159
31.897
32.503
0.182
0.157
14.460
73.688
0.206
0.713
0.171
9.311
42.863
41.797
0.706
0.148
0.143
44.628
0.182
31.372
0.190
3.473
7.651
32.021
40.014
0.673
0.165
54.252
0.171
6.673
11.045
0.187
57.253
1.869
0.183
19.310
8.118
48.787
10.425
0.174
31.697
0.196
34.548
23.396
0.705
7.760
0.187
63.888
0.155
0.706
22.572
0.174
59.797
0.714
0.182
0.150
20.882
61.329
15.466
0.161
0.152
11.016
38.369
3.586
11.965
0.172
22.085
78.111
0.195
0.620
0.158
0.156
73.234
0.185
14.046
0.167
0.152
72.872
0.184
0.178
0.604
0.228
41.214
33.888
0.166
0.171
0.171
77.528
0.622
0.176
0.258
0.620
24.101
0.173
2.264
0.198
67.075
50.028
49.214
0.200
0.284
0.192
48.865
0.324
16.832
0.186
30.895
75.752
0.160
0.764
0.185
1.100
71.238
13.652
0.182
0.173
0.257
36.185
37.785
0.287
0.193
0.168
17.642
48.480
14.168
0.286
0.166
61.162
0.168
22.622
5.577
0.192
64.297
0.327
22.444
0.622
0.161
81.780
0.187
0.200
0.609
0.260
22.406
7.288
30.389
0.202
0.173
83.847
0.165
0.176
0.152
0.163
22.539
53.042
0.257
0.158
0.169
77.781
0.166
0.663
0.158
0.155
70.964
0.645
5.332
0.168
0.145
33.468
43.557
0.198
3.516
0.190
88.357
0.173
0.184
0.167
0.153
8.736
71.898
0.192
0.174
0.174
59.026
0.207
0.184
28.951
0.183
79.548
0.161
11.309
0.179
0.152
55.283
0.188
0.173
0.176
0.195
90.264
0.165
0.178
0.143
0.706
58.827
20.944
0.157
3.381
0.189
41.716
19.218
9.010
0.212
30.365
65.675
0.263
0.155
0.149
0.679
69.668
0.262
26.653
0.224
0.187
1.517
98.251
0.174
0.163
0.241
71.897
0.652
21.137
0.826
2.463
45.986
0.181
36.281
0.268
0.157
85.359
0.178
0.170
0.652
0.166
65.572
20.965
0.206
0.738
0.181
12.131
82.062
0.262
0.160
0.160
64.426
0.185
24.360
0.184
0.176
8.064
0.181
26.386
57.788
0.660
101.818
0.191
0.183
0.279
0.182
62.884
0.181
28.986
0.762
0.192
82.951
0.193
0.770
11.039
0.169
12.954
15.965
14.470
0.773
33.036
87.731
0.158
0.150
0.229
0.190
78.964
0.169
0.168
0.179
0.163
62.951
18.835
0.173
0.709
0.161
13.297
79.061
0.157
0.157
0.182
51.080
0.770
0.170
12.876
0.202
59.159
0.182
0.200
0.703
0.152
65.905
0.197
0.259
28.149
0.166
88.306
0.187
0.201
0.674
0.162
83.339
0.184
0.169
0.155
0.154
85.147
0.163
0.767
0.703
0.159
11.041
46.538
0.294
0.631
25.186
41.116
36.439
0.208
0.188
0.294
68.388
0.196
0.212
0.176
20.782
44.507
0.170
0.197
0.341
0.227
67.195
0.206
0.179
0.179
0.174
34.663
0.198
50.669
0.166
0.233
62.201
0.176
0.685
24.778
0.195
33.674
0.673
0.185
0.198
50.028
43.879
52.978
0.204
0.730
0.176
42.127
0.200
38.221
0.177
0.778
15.042
42.868
0.751
0.652
0.164
74.952
0.203
0.185
0.185
0.200
37.963
46.679
0.160
0.169
0.161
80.056
0.217
0.633
15.491
0.211
41.010
0.190
40.470
4.664
0.164
63.927
0.367
13.338
11.129
0.323
85.374
0.190
0.153
0.185
8.699
62.560
0.322
0.193
1.565
18.365
56.476
0.317
41.652
0.182
0.185
56.736
0.169
42.804
0.633
0.184
68.868
0.172
0.171
24.273
0.206
101.956
0.211
3.372
0.289
0.179
56.983
7.836
20.549
0.171
0.245
65.414
0.276
0.644
0.223
4.945
36.205
56.433
0.203
0.236
6.860
85.088
0.190
0.676
0.154
12.702
70.779
9.805
0.165
0.289
9.101
18.574
23.503
0.312
42.444
0.166
88.677
0.210
0.174
0.188
0.216
53.268
15.717
0.193
0.190
1.887
19.138
17.744
29.403
0.195
0.187
45.720
44.132
0.654
0.265
0.651
41.630
49.451
0.173
0.173
0.188
61.710
0.184
0.744
0.197
0.650
77.829
0.163
0.284
5.887
0.169
66.210
15.455
0.176
8.134
0.188
84.126
7.772
0.197
1.265
0.295
87.771
0.276
4.694
0.196
0.158
67.834
11.527
0.203
0.155
1.670
19.996
5.950
50.651
0.160
0.238
85.509
17.220
0.181
0.267
0.635
93.059
0.184
0.196
0.752
0.161
89.872
0.168
0.163
16.315
0.185
37.310
0.209
0.165
16.290
35.504
56.827
16.673
0.348
0.194
0.212
16.564
46.809
24.074
5.293
0.814
55.148
28.385
14.589
0.201
0.158
88.949
11.441
0.173
0.190
0.306
36.454
56.010
0.205
0.220
4.305
97.247
0.195
0.740
0.679
0.152
8.895
73.154
0.179
7.162
0.191
51.541
0.180
0.182
0.193
0.170
61.592
0.177
19.575
0.195
0.169
79.813
0.290
0.671
0.161
0.644
59.533
4.446
29.718
0.177
0.665
32.031
49.228
12.646
0.190
0.173
67.135
15.673
0.673
0.162
0.169
61.733
19.996
0.196
0.190
0.204
42.943
0.220
39.865
0.241
2.213
96.596
0.355
0.195
7.820
0.324
70.364
0.179
26.631
0.198
0.163
16.992
11.556
0.328
0.181
0.177
68.028
0.196
0.174
0.784
0.193
94.700
6.061
3.157
1.828
0.740
11.918
56.530
0.173
0.770
1.837
99.203
0.253
0.201
0.193
0.164
90.770
0.208
0.174
0.177
0.166
26.504
8.889
13.886
19.721
0.299
92.384
0.276
0.178
0.814
0.206
72.759
22.730
0.361
0.182
0.190
58.497
0.254
0.165
24.728
0.171
36.800
0.244
19.563
0.290
0.200
45.130
2.071
0.738
0.175
41.203
58.211
27.403
15.379
0.190
0.177
79.869
0.783
0.196
7.084
0.173
68.186
0.184
0.190
0.166
0.158
69.472
10.568
0.179
0.290
0.176
66.379
0.187
0.192
0.185
0.166
22.281
27.596
48.663
0.188
0.682
69.011
0.176
0.168
0.201
0.206
40.469
0.181
0.776
6.780
0.200
71.137
0.204
34.589
0.202
0.173
24.312
18.336
55.582
5.909
0.173
106.666
0.190
0.349
0.197
0.166
83.874
0.187
0.252
0.320
0.216
104.265
0.182
0.166
0.303
0.190
81.654
0.201
2.046
6.070
0.203
44.297
29.428
0.168
28.296
0.168
17.106
87.389
0.185
0.181
0.171
90.281
0.268
0.169
0.200
0.674
101.758
0.187
0.277
0.169
0.173
45.343
0.867
11.583
4.204
15.819
112.966
4.985
0.200
0.171
0.177
69.391
0.173
0.173
0.654
2.847
87.802
0.220
0.173
0.203
9.848
45.085
0.192
22.708
0.203
0.682
36.932
32.128
0.190
0.169
0.233
8.478
54.191
0.182
0.177
0.193
22.456
56.443
0.181
0.212
0.317
36.993
40.879
0.271
0.203
0.681
68.079
0.877
0.181
0.160
0.200
107.940
0.187
0.177
0.756
0.184
21.550
60.430
0.198
0.789
11.839
73.444
0.181
4.254
22.058
0.214
100.669
0.212
0.166
0.159
0.301
100.135
0.805
0.743
0.195
0.187
73.549
20.769
5.278
0.188
0.179
17.649
55.850
0.231
0.724
0.642
104.106
0.205
0.802
0.168
0.791
53.558
39.795
0.778
0.201
1.681
34.498
0.794
1.092
0.184
3.412
67.190
0.192
0.717
0.196
0.695
59.020
46.652
0.219
0.857
0.175
66.058
6.141
11.297
0.251
0.200
82.753
0.202
0.778
0.697
0.190
65.353
0.191
25.454
0.198
0.181
4.596
13.357
16.803
50.432
0.185
64.791
0.198
0.167
0.193
19.784
63.663
0.203
0.700
0.201
9.864
83.283
0.190
0.180
0.741
1.304
26.199
43.304
0.184
0.173
0.217
70.544
0.184
0.212
15.714
0.374
78.989
16.855
0.701
0.684
0.208
25.653
0.196
71.955
0.354
0.188
50.318
0.209
14.883
0.716
22.655
28.101
0.282
59.538
0.375
0.174
39.655
58.881
0.192
0.211
0.246
93.657
0.193
0.169
0.184
0.278
86.444
0.216
18.164
0.778
0.795
76.529
23.622
0.332
0.189
2.815
93.355
13.040
0.206
0.177
0.263
59.066
0.281
0.730
28.770
0.190
86.342
0.211
0.701
0.224
18.729
96.898
2.042
0.285
0.217
0.216
40.520
22.394
26.736
14.353
0.798
91.195
0.232
0.187
0.201
0.287
81.764
0.224
0.756
0.181
14.706
88.736
0.693
13.649
0.178
0.181
95.472
0.684
0.748
0.673
0.679
63.086
2.548
0.204
0.722
1.073
100.845
0.201
0.214
0.174
0.195
79.048
0.203
0.752
28.009
0.224
76.427
7.352
25.623
0.813
0.196
49.773
0.775
0.211
0.196
59.816
49.910
29.143
0.771
0.743
0.185
49.563
0.802
5.147
0.185
0.795
22.601
39.460
44.902
0.719
0.479
90.017
0.181
0.174
0.177
0.289
29.433
32.628
0.217
29.721
0.288
48.370
25.629
3.672
0.200
0.195
74.550
0.190
0.241
22.367
0.204
87.407
9.330
0.202
9.146
0.203
46.128
2.642
7.592
32.050
0.212
71.994
0.251
0.789
0.206
20.817
45.840
0.182
20.992
31.301
0.725
7.675
54.615
42.119
0.206
0.182
17.023
55.995
23.214
10.274
0.872
38.208
15.572
0.184
32.692
0.188
72.157
0.209
0.705
0.166
0.169
4.437
3.937
64.326
0.227
24.216
81.069
18.233
0.239
5.673
0.368
59.565
21.921
0.181
28.221
0.171
12.026
97.658
0.724
0.185
0.216
34.936
13.182
46.258
0.185
0.234
44.708
32.958
24.261
6.320
4.144
99.093
0.325
0.200
0.192
0.208
9.563
87.605
0.178
0.319
14.827
17.368
54.292
0.316
17.410
0.767
45.704
0.330
28.891
0.276
0.211
68.345
28.031
2.333
0.314
0.214
91.979
0.856
0.208
0.193
0.174
73.253
27.770
0.193
0.265
0.714
95.204
0.190
0.168
0.292
0.173
47.114
0.224
0.303
0.187
0.185
35.708
0.296
0.198
23.432
0.171
73.022
0.187
0.183
0.219
0.319
33.751
0.192
39.008
0.201
13.675
93.379
1.885
11.956
0.225
0.709
54.660
0.305
40.633
0.212
0.204
97.292
0.228
0.186
0.751
0.173
95.891
0.738
0.294
0.211
0.813
49.029
0.837
0.192
39.034
29.229
71.695
0.211
0.413
0.181
0.186
14.290
0.209
0.372
88.132
10.635
61.189
44.779
0.211
0.771
0.206
9.311
50.985
19.144
0.178
0.205
77.448
0.224
22.427
0.188
0.298
95.386
0.203
0.783
0.759
0.746
46.124
20.753
4.976
23.919
0.206
35.177
0.244
61.573
0.201
0.206
34.103
12.415
2.561
40.548
0.243
100.970
0.193
0.703
0.252
0.214
92.546
0.188
0.225
0.188
0.168
46.858
0.236
0.200
26.117
0.857
15.676
56.476
0.730
10.533
0.217
73.377
0.209
0.200
0.236
0.204
16.458
31.090
0.213
0.209
10.035
104.756
0.211
0.366
0.195
0.985
44.429
39.550
19.074
0.278
0.185
20.613
81.906
0.208
0.802
0.205
52.182
53.316
0.209
0.187
0.199
90.162
0.231
0.283
2.997
0.227
114.381
0.803
2.342
0.834
0.773
114.763
0.184
0.197
0.346
0.735
74.511
0.200
0.174
19.662
0.219
73.425
4.561
0.195
19.585
0.264
42.165
34.979
0.758
0.202
0.271
103.400
0.211
0.199
0.192
0.220
52.002
22.453
0.380
0.239
33.984
99.173
0.201
0.740
0.172
8.571
28.027
20.309
0.224
61.470
0.233
107.276
0.200
0.733
0.219
0.760
107.462
0.218
0.231
0.710
0.276
93.915
0.843
0.213
0.182
0.700
74.237
6.167
0.239
0.903
0.211
105.243
0.195
0.754
0.218
0.237
11.423
81.628
20.474
0.194
0.202
39.897
35.144
31.158
0.241
0.708
52.730
42.909
0.752
0.330
0.205
80.638
0.217
0.346
0.218
0.792
77.554
0.924
0.799
34.873
0.201
23.201
21.476
0.209
5.128
14.636
76.159
0.288
0.222
0.206
0.702
76.340
0.783
13.722
0.764
0.353
107.846
0.464
0.208
0.226
0.317
62.407
41.646
0.233
0.262
0.201
17.428
47.048
1.139
7.886
0.174
25.178
64.267
0.209
0.322
0.190
69.827
0.231
0.181
27.083
0.298
106.401
0.200
0.798
0.717
0.173
70.827
6.791
0.188
0.184
0.709
103.903
0.356
0.209
0.223
0.744
23.504
83.471
0.216
0.214
0.212
100.208
0.958
0.719
0.370
0.736
53.311
0.216
1.289
15.108
27.428
40.241
54.861
0.235
0.206
0.282
80.727
0.231
5.515
0.224
0.188
118.420
0.220
0.361
0.203
0.193
99.816
13.352
0.205
0.842
0.306
17.189
17.675
61.427
0.225
0.222
79.312
0.302
0.203
0.192
0.199
52.890
0.186
10.001
0.850
0.195
80.233
0.235
0.993
19.834
0.314
105.623
0.203
0.231
0.799
0.219
108.114
0.323
0.184
0.226
0.222
42.250
53.251
0.222
0.727
0.211
91.290
0.357
0.185
0.191
0.741
108.531
0.383
0.208
0.204
0.178
97.278
0.204
0.195
0.341
0.214
88.480
0.242
0.225
0.225
0.211
0.617
111.964
0.822
0.229
0.782
71.536
0.240
0.219
0.181
0.219
44.054
66.905
0.337
0.216
0.196
28.958
0.336
0.813
46.603
0.212
42.715
0.246
71.040
0.206
0.205
107.695
0.255
0.234
0.184
0.752
47.363
0.235
32.070
0.219
17.715
118.470
0.324
0.211
0.190
0.805
104.270
0.381
0.228
0.196
0.221
17.357
24.285
59.238
0.188
0.284
101.699
0.192
0.370
0.215
0.181
100.590
5.433
0.298
0.209
0.227
110.274
0.908
0.185
0.185
0.279
56.610
13.973
35.816
0.195
0.220
16.799
61.749
22.172
0.199
4.909
94.012
0.198
0.227
0.198
0.182
98.590
3.116
0.212
0.742
0.281
76.074
0.249
0.321
1.853
0.272
38.936
14.013
39.197
0.212
0.228
17.590
73.270
5.598
0.896
0.217
25.376
13.298
38.080
0.195
0.196
82.622
0.228
0.209
0.323
0.206
26.856
43.059
38.717
0.368
0.206
29.170
13.346
39.054
12.741
0.201
56.824
0.245
17.889
0.837
0.835
69.688
0.227
0.265
11.280
1.238
20.487
98.383
0.211
0.203
0.289
15.292
0.254
89.129
10.628
0.276
61.605
0.226
0.311
19.512
0.209
48.878
23.780
0.239
0.209
0.252
1.336
82.068
0.273
0.209
0.190
47.961
51.164
0.295
0.222
0.185
11.389
0.206
15.667
33.870
40.376
104.090
0.814
0.222
0.202
0.187
17.187
0.238
53.367
0.305
0.209
114.478
0.239
0.255
0.227
0.210
49.485
64.925
0.230
0.849
0.211
58.531
0.212
0.216
0.214
0.325
53.810
0.214
5.128
0.219
0.196
45.496
0.220
34.048
0.197
0.220
111.395
0.231
0.222
0.224
0.318
84.318
0.230
14.568
0.211
4.626
83.508
32.542
0.207
0.196
0.219
86.405
7.113
0.850
0.223
0.201
57.086
0.859
36.939
0.233
0.205
63.681
0.225
0.252
0.246
0.200
60.800
1.474
31.425
0.214
0.233
116.337
0.247
0.211
0.333
0.195
17.687
0.263
31.204
0.238
24.905
101.430
0.281
0.209
0.924
0.217
86.974
17.109
0.929
0.294
0.214
27.196
77.350
0.222
3.061
0.378
105.207
0.248
0.206
0.754
0.359
74.874
15.930
0.258
0.431
6.914
104.155
0.762
0.211
0.237
0.290
77.832
0.232
2.097
0.235
0.228
95.420
0.225
20.838
0.190
0.316
63.466
6.442
0.294
25.847
3.865
50.463
1.464
51.307
0.913
0.239
74.656
0.243
0.204
0.196
35.241
111.320
0.302
0.198
0.190
16.522
117.829
0.193
0.277
0.201
0.798
89.690
0.247
0.211
17.587
0.211
81.599
0.226
26.621
0.209
0.271
51.563
30.733
0.362
42.652
0.228
58.023
0.286
0.238
0.842
0.221
8.012
75.008
0.846
2.686
0.193
18.818
64.681
0.846
40.249
0.204
30.478
31.673
0.300
15.487
31.757
48.897
50.087
0.857
0.227
0.297
41.676
8.862
33.175
0.217
0.241
8.295
1.961
27.585
15.836
45.811
66.620
30.634
0.894
0.786
0.788
65.990
16.532
0.208
0.219
0.241
22.244
86.681
0.407
0.808
0.185
14.705
62.935
0.224
0.230
0.298
45.911
34.557
0.282
0.220
0.203
100.882
0.204
9.600
14.338
0.247
20.997
0.357
29.018
65.419
0.196
97.408
0.264
0.223
0.211
0.300
79.914
38.349
0.199
0.343
0.236
78.653
0.239
6.635
0.875
11.514
88.954
0.325
0.222
0.783
0.204
51.175
56.077
6.533
0.211
0.337
49.999
19.111
0.236
0.325
0.225
113.359
0.212
0.297
0.225
0.188
93.129
0.211
0.308
20.536
0.222
19.147
38.385
54.443
1.385
0.267
9.718
113.090
1.883
0.241
0.211
106.502
0.241
0.322
0.797
0.188
107.848
0.204
14.166
0.236
0.800
64.402
15.143
0.237
0.193
0.197
93.273
0.924
0.188
0.190
0.247
71.896
47.502
0.316
0.206
0.775
17.459
81.756
0.220
0.195
15.845
49.985
29.487
8.690
0.220
18.980
87.144
0.297
13.316
0.216
0.204
84.303
0.220
0.301
0.209
0.231
56.264
60.030
0.251
0.222
0.926
128.922
0.204
0.826
0.238
0.220
37.469
0.241
70.239
0.216
5.760
86.246
28.864
0.251
0.225
0.200
53.334
0.222
0.230
0.188
30.357
130.850
0.413
0.221
0.246
1.009
83.279
0.204
45.799
0.239
0.207
9.209
63.359
24.418
14.434
5.835
48.306
7.830
62.599
0.247
0.843
107.623
0.956
14.633
0.240
0.219
71.459
39.541
0.244
0.221
0.794
55.176
0.910
0.242
37.068
5.633
108.425
5.968
0.204
0.198
0.203
44.662
20.401
42.215
0.208
0.864
81.198
24.708
9.254
0.233
0.910
114.628
0.787
0.273
12.847
0.193
85.662
0.199
0.201
0.312
0.229
86.246
26.570
0.929
0.220
0.190
100.318
0.210
0.225
0.196
0.991
85.782
0.203
0.241
0.399
42.278
54.367
0.222
0.276
0.193
27.695
101.475
0.898
0.201
3.779
0.209
11.935
81.181
0.206
0.193
0.292
112.872
0.198
0.204
0.196
0.232
35.663
0.251
8.419
66.620
0.251
23.493
83.981
0.216
0.225
0.217
26.313
17.011
0.227
15.004
36.166
54.139
23.633
0.896
37.203
0.224
107.693
0.923
0.794
0.814
0.222
114.551
0.252
0.224
0.231
0.876
47.328
48.376
23.321
0.884
0.216
83.142
0.209
33.218
0.920
0.244
123.834
0.244
0.913
3.220
0.203
30.846
0.223
35.083
0.251
0.240
42.844
0.206
65.970
4.891
0.977
53.746
55.541
0.208
0.275
7.774
60.060
57.499
0.245
0.239
0.818
50.781
33.415
0.212
0.891
40.793
61.768
0.241
0.333
0.337
56.823
42.861
15.562
52.902
0.233
1.012
126.745
0.849
0.206
0.217
0.216
109.152
0.792
0.195
0.230
0.206
63.126
0.225
0.243
50.652
0.209
20.161
28.906
0.209
0.243
62.931
81.926
4.172
0.857
0.204
32.800
46.734
27.433
0.282
0.832
39.701
21.859
42.863
17.363
0.236
42.235
61.722
67.142
0.361
0.246
0.854
111.723
0.263
0.841
11.049
0.262
49.749
0.241
0.901
21.019
71.641
10.155
16.229
20.564
72.445
0.324
104.004
0.209
26.558
0.212
0.201
123.264
0.934
18.289
0.238
0.247
47.321
6.356
36.239
16.207
0.259
97.806
31.034
0.211
0.332
0.249
53.163
30.613
2.943
0.249
0.224
85.524
26.558
0.262
0.227
0.230
59.848
0.230
50.087
0.214
0.204
118.626
0.251
0.783
0.195
0.905
51.528
0.271
7.561
20.146
35.603
66.819
0.206
0.948
17.599
0.300
45.995
79.084
0.236
0.939
2.151
112.417
2.614
0.238
0.254
0.204
44.086
45.383
23.154
0.260
1.006
132.189
0.220
4.548
0.222
0.246
39.075
44.932
40.091
0.886
0.200
132.441
3.493
0.923
0.897
0.216
30.734
84.932
0.220
0.912
5.369
55.279
33.597
42.176
0.248
0.225
133.861
0.258
0.254
0.217
0.910
108.303
0.213
10.982
0.254
0.213
51.197
0.939
0.816
0.201
35.422
58.981
26.628
0.858
0.193
0.212
76.726
36.063
5.037
0.231
0.848
70.537
18.267
5.162
0.259
0.235
88.834
2.825
0.320
0.958
0.243
57.518
22.309
0.896
11.019
62.462
84.927
47.731
0.370
0.220
0.931
15.105
79.432
0.210
0.969
0.539
136.058
0.238
0.305
0.246
0.249
25.209
101.709
0.956
0.293
4.705
89.926
0.199
33.796
6.277
0.900
121.702
0.408
7.570
0.233
0.862
57.628
0.229
0.296
0.200
0.838
53.445
14.056
0.359
0.244
49.969
83.280
34.231
0.208
0.802
15.175
9.212
60.462
42.568
17.577
0.247
40.430
64.772
0.263
0.251
0.249
115.951
6.286
0.872
0.206
0.232
33.269
0.233
0.914
0.783
24.439
83.870
0.255
37.055
0.848
0.196
136.874
0.208
0.258
0.327
0.220
9.394
86.077
0.260
0.338
25.451
97.150
0.364
0.222
0.247
0.972
131.455
0.239
0.232
0.240
15.817
113.740
19.687
0.990
0.265
0.204
88.112
0.281
5.389
3.299
0.423
63.219
56.617
0.268
0.385
0.213
29.774
26.187
0.848
22.113
37.804
4.590
18.937
0.980
0.239
31.763
79.739
10.041
0.225
0.346
0.245
51.680
0.282
65.909
0.236
0.338
84.284
42.309
0.227
0.349
0.241
52.006
25.306
0.265
54.304
0.252
80.276
0.235
0.937
0.211
24.122
51.210
74.322
0.347
0.235
0.249
51.340
74.170
0.226
0.419
0.212
70.385
71.115
0.259
0.228
0.206
94.545
0.902
0.252
0.270
0.219
138.510
0.256
0.929
0.235
0.216
69.332
0.253
20.523
0.214
0.346
16.551
104.832
0.976
0.279
0.230
55.629
63.971
0.343
0.231
15.234
38.122
15.079
59.259
0.219
6.954
66.660
20.466
0.256
1.264
0.278
43.948
45.441
1.457
51.798
0.216
91.161
31.975
3.701
0.249
14.461
86.741
0.259
23.827
0.255
0.258
28.093
90.205
0.262
0.900
8.273
120.208
0.217
0.212
0.367
0.229
43.911
87.218
0.808
0.219
0.278
134.104
0.413
0.213
0.225
0.254
20.842
0.260
40.233
26.563
32.941
22.772
21.892
39.941
31.972
0.201
45.303
77.678
0.254
0.227
0.447
20.407
26.521
20.360
23.195
36.818
15.555
76.740
0.337
0.998
2.374
125.072
0.230
0.222
3.299
0.319
44.026
9.736
55.578
0.317
0.900
80.802
45.150
0.263
0.257
2.820
122.856
0.230
0.827
0.905
0.207
118.172
0.238
0.207
0.966
0.838
17.518
90.098
0.265
0.235
17.257
85.091
4.293
0.252
0.875
0.817
29.059
10.345
90.012
5.522
0.260
38.349
72.069
0.228
0.239
0.241
59.585
59.069
0.233
0.281
0.967
134.238
9.969
0.407
0.229
0.260
96.362
0.228
0.254
0.385
30.279
41.955
19.731
66.210
0.219
0.214
71.972
0.260
0.857
21.639
0.397
94.216
38.303
0.220
0.216
0.410
63.126
0.227
30.567
0.948
0.216
112.498
23.442
1.039
0.216
0.241
125.850
0.220
0.244
0.227
0.949
55.229
67.678
0.394
0.273
2.586
46.178
0.286
31.155
15.030
0.265
89.537
30.526
0.268
0.267
0.217
46.124
64.757
0.246
0.217
0.230
83.479
0.305
0.238
0.265
0.205
3.803
125.468
0.890
0.238
0.240
9.173
36.365
56.524
0.268
0.373
45.456
73.844
0.349
0.881
0.235
13.069
33.703
12.688
86.014
0.265
86.482
0.263
44.259
1.124
0.361
102.542
0.257
28.837
0.384
0.231
55.595
40.872
0.241
40.137
0.372
43.050
0.281
16.690
0.274
0.236
73.017
69.783
0.278
0.228
0.259
93.250
0.274
0.259
0.848
33.250
96.087
0.222
35.008
2.239
0.252
60.277
0.252
29.807
3.992
3.459
56.722
4.579
73.506
0.214
0.231
49.590
82.686
0.238
0.216
0.235
7.502
57.065
69.489
0.252
0.854
86.411
0.209
27.796
4.779
0.928
86.606
35.196
0.235
0.462
15.811
63.764
28.482
0.281
0.981
37.167
96.591
0.337
26.231
0.263
0.239
63.908
67.031
0.993
0.227
0.214
17.559
127.529
0.230
0.260
0.300
60.997
31.171
46.414
0.228
0.231
139.179
0.215
0.353
0.241
0.894
57.061
28.334
0.899
0.333
0.233
94.078
0.227
18.349
0.348
19.340
44.269
0.293
0.262
2.626
0.384
51.657
13.147
75.607
0.268
0.353
61.033
69.554
0.262
0.220
0.370
89.056
0.249
0.238
18.467
0.276
114.719
0.249
0.370
0.264
0.239
125.130
0.241
0.937
0.211
0.932
31.021
87.675
0.216
27.262
0.244
25.687
1.464
104.699
0.365
0.241
59.211
39.057
0.995
0.958
31.693
70.906
18.572
0.951
0.273
0.922
36.192
109.538
0.923
0.255
0.263
100.264
39.239
0.265
0.384
8.219
95.918
0.389
0.268
42.374
0.225
53.314
0.964
68.740
5.338
0.235
67.850
0.335
0.874
0.246
46.818
131.270
0.246
0.270
0.216
0.227
120.497
0.224
0.877
12.831
0.284
45.255
43.505
18.740
0.259
0.234
58.255
1.815
62.547
0.268
0.214
118.620
0.231
0.220
0.303
0.235
44.697
0.238
0.233
0.219
28.514
91.755
21.892
0.347
0.211
0.235
56.548
0.237
0.412
68.074
0.225
142.214
0.260
0.247
0.208
0.295
94.066
0.236
0.259
0.335
35.878
125.850
1.707
0.241
0.325
0.241
84.692
0.916
1.279
11.981
0.219
49.307
85.800
0.321
0.229
0.263
98.591
0.899
0.231
13.145
1.012
107.945
0.251
18.503
0.873
0.212
67.251
0.236
0.233
13.088
0.254
137.854
0.215
0.340
0.271
0.872
0.380
43.073
0.252
0.849
19.990
65.293
0.225
0.427
0.226
17.134
57.785
15.769
22.020
0.851
2.472
146.632
0.493
0.219
0.215
0.217
30.794
116.658
0.219
0.273
0.206
130.576
0.260
0.859
0.878
0.230
97.857
0.227
9.914
0.349
5.150
9.979
57.124
64.007
0.273
0.224
59.861
81.619
0.977
0.961
0.279
99.777
0.228
0.980
3.288
27.657
10.053
105.001
0.278
0.234
0.298
17.158
66.865
13.502
38.240
0.222
118.938
0.227
26.048
0.298
0.267
97.336
0.240
0.434
2.477
0.243
82.718
0.229
0.230
5.864
0.885
92.408
0.259
0.306
0.219
0.886
55.356
11.458
0.997
1.536
55.567
59.601
39.005
0.251
49.297
0.317
61.032
73.691
0.971
0.215
0.318
71.365
50.461
0.979
0.212
0.259
90.301
58.231
1.045
0.275
0.378
55.470
0.241
22.774
19.409
37.071
133.284
12.529
0.383
0.958
0.225
154.758
0.408
0.236
0.209
0.251
46.742
98.494
0.905
0.346
0.237
7.755
48.964
0.279
52.975
9.257
113.480
0.271
27.719
0.241
0.902
46.246
47.100
0.276
0.254
0.394
4.550
111.677
0.218
0.990
0.894
56.048
0.226
33.062
0.244
0.233
38.994
20.795
0.277
33.258
41.749
49.284
0.402
43.183
0.238
56.137
62.442
59.961
1.130
0.308
1.034
9.779
1.096
52.473
0.994
90.642
144.985
0.287
0.241
0.261
0.257
95.256
1.007
19.507
9.601
27.934
45.934
45.775
6.353
0.250
25.607
74.130
78.929
0.249
0.231
0.352
132.080
1.017
0.252
0.267
0.270
20.351
0.273
74.221
0.888
0.257
55.595
0.939
1.006
75.490
0.904
64.267
34.194
38.148
0.268
0.235
126.157
0.234
0.271
0.998
0.862
19.254
23.103
56.280
29.082
1.133
11.293
110.243
14.102
4.205
0.286
10.144
63.127
28.073
0.242
0.969
12.647
82.751
0.253
0.235
0.335
8.717
136.090
0.270
0.918
0.932
21.753
45.623
0.367
55.859
0.229
29.847
30.022
0.293
0.996
42.939
0.216
98.524
2.554
52.224
0.267
155.370
0.980
0.214
0.867
0.244
77.378
64.681
0.276
0.263
0.373
84.652
0.988
0.872
0.991
43.247
31.728
65.919
35.277
0.914
0.233
39.937
0.955
0.879
51.708
19.382
99.209
1.047
43.648
3.394
0.427
72.613
1.019
33.614
0.928
0.276
158.403
0.219
0.431
0.275
0.239
139.692
14.285
0.233
0.956
0.382
95.468
0.411
1.405
40.624
13.909
29.799
71.672
0.243
0.945
0.230
20.930
109.119
9.084
0.223
0.317
45.687
0.576
57.841
0.996
0.281
102.937
51.151
0.886
0.268
0.268
128.959
0.279
0.228
10.748
0.225
48.644
16.358
0.264
26.261
0.278
36.314
108.504
0.467
0.260
3.550
91.769
6.003
1.020
0.284
16.581
57.816
0.292
2.186
31.641
0.231
130.578
0.228
0.290
26.153
0.226
142.287
0.252
0.252
2.017
0.235
106.131
0.376
0.234
26.449
21.706
137.842
0.278
1.052
16.774
0.247
125.965
0.313
0.239
0.231
0.325
157.153
0.362
0.257
0.240
0.224
130.302
0.263
0.249
0.950
0.275
102.687
0.396
38.334
0.230
0.241
134.576
1.018
0.272
15.640
0.217
129.840
0.260
0.284
0.282
0.316
99.979
20.626
0.906
0.258
0.216
94.297
0.897
52.639
0.935
0.219
152.167
0.343
0.235
0.215
0.991
106.620
0.535
0.401
0.254
0.252
156.571
0.233
0.251
0.274
0.259
151.312
0.281
0.226
0.270
0.324
70.848
1.202
0.231
85.840
1.012
100.966
52.051
4.951
0.273
0.247
48.893
20.737
0.270
34.255
0.411
20.433
62.233
0.290
0.227
0.257
13.302
138.217
0.245
0.241
0.258
117.955
0.274
0.297
31.379
0.370
79.233
0.364
0.228
0.227
0.222
119.282
0.273
7.113
22.106
0.249
80.749
56.263
0.235
6.984
0.241
111.746
37.434
0.238
0.284
19.308
14.037
48.539
3.795
69.764
0.267
145.600
2.657
0.972
0.265
0.247
65.449
69.624
0.227
0.365
18.149
99.477
0.268
0.235
0.273
6.692
170.397
0.360
0.240
0.237
0.227
133.491
0.245
0.244
0.915
0.300
159.059
0.259
0.226
0.283
0.216
138.766
0.262
0.227
1.037
0.263
159.212
0.224
0.338
0.240
0.263
80.655
0.235
36.760
0.252
11.165
100.921
49.341
1.012
0.244
0.233
161.517
0.230
0.255
0.376
0.394
103.767
0.410
0.255
0.246
0.391
93.190
0.252
16.538
0.230
34.911
60.133
0.287
1.020
94.872
0.329
107.042
0.257
0.355
0.262
1.030
123.699
0.266
0.284
0.225
0.233
22.211
83.946
0.251
0.427
0.226
76.190
30.615
0.360
6.092
0.227
8.985
130.501
6.942
1.047
1.402
72.886
0.407
0.940
0.241
0.985
103.751
0.254
40.564
0.260
0.932
127.896
0.237
0.306
0.245
0.905
61.725
0.370
21.742
63.293
0.262
66.031
91.090
0.967
0.263
0.256
60.837
42.555
48.416
0.327
0.265
51.675
0.251
27.254
1.693
0.233
65.511
3.847
0.236
19.089
0.254
109.713
0.270
1.441
0.252
0.337
78.869
25.173
1.051
30.570
0.265
159.561
5.385
0.228
0.992
0.310
97.269
1.031
0.260
0.372
5.478
89.632
0.950
0.224
50.244
0.440
101.097
0.261
20.648
0.926
0.231
34.709
30.449
91.124
0.252
0.233
93.988
12.819
46.896
0.252
0.246
18.991
11.140
107.278
0.225
0.220
116.504
1.018
29.487
0.270
3.679
102.315
0.951
0.327
35.890
0.940
115.543
1.044
1.120
0.279
0.235
29.382
119.580
0.381
1.085
0.236
9.448
54.655
48.959
0.254
0.329
105.544
2.237
0.244
1.077
1.041
109.524
1.066
15.095
0.278
0.254
71.773
0.276
72.686
0.228
1.074
131.396
0.281
27.791
0.239
0.250
76.150
0.303
79.425
0.249
0.357
1.249
4.078
46.480
81.695
0.279
64.118
30.538
1.009
0.918
1.450
68.174
0.281
68.783
0.975
1.048
55.385
0.256
72.721
0.289
0.472
29.146
21.487
115.210
0.248
0.466
136.575
0.386
0.287
0.971
0.292
106.473
51.150
0.371
14.824
0.294
43.860
70.012
0.228
0.273
0.384
20.192
14.512
0.313
35.164
67.153
76.563
1.060
37.669
32.656
0.284
104.240
0.231
0.279
0.302
5.834
70.852
65.189
0.234
4.633
1.060
65.401
25.830
0.230
0.376
0.943
132.947
101.547
0.287
0.246
0.226
33.720
12.476
82.242
137.398
1.124
57.910
0.290
99.262
76.861
1.261
141.167
1.060
6.750
0.300
0.421
37.529
0.486
3.532
0.259
18.319
78.626
63.114
0.290
0.388
0.300
71.617
0.980
0.458
64.729
93.010
132.216
0.285
102.531
0.357
0.263
162.942
0.349
1.038
140.004
0.306
67.938
0.300
12.264
0.322
0.412
117.855
127.181
0.953
0.976
0.255
67.212
1.067
0.238
149.749
11.341
65.079
0.262
158.274
0.343
0.969
24.669
23.011
181.223
1.065
0.233
268.318
0.295
0.292
0.303
1.055
144.213
3.346
142.916
0.289
0.289
79.912
60.731
1.031
0.240
1.423
297.665
1.065
0.227
0.239
0.303
149.810
0.996
0.294
0.288
1.402
142.798
1.033
15.141
1.061
0.270
16.432
224.689
0.407
50.228
0.243
80.462
57.381
10.124
0.302
0.286
133.286
0.297
12.378
90.350
49.318
262.016
0.311
11.533
0.533
0.282
130.490
7.829
96.744
0.285
0.278
136.874
0.252
137.572
0.244
0.257
146.618
90.310
0.244
0.329
0.265
232.130
0.349
0.290
1.141
0.238
243.037
7.083
0.252
5.592
0.252
23.821
54.751
0.276
0.284
0.229
234.135
0.282
0.384
0.238
0.246
243.737
0.306
0.377
1.034
0.239
183.120
50.007
0.353
0.279
0.241
145.176
0.298
100.775
0.248
0.402
81.458
156.888
1.053
0.268
0.281
72.661
59.154
0.262
106.327
0.399
230.228
0.963
0.236
0.231
43.659
46.428
0.961
17.921
0.280
70.296
274.713
0.290
0.951
0.238
0.273
247.636
0.344
1.049
0.255
9.130
253.890
54.270
0.300
0.297
1.119
15.415
0.450
122.635
0.244
0.376
252.575
0.239
10.507
0.244
1.028
145.469
0.281
44.986
56.270
0.340
64.807
77.849
0.474
17.177
0.391
235.239
1.077
0.272
0.262
0.299
30.274
205.387
0.248
13.225
0.260
236.040
43.633
0.287
0.297
1.176
239.261
0.263
0.321
0.267
1.393
300.385
0.247
0.251
0.243
0.239
248.682
15.817
0.345
0.259
41.430
82.468
74.752
0.285
0.235
0.256
62.244
247.570
0.294
0.449
0.252
155.011
0.255
0.327
1.243
0.283
71.278
77.121
106.446
0.245
0.302
254.701
1.080
0.259
0.232
0.227
247.114
0.349
0.295
0.299
0.242
24.272
118.944
0.284
0.931
36.327
142.093
104.945
0.391
0.295
0.275
29.404
196.002
0.238
0.296
0.972
26.550
52.456
69.772
0.406
105.175
251.058
1.155
0.273
0.274
0.392
74.976
170.380
1.007
0.255
0.230
253.444
0.278
0.311
0.411
0.297
303.637
0.469
1.181
0.996
0.289
260.085
0.297
0.383
41.184
1.122
248.618
1.075
1.037
3.223
1.101
250.239
0.423
4.891
0.283
1.041
144.305
16.091
1.128
77.818
0.980
50.303
79.765
0.263
9.015
1.071
28.182
110.441
8.741
0.286
88.365
141.164
1.128
90.010
0.311
0.270
278.958
0.287
0.972
0.359
0.289
155.373
95.198
0.979
0.258
0.433
255.671
3.311
0.966
46.560
1.364
18.002
35.061
96.522
1.364
1.099
253.320
0.252
0.297
1.214
5.149
240.266
0.279
0.402
43.600
0.263
252.506
0.394
0.257
0.251
0.435
232.332
0.330
0.246
0.251
1.052
231.281
0.260
12.209
0.993
0.290
78.084
0.244
160.024
12.896
1.111
61.793
0.278
180.898
0.300
0.276
245.819
0.265
0.265
1.057
0.332
92.739
0.419
0.262
0.286
170.586
153.160
0.273
1.092
3.475
0.324
147.988
0.271
0.254
1.493
110.255
172.687
1.122
0.384
83.975
0.385
253.771
1.232
0.239
1.029
0.239
170.102
0.347
160.612
1.156
0.241
88.293
67.929
0.279
0.270
9.966
243.279
6.412
0.257
0.281
1.028
252.422
0.273
0.245
0.249
44.150
131.420
154.293
1.270
0.451
0.257
125.690
157.571
0.249
0.245
0.311
73.272
6.071
82.171
96.736
0.245
59.565
22.920
223.859
0.284
0.290
128.486
0.307
0.425
1.044
0.303
257.954
1.318
0.276
1.098
0.306
56.633
92.960
0.244
1.099
0.251
152.470
1.182
0.255
1.143
0.289
149.103
10.619
1.155
0.273
0.246
146.005
0.266
123.528
0.252
0.239
59.762
0.447
0.315
1.007
64.050
69.533
0.261
94.595
0.292
0.292
148.536
1.014
0.284
0.260
1.079
232.467
0.294
0.254
0.321
0.306
69.173
0.416
0.967
73.006
0.357
137.919
14.934
0.313
0.273
0.274
76.433
0.579
62.903
0.299
0.327
255.009
0.258
0.348
0.241
56.802
34.062
1.147
228.676
1.205
0.302
75.854
62.082
17.473
0.298
93.360
170.174
0.313
132.338
0.485
0.295
75.368
63.462
17.856
0.270
12.577
88.865
63.649
0.282
0.266
0.279
134.977
0.305
34.170
0.314
0.297
123.318
0.469
116.211
0.286
0.245
50.525
0.249
21.190
66.274
1.649
148.705
124.515
0.252
0.978
0.365
20.715
106.757
18.799
95.315
5.682
161.540
0.249
0.412
108.087
0.314
263.427
0.254
0.252
0.328
0.257
260.945
8.829
0.258
0.265
0.988
314.696
1.343
0.268
0.335
0.244
266.331
65.654
0.400
5.375
0.275
149.189
118.839
0.480
0.262
0.260
92.102
45.250
0.251
0.997
0.306
71.044
8.215
8.758
0.341
0.248
75.248
1.063
1.158
81.448
37.215
139.958
0.316
0.325
0.255
0.273
247.393
0.263
0.318
1.052
0.312
231.573
0.251
0.987
0.386
0.313
86.640
0.309
227.221
0.568
0.341
75.766
79.575
11.539
0.276
3.215
76.510
1.125
6.525
188.222
0.642
269.629
49.507
0.252
0.356
0.273
16.243
70.727
6.989
0.268
155.904
156.873
0.456
0.319
12.035
78.026
140.178
107.244
1.152
1.002
1.096
262.695
44.389
0.261
0.300
0.262
140.559
1.018
0.262
0.238
0.313
256.183
0.252
1.097
0.237
1.043
121.294
23.256
0.308
7.505
14.149
75.948
0.298
68.660
0.302
0.247
59.764
88.720
0.259
0.453
0.335
19.139
249.983
0.443
0.314
0.296
266.521
0.324
0.256
0.439
1.058
149.492
1.192
0.295
116.171
0.255
72.632
0.317
236.421
0.507
0.338
274.718
55.988
0.262
0.260
0.356
79.682
59.364
4.736
0.342
0.295
61.973
193.200
54.694
0.262
0.340
154.224
98.355
0.313
0.394
0.302
88.411
211.861
0.291
0.405
0.273
23.111
106.773
1.096
0.243
180.014
151.306
0.289
177.505
0.336
0.418
73.109
192.634
0.304
0.281
0.972
151.282
0.348
1.121
0.246
124.478
17.548
1.038
257.664
0.278
1.064
17.825
136.028
10.638
90.057
0.368
63.769
16.076
0.287
0.270
197.039
77.629
0.289
202.206
0.268
0.388
15.262
0.335
63.104
234.806
0.271
52.986
252.676
0.349
0.280
0.275
13.931
154.471
88.051
0.368
0.279
265.681
11.637
0.335
0.255
0.300
277.412
1.176
0.290
0.268
0.505
163.333
0.321
0.239
115.776
0.310
14.792
249.631
17.048
0.377
4.926
54.580
134.150
0.367
0.270
93.954
331.440
0.642
1.251
0.292
0.378
39.459
119.444
173.787
0.639
1.313
56.043
0.263
107.915
157.488
1.261
278.221
0.478
0.265
1.010
0.247
130.471
0.353
164.554
14.307
0.330
59.055
102.861
0.351
7.231
0.290
168.244
166.006
1.601
0.260
0.333
17.348
133.954
1.186
0.259
135.020
281.313
0.337
34.982
16.510
0.303
274.749
0.367
5.909
7.748
0.305
81.834
212.583
0.263
0.458
1.157
161.445
1.128
2.933
10.619
0.319
27.759
238.977
8.250
0.319
0.257
176.595
0.282
0.271
0.255
1.096
77.603
70.620
0.322
1.103
0.246
155.301
0.276
1.147
155.980
1.225
149.842
77.753
0.534
48.680
0.397
296.374
0.262
0.365
0.296
1.168
272.994
0.327
0.418
0.284
0.292
49.072
6.092
21.785
0.319
0.388
160.898
0.283
0.262
110.945
0.316
13.604
256.179
1.460
0.254
0.282
280.797
1.060
1.065
0.259
0.262
165.118
0.298
0.249
0.249
0.361
154.247
103.385
0.327
0.247
1.028
85.668
0.260
71.980
104.054
4.672
35.412
106.556
0.278
0.399
0.286
164.363
0.276
0.375
1.035
108.204
170.567
0.267
0.270
3.221
1.258
140.152
194.176
0.309
0.257
0.431
276.949
6.433
0.302
0.263
0.355
265.502
0.312
0.262
1.208
0.427
19.178
0.289
71.569
14.507
0.404
193.966
0.313
104.210
45.020
0.483
294.572
0.317
0.308
0.305
55.411
166.141
2.143
0.264
0.247
1.104
31.338
127.177
0.258
96.937
0.442
149.816
0.338
120.489
0.297
0.385
285.595
0.497
0.307
0.298
0.423
100.729
0.470
0.292
0.262
0.448
172.586
0.255
0.298
0.380
173.672
171.836
0.325
1.146
0.268
0.369
166.950
115.572
0.286
0.305
0.409
164.344
7.304
0.477
7.443
109.321
43.889
245.066
0.284
0.552
0.306
153.673
1.024
0.292
121.554
0.339
53.104
0.272
97.247
0.286
0.450
268.654
0.276
0.399
0.286
0.250
73.783
56.836
139.824
0.312
1.084
96.392
0.329
10.883
0.300
0.320
167.484
108.713
0.281
18.171
0.260
340.215
0.305
0.272
4.731
0.279
66.103
0.335
1.044
1.039
0.273
93.013
69.164
0.272
3.177
9.044
81.491
0.356
247.508
0.475
0.308
40.583
28.574
85.215
0.314
133.852
274.487
0.394
0.311
5.001
56.607
158.454
0.260
0.409
0.291
13.932
64.332
198.892
0.310
0.322
0.325
54.302
212.176
0.319
0.255
0.262
272.082
0.274
0.386
13.170
0.292
91.704
0.255
88.094
0.271
0.380
25.377
154.494
127.368
0.310
0.391
98.126
57.661
16.999
129.811
0.371
103.129
190.661
0.423
0.265
0.260
8663.575
1.163
0.524
0.282
15.414
98.413
0.284
4.795
1.863
0.275
30.861
28.326
106.363
161.520
1.467
271.142
0.325
0.322
1.217
0.262
77.412
1.162
21.405
0.405
63.305
17.749
139.047
1.136
0.343
0.276
173.371
0.333
0.264
116.532
0.303
81.236
0.314
27.295
243.785
0.388
171.727
0.294
4.999
0.408
0.287
307.419
0.257
0.262
0.313
0.321
37.093
181.715
0.477
0.492
0.447
30.347
138.736
0.278
1.281
0.310
293.438
0.340
1.131
0.265
0.309
270.112
0.278
1.186
1.114
5.268
167.447
0.260
0.450
119.991
0.466
184.038
134.397
1.216
0.300
1.074
305.616
0.271
0.255
0.485
0.289
96.730
60.043
146.013
0.259
0.265
313.012
0.337
0.262
0.420
0.314
38.337
0.322
257.863
0.430
0.309
292.180
0.324
0.300
5.072
0.294
169.438
0.278
7.352
0.317
0.262
162.260
0.293
10.057
0.294
0.272
20.210
265.375
1.157
0.256
0.298
268.759
0.410
0.319
0.271
0.297
99.559
0.383
0.332
0.252
59.681
