0.076
0.248
0.325
0.218
1.813
0.361
0.374
0.589
2.733
2.124
2.128
9.971
1.990
1.670
3.114
2.640
4.666
2.751
2.171
1.058
1.966
10.947
2.951
6.055
10.451
2.964
1.914
2.823
3.024
7.138
2.752
3.256
3.560
1.152
11.508
7.612
4.895
4.137
12.129
11.415
5.958
9.255
6.255
5.852
16.424
7.165
9.393
7.529
11.781
6.899
9.017
12.815
9.208
23.584
9.904
4.889
8.109
4.627
38.252
19.249
14.818
8.978
16.465
11.703
22.902
8.304
11.307
8.227
15.623
5.689
8.793
5.832
9.810
9.600
7.969
15.204
11.437
6.598
14.294
15.153
8.512
16.287
16.150
8.724
12.488
17.597
8.192
10.756
10.233
13.418
19.171
8.824
11.214
18.734
16.360
16.581
18.399
29.505
14.845
12.198
12.207
14.845
22.847
21.104
18.326
18.183
19.474
18.447
17.993
19.868
20.867
28.518
39.008
29.991
59.733
32.899
24.125
33.983
33.099
24.644
24.843
56.789
23.411
34.654
18.577
36.593
18.686
85.331
32.017
130.356
40.152
31.542
48.211
31.056
55.991
49.318
25.788
53.289
66.444
49.588
31.576
56.822
46.774
74.207
76.932
83.413
45.320
69.731
50.798
147.689
113.564
50.489
48.048
65.087
72.832
284.606
84.081
86.311
76.891
50.954
62.576
224.192
109.258
431.414
163.238
142.444
190.982
127.266
202.736
141.254
126.757
93.487
244.294
235.211
184.637
374.223
112.008
162.824
141.887
187.953
112.986
168.324
321.203
114.437
203.151
107.698
227.985
352.601
116.845
160.332
179.637
142.839
161.237
172.023
111.820
150.936
157.013
113.937
294.341
121.256
646.105
147.931
181.773
166.783
515.182
310.585
200.477
265.991
237.450
189.008
219.773
212.772
241.109
251.929
215.853
188.139
315.446
258.884
358.754
190.177
154.696
170.506
164.233
163.508
500.478
160.630
172.057
137.295
153.474
218.837
184.042
182.148
182.639
689.860
201.788
476.915
191.155
201.998
197.303
187.280
232.421
197.957
194.577
177.113
196.612
189.630
148.919
181.455
473.909
509.590
258.601
854.944
240.229
216.989
230.279
224.071
752.850
165.234
951.139
248.725
223.026
225.678
226.152
172.033
218.119
177.859
1024.168
203.516
1163.066
290.169
233.852
230.041
269.564
643.438
284.602
344.519
230.142
273.411
758.597
301.381
293.918
329.341
265.256
835.946
298.049
249.258
289.147
268.709
1251.025
314.119
310.601
324.562
280.753
1193.081
274.316
286.710
273.817
288.786
927.814
297.807
304.015
295.169
1459.493
311.832
339.259
314.275
328.652
310.548
325.646
311.296
410.948
368.694
369.123
393.096
373.042
361.445
336.166
381.733
350.849
387.660
363.752
385.205
366.535
1250.594
418.955
385.543
387.887
397.321
371.486
371.204
788.688
379.163
387.145
393.464
353.362
416.543
418.048
393.680
978.286
1963.678
858.523
663.585
461.217
429.210
1260.380
453.831
442.913
448.354
454.674
443.783
439.926
458.451
449.686
1689.971
2385.243
575.303
604.963
510.198
489.568
505.331
512.920
490.516
503.665
493.244
503.432
492.040
689.497
1676.279
560.363
551.854
545.617
556.051
576.122
2722.848
620.997
580.567
2191.549
615.387
626.271
616.668
628.834
618.282
631.101
616.226
663.963
2919.434
703.167
748.955
692.593
1533.592
711.343
709.610
723.114
669.146
681.875
669.428
3064.825
732.347
759.418
777.358
797.833
731.338
771.214
740.543
812.504
796.248
788.871
763.243
4114.822
2295.105
843.554
3650.517
1196.905
851.844
780.105
891.985
770.620
768.786
2997.286
844.901
825.154
756.371
800.270
1028.978
4226.433
3472.474
907.383
955.754
863.024
843.476
871.945
861.184
956.460
886.637
848.209
884.226
902.805
4308.560
3803.934
976.645
1456.840
957.163
1330.609
1020.205
1022.802
985.618
1033.706
999.873
1116.366
980.226
970.101
1038.462
1016.797
999.713
998.007
1043.946
4139.615
1065.220
991.967
1001.798
1008.552
994.675
972.940
5444.808
6042.359
8839.234
1506.410
1307.673
1326.192
1426.086
1317.927
1330.938
1289.482
1352.046
1349.999
1323.951
1365.852
1462.164
1369.814
1456.611
1372.606
1396.335
1332.756
1341.244
8547.257
1513.958
1490.277
4075.929
1512.853
1515.024
1560.815
1569.235
5000.241
2627.096
1607.827
1732.540
1585.958
1640.580
1574.251
1582.010
1907.018
1495.266
1485.500
1579.381
1465.687
1469.298
1514.318
3934.031
2287.775
1762.567
1761.677
1784.434
1739.736
2731.225
1626.263
1641.751
1679.057
1693.922
1678.386
5533.811
1745.683
1768.287
1880.749
5372.209
1797.180
2091.090
1795.285
1753.777
1751.596
1733.642
2341.088
1734.078
1743.335
11788.569
1906.214
1785.349
1797.401
1749.569
9919.581
1897.093
2576.492
5670.270
1939.933
1911.966
1838.660
1787.092
5701.547
1822.718
1789.037
1754.746
6643.641
1882.226
1802.945
2715.720
1891.280
1906.958
1898.615
6910.565
2505.277
2483.635
1261.932
1151.680
1170.497
1142.552
1165.073
1178.844
1145.426
1143.517
1185.160
1179.270
1300.178
1219.423
1203.502
1204.998
1187.153
1197.433
1179.563
1245.674
1241.253
1222.956
1236.271
1203.285
1204.542
1170.814
1239.543
1207.774
1651.447
1157.706
1159.344
7220.515
1234.738
1244.543
1216.172
1233.484
1211.610
1224.710
1186.468
1219.674
1258.097
1223.701
1254.729
1223.234
1228.841
6191.334
1360.954
1370.930
2519.377
1402.217
1446.758
1385.409
1599.515
1378.310
1365.192
1349.255
1330.054
1375.867
1395.850
1363.572
1346.045
1391.647
1353.726
1390.505
1385.372
1400.245
1376.918
6584.249
1457.515
1432.731
4488.034
2097.935
5318.760
1423.218
1385.027
1432.346
1383.141
1437.210
1389.152
1372.858
1420.796
1397.308
7001.552
1775.793
1622.725
1513.472
1648.520
1540.223
1579.364
8949.378
1714.022
1569.638
1554.554
1622.014
1602.180
1591.254
1614.868
1583.571
1603.286
1585.845
1784.424
4924.325
1616.450
1663.580
1635.131
1623.421
1629.066
7151.465
2007.320
10158.703
2071.908
2600.966
1830.545
1913.975
1908.538
1831.244
1826.919
1855.166
1888.789
1907.110
1888.575
3690.320
1893.821
2600.908
3300.285
1831.480
1863.756
1890.316
1863.240
1911.182
8815.626
5125.879
1980.762
1985.333
2865.113
1940.959
2020.608
2011.202
2466.080
1982.880
2021.358
2054.798
2048.387
2042.284
2017.802
2052.331
2088.444
2105.615
2096.138
2081.854
2093.660
2281.665
2149.759
2142.580
2142.595
3754.372
2183.403
2193.908
2167.399
2198.792
2132.372
2103.223
2431.898
2159.009
2421.715
2097.179
2111.778
2102.405
7669.911
2314.337
7369.693
2424.422
2380.663
2354.038
2307.094
2344.360
2437.686
2329.218
2319.228
2380.033
2382.192
2370.846
2391.440
2352.798
2380.871
6367.486
800.452
798.967
803.765
812.812
759.975
794.587
762.977
785.956
780.620
770.032
788.115
779.035
793.869
786.977
801.535
791.490
771.027
763.031
751.886
807.673
766.709
745.744
791.487
784.754
752.825
781.469
761.433
13951.140
2975.054
2778.770
15260.798
3199.746
3087.892
3030.471
3041.906
3529.884
3505.348
3021.749
3094.126
3119.661
3168.805
3069.138
3101.998
3235.355
3158.003
3203.582
3151.028
3114.516
3191.247
3132.628
3937.434
3278.977
19034.227
3466.460
3246.141
3285.066
3295.739
4724.120
3304.875
3214.340
3259.327
3272.636
5674.436
3293.276
3387.769
3468.631
3387.813
3427.207
4675.411
3623.622
18616.110
3769.647
19580.563
3778.736
24342.414
3786.208
3733.630
18086.683
3877.796
3747.233
3955.951
22891.857
4013.130
5533.268
4302.055
4033.501
3977.770
5820.309
3854.776
6216.484
12615.012
27072.005
4205.622
3899.520
3952.707
3883.682
3922.357
7883.382
2811.346
1851.279
1878.632
1795.488
1845.239
1850.881
1851.540
1825.171
28220.441
4723.472
4695.283
4353.567
4473.329
4261.044
4229.198
4354.942
4184.138
4410.631
4288.012
4267.502
4195.336
27210.759
6125.204
4879.953
1132.038
690.128
718.569
701.076
730.821
739.711
710.407
778.451
665.943
659.885
626.372
636.175
772.401
566.543
630.349
611.327
588.067
526.977
1411.111
412.014
389.100
376.664
1363.754
285.807
280.779
320.327
722.039
1384.273
241.491
252.840
256.310
240.599
283.363
284.939
289.705
290.278
276.237
267.257
251.280
253.997
222.550
226.095
231.636
209.750
271.809
232.104
283.790
270.983
1364.596
282.090
249.864
249.654
252.151
248.489
243.857
273.949
268.496
263.387
269.302
264.058
255.684
285.740
269.241
250.997
262.122
269.053
245.815
251.865
268.351
280.382
297.956
279.314
267.832
268.916
259.609
268.101
227.498
1429.686
178.989
166.247
169.572
1092.882
168.289
166.723
175.782
167.026
175.376
164.996
207.939
176.059
193.814
191.599
179.440
180.701
214.160
190.977
187.105
197.103
177.479
195.767
199.833
1055.361
160.937
160.187
156.047
173.118
163.220
865.525
164.316
180.727
182.332
211.219
211.063
225.829
228.890
213.192
218.954
214.436
227.917
832.564
185.677
191.961
188.283
196.593
215.479
205.696
199.939
185.781
834.929
184.836
174.470
164.726
163.569
157.137
171.762
162.062
181.116
166.166
177.217
198.726
198.393
175.172
181.316
179.911
177.156
168.845
169.625
166.360
1959.903
199.668
250.523
240.941
238.989
234.705
248.476
249.750
220.213
210.568
208.819
418.217
195.933
187.479
187.782
203.329
228.044
230.860
226.095
232.807
224.630
237.580
824.581
231.103
222.131
225.635
220.908
217.050
248.800
237.651
225.195
226.039
227.931
246.123
230.488
233.258
240.091
223.861
233.108
223.059
223.544
223.084
238.532
247.402
236.968
236.411
234.751
231.916
227.904
224.078
2595.155
284.495
296.789
287.648
282.647
2250.944
209.756
220.666
216.508
222.341
220.486
260.020
257.733
258.733
285.645
310.869
307.435
281.585
272.179
316.374
317.917
303.891
298.631
292.432
278.529
259.809
254.957
251.935
256.793
252.473
274.847
252.699
250.327
241.095
249.954
1276.846
261.035
240.861
227.872
227.600
225.747
231.531
228.478
232.604
220.652
238.283
220.558
216.741
219.058
220.620
223.452
232.650
239.514
404.621
257.472
269.145
421.128
319.853
286.123
238.549
252.652
246.631
243.408
266.503
248.962
3204.401
297.167
301.538
285.406
2207.045
352.739
369.172
351.673
370.009
360.636
385.759
1396.718
392.814
400.406
401.304
374.772
383.328
445.090
443.888
417.169
421.469
435.270
427.859
470.134
495.532
492.802
493.399
493.911
509.113
461.013
458.232
470.461
469.803
498.978
482.191
2388.162
407.531
420.253
402.543
401.717
404.920
388.016
384.329
4265.818
378.449
417.716
438.124
410.348
440.355
481.985
472.152
419.568
717.397
468.649
537.494
506.807
510.736
509.118
511.189
491.272
537.520
690.481
799.498
547.076
546.918
516.845
502.482
480.759
462.501
460.673
496.097
491.202
486.802
473.187
2754.684
383.145
396.622
864.503
437.209
443.837
417.039
2428.524
434.099
422.472
409.596
425.996
437.585
418.512
423.317
428.201
445.579
406.875
399.063
388.804
428.290
439.376
446.848
432.900
459.656
448.489
441.065
469.449
441.277
460.727
450.497
440.261
505.901
498.875
508.793
502.216
489.977
553.289
534.350
544.928
528.382
589.649
587.587
581.054
535.861
549.947
523.143
524.772
539.793
551.129
541.302
592.154
567.711
575.328
507.799
499.105
537.719
506.829
607.196
935.855
542.597
578.560
627.851
567.136
595.464
590.575
593.451
579.570
638.924
623.251
589.067
588.072
657.353
625.180
632.511
581.690
613.043
682.959
657.268
4957.157
732.278
737.545
1070.786
725.632
714.415
722.828
750.343
758.120
733.719
689.470
728.666
3583.031
699.946
688.192
686.254
613.203
670.984
701.380
654.965
681.713
677.602
654.686
664.454
660.683
761.900
689.554
693.778
687.536
3151.642
513.660
573.400
531.166
530.045
556.124
7764.940
1987.502
2043.831
2132.422
2380.869
2292.758
2275.046
2335.948
7983.571
1644.599
1797.241
1705.023
1641.733
1784.522
1592.479
1663.584
1630.714
1644.690
1640.571
1605.087
1587.176
1570.071
1626.301
1616.668
1574.163
1380.778
1430.285
1451.051
1617.808
1955.059
1780.511
1864.136
2082.633
1433.382
1388.960
1585.050
1504.261
1394.657
1509.627
1383.300
1550.588
1510.897
1476.342
1448.470
1540.091
1477.194
1504.586
1454.122
1432.929
1398.000
1356.785
1428.634
1419.240
1417.416
1306.751
1379.355
1318.073
1341.391
1306.106
3021.778
888.773
1153.012
912.060
885.568
942.079
1002.859
968.915
1002.350
1342.359
1112.776
1086.600
1036.715
1001.318
1052.818
1058.243
1080.223
1029.095
1113.825
1297.948
1417.268
1002.252
1014.931
902.828
936.238
1114.459
1374.112
3802.869
902.554
895.748
931.512
912.785
929.152
945.043
923.994
912.310
889.195
917.479
912.336
961.114
993.149
976.731
985.962
983.989
911.647
935.924
930.340
854.025
848.413
822.261
857.187
840.403
878.329
893.263
881.395
843.175
869.451
863.803
814.947
847.854
781.042
818.924
781.002
809.198
815.411
852.305
823.004
813.451
808.784
4952.014
711.451
691.920
705.730
699.523
2579.040
667.164
3826.579
590.968
1359.654
617.290
645.818
645.683
694.583
674.105
710.178
683.775
653.625
687.663
1827.243
657.784
659.526
670.609
676.513
650.706
660.029
652.621
712.163
1019.366
12180.181
858.767
1164.955
887.096
850.536
857.205
866.120
842.599
863.401
854.675
855.883
862.090
889.760
866.086
895.942
5668.539
833.075
840.022
861.892
841.311
850.015
889.917
892.011
912.915
820.066
826.128
870.279
867.768
863.483
880.972
954.912
998.158
999.995
1011.451
1016.799
947.435
972.347
1007.721
1002.049
1000.824
997.835
903.611
1050.761
1001.182
939.837
892.614
902.185
880.305
1054.399
1006.254
1029.634
1012.646
7546.782
1034.895
1051.331
1051.272
1005.993
1004.042
946.684
908.636
911.101
986.473
996.890
975.008
973.278
939.479
991.500
1064.985
1080.062
1142.652
1175.996
1166.049
1103.917
1074.979
1072.041
990.040
1014.947
989.604
1176.554
1147.254
5955.393
926.336
909.201
954.906
950.938
1407.063
886.742
879.026
852.022
860.267
859.863
7639.272
908.489
14212.455
1091.386
1063.671
936.137
887.970
901.056
882.702
1496.281
866.491
823.017
877.088
8614.474
1018.404
1012.568
1037.247
1013.008
1057.731
14544.535
1910.504
1796.781
1754.678
1809.340
1617.331
1714.544
1698.825
8301.794
1920.995
1799.138
1762.173
1737.736
1765.708
1797.392
1805.941
1702.567
1698.657
1650.634
1742.816
1735.641
1709.647
1694.615
1712.158
1809.068
1832.813
1774.764
1782.066
1771.436
1817.900
1795.022
1839.719
1797.171
1819.732
1805.218
1833.976
1897.876
1861.223
1842.234
1871.024
1840.634
2039.935
1956.011
2177.360
2080.005
3474.374
2118.832
1995.193
1948.852
1938.553
1964.694
1919.980
1907.532
1875.360
1900.482
1996.134
1950.703
1924.519
1827.344
1881.619
1873.085
1816.170
1822.841
1762.993
1844.546
1897.265
1930.966
1875.137
1856.165
1846.003
1875.222
1863.606
1819.745
1824.263
10438.643
1938.859
2045.796
1922.769
2027.328
1996.189
2058.811
2021.629
2039.124
2028.491
2059.876
2149.058
2102.791
2013.981
2016.419
1906.938
2144.093
2148.788
2030.885
2035.522
2054.343
2192.041
2181.924
2113.648
2224.405
2236.536
2282.474
2179.200
2240.157
2216.250
2118.789
2135.116
2032.626
3705.718
2036.989
2019.857
2013.185
1977.589
2058.568
2145.482
2086.947
2105.344
2117.277
2130.530
2140.288
2052.820
2102.283
2255.721
8384.458
2276.680
2337.333
2355.768
2299.474
2395.403
2407.909
2411.140
2361.194
2433.587
5419.015
2298.201
20636.134
2138.505
2120.416
1994.716
2012.916
2062.694
2116.309
2000.947
1966.806
2081.782
2177.675
2153.787
2422.215
2543.778
2918.381
2963.596
3259.688
3502.990
3931.116
3900.059
3882.062
3843.712
4179.686
4019.516
4204.839
4015.109
4277.526
4265.927
7610.123
4187.324
4263.928
4596.185
4536.608
4566.852
4443.350
4659.531
4607.112
4520.853
24310.188
3928.578
3942.129
3964.895
3908.215
3854.542
3791.647
3942.427
7507.189
3992.047
4007.585
3721.826
9265.408
4183.541
5842.523
3960.228
4114.853
4066.700
4019.630
4117.262
3942.348
3950.605
3898.720
3887.075
3815.338
3818.010
3921.838
8708.288
4045.789
3933.098
4097.317
3994.178
4025.239
3945.771
3823.369
3981.083
3824.605
3938.333
14697.602
3609.614
3565.746
3572.029
3598.904
3520.148
3490.906
3530.914
3524.048
4578.509
3583.561
3580.793
3508.469
3539.774
3362.371
3579.249
3441.702
3666.551
3614.550
3532.179
3636.141
3579.495
4109.264
3563.382
3487.596
3346.778
3537.668
3442.508
3543.498
3651.337
3616.445
3545.996
3379.447
3260.545
3292.475
3421.182
3198.707
3432.213
3394.269
3587.911
3643.707
3669.015
3379.501
3587.720
3521.929
3523.124
3265.516
3361.044
3404.711
13466.275
3149.977
3286.619
3274.322
3236.779
3264.743
3216.622
3290.121
3429.334
3405.206
3461.950
3412.042
3563.753
3570.953
3460.716
3385.174
3568.676
3633.401
3721.421
3814.636
3509.323
3663.085
5338.867
3451.172
3727.281
3550.354
3814.104
3775.122
3693.989
3701.159
3844.202
5901.093
3725.461
3643.396
4201.924
3801.332
3724.354
3724.187
3679.620
3687.547
3694.441
3490.125
3716.194
3443.903
3403.981
3442.769
3367.531
3494.911
3441.429
3444.661
3657.801
3631.974
3662.312
3668.292
22627.002
2932.351
2786.602
2873.502
2791.128
3007.233
2954.356
2857.513
2818.747
2825.812
2795.491
2599.796
2710.339
2891.844
3064.144
8535.876
3100.426
3124.562
3067.108
3090.156
3194.505
3027.877
3079.069
3033.103
3038.082
2937.147
3166.806
3097.127
3003.463
3223.208
3291.993
3097.873
3197.026
3194.418
3110.654
3139.715
3139.826
3027.947
2983.096
2938.522
2997.226
2893.476
3055.686
3010.707
2890.578
3006.021
3013.312
3043.836
3140.278
3145.279
3025.185
3004.268
3100.638
17661.194
2750.289
2591.996
2661.204
2799.947
2760.190
2595.724
2776.635
2782.675
2762.434
2861.186
2840.792
2796.012
2695.749
2875.696
2797.434
2795.023
2844.707
2731.027
2738.382
16223.759
2838.464
2840.571
2964.268
2967.149
2962.181
3112.004
3057.677
3007.075
3097.061
3190.646
3073.052
3092.010
3179.089
3027.787
3063.988
3166.088
3142.749
3250.622
3248.533
3134.947
3074.287
3067.063
3003.710
3094.110
3138.770
3162.244
3031.337
3035.604
2985.592
3079.497
3117.921
3067.865
3045.262
3315.557
3264.020
3283.290
3432.472
3559.413
4302.781
3542.665
3547.831
3387.451
3263.149
3424.013
3702.186
3721.373
3724.421
3664.353
3654.724
3804.924
3834.468
3854.789
3797.781
3886.306
3817.889
3897.106
3794.353
6149.086
3817.712
3859.989
3875.200
4012.769
4091.669
4117.769
4143.663
4145.305
4605.834
4738.997
4945.278
5000.951
4598.071
4794.530
4845.087
4786.779
4768.358
4913.764
4549.899
4687.298
4851.913
4785.083
15554.155
4029.896
3935.149
3956.181
3957.327
3861.494
4022.753
3970.649
4010.513
3982.305
3960.870
4008.917
3989.408
4049.136
3890.562
3817.511
4198.798
4148.685
4093.390
3882.514
4043.901
3877.131
3946.849
4025.858
4357.050
4564.973
4606.126
4456.421
4311.280
4642.148
4601.838
4656.685
4609.006
4824.537
4603.346
4650.924
4677.305
4924.767
4758.069
4853.919
4653.849
4851.346
4590.639
4876.664
4881.979
4947.308
4751.987
4867.604
4801.219
4911.856
4723.145
5200.565
5217.514
5317.846
5110.829
5332.946
5415.877
5759.556
5931.469
5834.621
6076.447
6228.048
6322.141
6403.072
6424.220
6440.355
6460.999
6378.702
6545.714
6529.868
6667.361
6604.569
13377.425
6934.711
7183.337
7085.461
6990.234
7046.652
7164.787
6819.471
6702.197
6874.193
22204.030
10741.239
4531.714
4056.255
4136.615
4305.052
4209.252
4410.518
4372.322
4470.299
4488.397
4395.543
4528.740
4353.060
4337.113
4486.118
4494.295
4371.861
4442.687
4371.470
4572.238
4419.862
4608.132
4511.900
4670.754
4587.377
4615.933
4678.998
4729.368
4436.642
4368.990
4341.629
4258.808
4285.351
4198.838
4216.850
4332.199
4245.328
4306.027
4266.773
4175.908
4200.197
4406.062
4362.184
11213.862
3881.938
3666.265
3916.096
3794.505
3852.692
3967.176
3984.657
3911.044
4099.300
3931.676
4015.123
3868.946
4016.804
21317.370
3188.026
3263.820
3235.780
3205.909
3228.671
3222.954
3161.651
3104.807
3228.803
3235.624
3165.112
3213.747
3108.764
3140.025
3144.605
3300.632
18819.060
3064.584
3141.277
3023.894
3002.447
2982.450
3002.397
2911.400
20725.884
3124.663
3002.092
3118.245
3211.023
3225.554
3238.282
3344.356
3190.186
3308.179
3450.253
5825.818
3509.348
3566.819
3526.253
3822.419
3785.051
3799.709
3844.953
3725.115
3787.681
3812.225
3535.218
3467.033
1.661
3615.133
3465.709
3702.213
3887.348
3536.690
3452.629
3505.710
3453.325
3457.283
3576.356
3663.950
3663.374
3701.615
3432.875
3626.037
3558.278
3426.729
3516.443
3558.057
3672.529
3686.620
3617.435
3754.246
3619.898
25958.436
3275.415
3068.057
3301.309
3241.621
3112.484
3309.770
3255.893
3303.704
3413.916
3340.383
3467.828
3397.832
3394.022
3654.549
3647.789
3687.888
3743.609
3580.610
3615.524
3740.529
3629.690
3955.902
3735.177
29292.938
4009.625
3920.769
8302.600
4895.572
4820.889
5010.110
5224.311
4964.163
4975.312
5066.736
5092.467
4938.869
5045.079
5138.222
5023.731
5206.095
5210.953
5179.480
5466.417
5420.909
5690.245
6154.416
5995.922
5838.585
6000.032
5599.031
5836.915
5445.226
5595.036
5563.540
41599.859
4899.855
4965.607
4698.573
4941.994
4797.585
5007.443
4795.674
4938.718
4845.297
5090.413
4657.390
4805.184
4696.400
4931.983
5088.716
5289.225
5090.475
5357.580
5397.939
5412.578
5307.069
5351.698
5365.026
5221.509
5441.093
5186.649
5264.966
5266.247
5258.504
5197.585
5438.080
4895.583
4978.453
4954.867
5061.298
4626.984
4589.716
4960.764
5031.219
5136.221
4995.685
5127.728
5020.270
5022.056
5020.281
5037.471
34510.699
4259.306
4314.041
4145.761
4206.425
4092.002
4275.196
4227.828
4271.679
4146.307
4267.435
4183.580
4337.549
4378.964
4345.221
4226.116
4167.588
4153.723
4125.493
4084.524
4002.230
4020.545
4071.207
4030.176
4112.489
4040.278
4053.292
3926.350
4014.362
4246.950
4240.930
4351.092
4203.057
4385.843
4441.639
4484.694
4547.605
4693.613
4641.343
4610.546
4656.410
41878.349
3862.620
3788.379
3658.390
4046.063
3875.768
3951.678
4158.683
4015.485
3881.874
3923.661
3928.258
3920.044
3865.809
4177.506
40293.669
5398.544
5310.191
5316.852
5315.890
5531.973
5711.306
5762.483
5777.715
6090.108
6389.129
6178.769
8187.879
7050.352
6965.189
6739.562
6948.809
6799.339
7209.150
16850.301
9616.743
9744.086
9578.525
9303.924
9093.875
9220.199
9020.258
9015.031
9288.952
8919.538
8979.557
9401.309
45109.984
5751.728
5746.416
6109.336
5805.323
6088.336
6013.043
5957.129
6034.535
6053.002
6217.450
6343.274
6285.966
6431.777
6536.424
6367.670
5956.806
6248.453
6201.049
6167.013
6333.990
6178.302
6203.406
6520.274
6566.797
6548.524
6300.260
6813.702
7197.108
6687.216
6771.212
6474.828
6569.487
6225.859
52552.164
6333.166
6360.069
5672.792
5651.381
5830.927
5534.155
5818.861
5855.289
1.176
6028.770
6214.818
6163.208
6130.147
6267.560
6267.243
6241.521
6372.850
6584.750
6817.797
6822.319
6829.584
6779.093
7076.600
7133.019
7221.372
6920.872
7477.038
7332.804
7315.498
17584.784
7740.214
7711.318
7837.642
7961.344
7961.729
7996.048
7690.591
23357.904
7857.315
15897.464
8453.733
8485.196
8243.836
8182.212
8553.371
8317.346
8657.219
8648.904
8403.705
8204.553
8457.958
9102.343
8489.951
9716.821
9183.450
9481.580
9342.952
9321.576
9440.401
9470.522
55322.985
11961.366
11918.414
12024.601
11843.177
11902.894
12166.033
12063.085
12033.086
11369.514
11245.008
56715.521
7266.577
7648.450
7550.425
7568.514
7382.897
7241.856
7497.881
7691.198
7987.189
7932.611
8069.307
7997.601
8153.817
8278.695
8215.926
8104.207
8083.269
8102.367
8531.337
8546.641
65720.668
8349.444
8524.804
8831.786
8939.940
8897.647
8882.634
8649.215
8862.912
8693.140
8740.733
9282.618
8789.988
9044.466
9029.369
8909.710
8722.897
9428.214
9338.052
9393.906
9546.911
9563.234
9749.102
9631.324
9476.492
9548.360
9402.040
20037.610
8792.051
8667.562
11222.448
8818.624
8972.443
9012.943
9105.305
9483.437
9619.548
9664.228
9704.802
9819.071
9427.197
9738.214
9915.806
9601.059
9707.245
9748.834
9978.041
73220.169
12272.473
12629.918
13075.499
73086.512
10860.549
11082.913
11570.089
11384.292
11539.007
11385.734
10237.657
10255.154
10313.528
10344.923
10447.996
10446.086
11396.899
11173.095
11186.129
10654.201
10521.269
10834.153
10984.683
10876.157
10434.185
10593.473
10756.887
10210.792
10283.167
10551.440
10653.900
11113.350
10737.476
11188.786
11260.320
11251.614
11428.633
11246.611
11592.689
10855.666
10674.198
51040.044
9229.307
9608.401
9610.843
9621.117
10112.749
10040.869
10347.395
10434.727
10289.150
10247.891
10611.884
10683.911
10878.743
10857.369
10978.190
10995.713
10695.996
10977.996
11243.084
11416.713
11218.365
11566.869
11148.039
11608.303
11150.752
11768.228
11384.063
11485.949
11589.256
11332.421
11699.769
12011.779
11833.736
11992.315
11881.221
11794.000
10960.247
11265.893
10812.744
11175.761
10841.629
10546.181
10828.403
10719.592
11064.877
76653.663
6369.371
6311.607
6566.409
72675.835
11526.637
12549.180
12010.517
11930.564
12339.702
12755.178
13163.204
13295.447
13407.746
12769.523
30090.545
14969.704
13439.482
13245.226
14105.620
13488.425
13741.873
13418.849
12997.770
12825.894
12942.563
13545.985
13275.125
13475.512
13339.560
13396.526
13563.573
13288.185
14016.801
13739.425
13091.806
13373.578
14456.617
14346.350
15181.231
14201.910
13795.679
14363.049
14090.199
14135.119
13521.838
13245.035
11935.336
12064.255
12109.125
12033.383
33015.153
12148.810
12016.551
12104.315
12345.086
12224.171
12732.975
13143.907
12703.488
12873.933
75146.624
8225.007
8066.317
8364.618
8532.983
8501.080
8727.631
8724.207
9384.854
9033.343
9300.176
37163.495
6053.680
6058.249
6075.710
6163.060
6536.363
7078.459
7120.469
7157.902
7526.648
7728.490
7692.168
7968.105
7843.394
8172.225
8156.982
8268.923
8364.576
8214.809
8507.752
8729.379
9254.188
9097.801
9520.609
9674.920
9968.099
9996.040
10042.065
10478.175
10668.514
10769.163
21887.087
11027.655
11427.907
11656.602
11791.693
11537.710
11552.009
11449.123
11456.499
11629.339
11365.084
11378.836
11300.585
11410.018
11484.318
11726.915
11887.319
11509.002
11431.095
11372.086
11098.077
11561.939
11584.152
12133.943
11720.693
11582.615
12048.636
12260.815
12483.815
12528.656
12748.774
12341.739
12277.568
12259.620
12785.238
12552.649
12530.519
12520.143
12330.508
11961.817
12037.024
25364.526
11116.468
11848.000
12284.200
12683.627
92058.513
13863.358
14327.860
14020.696
13881.634
14219.796
14379.694
14441.973
14192.317
14208.112
14296.209
14352.764
74378.781
10839.723
10655.870
11390.674
11739.046
10768.306
11368.463
11515.387
11874.051
12228.252
11808.343
12338.078
12301.515
12232.752
12745.230
12744.398
13624.333
12713.154
12913.405
13166.533
13936.257
12948.222
13263.667
13619.927
13548.372
14242.587
14339.357
14049.797
14499.735
13840.025
13360.269
13754.121
13556.287
14073.907
13573.637
13377.692
13527.389
13453.945
13838.568
13417.972
13550.135
13011.296
14319.947
13100.100
13033.623
13553.604
13714.245
14123.758
13639.454
13859.450
13764.768
14298.722
13482.854
13554.610
14117.319
13548.019
13835.366
14382.309
14067.121
14073.056
14211.565
14367.466
14120.166
14203.604
13879.996
13557.898
13845.168
13789.750
13749.786
14498.696
14422.910
13876.539
14079.924
14902.580
14534.380
14595.525
14060.541
14168.562
14727.974
14553.179
14677.507
14484.324
14587.360
14814.536
14259.861
13882.483
13836.892
14241.438
14031.136
14742.483
15337.157
14320.305
15189.400
15338.144
15728.992
14789.930
15612.589
95623.249
8897.934
9054.496
9254.569
10967.433
9924.889
9987.944
9870.962
9810.985
9821.106
9744.180
9718.018
10269.095
10296.753
10666.837
10832.602
11338.929
11207.482
10442.633
10808.765
11403.998
11636.435
11607.069
12175.496
13229.522
