0.288
0.114
0.169
0.427
0.871
0.295
1.384
2.238
2.578
0.719
0.085
0.904
0.166
4.225
0.237
0.602
0.968
0.266
1.898
2.162
2.953
5.291
4.593
0.578
1.819
3.745
5.013
9.697
5.924
3.010
5.940
3.475
4.860
1.831
11.649
6.006
1.302
3.656
6.228
3.770
5.929
4.149
3.473
6.531
26.206
6.791
0.127
6.528
13.558
20.859
3.235
6.291
17.772
26.684
3.040
30.190
6.739
42.274
4.272
9.579
17.017
3.083
10.770
14.668
18.074
21.923
4.763
28.081
12.199
31.591
14.271
14.284
17.620
15.798
17.680
13.545
25.237
10.307
19.296
10.789
9.855
15.895
23.945
15.825
11.072
17.341
11.225
16.508
35.781
19.343
15.824
18.350
14.472
25.507
65.810
5.596
19.015
55.569
30.833
50.679
33.122
34.697
24.156
26.120
34.862
42.892
59.485
14.639
26.178
58.630
7.473
31.711
31.914
107.333
55.067
197.699
58.212
144.936
113.584
99.003
72.062
55.324
64.790
122.835
163.930
72.818
75.018
69.652
114.356
135.902
103.969
76.831
173.931
207.949
121.196
142.255
100.655
264.580
237.291
377.678
217.976
237.310
117.810
249.280
130.752
170.788
463.746
353.896
543.055
136.282
317.601
185.324
224.627
276.506
253.605
191.935
175.880
213.081
300.792
251.198
269.697
263.553
155.134
147.963
144.544
182.397
384.438
161.519
297.751
635.487
179.575
206.028
171.299
198.001
253.098
228.018
217.414
437.158
296.678
175.245
271.208
206.064
385.522
720.650
633.750
780.783
206.119
380.695
52.115
135.000
70.959
38.741
50.011
49.504
0.055
32.753
45.354
54.081
1289.835
23.696
784.562
1209.737
1235.973
328.021
269.842
390.160
265.540
263.280
323.256
568.315
262.412
470.342
422.531
288.075
626.357
298.975
360.430
1163.547
312.688
388.375
1204.758
588.098
354.861
335.136
533.836
930.573
410.233
1069.127
477.044
680.756
327.555
298.868
335.093
357.273
162.477
196.145
229.023
100.479
130.620
130.466
373.338
149.962
162.864
571.698
213.982
131.575
161.009
157.205
297.586
584.709
577.031
170.034
170.220
175.896
1896.769
712.127
1156.903
1784.137
428.174
469.291
496.724
825.742
681.114
505.955
795.471
786.882
461.945
464.642
491.209
843.181
479.407
436.367
688.438
445.168
649.681
1658.282
553.904
499.529
513.447
800.467
632.421
2031.898
525.003
952.388
802.413
996.938
2945.382
827.985
855.596
977.817
1127.123
1466.278
759.041
801.279
871.041
2996.537
690.297
737.972
788.871
684.545
1754.775
691.854
1128.311
726.788
754.768
1659.104
770.103
681.469
728.359
679.356
993.556
16.863
862.042
1323.525
1818.229
762.416
1132.418
1343.537
963.112
865.989
1081.018
914.125
907.264
982.404
1621.232
828.406
799.707
2060.275
1439.560
1519.704
1392.414
863.545
2026.101
21.929
900.118
1159.437
1567.331
1417.427
590.516
372.256
364.055
391.589
370.176
367.490
355.302
1735.351
756.081
414.117
775.337
807.570
455.985
502.049
448.913
446.662
442.685
1129.573
484.064
457.253
825.067
811.199
2443.478
488.355
1333.506
548.207
662.565
534.526
528.685
497.994
1266.824
530.004
2246.091
498.589
514.937
759.466
507.921
2465.956
605.463
153.864
138.772
139.607
147.965
132.205
133.142
132.764
132.362
134.423
132.971
139.084
138.175
0.105
134.922
128.110
277.177
121.284
267.140
120.513
122.441
138.722
199.631
125.035
127.606
124.109
126.992
124.595
269.195
125.760
126.784
122.730
539.017
141.804
144.084
153.156
138.936
140.896
138.132
138.323
137.064
136.299
324.906
145.936
145.601
140.824
140.333
169.714
164.760
163.015
162.020
179.008
329.012
171.773
166.391
166.394
170.484
169.662
173.281
162.388
155.924
164.132
148.624
149.339
153.122
166.669
153.941
151.986
151.882
151.862
362.314
149.761
208.765
154.412
152.944
151.725
148.098
144.561
144.255
161.157
144.165
148.030
144.266
156.090
150.053
145.443
145.211
149.403
148.974
145.712
147.050
159.586
155.965
147.421
155.732
163.327
148.795
148.619
150.300
154.461
154.409
153.805
148.531
150.551
153.314
149.275
149.576
158.231
160.369
162.271
739.139
167.834
508.060
192.804
187.595
905.617
213.853
549.655
197.183
177.029
168.432
173.042
195.498
184.430
186.469
184.754
175.128
187.473
172.231
174.228
174.292
174.706
176.923
174.126
172.820
175.202
172.363
174.469
178.347
173.316
170.834
184.891
654.210
214.349
205.412
201.869
179.424
225.112
199.085
187.207
196.565
202.531
188.941
189.741
203.610
202.708
192.646
192.735
195.650
192.117
193.634
193.039
192.045
209.295
192.808
206.897
190.103
191.001
190.233
0.178
189.759
194.104
194.373
190.532
190.276
190.273
189.279
202.284
210.304
207.471
186.169
181.255
181.209
191.287
184.213
202.423
188.307
185.214
199.206
194.162
182.475
194.463
177.695
184.996
181.434
180.768
185.707
186.651
213.190
205.940
206.428
208.267
221.381
209.652
210.597
207.860
206.804
207.058
607.525
218.110
1112.761
218.224
188.533
553.044
262.040
276.385
288.439
263.747
263.839
261.967
262.811
290.430
270.410
271.188
267.067
279.340
283.485
284.392
265.815
274.953
279.304
312.712
314.472
301.841
313.989
299.769
299.736
308.451
306.037
294.364
289.590
0.448
288.880
303.739
285.048
307.649
295.211
1004.792
291.672
320.777
279.945
277.921
276.562
278.378
924.202
297.016
685.377
303.443
303.866
323.352
305.015
300.557
310.824
299.053
902.042
309.116
347.700
320.089
340.612
312.608
1177.426
341.683
365.304
349.640
331.498
336.518
343.702
341.540
325.275
329.050
357.964
341.275
340.088
533.287
393.783
2032.556
413.613
379.171
412.491
387.440
386.337
367.888
368.575
358.461
366.156
362.938
356.045
340.567
339.225
340.547
341.225
345.411
359.160
336.539
339.660
427.912
154.282
107.383
114.699
107.340
124.314
112.237
100.866
109.955
116.266
101.948
102.182
99.387
112.774
100.572
98.004
98.401
95.045
95.354
122.305
102.147
109.990
101.748
103.947
98.512
127.060
119.512
109.297
99.027
100.289
116.409
101.111
107.848
91.780
97.649
97.803
116.267
98.752
104.715
99.111
98.225
97.266
104.050
107.227
102.692
103.548
104.230
103.450
104.601
107.538
103.099
103.348
152.669
107.687
105.491
112.309
105.759
109.194
108.272
110.329
128.381
121.318
132.081
117.142
117.259
108.521
107.250
322.982
121.030
129.614
116.928
116.186
130.596
115.256
115.437
117.436
117.242
130.878
124.131
137.583
136.033
125.197
122.045
123.167
337.526
119.954
133.806
122.280
119.946
119.941
117.934
119.735
120.757
120.782
128.680
120.555
128.545
115.815
118.616
121.793
124.932
128.302
125.647
122.769
153.381
304.707
118.039
121.646
119.150
112.281
112.448
113.734
372.210
125.300
124.247
117.698
116.924
120.918
126.486
130.574
117.581
124.718
127.748
110.482
116.715
118.258
117.179
117.736
117.832
124.989
125.702
121.158
126.604
118.603
116.925
125.655
136.188
131.778
121.211
142.358
120.565
123.670
120.651
136.290
132.920
143.133
144.657
134.568
134.657
735.890
159.870
138.963
140.764
140.489
144.490
145.148
145.258
143.308
152.701
721.634
130.303
133.208
793.882
124.798
126.637
126.735
144.788
133.422
132.936
134.485
127.911
142.496
0.094
132.436
135.403
134.860
136.067
133.782
133.284
134.267
133.742
142.010
135.034
144.517
135.715
137.880
135.465
139.818
141.162
141.575
160.255
144.777
130.810
131.170
130.912
140.058
157.697
148.090
168.819
181.363
1051.635
167.813
156.178
158.809
155.178
151.446
151.474
166.384
151.072
247.019
155.083
159.093
148.461
159.007
149.202
148.221
241.226
143.614
158.547
149.991
149.892
145.799
151.789
707.804
171.923
154.367
151.671
154.864
157.360
155.972
148.379
157.585
154.527
151.699
153.074
177.215
159.185
155.018
160.236
169.855
172.636
173.531
186.093
174.683
182.053
171.335
169.674
173.903
166.260
164.283
167.922
181.542
173.571
190.185
178.214
182.085
180.260
183.375
183.826
180.255
188.613
189.536
185.902
0.148
175.489
183.199
170.722
164.388
171.133
168.102
162.917
164.728
1256.235
285.828
169.754
171.002
169.869
161.595
160.842
169.198
164.547
891.680
181.650
186.399
181.072
184.043
181.619
185.531
184.971
183.349
187.388
196.690
179.940
190.908
186.149
178.800
199.538
176.354
189.253
184.282
185.289
184.703
180.870
177.966
215.655
176.479
174.114
171.073
176.549
161.611
172.081
164.162
163.064
163.911
168.091
166.766
174.791
174.742
170.934
177.507
173.164
174.409
188.047
186.976
184.753
184.076
191.774
184.386
273.954
194.818
213.070
210.398
236.518
364.326
246.655
3.859
1702.854
242.674
216.084
734.993
192.896
200.108
208.145
205.737
212.576
196.222
197.413
198.503
201.024
204.914
226.222
214.968
214.061
206.119
203.016
206.247
219.705
213.653
215.254
221.704
220.805
217.485
227.567
255.608
250.586
249.296
237.569
238.264
247.380
244.939
234.835
398.308
241.704
211.443
209.465
211.321
202.747
201.971
210.763
217.013
377.037
217.242
229.056
213.446
215.694
214.725
224.496
200.455
200.673
205.720
200.759
207.347
211.653
202.872
699.133
222.195
216.297
235.302
235.645
262.046
231.236
215.164
218.540
212.805
222.342
236.197
1696.417
313.504
294.933
312.275
292.001
304.784
297.349
298.036
302.170
315.518
295.835
297.448
313.145
293.971
294.617
317.633
329.068
319.528
318.336
337.439
339.596
341.102
328.742
311.934
350.495
317.513
313.288
310.586
1466.727
318.805
319.796
295.567
322.514
340.078
321.770
314.956
316.430
318.133
316.347
335.186
323.118
321.104
312.756
321.624
342.448
341.521
337.962
352.290
343.056
344.619
348.788
432.574
366.408
353.766
341.594
331.243
334.079
379.255
361.844
338.843
340.555
338.201
341.494
334.549
332.075
348.742
342.713
344.257
345.816
359.175
366.355
368.187
360.930
357.431
366.760
364.694
365.742
387.766
362.604
341.256
351.435
348.252
370.905
367.544
354.346
340.092
355.269
329.589
329.380
341.294
339.697
338.979
319.945
324.394
333.534
373.392
351.212
353.073
351.608
377.073
348.219
343.463
345.502
356.860
371.904
350.010
328.233
422.517
333.578
333.716
329.059
334.648
329.298
321.896
323.814
309.127
312.972
306.241
321.410
317.594
353.230
369.262
369.575
369.222
383.326
346.298
347.856
376.621
364.318
365.809
356.854
356.451
372.794
382.734
372.382
337.201
336.611
335.980
333.651
336.186
330.439
330.366
345.636
343.483
357.242
380.607
386.401
382.105
380.328
382.384
383.382
400.635
369.623
385.211
358.441
359.930
318.354
334.023
342.170
337.996
340.591
324.290
322.673
323.568
0.251
346.046
335.236
341.478
343.393
344.661
367.333
381.350
362.172
362.300
386.111
377.432
378.695
375.668
368.205
363.926
375.873
367.048
372.794
379.718
366.064
342.767
342.897
338.504
340.200
349.455
327.965
329.500
331.652
335.832
369.019
369.646
373.650
365.520
383.602
373.188
363.270
363.638
367.477
353.622
344.056
343.150
337.460
337.766
350.578
355.403
353.920
530.665
364.079
358.364
350.785
349.307
369.723
354.333
397.708
409.991
392.353
392.297
395.068
367.217
371.847
401.000
3.465
378.917
376.879
385.728
1031.413
389.560
394.694
399.568
389.525
370.278
384.700
386.373
368.536
396.763
413.133
408.463
409.357
423.915
411.581
410.397
400.926
416.667
412.564
403.168
395.411
1953.144
395.656
385.685
374.426
379.438
384.329
385.673
413.843
418.642
453.048
437.999
429.597
425.930
395.089
401.105
402.192
407.895
401.283
387.721
391.400
408.738
392.797
399.591
406.234
395.115
397.745
386.780
390.564
436.993
428.030
436.677
394.180
405.873
413.373
427.189
432.255
388.615
395.120
382.431
380.991
409.390
399.269
401.180
404.040
398.642
400.879
394.579
387.915
379.886
422.060
446.306
428.459
433.841
442.458
409.274
409.975
434.251
417.625
416.359
394.606
414.598
397.065
373.490
414.819
405.943
401.997
492.995
389.616
420.504
412.892
446.010
441.225
446.191
425.938
404.042
504.356
403.424
410.628
389.899
389.379
402.291
388.705
382.685
394.200
384.545
389.111
382.694
374.181
384.210
380.192
416.545
406.285
409.562
420.790
1275.725
400.087
399.997
410.200
443.940
425.986
417.101
419.506
2531.187
2131.107
483.733
438.529
407.886
404.874
406.758
407.258
420.922
407.819
406.086
413.289
405.508
421.778
416.418
416.729
397.950
390.768
422.911
402.196
456.219
456.834
850.025
454.582
435.559
447.075
465.928
450.480
450.300
464.423
459.020
1795.925
461.897
443.749
429.659
452.147
494.476
498.515
494.102
479.680
472.185
469.038
483.059
464.514
445.206
451.299
455.116
452.883
449.259
460.915
448.785
454.215
453.345
460.480
469.014
473.330
454.066
482.168
451.000
441.243
456.048
447.586
450.224
441.079
441.364
447.452
427.990
457.396
446.207
462.649
3.100
451.553
453.529
477.848
507.348
498.530
491.702
505.008
504.116
511.033
500.897
469.337
457.281
468.216
464.346
469.223
463.874
475.635
464.798
440.427
461.788
474.418
500.682
496.848
508.672
502.194
497.735
496.163
484.310
487.489
484.311
498.319
466.546
471.959
466.113
483.293
469.583
785.924
487.136
524.777
509.595
514.837
509.634
514.460
491.862
482.430
444.125
451.437
451.152
440.811
446.360
440.404
470.327
450.067
461.050
453.677
534.065
529.425
539.692
520.068
521.935
508.393
529.494
514.894
527.773
528.903
503.124
489.650
492.546
483.119
482.821
492.072
507.655
563.705
520.720
527.384
535.171
527.494
501.186
496.706
460.667
458.843
454.090
466.011
460.141
0.550
476.559
462.339
567.714
0.616
465.518
469.406
503.429
529.837
2903.229
536.367
560.297
536.813
502.423
524.038
488.145
488.647
492.458
493.880
568.793
568.305
547.038
564.640
511.751
523.695
517.542
2879.028
478.161
488.978
612.631
671.722
748.985
755.787
749.235
688.092
0.411
4083.394
619.632
618.185
606.430
677.910
697.429
663.861
608.742
576.169
574.838
571.101
572.848
593.730
569.658
606.932
584.965
596.419
593.485
652.720
653.804
656.039
622.698
617.287
618.557
625.258
625.199
593.495
556.329
558.455
571.663
557.176
569.798
4700.189
543.466
563.973
541.526
547.908
565.185
574.242
573.780
564.629
633.173
642.957
625.597
561.171
532.622
538.828
543.440
541.010
554.751
571.929
580.432
564.738
575.210
556.914
575.530
664.887
657.160
0.582
654.436
644.845
626.200
604.425
611.852
560.262
556.559
668.871
639.806
645.214
644.928
764.518
793.433
737.593
684.993
697.126
681.961
680.116
689.903
671.831
656.740
1224.812
634.350
704.309
722.121
703.478
694.182
679.775
657.576
0.969
662.634
612.815
623.211
609.528
622.773
620.866
624.865
699.402
691.055
668.447
636.294
598.573
587.479
608.166
610.464
601.265
605.541
622.204
602.409
594.269
617.196
679.433
675.986
671.323
665.076
669.797
619.010
608.831
600.519
609.053
609.974
597.528
597.121
602.526
672.937
692.261
697.253
661.581
660.736
642.434
663.943
670.523
621.469
606.948
618.899
594.768
624.296
692.903
678.086
664.704
691.144
681.193
647.443
632.176
622.732
625.541
616.979
627.278
620.641
614.331
687.752
0.413
696.569
681.120
673.619
677.799
649.317
659.178
648.259
621.567
617.865
621.807
621.690
629.484
700.670
710.619
654.591
634.101
646.366
608.965
598.198
612.706
580.653
587.582
577.928
590.415
605.976
650.959
673.813
686.347
609.710
601.837
580.893
588.401
588.224
576.257
600.116
589.564
618.961
604.091
610.667
651.267
637.244
639.719
648.313
637.997
613.508
647.935
631.232
643.149
633.735
0.414
612.257
631.354
618.446
618.902
620.788
621.364
621.473
600.761
607.968
609.941
599.408
606.431
583.448
595.445
584.974
595.127
629.403
697.492
688.614
670.858
649.220
638.849
645.866
662.410
671.537
666.649
647.149
651.931
652.558
728.097
733.501
705.014
660.979
670.991
664.362
661.538
637.785
638.405
630.011
598.733
598.696
613.669
655.670
2553.044
698.983
647.267
646.391
653.024
685.874
680.555
667.134
655.166
694.775
689.183
672.708
664.113
665.798
653.273
625.414
639.003
624.156
637.812
617.333
632.283
766.652
827.398
706.386
673.354
690.284
633.891
607.486
642.714
613.533
4865.239
719.971
686.823
688.850
696.981
703.413
654.533
684.998
669.982
673.357
701.054
720.056
722.282
677.378
671.939
666.912
4.715
621.180
637.894
625.042
641.221
641.794
646.688
692.994
762.569
772.636
720.325
714.378
720.034
728.912
726.377
694.573
684.714
694.498
672.134
771.067
721.749
1456.397
696.740
693.350
704.596
711.088
717.522
696.172
695.122
711.354
775.541
749.852
734.871
735.145
742.765
735.429
736.255
687.204
692.922
685.992
688.733
793.221
778.480
744.311
747.569
734.033
687.151
696.658
699.189
706.427
685.401
687.044
738.250
2852.883
700.702
729.285
708.798
699.816
744.859
741.808
717.140
758.284
810.076
814.039
841.485
750.629
697.436
711.724
746.260
725.595
723.408
748.871
786.798
2593.961
712.123
730.255
729.091
721.869
704.462
692.257
716.899
779.416
751.842
774.400
805.120
794.733
796.937
719.698
721.941
722.000
713.681
4226.360
773.536
773.391
742.180
728.343
726.529
718.825
726.356
798.062
860.515
836.031
842.168
818.746
700.117
710.639
702.033
706.578
718.403
711.895
825.853
833.983
821.641
811.808
815.558
809.612
734.120
811.321
830.660
825.829
815.798
807.027
791.392
752.537
720.563
729.072
745.807
721.921
753.784
732.147
731.761
851.779
3029.855
873.060
872.187
806.405
792.581
772.947
795.453
858.654
864.407
849.234
804.058
738.350
738.819
741.355
744.028
741.217
816.378
887.530
862.736
790.846
806.078
2441.394
763.204
772.849
752.829
851.006
828.432
819.573
826.512
808.429
788.063
777.788
785.456
1696.637
898.821
912.711
1861.141
801.729
806.409
801.626
770.050
751.070
824.192
894.948
892.690
833.064
840.228
806.967
821.349
792.460
784.868
788.609
771.817
907.209
879.910
791.289
779.948
834.644
812.865
1525.657
784.271
785.475
856.077
861.162
824.045
878.129
857.953
860.087
841.164
841.995
844.376
845.418
972.448
932.027
921.211
894.544
2759.733
846.380
849.523
933.966
951.916
920.247
946.076
856.014
846.506
831.282
835.416
842.878
875.803
909.177
952.333
907.439
911.887
907.840
875.451
0.395
1417.355
867.889
941.067
907.201
914.889
916.751
886.125
865.807
1469.668
899.134
906.052
1035.982
958.289
941.721
931.903
952.661
944.118
910.500
911.292
947.849
982.910
959.973
942.331
902.199
916.810
857.638
856.613
883.361
937.235
1038.022
1009.343
999.709
1008.887
1003.518
955.739
910.483
0.994
923.187
977.277
951.289
950.943
935.839
906.770
915.233
921.376
920.888
911.203
919.164
943.626
916.608
906.890
904.596
909.684
940.640
943.734
981.295
1033.839
1019.844
1003.367
948.922
915.505
916.176
912.257
919.271
1062.481
932.120
946.778
918.181
926.418
922.316
929.404
930.629
937.589
1028.794
1054.574
2429.618
960.019
954.851
938.192
957.912
1106.305
1093.841
1026.547
1021.992
916.124
957.190
957.121
927.692
1032.868
6127.378
985.903
977.292
1017.758
1005.344
980.531
969.617
996.598
4699.819
1401.371
1359.329
1312.715
3401.257
1298.152
1399.997
4831.130
1132.610
1151.183
1266.301
1344.646
1255.542
1186.532
1190.566
1188.598
1196.053
1284.854
1225.656
1159.225
1232.542
1181.382
1188.279
1138.090
1252.708
1206.188
1186.260
1082.444
1092.240
1113.090
1098.400
1138.754
1435.429
1130.211
1109.872
1107.032
1104.555
1140.641
1194.120
1323.154
1280.414
1189.325
1171.140
1145.443
1111.989
1211.382
1294.070
1129.593
1082.608
1081.517
1076.678
1043.845
1071.743
1213.464
1194.779
1209.827
1125.073
1074.109
1051.452
3077.231
1164.240
1126.358
1128.160
1101.344
1120.003
1120.982
1274.716
1335.103
1271.239
1185.257
1190.204
1163.562
1238.400
1241.128
1217.412
1205.387
1206.397
7.555
1161.260
1161.458
1238.631
1324.158
1230.402
1178.523
1166.794
1220.462
1177.642
1291.015
1317.466
1258.613
1245.454
1200.812
1147.435
1189.096
1286.688
1255.413
1189.332
1145.004
1231.754
1209.203
1267.598
1484.992
1547.716
1571.939
1511.723
1668.274
1689.481
1701.235
1648.477
2673.679
1557.311
1685.155
1691.760
1675.935
1559.047
1482.096
1529.100
1625.013
1602.154
1490.143
1470.322
1352.633
1512.201
1476.692
1412.368
1408.800
1297.210
1262.679
1321.109
1427.760
0.857
1509.995
1358.706
1373.623
1326.494
1295.713
1470.557
1398.988
2181.776
1473.871
1491.948
1628.262
1583.099
1545.214
1492.875
1461.885
1437.951
1615.533
1598.734
1417.332
1350.349
1449.556
4801.592
1534.784
1546.259
1485.126
1613.699
1625.612
1549.141
1560.282
1480.983
1437.917
9959.845
1491.517
1431.848
1421.122
1401.815
1373.869
1483.385
1635.705
1501.072
1435.427
1398.583
1394.922
1454.092
1514.847
1407.616
1385.928
1401.357
1775.545
1594.280
1583.823
1505.364
1381.471
1381.482
1393.443
1540.446
1402.769
1416.518
1395.716
1394.302
1393.078
1559.094
3881.596
1415.639
1411.725
1461.786
1477.367
1392.470
1433.286
1411.856
1418.864
1513.577
1516.585
1457.260
1396.949
1517.562
1452.913
1552.393
1560.275
1.417
1499.271
1452.490
1420.779
2169.714
1509.947
1402.778
1401.673
1434.810
1431.774
1510.544
1625.352
1540.523
1521.343
13853.586
1710.443
1604.336
1573.692
1444.751
1460.235
1632.886
1604.805
1479.404
1457.461
1458.522
1488.389
1553.979
1563.420
1566.658
1505.974
1521.070
1635.860
1638.557
1570.799
1503.605
1508.431
1532.786
1718.796
1607.601
1615.626
1458.175
9793.471
1609.440
1728.084
1551.329
1522.471
1549.953
1496.685
1677.663
1727.548
1635.617
1594.380
1568.623
1662.952
1640.435
1585.136
1588.075
1515.552
1592.884
1718.132
1540.842
1539.047
1575.897
1534.314
1761.975
1694.892
1698.330
1614.115
1559.755
1714.119
1815.224
1584.978
1518.886
1578.638
1641.985
1749.746
1710.077
1662.772
7203.401
1548.838
1532.775
1537.821
1702.478
1679.428
12479.987
4020.593
1866.225
1790.716
1795.220
1720.956
1882.870
1932.433
1890.568
1746.917
1668.404
1899.867
1792.355
1756.721
1691.449
1697.393
1919.575
1813.592
1701.561
8.220
1724.147
1871.345
1.257
2004.101
1829.622
1866.837
1.945
1822.359
1906.458
5779.461
1798.892
2029.278
1927.001
1920.644
1729.190
1748.873
1849.662
1737.892
1777.270
1748.183
1836.265
1909.011
1883.643
1781.205
1771.210
1865.188
1862.187
1775.807
1748.658
1741.505
1875.943
1793.338
1774.849
1778.856
1841.234
1925.103
1854.965
1753.060
1741.194
1839.597
1810.490
1749.930
1799.566
1790.570
2002.633
1982.271
1766.559
1770.981
1817.484
1950.833
1901.204
1782.544
1753.005
1895.349
1988.734
2908.491
1891.645
1958.450
1941.975
7.772
1936.477
1853.993
1813.256
11240.780
3319.160
3377.362
3396.327
3033.174
2917.034
3191.496
3051.491
2750.212
2927.518
2802.174
2895.688
2939.447
2487.109
2502.700
2690.354
2818.341
2589.288
2504.352
2885.867
2620.311
2517.523
2586.177
2866.312
2408.221
2320.523
2559.025
2297.965
2226.797
12152.212
2105.187
2077.769
1944.675
1920.916
2059.077
1972.006
1967.140
1968.373
2123.316
2100.238
2058.877
1960.820
2038.501
2088.390
1844.111
1921.275
1930.613
2209.789
1953.820
1971.344
1987.709
2184.790
2132.174
2036.374
2027.119
2042.861
2012.432
1980.609
1991.168
1947.162
2227.820
2057.876
1929.995
1933.662
2090.479
1955.548
1949.318
1947.729
2060.276
2164.077
2003.705
1928.629
1955.858
2123.673
2072.010
1966.630
1809.136
1926.464
1945.648
1834.512
1819.714
1847.398
1952.448
1910.570
1875.284
1839.284
1981.548
1951.171
1898.708
1856.465
1906.155
2101.891
2017.976
1929.345
1848.184
2044.152
2003.247
1832.711
1844.126
1998.671
2001.035
1866.094
1885.718
1882.780
2115.612
2066.535
1879.793
1883.768
2015.085
2031.624
1988.364
1890.570
1921.664
2079.368
2069.628
1882.473
1852.769
1.178
2082.352
1943.934
11152.934
1964.185
1951.232
2181.912
2010.976
1936.406
1889.598
2159.329
2208.983
1983.804
2025.200
2082.707
1979.030
1954.656
1960.061
1932.791
1986.787
1990.874
1962.180
1968.090
2314.445
2233.828
2124.020
1969.484
2168.247
2102.629
1986.550
2001.677
2283.432
2203.784
2212.701
2137.527
2339.786
2305.652
2059.220
5851.916
2038.860
2056.427
2081.293
2324.885
2216.194
2113.072
2173.324
2026.034
2021.062
2039.953
2051.713
2270.631
2176.990
1983.245
2072.935
2321.301
2230.633
2056.506
2000.154
2329.504
2161.335
2022.126
2032.686
2341.301
2280.529
2138.734
2021.905
2205.156
2331.917
1996.409
2006.974
2342.100
2245.834
2229.294
2154.019
2366.223
2173.229
7980.629
8.022
2187.756
4.525
15726.635
2379.350
2245.972
2209.937
2389.491
2211.891
2141.907
2289.608
2263.453
2145.672
2604.842
2446.317
2435.207
2240.616
9268.057
2984.090
3251.551
8688.188
3812.203
3970.325
9153.183
3805.277
3792.681
3845.977
3736.911
3732.264
3711.949
3563.824
3713.914
3550.450
3723.677
3763.264
3637.937
3790.556
3506.616
3601.207
3239.257
3416.806
3429.087
3296.789
3220.891
3539.151
3220.598
3195.758
3217.815
3030.523
3139.221
3220.043
3090.438
3168.770
2933.493
3006.483
3220.215
3085.468
2928.756
3161.643
3024.876
2898.787
3017.141
2910.066
2936.025
2963.377
2839.943
2775.455
2856.381
2810.420
2771.663
2909.488
0.876
2883.235
2772.899
2995.357
2988.261
2901.389
2937.372
3032.735
2872.976
2976.514
3048.288
4301.574
3033.594
2947.134
2844.601
3204.378
3015.980
2785.663
2987.964
2829.815
2897.320
3244.999
3076.111
3013.732
3281.467
2988.124
4797.174
2815.448
2785.336
2775.300
2591.997
2575.324
2632.763
2766.967
3933.114
2592.872
2712.983
2530.898
2557.057
2735.048
2592.078
2588.403
3146.734
2760.547
2648.696
2803.807
2892.308
2730.789
6692.579
2794.639
2902.746
2789.531
2760.775
2905.583
3029.763
2856.025
19720.281
2794.889
2813.162
2758.359
2815.154
3100.431
2797.228
2798.701
2828.024
2749.081
2819.871
3016.274
2803.959
2796.563
3101.365
2851.771
2816.772
3068.984
2813.001
2725.133
2923.461
10.743
2872.683
2733.136
2975.250
2920.073
2817.807
2978.453
2742.592
2751.634
2796.876
2746.558
2824.933
2758.074
3201.039
3283.149
3118.686
2889.977
2764.995
3009.580
2993.641
2743.146
2828.360
2767.296
2668.530
2713.221
2705.594
2651.448
2654.008
2915.297
2842.234
812.043
855.396
933.429
940.794
993.462
