0.217
0.036
0.117
0.128
0.173
0.191
0.141
0.019
0.124
0.241
0.133
0.073
0.275
0.268
1.295
0.621
1.690
0.234
1.690
1.504
0.619
0.664
1.625
0.698
0.758
0.190
0.310
6.229
0.207
0.037
0.033
0.784
0.138
0.111
0.324
0.126
0.017
0.064
1.897
2.161
0.067
0.047
1.405
1.460
1.242
0.124
1.128
0.426
9.632
0.036
8.159
9.506
0.165
1.497
7.469
0.269
0.869
0.294
5.780
0.895
0.962
0.402
0.447
0.283
0.055
14.728
1.911
18.036
1.119
0.576
0.172
0.358
3.098
1.188
0.286
0.040
12.811
0.376
0.078
4.692
2.004
1.291
1.485
2.014
12.013
26.041
1.684
29.528
3.992
2.710
17.088
3.749
8.398
2.355
2.281
2.266
11.366
18.866
11.590
3.976
8.685
2.380
0.043
2.438
2.302
3.393
10.122
2.920
39.059
4.409
4.563
3.806
19.511
3.091
34.855
3.864
3.377
0.075
0.181
22.361
48.833
14.557
5.837
3.628
3.453
12.492
6.615
23.989
38.232
6.825
30.553
4.100
21.720
33.758
5.306
0.606
3.169
4.503
3.365
8.778
70.687
4.180
18.319
0.081
8.731
14.916
89.710
20.362
10.913
11.145
12.527
92.036
9.253
1.971
0.692
30.778
3.898
5.377
38.104
4.113
5.750
3.895
4.324
5.709
26.263
8.994
1.026
7.237
7.451
15.536
48.817
82.441
6.328
35.709
0.500
41.244
10.222
7.583
6.494
5.909
1.311
0.079
5.475
6.732
69.022
15.157
19.640
9.023
6.787
141.981
0.761
9.339
0.022
7.935
10.534
15.922
7.491
9.457
2.896
11.134
12.756
27.676
30.277
46.655
8.539
9.445
9.445
113.676
11.058
0.901
56.697
168.880
15.899
15.693
11.091
200.899
13.817
65.997
10.149
14.711
190.475
67.151
117.683
79.267
1.361
0.358
87.337
88.039
84.018
90.657
91.115
99.800
76.080
93.364
0.025
83.721
85.611
105.267
128.848
102.957
0.125
1.118
0.212
90.337
267.005
92.402
95.552
3.088
92.686
103.079
91.541
0.474
272.317
103.315
1.388
103.293
98.921
100.734
267.086
139.923
147.962
121.754
228.621
127.791
119.493
127.124
123.945
122.549
140.042
121.254
119.615
123.118
137.896
133.372
126.586
165.793
128.235
0.435
118.209
475.462
135.263
0.489
216.398
564.407
161.645
179.751
0.697
0.975
2.914
2.455
161.083
159.289
158.987
562.680
722.791
182.590
188.448
713.157
254.070
203.863
227.309
202.426
202.867
217.457
296.511
0.681
820.810
234.224
220.722
794.368
272.483
412.957
275.443
227.289
230.685
284.614
228.626
0.057
283.304
366.127
3.076
307.328
313.159
858.050
279.804
0.822
281.550
311.534
285.120
290.847
282.405
284.471
2.832
287.923
297.597
290.401
298.062
0.234
337.445
1232.321
0.552
369.950
355.343
346.832
3.667
351.670
379.284
357.024
359.724
380.483
0.083
407.765
372.948
584.947
381.606
393.251
385.066
380.743
375.105
371.279
388.038
395.165
399.306
391.762
381.331
1423.542
1924.694
578.327
2280.846
492.999
535.078
487.278
567.996
513.970
524.281
512.274
506.709
495.607
588.588
512.259
1838.846
553.804
756.186
806.790
534.851
2538.419
2148.398
1688.266
571.222
773.413
3076.093
1630.888
8.494
7.368
688.801
8.055
638.924
2556.364
645.440
11.204
1426.869
683.236
686.894
659.243
666.348
632.876
3034.856
724.794
682.055
703.653
669.599
681.731
2451.483
2659.898
862.890
750.670
811.874
2463.735
901.401
736.543
11.793
689.410
719.321
10.823
709.770
0.524
682.469
714.087
904.464
1025.453
936.132
702.657
687.592
679.412
762.307
703.872
711.182
9.804
690.583
848.299
733.159
734.946
913.622
1938.554
740.126
755.792
666.221
1150.442
700.902
712.997
680.683
731.962
3.152
8.421
131.663
11.514
86.765
108.193
4.079
82.356
82.860
84.909
75.067
80.411
83.908
75.975
79.268
79.141
99.088
76.333
4.158
80.133
79.030
84.235
71.779
7.420
92.996
75.638
72.385
3.480
90.871
86.827
79.817
2.798
75.058
90.922
3.765
80.202
89.400
80.990
89.941
75.014
74.901
72.963
70.908
64.191
62.602
67.428
54.681
55.079
69.852
75.245
65.016
69.540
55.764
48.652
50.027
52.059
50.796
52.332
48.626
91.005
74.422
150.287
60.143
49.746
4.162
0.426
45.612
49.834
47.380
42.554
47.330
43.787
45.040
45.780
43.392
76.157
69.401
94.385
89.659
87.720
88.365
79.962
69.032
67.494
72.294
69.179
74.495
62.984
65.509
68.971
68.000
61.093
74.686
64.498
61.780
59.484
66.339
63.310
57.045
61.110
59.168
58.055
62.754
61.876
62.532
100.899
102.071
99.777
94.597
91.092
92.677
94.912
77.341
80.426
2.804
74.908
87.807
79.154
115.401
91.082
0.248
93.032
92.220
78.422
75.868
70.097
73.548
63.708
67.234
71.372
73.959
62.540
90.640
83.585
71.024
2.834
67.065
61.045
57.555
68.996
61.914
67.296
75.983
76.041
79.160
81.497
79.904
75.425
74.079
85.519
85.116
102.669
98.268
98.136
95.189
100.278
95.400
77.212
85.240
82.602
100.028
110.578
94.578
108.274
79.350
67.066
71.011
69.679
94.812
92.226
117.813
95.321
88.911
87.630
80.219
80.380
83.931
100.979
91.105
87.797
79.042
73.933
69.670
75.339
80.621
96.263
91.733
88.224
74.453
82.028
87.221
91.194
83.379
86.479
88.768
93.503
112.910
94.295
107.482
107.752
100.421
98.767
0.808
97.545
105.468
4.993
100.200
94.717
84.492
65.075
87.583
75.282
85.327
111.002
89.433
96.351
90.148
83.829
94.688
94.394
102.902
87.851
76.070
72.215
82.193
89.114
1.216
80.413
75.748
79.329
93.599
89.904
95.772
82.041
1.547
94.893
87.022
86.860
83.540
113.389
105.991
105.448
95.317
98.948
88.020
76.103
104.918
97.341
104.108
100.651
105.055
92.627
82.579
82.364
3.641
111.835
108.373
109.526
119.997
121.060
103.319
106.201
102.702
109.811
86.194
99.165
100.440
89.259
106.181
113.136
84.133
86.118
101.736
99.649
93.899
93.094
89.518
89.967
86.833
93.021
0.045
92.704
95.121
93.747
78.702
81.759
79.539
87.623
98.824
120.548
129.411
113.607
97.016
117.127
114.175
117.873
114.184
108.963
125.804
120.699
84.699
84.795
80.590
102.456
89.135
113.887
104.724
73.267
73.768
71.827
112.585
92.343
96.145
90.705
63.470
65.237
70.710
66.397
68.622
78.717
69.514
76.483
73.172
73.125
92.724
130.798
84.541
91.629
107.070
122.147
100.672
107.882
101.676
101.657
105.978
118.287
108.362
101.480
116.003
268.998
103.357
96.691
100.107
98.652
117.400
117.169
132.271
121.771
112.334
108.067
104.212
128.375
1.366
113.485
113.974
107.902
114.018
127.347
141.152
103.799
94.643
0.935
93.133
96.699
96.410
110.186
7.644
111.004
119.110
128.450
122.737
116.142
107.635
125.606
111.023
119.251
112.899
136.481
130.057
130.291
150.722
129.324
131.667
113.023
114.068
115.914
107.357
110.871
117.492
108.520
111.018
106.926
119.361
117.567
115.754
113.771
109.801
113.664
121.787
97.493
93.734
0.615
96.376
90.681
106.501
103.030
1.059
117.391
105.586
108.120
108.103
105.093
95.411
251.520
100.930
92.633
93.817
112.392
114.482
111.898
0.557
103.869
102.915
106.778
108.056
110.998
0.830
82.178
80.821
233.616
123.531
119.670
117.220
120.509
124.663
124.300
129.318
116.862
113.267
83.451
80.166
81.840
78.616
77.864
82.638
80.629
88.082
0.879
102.695
0.497
95.589
100.964
94.421
109.119
99.935
95.998
95.272
94.306
93.662
92.125
89.347
117.433
108.425
3.563
111.435
111.217
89.236
349.899
107.717
107.917
108.813
106.772
108.371
110.863
106.748
112.312
114.708
114.727
85.816
106.514
109.011
112.026
103.966
92.557
96.908
97.988
88.530
98.407
94.685
83.207
85.559
93.081
99.438
99.808
89.795
105.918
106.696
104.744
107.306
103.658
106.297
102.987
102.605
100.324
121.060
105.172
100.170
94.066
90.421
109.260
112.391
107.159
115.639
122.244
106.379
107.787
112.625
394.220
114.096
110.891
111.879
0.642
107.470
108.225
112.595
112.997
110.076
108.397
105.708
105.926
104.440
101.049
99.679
124.209
111.516
0.820
110.852
114.459
107.561
115.856
110.311
110.109
216.265
176.044
132.991
130.305
132.081
140.355
144.212
136.877
142.699
161.398
158.757
152.899
157.580
154.875
151.035
110.455
119.867
115.288
114.510
122.130
116.000
122.289
114.500
115.630
116.223
109.441
115.388
285.791
142.539
140.325
144.851
273.427
126.734
127.931
128.921
132.081
131.299
132.498
134.498
132.460
129.899
128.031
4.569
126.220
368.912
118.418
647.735
655.660
182.769
181.872
194.711
184.324
186.935
169.237
162.591
166.018
176.975
171.504
168.737
178.123
172.760
180.527
175.912
171.867
176.704
176.604
178.828
181.787
174.202
182.545
0.254
184.513
156.819
160.734
245.093
3.153
203.096
828.990
184.667
196.506
204.022
191.869
197.639
1.062
165.408
167.864
174.917
171.450
181.658
180.068
188.588
203.777
194.806
193.847
198.233
198.814
196.308
199.269
0.882
201.226
197.192
176.855
0.778
205.880
187.584
186.561
1.542
183.565
195.065
180.304
220.479
222.003
219.851
235.300
226.707
192.853
191.129
195.553
190.805
188.998
214.199
214.691
219.078
214.733
1.982
219.714
226.653
219.084
218.206
216.136
209.951
214.136
185.607
174.431
184.706
197.131
199.711
200.015
189.442
194.937
190.238
219.286
199.136
198.443
194.202
198.499
196.368
202.464
224.345
1.126
222.045
227.452
6.042
238.085
218.145
231.324
218.875
209.794
212.294
399.500
258.567
243.633
254.562
4.704
253.760
1.447
239.337
235.129
210.161
201.900
976.968
258.446
231.308
243.038
244.523
240.308
225.829
223.235
236.807
232.007
235.367
243.071
214.972
210.762
202.097
234.043
242.672
3.843
257.771
227.795
208.833
195.878
242.275
231.774
239.459
213.664
250.310
243.415
252.343
247.379
265.045
257.351
248.615
254.341
246.351
229.502
246.739
253.471
252.516
5.069
249.561
262.911
266.080
252.508
260.762
259.513
260.622
263.371
257.689
268.672
262.106
268.862
280.074
290.706
281.801
259.300
270.306
290.848
279.263
290.161
247.551
238.820
261.937
264.455
264.835
234.310
235.760
238.112
235.876
237.058
249.733
254.078
236.279
236.730
249.027
228.673
268.109
262.599
4.828
254.423
1082.244
251.536
253.404
251.051
262.856
288.000
252.767
253.488
264.719
265.673
262.744
253.763
265.912
287.087
272.570
261.579
264.557
276.298
274.773
1139.260
244.025
263.289
265.032
251.199
1.222
256.471
243.708
232.271
235.751
232.120
1238.008
276.616
283.190
298.681
2.655
296.800
261.742
268.102
298.969
329.281
315.019
317.301
318.830
321.329
305.002
281.000
279.326
284.113
292.490
289.599
294.221
312.036
306.504
292.400
317.496
318.391
299.403
316.998
322.728
320.202
316.251
319.356
320.689
324.793
288.931
295.288
307.274
301.972
324.237
346.501
7.841
336.973
362.589
320.035
341.367
324.373
348.917
352.196
370.886
353.481
345.868
364.553
385.133
366.914
329.611
319.937
307.822
1021.974
305.824
306.719
308.365
328.599
331.725
360.280
352.798
365.774
340.483
361.604
329.459
322.781
331.568
321.929
317.415
354.056
304.166
341.521
384.589
386.877
392.170
385.146
353.997
345.890
302.951
311.920
330.480
379.895
378.095
372.370
328.912
308.832
312.557
319.734
339.856
389.637
366.343
388.222
358.476
346.319
333.783
354.040
356.103
342.504
384.250
384.038
370.879
1.774
386.505
368.193
367.150
367.908
376.302
402.533
372.066
371.868
407.314
363.218
372.432
352.190
372.481
393.092
352.634
385.743
385.355
378.718
387.598
404.928
402.722
414.449
437.657
417.353
401.360
428.338
428.155
438.804
404.537
410.408
10.692
354.973
375.278
349.395
374.510
426.343
413.473
419.455
378.265
5.326
372.882
381.273
404.460
476.309
438.205
400.227
379.808
465.193
443.446
431.512
442.302
444.180
450.110
413.371
450.325
515.204
512.105
437.507
442.962
442.071
413.139
440.484
505.490
475.000
5.358
474.589
433.597
414.229
413.580
473.264
529.021
521.251
495.557
496.073
488.595
505.623
455.467
506.642
433.513
496.621
445.335
451.634
451.934
10.684
939.182
386.234
392.338
425.305
421.777
434.765
370.421
444.756
497.498
428.079
426.556
450.340
456.815
452.073
422.755
442.373
402.020
437.480
409.778
460.833
473.500
455.137
534.253
530.089
484.346
527.849
529.556
539.336
532.940
555.433
537.683
515.980
9.527
455.482
481.473
993.476
416.411
405.707
339.630
378.529
343.413
6.522
340.539
332.497
341.791
1.206
353.598
383.423
356.780
402.091
415.458
398.050
430.156
417.887
477.998
487.693
406.218
425.827
464.885
439.180
453.445
479.635
600.080
446.701
417.666
434.814
437.497
462.180
469.015
493.537
531.256
509.636
467.847
449.032
8.560
422.077
385.427
431.064
426.963
9.447
419.382
444.289
440.802
375.033
396.735
383.360
403.048
378.742
381.779
426.605
395.066
385.170
394.829
381.898
444.104
504.954
451.336
432.969
2023.642
497.430
435.485
437.070
486.845
440.387
483.128
403.871
382.577
398.390
379.503
354.505
413.313
379.993
449.099
433.165
427.684
457.441
510.307
542.822
504.795
505.511
518.795
493.054
526.196
462.962
523.874
600.623
528.078
564.966
476.148
526.717
562.472
530.835
519.138
3.941
441.325
462.765
491.923
526.176
518.459
498.202
533.841
498.210
541.567
487.386
539.914
501.209
418.257
498.879
482.873
434.274
455.287
426.221
5.142
441.914
465.695
439.154
463.841
395.545
475.037
446.258
2188.355
376.567
380.458
440.840
373.640
416.085
436.561
434.051
427.092
444.506
391.608
398.840
379.238
392.302
399.090
411.003
416.397
424.109
450.153
432.566
421.317
469.786
437.040
430.888
2185.474
525.934
496.511
615.717
576.132
558.171
569.737
517.489
522.279
603.017
582.629
576.396
535.004
600.434
624.455
589.460
703.460
560.340
605.192
560.124
614.743
596.113
580.140
622.309
595.217
554.033
544.100
590.721
539.349
593.258
597.318
643.754
700.712
606.963
627.950
583.184
579.969
648.468
623.068
628.346
646.187
598.587
555.842
587.026
572.814
608.074
593.648
611.710
620.782
585.471
593.914
598.410
848.388
777.345
846.764
749.497
712.364
675.659
731.061
688.707
746.075
798.749
716.937
615.267
653.602
1134.385
714.339
701.702
717.358
695.467
707.817
697.959
790.059
678.200
781.552
788.077
686.156
669.554
667.084
670.816
741.614
759.227
739.339
0.386
720.745
762.781
759.726
742.297
701.271
722.038
669.676
735.419
701.967
676.270
640.978
678.542
661.185
754.565
758.924
755.690
754.364
818.074
708.206
736.328
726.371
686.961
693.534
625.691
722.195
699.196
735.518
702.036
683.712
681.473
724.499
767.796
901.246
752.879
795.185
739.317
766.321
770.531
762.038
707.874
737.750
748.322
726.903
802.650
730.037
713.982
830.911
786.323
869.359
5.611
751.766
757.247
787.556
789.748
750.218
704.585
788.248
777.124
746.890
791.509
708.861
751.356
678.380
681.070
760.076
730.291
742.001
726.460
749.750
749.314
761.366
663.028
733.535
755.005
774.742
792.141
726.424
677.601
658.307
736.019
789.136
785.326
733.007
749.159
823.739
815.620
839.347
768.095
762.639
867.490
789.491
837.575
794.451
860.174
848.955
885.390
774.123
933.311
789.174
802.283
790.729
715.509
761.477
752.930
735.140
782.058
747.817
830.756
769.182
772.086
755.019
818.098
764.282
825.522
782.590
822.283
750.461
787.559
751.458
845.804
777.008
789.608
782.888
767.330
856.574
851.744
839.863
871.623
795.728
830.979
777.174
765.319
725.459
751.615
1057.545
810.712
770.390
800.500
784.402
851.353
831.908
825.040
787.412
768.853
838.591
863.656
824.302
865.739
806.964
885.294
858.693
725.869
788.358
746.137
784.870
762.944
910.667
929.272
882.789
916.512
800.877
777.185
866.889
913.589
863.800
862.005
831.287
900.586
825.375
886.773
805.371
817.059
865.809
779.858
827.748
819.087
848.063
844.960
823.016
866.787
809.419
811.210
778.390
894.694
804.024
921.888
824.520
849.305
862.442
877.594
995.305
800.940
836.080
829.794
862.677
912.574
793.298
782.360
822.516
799.807
778.743
822.120
750.756
750.051
865.302
12.733
871.582
933.495
885.014
859.929
773.272
832.696
725.476
769.625
866.474
885.414
845.795
743.542
783.817
763.495
874.611
887.882
852.928
842.928
884.834
3575.761
764.543
712.586
668.080
657.051
711.443
675.915
669.373
690.482
704.458
675.764
739.758
732.236
714.214
689.925
720.316
780.048
775.344
707.619
738.192
714.851
754.597
845.947
766.097
766.170
736.380
672.698
770.954
834.971
711.188
709.990
773.207
741.106
6.917
716.102
779.772
802.897
791.647
791.643
752.972
3857.322
595.325
585.838
746.868
975.503
948.303
946.841
888.470
936.154
8.654
962.829
995.529
933.384
902.747
988.685
943.320
950.805
880.298
929.982
914.344
1004.414
937.703
830.215
845.464
834.902
917.795
833.146
990.283
2.470
939.237
926.214
915.914
865.578
1003.155
900.997
858.664
785.811
925.823
915.320
892.862
937.449
878.750
937.139
4865.140
1010.838
855.021
898.448
852.091
909.096
912.295
950.076
989.098
922.616
1002.588
946.433
1005.129
904.344
961.226
947.674
941.757
912.329
958.527
870.195
1091.376
1022.904
935.733
962.549
975.160
966.688
1024.643
1012.238
3547.243
875.307
4.877
871.736
994.471
982.894
1051.735
942.595
1020.414
1060.848
980.622
983.944
898.524
914.525
990.407
1005.848
1036.014
1064.855
1044.041
938.606
970.264
1071.866
995.018
1052.870
975.970
1139.876
1014.566
1002.293
1042.303
1013.080
947.437
5.787
935.830
978.868
1022.217
969.150
964.604
1133.972
1086.051
1070.172
1005.928
1016.464
1003.260
1151.586
1102.350
1068.662
1074.637
1127.974
1052.922
1005.552
1068.081
1054.633
1255.049
1068.412
1076.002
1014.174
1089.475
1001.182
1135.202
1087.422
1130.726
1109.425
1110.006
1186.040
1075.034
1152.552
1201.522
1035.711
1144.527
1090.564
6.579
1172.019
1291.889
1113.321
2280.113
906.708
930.467
982.235
1026.320
972.127
964.018
1020.301
936.420
980.470
961.993
988.271
996.958
1033.707
1009.358
952.600
1013.873
966.765
986.233
1027.668
929.610
920.810
965.650
915.544
896.796
926.023
891.123
829.765
856.779
909.466
882.904
943.131
981.304
937.208
882.056
914.807
996.808
1052.667
1057.853
976.450
985.823
962.811
954.866
2.298
960.010
986.147
1004.514
932.000
928.204
933.815
900.093
1061.790
986.991
935.834
938.353
931.623
1042.340
951.105
931.487
966.262
1026.556
1007.148
978.090
960.740
991.073
1094.960
965.463
978.887
1029.361
993.307
1047.356
991.080
915.665
943.480
987.249
990.243
1006.883
968.613
1057.864
1039.849
1012.886
1030.454
1000.476
1079.798
1025.024
1090.312
1020.897
1072.993
1099.935
1076.703
1052.954
1051.694
1001.531
1122.810
1118.706
1097.130
1053.942
1071.026
974.500
1007.523
1015.456
1050.967
962.819
947.033
1053.815
1074.034
1007.181
4754.474
853.318
877.123
840.021
836.063
841.692
878.877
853.060
1116.133
976.650
990.614
931.584
941.946
10.619
901.758
926.113
920.568
988.398
892.161
970.283
989.813
886.472
908.380
910.566
893.222
881.383
2604.056
926.018
953.464
949.594
895.341
1006.498
1003.364
1012.824
1044.309
988.699
997.085
1014.383
1026.280
1021.852
1014.532
1047.341
1075.593
5.538
1061.646
1030.241
1093.412
1062.806
963.677
937.880
929.122
883.873
949.494
989.025
952.812
998.637
1027.856
985.119
996.263
919.745
867.685
953.122
948.061
925.487
942.308
949.141
950.145
949.682
995.519
1039.505
1062.183
1062.847
1040.222
973.270
973.239
914.190
5798.137
1011.002
1045.774
1053.383
1033.698
1036.060
1010.478
998.200
1019.882
1005.766
1049.565
1063.693
1029.478
1026.027
1010.163
1004.096
1032.095
987.720
1003.169
914.806
960.940
1055.226
968.492
1006.762
1025.640
992.933
1003.662
1021.007
983.848
963.401
1031.059
983.577
1026.881
1033.250
1058.035
6513.745
1161.974
1205.225
1174.866
1219.308
1160.886
1213.397
1269.913
1286.072
1229.110
1168.272
5.283
1221.079
1096.255
1092.710
1301.624
1026.783
1097.071
1099.665
1093.649
1216.598
1174.401
0.698
4154.090
1293.949
1243.036
1302.025
1280.857
1262.309
1215.640
1282.529
1317.427
1284.468
1268.345
1324.890
1202.159
1279.008
1276.376
1196.781
1294.046
1303.476
1293.513
1352.561
1319.552
1336.769
1244.560
1316.746
1255.978
1256.166
1277.898
1282.191
1301.285
1218.230
1198.445
1173.510
1327.869
1229.878
1258.680
1207.671
1189.576
1245.827
1193.591
1256.626
1176.487
1232.440
1258.104
1288.147
6425.270
1103.010
1063.708
1127.865
1050.210
1079.712
1060.573
1016.021
1056.022
1033.755
1052.313
1077.908
1070.357
1075.511
1083.607
1055.649
1055.915
1017.461
1019.104
1046.054
1040.450
1106.061
1091.009
1031.047
1065.220
1150.151
1116.502
1160.942
1115.665
1155.398
1143.639
1162.445
1132.011
1210.659
1228.394
1276.177
1221.681
1151.089
1092.453
1158.884
1225.010
1162.177
1114.703
1146.494
1053.156
1034.185
1144.203
995.026
1042.125
1040.247
1057.350
1101.916
1082.117
1083.931
1073.723
1092.465
1228.653
8.717
1119.761
1110.690
1051.221
1123.142
1129.188
1112.240
1108.266
1149.862
1194.983
1230.050
1177.211
1175.969
1217.300
1214.853
1233.772
1170.074
1152.338
1187.759
1190.694
1202.224
1158.369
1245.284
1209.462
1306.592
1194.896
1233.092
6.033
1177.457
1278.544
1241.467
1235.246
1363.991
1230.635
1297.760
1289.411
1302.056
1303.653
1315.586
1318.276
1216.063
1264.367
5059.062
1251.988
1277.390
1302.419
1289.850
1280.328
1279.120
1300.008
1279.059
1343.577
1242.538
1267.157
1313.659
1262.677
1206.392
1193.394
1216.704
1231.459
1234.571
7465.207
1205.649
1220.232
1173.323
1226.958
1192.535
2557.657
1223.640
1261.186
1201.343
1236.569
1272.169
1237.088
1451.791
0.998
9044.152
1272.115
1228.919
1208.556
1206.253
1179.207
1259.809
1218.574
1231.919
1240.615
1248.766
1348.102
1293.816
1400.772
1309.837
1323.691
1338.608
1293.792
1353.110
1291.178
1347.636
1324.416
1355.499
1371.671
1416.502
1485.823
1459.858
1340.076
1434.470
1341.463
1367.812
1361.435
1412.292
1454.168
1447.721
1448.305
1440.328
1478.795
1516.867
1470.858
1533.728
1346.887
1372.272
1311.808
1402.474
1411.545
5.624
1521.527
1387.485
1485.523
1480.292
1528.159
1499.063
1461.429
1509.114
1577.840
1588.737
1520.191
1575.467
1526.767
1611.570
1535.385
1493.817
1537.025
1500.264
1487.417
1583.342
1604.475
1439.148
1493.856
1456.514
1452.548
1481.322
1403.876
9800.738
3107.687
3321.037
3234.737
3115.233
3057.770
2785.481
2724.606
2584.048
2626.720
2645.807
2851.819
2802.822
2895.221
2763.708
2468.790
2429.710
2318.697
2491.047
2565.508
2310.538
2351.686
2444.918
2416.698
2550.289
2530.542
2599.209
2646.754
2319.853
2301.491
2264.839
2474.022
2365.820
2313.011
2372.572
2365.938
2446.537
2323.760
2350.678
2377.884
2349.009
2264.099
2262.141
2332.285
2234.289
2129.534
2173.272
2236.425
2097.290
2142.942
2237.535
1913.194
1949.397
1946.307
1878.470
2157.168
2136.429
2247.183
2241.613
2122.430
2164.851
2223.669
2156.188
2257.218
2213.646
2185.527
2231.157
2290.142
2287.805
11503.349
1908.167
1774.175
1809.842
1834.242
1967.819
1862.902
1925.756
1982.525
1902.803
1857.474
1958.633
1924.129
1843.064
1428.523
1483.363
1493.997
1493.417
1487.868
1550.858
1602.353
1708.737
1666.016
1699.117
1715.137
1711.297
1670.224
1632.098
1668.753
1613.455
1592.886
1691.738
1506.146
1528.550
1662.187
1612.885
1637.726
1634.595
1719.844
1773.953
1824.208
1768.456
1872.163
1719.093
1718.645
1672.477
1767.767
1666.186
1806.022
1737.209
1428.291
1450.587
1535.017
1540.251
1568.532
1589.305
1577.897
1584.040
1665.337
1529.092
1684.793
1850.992
2077.590
2276.243
2261.741
2345.689
2529.810
2821.182
2609.765
2793.228
3332.798
3341.438
3343.517
3401.823
3329.851
3177.197
3302.878
3292.322
3231.122
3167.714
2839.593
2908.806
3058.239
3031.155
2987.290
3238.559
3168.094
3179.320
3116.147
2856.615
2926.570
2916.885
2897.679
2913.504
2949.600
2822.327
2941.329
2949.785
2838.274
2874.065
2713.346
2749.404
2748.324
2515.502
2689.418
2987.858
2812.162
2730.889
2717.989
2579.895
2533.473
2672.035
2663.481
2730.192
2809.879
2798.281
2764.784
3103.305
2897.399
2758.483
2837.369
2809.170
2965.215
2856.997
2861.505
2839.532
2938.231
2862.851
2782.798
2761.848
2753.256
2784.556
2532.830
2353.184
2558.390
2557.492
2534.916
2642.549
2544.262
2526.551
2683.857
2512.362
2558.999
2411.480
2553.810
2488.069
2471.570
2419.491
2490.431
2402.701
2348.605
2403.519
2546.602
2253.791
2297.717
2434.798
2192.519
2262.045
2227.758
2350.433
2158.089
2480.459
2552.410
2311.045
2370.575
2285.412
2425.135
2398.797
2453.331
2260.097
2238.075
2224.455
2363.680
2225.684
2376.863
2338.559
2302.030
2264.661
2311.979
2243.611
2071.801
2211.966
2176.199
2239.778
2267.927
2298.628
2357.498
2169.762
2350.003
2312.520
2194.408
2262.370
2361.132
2359.655
9880.344
1884.302
1873.806
2106.204
2070.518
2351.375
2147.231
2284.800
2301.305
2089.172
1964.736
2014.810
1935.883
2137.182
6549.780
1962.855
1861.692
1936.806
1964.657
2016.518
1880.245
2000.001
1882.983
2054.498
1873.142
1858.600
1837.564
1960.949
2038.524
1964.636
1855.322
1768.920
1817.771
1843.840
2070.710
1959.966
1961.350
2014.748
2156.920
1887.773
1972.225
1910.101
1983.460
1809.553
1858.842
1746.284
1928.242
1778.441
1988.633
1858.596
1957.833
1712.292
1758.070
1837.163
1717.646
1736.516
1758.918
1733.115
1769.498
1813.479
1754.227
1945.030
1899.343
1990.698
2113.603
2152.107
2012.444
1822.941
1774.760
1624.887
1679.935
1795.651
1769.895
1679.099
1725.788
1733.601
1641.392
1775.283
1678.041
1753.499
1765.571
1793.886
1671.198
1710.936
1809.624
1711.020
1790.623
1691.646
1886.187
1882.645
2027.835
1963.846
1888.147
1859.730
1947.828
1908.442
1989.358
2061.964
1824.883
1777.960
1793.231
1768.349
1720.973
