0.583
0.429
0.392
0.307
0.290
0.491
0.551
1.336
0.456
1.018
0.816
0.808
0.973
0.470
0.719
1.085
1.506
0.691
2.803
4.047
2.934
3.502
2.953
5.750
10.364
13.070
3.581
5.887
5.955
6.657
3.040
2.050
4.729
3.384
2.844
3.439
0.943
0.457
13.055
1.871
3.892
12.500
7.028
9.891
9.610
7.422
3.749
3.254
11.920
12.062
4.647
13.957
7.903
19.792
35.682
37.324
16.661
8.546
13.333
71.416
6.780
4.965
15.136
47.460
56.540
14.011
35.489
12.536
13.518
8.389
51.859
64.935
8.818
33.327
38.173
25.628
28.067
96.522
33.871
38.387
36.967
66.186
91.265
40.877
121.711
54.835
38.932
45.108
95.497
66.296
49.218
126.797
62.584
173.527
47.073
165.544
57.672
61.330
74.681
212.089
74.956
184.610
48.113
55.369
92.545
137.055
62.553
82.476
85.308
131.378
51.335
77.683
122.873
253.250
76.796
92.917
131.699
68.507
228.978
56.542
129.044
61.345
58.406
81.365
64.570
186.005
68.732
65.515
84.925
62.714
128.460
62.206
194.552
98.717
66.810
122.513
274.326
98.947
158.717
392.666
184.808
74.757
132.762
80.656
86.841
89.129
120.524
12.228
182.077
75.075
112.288
113.206
130.106
197.369
130.797
142.698
408.593
172.424
172.030
196.598
289.895
139.337
153.179
196.880
153.839
158.501
202.862
141.969
181.006
165.869
145.873
240.556
434.370
160.650
141.959
145.388
567.409
126.959
151.920
269.364
138.177
215.056
115.449
187.474
255.362
150.912
289.056
280.592
144.834
307.756
210.968
236.578
365.211
249.860
191.518
305.424
583.060
251.716
269.738
312.616
347.229
860.306
399.800
231.176
252.628
602.551
473.870
248.379
291.043
970.258
243.349
278.380
381.516
309.467
222.813
247.508
824.035
352.374
344.108
746.485
350.511
340.804
338.119
514.300
515.965
276.249
355.950
380.279
304.378
269.542
286.699
558.437
377.723
240.001
126.421
90.857
120.157
78.702
103.081
91.441
113.149
272.659
131.737
104.360
83.202
83.202
69.345
80.041
75.351
64.143
63.629
62.506
75.258
62.924
63.957
62.170
59.273
56.635
60.969
70.592
63.795
63.691
64.758
61.402
64.950
63.978
70.932
109.290
64.395
81.335
74.384
133.930
54.191
291.616
89.532
68.326
52.043
69.640
112.595
147.948
93.182
80.853
75.182
144.065
97.869
82.488
119.628
89.225
201.417
462.926
105.156
105.677
107.270
106.510
106.212
105.874
106.037
105.849
176.990
114.537
134.371
108.706
106.480
104.006
120.202
127.398
400.505
267.778
108.754
182.612
111.729
188.849
132.234
109.518
137.209
109.639
135.193
109.432
112.237
104.486
119.475
105.103
636.953
189.541
128.074
122.352
124.294
682.043
124.258
126.167
365.471
125.086
126.221
123.962
122.732
123.408
131.060
150.123
170.572
279.470
159.381
152.839
144.281
141.672
356.260
151.258
151.081
903.056
167.301
508.137
340.956
171.888
152.008
152.793
155.373
163.584
147.320
396.427
156.530
480.013
161.513
163.953
380.755
166.179
241.796
174.093
190.442
164.727
369.347
214.716
176.272
946.185
190.199
181.753
274.605
206.259
206.475
203.902
1686.997
199.399
204.493
198.680
398.023
202.387
395.473
201.547
204.676
202.225
199.283
322.276
207.387
363.994
200.109
198.556
202.212
378.777
188.245
366.923
227.030
192.168
196.861
195.081
223.866
0.051
188.314
213.119
214.707
188.676
189.053
206.400
377.899
366.822
224.537
245.000
222.153
224.075
492.074
247.676
452.128
260.765
225.259
222.280
300.992
223.421
219.567
227.001
240.843
333.213
213.021
549.608
232.408
228.663
334.382
220.748
228.148
227.238
221.897
327.600
229.757
230.424
319.776
227.412
228.200
231.796
228.540
239.869
237.966
243.534
263.630
261.870
268.911
677.312
282.264
283.509
518.027
267.768
271.006
395.242
1103.036
289.063
307.729
288.528
1209.562
1036.362
331.206
346.734
321.811
330.787
350.874
367.091
503.588
848.164
3068.077
3430.057
911.420
434.729
413.627
443.876
453.765
458.564
472.090
470.405
490.461
436.493
411.559
415.253
439.246
2812.041
422.195
597.186
421.329
416.667
398.768
396.880
842.821
611.795
562.418
438.142
1558.631
538.446
426.131
435.496
439.931
411.044
436.885
448.313
672.941
462.709
774.602
4394.372
1423.654
2003.243
558.099
583.460
828.916
501.375
1811.641
594.435
4879.275
589.067
538.064
536.148
547.619
549.426
5074.440
584.737
583.805
1110.246
575.808
579.015
999.665
700.711
721.633
901.221
644.773
1056.621
633.665
1110.748
2589.008
771.078
748.751
1455.552
1001.523
681.666
904.799
610.623
615.032
2747.486
646.046
609.981
2679.669
686.793
1.327
6303.694
936.423
933.506
997.658
1000.317
976.971
996.799
1559.182
955.901
950.066
915.914
933.417
996.699
3621.190
985.943
972.625
947.174
2069.230
987.491
1100.626
1102.524
2956.744
1095.556
1011.526
995.854
1015.314
1887.394
1184.124
1152.277
1152.826
1036.410
1005.622
1012.056
1004.285
1064.808
1135.436
1085.003
1478.382
1047.011
1116.167
1652.288
1085.832
1833.935
1194.606
1178.528
1173.498
1082.473
1222.963
4436.918
1287.182
1238.379
1209.059
4726.104
3206.296
8823.613
1207.817
1231.470
1624.506
1247.933
4031.766
1417.135
1405.190
1346.929
1491.205
1330.311
1248.211
9801.077
1544.616
1506.399
2944.598
1369.224
1359.685
1351.873
1426.052
2457.728
1481.616
1435.648
1362.976
1369.025
1416.521
1402.099
1440.529
1679.681
1514.056
1537.719
11942.959
3983.263
12742.245
9773.344
1874.268
2517.012
2038.700
1939.118
1853.097
1772.792
1815.731
1934.229
1939.093
1950.536
1819.620
1783.699
2169.758
1827.589
3644.210
1849.020
2693.618
1724.310
7987.669
1954.622
4718.250
1964.994
4750.618
1999.581
1931.121
2148.063
2041.630
2052.567
1936.841
1938.697
2115.729
3481.753
3217.646
1994.988
2105.220
1959.299
1960.246
2008.916
3069.740
2016.574
2034.966
17149.458
2098.559
1984.556
9425.108
2174.643
2157.174
4490.021
3229.019
2271.249
2138.363
11115.384
3269.963
3193.766
2408.410
5489.494
19734.953
2454.371
2618.776
2383.781
2396.979
18074.216
12600.385
2984.682
11881.316
5502.426
2800.259
2699.630
2600.201
3404.507
2759.245
27144.164
3037.526
2807.684
2803.630
15953.860
3205.785
3097.122
3029.338
2921.444
2866.815
3046.548
2837.778
2688.730
4774.543
4903.699
2970.997
2928.024
2805.233
2950.283
2977.729
2881.338
2766.026
3148.324
2909.799
28504.149
3028.676
3104.208
3116.593
2938.960
2878.806
3081.012
2998.314
2946.317
2992.465
2847.581
2806.422
3443.508
3213.370
3011.700
2926.303
5415.580
4778.394
3253.189
3088.069
2971.598
10124.741
3486.475
3150.436
3054.246
3452.607
3336.088
3144.248
3348.421
3210.990
6048.808
3439.966
3327.599
3657.459
19.745
3543.948
3522.484
3840.157
5786.091
3832.763
3586.697
8871.721
3317.596
6829.568
30367.457
16460.815
3776.831
27634.686
3797.228
3872.833
3687.614
3668.856
3705.117
16488.141
748.271
487.702
386.635
341.041
339.004
339.326
399.939
320.087
369.912
336.421
337.169
283.029
407.517
413.308
404.648
425.121
391.574
368.724
286.961
281.873
287.267
452.419
271.098
338.178
305.126
373.083
352.538
357.709
336.329
332.801
386.873
342.089
974.104
272.375
366.578
315.615
333.318
456.651
420.883
407.899
359.949
340.600
318.335
336.169
383.279
351.358
313.659
283.242
267.060
283.526
314.625
294.341
292.213
288.083
291.083
307.809
380.655
314.574
318.582
355.550
356.727
315.692
328.629
314.009
311.661
333.077
379.025
315.778
264.196
331.549
290.650
292.157
292.676
289.989
291.229
283.573
253.542
247.771
310.231
338.083
334.047
329.331
320.197
327.140
300.671
293.042
1166.135
315.453
333.052
308.591
313.279
318.123
323.909
339.459
337.758
1132.576
339.115
274.574
266.279
274.448
275.048
1073.764
314.905
329.565
314.567
314.952
374.793
357.057
357.090
296.085
266.127
285.731
328.395
298.490
285.371
1362.817
251.706
258.075
300.945
284.172
275.422
287.290
1439.726
319.316
316.785
358.912
359.082
371.620
319.757
262.925
252.107
244.795
303.622
1383.144
303.551
287.979
321.638
294.820
291.158
297.695
349.305
329.298
309.896
309.233
302.041
304.024
307.388
303.054
290.395
341.460
326.442
374.053
374.573
392.450
371.005
365.778
360.109
336.373
335.590
357.274
324.287
353.533
359.629
349.308
331.446
331.978
371.246
422.613
313.995
308.799
890.381
372.434
353.155
319.357
323.044
322.513
352.050
361.367
375.236
358.146
361.496
348.571
353.052
355.359
373.409
339.078
330.305
303.270
313.394
310.268
301.258
316.520
311.776
310.871
300.871
359.154
373.203
359.972
354.674
358.877
355.857
353.989
397.667
364.531
385.018
360.223
355.743
353.330
353.120
342.526
324.202
371.488
331.805
351.978
342.086
349.131
415.347
2190.856
385.239
356.247
344.840
337.613
341.887
467.778
439.265
447.500
442.343
430.790
427.261
423.499
429.919
386.728
448.476
426.216
421.618
416.810
405.781
418.581
407.346
400.390
401.558
394.188
378.843
368.048
378.586
427.151
427.747
431.392
431.065
412.780
374.360
384.716
374.973
407.257
530.589
382.156
371.285
358.651
357.867
512.548
387.707
0.519
389.409
426.117
419.449
358.202
227.819
249.889
254.498
253.039
309.568
284.766
260.218
247.062
239.511
257.533
247.948
255.581
246.491
267.154
238.456
233.464
230.911
218.512
201.346
210.637
245.360
243.918
245.958
223.900
261.636
252.346
201.926
208.320
220.048
209.543
213.184
219.769
210.838
329.673
204.262
195.606
201.909
193.865
188.101
202.314
292.167
286.878
297.724
285.989
252.508
250.379
234.759
226.237
231.944
220.355
220.165
217.058
220.127
237.972
238.396
258.014
525.623
167.849
172.112
224.375
226.885
242.219
216.739
171.568
156.299
155.359
0.513
193.053
192.600
187.659
226.162
225.676
267.655
249.496
285.461
713.233
278.240
245.730
243.554
264.113
315.938
293.000
294.197
286.426
280.892
269.116
240.435
240.255
246.698
244.647
237.215
258.985
244.160
243.478
245.705
251.382
229.165
266.854
243.198
228.263
232.660
258.131
235.996
234.962
304.665
354.512
338.325
356.232
348.041
355.400
346.772
329.203
319.193
271.776
311.946
302.045
323.904
304.776
303.561
302.886
302.818
307.171
292.293
297.331
309.396
308.241
301.988
302.538
299.806
294.076
248.016
270.130
284.290
278.732
266.167
291.580
287.252
284.078
274.632
432.756
736.105
518.971
523.597
441.965
411.919
357.264
332.438
332.311
334.913
373.560
359.538
346.861
366.961
329.577
366.345
356.059
353.796
387.693
427.223
383.856
382.698
380.162
379.536
302.481
304.155
415.910
423.177
380.306
413.984
878.885
300.677
281.714
276.430
280.873
312.387
286.954
273.453
274.361
273.894
270.722
286.518
311.409
290.801
280.492
276.105
271.223
268.384
294.056
290.883
289.762
286.206
304.530
290.170
265.378
251.051
240.087
254.266
256.191
237.839
237.149
237.796
234.247
232.453
239.257
227.705
234.387
223.922
361.263
352.797
345.082
381.000
441.427
438.336
403.752
402.654
353.535
354.187
347.926
329.607
334.912
328.401
335.119
344.513
337.225
338.118
333.387
355.394
345.678
314.903
380.058
363.222
336.079
333.974
332.618
336.217
387.558
383.888
380.611
382.345
389.409
366.257
346.467
355.126
361.500
386.650
349.751
436.876
425.538
396.050
410.656
409.683
415.372
377.329
369.558
342.708
346.239
349.988
407.255
355.423
352.753
502.173
685.222
659.355
507.451
519.861
494.430
486.579
413.414
456.342
512.845
489.605
1088.346
505.764
506.453
538.689
902.933
423.926
414.394
412.090
408.968
394.918
338.818
314.363
317.280
324.518
322.424
346.226
352.825
393.770
395.683
317.911
324.120
377.997
352.987
345.355
364.447
398.539
370.323
344.191
342.383
355.631
342.408
335.666
357.812
351.844
373.764
319.493
319.816
374.695
395.684
393.862
397.066
387.201
332.156
371.044
372.029
372.614
371.927
375.937
387.661
366.625
367.571
397.070
391.960
400.443
390.305
382.457
344.494
353.857
340.612
327.180
316.654
318.127
349.959
362.455
343.623
344.159
350.305
378.785
0.402
342.287
341.753
391.952
407.127
388.694
384.884
449.018
434.704
0.450
335.856
330.980
329.906
302.243
303.911
294.272
294.651
300.906
304.801
281.084
286.418
383.052
366.480
377.282
346.272
348.272
381.698
411.261
439.304
433.750
475.814
478.440
460.119
440.885
443.571
404.360
392.915
395.485
390.651
386.292
332.551
329.243
341.403
325.198
345.695
358.282
356.346
360.169
356.591
405.037
476.915
458.242
486.623
458.784
409.111
399.545
380.193
432.944
397.139
400.427
395.207
457.269
359.283
408.835
423.206
424.965
376.691
404.346
400.778
445.356
437.319
418.057
424.925
432.423
420.970
369.380
367.442
358.900
334.181
337.249
428.127
420.207
420.142
423.203
397.751
400.906
396.906
404.461
392.564
432.151
444.009
437.862
435.672
0.916
454.549
409.075
368.084
401.270
406.182
409.442
397.939
394.576
383.290
365.710
328.115
339.178
340.479
322.809
364.915
405.793
421.025
469.052
479.803
448.312
578.606
430.340
1781.911
435.160
427.918
430.144
470.864
937.443
427.998
435.586
436.541
1766.415
427.591
422.094
427.146
403.547
418.614
433.810
397.470
416.031
536.857
504.317
499.892
447.277
443.311
460.507
474.720
471.969
452.974
456.483
451.077
438.939
525.830
522.110
535.232
516.006
518.473
514.043
506.864
472.454
509.168
502.084
0.248
484.523
474.788
483.340
538.725
490.286
538.328
505.157
544.835
553.966
522.376
556.241
518.112
546.383
537.059
575.130
523.643
502.723
474.786
521.672
2285.506
465.227
499.471
576.576
536.530
530.126
533.299
431.024
422.861
420.209
2177.103
545.850
564.130
566.049
549.664
574.402
567.022
537.804
523.227
520.184
514.802
529.128
551.513
583.040
574.206
592.310
619.400
714.241
715.061
699.788
681.513
539.884
644.085
656.862
650.254
641.516
635.840
581.212
547.338
584.835
612.771
602.605
590.444
659.551
617.558
531.863
508.981
509.668
489.245
599.483
579.716
606.322
587.520
640.418
635.253
667.191
645.292
602.138
537.734
612.079
619.501
604.157
615.842
617.759
610.700
555.835
558.348
567.681
569.474
550.191
569.564
507.993
510.525
513.596
0.228
498.600
2044.210
488.660
504.726
1752.384
589.633
542.614
602.877
528.586
555.469
540.710
518.445
490.406
499.462
529.402
543.336
552.366
531.046
556.926
572.798
624.464
659.688
662.983
646.380
644.218
647.070
544.890
537.011
558.104
615.424
549.094
554.021
2385.033
670.277
580.560
590.239
644.144
581.024
582.440
619.079
645.325
633.484
629.445
659.060
649.339
673.648
846.198
680.983
686.319
690.155
662.315
637.654
648.435
618.086
665.866
627.487
608.056
656.620
857.190
872.799
775.029
668.681
615.427
562.115
647.526
578.833
637.764
598.722
602.192
542.855
568.895
613.756
596.807
594.092
577.480
671.289
674.258
636.133
629.653
585.897
537.359
619.217
600.387
613.767
657.155
719.113
594.367
593.400
591.484
593.008
554.981
616.351
569.665
690.247
685.430
614.906
651.953
595.687
610.006
612.336
670.913
636.257
636.545
623.467
625.379
690.735
640.774
633.378
654.914
609.237
642.604
772.441
759.881
736.508
720.470
724.853
638.671
626.711
626.574
625.908
658.837
665.998
727.504
666.418
859.718
735.198
722.102
759.359
773.571
734.379
694.967
703.447
690.047
723.807
714.266
701.241
718.170
690.324
678.270
676.327
690.343
673.569
679.929
643.224
678.004
683.151
710.097
792.393
751.333
783.006
780.396
710.762
3056.332
658.767
656.544
713.757
636.324
646.354
624.884
633.540
648.438
645.647
670.929
675.081
681.416
662.104
644.151
702.165
725.062
682.676
710.453
603.779
640.091
611.710
665.945
667.890
610.037
602.052
597.588
611.406
586.607
672.005
706.551
683.031
660.025
660.134
615.488
604.946
612.320
594.384
699.160
712.918
712.912
858.235
704.735
671.702
670.516
669.784
710.502
714.065
689.520
708.218
677.303
656.424
649.510
720.997
700.332
845.228
737.614
735.465
658.245
708.371
714.567
712.175
731.008
715.685
727.038
764.348
734.846
580.804
2375.492
692.323
771.752
687.911
751.932
785.558
777.467
791.301
959.954
768.360
734.939
683.945
693.983
711.100
724.534
728.138
678.978
761.607
830.923
890.454
839.440
768.337
638.467
733.853
743.898
741.476
757.596
762.589
876.560
877.293
857.648
854.861
772.302
741.301
687.772
719.591
713.327
668.634
674.523
751.274
769.073
797.119
836.059
817.374
795.030
796.707
710.444
796.672
772.230
794.995
894.976
895.896
940.619
838.187
801.043
809.842
788.643
787.511
782.267
772.108
832.761
799.182
762.928
763.132
775.701
815.771
1.122
785.285
792.992
787.050
785.634
872.586
881.246
872.025
914.020
824.205
883.681
809.026
824.191
817.858
752.814
842.888
868.710
821.227
839.031
823.819
866.447
804.349
770.328
775.139
786.232
859.917
897.287
889.637
904.824
827.981
821.492
864.468
2400.209
739.041
801.893
804.902
741.012
763.739
716.352
706.260
761.783
761.462
751.102
718.799
777.250
3468.799
912.605
998.960
997.197
1007.463
947.508
1092.265
1068.880
982.315
964.400
905.956
923.676
921.261
910.839
923.493
996.706
929.699
929.147
925.069
801.033
779.545
788.955
811.951
781.860
786.330
768.158
954.502
787.338
839.305
813.086
817.010
774.659
788.738
784.639
886.477
3860.089
841.302
834.788
839.781
824.839
818.033
909.986
950.512
965.884
906.184
944.038
904.865
895.628
881.964
838.238
908.567
981.869
874.654
854.695
870.088
929.005
5.021
980.206
912.893
871.252
871.758
941.474
925.536
884.357
910.384
926.739
900.458
821.006
803.694
801.369
899.309
882.557
922.846
925.665
898.690
889.047
899.771
846.043
4241.061
1036.102
1268.476
1840.115
1687.453
1682.083
1889.021
1903.063
1900.374
1858.267
2091.137
1806.719
1744.251
1799.062
1942.715
1650.478
1585.009
1835.235
1827.805
1661.416
1713.691
1548.188
2901.355
1404.724
1507.360
1563.259
1580.826
1433.639
1416.278
1391.527
1360.240
1505.655
1397.061
1315.049
1322.753
1295.449
1170.971
1232.569
1328.626
1283.599
1223.961
1191.809
1141.164
1100.667
1162.046
1172.083
1398.632
1136.779
1129.951
1086.545
1076.779
1097.186
1153.928
1111.079
1226.246
1131.471
1142.555
1105.421
1134.883
1178.341
1124.768
1070.428
1110.957
1133.275
1097.853
1019.623
1017.110
1067.603
1047.728
1065.758
959.422
1072.258
988.627
1011.057
973.375
1065.637
1066.461
1080.477
1064.395
1024.651
1071.759
1065.921
1103.545
1152.382
1150.292
1121.044
1055.064
999.188
938.286
941.328
1031.896
1225.795
1130.424
1156.548
1077.480
1031.926
1031.573
1038.148
1072.485
1088.277
999.412
989.691
1031.337
969.494
952.011
964.153
1138.436
1147.855
1039.401
1026.661
999.685
1034.504
1025.823
1023.266
1117.693
969.964
1002.097
977.713
970.025
975.641
1002.356
887.666
967.546
944.667
960.023
1006.794
946.510
908.922
964.274
937.825
985.720
1081.593
1092.957
1085.255
1022.389
987.416
979.526
944.485
968.124
1057.048
978.995
949.814
882.134
869.544
837.629
845.071
919.529
1151.136
1202.374
1190.182
1139.526
1126.020
1134.887
1016.324
1053.678
1140.353
1128.468
1158.943
1197.573
1121.594
1113.222
1113.325
1220.606
1124.725
1032.410
983.187
983.184
998.948
1096.676
1825.110
2001.075
1982.053
1834.701
1935.839
2010.472
1840.932
1835.312
1786.574
1787.645
1803.334
1648.765
10.554
1616.032
1575.441
1609.031
1833.980
1804.346
1527.223
1507.282
1486.959
1586.942
1506.408
1441.422
1368.721
1308.961
1171.778
1246.817
1326.234
1324.352
1267.063
1194.493
1303.602
1263.683
1446.383
1426.207
1346.590
1366.340
1287.148
1262.088
4280.629
1121.332
1121.271
1188.334
1109.989
1198.599
1211.359
1194.485
1178.284
1179.749
1144.041
1106.522
1188.720
1249.716
1214.964
1149.551
1073.140
1146.083
1125.825
1111.990
1152.436
1054.055
1049.375
1054.369
896.405
989.879
995.821
1052.390
1134.594
1097.688
1120.601
1047.055
922.401
892.120
939.532
989.938
1073.739
1004.098
993.749
1045.519
990.719
1078.470
1094.785
1224.145
1198.517
1111.886
1056.690
1067.672
1024.005
991.098
1152.515
1084.069
1160.343
1039.577
1025.111
1020.894
1022.790
1098.576
1170.826
1126.509
1109.258
1049.714
1037.446
989.459
1001.385
1043.077
1.074
1110.432
1.125
1082.876
1088.108
1045.105
1019.856
1002.130
1020.189
1103.803
1104.312
1030.789
979.579
982.470
1050.480
1061.960
1076.215
1184.863
1113.150
1078.520
1133.336
1161.981
1091.539
1094.695
1196.531
1353.768
1223.177
1128.421
1133.222
1100.364
1041.187
1153.426
1208.955
1150.082
1220.779
1225.300
1205.508
1258.836
1278.614
0.419
1110.783
1062.763
1229.066
1214.837
1040.734
1228.475
1361.614
1248.999
1149.096
1117.836
1052.658
1245.376
1292.767
4511.819
1079.566
1072.667
1076.101
1180.449
1273.934
1249.198
1239.057
1150.883
1158.329
1184.448
1265.567
6065.138
1086.240
1274.254
1193.908
1094.656
1169.062
1166.190
1159.244
1161.420
1296.559
1229.849
1165.141
1112.193
1168.073
1138.162
1199.018
1378.285
1200.261
1164.863
1105.188
1120.474
1124.057
1160.602
1338.308
1313.294
1262.471
1324.250
1288.541
1220.881
1390.460
1320.566
1332.125
1232.763
1217.886
1207.351
1292.233
1340.301
1343.284
1065.716
926.611
966.747
944.245
1083.720
1057.500
1077.567
904.782
902.310
964.161
923.780
879.219
979.340
1219.936
1040.664
1038.996
952.370
941.178
933.401
936.111
1818.480
988.947
900.595
896.400
885.385
960.321
915.537
953.505
1181.275
1069.967
1054.447
939.177
935.694
946.776
993.641
1094.351
1154.292
1031.561
1063.732
1118.340
1067.362
1019.631
1015.554
1074.267
1049.696
1043.421
1007.184
991.666
984.605
989.041
1102.750
1010.528
1076.385
1022.890
1023.163
979.341
1002.244
1064.707
1114.116
1091.636
1032.432
1053.779
981.068
1096.547
1031.750
1199.002
1143.114
1139.339
1045.927
1062.500
980.564
983.531
1015.240
1005.711
982.592
969.761
1055.062
1031.183
1013.792
1112.256
972.695
914.355
944.095
907.349
917.824
1006.524
970.655
1171.328
1011.694
993.732
1091.123
1061.789
1059.672
1004.478
1186.299
1230.202
1154.560
1126.089
1084.737
999.056
979.666
1070.070
1014.993
996.239
976.930
945.362
967.291
944.166
1024.203
1105.318
1116.192
1044.049
1239.868
1178.500
1079.129
1035.739
1108.289
1138.651
1110.649
1077.607
1054.669
1051.877
1060.141
1154.439
1153.498
1057.627
1035.090
988.703
946.246
1086.778
1116.652
1226.996
1139.133
1040.110
1012.280
1059.013
993.522
1030.231
1089.180
1087.533
1094.250
1105.575
1015.764
996.464
1016.579
1109.420
1139.226
1112.784
1157.161
1145.095
1022.945
963.140
1065.733
1021.504
962.607
1047.914
1009.940
1098.964
1042.062
1179.752
1166.205
1166.915
1090.689
1082.413
1043.319
1082.596
1198.487
1221.361
1153.790
1146.256
1067.141
1056.299
1102.311
1139.708
1135.662
1125.461
1082.110
7331.004
1045.506
1017.491
1036.341
1071.858
1101.367
1127.324
1086.456
1023.986
1019.371
1078.866
977.737
1071.682
1106.354
1129.843
1122.990
1150.539
1080.383
1011.293
1083.102
1182.856
1082.399
1079.009
1101.990
1033.174
1026.670
1110.727
1179.056
1033.708
1086.226
998.932
1009.025
1060.571
1072.955
1185.826
1066.477
1032.074
961.308
1057.546
1015.471
1022.951
1095.349
1137.985
1124.914
1061.843
1041.493
1073.804
1157.807
1214.837
1136.703
1082.489
1073.155
1003.363
1000.382
1050.591
1117.104
1086.323
1153.665
1140.271
1068.598
1071.357
1210.130
1206.197
1093.027
1044.129
977.378
962.545
988.680
1050.369
3522.211
1148.537
1153.293
1133.451
1196.513
1263.321
1208.564
1235.078
1234.813
1361.503
1403.685
1417.256
1390.470
1325.084
1303.364
1267.889
1274.424
1193.679
1139.858
1154.433
1132.775
1103.089
1069.259
1199.523
1286.601
1263.062
1191.965
1177.316
1174.109
1212.856
1281.222
1283.691
6581.078
1214.977
1202.956
1199.761
1132.209
1121.213
7910.655
1155.249
1257.316
1333.884
1223.969
1210.604
1210.151
1210.874
1424.403
1232.412
1233.063
7376.026
3661.166
3119.467
3631.567
3295.392
3385.690
3406.138
3246.320
2751.354
2793.552
2506.139
2415.064
2527.447
2297.100
2291.335
2283.889
2302.269
8571.256
1485.980
1446.465
1642.880
1741.333
1700.301
1567.552
1503.120
1540.814
1537.089
1667.063
1628.579
1629.397
1536.427
1648.159
1744.123
1627.884
1545.325
1482.512
1590.144
1615.894
1622.148
1592.980
1430.981
1453.617
1522.608
1578.591
1700.890
1640.840
1539.418
1574.043
1534.813
1500.255
1482.897
1534.863
1598.513
1606.548
1399.275
1381.990
1378.574
1679.730
1527.676
1396.256
1311.393
1392.613
1461.709
1415.095
1351.849
1301.481
1267.146
1327.859
1424.006
1324.633
1369.592
1335.125
1370.473
1426.250
1413.301
1367.496
1339.969
1364.759
1387.131
1579.487
1577.452
1477.780
1378.041
1899.054
1454.699
1380.421
1390.496
1433.358
1400.655
1384.900
1633.403
1554.258
1497.268
1409.566
1447.785
1550.502
1468.139
1379.089
1343.669
12736.552
3741.948
3256.050
3323.543
3120.998
3265.490
2928.246
2820.771
2969.162
3090.547
2840.465
2679.666
2960.330
5619.762
2386.455
2348.489
2215.568
2089.896
2317.887
2233.730
2091.190
2127.045
11572.163
1988.540
2064.778
1946.879
1855.995
1836.922
1834.938
1763.726
1785.548
1869.188
1746.862
1677.977
1742.763
1855.792
1849.282
1853.240
1752.360
1666.352
1799.819
1654.443
1576.443
1575.173
1620.424
1769.245
1619.919
1607.922
1557.109
1508.735
1566.535
1494.217
1455.585
1641.025
1742.906
1859.214
1855.733
1680.093
1665.619
1731.910
1678.272
1637.607
1607.914
1579.643
1514.319
1520.274
1552.522
1505.549
1471.152
1687.020
1602.271
1548.645
1561.938
1674.718
1805.111
8390.630
1608.745
1555.399
1534.976
1584.355
1582.461
1760.793
1693.871
1617.468
1668.066
1769.621
1748.874
2181.213
1689.581
1664.640
1811.976
1670.046
1532.789
1454.328
1507.938
1695.039
1631.700
1522.607
1624.274
1702.724
1827.801
1845.302
1804.062
1686.727
1741.945
1782.429
1731.315
1673.456
1607.237
1718.148
1700.175
1581.929
1555.445
1568.550
1613.155
1635.580
1682.496
1707.318
1850.698
1866.926
1791.113
1653.418
1652.506
1857.350
1804.922
1816.381
1726.641
1755.275
1759.833
1782.771
1666.575
1711.437
1762.432
1679.309
1615.431
1597.448
1772.980
1781.324
1693.980
1590.154
1616.074
1667.543
1632.514
1586.593
1588.979
1562.326
1805.191
1639.751
1523.128
1522.845
1515.547
1771.253
1756.548
12259.922
1631.524
1721.882
1752.423
13138.224
1454.319
1477.070
1562.482
1579.004
1496.323
1524.060
1655.444
1565.269
1507.284
1451.071
1425.967
1473.568
1586.652
13724.927
