0.267
0.159
0.123
0.164
0.130
0.011
0.033
0.150
0.275
0.024
0.076
0.027
0.015
0.073
0.075
0.088
0.026
0.058
0.096
0.136
0.114
0.383
0.136
0.023
0.121
0.141
0.488
0.189
0.074
0.115
0.034
0.276
0.218
0.158
0.087
0.126
0.220
0.138
0.269
0.112
0.447
0.201
0.415
0.529
0.254
0.138
0.289
0.050
0.581
1.015
0.466
1.986
0.280
3.484
0.189
0.124
1.501
1.607
2.821
1.345
1.297
1.435
3.041
1.919
2.280
2.039
1.997
2.634
3.451
2.025
3.450
0.020
2.067
2.492
2.132
2.861
3.528
2.202
3.315
2.268
2.284
3.723
2.329
5.429
3.217
2.597
7.402
3.459
0.022
3.359
2.266
2.927
3.478
3.068
6.370
3.051
0.024
3.198
4.838
2.653
3.311
3.193
3.849
5.305
4.343
2.904
3.510
11.979
3.899
16.618
6.469
6.180
5.949
5.931
6.283
6.059
6.094
7.295
21.562
12.230
9.599
7.536
7.951
8.096
11.606
10.266
8.646
9.457
12.598
9.366
9.906
12.616
8.681
11.599
12.457
11.235
13.399
9.501
13.254
9.207
13.276
10.901
11.397
15.092
12.464
13.663
8.816
14.233
9.535
11.376
14.721
9.609
13.785
9.875
11.860
13.632
22.218
17.579
17.249
11.341
13.620
17.249
16.891
11.879
17.859
13.262
14.600
17.352
19.494
16.651
16.274
16.044
16.816
17.917
17.741
14.671
14.791
20.222
17.139
16.068
15.799
11.957
44.002
33.963
25.121
66.284
26.983
19.942
29.327
24.272
17.680
51.909
23.954
21.769
28.706
18.808
28.644
23.869
23.931
23.862
24.997
18.732
26.327
18.667
27.393
18.977
70.271
26.036
21.927
30.591
29.067
81.913
30.174
56.228
31.484
31.131
31.811
21.966
35.967
32.878
135.128
25.737
30.233
30.484
30.443
30.308
30.178
31.419
31.473
45.283
133.688
29.585
38.006
37.916
36.309
40.110
38.085
30.975
39.697
39.893
39.446
42.051
39.011
0.092
38.469
37.686
37.817
36.657
38.190
37.285
44.209
29.469
117.022
37.494
35.551
38.084
31.588
40.842
58.414
40.417
39.133
36.566
37.662
38.181
39.132
36.755
37.809
38.889
39.152
39.859
94.796
194.079
51.652
48.302
48.519
45.358
43.401
50.282
49.921
47.241
48.024
49.599
49.232
44.852
49.024
48.232
48.705
52.085
49.070
51.005
48.462
50.649
47.825
48.113
53.556
47.732
50.366
51.455
50.547
52.326
49.931
52.065
56.256
68.291
40.689
38.786
41.848
40.387
49.178
40.633
42.837
40.930
43.652
43.694
39.062
178.218
44.439
46.505
45.523
47.093
45.318
43.257
0.996
50.045
51.080
51.193
50.809
47.489
52.276
53.348
52.147
53.768
55.679
56.093
51.228
57.122
52.608
58.117
53.848
60.775
60.630
57.936
55.254
55.170
60.137
58.824
62.466
60.865
59.671
59.356
54.581
63.167
58.579
60.834
62.665
58.285
178.538
43.685
47.108
47.015
52.968
49.998
48.691
47.243
49.275
49.579
45.060
43.004
46.308
50.503
46.085
47.883
85.102
54.203
49.396
49.114
49.487
51.810
50.951
48.933
61.091
76.547
61.009
61.899
58.684
59.728
0.654
53.859
56.657
56.401
60.196
61.796
219.512
70.764
59.515
60.718
231.021
75.482
72.404
72.048
73.901
74.446
76.860
1.150
73.065
75.218
78.386
82.005
68.855
72.401
69.806
69.109
72.161
68.720
73.234
72.638
71.907
72.348
72.402
67.763
76.586
82.283
104.862
82.825
83.745
79.656
77.708
79.932
79.348
73.359
72.575
89.191
203.840
78.906
85.958
80.528
83.988
84.960
86.160
83.633
82.454
87.829
90.148
90.649
93.717
90.587
81.318
83.739
83.090
83.892
82.963
83.722
83.177
82.213
85.157
88.513
123.132
85.887
85.489
84.712
84.535
84.636
89.062
83.905
86.424
81.700
285.663
335.696
137.399
402.975
100.114
88.278
89.774
89.725
89.352
95.798
94.560
90.400
100.749
101.684
101.884
102.518
320.442
121.359
122.910
123.235
120.673
119.111
120.300
119.605
122.134
116.240
116.435
118.395
216.109
126.971
121.839
120.817
543.542
130.519
123.745
122.439
120.652
121.329
125.948
140.793
133.845
136.014
132.542
142.756
143.835
147.628
143.548
137.513
371.808
139.781
137.238
134.844
136.702
132.719
131.252
131.599
130.898
141.907
139.259
138.381
672.687
157.048
161.530
0.615
152.503
161.837
153.912
174.569
170.713
189.573
187.891
180.849
178.924
175.238
167.657
169.196
166.786
181.700
180.318
172.788
177.526
175.088
178.068
522.757
178.711
178.968
177.322
180.202
175.939
174.586
184.651
181.850
184.632
181.993
180.164
168.180
171.636
0.431
174.282
174.490
174.822
1130.262
233.987
1073.419
229.771
205.149
224.118
218.336
233.531
227.336
219.260
0.909
208.687
216.776
1258.338
262.905
241.099
232.127
229.364
217.755
220.412
211.890
218.050
218.916
215.320
220.078
215.860
222.398
259.808
256.321
252.424
254.525
234.924
232.946
236.866
230.379
222.085
220.929
232.233
229.990
228.043
234.425
286.193
225.462
225.567
231.416
1020.209
248.482
230.934
243.393
229.264
0.656
266.592
238.542
244.404
245.652
241.307
246.234
241.648
253.139
245.754
245.900
251.123
3.173
257.425
254.504
253.851
245.042
247.971
246.103
245.109
249.325
253.883
257.566
261.754
303.627
277.088
280.178
274.021
273.013
268.220
257.686
245.773
240.586
238.350
243.207
239.252
241.040
241.734
0.536
252.881
245.530
247.225
257.800
251.270
249.377
243.497
253.828
258.410
256.456
256.290
255.799
244.731
250.924
258.616
257.250
252.231
259.727
254.482
255.352
257.515
256.843
252.994
255.761
252.287
259.775
250.511
253.217
251.240
280.266
260.204
276.105
268.625
3.354
289.775
270.269
267.281
269.445
253.357
256.512
263.975
257.468
271.433
0.681
266.492
429.733
281.055
273.509
267.787
261.516
265.924
267.956
275.909
276.556
275.284
273.976
274.087
298.159
318.820
308.482
281.152
0.471
285.855
289.887
286.587
277.949
285.823
591.076
274.669
282.244
281.117
290.029
283.992
828.313
291.806
302.505
294.172
1531.518
342.266
330.681
330.498
319.222
303.101
1192.247
300.230
305.520
296.379
0.488
295.589
1857.180
477.966
435.337
424.324
431.826
431.119
446.071
429.290
436.930
1293.829
452.229
468.143
456.955
445.008
443.775
429.110
450.931
472.441
877.173
458.178
164.774
153.267
302.069
181.392
168.109
164.075
171.604
170.744
170.762
177.763
149.004
167.398
171.781
178.867
182.992
185.784
185.191
177.717
164.442
174.078
482.018
178.032
168.519
182.840
177.289
179.421
188.916
219.195
198.972
195.068
190.479
194.311
180.245
2.183
228.108
241.390
182.702
196.263
193.896
198.938
196.386
178.593
184.918
192.003
190.439
197.383
191.513
201.385
0.677
195.582
381.151
180.125
171.402
173.367
168.493
192.925
195.801
211.358
179.985
188.181
190.284
201.034
174.798
189.297
188.991
183.444
184.496
0.098
181.003
177.999
199.721
195.409
204.663
180.066
178.459
194.966
192.151
199.219
202.834
196.156
176.078
178.595
208.524
202.688
204.448
200.660
197.433
208.582
196.355
591.660
211.956
222.740
204.456
201.926
200.667
200.042
249.582
234.516
221.929
222.455
214.411
220.156
215.009
225.499
220.184
231.173
245.109
226.006
232.252
230.059
235.072
239.187
231.789
235.898
232.241
231.081
239.726
253.100
224.785
248.121
241.342
239.280
222.605
225.319
229.376
665.650
240.535
250.736
2.046
369.676
251.002
246.948
246.862
247.486
260.910
245.246
250.733
247.971
254.811
241.604
265.174
263.355
257.623
269.101
255.678
260.854
260.493
273.513
260.049
263.205
259.145
275.728
270.673
265.903
270.483
274.534
241.494
271.505
555.132
291.182
779.033
313.802
296.276
285.464
646.087
301.401
305.803
298.271
294.972
321.583
299.409
372.306
299.241
305.790
329.183
339.242
330.752
328.205
354.554
344.751
292.292
293.239
302.588
292.987
318.921
336.778
315.225
297.200
316.462
0.270
356.098
346.540
321.973
306.478
293.802
309.844
314.195
346.467
329.613
324.309
336.329
318.376
319.855
337.211
347.261
334.977
343.969
338.921
349.201
345.850
360.452
357.931
343.381
351.403
339.370
361.534
337.303
353.433
372.600
328.244
332.234
349.732
352.323
337.536
335.264
352.162
336.552
322.420
324.944
339.100
314.875
318.862
0.537
314.400
323.884
314.512
308.489
314.245
324.583
305.270
316.251
318.443
326.787
321.009
307.254
317.331
357.287
333.603
335.143
342.015
368.151
369.977
318.781
0.477
343.365
333.241
330.276
1.940
351.268
309.540
320.009
333.458
339.371
332.364
342.590
330.323
351.628
326.291
325.358
327.011
327.503
319.133
313.254
953.945
358.691
341.706
347.715
0.571
331.034
339.358
342.512
345.806
340.118
344.019
360.618
355.219
338.510
338.357
351.946
336.166
333.675
0.931
353.869
372.687
361.530
374.748
371.868
331.154
347.511
360.287
354.476
357.958
360.266
359.507
365.024
388.757
380.286
367.477
562.558
395.394
370.434
371.197
391.456
387.337
375.975
386.036
370.468
355.387
351.415
372.969
358.838
351.982
378.610
3.319
365.581
363.070
4622.557
914.974
790.114
793.244
845.596
811.270
795.980
806.290
753.329
712.832
2685.714
0.963
812.701
5072.415
811.497
788.685
802.626
784.217
779.688
773.676
747.333
780.176
789.184
779.180
780.815
830.877
1037.433
933.362
800.072
788.714
783.358
884.726
812.391
811.458
816.110
798.906
791.372
800.358
788.980
802.207
843.846
792.884
782.946
794.753
801.711
789.240
814.643
782.841
776.276
813.886
779.671
785.585
798.641
780.019
816.293
783.040
794.725
830.332
833.610
1768.547
812.706
814.155
808.680
784.515
814.787
809.224
809.599
808.610
769.638
771.967
777.399
765.819
763.072
2708.710
834.378
809.610
964.719
856.079
824.976
802.473
847.240
820.522
837.803
859.739
832.623
870.862
847.350
820.409
887.197
1021.358
847.457
865.198
799.492
809.983
792.734
803.440
781.431
822.551
848.691
840.762
850.617
857.777
857.029
2863.707
930.973
807.772
831.319
1367.146
839.949
813.776
886.402
909.032
877.312
2745.584
953.408
973.145
948.424
941.663
919.222
937.970
847.642
850.790
892.805
873.601
6091.693
1024.108
999.010
1010.895
911.519
885.627
891.535
900.678
892.967
877.041
907.588
934.413
975.043
997.156
949.233
6445.306
986.022
946.408
906.123
902.610
906.811
5.094
964.646
987.761
961.781
1.374
974.607
965.736
978.944
962.552
1023.796
1010.354
973.508
990.847
997.198
1008.068
980.340
961.596
970.855
943.391
958.559
918.261
917.085
931.564
12.500
946.056
1104.791
922.320
892.499
963.105
983.229
929.355
924.496
952.883
960.800
951.839
1368.776
3.109
973.760
1.253
995.141
968.612
978.487
1333.945
3757.399
1088.299
1053.431
1031.703
1059.358
1036.671
5682.759
1147.790
1099.041
1109.235
1114.113
1108.506
1099.582
1098.507
1077.896
1099.514
1128.723
1128.642
1087.450
1064.660
1080.650
1104.122
5801.647
1164.731
1192.278
1196.264
1229.143
1169.805
1156.179
6757.587
8729.468
1301.465
1312.560
1274.488
1285.717
1288.640
1603.274
1311.048
1303.577
1286.342
1216.116
0.853
1301.311
1306.080
1368.011
1354.559
1350.566
1200.562
1292.139
1307.790
1272.717
1269.017
1276.292
1274.323
1303.760
5938.682
1218.683
1216.331
1249.804
1211.315
1219.347
1210.988
1183.071
1212.549
1176.613
1183.727
7119.002
1535.137
4817.549
1553.762
1938.629
1496.955
1496.562
1481.708
1509.384
1505.455
1505.080
1533.256
1539.850
1519.663
1527.981
1515.456
1517.117
1531.785
1.038
1530.387
1554.395
1552.508
1530.051
7407.116
1557.394
1580.018
1568.066
1551.757
1550.581
1557.473
1549.409
3.247
1543.103
1577.841
568.606
562.227
538.159
531.362
550.595
557.245
576.000
578.255
550.609
550.231
581.440
538.906
598.978
592.783
619.443
579.563
580.895
582.359
606.541
6.485
602.478
614.193
662.256
667.300
660.405
664.630
679.460
673.155
685.029
618.503
610.390
632.831
657.340
629.179
638.939
643.917
620.492
576.674
679.789
668.649
700.199
690.942
817.778
760.969
647.788
681.028
727.196
741.690
751.058
740.831
776.086
744.519
819.230
839.206
783.867
808.650
723.130
702.162
729.202
2.119
839.058
826.342
872.085
888.707
794.766
735.070
766.649
794.562
788.642
793.410
830.627
701.376
768.595
761.730
774.476
799.891
770.027
773.445
805.661
838.685
824.419
764.455
762.166
804.474
858.225
824.732
822.989
826.976
808.887
766.987
866.053
810.125
821.596
769.389
789.696
904.518
930.634
840.816
833.623
833.562
850.004
796.866
746.670
757.941
755.712
896.875
907.691
824.260
823.108
953.133
924.927
914.907
900.139
981.670
952.628
943.426
941.646
959.331
928.613
929.399
934.105
926.453
999.608
964.726
977.019
818.253
791.606
814.928
839.748
820.216
1060.092
785.483
835.763
750.405
748.673
737.056
726.112
770.882
725.695
851.242
801.181
763.706
764.509
709.055
768.779
870.136
871.955
838.945
815.754
828.121
836.613
925.463
771.921
811.532
846.473
938.869
830.489
837.035
849.668
870.688
956.398
891.569
864.903
927.397
914.458
967.286
899.676
860.455
836.391
915.973
1063.973
954.781
923.967
901.958
892.536
879.394
829.125
872.500
870.853
917.787
869.458
897.806
925.764
908.240
848.459
864.302
845.144
804.856
841.800
846.173
758.988
759.028
759.874
739.445
748.334
741.221
688.777
721.301
738.170
810.297
836.032
847.037
848.896
852.963
858.923
869.205
852.189
804.892
783.355
785.542
807.886
811.767
829.262
801.626
812.939
806.095
830.009
828.992
817.038
824.600
820.829
838.515
850.591
817.107
796.939
797.241
919.117
912.626
724.233
735.947
714.656
765.715
753.425
755.017
900.000
831.754
821.300
925.167
908.590
802.038
887.458
815.281
876.523
894.737
841.646
872.703
878.073
824.579
812.283
797.388
851.894
830.454
817.775
790.616
831.307
827.450
799.791
904.675
859.313
841.551
837.488
858.582
897.247
971.081
972.848
865.362
895.994
886.349
962.588
914.725
908.770
942.244
1002.659
966.498
999.095
989.074
1012.976
965.550
970.751
1001.525
987.911
1019.814
998.708
1010.134
1031.338
1044.431
951.682
953.658
930.376
949.249
992.950
998.332
937.021
980.075
993.330
977.978
987.432
955.676
1012.713
991.120
983.904
950.895
948.994
933.301
1011.254
867.441
978.219
1008.426
1021.807
1036.574
1074.047
1067.688
1002.875
1046.774
927.147
919.954
965.281
975.264
1018.292
1000.806
998.812
985.395
1033.942
1052.863
1021.314
1115.182
1186.858
1171.983
1125.621
1170.021
1168.229
1144.469
1147.905
1174.030
1187.331
1299.584
1233.206
1216.631
1205.942
1121.645
1147.305
1088.852
1085.068
1149.653
1151.713
1151.812
1097.220
1078.295
1050.894
1075.245
1141.643
1131.799
1120.234
1098.092
1124.322
1156.831
1068.258
1112.915
1116.985
1200.334
1177.498
1175.649
999.128
1064.376
1068.935
1046.325
1020.441
1017.877
1136.977
1131.072
1128.222
1080.515
1052.549
1044.133
1159.900
1150.228
1180.773
1156.096
1084.851
1145.233
1193.855
1188.830
1076.266
1102.211
1110.822
1106.034
1021.000
1107.888
1007.467
1065.442
1083.360
1153.445
1134.886
1011.961
1054.595
1037.796
1103.243
1042.867
1023.384
1111.237
1021.032
1178.936
1106.769
1158.365
1172.156
1083.799
1174.948
1112.870
1178.890
1195.156
1191.786
1303.412
1282.223
1242.029
1334.787
1200.603
1155.194
1378.041
1332.048
1342.934
1343.547
1381.148
1330.027
1272.432
1244.981
1401.084
1281.508
1303.570
1425.577
1365.793
1300.973
1254.613
1438.389
1368.282
1352.779
1329.323
1341.786
1257.395
1242.892
1272.918
1229.213
1277.787
1282.015
1483.574
1258.903
1269.301
1367.223
1287.896
1278.682
1256.356
1208.815
1259.645
2.640
1332.359
1265.700
1329.959
1375.349
1392.111
1342.517
1398.649
1506.158
1384.839
1415.049
1426.626
1445.504
1398.917
1375.699
1454.843
1465.195
1444.839
1400.261
1374.828
1399.796
1341.365
1381.900
1325.823
1323.956
1347.041
1417.640
1365.132
1342.734
1343.162
1372.184
1366.056
1311.264
1301.851
1415.117
1362.950
1333.365
1284.303
1348.695
1455.291
1260.302
1324.670
1352.648
1268.832
1351.147
1317.255
1353.173
1272.002
1468.501
1657.865
1562.477
1572.068
1578.515
1647.069
1605.545
1602.344
1571.297
1762.295
1501.962
1473.366
1552.648
1396.570
1431.184
1468.236
1399.847
1741.632
1661.322
1620.630
1636.548
1750.343
1635.304
10.113
1563.095
1587.393
1912.171
1593.660
1333.643
1303.388
1462.629
1450.588
1391.453
1388.100
1367.227
1559.147
1547.048
1395.519
1489.071
1481.332
1619.894
1586.109
1630.618
1643.211
1629.643
1605.984
1654.986
1669.029
1581.534
1579.342
1576.492
1523.011
1606.633
1464.380
1474.984
1519.173
1504.737
1508.806
1496.741
1457.972
1484.229
1557.787
1468.978
1517.871
1556.071
1513.351
1481.101
1551.773
1400.242
1428.093
1461.149
1401.818
1412.936
1531.978
1511.881
1470.051
1545.296
1459.899
1471.883
1485.811
1487.410
1517.847
1490.007
1477.342
1446.949
1458.545
1455.556
1447.077
1417.890
1446.499
1324.753
1360.965
1350.785
1400.817
1622.422
1652.144
1690.261
1721.694
1739.979
1655.953
1686.004
1794.787
1787.780
1793.438
1705.638
1647.573
1531.534
1688.008
1475.575
1458.162
1474.820
1447.964
1556.562
1434.264
1456.764
1324.594
1342.104
1297.896
1497.816
1432.881
1305.555
1404.359
1337.646
1496.414
1528.503
1523.160
1518.578
1476.550
1457.860
1494.917
1371.162
1442.054
1663.245
1595.972
1461.633
1522.175
1504.434
1474.729
1499.089
1323.676
1438.825
1473.051
1484.631
1435.742
1345.102
1301.244
1428.618
1488.010
1611.232
1521.515
1588.411
1516.633
1526.065
1487.187
1549.934
1444.898
1431.840
1439.123
1463.334
7.848
1492.957
1366.574
1425.391
1417.064
1481.132
1481.236
1424.939
1525.483
1483.599
1428.205
1425.462
1351.258
1384.274
1539.458
1386.275
1455.404
1445.049
1401.091
1527.537
1486.346
1566.912
1609.019
1484.444
1517.985
1442.529
1647.123
1304.252
1257.062
1272.590
1360.659
1311.042
1463.769
1441.871
1473.593
1441.596
1543.827
1473.867
1438.805
1427.647
1402.146
1346.928
1298.857
1340.315
1333.616
1351.903
1369.447
1490.305
1447.016
1571.278
1418.823
1433.582
1467.498
1535.240
1594.272
1574.314
1550.876
1532.067
1514.861
1586.742
1552.997
35.418
1585.656
1629.934
1255.661
1242.577
1265.182
16.651
1348.408
1300.491
1322.358
1362.654
1349.128
1371.315
1335.300
1381.096
1490.564
1454.701
1538.846
1532.873
1540.892
1443.521
1433.267
1501.605
1.343
1545.442
1560.535
1465.626
1719.880
1635.319
1516.606
1611.529
1607.267
1639.379
1567.916
1561.082
1624.231
1583.123
1522.370
1578.865
1549.988
1498.159
1521.738
1514.877
1530.895
1523.634
1486.633
1555.890
1540.853
1604.890
1733.702
1530.658
1560.752
1638.720
1604.362
1497.428
1600.184
1591.965
1498.703
1550.422
37.923
1521.847
1607.833
1571.583
1712.048
1638.150
1702.987
1696.293
1534.500
1622.603
1689.598
1578.077
1588.520
1623.236
1609.321
1433.210
1564.368
1526.958
1610.549
1496.231
1549.176
1552.851
1623.754
1639.964
1660.743
1550.683
1653.631
1631.109
1543.662
0.795
1579.969
1583.402
1622.324
1547.545
1574.684
1616.468
1570.021
1359.499
1426.998
1452.098
1436.294
1462.459
1428.567
1497.598
1693.283
1494.050
1506.536
1527.609
1646.424
1544.573
1414.959
1401.322
1371.747
1414.874
1432.411
1287.711
1220.085
1225.593
1306.744
1374.650
1434.630
1496.547
1602.597
1508.105
1425.683
1408.845
1471.951
1458.009
1439.381
1432.512
1389.391
1362.768
1392.017
1346.865
1560.952
1544.831
1536.361
1455.733
1610.426
1538.721
1605.379
1610.180
1610.050
1621.725
1682.079
1674.923
1716.372
1598.988
1410.299
1534.504
1660.602
1728.874
1678.165
1958.575
1562.369
1508.914
1436.603
1518.946
1478.522
1435.006
1462.837
1463.063
1277.491
1267.914
1285.224
1784.618
1325.010
1357.652
1350.824
1344.050
1340.671
1313.224
1237.858
1285.820
1395.039
1349.421
1340.501
1394.656
1320.771
1398.788
1444.888
1411.433
1452.274
1536.173
1465.992
1426.153
1382.658
1414.049
1465.256
1452.880
1495.072
1466.244
1519.041
1553.848
1520.851
1556.392
1535.066
1528.079
1615.126
1626.317
1655.522
1691.416
1569.063
1534.093
1524.086
1569.298
1604.911
1665.462
1592.823
1811.655
1783.352
1732.035
1676.622
1996.606
1434.400
1448.212
1515.602
1483.839
1404.040
1390.903
1385.425
1311.585
1350.532
1408.557
1537.233
1549.574
1549.016
1459.950
1510.752
1500.284
1409.023
1361.304
1479.703
1452.161
1559.564
1626.936
1651.342
1595.776
1564.651
1606.024
1516.549
1503.667
1625.238
1687.808
1626.565
1728.778
1727.614
1715.174
1715.187
1746.966
1783.274
1663.733
1654.167
1557.048
1538.155
1608.793
1632.562
1619.494
1581.029
1539.640
1650.921
1653.870
1651.498
1667.567
1685.811
1696.031
1711.310
1642.516
1579.151
1578.889
1608.229
1638.637
1620.943
1528.470
1574.935
1620.688
1713.675
1913.758
1951.941
1921.310
1876.837
1682.653
23.702
1706.890
1618.851
1656.297
1628.231
1633.719
1698.688
1660.894
1616.497
1566.844
1567.316
1792.773
1686.771
1718.465
1688.242
1734.226
1815.707
1815.717
1825.948
1939.729
1764.708
1827.756
1935.287
1897.007
1824.845
1821.722
1845.540
1848.754
1820.599
1786.949
1943.383
1880.549
21.086
1827.883
1877.759
1956.310
1964.229
1915.789
1844.274
1780.110
1882.033
1956.626
1885.715
1809.520
1828.863
1864.830
2745.246
1823.846
1766.822
1759.085
1785.231
1689.003
1675.307
1653.347
1690.872
1741.321
1793.944
2190.315
1448.291
1467.696
1467.522
1378.226
1416.491
1464.927
1448.357
1484.779
1491.548
1486.215
1415.364
1428.788
1430.133
1516.159
1492.703
1353.725
1588.116
1693.719
1661.158
1645.570
1628.485
2054.949
1609.168
1539.314
1573.147
1518.687
1563.270
1437.070
1575.945
1595.162
1622.917
1592.627
1639.225
1582.317
1586.730
1620.873
1482.092
1534.173
1607.074
1625.600
1754.553
1719.278
1769.768
1669.465
1684.161
1648.293
1763.575
1584.844
1681.435
1642.516
1686.225
1785.894
1747.977
1780.120
1680.317
1820.286
1794.934
1756.328
1763.529
1835.629
1786.000
1746.742
1791.703
1753.947
1754.913
1779.832
2521.721
1732.618
1792.328
1690.931
1685.396
1646.221
1703.726
1756.168
1795.782
1870.439
1808.447
1750.150
1706.296
1802.236
1802.922
1837.079
1751.047
1741.356
1910.582
2002.638
1945.411
1960.455
1991.347
1944.074
2013.015
1628.240
1618.677
1765.169
1726.972
1655.246
1652.257
1639.268
1778.477
1664.484
1789.699
1758.821
1854.125
1999.605
1918.050
1822.314
1829.285
1915.729
1945.401
1948.668
1925.886
1870.745
1776.465
1737.296
1788.095
1901.614
1807.649
1924.351
1778.828
1777.487
1671.452
1661.698
1964.077
2069.251
1890.053
1873.866
1938.406
1910.104
1900.355
1845.913
1836.544
1860.965
1788.400
1751.684
2098.521
2086.561
2223.496
2082.923
2038.063
2169.795
1904.636
2012.132
2002.704
1992.542
2045.705
2063.018
2055.178
1837.175
1948.838
1848.322
1881.559
2072.725
2018.778
1913.912
1847.500
1885.017
1901.235
2008.476
1938.596
1863.676
2052.166
2056.559
2072.710
2054.820
2142.500
2101.009
2199.354
2242.718
2271.110
2202.129
1998.537
1799.438
1801.878
1798.042
1841.410
1891.304
1905.393
1945.669
1945.159
1914.013
1915.253
1919.339
1948.030
1914.251
1858.851
1876.593
1831.723
1798.884
1855.197
1822.795
1830.850
1834.518
1963.852
1948.162
1907.816
1897.031
1962.529
1978.326
1912.871
1945.228
1876.791
1845.410
1811.405
1883.619
1954.481
1998.371
1941.448
1931.749
1875.013
1912.161
1931.069
1935.938
2005.573
2068.776
2090.920
2007.162
2057.601
2011.181
1963.162
2029.126
2013.480
2085.858
2041.542
2027.408
2050.226
2063.966
2058.071
2056.838
2105.838
2028.550
1983.421
2175.680
1977.145
2025.438
2001.962
1976.833
2027.591
1909.628
1838.428
1895.251
1959.978
1996.323
2060.018
2293.784
1981.778
1926.739
1976.186
1932.342
2134.470
2183.889
1935.779
1910.431
1962.280
1930.956
1856.138
1895.718
1841.064
1915.590
2088.476
1940.172
1899.616
1753.946
1822.439
1676.563
1948.609
1862.580
1915.996
1826.932
1925.749
1843.565
1826.275
1759.769
1959.881
1956.564
1921.826
1874.008
2033.460
2218.563
2147.857
1923.047
1840.273
1912.695
2181.246
2190.236
2101.187
1960.413
1946.430
1947.960
1947.485
2013.105
2094.192
2104.775
2091.887
2011.546
2017.265
2068.905
2161.958
1997.754
2019.276
2071.555
2052.854
2565.723
1947.831
1854.035
1967.388
1939.747
2001.083
1924.858
1973.179
1991.807
1814.993
1787.641
1858.070
1862.174
1887.491
1947.444
1927.788
1874.381
1769.321
1809.991
1858.614
1861.458
1890.870
1993.700
1925.868
1915.361
1911.038
1868.619
1863.903
1767.253
1893.511
1875.370
1947.533
1929.882
1906.708
1919.546
1882.776
1892.844
1884.861
1892.754
2131.207
2107.103
2016.915
2099.470
2195.510
2099.574
1896.276
2001.734
1791.622
1870.494
1774.687
2025.990
2077.316
2049.815
2048.077
2094.531
1971.390
1944.166
1970.068
2074.270
1942.665
1983.734
2023.757
2090.025
1995.602
1935.045
1976.152
1982.422
2138.807
2091.128
2061.068
2039.869
2120.346
2114.134
2199.302
2026.528
1943.861
1851.377
1824.413
2241.584
2052.124
2151.775
2100.423
2073.301
1954.680
1735.856
1872.743
2029.063
2173.212
2171.615
2188.945
2266.500
2059.391
1965.761
2086.621
2123.047
2383.355
2200.353
2218.527
2219.757
2241.001
2179.737
2062.704
2045.649
2012.127
2107.110
2055.359
2315.166
2284.933
2333.587
2255.606
2231.296
2208.811
2228.075
2091.753
2015.160
2030.926
2065.049
2083.846
2057.215
2112.103
2246.434
2122.731
24.019
2072.459
2424.443
2298.147
2218.829
2877.803
2192.322
2277.872
2282.839
2140.739
2273.717
2166.002
2181.202
3364.752
2286.301
2254.694
2191.534
2283.096
2271.487
2288.173
2283.841
2274.471
3233.943
3045.627
3177.147
3162.111
3280.181
3832.673
3922.321
3909.671
3488.461
3629.082
3641.014
3604.032
3750.150
3493.074
3947.238
3841.860
3852.915
3988.892
3657.990
3874.707
3732.072
3952.665
3687.627
3691.922
3899.039
3631.974
3909.850
3834.780
3997.204
3687.574
3825.021
3647.354
3696.601
3729.940
3558.539
3569.446
3784.873
3769.819
3713.038
3755.217
3632.953
3633.811
4148.027
4035.170
3989.474
4014.960
3907.367
4177.270
3803.586
4345.836
3977.599
3899.064
4168.219
3932.592
3927.686
3735.865
3561.852
3624.222
3561.013
3538.685
3978.185
3733.793
3990.719
3904.975
3931.783
3682.846
3871.707
3623.263
3591.754
3610.585
3473.939
3567.678
3563.724
3664.660
3742.557
3991.525
3554.268
3556.970
3292.530
3466.027
3405.511
3408.241
3306.676
3184.209
2988.054
3032.706
4216.290
3215.714
3155.401
3338.500
3029.981
3360.060
3359.582
3468.527
3249.907
3478.824
3314.109
3361.450
3398.021
3300.304
3294.554
3365.439
3254.773
3415.249
3557.323
3516.737
3366.705
3395.641
3344.711
3277.564
3286.090
3250.542
3298.902
3261.887
3522.873
3404.148
3458.547
