0.728
0.928
0.542
0.443
0.380
0.926
2.871
1.031
3.772
2.947
2.234
0.103
1.172
2.481
0.644
5.095
5.817
3.604
2.434
2.372
3.251
0.382
2.190
10.385
5.006
1.310
1.611
5.803
8.832
11.866
3.154
5.502
1.136
2.711
4.572
7.411
1.091
7.068
0.733
17.595
3.755
9.803
28.662
5.489
9.232
9.170
9.372
4.978
5.990
49.574
9.759
10.274
11.758
7.914
5.057
9.042
20.076
7.294
26.610
14.582
34.584
10.594
0.266
4.586
5.260
7.389
4.526
12.088
15.183
14.762
12.245
6.720
6.520
1.837
31.962
53.220
11.225
11.083
24.601
20.407
20.195
18.184
3.565
15.007
35.736
12.342
11.871
4.651
12.257
119.668
37.773
31.551
66.340
43.197
18.314
84.337
71.802
220.203
83.910
68.339
26.181
37.658
8.918
42.026
44.092
49.997
148.385
33.135
221.142
33.756
52.713
398.300
98.138
224.633
86.093
38.783
103.573
39.554
54.301
20.864
361.423
77.753
44.790
15.585
93.892
205.201
103.320
6.763
80.805
115.365
168.856
76.203
156.677
81.149
220.725
114.375
359.142
4.073
73.632
258.123
317.219
136.246
109.832
279.803
244.197
481.059
151.209
358.144
169.011
189.122
0.043
152.157
107.707
198.663
112.904
319.211
149.686
170.026
173.489
237.737
135.525
193.444
124.459
4.375
103.195
150.675
203.187
131.236
179.008
314.226
355.833
204.493
11.806
0.046
160.888
234.491
175.158
17.235
211.359
123.469
340.435
160.800
232.007
133.486
243.520
839.435
115.373
172.426
174.760
219.219
203.531
27.377
117.882
122.472
472.477
121.951
215.583
538.594
199.904
194.992
323.972
1322.767
155.876
826.070
275.755
121.125
225.014
719.540
24.330
200.743
642.959
332.505
1.197
689.901
150.704
322.861
2244.720
392.588
333.274
437.289
360.393
280.612
1450.608
47.568
301.730
498.458
1066.858
1237.947
896.275
521.014
915.230
414.648
2055.879
378.345
467.131
440.225
486.424
581.567
1913.047
553.461
922.447
605.121
926.437
532.762
11.693
526.889
476.667
940.014
556.577
46.073
531.664
533.277
640.355
874.224
2269.401
675.916
519.810
771.339
570.262
486.391
454.492
958.367
459.115
737.293
904.180
457.498
447.935
650.768
2174.210
551.338
1118.302
3.876
695.450
596.028
603.484
4384.809
1147.471
930.938
925.207
555.615
544.716
666.022
867.246
556.880
3174.733
1033.585
716.777
857.773
852.932
856.111
1187.866
1266.772
812.452
4121.336
536.304
703.792
639.303
2160.050
1040.338
736.267
1179.022
3526.610
1663.387
3306.713
849.895
973.023
2355.960
1692.648
660.253
657.560
873.363
792.856
800.879
767.759
3111.242
643.245
753.582
852.385
798.643
1640.824
1220.853
728.689
3188.667
619.169
829.826
687.586
2864.669
1257.201
729.282
1023.190
716.429
5653.379
831.249
927.100
4455.962
3.292
1345.826
1017.193
1304.868
1167.492
1198.049
1062.614
1037.954
1031.340
1091.778
1074.315
1036.461
6736.616
1271.336
1211.651
1253.272
1186.770
1141.200
2284.750
2095.497
0.046
1898.415
1217.716
2281.300
4.547
2469.669
2730.745
1401.873
1645.212
3004.983
7608.663
2821.021
7546.907
2011.668
1945.008
2190.124
1725.969
3301.980
1944.506
9.823
0.103
0.293
2765.113
5250.678
2190.265
1873.561
2204.620
10665.533
4417.938
1918.357
1902.412
10.296
1905.374
2154.488
2051.035
1961.357
3173.790
19.841
2056.739
11219.463
2397.846
2038.054
2069.998
2015.372
15.289
1990.102
2321.154
4656.426
2925.161
2556.325
2271.029
2053.688
3356.883
2976.520
2037.247
2783.968
2429.170
2147.962
2309.046
2610.939
2623.717
48.524
2404.350
3894.303
2880.822
1945.576
2010.897
3254.572
2213.430
3768.317
2677.924
16620.917
2356.336
3007.793
2376.690
2691.253
2800.725
2944.259
2198.244
2319.773
7420.432
2604.386
2574.050
4035.578
19208.862
2830.834
3221.823
11568.751
2715.146
3351.073
4628.233
2529.395
3037.253
2833.787
4719.018
2784.220
2710.035
2397.921
2555.047
13754.674
20.301
16379.304
4758.821
3936.023
3259.031
4271.201
3272.619
4959.746
3330.005
8596.279
9075.044
3864.706
6280.785
14613.774
3071.020
4048.966
10945.339
32.514
13980.758
6033.667
5886.348
3816.404
3432.245
3187.664
3398.898
15401.952
3802.640
3682.457
4658.018
12.120
699.420
153.968
155.344
150.376
1.450
153.661
370.242
153.612
174.590
209.463
204.288
182.790
144.621
162.263
291.905
145.457
692.319
188.912
186.109
184.465
177.856
311.086
0.214
179.836
987.269
226.308
310.845
207.421
216.085
209.862
1807.881
1.474
209.123
775.808
680.535
254.351
1964.682
183.288
191.384
180.652
189.823
178.306
171.416
170.386
197.934
169.322
225.392
1909.843
171.473
175.534
172.674
169.129
1.165
172.216
203.001
184.410
191.098
179.055
196.280
190.270
184.099
1514.292
1.473
204.465
3.861
2.967
172.142
167.811
172.091
179.284
191.132
183.266
198.877
221.497
1.188
211.096
280.570
169.395
171.768
170.472
241.057
217.618
312.003
227.742
224.380
245.448
223.742
229.350
223.765
257.930
258.024
221.375
228.516
272.731
308.341
270.317
224.490
219.835
227.828
225.776
230.179
257.812
266.218
2.169
247.973
226.588
246.461
228.030
251.016
225.519
219.931
335.414
234.325
242.217
228.293
311.889
1494.946
233.417
238.780
232.200
230.920
2.211
231.577
7.690
233.788
263.667
233.799
5.710
236.838
251.586
268.840
224.302
220.053
0.110
230.427
254.717
230.796
244.680
229.402
282.936
234.214
226.319
268.336
224.641
220.623
1301.790
212.077
212.715
5.570
246.747
231.559
239.412
2057.864
197.262
189.536
246.150
262.546
187.363
211.771
196.621
481.143
200.214
194.499
196.144
200.041
198.639
197.559
0.694
348.859
203.215
222.558
204.866
204.967
212.695
206.983
211.000
213.173
228.124
252.376
213.978
1.742
241.812
224.712
237.381
8.411
240.481
270.893
232.335
245.464
228.336
297.103
234.054
322.265
246.080
1735.847
283.600
281.342
267.668
278.652
279.928
286.743
276.197
281.101
288.665
270.725
7.128
276.838
2158.152
237.925
228.170
229.721
231.213
1.208
232.965
230.445
233.889
256.700
232.646
234.171
264.865
257.288
270.496
290.601
253.461
248.251
292.602
241.615
3.420
246.922
240.638
241.155
242.502
258.907
0.703
587.764
239.502
233.612
244.531
237.502
249.184
238.243
241.717
20.444
246.490
240.076
238.415
237.717
275.533
242.964
235.927
240.355
287.622
254.796
270.818
268.997
247.043
246.176
249.537
256.783
267.931
260.278
235.295
245.894
229.589
223.419
223.886
228.645
257.198
240.249
219.179
222.830
245.655
249.507
231.133
228.140
232.030
242.406
233.772
247.643
248.465
1399.146
289.419
277.719
653.073
247.972
265.311
244.305
240.568
258.410
233.700
235.805
228.808
246.701
232.535
245.155
237.489
262.835
0.983
230.281
250.063
241.872
248.998
258.611
234.094
235.166
238.834
290.353
248.417
248.757
247.407
255.983
278.726
248.073
250.970
250.042
253.786
226.294
442.651
414.520
6.961
278.718
304.007
279.411
273.823
282.101
284.658
294.099
7.269
292.635
275.981
279.695
273.858
289.002
273.505
274.036
1.973
284.794
313.942
309.414
0.326
295.829
316.856
369.910
299.418
310.001
297.288
300.851
297.999
351.386
315.529
319.752
312.874
317.185
287.506
300.002
289.149
283.783
4.907
284.136
316.106
304.738
299.673
304.105
297.278
287.281
279.720
300.920
321.690
300.373
306.323
301.997
309.875
297.000
299.794
2852.936
290.233
316.439
298.902
1578.808
330.711
1157.340
318.934
321.188
338.343
1049.275
334.839
320.564
337.528
1377.690
337.605
345.481
345.621
363.496
331.851
334.657
325.489
424.760
605.112
350.795
95.142
41.261
39.781
40.262
38.939
40.687
50.575
46.630
39.166
51.815
44.098
54.214
41.895
41.469
45.733
36.165
44.926
71.796
1.865
67.735
62.822
1.863
76.111
60.872
0.161
58.889
59.168
4.462
69.695
60.167
62.049
3.974
56.499
61.226
3.736
89.212
63.200
63.761
88.519
56.104
53.011
57.121
0.299
41.339
46.813
38.210
31.806
68.587
57.450
60.947
72.017
54.113
65.738
1.372
0.975
64.399
60.534
71.631
65.651
46.407
45.032
44.936
45.177
58.756
0.980
49.459
16.861
42.180
38.384
144.046
1.361
57.308
72.828
57.715
56.440
0.721
54.723
43.233
61.162
59.261
61.902
1.243
73.283
48.759
47.069
46.957
84.840
46.788
73.360
63.539
79.361
92.019
83.058
72.014
97.040
71.223
105.021
88.633
96.025
90.796
90.951
89.158
93.350
90.013
90.982
87.862
86.456
86.434
86.709
1.641
90.476
68.536
1.204
63.697
66.449
67.493
60.662
70.961
79.707
2.209
89.950
88.113
79.595
60.121
52.239
49.910
1.870
46.391
0.412
62.675
48.991
47.603
42.876
71.318
51.676
50.433
51.720
50.520
50.097
51.281
68.744
49.123
56.681
61.850
60.699
55.951
55.202
69.057
65.239
62.541
64.381
63.762
61.867
60.591
60.087
61.084
150.818
89.370
86.973
1.570
1.752
88.580
82.187
76.829
69.843
62.645
1.400
81.682
80.604
82.657
84.903
87.008
87.230
89.802
93.432
103.946
89.839
92.815
1.565
86.222
79.474
81.388
5.732
85.223
77.007
79.491
79.728
79.435
80.118
79.799
75.329
100.061
82.543
108.517
90.811
112.481
125.397
68.645
68.963
66.732
66.728
68.097
77.069
82.566
77.564
79.211
82.589
74.378
50.892
52.217
53.843
48.061
62.890
56.052
57.562
66.932
86.885
80.275
80.603
82.524
74.539
82.357
77.256
63.189
69.279
61.270
1.285
64.411
72.766
89.684
82.243
60.687
67.229
65.362
60.339
65.422
1.649
72.846
70.198
73.191
72.229
74.312
63.544
89.991
76.775
75.424
1.804
74.592
131.369
2.991
101.283
84.571
213.113
66.505
69.663
63.051
62.450
66.900
74.326
67.668
65.654
64.640
64.589
63.507
66.397
66.425
66.079
67.143
69.809
77.588
61.729
60.642
74.840
66.026
67.951
69.313
81.508
70.700
62.868
8.879
58.383
67.891
100.800
73.663
3.040
73.192
97.363
62.591
68.788
63.658
92.628
105.135
79.611
71.624
98.531
97.683
80.605
83.707
65.605
64.036
75.424
160.578
11.395
6.007
96.313
80.783
140.327
70.621
116.225
97.274
85.931
86.667
106.286
102.673
7.033
108.594
108.589
107.981
106.453
150.889
95.465
94.132
93.807
96.487
93.629
94.642
106.113
75.198
78.171
76.330
79.282
76.552
80.682
82.255
116.658
82.560
91.815
100.905
89.499
83.309
83.246
85.787
83.563
106.646
77.396
74.483
74.202
78.955
1.241
81.735
58.580
52.919
52.768
52.888
102.050
67.421
82.808
64.106
86.995
78.957
89.217
6.741
77.803
67.117
67.687
99.193
91.125
4.232
84.286
85.270
84.819
82.799
82.615
75.772
56.356
2.928
55.750
1.260
74.524
1.937
79.679
88.580
109.857
108.195
107.879
90.860
85.421
0.890
78.217
94.540
82.909
72.773
86.042
72.748
175.036
94.344
96.167
73.747
0.520
75.281
74.238
124.762
286.052
269.874
117.506
176.018
3.045
172.278
250.295
162.022
167.361
120.222
151.383
200.058
187.829
98.341
213.491
122.623
196.947
1.454
1.603
126.911
254.856
219.244
186.111
311.039
133.601
141.912
121.409
154.629
133.841
2.179
171.452
173.970
106.615
108.261
147.401
110.569
106.358
94.503
179.996
86.473
121.884
120.478
101.694
123.401
115.190
200.183
113.902
102.667
149.683
150.753
145.573
141.927
145.195
171.077
89.796
102.123
98.969
2.078
165.990
232.894
165.522
125.072
122.566
123.488
121.771
123.090
138.051
126.895
120.955
126.404
201.224
178.654
310.444
184.876
186.380
179.795
2.598
255.926
168.194
167.744
252.346
212.883
267.856
232.900
231.815
264.094
259.819
187.633
368.671
244.848
234.268
233.672
250.263
206.007
208.326
215.930
196.473
165.460
148.063
145.144
2.080
155.212
179.552
94.870
95.083
187.131
129.952
6.606
113.559
2.077
96.972
195.355
4.278
159.156
78.195
2.645
204.833
99.638
77.934
70.103
81.880
68.722
68.150
89.546
80.725
70.914
68.763
135.074
237.807
208.906
112.602
183.519
122.114
88.702
92.524
306.068
257.329
258.700
254.025
308.205
17.926
7.471
272.944
162.690
128.448
127.127
162.695
105.410
105.545
105.551
98.686
98.221
0.598
101.623
234.341
180.084
169.230
154.345
160.295
70.909
69.562
85.375
90.116
90.286
198.460
0.771
148.691
115.720
135.039
91.769
96.189
143.564
103.803
121.564
105.387
96.607
88.162
175.268
135.172
163.519
150.786
196.540
149.089
225.437
307.698
124.248
167.835
171.957
0.567
100.949
107.086
95.346
93.139
92.297
90.140
121.986
116.896
121.828
105.915
121.367
129.589
112.083
104.270
96.188
97.410
103.786
96.984
95.625
107.939
98.591
93.705
122.127
122.864
223.010
185.607
139.642
192.482
180.274
339.653
149.602
154.810
141.655
148.189
133.041
140.477
187.377
182.367
166.806
202.707
169.344
157.804
178.012
152.598
158.322
141.700
126.968
141.698
131.433
109.525
120.243
114.009
104.696
115.880
108.745
106.097
113.695
125.626
174.681
145.269
145.752
174.850
127.690
127.361
127.022
139.234
126.931
118.880
158.218
151.376
156.040
114.564
116.658
134.370
151.227
121.889
129.896
126.248
127.971
168.569
211.743
145.160
107.309
0.251
94.465
130.257
109.745
97.199
111.261
111.059
89.554
88.751
106.419
105.605
113.071
132.364
184.051
119.484
127.276
148.374
126.971
103.043
136.949
138.390
135.489
138.840
114.088
106.387
149.550
206.884
173.921
175.787
156.319
145.869
133.268
177.965
283.064
116.926
113.621
112.766
114.170
135.022
120.085
117.882
115.738
121.103
119.362
114.384
114.606
126.814
114.844
137.812
156.291
149.905
142.982
129.813
125.740
124.843
123.268
122.592
120.055
114.206
106.551
261.211
142.124
137.255
146.536
144.107
142.253
135.087
144.088
144.633
151.446
147.014
294.010
189.176
200.114
188.647
203.254
182.323
189.913
160.274
164.720
174.990
190.358
187.929
175.182
180.432
178.175
179.311
172.177
160.831
160.168
167.525
170.589
179.960
166.990
156.941
156.693
179.917
161.911
168.621
217.268
183.629
179.971
177.834
159.252
194.129
195.651
195.246
188.410
229.087
168.661
157.633
158.949
157.426
167.272
157.123
158.591
158.196
145.080
158.901
149.792
144.234
162.000
160.059
160.640
155.834
171.336
162.528
161.532
160.435
149.598
159.135
180.376
195.834
189.759
192.733
179.857
195.145
193.816
185.865
208.360
182.348
195.587
249.347
203.244
203.015
222.176
222.608
214.085
213.882
215.640
329.874
133.932
154.314
160.710
163.806
152.069
176.202
154.393
152.598
148.907
147.433
164.621
141.753
154.880
126.866
125.141
127.445
126.774
146.070
132.598
145.080
144.302
148.940
153.377
5.008
169.394
149.415
170.025
156.040
173.722
149.415
173.979
129.499
129.572
128.428
119.443
114.271
121.655
118.892
118.122
119.153
118.852
132.667
132.087
134.020
132.915
108.773
114.435
105.258
105.008
106.358
105.463
118.154
106.810
106.032
104.865
106.859
104.664
167.133
115.064
115.049
114.831
109.840
111.760
110.359
113.670
120.100
106.616
108.684
107.036
114.199
108.140
108.041
108.222
133.428
123.215
119.752
121.059
0.222
119.406
121.579
154.244
157.661
123.087
123.612
124.254
122.001
126.449
121.777
115.284
114.764
121.170
118.652
116.555
117.210
179.911
158.519
154.366
157.626
177.668
152.346
149.344
145.760
140.623
138.912
142.129
161.913
181.217
182.796
176.378
191.371
190.980
190.169
188.714
153.279
155.432
154.169
162.589
0.544
154.658
164.799
164.692
167.519
169.917
150.069
151.667
148.809
155.125
164.828
161.335
359.570
120.175
128.489
142.052
145.073
130.680
142.791
124.969
125.535
142.733
139.273
169.360
134.811
348.455
169.641
162.473
164.156
165.575
144.789
144.949
160.569
172.432
139.140
141.362
180.304
185.505
159.636
167.785
157.352
158.069
0.315
235.143
249.632
214.333
220.131
210.810
403.899
231.110
253.772
255.428
228.762
213.272
219.894
218.404
214.621
221.359
219.861
213.302
245.069
242.903
254.999
245.627
258.279
237.118
243.472
244.848
250.773
239.589
236.999
238.656
260.888
259.493
247.535
246.252
255.145
247.468
241.003
253.628
261.419
246.367
247.083
246.589
232.918
230.702
231.124
261.498
238.738
235.115
237.337
238.275
238.094
251.615
248.796
268.441
225.894
248.377
251.122
248.366
236.579
235.598
236.633
238.664
224.854
251.556
243.985
244.737
245.720
242.235
246.801
251.942
238.151
237.687
235.597
237.446
229.466
227.901
247.254
229.703
249.153
238.378
251.073
227.243
226.308
222.261
271.282
274.018
272.438
289.088
290.283
271.102
239.766
238.343
247.551
230.595
236.569
236.644
229.647
226.547
230.824
249.036
244.510
220.559
217.706
226.227
223.810
224.558
244.864
241.277
243.800
244.788
243.474
255.430
233.706
231.048
231.034
239.155
230.182
244.430
235.353
245.104
234.828
251.214
244.784
235.525
242.014
247.146
247.206
248.638
233.405
245.786
251.877
257.736
252.119
243.904
239.995
247.285
244.932
244.557
249.793
253.530
246.189
249.503
240.562
241.351
251.446
244.051
228.868
253.629
260.058
255.481
232.570
244.278
240.261
227.449
229.375
231.408
233.183
221.809
231.976
252.734
261.630
252.514
248.895
258.327
254.336
250.288
251.709
252.497
263.135
261.943
263.012
265.702
258.442
251.534
257.684
265.365
252.059
256.975
248.883
243.502
243.972
255.843
273.207
263.320
260.024
225.954
227.845
236.375
240.922
247.607
234.941
234.052
232.032
255.567
252.877
251.635
250.819
250.625
256.966
243.824
258.850
256.999
261.832
256.181
249.588
255.691
270.066
298.387
280.669
284.751
283.990
277.905
250.998
240.658
279.744
265.906
259.010
249.132
238.688
232.932
238.772
234.002
245.885
247.375
249.432
249.482
249.588
249.257
240.959
265.371
256.775
285.971
274.335
274.992
268.286
283.184
285.471
273.771
257.181
256.165
253.677
257.492
263.396
1.931
264.643
251.949
240.216
242.397
235.892
235.614
239.104
254.558
264.447
268.693
267.281
263.851
293.023
263.354
261.320
260.887
259.635
259.840
258.783
262.354
263.894
233.460
233.893
233.062
251.004
250.296
253.221
246.136
248.921
248.560
249.099
275.860
266.801
266.689
265.946
264.553
284.925
260.944
262.595
272.309
266.917
271.640
275.968
0.599
264.506
265.079
267.891
265.761
258.606
263.411
264.758
261.606
260.759
265.676
283.757
276.701
261.828
268.131
0.675
264.792
242.406
246.146
259.550
269.695
249.822
261.650
269.666
259.751
260.460
271.048
261.460
262.567
261.251
263.366
265.709
259.912
263.181
260.664
262.558
293.465
283.780
265.039
264.043
253.769
275.558
278.829
286.228
315.015
291.884
285.250
286.854
276.494
0.409
276.792
281.110
273.509
275.851
273.078
245.717
246.444
246.659
271.290
256.874
256.925
261.777
269.169
272.380
253.800
247.105
247.713
252.279
246.490
247.687
242.624
249.696
268.142
242.493
254.033
258.063
263.859
259.821
257.817
260.209
258.273
255.347
270.775
261.663
275.755
282.713
285.087
297.482
292.874
288.382
291.673
281.209
298.558
294.835
301.213
307.087
297.509
301.992
300.224
300.141
257.158
253.686
255.735
256.248
257.359
269.739
275.303
260.965
260.457
259.132
251.318
250.739
251.402
245.855
245.283
247.529
254.328
240.820
255.748
262.205
259.169
268.238
272.366
277.850
272.000
265.068
259.001
255.498
276.177
264.461
267.825
269.916
284.321
260.270
259.623
271.037
260.901
260.808
253.691
279.120
514.956
260.708
259.288
259.440
283.690
277.794
283.469
273.731
257.364
259.467
267.772
273.123
272.911
294.391
287.793
288.128
296.821
291.554
297.367
295.853
296.322
285.842
285.197
287.213
288.736
288.702
295.571
288.545
308.067
314.847
299.613
300.310
302.543
300.596
294.566
302.944
283.148
0.653
283.512
283.765
282.845
291.003
283.337
287.384
279.439
297.091
280.626
286.677
287.533
300.706
298.783
277.875
274.694
286.510
297.627
298.028
289.317
288.920
286.325
286.298
287.005
277.448
286.827
293.111
686.687
311.485
292.908
294.257
308.479
314.422
342.340
297.380
300.080
286.879
292.209
282.332
294.668
309.754
707.023
661.212
616.216
668.391
611.484
607.881
620.140
580.778
714.328
807.312
672.214
738.934
723.636
720.030
691.942
672.721
645.275
709.926
640.563
720.650
584.128
679.870
686.401
690.648
844.387
754.604
822.433
793.168
714.972
699.825
723.423
794.984
701.145
742.594
698.539
627.016
826.630
691.509
680.666
684.834
648.186
654.404
1260.286
642.960
686.862
660.068
664.448
699.568
640.389
641.566
609.373
686.818
638.938
631.455
619.384
616.742
590.868
611.694
627.626
631.884
563.686
605.738
611.062
588.300
636.298
627.343
591.182
588.530
560.986
549.103
543.814
585.395
654.354
602.324
596.972
602.322
691.895
575.234
598.460
563.958
592.680
615.554
571.904
535.778
544.946
599.244
716.335
588.765
577.363
509.435
475.532
590.763
503.291
490.639
476.602
520.804
459.877
453.908
481.525
483.740
476.489
474.010
478.711
471.656
466.073
450.692
459.019
446.302
475.592
481.387
556.257
519.429
500.152
506.585
491.647
442.257
436.589
433.083
443.450
439.158
436.318
442.698
486.446
503.192
475.231
460.789
1069.601
500.679
529.681
514.909
427.544
420.833
453.602
447.315
477.772
458.101
455.882
456.778
434.043
428.585
436.429
505.438
420.659
531.699
517.179
500.323
514.263
523.522
451.422
440.785
421.487
432.007
411.946
405.502
412.185
418.115
411.419
408.211
402.531
397.724
420.207
424.024
0.441
434.520
430.414
456.219
457.011
439.970
467.346
1136.027
471.222
479.083
456.870
443.627
443.353
441.367
477.615
479.645
450.948
443.707
454.423
449.634
481.793
439.441
433.492
440.645
435.290
437.745
464.540
462.376
463.379
469.694
460.349
456.356
464.653
455.604
444.841
418.561
405.479
399.222
405.182
415.783
398.381
432.919
431.851
450.337
427.824
441.321
416.861
453.306
463.560
460.942
455.976
414.627
407.081
405.374
408.682
401.574
403.604
397.731
419.784
417.526
423.921
418.550
407.878
425.881
430.400
457.719
489.245
468.362
908.293
379.954
374.237
369.158
368.939
368.317
370.972
407.494
396.070
390.717
375.734
375.621
380.853
378.808
413.232
391.001
371.818
377.719
378.903
383.353
420.496
431.377
425.301
422.230
420.694
409.590
407.471
416.407
390.639
1008.087
392.236
395.609
389.602
423.017
426.045
414.822
427.289
443.860
439.972
417.299
433.262
420.997
433.461
417.544
420.790
441.187
435.130
401.377
403.106
400.187
419.321
401.068
415.672
424.732
414.922
404.742
413.741
397.432
409.319
392.852
393.568
400.285
382.475
378.978
392.132
384.731
388.399
383.332
376.566
387.789
404.350
388.061
394.102
384.094
389.150
407.708
391.861
401.412
391.912
399.626
400.472
405.719
414.760
413.244
393.568
404.294
398.143
391.725
393.735
383.761
391.554
388.976
391.285
416.192
416.252
422.996
418.949
388.280
412.855
404.255
399.806
424.282
419.942
403.465
410.151
401.332
402.775
408.992
402.324
395.362
393.054
392.108
397.599
2.297
395.193
390.631
405.413
406.490
407.718
403.744
403.169
406.166
421.747
420.022
416.427
428.863
434.873
432.620
423.971
417.188
424.101
425.869
419.439
424.609
416.820
416.055
433.155
444.759
416.406
423.452
413.607
415.020
416.873
421.808
407.483
413.902
413.388
412.056
438.465
434.890
408.293
417.204
428.496
421.687
422.159
429.218
426.677
414.338
434.231
424.624
433.382
431.684
423.415
424.217
432.238
428.350
421.944
425.771
429.911
428.375
433.828
409.622
400.783
401.247
402.629
402.427
402.435
432.806
415.548
423.913
414.141
416.100
424.400
408.384
424.078
424.027
431.802
409.669
416.512
418.037
417.044
412.344
427.520
412.042
407.283
415.061
408.780
407.239
417.434
417.087
415.930
417.190
421.852
425.267
426.788
433.959
424.354
452.157
447.748
437.759
429.314
431.717
450.070
447.221
449.187
445.941
460.680
438.843
433.054
436.039
428.596
425.969
420.998
416.957
415.141
417.695
420.471
418.505
430.826
441.661
444.298
427.253
426.132
418.567
421.066
420.567
434.740
460.334
450.176
461.183
469.517
458.421
455.563
443.306
457.674
454.129
455.076
463.838
453.465
441.256
434.192
437.330
445.839
433.969
430.860
437.016
428.897
440.433
439.166
430.734
444.388
433.299
440.557
445.713
443.198
431.737
429.704
445.759
421.834
418.864
474.885
461.255
458.960
458.881
458.071
445.443
466.890
453.251
455.239
495.803
502.763
502.243
511.772
492.856
0.568
511.162
466.426
462.485
469.762
467.287
432.668
434.793
452.334
445.520
445.823
436.376
441.138
442.998
450.218
534.866
455.082
450.968
446.904
442.662
456.264
458.240
463.129
434.938
436.324
446.793
442.679
480.888
480.024
483.487
485.661
491.724
462.200
443.501
437.675
441.452
441.481
444.691
439.464
437.861
446.663
443.305
460.805
453.658
454.772
452.343
452.474
458.009
459.332
459.171
462.176
462.959
441.028
444.846
444.864
447.317
446.956
443.652
440.416
429.582
432.645
441.490
432.354
426.716
431.968
431.416
433.427
430.520
442.136
432.905
440.038
446.866
461.021
481.191
493.574
473.424
466.571
491.877
477.544
476.528
484.456
483.170
495.553
523.141
476.822
468.187
469.201
454.922
450.144
451.635
492.296
488.066
472.395
481.627
488.891
480.367
481.562
452.429
475.530
479.169
480.757
474.749
478.748
490.496
464.902
464.354
467.807
494.223
483.315
479.576
476.760
475.981
484.000
