0.501
0.259
0.061
0.287
0.150
0.770
1.012
0.387
0.544
1.149
0.294
0.852
1.217
0.494
0.410
0.089
0.171
0.073
1.030
0.124
0.808
1.024
0.656
0.609
5.265
3.949
0.291
5.602
1.192
4.235
0.031
13.067
14.035
6.566
2.346
10.813
6.346
3.187
1.917
3.224
2.392
17.307
0.692
27.217
11.875
22.047
2.477
1.249
11.941
18.250
4.501
19.079
5.074
4.212
9.210
0.837
2.711
43.393
6.069
32.268
35.686
1.980
54.004
73.425
19.049
95.841
68.811
5.311
25.018
52.218
14.457
8.522
3.575
7.914
13.160
0.172
0.146
66.981
30.635
29.338
89.613
17.731
26.683
30.503
80.479
41.220
22.057
44.106
65.478
101.886
76.845
49.927
38.498
34.960
11.234
29.439
56.691
131.535
45.572
37.333
36.388
43.798
66.811
55.383
66.506
34.603
36.189
61.183
38.579
57.553
64.120
6.025
38.468
0.627
164.991
0.054
45.523
60.103
39.532
38.206
2.049
42.597
38.262
0.044
163.946
39.903
40.495
72.453
80.771
3.922
40.307
41.942
95.900
44.013
65.598
90.853
55.629
65.337
75.988
1.122
70.937
181.856
82.020
60.373
79.638
5.145
93.887
84.209
47.805
66.272
38.721
45.575
54.913
69.699
0.281
208.879
30.929
1.759
59.752
184.859
52.527
38.121
54.817
80.123
74.573
54.651
68.716
46.978
139.446
58.283
24.895
66.410
88.461
92.481
1.923
87.012
80.466
347.405
292.107
32.874
93.321
170.029
123.047
185.654
142.673
87.621
111.730
0.041
88.099
84.100
144.359
1.102
87.109
115.461
89.841
361.239
257.380
13.966
106.303
79.964
111.552
281.305
4.918
92.920
102.743
266.509
122.976
233.434
98.532
233.322
0.113
6.006
146.400
215.799
121.305
126.934
233.604
88.006
118.798
90.227
85.393
109.824
0.086
92.215
126.724
196.335
173.906
190.890
184.964
400.158
139.760
378.013
131.776
596.818
131.887
295.247
165.035
154.064
107.857
33.716
147.292
104.177
127.805
134.908
125.594
104.702
107.617
440.951
0.174
125.461
334.313
1.153
108.060
110.785
400.511
0.175
157.800
510.934
1.173
123.933
285.592
314.578
2.080
251.363
317.815
99.458
0.231
440.530
186.024
143.994
168.230
165.740
26.005
353.959
210.914
155.614
609.678
173.938
2.386
25.968
127.863
119.327
162.265
748.575
860.533
371.974
461.938
4.236
0.152
157.179
149.268
151.248
141.327
44.656
205.992
258.361
102.393
170.574
2.345
363.508
153.885
221.534
160.818
171.152
239.957
524.403
397.057
166.998
360.642
3.032
0.351
185.764
172.410
584.319
292.130
134.012
196.841
155.888
430.935
202.502
285.495
363.287
470.130
0.212
692.952
15.364
219.910
796.380
11.830
4.978
709.950
432.884
839.040
840.402
257.458
443.423
361.076
5.536
322.944
1279.807
398.849
389.151
250.983
221.985
518.080
279.969
948.338
253.337
9.853
48.719
355.959
307.707
274.060
3.567
301.370
81.560
290.211
185.045
1593.962
2006.083
828.700
7.118
843.070
475.107
339.694
1019.445
378.811
1875.893
60.376
358.061
725.449
272.034
1678.652
165.183
11.730
2.072
5.272
340.311
143.701
25.138
652.157
6.220
3.286
151.204
211.788
119.718
403.008
160.555
154.757
984.377
0.722
166.534
147.591
210.909
169.704
455.383
442.519
568.652
139.622
120.908
157.210
164.975
1019.915
3.874
337.565
426.828
584.771
173.155
346.254
136.947
795.809
1064.790
234.365
723.409
185.622
0.198
0.968
2.697
368.589
439.377
6.281
156.059
362.469
11.664
730.379
482.094
19.902
341.850
13.623
365.791
316.551
351.572
833.450
339.225
366.972
342.418
387.984
415.079
354.822
695.492
387.198
1345.609
1.698
382.466
5.508
463.088
2.466
1.008
503.529
365.758
360.656
377.712
376.925
8.677
369.631
342.261
4.909
320.911
4.042
0.648
372.991
829.404
392.590
435.435
346.650
396.924
636.365
652.856
445.775
465.160
480.508
450.131
443.455
464.372
473.832
0.977
448.342
470.264
460.145
457.176
610.240
427.551
523.547
2.468
1666.022
2.882
507.167
477.132
3.338
573.378
1.986
477.064
500.480
500.181
520.050
1172.882
1.818
560.609
1.606
835.455
657.701
476.282
486.950
790.283
507.565
531.439
512.076
1780.046
613.350
564.684
1366.884
561.784
4.207
1.122
1744.690
582.353
565.583
775.506
12.250
605.416
550.748
811.540
568.355
579.565
2202.447
676.087
21.659
1550.586
970.198
640.762
0.917
1398.160
1634.522
648.844
3.614
623.358
677.703
609.278
599.383
2.658
640.540
614.078
15.006
710.350
3.930
626.783
590.634
15.676
1363.411
9.504
1472.291
641.199
4.999
6.985
632.857
12.779
623.819
2.954
641.038
637.811
625.698
616.587
629.711
634.925
621.414
11.492
1223.745
3.338
750.634
623.478
1033.035
638.780
624.832
1578.169
8.916
668.759
663.876
690.162
970.537
4.203
0.582
7.022
1876.897
0.826
1738.193
697.953
785.355
725.139
1211.870
3.387
715.569
724.120
737.320
724.853
2423.508
827.726
824.322
810.129
835.208
808.556
814.718
822.398
783.445
2038.276
795.150
809.328
798.971
879.785
827.201
823.513
798.653
943.161
812.963
810.370
815.282
2468.052
922.684
850.852
13.836
781.798
1832.696
675.534
3.023
697.077
733.006
710.205
995.228
756.631
739.509
756.873
765.128
776.217
8.128
783.914
762.264
2627.945
864.473
833.952
2331.562
809.316
788.753
949.588
729.887
6.339
721.078
758.706
760.650
744.738
715.354
726.552
2028.417
11.633
797.119
813.845
822.280
2301.953
1012.621
1011.583
896.056
925.271
835.651
913.073
1313.819
0.844
2096.701
947.103
917.038
936.102
940.535
1041.840
972.044
966.522
1012.302
1160.340
1071.124
919.907
884.488
890.157
882.958
886.919
868.400
898.020
893.779
4214.375
917.868
902.189
930.644
874.943
882.882
1070.785
888.816
962.560
2391.374
834.101
905.524
879.034
877.956
1347.208
932.637
926.459
1589.142
966.143
925.011
945.584
932.501
869.467
927.021
898.082
2643.894
872.261
900.654
909.998
4.272
2627.322
1087.329
870.619
881.379
1.734
911.618
2.038
910.797
2938.786
937.050
907.943
914.824
959.525
912.508
924.268
1044.456
947.931
983.016
1013.048
979.872
940.905
977.388
977.721
923.329
956.998
1011.064
941.258
970.868
958.824
957.183
946.912
979.061
978.062
1.678
6.686
1030.790
921.823
1.390
920.212
936.848
937.149
934.460
927.126
936.171
964.068
946.760
2489.443
2852.150
6.752
955.129
974.584
3209.811
1116.432
1126.939
1063.592
8.083
1062.775
1066.395
6.440
1059.536
1047.281
514.607
0.636
471.023
2276.895
554.385
491.077
2591.821
534.317
656.791
523.978
526.041
2480.360
1489.818
525.890
531.529
494.229
499.667
533.920
527.078
504.942
500.323
522.284
4.626
498.752
570.245
505.257
510.011
513.986
498.438
489.280
510.214
514.357
508.664
523.946
496.459
488.416
523.801
1012.868
588.132
574.019
2.297
543.780
3.950
558.432
2741.123
581.507
565.155
730.598
580.544
3527.994
545.854
781.183
571.344
545.466
520.545
564.568
530.549
544.528
551.511
3974.624
658.522
619.673
620.400
632.448
604.136
653.742
711.395
648.747
633.032
646.086
613.635
653.003
621.319
605.891
659.556
14.889
626.396
653.184
624.210
611.942
1.918
602.705
605.412
656.027
642.572
609.900
600.082
2624.668
658.123
644.822
647.935
639.909
645.118
667.653
635.409
629.644
611.188
1.810
1.168
613.449
604.467
611.987
608.030
629.213
594.203
626.629
639.615
650.875
635.264
622.461
664.418
643.115
630.695
638.500
0.813
0.534
0.237
645.303
642.820
667.453
628.120
664.176
643.631
647.218
3231.885
705.372
659.815
697.967
669.192
662.604
703.854
662.329
684.213
638.683
670.134
857.403
651.575
696.615
3624.032
692.681
3.416
680.939
681.199
0.448
715.479
681.135
723.124
3964.216
0.796
661.292
690.452
710.960
667.957
680.261
658.368
665.154
674.820
707.983
715.606
696.107
705.277
705.355
693.073
688.430
701.190
709.785
718.991
4999.555
4790.642
841.705
796.265
749.027
742.751
744.903
749.543
764.647
726.788
753.822
760.460
742.234
733.991
784.190
5176.956
824.360
764.003
797.489
749.162
741.973
756.396
748.630
759.523
739.576
740.539
736.377
776.907
751.667
762.965
5496.042
840.099
758.785
777.696
5057.696
814.122
732.088
747.681
765.944
716.433
741.396
1064.115
737.520
730.036
784.242
718.900
766.150
765.771
763.485
786.215
746.616
791.963
5522.742
848.691
884.437
842.080
807.458
813.829
797.838
809.870
818.739
830.604
811.169
811.625
778.854
817.138
801.187
790.381
823.210
798.546
1181.537
813.606
996.932
802.124
847.618
809.837
798.193
821.489
1328.390
862.433
994.280
856.119
854.881
7364.999
1121.348
1178.882
1027.689
1078.743
7907.819
1176.105
1196.871
1090.349
1550.484
4181.090
1182.102
2446.025
1185.845
1244.627
1212.944
1192.806
1265.221
1316.831
1234.257
1201.113
1229.375
1193.391
1143.079
1220.964
1370.130
1197.885
1225.775
1236.142
1246.767
1293.800
1249.811
1237.629
1191.899
1176.848
1217.210
1216.722
1135.813
1207.135
1167.222
1149.898
1173.110
1191.110
1113.518
1120.289
1119.453
1140.590
1110.838
8436.607
1221.184
1200.521
1179.185
6835.036
1361.687
1340.341
1370.595
1296.336
2644.432
10181.498
1356.301
1384.484
1827.657
1281.147
1817.364
1028.010
958.389
8935.249
1109.018
1086.277
1026.882
1084.835
1023.017
1056.502
1050.698
5517.211
1739.935
1643.406
1743.991
1628.419
1782.111
1779.624
6263.882
1660.206
1651.584
1638.194
1565.116
1668.282
1531.836
1560.885
1441.421
1373.606
1432.676
1478.755
1443.516
1451.653
1969.325
6822.902
1461.294
1362.895
1357.964
1439.416
1606.386
1672.760
1744.243
1554.780
1733.947
1650.175
1515.479
1400.168
1337.659
1378.103
1337.887
1424.083
1465.567
1399.784
1350.652
1688.087
1333.601
1317.139
1321.885
1333.675
1340.370
1349.895
1378.333
1335.976
1354.615
1322.214
1271.010
1303.176
1287.438
1265.677
1282.551
1345.822
1246.657
1209.396
1215.052
1235.707
2150.564
1232.597
1291.039
1267.322
1237.734
1251.183
1196.615
1221.042
1243.974
1258.030
1377.271
1249.476
7151.756
1373.822
1323.510
1252.871
1222.496
1285.545
1261.261
1278.215
1231.854
1306.752
1265.826
1283.394
1299.745
1296.024
1357.301
1305.737
1246.172
1250.289
1221.116
1262.739
1318.113
1339.730
1324.712
1273.452
1275.138
7439.349
1519.461
1533.222
1699.607
1477.881
1492.023
1499.622
1536.508
1456.317
1503.399
8469.896
1738.452
1567.047
1571.502
11148.882
1564.900
1481.731
1385.366
1379.363
9851.101
1769.220
1644.332
1614.787
1603.362
1605.884
1611.388
1691.476
1690.756
1693.449
1718.094
1710.236
1608.889
1605.313
1565.950
1576.212
3434.049
1604.329
1808.611
13849.656
2063.959
1862.540
1785.885
1846.977
1739.282
2081.639
1714.231
1741.829
1710.139
1705.395
1683.944
1709.833
1702.224
1753.788
1774.999
1759.330
1884.740
1839.412
1803.379
1862.919
1799.835
1777.524
1753.534
1825.203
1775.410
1762.072
1739.059
1803.136
1752.247
1792.340
1927.114
1854.263
1804.074
1788.149
1785.121
1827.100
1870.978
1833.567
1826.328
1790.549
1889.743
1857.145
1831.881
1873.342
1881.578
2050.170
2227.189
2287.212
2326.050
2343.754
2235.023
2313.894
2348.491
2309.898
2287.273
2181.553
2409.367
2428.725
2417.557
2501.804
2282.439
2217.164
2374.535
14266.721
2262.749
2182.786
2171.535
2347.071
2214.405
2185.186
2218.529
14957.105
3749.950
1961.815
2011.579
1972.146
2034.105
2004.578
1973.360
1944.488
1920.176
1872.492
2000.383
1945.179
1889.055
1985.004
2028.276
10132.088
2227.396
2163.956
2092.381
2133.865
2374.710
2148.365
2116.562
2059.947
2057.867
2123.357
2195.880
2120.188
2092.234
2114.377
3020.740
2808.207
2525.506
2263.389
3045.136
2284.637
2248.666
2322.650
2310.571
2338.861
2335.138
2219.279
2343.352
2359.098
2231.847
2281.692
2233.657
2231.155
2234.771
2184.030
2226.783
2296.654
2348.625
2449.136
2147.515
2125.571
2196.400
2116.777
2049.020
2088.550
2094.383
2099.077
2207.856
2159.089
2290.186
2511.875
2137.202
2214.436
2330.197
2268.016
2272.382
2326.892
2278.167
2402.781
2383.044
2368.235
2593.109
2414.860
2332.885
2315.013
2333.155
2383.293
2358.117
2357.853
2433.822
2333.619
2290.729
2288.065
2141.375
2169.091
2111.454
2033.622
2014.405
2113.649
2149.986
2172.425
2507.936
2203.707
2224.444
2194.282
2123.603
2079.575
2163.388
2175.716
2155.432
2128.969
2384.697
2131.924
2024.830
2035.687
2076.183
2029.209
2039.651
2025.758
2108.150
2077.670
2114.776
2125.177
2201.654
2148.170
2157.474
2219.889
2138.311
2118.270
15682.273
4038.061
3623.204
3605.674
3497.655
3535.195
3394.484
3607.427
4582.437
3179.743
3579.129
3379.490
3275.878
3173.480
3448.171
3289.768
3190.060
3402.563
3316.346
3305.940
3152.429
3107.523
3131.009
3366.311
3001.552
2790.361
2812.412
2755.210
2814.320
2775.089
2808.187
2841.746
3609.596
2700.092
2582.582
2660.463
2655.470
2586.719
2608.098
2660.770
2707.604
2714.078
15484.837
4738.111
4900.080
14610.657
4259.366
4754.450
4113.398
3909.784
3806.351
3911.719
3825.525
3794.061
3664.865
3580.853
6432.938
3092.545
3022.494
13348.604
3124.355
3079.599
2930.280
2860.706
2913.894
2912.508
2853.487
2867.088
2740.375
2789.225
12439.108
2921.332
2875.634
13917.052
2690.489
2640.455
2663.202
2752.321
2658.649
2720.752
2742.988
2688.330
2701.952
2680.864
2683.587
2722.595
2623.994
2562.062
2670.468
2565.179
2658.661
2570.520
2661.815
2918.256
2627.385
2625.194
2569.094
2626.386
4151.066
2812.362
2956.259
2787.208
2665.207
2706.533
2790.900
2654.319
9973.434
2863.231
2846.695
2750.074
2567.074
2521.597
2729.332
2721.760
2731.896
4081.612
2845.699
2892.472
2972.538
2769.785
2831.811
2730.683
2795.278
2892.206
2851.219
2769.928
2953.098
2869.677
2772.106
2833.639
2714.865
2728.623
2752.280
2812.248
2762.205
2779.774
2823.239
2807.436
2729.814
7146.319
12636.472
2997.652
2837.940
2883.549
2843.670
2953.958
2838.958
2912.138
2831.763
2740.374
2790.463
2880.400
2942.805
13736.106
3031.794
3007.952
4495.555
2901.181
2899.003
10793.546
3074.344
3095.801
3017.371
2925.597
2918.646
2881.668
2948.425
23437.348
3513.391
3249.660
3216.339
3243.464
3356.632
3194.004
3154.979
3142.594
3459.643
3226.177
2883.543
2807.640
2791.425
2820.062
3437.111
3036.293
3007.799
3033.107
3081.232
2952.341
3001.566
2988.842
3158.798
3216.238
3083.785
3235.265
3272.743
3161.430
3026.793
2966.786
3033.614
3129.006
3073.983
3022.849
3103.643
3117.184
2966.596
3173.809
3145.272
3150.280
3183.591
3076.237
3045.247
2978.773
3117.870
3038.267
2886.650
3068.798
2982.264
3090.174
3069.480
3215.178
3256.416
3475.361
3054.611
3042.141
3118.622
3098.383
3058.926
3645.385
3108.078
3062.835
3132.799
3090.241
3072.535
3161.756
3084.388
4126.317
3159.476
3098.588
3098.395
3200.265
3195.999
16102.802
3400.194
3371.288
3318.427
3337.901
3354.346
3543.309
3385.160
3284.049
3447.038
3490.038
3374.954
3252.474
3186.784
3203.906
3142.993
3202.030
3341.990
3485.457
3483.182
3336.768
3373.905
3284.293
3276.143
3305.428
3140.603
3258.164
3310.363
3211.523
3259.001
3283.457
3106.732
3144.103
3153.955
3267.681
3291.764
3241.058
3273.538
3271.047
3020.920
3106.253
3120.790
3112.076
3118.467
3202.133
3257.968
6120.091
3286.561
3089.213
3064.273
3049.689
3006.508
5291.555
3519.919
3736.963
4579.045
30792.572
5347.818
5606.491
5487.924
5167.080
6251.208
4972.475
5353.132
5253.472
5039.951
4900.073
5058.654
4990.531
5111.468
4425.664
18576.987
4916.056
4379.086
4594.478
4570.800
4518.964
4618.910
7651.707
4459.868
18055.832
3780.098
3875.471
3627.195
3691.004
3684.424
3829.227
4540.307
3986.553
3971.610
4013.227
3997.715
4916.750
4225.144
4173.668
3839.708
3832.042
3820.361
3936.094
3857.706
4049.562
3965.258
3781.359
3962.744
3970.616
3815.036
3770.214
4167.271
3719.128
3687.442
3646.020
5800.310
14535.939
3602.763
3587.799
3582.033
3616.673
3701.161
6295.527
3986.058
3858.947
3718.785
3744.025
3724.568
3681.114
3646.749
3577.893
3541.354
3592.210
3722.476
3658.814
3905.592
3950.946
3904.387
5246.739
3724.386
3761.870
3848.409
3795.916
3677.009
3750.566
3717.274
3756.277
3667.882
3655.597
3598.369
3633.951
3707.797
3746.487
3752.937
3666.766
3856.603
3754.059
3666.029
3792.590
3782.471
3775.672
4036.592
3819.677
3717.750
3744.927
4519.034
3633.918
3629.454
3658.350
3706.591
7571.707
5582.881
3892.065
3900.204
3868.849
3866.758
3870.370
3730.469
3699.099
3734.792
3711.854
3872.142
4245.825
3805.443
3851.573
3978.985
3884.817
4045.243
3845.510
3833.918
3835.824
4972.812
4285.827
4102.468
3949.034
14158.951
4350.231
4238.629
4353.534
4283.593
4014.968
4071.555
4140.585
4164.916
4103.152
30591.370
27670.367
4350.699
38087.388
34298.014
11050.130
10248.358
11015.071
10240.514
9982.830
10180.993
9546.929
8998.227
9742.706
8515.235
30338.871
6644.289
6663.006
7059.731
6994.610
6718.714
6369.703
6461.559
6590.879
6639.701
6487.535
8052.938
6560.167
6196.671
6201.687
6255.492
6294.222
6314.198
6260.406
6279.808
6098.376
6054.184
5986.778
6097.179
6136.236
41874.911
19387.816
6648.767
6724.180
6345.748
6373.749
6572.949
6588.053
6232.169
6023.278
5967.143
6152.172
6312.704
6091.129
6045.441
6128.694
6056.154
57036.838
5368.203
5479.403
5759.083
5746.154
5623.538
5634.491
5744.057
5840.521
5781.765
5753.812
5639.232
5751.555
5957.993
5763.853
5560.330
5427.158
5428.516
5658.861
5784.388
5803.949
33252.521
6259.565
5678.540
15267.531
55808.511
21415.972
7758.223
8223.708
7792.861
68449.251
6801.027
6501.622
6709.840
6496.082
7446.982
6883.290
6794.312
6753.972
7076.625
7018.414
6837.299
6851.846
7008.378
6719.024
6606.675
7106.951
6384.478
6675.980
6446.074
6312.751
6595.601
6323.946
6435.277
6475.680
6231.741
6525.647
6402.676
6333.095
6567.396
6627.958
6912.713
6417.501
6541.453
6583.223
6869.124
6415.670
6404.974
6571.859
6539.949
6416.297
6505.451
6817.896
6690.987
6586.096
6600.301
6712.902
6527.265
7099.937
6350.334
6454.069
6383.122
6203.091
6262.604
6474.500
6266.236
6462.643
6365.425
55157.870
6479.381
6419.427
6423.628
6323.122
6141.350
6144.060
6439.801
6543.655
6612.699
66399.441
7120.972
7292.462
7467.209
7598.856
7478.246
7300.931
7697.145
7112.778
6919.609
7362.601
7193.987
7659.228
8117.189
7851.070
10863.833
8336.050
7584.871
7559.176
7724.855
7210.265
7287.247
7278.997
7303.219
6411.094
6041.495
6240.121
6096.527
6317.490
6384.295
6896.627
6462.106
6214.782
6779.807
6768.124
6191.731
6365.536
6222.346
6619.288
6968.765
6314.873
6404.024
6355.994
9640.229
5948.796
6091.567
6287.640
6320.532
6690.712
6284.798
6941.671
6596.873
7052.258
6573.547
6813.633
6591.929
8301.548
6292.535
6106.352
5992.206
6203.807
47725.732
5737.649
5697.602
5773.657
5787.339
5549.634
5512.884
5773.029
5673.430
5548.149
5988.111
5918.537
5877.930
6139.762
6164.075
10610.035
6039.440
6067.749
6637.325
6149.367
52781.655
6021.024
5551.471
5830.864
5646.094
5598.864
5842.691
5750.708
5608.159
5395.195
5548.166
5637.581
5587.480
5592.140
5628.750
5830.802
5877.090
6073.714
5884.044
5903.238
5824.412
7185.960
5812.986
5943.066
5856.273
5964.582
6389.805
5819.954
5657.627
6005.184
6034.319
73302.975
9473.346
10714.152
10938.298
7560.179
7441.789
7780.795
7718.557
7293.739
24604.923
5142.188
5493.359
13940.268
4523.192
5113.210
4773.591
4661.171
4579.794
4544.049
4759.282
30496.008
3350.605
3481.825
3393.816
3435.382
3660.013
3727.150
3491.945
3442.875
3515.370
7103.984
3685.133
3623.535
3581.053
3427.855
3330.485
3237.356
3351.785
3603.851
3350.040
17653.683
3702.218
3873.930
3603.493
3659.698
3570.508
3621.633
3528.658
4119.518
3823.703
3618.764
3570.395
7696.725
3700.143
3849.857
3688.735
3539.764
3551.835
3589.072
3619.691
3634.505
3894.047
3739.260
3640.975
3516.134
3471.447
3403.129
3459.994
3335.522
3404.724
7368.617
3381.570
3348.157
3277.468
3259.199
3263.411
3396.838
3510.235
3399.264
3475.489
3356.558
3615.335
3468.210
3298.304
3402.536
3810.586
3601.601
3192.023
3063.660
3206.149
3106.780
3180.772
3176.167
3101.980
3232.748
3212.572
3039.189
3093.211
9949.482
3847.489
3443.931
3356.037
3021.665
3060.981
3026.184
3517.540
3116.094
3155.949
3001.362
3116.676
3089.523
2891.627
2872.279
2979.320
2987.888
2955.333
3010.713
3027.504
3134.378
3073.678
2913.121
3228.937
3177.115
2963.150
3039.300
3186.199
3198.903
3246.700
3076.377
3032.619
3038.853
3078.490
2991.439
2979.974
3119.417
3062.949
2837.083
2867.080
2775.592
2761.791
2881.512
2883.250
2885.324
21816.679
3319.202
3575.919
4968.375
3436.382
9227.943
3742.692
3673.623
3788.408
3605.512
3737.899
3554.879
3631.821
3639.963
3548.427
3641.741
3556.745
3618.159
3694.452
3564.586
3605.626
3718.471
3768.263
3878.663
3632.081
3373.969
3588.832
29001.281
3161.802
3269.176
3310.780
3291.150
3258.383
3170.058
3146.628
3126.877
3057.882
22091.133
5129.042
5467.264
5855.162
5588.942
5522.097
5867.852
6235.733
5625.505
6128.549
5752.708
6347.030
6156.738
6386.008
6000.569
6396.670
6185.638
6432.542
6188.801
6406.704
5905.826
5261.353
5790.281
5865.198
5689.675
5515.784
5755.832
5426.057
5493.693
5210.698
4575.329
4835.375
4640.305
4710.978
4839.211
4798.690
4571.542
35130.120
6592.601
6054.305
6130.451
5753.512
5761.175
5165.380
5036.292
13846.200
35203.199
4110.738
4449.007
4285.348
4175.482
4370.286
4385.058
4280.845
4228.623
4408.232
6876.195
4503.185
4463.902
4364.807
4596.166
4353.912
4429.020
4434.276
4445.208
4661.262
4492.692
4432.408
4391.159
4481.934
4682.503
12991.865
4234.466
4289.468
4232.933
28380.878
4273.584
4354.444
4183.493
4030.953
4029.353
4083.713
4226.573
4150.041
5408.148
4007.296
4223.268
4212.753
4448.837
4242.309
4367.829
4336.361
39438.898
4489.666
4300.584
4369.632
4472.409
4379.877
4325.123
4149.059
4319.349
4555.205
6429.289
4343.986
4299.754
4298.833
4279.947
111701.079
10067.640
10199.574
10410.084
10817.531
10856.839
11232.087
11659.788
12008.822
11812.677
21003.591
16255.700
16243.743
16181.822
15658.537
16212.946
25503.151
30488.847
21520.406
21826.864
20448.240
25105.486
20183.134
20118.313
19273.153
19947.956
19751.777
19497.364
18447.157
18092.431
17593.465
18853.480
16858.584
16194.003
16012.153
16570.553
128918.549
11069.278
11121.103
11563.287
20374.062
11587.043
11712.092
12292.794
12524.631
12120.268
12180.769
12896.823
12901.813
13461.153
11991.964
11480.359
11273.679
11724.696
12165.535
11569.221
149440.012
60585.087
19100.486
17456.303
17587.103
17003.252
16944.838
16452.113
15809.512
15826.628
15002.833
14913.768
14710.166
14929.522
14985.992
15117.891
15040.924
14793.645
14395.618
13900.261
14312.502
14682.571
14752.265
14548.526
15047.072
15637.887
14505.596
33274.392
16295.472
16229.551
14725.964
13910.493
14009.522
14034.653
13406.900
14201.104
14258.854
14611.397
14458.127
161628.426
12555.292
11931.776
12056.524
12225.258
12195.484
12383.276
12829.445
13282.620
13047.636
13643.166
13700.084
13172.517
13555.808
12914.920
13113.984
13644.046
12887.648
13561.222
13215.407
13294.464
14150.387
14529.039
13678.908
13816.188
14228.288
14272.285
14600.026
14756.375
14827.251
15531.274
14430.835
15690.297
15402.734
15589.427
123207.049
20027.423
143816.388
14362.849
17537.280
14322.519
14624.526
14355.009
14919.890
103981.670
13906.826
13710.273
13994.625
14216.018
14762.381
14356.626
15092.881
15205.448
16032.462
15897.640
16728.527
200735.082
23334.716
23175.256
22096.253
20087.493
19988.390
20461.886
19767.120
19847.202
19833.372
19596.239
199828.017
15848.830
15519.981
15309.420
15873.220
16098.025
16419.910
17011.916
16111.072
15534.811
16105.481
16030.557
17106.247
16553.688
17279.340
14819.024
14858.006
14754.647
15239.685
15671.674
14855.985
15753.086
15349.057
16351.822
16185.334
15452.163
15758.815
15365.435
15799.308
14817.877
13945.563
21631.089
28083.426
30788.989
105332.921
22448.510
27915.778
22687.314
22284.228
21334.895
21526.881
21732.990
19647.760
20126.340
19333.157
18784.327
20018.601
19323.190
20335.902
19906.740
19025.306
18850.593
19256.705
19569.207
19358.765
19714.594
19661.422
20078.356
19329.206
17333.366
16727.142
16577.681
17097.360
17001.072
16547.983
16172.138
216261.754
15778.124
15772.215
63104.180
12912.099
12641.317
12409.677
12207.387
12433.098
11793.487
11910.555
12624.586
12788.267
10549.631
9360.557
16919.485
7429.837
6984.250
6943.156
6877.755
7293.759
7302.521
6908.621
6945.115
6741.198
7077.965
6831.114
6464.190
6302.593
6503.773
6889.763
6856.241
6652.735
6532.758
6399.677
6603.225
6767.145
16049.122
6029.858
5736.291
5856.172
5523.136
5917.818
32582.721
6259.976
6434.624
6397.199
6520.576
6463.405
6082.438
6251.836
6170.321
6542.337
6238.433
6109.108
6241.438
172590.531
15016.166
14991.551
15140.636
14865.768
14948.473
15178.872
15852.806
15466.083
16022.499
15765.044
16984.845
15782.920
15727.124
16346.272
16157.229
15815.689
17065.235
18030.186
18516.085
18432.305
17991.528
16987.064
16811.249
17304.257
17535.331
17848.313
17481.677
16685.125
16010.378
194158.585
227914.523
36690.151
34966.043
33169.802
31551.901
30567.324
33800.005
29635.048
29480.908
27576.944
28577.833
25285.931
24376.715
24370.442
23129.595
22556.747
183988.437
16792.786
17025.568
17576.070
17918.869
17357.069
16049.040
16203.193
16650.853
17735.631
17889.213
18858.466
19531.049
18700.935
19101.360
19006.387
18174.101
19281.117
19505.786
19714.907
19554.983
20742.332
19160.298
20229.939
21257.228
18672.639
20078.355
20581.931
223078.527
17799.846
18681.170
19453.620
18726.455
18906.045
18966.239
19347.561
20070.987
19155.200
19172.369
19486.381
19858.813
19087.353
19533.294
17679.646
18989.253
163033.892
16682.974
5113.476
5200.631
5187.922
5350.647
5115.466
5106.352
5153.531
13600.302
6005.350
5714.766
5557.891
5608.112
5981.036
5997.854
6019.767
6050.746
5282.879
5541.888
5860.624
5993.410
5568.010
5553.001
5569.193
5829.426
5787.455
5974.518
5501.727
5557.287
5497.636
5967.983
6242.975
6254.565
5880.473
5648.192
5565.753
5622.269
5850.180
5619.760
5440.710
5617.026
5732.007
5992.526
5928.547
5405.393
5318.591
5512.525
5859.511
6305.421
5925.447
5513.489
5475.726
5882.360
5934.784
5975.129
5452.886
5218.970
5364.262
5485.216
5820.068
5861.833
4764.096
4526.869
4917.313
5319.957
5593.268
5533.166
5230.717
4816.518
32647.413
22493.095
22821.403
33684.966
21311.371
20317.953
19288.029
18484.763
18464.528
18539.700
18250.794
17697.717
18174.195
19181.538
18714.333
16871.760
17413.682
21026.773
17470.980
16691.957
16212.506
26161.929
12067.034
10798.689
10855.085
10148.648
9312.988
11407.662
11096.159
11199.736
10597.769
10093.808
9870.770
9721.952
10043.944
9802.909
10133.588
9814.318
9748.767
10164.605
9732.150
9619.527
9058.956
8870.015
8232.729
8524.723
7780.005
6117.218
6123.857
6348.972
6349.345
5924.560
5833.784
5690.411
5917.195
5540.862
21116.391
4361.824
4179.142
4162.894
3917.839
3945.266
4080.354
4252.263
3986.646
3882.335
4057.586
4015.380
4138.793
4121.953
4114.317
3780.744
3885.938
4128.490
4526.874
4655.841
4733.381
5512.622
4434.498
4051.904
4147.054
4529.480
4678.684
4643.783
4687.677
4702.056
4506.633
4784.321
4659.145
4840.657
4774.401
4733.981
4804.008
5347.233
5039.259
5040.526
4620.675
4679.995
4601.839
4878.534
4567.434
6575.985
4597.660
4512.618
4787.112
4897.332
5332.086
4913.669
4894.179
4595.053
5203.890
5099.085
5098.956
4937.322
4800.538
4844.017
5347.607
5352.459
4734.383
5006.747
5014.125
5360.182
5439.172
5128.293
5092.703
