0.314
0.064
0.668
0.768
0.171
1.373
1.099
0.835
1.296
1.410
0.397
0.404
1.372
0.734
0.880
0.600
3.038
0.914
0.904
0.047
1.334
2.101
0.059
0.068
1.375
3.408
3.078
0.026
2.472
1.714
0.966
0.141
0.071
0.313
0.285
0.106
0.159
0.015
0.328
2.687
0.263
4.062
0.363
0.169
0.090
0.103
3.923
0.284
0.195
0.309
0.392
8.410
0.059
0.224
0.413
0.546
0.383
5.668
0.647
0.301
0.295
0.409
0.662
0.062
0.296
0.589
1.980
4.581
11.627
0.519
0.524
0.508
3.319
0.035
0.247
0.568
6.753
0.153
4.963
0.466
3.352
4.057
0.705
1.120
2.265
0.826
9.257
1.287
0.729
0.313
0.398
0.756
0.281
0.391
0.180
0.357
0.630
0.671
16.718
1.109
0.143
1.501
1.080
29.739
2.049
28.206
1.394
1.513
1.154
1.316
1.385
1.615
1.890
1.797
0.074
1.349
2.043
14.125
1.183
1.799
1.213
1.203
12.535
2.001
1.060
0.093
0.042
1.154
1.494
10.045
2.567
1.660
1.804
1.849
1.820
14.069
2.531
1.567
1.699
27.690
2.540
4.864
2.308
2.074
26.746
1.940
45.873
4.907
0.185
4.322
45.484
5.284
3.925
4.600
12.063
41.446
2.786
3.122
2.341
2.512
54.012
0.138
3.011
2.605
2.798
2.982
3.454
3.347
0.126
4.273
0.149
3.130
21.362
7.899
3.934
3.736
3.929
3.002
63.806
144.658
44.976
3.354
0.554
3.291
5.456
5.038
311.288
3.835
3.601
4.516
4.851
6.767
7.033
5.165
5.399
4.639
4.150
140.020
4.370
5.178
5.339
328.294
5.531
6.769
6.764
444.254
466.245
6.370
7.567
90.857
5.871
7.166
5.985
7.478
0.110
7.035
6.774
18.919
5.606
7.855
5.701
471.586
6.953
6.013
7.386
5.221
0.141
6.617
88.027
5.714
11.674
9.061
11.165
6.528
8.472
7.334
117.373
5.836
16.733
6.209
6.789
7.554
0.216
8.419
12.110
5.051
3.741
4.609
4.412
6.512
5.850
8.842
9.416
5.928
1.075
5.265
128.044
105.778
7.654
5.876
6.581
8.760
6.763
10.019
8.816
8.139
10.700
9.531
7.901
0.195
83.783
87.323
0.232
86.168
84.258
82.748
82.089
157.456
87.369
87.614
92.751
86.177
85.835
86.700
86.091
88.346
86.820
706.134
104.632
98.432
103.029
100.056
98.016
0.564
114.384
111.622
111.515
111.120
113.600
113.558
239.788
125.067
128.491
122.182
120.458
121.857
119.715
388.428
128.466
130.123
126.359
128.186
133.139
134.127
129.883
129.517
386.708
134.600
133.315
131.304
0.311
130.239
137.369
143.159
136.187
0.651
135.229
134.005
140.856
137.203
135.159
135.411
134.796
139.465
135.748
681.769
178.818
146.191
155.161
148.997
151.174
152.037
1075.614
178.854
165.195
159.867
160.341
159.756
333.423
179.559
193.344
334.977
197.359
1217.656
192.188
199.951
192.835
189.831
461.191
195.036
0.877
203.235
207.115
207.679
193.871
193.973
200.274
230.950
198.928
196.779
197.903
474.282
215.558
221.768
399.359
226.529
226.960
224.800
225.515
223.929
225.011
230.403
938.623
242.436
1.145
233.856
267.489
265.428
251.530
258.386
261.111
369.192
171.954
200.429
202.034
2.721
187.496
204.186
193.411
184.213
205.619
182.231
190.201
359.093
202.796
190.432
190.244
178.188
194.734
338.384
183.757
4.775
179.421
178.506
182.095
179.935
188.952
187.583
809.817
225.595
805.891
230.725
0.114
218.669
233.287
226.515
212.960
250.202
1.987
223.798
280.661
246.214
249.562
254.612
256.851
753.212
427.333
435.288
278.882
258.032
265.721
271.724
276.716
270.692
443.605
267.581
278.504
274.074
416.487
0.169
251.104
257.565
247.448
249.219
263.324
250.608
245.367
714.155
278.028
290.982
572.008
294.890
298.090
304.650
298.784
326.139
329.012
326.358
1500.054
296.006
313.035
289.865
310.767
300.962
321.608
307.922
309.818
326.676
320.394
320.058
323.905
288.489
295.117
7.483
392.180
527.394
335.367
323.172
329.552
327.441
335.899
353.542
341.477
303.135
312.092
310.401
619.406
334.206
631.974
328.499
631.654
1.431
324.180
310.204
292.800
444.070
299.485
301.797
306.080
310.896
315.897
312.156
2032.698
347.291
340.767
346.573
320.238
334.869
317.103
321.311
335.194
317.651
290.594
0.319
292.274
300.085
287.600
291.551
288.290
294.947
297.233
294.150
553.675
306.975
7.944
297.164
2361.612
380.949
4.991
380.904
362.501
419.395
2641.217
499.714
469.588
458.808
413.192
446.048
456.981
454.570
427.667
449.683
445.751
452.553
670.312
510.001
505.562
512.219
514.157
516.219
534.841
506.280
518.880
493.294
501.550
493.483
600.655
517.765
525.586
518.237
556.033
514.722
9.045
556.445
567.697
562.456
550.529
567.060
2.900
0.087
548.486
11.734
571.973
1861.831
912.730
564.828
1321.176
536.424
544.839
547.835
559.603
560.485
561.963
563.328
581.316
576.873
571.167
972.141
514.877
492.002
0.518
1250.575
507.114
4.027
491.045
490.764
551.227
551.590
562.608
556.483
534.237
521.975
569.128
546.651
538.611
523.602
520.618
786.319
610.103
20.834
522.922
594.416
530.909
511.768
569.101
602.626
601.714
582.368
598.990
1073.291
557.811
517.953
498.234
2.819
1403.529
537.339
508.023
513.464
510.176
518.542
578.061
618.503
13.892
590.231
578.605
612.572
642.247
610.657
565.811
578.610
579.205
595.404
555.679
559.324
555.247
598.781
556.443
557.909
629.189
604.942
576.676
575.577
1160.743
599.123
570.361
545.705
539.563
566.774
555.252
582.516
565.720
576.797
614.170
630.374
660.407
640.967
618.735
2871.718
568.882
1284.995
610.999
572.368
670.171
590.050
640.429
692.090
735.372
665.954
654.335
685.659
644.701
612.372
578.000
624.566
609.826
694.909
634.706
1213.872
1530.093
970.855
1471.467
1751.914
2677.287
627.367
687.279
671.354
3.559
707.460
705.678
804.151
737.956
7.070
696.981
672.807
670.313
676.757
670.832
700.738
718.019
5567.575
851.927
854.611
818.442
781.404
787.895
2861.152
932.841
909.720
872.478
838.672
814.268
829.161
801.947
848.261
830.312
8.312
4287.687
804.037
752.654
2.507
777.503
3.919
1320.468
789.876
798.599
770.535
866.309
977.024
883.134
8.024
848.929
4383.360
781.498
796.964
817.384
872.175
944.932
887.927
857.320
832.839
810.560
838.762
772.987
4099.759
910.319
894.518
875.298
873.237
814.516
1150.571
886.062
810.137
839.132
905.744
900.845
914.541
887.136
877.657
998.513
11.645
2298.872
757.444
744.913
786.301
900.640
835.307
842.161
1248.755
811.901
767.865
1.384
786.765
742.395
751.079
705.247
751.226
801.247
1920.277
710.488
682.903
4085.826
714.705
706.212
1.625
809.874
833.669
791.591
833.249
819.754
0.268
786.186
748.177
752.975
769.108
753.988
718.713
1376.447
795.392
951.053
787.638
806.531
2088.569
807.680
718.592
697.312
739.473
734.222
736.345
793.569
833.648
824.815
0.681
822.950
841.311
744.966
1101.396
805.555
2419.960
6994.584
1548.740
952.933
1025.213
1006.367
905.331
860.855
3.414
9557.067
1337.209
2293.017
1206.295
1239.830
1251.678
4613.611
1337.066
9.181
1354.420
1301.310
5.211
0.164
1392.135
1427.832
1478.071
1486.177
1584.415
1532.677
1512.167
1574.551
10.009
1571.060
1578.852
1520.451
1499.722
1521.021
1617.986
1541.346
1520.299
1451.180
1484.106
1461.202
1858.575
2694.818
2375.689
15.593
1386.564
1460.226
1507.065
11.109
1620.871
1590.268
10039.821
1403.697
1355.551
1508.597
1463.169
1676.054
1708.391
1650.870
1582.624
25.756
1416.060
1411.546
1512.670
1499.929
5348.936
1394.389
1537.269
2777.839
1590.363
1525.703
1436.622
1487.460
1556.154
1527.072
2243.719
1487.032
1484.655
1516.214
1670.974
2434.333
1593.012
2.881
2935.416
1586.730
1689.769
1676.152
1616.195
1594.570
1595.315
1607.726
1682.901
1658.362
1668.784
1588.819
1538.316
1729.595
1666.210
1646.249
1553.114
3270.223
10346.658
1700.303
1711.054
1744.569
1760.125
8.485
1725.652
1772.438
1879.353
1842.381
1805.278
1746.990
1759.707
1892.408
1878.866
2022.703
1783.315
1712.397
1800.518
1832.738
1762.769
1780.766
1716.058
1795.087
1919.084
1841.078
1825.359
1738.680
1785.545
12821.534
1610.708
1790.984
1542.113
1627.001
1669.858
1771.823
1718.021
6.778
1664.791
1604.814
1589.663
1721.730
7.111
1718.855
1706.107
1609.179
1543.486
1681.594
18.560
5425.824
1970.359
3302.444
1772.155
1784.931
3737.937
15.371
1842.728
1961.722
1819.442
1859.609
1743.838
1859.685
2014.588
2054.431
1859.348
1841.184
1811.073
2068.592
1994.750
2167.211
1526.270
549.212
13.544
444.264
450.919
475.059
27.916
516.443
591.107
591.714
570.736
525.563
500.820
498.079
505.204
426.778
459.662
464.143
2.814
476.755
483.067
505.433
607.467
579.721
9.530
574.183
615.886
695.461
603.426
583.144
585.814
639.909
591.290
421.052
527.677
500.324
563.576
552.456
508.063
536.048
540.725
587.227
521.638
584.251
611.746
662.800
589.472
551.246
566.079
548.265
613.651
560.530
554.049
531.147
542.692
566.879
543.995
8.895
509.799
512.697
477.738
449.962
477.900
519.429
500.388
478.289
559.733
65.606
444.134
428.612
508.102
478.293
3.555
483.288
0.406
18.617
469.254
477.415
433.426
476.364
431.960
382.328
388.206
407.876
402.783
12.347
438.979
469.033
458.877
466.994
36.846
510.246
546.735
516.757
530.308
521.951
449.510
12.651
399.883
401.783
432.541
441.667
516.956
652.157
649.381
19.005
538.080
521.900
415.115
386.110
424.020
451.876
473.727
402.183
398.619
471.420
460.544
521.603
468.560
424.651
429.522
433.546
466.375
481.231
12.409
458.124
491.267
694.779
17.459
622.352
583.020
643.178
489.873
557.460
557.034
538.327
525.768
566.136
497.201
464.868
453.537
508.535
538.859
455.732
331.093
279.281
258.089
328.413
319.340
307.891
345.125
337.778
8.550
305.717
304.742
310.270
353.149
388.009
385.511
23.205
330.293
342.429
277.964
289.000
2.536
321.181
339.449
400.823
414.779
5.638
462.594
339.871
381.234
416.237
8.491
351.938
334.435
371.892
352.330
360.341
375.654
322.909
254.281
236.915
294.202
403.082
280.047
287.871
313.114
267.204
267.232
263.883
263.462
225.499
234.882
335.493
254.370
233.689
378.965
236.968
222.243
229.512
225.267
242.114
296.500
256.910
295.510
290.547
293.036
282.817
305.046
350.835
317.285
311.275
303.828
275.981
276.934
267.015
262.144
235.623
227.827
214.924
216.936
227.917
278.582
273.188
311.933
298.828
288.021
307.343
298.364
281.030
260.522
221.252
218.034
299.892
276.526
269.414
272.133
281.368
267.558
256.918
257.395
297.659
276.627
260.816
252.574
439.373
361.565
356.809
397.694
329.425
246.628
261.644
306.402
310.468
302.337
366.856
403.713
407.191
354.831
325.307
383.588
316.448
333.052
386.612
379.669
352.765
354.692
316.575
387.317
391.241
372.830
375.429
366.596
373.103
2.971
400.681
379.256
384.700
317.758
300.204
307.106
308.045
310.348
380.824
351.567
392.972
0.766
353.977
335.401
341.536
327.494
361.528
344.323
315.289
328.542
331.659
333.003
379.896
357.498
331.602
332.143
408.918
362.558
356.081
339.475
348.943
338.900
305.601
370.054
379.200
441.977
388.231
339.167
343.952
393.837
358.641
434.883
389.382
388.187
393.707
391.211
425.692
436.921
356.024
341.743
332.985
330.352
337.160
349.685
416.540
413.880
391.798
407.821
359.153
361.842
427.273
325.162
315.137
300.028
301.554
332.614
331.507
362.244
305.276
294.291
328.078
349.643
369.454
415.972
406.181
358.985
336.141
338.397
343.766
363.776
382.567
388.860
364.472
354.434
337.243
335.850
371.131
428.801
379.440
356.095
376.551
390.533
407.479
477.822
488.834
505.106
427.280
442.818
424.613
18.422
401.658
389.967
385.559
387.716
390.276
368.374
0.421
341.293
366.592
377.706
430.150
1.014
399.978
405.518
381.355
356.498
405.688
470.803
416.750
383.247
383.871
407.781
384.067
450.771
403.682
392.854
432.625
365.865
360.392
334.587
461.944
333.709
300.937
297.839
340.243
326.419
1.569
373.723
334.302
372.466
0.426
360.540
458.906
457.058
525.786
497.427
494.553
502.480
431.142
458.285
461.651
437.550
451.876
447.884
511.676
446.369
464.920
474.692
484.755
463.568
415.891
425.946
452.806
422.909
450.008
490.817
416.195
428.605
399.131
398.243
5.260
413.992
493.627
434.942
438.736
393.508
389.900
483.844
439.603
421.470
424.630
434.981
458.955
609.907
588.046
590.842
585.974
553.439
584.624
597.807
614.790
553.565
617.869
628.520
660.139
716.851
608.515
601.162
709.207
730.457
688.235
702.961
699.433
729.179
708.191
706.309
788.536
731.347
700.093
713.604
689.873
680.954
651.191
656.384
675.190
668.193
666.556
669.452
660.358
654.870
660.953
614.562
615.948
615.348
604.990
570.641
578.989
564.290
567.624
666.633
610.669
577.337
617.111
641.450
665.588
664.190
682.547
564.395
562.361
559.819
551.624
539.654
538.354
430.154
489.087
6.425
467.150
468.657
572.387
506.745
471.606
460.127
474.002
483.314
485.551
488.875
434.979
471.067
586.782
499.740
487.532
474.548
464.158
592.046
763.948
521.692
549.911
489.477
466.860
474.079
507.484
494.538
480.485
505.332
468.665
480.812
444.003
426.967
425.414
516.346
445.307
484.226
513.285
484.251
534.139
8.733
542.644
515.863
490.682
671.613
491.456
501.333
439.406
440.262
437.132
459.422
498.274
451.474
474.282
494.373
519.796
523.886
488.177
513.623
497.163
524.549
460.222
431.805
447.839
439.761
514.608
437.308
454.355
446.706
527.828
572.835
591.690
546.434
546.284
496.884
482.707
473.237
476.487
530.407
3.979
471.880
467.972
1.026
482.006
539.455
507.451
398.789
380.613
406.706
549.778
497.380
460.889
461.693
485.780
526.154
475.033
422.171
407.861
379.360
396.605
519.479
461.968
511.917
440.601
445.114
499.900
514.838
510.282
474.183
550.548
418.727
466.220
466.794
416.253
440.675
398.529
412.687
380.257
392.935
398.081
401.787
360.530
361.067
500.177
513.161
568.851
594.047
605.596
606.317
550.647
577.925
599.967
895.788
596.008
586.152
620.732
712.602
745.221
795.478
750.780
619.975
655.658
614.887
604.860
692.409
687.465
693.830
701.640
708.948
710.285
798.770
778.976
778.759
797.089
755.966
735.729
806.812
691.047
686.404
678.154
743.855
731.871
715.462
711.374
720.529
758.516
609.632
636.064
645.174
675.956
698.055
630.198
684.630
711.686
721.808
693.746
681.535
755.235
770.709
711.152
609.825
592.760
616.621
683.079
624.263
594.465
594.776
609.929
605.036
570.071
579.062
671.738
603.524
604.022
628.688
719.429
614.860
18.045
617.503
645.628
774.240
807.077
645.926
597.316
533.606
515.865
578.978
553.244
526.160
568.510
754.400
780.853
601.966
647.968
581.153
613.561
666.622
655.916
673.734
598.791
638.029
594.115
569.305
582.095
639.752
818.278
538.171
619.114
660.495
562.220
578.848
569.790
578.056
568.685
576.048
608.221
1.128
575.214
615.289
771.363
905.754
790.145
742.150
700.755
630.659
829.830
699.537
674.374
699.048
0.664
758.051
650.524
629.365
637.856
657.693
613.651
617.828
702.195
609.272
599.830
652.885
718.268
606.385
640.337
665.431
723.245
646.757
555.461
562.577
649.870
611.426
648.579
678.434
608.321
592.989
591.485
763.313
596.901
591.625
630.261
661.367
601.778
578.997
609.667
601.844
605.322
617.286
578.318
573.238
595.660
680.243
2.364
671.562
604.009
594.848
622.372
598.278
592.318
569.656
647.709
603.579
582.078
566.118
659.720
586.501
579.603
577.871
656.472
627.985
612.635
562.034
583.249
556.390
637.811
775.153
721.034
676.196
751.098
852.462
680.210
661.973
564.557
563.030
595.425
583.919
506.226
476.919
481.462
513.348
556.302
546.098
514.516
523.694
570.757
519.923
527.056
529.225
544.175
537.982
527.072
582.204
595.263
539.584
551.022
621.460
751.493
776.206
598.329
604.249
597.081
574.471
607.480
3.423
547.539
534.804
550.194
555.034
513.818
574.985
591.637
681.013
563.680
613.300
597.412
560.544
473.665
476.561
466.990
547.950
504.551
489.096
491.508
1.981
585.123
576.640
553.737
527.198
533.017
647.318
650.925
644.278
641.562
746.606
662.834
649.970
712.762
864.279
678.471
678.477
603.225
591.435
609.241
627.662
603.569
590.332
599.960
552.683
529.496
562.049
653.302
628.822
589.688
572.002
645.155
568.621
573.563
610.226
603.170
568.799
535.739
580.198
541.595
576.289
591.846
641.446
619.454
731.849
768.265
729.820
613.586
655.004
704.401
601.680
624.609
680.675
760.623
665.315
610.358
551.556
665.010
725.295
581.148
503.202
545.404
578.494
582.355
553.794
636.310
670.981
699.259
647.213
653.594
646.226
634.428
610.689
718.587
943.139
615.155
670.613
655.423
673.334
671.635
600.041
686.795
703.566
681.975
633.344
633.425
607.559
614.909
632.919
775.978
713.613
679.393
673.962
655.218
668.197
642.710
585.448
4.292
622.222
627.884
638.597
708.374
677.866
683.715
620.009
699.862
611.596
567.788
637.794
659.260
674.642
597.143
707.111
808.023
758.561
709.150
0.494
763.838
783.121
813.643
640.649
628.152
637.371
698.494
664.711
775.099
728.674
727.432
769.559
648.642
616.189
639.412
678.960
630.455
621.303
706.086
646.155
694.041
624.404
602.760
586.185
579.798
706.264
564.659
553.609
572.531
664.569
579.049
585.780
663.547
664.818
640.594
610.544
659.254
583.688
566.932
583.389
563.845
512.968
517.170
613.740
730.670
735.968
691.620
1093.360
738.762
715.356
703.586
645.629
672.489
16.164
732.294
732.924
696.982
773.791
752.469
1062.932
741.869
727.745
730.001
663.842
707.127
650.500
672.633
750.741
720.931
717.573
710.600
715.906
26.938
680.910
734.389
696.201
679.862
675.666
632.138
665.777
690.318
792.818
765.221
783.937
755.385
737.608
696.602
702.959
730.476
694.881
786.902
790.746
782.654
1096.249
733.366
659.894
698.947
556.083
552.456
546.885
627.848
745.485
717.547
651.458
573.507
568.362
621.656
587.927
610.945
614.114
605.928
517.818
556.506
703.196
653.897
641.968
653.781
783.385
706.279
576.089
1.391
579.425
599.769
568.816
580.762
568.329
739.693
586.936
610.000
582.119
733.806
749.591
737.826
736.760
732.313
748.225
788.509
827.214
791.885
811.982
809.612
804.360
822.903
751.756
859.348
839.873
850.049
858.403
859.285
860.479
828.749
813.582
798.713
755.303
751.320
797.892
905.578
951.299
949.579
934.200
903.900
908.258
820.139
825.774
813.332
887.787
1292.707
923.733
922.052
937.049
934.890
878.372
2.476
918.881
944.991
1291.243
931.189
774.975
725.790
751.331
793.179
729.107
754.640
729.581
792.752
773.127
790.378
688.024
700.400
782.295
674.977
679.891
743.173
698.536
738.058
961.662
993.787
841.612
757.293
731.645
822.679
723.002
674.302
778.113
947.742
981.527
950.858
909.338
887.954
815.141
765.228
813.126
747.506
837.608
905.681
0.299
806.087
842.434
883.502
984.930
780.012
733.155
747.684
864.159
781.134
791.430
785.860
779.866
748.507
862.007
752.153
768.594
832.786
819.909
824.907
894.954
917.359
747.666
720.253
4.287
666.567
724.475
705.943
715.704
824.713
744.004
717.991
740.067
742.361
760.032
783.874
728.559
756.492
934.329
946.970
876.309
795.169
815.895
821.855
702.587
777.417
773.215
707.304
841.794
752.134
726.415
700.058
732.182
708.000
807.022
720.836
706.733
789.581
775.423
798.474
851.633
767.553
727.333
768.875
710.306
721.904
778.873
665.652
716.817
894.705
837.491
865.813
891.792
824.651
686.540
831.917
744.380
758.459
838.710
795.983
772.286
956.885
842.609
828.002
877.818
716.035
697.162
804.822
721.406
722.795
767.490
730.263
708.307
737.119
712.216
659.352
687.461
748.001
745.338
731.342
844.463
680.351
717.381
837.979
759.454
742.803
706.529
739.039
738.219
748.797
671.748
676.408
781.431
658.712
676.233
787.619
685.474
733.438
886.141
792.074
746.956
2.201
802.705
719.212
727.005
815.388
667.996
646.839
773.301
697.974
670.220
1109.775
609.254
674.843
762.309
639.305
662.934
716.518
708.317
677.347
796.310
947.562
754.297
707.830
1181.662
708.413
648.774
659.894
746.633
726.749
700.235
3.972
692.834
689.508
761.521
726.033
735.468
706.829
688.458
778.508
804.606
812.353
796.598
782.258
757.854
759.067
831.398
735.156
5.498
797.227
886.036
894.625
912.914
816.930
772.142
813.604
718.068
729.582
747.868
747.062
764.232
683.382
735.551
777.093
706.694
783.219
850.455
743.911
796.552
998.044
0.508
902.692
904.530
960.327
896.953
886.533
788.331
811.549
912.439
814.823
802.417
877.668
829.642
884.255
744.372
788.400
891.807
895.517
869.966
855.402
803.030
866.728
879.657
750.288
867.422
786.545
873.784
973.662
876.174
883.691
865.751
803.798
820.413
730.678
830.143
1046.429
914.914
913.181
1058.552
4.383
930.666
829.937
814.434
855.957
896.483
922.181
10.802
1078.926
955.624
0.509
917.757
825.399
999.983
705.857
740.749
1273.849
856.973
805.600
791.180
875.458
950.435
808.996
786.838
930.510
884.106
884.203
900.166
723.546
755.600
792.031
816.309
945.898
963.949
791.164
914.819
837.200
887.880
869.158
871.063
914.805
792.395
854.326
1005.714
825.208
794.156
758.607
773.471
774.401
852.608
1004.742
960.967
1037.267
848.769
1.086
859.429
921.999
819.155
856.006
966.011
907.276
952.023
1096.680
834.513
1488.216
800.288
737.734
856.418
1006.659
893.504
896.458
911.284
1.454
880.198
967.269
1129.748
1137.951
1043.817
1023.799
1095.976
1035.392
1059.274
1055.402
1046.740
1062.783
1057.717
1057.864
1086.167
1048.444
1047.608
1036.511
1188.878
1169.492
1127.249
1022.466
3.585
946.357
967.337
988.050
1031.398
1019.967
1003.118
1067.468
1415.566
1401.671
1580.635
1567.996
1467.853
1438.566
1424.076
1383.715
2139.733
1002.821
956.704
1028.466
940.595
1063.796
948.151
1190.700
1096.301
1044.694
1029.149
943.402
1078.564
988.228
1130.347
1024.451
1040.728
1044.727
942.231
1140.412
1150.242
1036.032
972.151
1084.085
945.749
959.537
952.486
970.148
906.443
916.471
997.715
973.394
945.975
994.546
1003.172
1052.708
13.753
1000.286
1093.328
938.986
936.589
936.205
879.137
938.294
836.799
967.535
978.621
956.781
1024.351
946.220
1046.570
1133.769
1066.789
1016.692
1148.104
6.496
1077.301
956.062
1085.735
1021.137
1120.863
1140.719
1113.351
1025.022
1122.273
1008.717
1049.153
1005.476
1177.750
1075.549
1204.038
892.477
885.027
919.993
888.861
1050.871
1117.401
1154.173
1034.286
4.308
1091.147
962.304
997.056
944.107
873.893
936.356
1052.186
1071.775
1010.466
1109.607
1292.541
1059.716
1028.715
1062.626
1127.165
1197.080
4.544
1054.329
1345.212
1195.735
1099.955
979.231
1146.288
1087.897
1080.162
1132.346
1014.622
1014.733
1143.212
993.264
1008.195
1192.139
1017.210
973.524
1065.977
1010.122
963.554
965.593
946.910
963.546
1064.527
1116.374
1002.249
840.452
1023.937
1060.881
1097.399
1076.428
1248.022
1130.950
1183.867
1024.171
1085.158
1034.060
1126.970
1090.958
1086.136
1079.750
1056.834
953.507
918.566
1055.600
955.232
1003.927
929.356
987.344
979.363
1139.859
1082.242
1210.270
2976.690
1452.895
1532.849
1538.830
1587.764
1517.645
1479.030
1519.906
2480.024
3338.899
3614.513
3868.653
3886.242
4202.100
4473.478
3965.606
3992.177
4095.291
3289.385
3706.819
4213.672
3788.803
3381.784
3430.080
3803.722
3964.107
3717.191
3437.035
3639.442
3531.977
3621.728
3471.788
3776.380
3704.033
3712.153
3736.023
3693.777
3685.778
3353.933
3593.115
3661.710
4039.107
3723.391
3756.516
3544.250
3568.171
4434.821
4310.672
4164.901
4285.518
4219.834
4145.736
4009.369
3836.291
3998.755
3805.445
3721.215
3460.138
3593.022
3961.323
3903.582
2943.720
2824.413
2948.543
2905.953
3100.079
2928.205
3519.239
3132.882
2940.289
2923.400
3071.760
2851.045
2893.656
2327.346
2655.538
2756.817
2758.347
2454.148
2506.066
2432.908
2507.263
2633.986
2685.619
2704.563
2836.589
2636.978
2631.733
2620.050
2627.850
2651.755
2789.680
2603.893
2578.474
2606.921
2589.625
2492.316
2558.044
2557.638
2568.806
2950.328
2743.201
2717.208
2946.367
2843.258
2681.996
2740.273
2561.194
2605.446
2797.635
2860.010
2615.449
2395.485
2386.742
2554.549
2754.927
2969.927
2757.625
2580.909
2691.960
2903.014
2699.649
2233.543
2646.855
2478.419
2607.419
2381.480
2231.225
2144.398
2274.304
2357.794
2134.953
2308.423
2466.046
2712.170
2399.324
2166.805
2175.688
2318.071
2637.890
2241.102
2329.729
2071.258
2177.236
2191.108
2247.313
2077.029
2068.678
2092.066
2276.146
2269.748
17.465
2291.822
2495.490
2351.500
2418.936
2297.603
2602.885
2999.554
2273.945
2296.458
2200.265
1953.746
2230.556
2362.175
2139.172
2425.206
2543.525
2527.877
2390.430
2915.611
2434.994
2498.110
2716.589
2641.242
2419.771
5.643
2225.698
2429.460
0.936
2469.722
2215.350
2120.263
2281.931
2201.717
2281.818
1947.081
1986.477
2090.006
2179.025
2078.812
2089.629
2218.384
2100.591
1982.846
2024.383
2145.113
2099.066
2087.274
2231.176
2306.823
2381.074
2298.957
2155.464
2245.282
2098.466
1914.099
2081.493
1913.945
1824.869
2176.543
1966.219
2081.578
1982.068
1803.132
2117.460
1924.935
1958.586
1979.646
1780.316
1941.492
1779.452
1778.784
1989.877
1971.973
2432.419
2083.605
1760.766
1746.283
1785.934
1735.732
1699.228
1706.650
1815.375
1982.855
1736.540
1746.348
1799.462
1751.937
1695.174
2147.608
1773.186
1902.044
1662.631
1667.300
1473.435
1636.845
1617.668
1582.049
1531.455
1523.760
1603.393
1602.805
1689.760
1498.942
1641.502
1562.011
1634.196
1484.258
1643.212
1507.657
1662.645
1684.495
1625.083
1430.575
1504.037
1563.049
1593.866
1475.476
1424.551
1427.309
1364.409
1546.434
1411.105
1298.886
