0.098
0.120
0.102
0.532
0.246
0.228
0.560
0.062
0.425
1.206
1.198
0.413
0.090
0.816
0.511
0.640
0.100
0.345
0.563
0.138
1.016
0.765
1.057
1.084
0.585
1.282
0.503
0.518
1.691
0.606
0.460
0.963
1.877
1.150
0.587
0.427
2.735
3.784
0.355
0.615
2.220
1.586
2.908
1.349
1.372
5.667
5.302
2.196
1.343
3.752
0.871
1.386
0.459
3.584
0.712
6.827
0.874
4.369
9.195
3.458
13.073
7.928
10.030
1.363
8.028
4.241
9.684
2.012
4.733
5.981
7.357
11.552
2.480
11.096
3.904
16.833
7.521
11.366
16.254
8.628
11.737
21.925
6.345
1.996
6.061
12.300
0.706
3.494
7.481
12.379
10.180
2.086
1.057
22.431
0.684
5.260
1.166
1.237
1.175
16.699
12.621
12.953
21.323
0.590
3.636
28.086
9.551
5.076
9.445
10.656
6.945
4.893
22.362
15.507
11.563
4.762
23.364
6.783
13.435
38.638
19.959
11.259
48.177
25.099
4.059
11.554
15.867
15.940
17.333
33.205
18.302
3.027
21.489
10.228
26.214
28.106
71.502
14.395
33.523
8.277
21.932
163.373
15.765
2.924
20.099
66.576
33.663
161.061
59.405
48.552
66.908
18.438
106.511
64.644
2.985
39.685
11.998
162.046
154.207
59.872
15.868
196.356
83.820
71.747
115.754
96.170
34.699
40.454
82.457
242.498
38.073
43.008
0.597
40.237
34.204
0.295
38.772
38.451
146.425
25.867
89.249
44.635
41.244
144.014
1.387
39.369
52.037
237.402
271.445
382.659
2.310
215.674
423.988
66.214
41.666
4.443
84.762
0.924
67.150
73.211
1.294
172.578
90.401
478.921
76.560
1.940
143.170
128.132
2.737
2.775
291.864
105.395
115.356
82.268
53.871
2.545
46.987
114.685
3.177
124.785
46.654
465.672
61.733
78.992
86.407
534.925
4.560
94.991
102.293
658.875
115.169
70.445
5.142
258.831
18.884
846.969
130.857
113.411
537.175
101.116
83.382
160.983
172.168
87.468
86.586
1046.963
806.259
1175.799
359.735
499.118
146.836
170.155
290.913
381.656
5.729
1475.105
1153.665
167.183
98.547
8.531
92.960
176.492
96.849
829.584
7.100
98.819
196.753
195.568
432.583
191.704
179.796
206.066
19.501
7.692
199.906
405.113
1269.554
23.244
1.890
844.202
747.998
528.124
236.309
0.122
225.900
0.054
196.496
260.660
1252.617
393.682
195.062
2.098
183.862
0.275
184.800
375.530
959.719
385.394
407.972
535.959
0.059
408.282
1073.191
436.953
444.133
575.882
537.317
423.075
494.160
609.803
2020.658
665.329
610.072
8.642
2269.234
138.711
137.707
140.049
113.144
101.488
273.404
110.239
135.073
109.959
135.152
120.979
133.903
257.295
105.069
1.447
105.771
102.474
105.405
102.862
104.709
112.046
114.901
102.400
129.156
103.668
113.541
127.947
110.248
108.633
108.928
127.401
2.984
219.783
114.604
152.023
134.408
142.334
129.252
107.439
106.890
114.061
129.503
113.822
172.681
125.308
144.008
132.754
134.063
165.192
173.969
250.920
133.159
128.538
127.978
109.108
119.854
109.176
134.194
150.154
125.386
130.072
129.243
129.106
119.907
117.442
115.044
115.882
118.712
2.697
232.924
259.386
147.895
135.416
353.814
156.042
139.764
162.723
141.990
126.565
155.754
154.380
149.097
134.046
145.270
155.990
137.561
158.889
154.432
132.034
142.593
205.954
142.728
352.950
153.388
156.154
138.929
153.113
210.000
137.279
139.034
7.681
137.660
149.245
168.639
145.505
5.037
137.240
181.804
128.023
157.596
161.125
142.649
129.544
150.601
139.938
320.930
165.453
148.245
151.072
500.122
143.334
144.142
141.469
3.381
146.134
347.807
139.767
164.024
162.511
174.856
314.414
150.913
153.060
160.967
159.265
146.881
494.749
144.157
146.095
161.236
172.725
165.987
160.344
4.858
1.585
168.440
161.358
175.489
157.055
201.343
157.202
177.088
147.155
164.187
0.279
172.371
151.901
189.296
175.010
155.283
154.590
159.583
157.984
0.152
162.394
182.198
594.434
0.628
665.840
768.033
0.085
186.915
193.835
190.593
168.431
168.361
159.487
0.490
0.418
168.864
318.412
172.352
2.014
172.084
171.781
178.399
162.974
170.511
167.957
168.491
238.064
173.863
173.947
179.936
173.809
170.607
188.718
798.992
182.999
2.044
180.622
183.433
176.910
185.333
173.791
188.225
3.210
177.213
202.608
180.111
193.786
184.971
175.540
187.371
175.653
191.205
187.782
174.842
173.688
186.571
175.496
174.339
193.412
175.153
179.970
179.373
181.894
183.527
0.618
187.434
182.015
177.227
189.231
761.172
213.216
187.247
340.445
197.745
0.339
0.293
202.522
200.086
195.979
190.142
196.757
205.878
0.441
192.500
206.023
0.362
210.060
212.768
205.022
211.673
199.862
1082.786
257.548
221.042
217.876
234.278
217.464
229.721
0.208
241.359
224.277
231.280
225.406
231.719
706.571
225.678
209.850
222.038
225.251
221.531
210.687
209.694
224.476
216.591
222.313
242.637
226.079
233.493
222.064
220.597
1108.887
243.650
239.511
245.115
247.629
231.365
244.053
243.255
249.638
216.170
236.189
233.624
232.998
222.773
245.423
226.357
224.186
231.878
238.711
229.792
242.708
233.587
0.210
230.420
222.461
222.387
229.332
241.418
254.013
236.058
227.188
239.124
240.565
271.536
227.025
230.419
230.726
226.033
245.483
232.426
946.924
255.998
232.890
231.135
243.421
243.641
248.048
251.751
245.486
258.363
242.077
229.738
236.800
291.162
240.821
237.991
231.815
229.025
246.740
1269.065
239.734
261.336
247.828
234.658
229.154
1.078
244.376
244.100
1.147
228.884
230.666
228.802
246.595
228.346
232.563
230.700
232.307
242.121
250.327
235.479
237.791
237.135
240.135
238.653
267.809
249.240
249.038
260.706
0.294
259.558
261.994
260.567
252.659
259.930
267.165
282.823
264.991
268.900
268.058
271.450
284.468
258.982
263.992
251.149
259.755
345.676
261.314
266.005
266.319
262.423
288.389
271.519
272.861
268.545
1.385
286.259
299.679
281.599
287.739
0.590
282.597
298.573
294.716
275.796
291.317
284.241
285.699
299.138
280.896
299.689
280.667
3.065
301.377
0.989
1354.384
300.108
311.371
307.529
309.301
339.232
309.807
297.958
1162.373
1541.472
328.172
387.085
316.977
322.869
319.445
1.204
336.200
321.260
313.866
312.028
348.610
312.343
309.513
345.929
329.237
328.329
340.908
325.618
341.826
339.152
342.631
326.966
934.646
322.393
329.958
339.862
319.250
319.066
331.982
330.963
346.702
330.060
335.286
331.354
458.355
351.359
351.432
355.275
370.376
346.589
340.575
345.310
381.407
341.992
342.309
346.665
363.980
373.581
367.759
366.381
355.828
393.041
352.984
344.511
341.438
368.151
352.782
351.542
351.330
370.387
350.836
340.343
372.993
378.216
556.197
355.072
383.645
365.641
361.027
376.583
400.386
387.957
1343.390
913.350
392.269
381.571
377.933
379.195
397.458
400.694
382.946
376.102
400.290
369.997
382.680
391.148
397.785
389.389
387.890
1425.565
461.459
431.320
441.670
439.520
459.318
477.119
460.285
455.817
576.619
458.089
469.050
461.115
465.576
456.851
5.303
453.566
474.596
446.684
454.116
450.181
460.060
477.471
426.984
420.959
443.901
514.713
683.233
545.239
420.569
525.396
411.102
394.315
391.121
416.352
404.587
0.459
392.424
396.344
396.903
405.689
404.383
390.388
389.578
391.449
389.911
379.673
0.905
382.943
382.976
384.863
381.865
380.204
378.120
410.745
402.857
390.907
2403.513
457.660
446.993
469.828
446.881
2414.484
481.406
2413.686
573.968
498.403
486.812
489.046
3281.687
495.982
568.838
526.631
503.331
503.520
505.855
513.462
519.980
514.060
3488.175
622.158
573.162
577.061
5.505
866.276
566.646
558.905
551.551
579.374
564.124
565.914
565.495
621.157
579.135
2.269
577.549
596.491
567.565
567.581
573.170
568.283
561.183
3.131
579.117
557.221
553.705
554.570
573.505
573.948
595.212
1.460
578.015
1.305
578.690
567.117
3845.394
684.074
640.547
626.819
640.097
652.464
661.112
648.896
637.226
628.835
4.662
621.551
613.412
330.804
251.844
239.777
226.346
225.958
240.848
230.109
233.910
223.895
222.495
221.601
225.077
227.020
244.935
260.198
256.848
252.325
235.777
233.093
229.977
231.973
227.936
226.418
227.830
241.833
232.804
236.228
233.483
234.514
252.568
250.366
254.018
246.576
249.923
244.909
245.176
244.387
230.768
247.571
258.560
248.857
243.833
454.669
238.896
238.462
264.746
1102.363
238.924
231.699
582.045
230.693
232.518
231.227
235.799
229.574
228.541
257.892
248.203
253.954
251.122
263.251
278.414
276.147
275.660
277.483
275.927
279.013
277.167
276.641
268.194
264.316
261.746
262.625
261.547
261.577
261.802
269.137
266.436
259.092
250.392
248.605
250.165
249.943
252.192
257.338
252.601
253.565
260.371
253.725
262.193
263.035
264.731
268.993
272.955
258.772
264.668
262.759
255.497
260.402
264.266
264.477
264.098
265.634
266.980
273.033
263.224
257.275
248.296
248.204
252.826
243.946
242.723
246.418
263.169
0.397
240.245
239.741
244.600
0.586
243.841
236.085
241.696
233.610
231.962
231.692
291.377
244.721
245.324
241.891
268.351
275.520
1421.427
300.473
300.164
304.164
284.925
296.207
308.030
299.829
301.835
0.987
305.802
328.942
315.671
297.618
296.166
308.888
289.942
284.952
281.095
286.854
281.074
283.710
279.388
1414.872
287.821
307.358
1219.856
280.465
277.539
290.435
283.941
279.235
283.750
2.039
281.731
299.336
611.955
298.235
290.481
298.381
293.662
292.434
291.692
288.448
302.222
300.062
295.383
308.708
308.461
304.337
309.109
302.105
322.450
318.706
314.803
315.707
320.121
318.303
320.178
313.213
314.382
316.555
297.674
294.772
297.165
314.816
294.864
293.755
470.589
298.111
302.147
303.142
298.920
299.660
0.901
295.474
296.809
299.397
297.776
299.892
316.444
300.931
304.652
1748.217
329.042
341.185
342.647
346.205
337.318
344.117
350.433
345.439
347.244
349.534
331.496
335.683
335.747
357.447
345.829
345.034
355.182
339.952
340.274
342.361
357.449
356.914
361.073
358.923
356.952
364.997
361.462
388.931
364.267
373.589
376.814
385.382
375.606
360.902
1518.709
391.747
368.323
1962.605
367.574
406.817
399.495
388.154
388.622
387.614
387.482
396.259
371.209
376.996
370.792
389.660
377.753
376.406
379.182
380.440
386.238
378.678
379.949
385.417
383.496
375.517
371.894
374.162
388.619
383.070
386.469
386.664
387.895
388.215
387.693
383.268
388.059
395.867
392.926
402.720
403.232
720.859
396.129
390.157
366.670
368.656
384.841
398.617
401.681
391.781
392.766
397.651
412.498
393.602
391.417
388.896
394.781
402.702
402.062
595.007
409.661
404.855
402.225
396.737
380.188
381.781
396.772
371.964
375.476
374.647
380.256
373.789
384.358
373.069
388.163
389.234
411.924
396.689
385.657
383.036
384.460
369.096
373.920
376.892
374.277
380.792
0.155
393.802
377.173
377.072
385.059
392.418
380.044
364.778
368.990
372.051
367.971
367.953
374.099
1.471
388.075
2378.191
432.026
418.037
415.349
973.536
423.669
466.312
442.362
431.909
424.959
414.437
424.460
424.594
417.269
414.884
442.386
453.600
444.020
0.390
453.322
452.516
449.131
449.241
459.470
424.609
427.037
433.759
431.982
433.192
434.800
427.079
1239.300
429.302
441.875
433.682
438.816
474.122
502.913
463.828
458.468
446.604
445.562
446.971
442.567
439.700
457.669
464.498
1266.150
447.714
457.922
456.122
454.799
463.404
464.050
473.679
477.074
2757.994
504.203
468.712
469.680
458.164
466.114
453.120
463.115
453.707
484.906
483.248
468.748
485.224
487.044
493.987
497.943
500.571
522.081
500.740
501.522
505.243
502.776
501.158
489.823
482.259
462.052
467.955
1241.410
1906.353
547.781
562.826
532.908
510.337
518.855
525.473
508.311
1004.993
502.809
519.212
508.863
518.832
510.225
515.494
569.890
532.227
531.488
533.672
541.407
532.106
542.837
530.315
500.253
499.036
508.432
500.023
501.488
535.942
503.309
520.938
526.859
529.570
546.069
910.291
547.918
557.245
579.032
582.520
587.699
0.196
587.312
573.924
568.413
581.143
566.423
559.396
568.247
290.421
252.153
255.423
271.515
267.125
259.608
257.924
253.788
261.927
263.692
271.666
271.399
275.366
282.709
279.461
293.067
287.731
274.486
277.465
269.934
269.420
301.089
271.822
311.622
284.380
277.558
289.196
291.301
282.019
286.099
274.483
284.772
274.793
296.559
284.491
289.567
293.021
291.331
336.226
311.745
311.229
283.930
268.462
266.010
269.935
267.056
261.791
270.231
291.857
278.527
280.519
288.267
0.168
299.153
321.319
300.641
302.031
300.273
294.479
313.008
304.949
344.173
338.593
343.257
396.600
317.888
283.939
295.826
283.151
325.980
337.383
349.311
349.394
346.368
361.131
346.399
333.308
317.154
306.752
307.252
317.999
356.463
311.566
300.071
303.021
318.725
311.142
320.043
310.487
312.084
332.354
303.359
302.953
289.199
283.369
310.681
342.808
341.174
350.674
309.044
313.276
323.623
311.903
328.470
322.641
333.027
320.682
305.820
275.738
277.544
283.138
286.160
284.737
288.944
306.202
306.628
303.157
375.782
288.151
296.288
298.276
300.658
314.285
326.625
375.552
365.724
379.013
374.848
331.404
324.078
313.405
305.771
318.210
320.806
371.043
348.044
336.686
355.548
361.360
361.372
356.395
320.670
316.387
318.573
329.147
320.674
321.594
323.627
316.413
322.778
358.058
341.978
359.727
327.202
322.336
315.495
319.193
319.959
343.949
337.747
331.301
332.561
326.137
333.139
389.375
394.330
379.035
365.173
364.806
378.205
373.114
367.799
366.999
362.730
351.851
295.436
319.841
299.401
297.077
290.812
299.692
347.651
357.730
377.725
359.269
342.688
344.522
373.990
364.972
362.709
334.661
347.541
336.702
353.195
335.285
362.124
360.313
315.401
305.511
326.376
303.567
335.098
328.784
336.969
324.135
344.108
342.597
330.247
345.403
328.132
363.803
340.530
327.547
359.356
356.202
365.904
365.160
384.621
399.629
381.318
383.442
371.015
370.967
371.750
374.134
353.668
373.765
389.125
393.530
621.500
663.012
722.287
795.865
763.918
747.926
765.338
763.286
770.775
689.894
699.013
652.559
615.125
586.092
595.755
602.850
699.383
705.224
706.230
639.790
622.026
617.497
618.564
594.784
614.580
583.912
609.707
629.922
653.985
635.582
626.283
648.474
0.262
679.243
648.681
674.448
679.889
687.487
694.395
710.586
674.489
716.708
675.369
621.489
656.132
635.038
613.191
644.597
624.401
626.802
574.199
584.554
572.078
571.279
574.258
573.410
701.353
724.261
701.929
711.626
727.091
724.122
682.801
670.697
686.293
695.563
717.428
696.586
682.372
700.176
703.196
694.931
694.897
654.044
644.537
652.243
634.727
617.721
635.541
655.251
631.738
636.165
687.317
641.619
597.479
668.880
641.325
661.443
657.253
679.665
741.879
732.453
737.940
736.630
749.535
741.988
747.768
757.197
686.418
685.746
781.223
650.947
664.383
675.152
651.297
675.388
670.889
728.530
755.441
774.487
667.210
700.552
699.147
691.780
753.793
697.597
713.115
638.495
683.787
656.515
665.706
710.125
681.241
686.864
655.733
737.143
726.172
698.013
769.297
722.429
722.319
713.567
706.560
680.674
661.438
708.748
690.509
717.411
707.035
698.263
752.035
676.316
644.202
625.498
570.049
660.475
657.044
671.104
612.190
654.320
619.780
629.659
594.467
596.532
519.184
519.453
482.697
495.603
501.643
562.420
524.578
543.506
532.107
585.082
686.900
672.814
696.937
696.406
694.543
660.422
669.881
673.882
683.283
717.605
686.734
680.437
740.229
717.826
677.039
664.659
689.500
673.846
669.930
679.678
653.278
647.774
692.634
648.244
651.315
639.057
0.294
0.187
610.221
603.015
629.145
587.594
650.651
649.790
646.747
598.309
606.313
702.318
636.783
716.767
667.989
687.487
685.862
638.128
652.976
682.440
640.190
617.451
612.729
617.534
623.668
652.822
653.299
664.925
639.981
636.074
606.138
608.971
595.091
622.376
617.590
528.959
508.063
527.868
527.596
540.116
553.473
546.685
555.301
497.613
564.203
509.840
548.751
501.093
541.917
559.665
567.943
575.576
557.246
583.425
583.351
565.272
578.583
697.714
532.154
504.997
541.653
573.836
557.383
560.268
563.968
618.310
596.241
524.811
549.662
529.514
532.275
529.453
546.549
547.309
564.298
561.401
542.337
536.996
537.893
562.293
594.327
560.834
545.406
558.702
586.525
595.931
611.793
623.568
600.941
599.259
596.888
573.833
550.699
572.010
550.379
590.664
589.489
601.475
595.447
586.780
482.823
514.136
481.864
463.141
464.208
444.669
447.329
444.048
446.292
441.040
454.783
450.054
448.519
465.445
431.627
441.660
441.273
0.318
443.990
482.957
470.277
460.094
456.067
441.382
444.331
431.205
424.707
503.543
595.842
560.056
560.543
567.527
569.234
603.537
599.133
592.416
616.445
592.903
578.364
588.154
573.938
625.502
588.114
581.780
635.767
621.169
633.511
688.569
622.958
603.828
682.928
613.231
521.745
538.533
515.806
534.473
559.028
550.532
530.742
548.325
546.729
573.228
572.977
566.125
552.376
574.500
556.635
590.063
549.985
562.285
608.618
614.522
625.086
674.064
706.812
692.314
642.324
615.988
652.797
623.583
665.840
625.786
635.152
567.169
588.730
611.444
595.216
598.776
623.213
592.346
571.532
561.716
561.502
544.324
525.322
513.612
502.476
493.446
538.005
564.202
546.963
539.852
583.239
564.259
574.192
542.993
533.013
541.072
540.776
543.746
525.005
530.866
554.986
530.465
529.861
527.715
555.119
535.027
518.538
547.518
541.786
564.324
549.427
565.729
626.935
515.367
486.999
481.868
452.714
452.663
507.926
495.576
495.948
505.488
486.460
525.862
516.277
518.717
550.128
528.230
531.014
528.824
513.350
504.437
421.243
416.539
417.659
444.664
428.970
435.581
433.473
427.903
413.215
425.438
377.479
354.585
373.635
393.969
389.790
379.517
387.550
369.095
398.281
385.707
385.177
386.651
395.404
387.079
372.830
419.468
388.821
383.997
365.929
405.704
388.036
391.456
413.607
390.706
397.277
402.765
403.363
451.768
463.747
477.327
466.708
457.738
439.019
445.018
451.581
474.103
465.406
468.081
462.708
468.359
455.609
455.408
468.159
432.322
424.027
451.712
620.424
443.829
426.094
418.884
444.840
446.551
451.304
460.972
442.892
446.821
449.584
442.984
443.680
508.925
472.691
467.436
469.041
484.485
498.055
495.672
488.002
497.863
513.824
506.200
475.218
484.678
439.040
446.748
464.248
469.842
507.733
502.308
476.469
515.810
494.029
487.240
493.882
497.261
531.472
529.710
534.576
550.947
563.260
540.510
555.897
552.549
570.726
546.402
567.488
563.423
563.393
656.259
625.621
652.229
615.422
636.560
619.913
600.695
584.086
596.945
565.545
570.968
624.412
557.953
607.427
595.023
615.036
603.253
617.677
578.746
574.375
585.456
600.099
581.698
592.684
569.428
568.507
564.145
541.599
555.625
546.401
553.327
569.104
565.002
558.755
545.858
573.334
548.706
584.791
555.108
553.630
554.241
5.945
552.322
558.140
567.205
592.925
574.350
616.257
583.550
548.820
499.167
562.698
601.493
545.909
568.275
541.379
589.242
593.478
604.849
609.438
612.140
593.791
606.969
577.421
601.522
606.387
5.703
606.169
599.183
602.352
615.520
605.895
630.446
590.242
606.728
586.303
623.367
537.585
559.106
518.876
528.468
546.067
552.622
515.969
517.274
536.721
536.777
546.529
514.943
528.572
503.356
527.231
514.595
522.263
716.860
470.372
444.559
432.922
488.482
444.965
457.468
464.050
456.327
449.668
475.561
512.940
477.757
482.027
489.503
510.159
551.405
534.079
551.357
535.562
546.714
2.432
529.571
568.935
749.460
488.766
475.341
534.046
511.472
505.390
466.089
446.079
494.583
478.364
495.742
476.818
472.988
450.566
525.732
490.256
438.603
455.844
453.876
460.462
443.781
481.377
461.234
457.485
460.080
458.694
469.534
473.957
504.284
527.191
518.541
526.255
511.371
497.685
534.688
525.860
556.756
580.517
585.826
561.487
561.921
563.571
555.182
552.809
561.029
561.433
570.578
636.992
565.089
562.917
582.669
598.023
545.028
607.830
592.960
605.245
608.249
643.782
602.125
612.044
616.448
582.706
598.384
624.908
559.433
556.086
536.265
525.562
544.207
556.010
517.556
590.315
585.564
575.097
542.521
568.591
548.449
580.537
552.783
567.644
558.550
563.499
630.991
632.038
632.752
625.580
629.060
594.876
648.597
604.611
602.724
616.051
529.852
530.426
531.776
601.202
585.073
601.505
610.692
607.660
625.334
640.312
661.733
647.032
555.662
753.737
533.249
543.516
565.529
595.961
618.373
625.910
616.327
651.557
629.773
636.831
644.746
610.871
607.215
592.565
600.926
608.262
663.879
634.412
662.358
612.494
629.438
633.743
613.799
615.650
606.588
586.458
596.364
570.266
616.677
593.782
583.897
607.736
611.986
604.236
608.505
635.323
652.687
640.399
662.500
678.749
651.418
656.475
686.133
652.196
707.671
652.083
638.780
634.010
662.038
635.220
665.581
652.397
661.698
669.599
667.734
649.946
663.632
656.799
613.246
676.367
686.757
620.724
631.128
619.481
620.941
592.216
611.806
606.428
622.823
589.975
0.869
595.682
665.877
743.719
670.377
682.396
613.068
567.299
585.218
629.876
647.685
657.855
652.632
627.433
598.760
706.088
684.505
670.581
657.960
635.462
630.162
640.488
688.522
653.607
659.851
648.574
682.619
648.857
645.403
674.355
656.491
691.754
668.735
653.748
706.144
678.296
677.638
695.714
679.861
673.848
640.001
614.662
603.478
639.598
652.172
644.392
657.769
666.951
693.028
718.695
715.745
724.039
740.730
700.984
715.804
693.887
705.953
683.616
687.448
695.433
714.438
687.996
691.989
670.582
660.242
673.746
721.445
709.653
679.938
667.015
691.540
663.500
639.086
612.454
646.592
625.958
620.672
690.040
684.170
661.167
657.085
662.531
609.953
603.133
593.417
612.417
663.675
616.255
648.653
664.892
674.520
667.094
711.526
656.945
684.106
634.613
682.238
670.057
691.735
618.870
604.017
636.191
698.449
675.897
728.588
754.618
733.517
744.489
735.741
717.704
680.248
668.120
698.692
688.736
680.936
707.437
726.764
717.582
718.657
712.447
675.658
725.743
742.816
762.989
727.826
683.557
947.232
596.107
571.330
593.492
582.260
563.929
574.185
576.306
575.135
552.850
649.962
796.867
783.618
760.934
742.618
727.559
732.478
730.466
762.256
768.606
761.861
757.808
736.570
737.983
788.783
800.860
730.846
731.503
727.709
728.315
699.692
696.014
747.149
735.066
727.574
722.666
705.090
720.650
712.772
800.484
769.859
755.391
745.093
798.904
788.959
781.185
765.183
764.177
780.268
834.611
804.743
792.624
787.570
782.215
776.344
774.541
731.611
784.230
775.872
758.702
797.441
785.172
756.216
761.904
756.301
767.193
762.032
746.244
790.376
802.865
799.069
793.913
757.754
793.035
755.853
736.379
728.214
749.129
769.625
755.639
746.852
727.884
746.484
722.686
742.499
732.922
747.662
737.984
728.194
755.056
770.247
742.802
722.390
719.807
722.606
706.545
728.641
707.524
752.611
739.046
705.460
693.810
701.812
714.761
726.616
713.962
697.026
692.610
695.691
701.398
776.516
763.990
784.101
697.969
725.389
708.367
718.775
715.963
699.679
699.804
703.247
704.140
735.292
711.564
759.916
726.913
751.828
662.680
738.935
725.800
711.664
726.157
751.153
790.417
762.562
753.509
764.884
756.918
749.267
797.380
766.604
766.009
725.905
747.194
724.080
733.666
736.760
753.536
747.091
761.542
1.223
756.139
759.941
772.656
744.240
757.490
726.099
783.692
783.301
804.388
826.676
825.553
851.357
836.307
868.738
858.603
817.352
805.324
795.327
829.501
818.754
1113.579
911.167
877.282
838.656
862.893
830.170
879.590
827.543
874.361
869.201
859.434
831.559
754.452
966.049
925.082
883.228
866.151
887.293
883.189
885.826
897.435
942.602
960.139
995.950
1032.185
982.654
1037.219
1084.840
1016.548
946.236
994.016
1041.577
1083.044
1068.602
1078.022
1054.040
1057.574
1068.155
999.007
992.618
989.468
985.020
991.180
994.665
1015.176
973.100
1025.326
1060.945
1014.209
1009.476
941.085
863.635
858.948
871.931
847.753
891.594
942.850
915.202
907.673
921.803
909.271
908.274
882.772
882.022
1148.122
1444.830
1586.495
1685.790
1772.942
1885.380
1970.093
1895.464
1966.488
1987.078
1982.290
1906.259
1847.564
1810.980
1701.102
1885.128
1649.972
1629.127
1604.903
1568.510
1700.633
1717.414
1567.463
1538.960
1539.416
1521.426
1446.514
1406.414
1353.952
1484.773
1480.173
1511.159
1469.782
1458.164
1523.658
1553.246
1574.840
1507.967
1496.111
1438.889
1352.368
1293.786
1395.476
1348.900
1338.812
1383.904
1407.250
1376.253
1368.065
1346.939
1356.067
1232.918
1207.284
1253.985
1251.057
1264.389
1157.972
1204.704
1245.180
1314.347
1294.729
1305.581
1196.464
1289.507
1240.610
1156.611
1144.929
1283.166
1313.944
1218.778
1132.633
1205.565
1115.514
1113.472
1109.665
1160.365
1128.243
1117.815
1092.512
1048.491
1079.292
1015.180
932.550
935.900
896.648
918.270
887.996
904.276
886.395
954.721
939.927
895.746
871.404
857.400
852.598
2.736
909.884
904.702
903.936
877.248
886.339
827.349
811.827
816.352
836.605
838.283
826.808
821.186
834.162
861.485
820.385
841.273
841.194
811.030
823.545
870.569
899.360
902.804
901.431
888.087
882.489
879.319
901.048
921.855
964.467
959.418
941.690
871.180
895.122
867.923
876.861
873.815
883.721
