0.264
0.212
0.197
0.140
0.100
0.106
0.093
0.117
0.237
0.231
0.267
0.254
0.255
0.260
0.266
0.350
0.256
0.291
0.281
0.282
0.286
0.297
0.312
0.329
0.611
0.319
0.379
0.370
0.372
0.375
0.400
0.619
0.539
0.420
0.551
0.504
0.433
0.436
0.453
0.742
0.474
0.473
0.468
0.652
0.610
0.503
0.490
0.761
0.502
0.878
0.955
1.931
1.774
3.139
3.174
3.032
3.257
3.355
3.060
3.702
3.163
3.322
3.653
3.966
4.093
3.632
3.128
3.560
3.134
3.628
3.110
3.352
3.178
3.441
3.131
3.466
3.640
3.227
3.805
3.237
3.474
3.836
3.298
4.507
5.147
4.312
5.774
5.759
5.983
5.844
6.256
5.563
5.920
5.879
7.815
6.898
7.307
7.268
7.619
8.167
6.955
7.342
7.306
7.329
7.768
7.942
7.023
10.745
10.968
13.498
15.242
13.837
13.375
13.242
13.472
13.319
13.455
13.373
17.232
17.109
17.252
17.176
18.144
17.864
17.115
17.145
17.910
17.138
17.163
17.956
17.017
17.084
17.828
17.458
17.271
19.350
19.459
19.157
19.616
18.802
19.604
19.782
20.985
19.846
21.130
19.987
19.941
20.602
19.910
19.924
20.443
19.978
19.912
20.802
19.948
20.327
24.627
24.603
25.128
25.660
25.752
24.740
24.177
25.370
26.047
25.787
25.765
25.863
26.275
25.520
25.674
24.440
25.898
24.898
26.230
26.037
25.851
25.313
24.438
25.980
26.326
25.331
29.912
38.581
37.730
40.619
42.026
42.041
40.584
42.001
40.851
50.251
50.036
48.009
50.070
48.256
49.745
49.892
50.040
50.184
50.120
48.303
49.934
49.191
50.067
50.696
56.050
58.409
57.893
55.912
57.793
64.833
63.650
62.503
62.323
64.006
64.060
63.928
64.272
63.926
96.719
95.408
95.408
95.893
96.202
96.038
95.665
94.592
95.971
100.843
102.415
100.647
101.127
101.207
100.635
101.003
101.100
100.856
101.703
101.398
101.399
100.784
101.256
101.130
99.981
102.055
101.270
99.975
101.720
102.571
101.410
100.608
109.127
108.561
108.298
105.713
108.783
108.106
119.001
120.040
118.836
119.888
119.420
119.401
119.537
119.693
119.385
122.240
119.379
119.525
158.732
147.537
147.406
147.854
150.535
147.973
147.839
148.650
148.074
147.677
151.459
147.504
148.449
147.934
148.977
147.796
148.833
151.710
148.059
148.537
147.999
147.726
148.652
147.880
151.240
148.682
149.007
148.308
149.372
148.302
151.679
149.557
148.410
128.857
129.670
129.575
128.914
128.910
133.398
128.652
130.635
129.278
129.261
128.820
129.009
166.276
163.251
161.842
162.889
162.321
162.798
166.328
162.493
163.151
163.939
162.251
162.537
168.317
162.381
162.231
163.124
162.913
162.117
166.811
162.567
163.448
165.721
162.784
162.379
164.228
167.496
162.881
163.449
163.099
162.766
164.685
163.912
162.439
164.160
162.863
162.598
163.085
163.407
168.272
164.199
163.147
133.887
135.700
133.139
133.725
133.700
138.356
134.425
134.548
133.535
133.826
133.573
134.226
133.800
139.553
133.898
133.912
144.584
146.930
146.351
146.160
146.482
151.506
146.053
146.911
145.253
145.266
143.372
145.771
150.149
144.924
150.227
148.731
151.029
149.759
150.648
150.898
176.553
171.918
170.619
169.020
236.442
238.850
232.588
234.097
231.728
232.911
238.399
232.178
233.981
233.186
233.534
241.365
234.687
235.057
234.650
240.000
236.216
236.296
233.896
236.478
243.094
235.079
235.755
235.138
235.727
242.567
264.093
271.660
274.756
286.648
278.213
275.598
275.898
286.496
271.076
269.034
320.581
322.888
314.758
314.202
321.173
313.536
312.431
313.342
320.095
315.391
311.940
318.671
311.050
311.375
310.961
318.036
311.394
310.663
317.696
311.622
310.751
310.193
318.043
310.362
325.308
331.742
325.399
325.403
325.319
332.875
324.989
325.521
332.820
325.373
379.146
411.040
403.875
348.805
355.568
348.911
349.991
356.510
352.573
349.234
355.769
349.213
349.464
349.425
349.268
348.918
424.995
421.503
418.867
422.365
413.059
413.900
420.964
423.462
431.141
430.981
410.708
411.826
429.291
425.084
431.180
423.128
512.143
507.292
511.091
503.541
509.303
501.967
501.146
508.004
501.164
508.691
500.139
507.424
500.405
508.800
508.358
514.984
559.126
575.645
544.218
550.829
551.200
551.263
544.080
543.207
550.624
543.757
551.592
543.223
778.393
778.501
778.334
773.764
778.945
779.160
777.747
805.071
812.771
799.488
807.805
807.570
844.580
841.955
822.448
817.133
816.838
806.294
812.620
823.214
847.962
839.374
853.182
889.756
902.517
857.766
860.452
857.394
855.737
851.787
843.964
850.634
846.868
847.040
839.415
844.105
846.382
846.444
836.569
843.701
844.708
980.272
977.199
1031.495
1036.131
1039.265
1039.080
1042.916
1050.116
1044.523
1051.119
1040.183
1055.549
1047.383
1058.699
1112.611
1127.978
1135.872
1130.413
1141.983
1122.963
1080.569
1076.456
1066.767
1063.361
1061.684
1055.453
1047.082
1055.865
1052.733
1051.907
1051.737
1051.843
1053.427
1050.341
1051.311
1080.729
1076.576
1050.783
1052.609
1048.952
1050.493
1084.528
1082.436
1085.236
1082.900
1105.165
1096.616
1099.495
1103.904
1151.772
1143.412
1138.023
1121.115
1111.057
1183.183
1200.367
1229.174
1221.386
1144.833
1137.508
1134.338
1130.581
1124.205
1123.770
1120.897
1120.394
1120.695
1119.017
1114.624
1114.507
1111.576
1110.196
1112.511
1110.173
1111.785
1110.113
1111.867
1113.299
1113.525
1115.957
1115.301
1114.475
1179.744
1199.801
1211.283
1243.104
1213.558
1167.345
1151.955
1139.282
1135.413
1132.342
1129.577
1129.573
1129.328
1127.961
1116.954
1113.932
1111.696
1109.784
1111.312
1121.068
1117.534
1108.146
1108.649
1127.367
1119.234
1117.733
1115.933
1117.369
1106.484
1108.504
1108.788
1105.357
1186.965
1164.694
1138.920
1135.080
1199.869
1229.914
1244.845
1243.719
1186.376
1156.773
1136.603
1138.492
1137.903
1136.076
1126.465
1124.580
1123.814
1122.991
1125.283
1121.149
1210.436
1210.146
1216.282
1208.953
1202.679
1203.620
1204.196
1204.268
1207.389
1203.680
1205.668
1253.836
1311.149
1315.793
1332.399
1363.151
1268.733
1242.462
1228.623
1228.690
1219.606
1219.162
1226.528
1218.728
1220.305
1218.548
1220.676
1217.999
1238.073
1240.175
1238.034
1232.355
1337.123
1334.793
1335.553
1336.619
1350.257
1335.810
1384.989
1387.822
1523.549
1478.883
1445.446
1483.014
1662.632
1667.530
1568.984
1538.724
1547.676
1535.649
1537.960
1528.216
1522.127
1530.403
1522.087
1518.812
1529.227
1518.421
1513.789
1521.250
1512.980
1523.463
1510.290
1510.143
321.907
373.329
401.124
407.122
388.729
392.017
396.672
403.881
424.665
388.222
358.306
354.101
343.876
341.393
349.567
336.669
336.954
345.100
335.293
336.500
402.223
396.528
395.399
403.681
393.630
394.449
402.966
394.007
394.282
394.725
397.119
401.239
392.241
392.746
399.031
380.027
380.590
386.849
377.087
382.247
379.176
377.374
388.756
377.979
381.247
386.708
378.374
378.920
386.878
378.106
428.796
435.832
525.012
545.167
485.141
469.704
474.509
530.829
533.215
523.926
455.398
454.168
438.833
441.229
447.687
438.691
445.808
440.226
436.760
444.208
436.415
444.565
433.001
435.469
442.507
434.783
442.871
432.940
443.636
437.004
435.144
443.094
434.383
442.457
435.387
435.350
448.582
448.755
512.732
617.577
577.363
553.890
546.944
537.613
513.405
510.643
550.167
528.830
526.661
512.056
520.524
512.390
511.601
501.905
516.435
501.506
507.513
502.114
508.955
516.419
499.125
504.264
486.369
493.118
485.413
493.659
484.348
486.876
493.229
484.871
494.906
485.916
492.249
531.854
608.460
639.072
600.237
579.358
577.430
627.850
637.383
603.702
582.286
635.763
619.864
585.251
582.522
573.738
578.268
574.453
578.681
567.788
576.520
571.827
576.584
567.692
578.232
571.223
574.269
577.513
568.908
566.953
574.802
573.869
564.504
575.562
612.720
593.954
586.641
585.227
697.992
686.638
654.652
768.478
780.652
690.734
673.260
667.069
669.431
656.599
661.511
651.911
661.257
660.646
650.023
658.939
652.337
658.718
658.206
648.385
655.741
652.574
656.687
654.043
727.305
755.094
711.177
674.250
671.055
680.655
696.204
673.863
686.411
766.721
747.379
702.138
674.545
675.028
668.719
675.454
674.568
668.572
673.497
664.218
671.374
670.786
667.362
668.591
669.322
662.162
667.272
663.835
690.352
686.024
719.998
716.781
721.285
716.937
780.417
744.351
686.663
687.190
678.422
669.486
679.100
680.098
668.646
675.767
673.855
674.949
671.268
664.337
674.552
671.678
661.986
669.868
660.255
667.755
666.199
709.017
715.081
679.734
676.117
709.724
774.257
744.049
768.112
759.057
708.902
689.455
678.489
684.266
680.427
673.289
679.298
676.383
668.637
674.884
671.041
675.667
673.249
664.018
670.595
670.877
668.158
676.159
693.354
724.820
735.501
800.831
744.357
767.657
708.372
760.110
759.015
755.676
745.110
754.842
753.334
746.227
752.098
750.778
753.666
738.185
749.369
750.419
737.700
751.384
744.010
738.388
782.279
872.673
801.006
767.638
770.217
815.891
798.267
804.604
804.052
766.888
754.034
762.684
761.654
751.703
753.001
752.751
753.775
743.467
791.077
787.997
782.181
786.796
786.366
787.519
844.678
818.529
875.204
897.365
872.696
950.435
856.704
822.089
807.869
803.901
792.598
797.068
4261.191
4271.594
4251.351
4253.417
4284.280
4417.755
4303.118
4378.228
4352.149
4279.305
4306.054
4290.727
4302.731
4252.262
4243.594
4323.411
4601.546
4353.816
4307.699
4289.649
4266.802
4269.662
4258.697
4264.356
4245.567
4261.207
4692.326
4465.580
4497.809
4415.854
4455.814
4337.701
4308.933
4321.036
4435.999
4391.209
4735.121
4525.224
4396.082
4345.234
4351.651
4324.930
4318.471
4775.189
4457.925
4491.444
4486.278
4369.530
4348.557
4348.977
4339.146
4331.353
4538.929
4716.718
4490.637
4378.027
4374.462
4367.265
4358.903
4439.390
4429.733
4422.643
4734.025
4569.613
4492.750
4459.107
4450.791
4443.458
4446.422
4466.749
4515.926
4478.407
4705.372
4528.417
4507.831
4500.278
4488.636
4478.988
4473.801
4873.892
4585.458
4525.961
4513.042
4493.535
4482.040
4491.587
4474.373
4528.646
4621.001
4852.804
4612.129
4558.388
4536.967
4514.057
4507.354
4502.080
4497.990
4490.041
4728.253
4784.702
4593.992
4528.775
4507.170
4541.996
4547.364
4522.645
4700.731
4560.544
4791.311
4661.629
4569.182
4553.041
4531.362
5090.990
5077.031
5605.250
5247.238
5182.209
5192.268
5109.389
5158.963
5113.876
5102.553
5145.657
5916.542
5531.335
5473.441
5436.150
5403.611
5396.260
5393.165
5381.449
5702.301
5724.122
5492.923
5489.031
5429.218
5410.398
5396.951
6150.665
5832.512
5971.544
5857.965
5783.963
5769.250
5779.066
5754.775
6188.125
5928.536
5839.745
5807.496
5774.320
5767.454
5758.437
5754.372
6302.676
5873.382
5822.357
5798.349
5791.706
5768.007
5949.688
6176.201
5915.065
5932.222
5870.236
5902.813
5767.698
6251.977
5964.564
5916.570
5873.717
5839.762
5820.331
5802.370
6111.681
6248.169
5892.382
5870.395
5830.455
5827.906
5697.714
5602.847
6083.451
5737.739
5673.651
5649.565
5941.271
6134.230
6245.910
6637.826
6257.474
6158.996
6110.634
6529.300
6993.647
6664.027
6581.239
6556.146
6529.721
6540.932
6885.016
6625.771
6547.291
6532.597
6514.677
6503.681
6484.753
6835.498
6585.058
6720.328
6725.141
6720.427
6744.296
6999.370
6819.612
6746.293
7315.682
7392.452
7825.871
7557.962
7433.474
7413.646
7408.605
7358.371
7701.884
7402.291
7349.636
7302.675
7270.857
7278.121
7361.409
7643.660
7451.941
7357.511
7320.432
7345.204
7335.153
7678.336
7460.063
7318.810
7316.860
7301.646
7682.901
7398.596
7321.988
7240.791
7216.227
7206.002
7694.918
7324.175
7282.889
7235.862
7213.808
7352.019
7686.259
7716.817
7515.199
7465.186
7429.868
7517.594
7462.977
7772.967
7710.161
7517.925
7488.314
7521.597
7933.939
7584.716
7513.622
7459.361
7436.829
7431.625
7902.913
7635.489
7487.857
7447.176
7668.203
7660.869
7659.776
8109.959
7966.673
7720.433
7672.060
7705.039
7851.080
7973.254
7965.597
359.962
339.638
318.487
321.371
321.317
305.421
301.238
312.194
301.905
296.923
337.165
323.726
604.754
493.225
396.133
403.885
368.994
353.416
349.955
346.727
341.833
330.899
329.022
338.603
327.852
330.528
330.587
342.702
330.168
331.108
339.148
327.643
334.488
342.006
329.307
502.085
496.710
698.489
523.428
433.728
402.717
360.745
354.694
342.060
335.611
342.512
338.994
339.243
342.561
335.286
334.266
345.290
329.725
354.077
398.868
415.552
416.726
461.895
674.866
484.734
410.819
385.965
361.933
355.670
359.019
352.621
352.889
362.320
359.550
350.719
362.633
354.836
354.062
360.599
414.135
512.371
513.171
399.626
391.883
373.948
444.434
433.136
443.577
427.800
420.453
387.292
369.005
364.177
373.600
362.976
358.476
369.878
369.969
364.928
363.588
361.465
466.947
432.011
408.168
443.042
399.036
435.992
486.633
458.030
402.575
381.950
387.650
369.659
368.621
374.138
361.545
359.442
362.274
364.944
374.402
364.215
360.741
479.476
471.998
447.602
405.198
376.450
394.960
377.415
387.125
395.965
472.532
446.200
391.628
375.379
422.155
418.826
419.782
408.149
409.766
417.273
411.488
438.879
485.357
456.661
472.401
459.727
467.624
476.173
530.993
460.037
457.856
426.636
420.929
415.348
417.688
421.852
415.755
408.711
417.946
409.413
433.098
548.910
546.490
479.478
452.220
441.113
452.449
460.682
476.748
532.849
467.451
452.199
438.179
440.686
421.146
423.852
432.165
237.192
232.776
243.489
280.978
322.858
295.806
300.166
278.073
292.074
343.638
324.457
323.731
291.749
273.778
257.722
265.251
264.420
255.906
266.391
266.505
261.059
254.665
260.292
256.740
261.740
287.063
382.669
370.394
346.235
313.786
276.512
293.326
286.674
286.527
342.211
319.269
282.465
279.676
281.198
271.650
279.035
267.817
272.579
254.649
259.492
335.980
366.341
380.853
355.595
342.157
319.360
304.843
308.110
289.408
285.210
271.938
270.371
270.437
264.780
268.390
262.424
286.533
275.055
272.222
273.079
274.561
398.589
393.161
392.656
347.021
326.459
336.453
327.942
356.137
310.470
297.729
300.229
288.651
284.252
297.134
282.411
290.117
277.506
280.177
305.463
365.419
384.400
352.069
336.497
304.512
313.758
316.243
297.697
290.635
288.226
278.595
288.079
280.476
294.957
280.812
273.982
293.194
278.155
292.010
408.996
362.708
331.596
345.182
306.370
303.080
329.476
320.778
380.854
374.833
344.607
334.480
338.979
322.341
322.920
330.876
330.732
318.399
328.923
358.100
391.170
387.761
375.039
372.302
365.129
381.975
382.508
359.438
337.341
350.966
334.386
338.730
328.368
319.827
332.516
323.050
322.741
334.230
410.653
433.101
388.031
384.692
376.285
352.888
360.498
370.778
420.017
369.552
348.915
340.385
337.576
326.873
330.559
336.836
335.502
326.069
394.804
375.577
404.419
370.743
363.097
432.740
419.524
375.642
353.954
346.965
354.764
347.753
343.948
345.208
336.648
327.636
336.076
348.817
432.162
449.448
396.316
392.336
353.647
354.773
368.137
371.203
421.482
357.100
335.181
355.648
355.843
353.963
356.535
350.265
375.810
350.746
451.955
424.231
407.719
410.616
380.800
444.824
410.602
365.733
363.273
351.375
345.057
348.783
343.108
338.171
362.887
370.247
371.740
363.345
480.340
495.181
435.326
425.833
396.173
399.219
392.088
496.775
438.621
420.770
401.984
385.752
382.765
367.018
361.721
360.876
410.917
488.469
468.030
459.870
441.441
450.220
464.177
438.841
406.023
392.748
388.150
385.351
378.390
382.753
382.901
374.840
382.125
454.249
516.367
504.390
470.214
435.223
439.790
431.714
511.697
446.944
425.197
399.191
393.625
399.223
387.976
381.692
390.480
484.631
490.691
457.739
462.169
490.169
509.687
459.690
432.468
410.559
389.796
398.623
390.783
402.300
389.299
388.696
412.344
519.256
495.339
469.603
463.356
427.719
437.727
461.624
500.126
439.776
425.415
401.124
404.154
401.404
390.598
404.024
385.437
494.451
457.822
464.275
458.177
496.373
541.843
477.617
468.984
451.282
450.976
434.748
450.130
428.461
428.003
396.806
471.797
543.277
518.580
465.020
443.648
449.600
455.852
537.266
515.620
495.356
456.741
471.471
463.970
467.636
451.775
546.179
552.610
569.655
534.138
506.414
597.546
580.597
522.407
487.416
467.405
464.941
455.116
450.789
447.144
456.993
549.863
643.566
554.659
533.654
498.186
505.922
513.790
543.945
484.380
486.087
467.902
475.823
453.436
507.411
519.849
680.276
623.086
598.153
601.210
594.064
629.620
548.810
541.918
541.999
545.634
530.341
524.954
515.301
577.442
735.240
694.901
656.406
622.940
613.682
618.050
621.510
585.440
553.518
537.339
532.389
521.953
535.217
536.791
695.385
695.589
646.871
638.512
676.542
720.186
625.143
594.878
562.951
551.110
545.554
529.310
532.802
714.731
784.569
769.373
707.173
642.775
659.334
641.737
624.733
578.795
572.740
568.542
556.670
552.732
546.519
811.987
823.727
742.620
675.194
726.528
648.804
610.269
610.321
583.016
591.902
568.699
550.675
570.428
766.663
831.913
728.444
664.576
662.242
690.888
688.420
641.460
610.107
579.903
582.264
560.381
641.883
807.117
745.819
729.868
689.382
707.327
666.295
629.426
580.044
580.356
567.495
565.728
555.500
582.864
764.821
766.002
718.357
674.637
666.869
796.170
721.210
657.373
617.694
614.606
577.846
587.172
722.607
758.424
715.009
681.273
751.901
753.886
671.853
624.334
606.597
595.193
607.072
596.874
787.372
834.692
795.653
733.342
690.842
711.402
724.053
686.194
634.110
603.850
608.069
609.660
635.996
918.405
818.589
766.266
719.052
717.126
663.263
626.789
620.181
596.154
600.835
587.435
592.076
822.257
850.281
746.061
679.878
721.349
747.216
691.985
653.392
616.440
621.639
597.844
595.334
845.874
833.903
850.610
799.657
855.771
814.934
762.256
729.127
710.744
693.476
685.301
725.567
973.839
933.901
835.255
823.612
802.487
800.466
741.113
719.975
715.100
696.976
693.479
938.039
894.065
851.411
778.774
842.019
779.912
755.443
720.523
755.964
747.593
858.016
966.279
853.827
793.007
808.606
895.103
796.076
746.510
724.260
720.707
696.590
704.929
904.968
878.475
822.566
927.115
808.184
760.625
723.560
702.690
712.126
687.883
827.291
948.000
883.175
810.817
802.699
820.770
772.852
740.903
715.633
701.381
702.547
851.913
1015.140
907.572
858.996
853.562
836.126
767.118
748.863
734.927
734.082
706.200
715.561
958.103
896.679
815.506
821.834
915.081
816.820
772.166
750.885
731.515
729.903
1000.778
905.679
854.422
801.193
786.163
750.837
748.842
733.803
739.114
732.388
875.348
1034.272
924.179
876.441
831.118
848.192
784.416
747.164
771.969
745.043
971.348
899.473
902.600
867.542
818.254
780.668
753.372
758.065
751.981
725.539
963.222
904.858
861.211
855.048
885.984
801.450
771.644
765.433
759.515
733.777
974.902
906.341
873.735
906.114
883.372
819.947
786.694
773.525
772.485
752.082
1021.912
917.151
848.174
869.654
880.328
822.499
796.221
780.934
767.911
1025.310
973.536
930.400
928.048
875.787
830.168
806.249
787.685
774.871
827.145
985.077
941.055
869.708
864.088
830.433
801.862
796.653
779.490
759.296
988.081
944.850
913.273
933.755
838.648
808.780
789.781
772.584
773.954
928.674
1002.851
871.679
853.756
935.347
859.868
826.932
800.087
769.959
815.000
1001.127
920.828
929.322
880.313
898.630
856.523
895.867
891.505
872.445
1116.529
1022.505
983.202
1009.453
959.745
924.408
865.010
873.972
950.998
1068.542
1017.783
949.983
931.232
898.471
877.384
875.304
855.396
852.638
995.805
973.696
963.440
1027.773
931.394
901.020
876.022
858.892
895.231
993.418
986.422
952.687
975.784
928.946
892.806
909.162
918.491
1015.098
1171.813
1027.345
1019.692
1022.280
982.420
922.720
884.853
868.587
962.758
1127.137
1024.023
972.786
926.199
898.846
884.873
875.947
872.724
1079.719
1052.057
966.641
985.186
953.874
912.790
891.490
891.927
887.992
1087.472
1021.778
993.850
947.893
928.680
908.483
900.753
878.402
973.576
1028.413
989.205
965.305
944.329
915.575
914.468
905.312
898.689
1116.595
1086.402
1066.164
1021.769
926.712
913.087
906.226
898.817
995.123
1077.664
1037.915
992.868
992.632
952.001
907.893
898.041
889.420
936.976
975.353
1000.676
1047.061
960.449
937.462
930.766
900.539
958.427
1087.135
1025.963
989.230
1088.323
980.301
925.472
904.114
898.389
1013.333
1085.859
1028.766
1070.759
1020.740
973.018
939.277
928.653
913.007
1070.314
1018.709
983.542
1027.537
1046.204
982.392
924.016
908.258
912.565
1030.006
1057.421
1117.210
1036.498
987.257
960.995
930.826
917.849
1086.689
1078.801
1006.265
1080.509
1052.244
984.661
936.895
905.397
1185.985
1153.054
1122.314
1057.363
985.365
946.706
918.192
914.563
1205.719
1096.879
1061.276
1028.100
1090.245
1005.604
931.107
923.167
990.687
1037.887
1030.420
1114.198
1002.540
965.569
945.561
927.024
918.965
1162.767
1127.042
1022.111
1114.963
1013.426
985.616
937.300
928.101
1147.658
1348.538
1416.721
1350.051
1254.747
1205.467
1234.325
1232.853
1459.116
1420.998
1291.557
1398.522
1348.117
1232.608
1168.640
1161.562
1259.835
1343.020
1430.476
1445.537
1348.187
1205.232
1189.451
1199.451
1592.638
1396.296
1298.603
1500.754
1349.433
1264.246
1215.557
1380.604
1468.778
1492.319
1439.481
1298.204
1237.913
1198.481
1192.312
1306.240
1550.513
1429.820
1431.944
1410.312
1328.110
1262.745
1203.877
1252.282
1514.045
1432.654
1615.763
1435.730
1278.064
1245.307
1192.149
1612.907
1661.870
1511.997
1440.624
1477.732
1346.329
1288.877
1243.195
1651.054
1535.718
1539.909
1408.372
1325.909
1330.668
1281.849
1266.231
1737.960
1623.791
1587.994
1657.121
1470.408
1348.348
1311.769
1685.087
1585.150
1593.964
1448.093
1336.000
1294.582
1262.859
1822.476
1745.284
1686.997
1556.652
1438.372
1350.572
1315.634
1295.373
1602.590
1631.522
1782.659
1598.159
1428.746
1352.228
1310.942
1855.356
1708.353
1513.867
1549.535
1393.223
1313.874
1286.805
1739.863
1854.750
1855.501
1608.870
1448.438
1378.980
1308.307
1321.786
1707.430
1526.425
1567.643
1630.410
1444.650
1352.037
1289.926
1656.237
1668.033
1729.733
1473.279
1367.087
1329.737
1290.546
1814.070
1670.115
1588.937
1614.942
1409.516
1318.863
1355.400
1801.076
1703.990
1590.327
1470.239
1384.095
1354.313
1595.776
1857.318
1632.702
1593.094
1621.829
1453.059
1382.835
1550.203
1748.549
1659.705
1646.286
1511.212
1464.808
1369.536
1509.683
1776.176
1642.946
1569.713
1644.765
1516.655
1450.120
1505.307
1747.974
1808.169
1706.772
1531.639
1409.317
1365.589
1440.369
1917.409
1607.719
1725.680
1542.701
1452.845
1469.420
1378.808
1632.994
1613.123
1572.938
1479.085
1478.556
1371.753
1566.093
1898.494
1618.537
1724.526
1552.620
1419.296
1364.468
1579.646
1709.222
1720.362
1519.453
1448.218
1357.765
1327.668
1621.017
1768.905
1585.795
1554.065
1440.440
1412.646
1424.118
1600.663
1723.054
1621.660
1426.540
1440.756
1458.710
1406.522
1540.194
1593.904
1528.672
1631.618
1527.378
1462.017
1418.910
1514.117
1589.209
1483.587
1355.376
1332.269
1303.186
1292.849
1709.003
1562.987
1566.715
1490.728
1411.923
1394.727
1391.849
1581.652
1563.611
1456.190
1437.676
1346.920
1407.659
1634.986
1612.081
1492.318
1468.357
1390.034
1427.281
1518.327
1815.482
1720.591
1580.900
1582.835
1566.714
1517.467
1843.919
1744.951
1690.134
1669.192
1549.936
1442.807
1822.407
1720.467
1792.732
1652.144
1565.172
1506.801
1897.745
1756.901
1830.906
1676.878
1555.368
1490.099
1831.546
1789.157
1767.587
1638.931
1601.402
1590.553
2006.665
1799.591
1815.908
1636.032
1622.014
1552.877
1862.410
1797.737
1730.778
1640.452
1577.801
1504.720
2016.856
1724.148
2008.240
1727.892
1669.423
1478.323
1905.138
1809.027
1794.061
1633.139
1531.698
1547.932
2066.076
1776.663
1885.476
1713.011
1664.091
2096.349
2060.697
1815.224
1681.199
1647.968
1659.704
1616.078
2060.081
1783.203
2064.813
1778.487
1621.194
1582.899
1916.639
1936.247
1867.444
1652.221
1572.466
1559.323
2136.266
1976.748
1882.127
1725.935
1665.691
1644.963
1927.341
1833.089
1814.848
1693.186
1708.240
1880.694
1963.671
1801.657
1788.101
1753.467
1665.365
2052.768
1902.124
1877.810
1681.388
1600.199
1577.267
1808.126
1974.501
1845.914
1714.502
1545.074
1565.112
1863.687
1922.701
1766.629
1584.379
1580.747
1588.542
1984.587
1683.913
1690.291
1587.673
1662.871
1633.682
1814.138
1806.119
1673.104
1654.408
1635.635
1653.689
1848.772
1758.534
1837.728
1735.596
1632.988
1769.209
1951.220
1884.112
1712.044
1598.542
1557.879
2038.895
1849.901
1753.663
1632.678
1576.928
1591.577
1914.296
1751.155
1749.597
1607.690
1611.716
1622.446
1918.960
1705.434
1721.039
1694.478
1667.121
2158.842
1801.092
1664.806
1731.316
1705.970
1607.437
2026.905
1817.339
1890.044
1738.193
1661.803
1919.304
1921.669
1850.326
1671.098
1629.294
1555.929
1937.742
1928.195
1820.880
1650.283
1552.409
2099.976
1978.300
1831.591
1648.472
1615.921
1703.726
2085.881
1881.634
1782.639
1676.348
1599.687
2070.610
1984.709
1787.312
1714.055
1732.621
2117.127
2185.902
1982.116
1967.483
1844.033
1676.385
2048.598
2031.689
1909.146
1764.762
1719.146
1710.252
2026.186
2015.498
1963.605
1796.435
1772.599
2149.279
2055.881
1840.178
1749.002
1834.006
2209.451
1987.166
1877.336
1841.857
1814.441
1804.626
2009.263
2219.471
1993.626
1889.890
1713.731
2071.896
1999.715
1948.846
1840.478
1729.953
2162.625
2186.614
1977.585
1764.401
1705.086
1795.607
2195.529
2058.478
2049.314
1937.610
1920.905
2218.374
2079.520
1886.297
1941.528
1906.497
2279.306
2023.080
2022.614
1942.756
1850.384
2182.983
2060.611
1969.200
1818.267
1767.973
2217.320
2035.155
1972.612
1872.793
1817.451
2314.363
2235.620
1974.736
1885.013
1779.494
2132.935
1982.553
2062.528
1873.666
1833.398
2400.842
2265.631
2113.120
1967.810
1822.843
2244.166
2131.913
2027.844
1883.210
1850.907
2254.296
2390.599
2117.198
1992.350
2259.552
2318.838
2201.654
2209.610
2033.697
2210.763
2470.389
2215.983
2066.307
2076.963
2029.837
2374.891
2250.288
2078.579
2045.589
1975.689
2356.077
2258.248
2124.573
2030.362
2042.031
2298.876
2248.229
2101.129
2020.701
2126.659
2287.271
2157.044
2077.865
2040.633
2017.258
2333.607
2288.494
2104.699
