0.267
0.260
0.201
0.355
0.749
1.002
1.438
2.125
2.576
2.194
2.214
2.218
2.267
5.374
5.680
5.571
5.591
5.960
6.121
6.274
6.527
5.599
6.039
6.449
7.875
6.674
7.372
9.720
9.549
9.488
9.480
9.895
10.526
14.761
12.198
8.681
9.914
9.884
10.226
11.863
10.461
10.640
10.629
14.989
17.580
23.390
23.394
26.199
22.828
23.711
24.527
25.711
30.014
31.975
39.858
28.724
29.147
39.107
34.255
37.269
39.496
37.101
36.576
37.178
33.433
40.322
38.122
42.873
39.123
36.991
43.694
38.431
45.980
38.975
37.170
39.673
43.181
45.407
48.045
42.445
46.508
43.784
46.398
44.678
46.854
45.021
47.693
50.495
53.841
55.470
55.944
52.538
55.768
56.500
74.295
76.742
75.240
97.440
106.454
108.753
115.338
120.230
112.528
118.710
119.925
123.550
135.482
140.403
141.351
148.227
149.916
155.845
174.809
193.806
200.243
208.102
201.720
225.601
228.716
240.719
231.215
231.019
231.012
232.751
248.127
245.577
255.533
245.857
249.318
262.456
269.651
242.219
231.462
263.216
269.198
259.826
266.694
288.364
284.445
356.901
374.252
380.077
380.369
375.925
376.604
378.217
418.268
469.642
578.304
596.485
592.330
534.333
518.057
535.019
557.576
547.575
558.715
546.414
546.293
567.403
505.824
541.665
544.749
536.563
540.197
580.687
602.531
595.034
605.503
609.751
622.742
647.537
598.931
579.036
563.988
573.517
583.058
596.352
594.273
606.466
622.449
658.662
789.991
801.906
696.170
757.669
753.471
747.988
791.912
136.038
132.952
130.830
130.706
130.646
131.137
136.389
130.169
129.766
1253.299
1286.807
1144.857
1371.331
1457.302
1404.109
1311.620
1347.325
1251.682
1288.285
1484.402
1379.912
1327.815
1340.268
1325.693
1327.761
1335.035
1612.583
1583.214
1505.117
1368.604
1401.251
1503.838
1561.462
1779.117
1708.659
1744.937
1398.283
1352.256
1413.975
1658.964
1579.410
1518.379
1457.617
1459.094
1482.055
431.304
466.291
513.888
514.525
504.394
512.740
549.904
560.170
552.449
569.034
556.388
545.522
567.952
505.064
538.185
578.001
583.559
583.087
587.025
631.428
1898.522
1816.379
1715.704
1799.307
1814.623
1966.619
1945.646
1940.819
1895.970
1838.756
1987.983
2026.820
1953.692
1887.562
1896.286
2024.546
1998.037
2015.097
1962.149
1896.069
2047.503
2065.339
1990.095
1905.629
1916.670
2060.814
2005.667
2175.259
2194.453
2208.026
2518.560
2455.997
2698.938
2765.498
3069.110
3171.860
2955.853
3279.214
3111.574
2907.700
3525.855
3426.648
3035.012
3426.635
3107.052
3029.701
3471.309
3422.697
3191.838
3505.054
3359.969
3278.019
3642.605
3546.189
3303.524
3529.301
3508.956
3499.488
3471.995
3353.536
3610.318
3603.062
3442.299
4155.222
4271.350
3786.539
4004.183
3588.681
3982.427
4105.345
3853.837
4031.508
3611.509
3989.045
4199.865
3820.863
4008.871
3801.032
3994.617
4052.380
3976.431
4204.405
1329.431
1377.180
1410.504
1496.802
1665.765
1573.006
1548.518
1514.484
1796.944
2106.306
2535.537
2194.570
2030.243
2237.838
2429.067
2351.726
2278.259
2205.825
2415.644
2571.362
2363.383
2353.846
2718.409
2698.062
2607.901
2498.093
2976.506
2796.770
2677.725
2820.129
3149.353
3011.907
2860.852
2948.983
2830.874
2713.804
2915.015
3197.607
3022.016
3810.927
3680.389
374.725
367.601
372.755
363.703
406.106
644.145
680.749
626.779
592.775
642.401
454.552
419.693
403.144
416.254
396.462
387.152
390.454
392.860
386.776
389.071
386.658
374.552
380.372
367.008
368.274
368.361
374.213
396.554
396.596
395.577
395.938
484.618
472.107
515.462
545.709
535.889
515.531
508.391
508.578
495.941
511.792
508.894
485.035
487.103
483.865
498.980
484.208
483.759
490.750
482.060
482.962
485.685
502.337
550.523
585.929
575.860
576.565
544.371
551.707
538.607
543.715
551.358
544.333
615.840
678.452
521.237
513.496
513.404
699.650
912.001
1085.450
722.902
677.097
657.005
656.409
619.401
606.651
596.833
598.118
595.318
606.422
594.089
574.583
559.835
559.078
653.359
670.084
629.597
613.520
591.407
592.339
591.597
604.063
590.903
596.988
557.097
556.518
556.404
569.615
554.544
561.836
573.299
635.406
631.367
617.870
596.628
590.698
583.546
580.951
617.477
779.450
794.766
682.052
842.534
813.250
767.926
1061.084
1046.060
886.038
822.962
789.816
787.734
786.148
729.643
717.256
712.148
707.848
720.393
784.311
812.764
786.731
768.384
750.926
755.708
706.142
705.028
719.332
706.989
713.113
704.158
705.000
816.200
916.035
853.963
835.924
846.988
841.175
1027.370
949.663
854.838
837.379
850.406
922.001
1051.059
903.051
860.164
850.038
833.623
784.008
776.010
777.196
787.399
775.281
781.004
806.512
886.952
861.475
865.592
847.923
866.025
844.186
855.005
778.471
772.112
783.276
779.836
813.334
893.380
884.901
851.783
829.358
808.549
782.138
776.255
884.148
863.137
899.578
786.468
897.588
949.579
1108.906
895.611
867.944
863.219
869.154
789.973
784.322
777.257
787.819
808.113
917.160
916.496
943.993
937.397
844.299
774.508
784.955
781.446
797.646
854.272
851.906
959.399
1128.541
1089.335
1100.947
1097.133
1209.436
1089.161
1026.949
1079.476
1298.973
1239.847
1121.460
1115.360
1017.612
1007.436
1016.921
1005.138
1008.475
1104.782
1120.984
1046.015
1003.086
1010.947
997.953
1005.089
1000.392
1009.864
1003.427
1153.805
1154.937
1142.511
1105.988
1008.773
1003.624
1080.946
1139.900
1187.775
1320.741
1256.128
1280.419
1224.442
1177.286
1104.734
1096.101
1159.518
1312.022
1300.005
1273.244
1198.849
1142.111
1152.980
1148.354
1186.995
1361.939
1372.736
1297.174
1270.123
1263.295
1265.019
1257.493
1313.405
1535.702
1595.051
1465.480
1432.099
1479.414
1356.123
1422.344
1523.396
1468.379
1465.133
1457.749
1343.585
1497.795
1636.410
1620.926
1519.443
1495.194
1486.842
1481.362
1523.425
1599.010
1577.571
1575.760
1733.929
1912.513
1886.005
1960.003
1814.830
1573.179
1512.729
1500.486
1604.555
1715.653
366.087
363.819
383.791
365.862
364.020
364.094
374.575
364.454
367.057
365.260
337.964
332.503
346.304
332.810
333.111
332.148
341.695
331.749
331.845
332.966
351.832
389.609
389.353
374.092
369.131
377.247
370.334
395.077
412.559
419.081
456.603
353.964
342.740
341.109
413.848
399.617
493.816
350.895
344.405
355.755
340.667
341.244
340.634
347.783
341.147
340.859
399.749
394.035
387.198
391.254
366.896
374.386
381.160
372.560
372.426
373.050
371.326
371.038
384.345
371.027
370.417
384.065
408.591
409.316
409.933
408.713
492.294
491.375
493.155
472.160
504.606
491.897
505.754
518.830
487.811
475.392
551.170
516.747
403.073
394.659
404.618
391.784
391.859
394.161
403.091
393.312
395.447
394.076
393.524
407.286
393.444
405.379
468.459
447.400
417.061
415.552
414.002
429.264
413.419
413.733
420.737
399.701
453.658
456.395
466.847
471.474
469.016
430.300
435.169
466.892
448.431
432.405
442.519
457.701
474.042
474.951
463.528
453.945
452.748
453.790
465.715
451.567
444.243
427.779
427.407
428.936
426.757
440.358
427.124
428.201
436.294
428.729
428.857
495.905
486.305
544.593
515.947
519.279
466.892
494.800
493.896
475.691
485.564
459.507
464.270
457.866
455.674
442.006
475.825
487.062
475.578
474.162
481.016
472.713
488.115
554.813
569.818
532.375
573.669
549.810
552.089
612.312
600.173
579.971
604.344
612.836
625.969
629.448
615.332
589.528
636.049
725.249
657.442
656.987
621.844
629.012
619.939
635.487
630.052
619.692
613.238
582.749
585.768
583.163
597.052
584.691
626.191
693.546
686.134
670.106
649.448
680.446
603.564
593.796
607.013
618.157
622.839
610.000
643.835
722.508
729.475
826.888
874.392
824.846
788.709
776.066
783.539
790.807
796.059
736.487
746.446
738.222
736.537
790.389
915.927
867.622
881.151
880.796
815.727
749.302
812.478
781.875
835.479
838.526
830.602
971.946
985.918
912.184
828.792
840.204
833.846
828.351
827.990
840.258
827.074
827.943
910.566
1009.769
952.041
924.574
931.364
863.729
872.181
881.056
861.791
835.627
838.998
965.991
928.729
884.208
834.929
829.925
839.380
828.405
836.778
830.840
842.788
829.299
920.633
981.582
1005.172
975.818
963.410
890.841
962.864
941.580
895.123
851.643
855.175
990.506
990.600
1016.014
998.901
987.894
930.057
943.597
936.122
932.987
954.862
1120.526
1170.463
1098.171
1064.637
1003.432
1028.735
1027.477
991.969
922.421
1045.358
1038.074
1013.273
1011.636
999.296
1005.040
932.388
919.756
914.651
906.416
1038.032
1041.474
1022.819
1017.609
984.676
972.211
953.795
988.135
1004.499
980.330
1087.907
1063.866
1060.891
1050.072
1041.524
991.737
927.241
926.656
937.697
1015.189
1050.902
1043.401
959.114
930.989
966.611
983.816
956.727
961.064
988.391
1194.638
1141.223
1128.691
1123.899
1133.475
1167.967
1143.962
1133.785
1269.405
1342.804
1309.229
1305.701
1165.026
1159.160
1229.195
1260.251
1358.865
1356.506
1317.210
1268.718
1255.886
1176.251
1176.991
1169.026
1349.277
1322.018
1316.428
1219.676
1166.216
1160.628
1174.210
1253.312
1377.825
1279.426
1300.371
1314.139
1253.256
1181.245
1182.430
1240.955
1318.665
1328.843
1302.083
1191.532
1204.950
1198.076
1206.099
1260.086
1261.086
1269.768
1252.741
1234.101
1293.279
1231.993
1209.691
1397.806
1376.072
1371.608
1235.870
1199.486
1209.551
1205.277
1240.654
1412.193
1408.797
1406.337
1358.975
1323.090
1281.463
1268.394
1462.669
1398.583
1375.607
1229.740
1226.410
1220.239
1230.754
1341.299
1456.820
1308.825
1342.191
1363.826
1310.509
1344.423
1373.304
1459.316
1337.390
1244.039
1250.510
1234.449
1243.927
1245.682
1455.283
1367.757
1314.330
1317.484
1344.156
1283.653
1309.270
1452.455
1498.130
1439.568
1276.399
1237.641
1247.021
1243.432
1431.586
1573.671
1417.215
1408.986
1390.966
1338.968
1365.238
1586.546
1570.733
1569.688
1376.141
1344.546
1346.858
1335.977
1491.171
1464.958
1419.013
1423.719
1350.266
1324.524
1339.593
1670.866
1638.278
1532.426
1433.166
1419.243
1382.526
1505.508
1546.772
1511.051
1445.452
1380.991
1373.353
1365.720
1582.592
1670.050
1605.162
1435.187
1447.404
1401.692
1481.200
1595.697
1494.356
1401.077
1376.066
1383.766
1374.077
1539.689
1629.572
1599.528
1430.527
1429.614
1419.027
1474.761
1655.514
1537.122
1487.770
1442.296
1379.620
1379.723
1502.164
1523.144
1508.757
1421.245
1450.451
1397.650
1483.945
1532.851
1498.153
1471.633
1455.362
1384.778
1378.328
1501.285
1574.852
1479.854
1484.273
1416.059
1435.606
1439.549
1619.885
1529.666
1512.387
1505.600
1407.053
1627.865
1589.069
1421.713
1426.334
1495.411
1487.919
1442.789
1498.981
1653.813
1479.879
1417.965
1421.614
1413.374
1407.199
1542.222
1594.091
1552.291
1508.758
1468.058
1455.126
1483.289
1710.041
1616.315
1557.959
1469.396
1419.811
1414.947
1635.626
1646.112
1563.039
1425.006
1463.069
1480.149
1582.618
1749.075
1609.847
1629.919
1527.680
1514.884
1523.841
1621.489
1570.353
1446.375
1418.147
1480.691
1485.526
1709.026
1561.865
1518.022
1504.952
1422.572
1428.574
1558.712
1484.910
1426.166
1421.601
1424.405
1473.630
1501.274
1757.833
1577.142
1508.003
1498.809
1521.344
1504.690
1654.166
1557.811
1489.622
1423.319
1452.175
1483.938
1602.760
1728.124
1618.001
1578.391
1447.870
1433.468
1516.996
1636.471
1567.576
1461.375
1424.889
1496.250
1461.922
1766.929
1681.482
1584.862
1562.081
1487.942
1435.664
1662.930
1625.345
1515.678
1420.968
1432.540
1493.202
1631.223
1657.532
1579.974
1457.905
1460.936
1451.781
1520.849
1670.630
1588.941
1546.282
1547.705
1590.769
1561.117
1782.066
1717.134
1644.358
1567.654
1548.828
1586.490
1664.044
1590.352
1715.717
1717.218
1766.163
1945.273
2001.474
1926.822
1804.508
1691.416
1850.368
1990.247
1890.665
1696.806
1787.942
1811.700
2012.254
1704.292
1692.470
1698.614
1690.742
1908.141
1840.602
1738.748
1713.286
1719.514
1832.186
1909.022
1811.690
1807.225
1686.464
1704.957
1914.814
1865.991
1817.082
1880.545
1781.212
1960.650
1764.222
1695.274
1699.503
1691.572
1768.212
1988.179
1848.963
1703.538
1746.467
1756.908
2004.142
1835.216
1773.538
1701.230
1692.410
1820.658
1837.165
1832.329
1747.167
1750.116
1754.847
1984.959
1841.389
1793.739
1702.532
1699.117
1917.953
1901.808
1743.207
1770.651
1704.904
1838.152
1840.487
1789.782
1783.532
1695.346
1719.961
2069.750
1961.151
1860.205
1828.973
1701.920
1941.754
1850.735
1870.726
1749.841
1711.361
1922.394
2056.980
1925.094
1711.527
1745.058
1884.331
2008.628
1899.527
1852.039
1743.245
1915.262
2057.409
1928.002
1746.474
1739.249
1800.024
2052.816
1863.955
1832.350
1789.803
1765.534
2121.325
1996.033
1744.709
1744.820
1739.711
2013.635
1934.339
1869.897
1849.446
1811.138
2040.575
2044.075
1920.482
1887.799
1777.844
2024.180
1984.256
1964.381
1814.549
2100.856
2504.049
2353.173
2240.877
2135.254
2372.030
2478.163
2525.131
2315.993
2442.819
2348.736
2102.729
2112.473
2237.852
2335.451
2347.675
2254.227
2229.176
2504.631
2223.978
2103.954
2105.075
2476.835
2300.695
2272.290
2255.848
2432.608
2409.025
2173.774
2167.002
2333.770
2348.123
2328.221
2227.588
2316.093
2550.556
2461.116
2342.213
2252.033
2359.090
2317.234
2188.474
2198.565
2672.502
2352.710
2205.031
2198.703
2515.097
2392.638
2391.411
2195.033
2461.048
2454.227
2255.547
2241.450
2436.772
2412.545
2362.958
2202.599
2424.110
2408.763
2286.228
2229.665
2330.851
2389.697
2345.949
2343.148
2410.075
2459.261
2303.541
2247.709
2297.265
2459.420
2407.384
2275.015
2216.041
2461.853
2294.748
2283.536
2299.018
2477.498
2219.629
2205.996
2195.503
2458.633
2441.449
2284.764
2225.653
2476.937
2472.953
2279.006
2202.421
2333.620
2450.905
2273.882
2280.440
2348.611
2399.876
2279.793
2198.990
2248.666
2501.254
2400.718
2417.891
2302.401
2522.022
2446.852
2277.157
2217.265
2446.921
2352.125
2250.477
2311.216
2528.537
2441.326
2317.623
2215.806
2460.967
2353.449
2445.366
2296.901
2495.093
2443.959
2350.516
2219.911
2455.520
2413.971
2260.449
2304.488
2518.580
2471.092
2387.135
2223.456
2462.555
2477.890
2314.284
2233.685
2442.118
2376.572
2232.065
2212.057
2356.535
2565.912
2322.140
2300.496
2414.973
2435.613
2356.474
2347.128
2451.448
2480.695
2393.069
2251.521
2394.963
2484.400
2349.971
2253.340
2290.393
2538.376
2363.013
2324.574
2318.406
2538.059
2364.216
2453.723
2524.191
2827.460
2759.226
2631.583
2775.705
2521.712
2419.836
2423.951
2574.608
2550.376
2470.808
2548.224
2731.932
2552.353
2420.380
2533.532
2816.105
2771.849
2728.383
2854.375
2785.090
2611.300
2678.661
2916.838
2590.248
2639.443
3113.848
2965.446
2762.376
2911.063
3008.667
2750.867
2826.499
3227.744
2958.366
2726.769
3127.476
2860.052
2746.806
3014.858
3103.909
2862.218
2828.275
3119.804
2750.303
2749.339
3078.836
3044.826
2768.443
2965.641
2934.220
2720.260
2846.076
3022.913
2930.469
2734.908
3158.387
2937.384
3107.786
3414.264
3249.220
3181.907
3476.603
3246.021
3118.742
3472.503
3326.116
3165.204
3601.589
3335.172
3212.002
3458.807
3343.569
3229.653
3572.373
3178.809
3186.822
3230.278
3125.377
3190.970
3513.880
3201.482
3258.665
3587.363
3364.468
3465.603
3428.008
3345.191
3438.388
3473.681
3168.905
3455.567
3279.499
3176.385
3582.407
3133.556
3128.608
3554.781
3231.215
3160.011
3456.753
3275.721
3132.976
3550.405
3172.933
3122.735
3691.814
3550.564
3356.282
3491.573
3245.397
3396.014
3559.991
3385.159
3504.167
3260.988
3252.602
3536.846
3563.569
3333.869
3437.066
3259.283
3249.436
3606.891
3455.035
3571.819
3889.084
3471.950
3537.173
3629.778
3271.190
3683.110
3653.068
3273.770
3666.367
3473.026
3363.478
3651.457
3265.597
3560.548
3723.673
3323.708
3552.609
3372.264
3331.829
3500.586
3267.312
3262.607
3725.569
3321.212
3373.932
3777.447
3649.908
3702.066
3637.776
3406.196
3561.033
3369.725
3310.016
3645.477
3488.954
3425.636
3708.627
3409.648
3587.333
3585.889
3423.953
3638.989
3453.803
3340.510
3759.728
3481.203
3443.604
3760.237
3516.232
3748.158
3531.641
3281.099
3546.896
3576.699
3546.899
3615.930
3535.349
3456.139
3500.556
3342.620
3492.741
3530.437
3340.847
3590.198
3466.303
3256.039
3741.154
3604.246
3526.775
3574.293
3365.998
3431.177
3419.704
3323.718
3695.467
3611.100
3267.230
3565.009
3318.954
3373.070
3676.614
3416.761
3449.285
3588.375
3467.591
3512.579
3345.746
3280.127
3603.889
3279.024
3302.862
3829.410
3598.869
3566.643
3720.807
3251.987
3562.715
3810.186
3386.024
3720.057
3762.820
3875.850
3805.827
3474.032
3429.451
3409.327
3274.115
3586.190
3626.687
3340.119
3806.475
3700.527
3862.799
3852.202
3568.132
3773.592
3360.126
3288.988
3419.483
3280.951
3364.866
3654.996
3537.289
3485.814
3486.011
3271.804
3556.084
3530.342
3293.723
3552.960
3275.788
3272.962
3859.594
3383.597
3436.395
3580.037
3378.156
3492.622
3542.947
3375.437
3632.357
3493.985
3279.083
3630.399
3464.558
3541.657
3916.506
3532.152
3581.256
3417.409
3410.944
3811.164
3700.657
3471.464
3599.203
3386.258
3592.109
3787.648
3505.405
3697.731
3501.757
3400.172
3644.745
3469.331
3576.504
3565.604
3395.168
3638.442
3570.702
3466.410
3917.241
3660.860
3570.725
3763.590
3898.278
4118.242
3809.311
3877.008
4081.067
3809.142
4128.162
3831.433
3874.190
3982.120
4044.981
4295.250
4030.957
4027.659
4024.553
3822.513
3937.322
3999.202
4200.978
3923.789
3871.103
3928.341
3768.698
4256.502
3963.205
3862.967
3861.555
3721.671
4303.138
4020.050
4082.489
3846.882
3797.486
3946.259
3850.573
4177.023
4058.678
4219.447
4397.888
4349.642
4432.780
4141.151
4432.758
4261.055
4547.275
4429.419
4277.271
4299.711
4020.060
4585.016
4177.601
4479.779
3996.418
4329.080
4057.766
4191.605
4634.445
4264.465
4270.556
3950.572
4541.109
4208.160
4332.285
3975.207
4052.456
4325.476
4037.080
4397.425
3952.132
4481.397
4378.134
4349.586
4385.214
4191.612
4269.042
4080.223
4640.670
4423.268
4421.574
4097.895
4262.302
4395.133
4319.988
4836.244
4301.702
4430.578
4184.077
4707.035
4270.528
4509.939
4293.294
4465.959
4529.633
4524.873
4559.728
4494.821
4668.019
4387.812
4562.365
4264.885
4524.654
4237.491
4667.583
4358.334
4587.505
4424.441
4483.406
4883.962
5022.794
4973.519
4974.897
4625.560
5000.080
4841.454
4800.436
4555.088
4753.640
4852.513
4912.262
4758.481
4803.867
4905.237
4813.643
4761.934
4733.385
4584.635
4681.870
4828.951
4772.137
4935.551
4681.956
4850.388
4816.410
5048.666
4740.464
4950.867
4713.376
5101.715
4753.268
4747.262
4720.296
4972.192
4809.032
4902.172
4733.256
4859.109
4721.309
5022.192
4957.726
5079.801
4866.040
5092.080
5216.128
4794.354
4768.927
4653.424
5065.200
5111.855
4971.554
4749.323
5056.838
5003.992
5135.391
4683.016
4864.016
4644.839
5051.630
4826.795
5088.224
4891.128
5178.387
4806.800
5134.249
4742.937
5394.386
4921.411
5257.748
4894.286
5286.003
4822.507
5485.026
5106.284
5008.105
5064.910
5096.218
5218.978
4917.383
5212.553
5202.226
5152.705
4908.252
5497.721
5065.012
5398.675
4886.591
5321.254
5013.287
5200.343
5237.133
5108.965
5183.786
5186.085
5211.730
5113.161
5492.336
4898.831
5568.491
5225.407
5451.234
5361.382
5631.472
5391.607
5483.302
5489.185
5054.164
5497.067
5190.280
5639.343
5291.289
5251.923
5404.145
5258.451
5624.106
5046.969
5656.628
5375.529
5415.040
5380.283
5157.230
5510.385
5267.000
5676.362
5286.804
5735.158
5446.757
5703.998
5686.414
5324.400
5563.920
5166.657
5816.270
5321.132
5883.429
5522.072
5629.227
6108.643
5844.458
5630.004
5881.942
6094.301
6293.739
5853.294
6320.296
6388.905
5991.214
6211.847
6233.479
5987.058
6597.631
6214.295
5922.707
6293.862
6605.985
5923.067
6201.134
5945.954
6331.122
6248.100
5993.455
6212.049
6173.138
5997.498
6294.252
6106.959
6076.361
6220.705
5825.371
6362.850
6294.682
6101.166
6376.759
6099.862
6023.854
6312.000
5893.095
6072.212
6317.912
5969.641
6050.456
6100.125
6043.239
6409.683
6018.494
6264.617
6331.272
5884.800
6180.722
6205.822
5948.020
6186.129
6081.880
5974.235
6384.312
6024.477
6054.499
6267.725
6079.677
6188.721
6132.184
6158.814
6396.356
6101.533
6139.028
6307.086
5961.931
6269.232
6393.308
5918.331
6603.403
6365.543
6329.102
6513.908
6217.352
6200.759
6512.704
6755.786
6509.001
6573.885
6620.565
6504.937
6638.870
6606.182
6514.300
7214.531
7143.287
7095.920
7130.182
7139.420
7254.561
7157.183
7135.029
7924.042
7940.211
7720.623
7544.988
7857.799
8230.250
8393.440
8336.773
8350.503
8558.482
8324.144
8227.551
8723.743
8372.728
8239.681
8435.302
8231.376
8150.822
8660.842
8302.017
8047.441
8325.026
8321.341
8222.220
8019.466
8427.908
8462.369
8325.182
8335.262
8273.971
8255.240
8215.561
8445.856
8389.988
8577.398
8511.689
8261.790
8464.950
8223.337
8158.727
8302.448
8298.682
8331.974
8350.587
8064.207
8002.056
8295.795
8322.482
8319.363
8232.998
8232.892
8190.512
8327.249
8604.353
8377.997
8254.598
8361.806
8217.214
8057.158
8578.702
8502.131
8571.751
8601.236
8411.279
8360.730
8439.980
8577.679
8578.030
8903.231
8484.419
8684.355
8909.403
8589.841
8589.886
8805.028
8421.160
8549.235
8765.375
8659.696
8488.288
8689.571
8483.855
8494.189
8581.383
8744.057
8603.148
8556.111
8445.952
8465.628
8550.345
8423.728
8429.493
8596.441
8516.985
8441.362
8610.723
8605.865
8559.647
8775.298
8528.316
8409.583
8739.930
8617.947
8584.112
8723.566
8557.028
8666.872
8485.209
8613.753
8877.242
8702.168
8833.377
8638.583
8674.712
8621.598
8500.681
8641.796
8703.514
8431.888
8675.035
8507.424
8456.024
8664.169
8453.471
8508.176
8869.561
8708.682
8657.937
8807.404
8740.077
8640.140
8671.040
8550.539
8426.385
8767.187
8710.368
8542.286
8692.775
9596.785
9271.208
9395.326
9482.181
9480.545
9537.731
9520.339
9472.727
9527.175
9441.096
9652.096
9790.658
9447.445
9645.461
9927.753
9891.413
9869.521
10130.223
9823.424
10011.315
10058.758
9981.409
9925.138
10048.113
10849.979
10911.662
10848.603
10891.742
11083.046
11006.581
10999.231
11088.080
10831.659
10852.953
10912.659
11139.384
10865.293
10868.371
11060.860
11023.219
11113.638
11320.185
11209.233
11269.192
11551.056
11208.183
11406.042
11332.641
11030.362
11706.799
11319.540
11328.990
11347.546
11479.917
11338.787
11059.170
11208.220
11369.658
11045.988
10865.883
11009.520
11203.831
11037.822
10795.053
10990.083
11294.237
10882.529
11252.465
10897.145
11134.719
11168.356
11015.879
11198.365
11076.692
10770.538
11084.086
11385.074
11018.946
10974.568
10894.906
10989.352
11251.286
11808.323
11128.643
11258.633
11580.181
12281.543
11933.527
12018.620
11880.802
11903.084
12326.580
11792.492
11980.952
12196.510
12137.935
12127.551
12143.684
11914.070
12377.334
12132.306
12023.619
11960.072
11988.903
12101.129
12427.586
11977.517
12091.049
12090.768
12147.557
12475.428
12078.802
11951.999
12748.443
12731.784
12815.422
12912.257
12637.899
12725.434
12859.740
12481.403
12812.157
12785.956
12516.060
12728.408
12639.058
12848.075
12765.606
12457.144
12872.488
12841.936
12562.830
12761.192
12760.024
12630.211
13011.156
12605.951
12797.908
12613.269
12783.563
12946.086
12532.017
13094.257
12932.583
12721.241
12837.447
12871.377
12822.741
13110.409
12919.271
12704.344
12775.051
12982.623
12892.735
12792.668
12618.129
13484.724
13126.265
13737.920
13793.745
13741.556
14005.334
13837.817
13705.818
13796.221
14009.243
13674.021
13631.420
13648.039
13939.109
13706.802
13676.864
13500.972
13567.418
13574.078
13333.642
13246.316
13261.282
13188.047
13671.141
13238.863
13287.724
13248.587
13183.396
13529.562
13663.334
13702.140
13647.991
13795.031
13727.685
13640.440
13897.043
13636.276
13559.263
13799.766
13595.458
13781.096
13626.942
13539.327
13802.450
13586.225
13647.078
13958.936
13560.415
13758.159
13614.355
13573.491
13733.154
13646.234
13535.870
13630.288
13539.601
13803.105
13603.467
13870.726
13629.260
13549.640
13860.869
13593.086
13700.883
13621.984
13554.644
13803.986
13578.393
13813.912
13734.105
13552.082
13837.503
13558.850
13744.766
13573.384
13729.536
13886.690
13665.652
13841.348
13944.072
13779.090
13908.570
14350.843
14108.513
13927.950
15017.868
14227.327
14186.946
14793.928
14643.439
14899.307
14553.954
14315.662
14486.286
14719.006
14898.734
14759.980
14656.423
14453.848
14604.637
14705.285
14336.738
14542.972
14159.155
14792.827
14404.263
14985.145
14528.458
14735.361
14498.757
14651.901
14349.622
15300.845
14350.143
14355.924
14265.685
14462.059
14340.672
14473.090
14278.176
14263.832
14470.584
14394.342
15233.060
14641.504
14352.814
14444.601
14401.209
14371.740
14323.459
14459.032
14287.273
14567.103
14360.702
14252.808
14655.953
14262.963
14362.684
14267.376
14397.334
14304.582
14425.156
14382.332
14254.640
14452.401
14278.430
14820.575
14288.787
14256.769
14462.779
14282.182
14444.278
14274.610
14525.557
14270.032
14517.995
14413.607
14250.491
14454.206
14262.943
14379.979
14268.438
14504.897
14297.046
14423.392
14376.889
14253.096
14534.013
14345.453
14377.048
14274.601
14573.412
14396.496
14351.480
14422.796
14281.685
14476.904
14295.261
14465.031
14291.349
14274.468
14382.868
14311.089
14306.731
14475.563
14461.061
14278.840
14344.393
14311.910
14426.277
14464.709
14275.940
14383.370
14284.201
14458.326
14479.089
14438.668
14388.103
14602.086
14449.696
14298.462
14437.880
14274.553
15341.818
15319.317
15454.288
15433.536
15281.658
15469.920
15283.196
15535.811
15279.970
15520.115
15351.976
15383.429
15341.574
15633.042
15377.291
15285.488
15537.944
15288.024
15426.158
15274.571
16567.035
15317.064
16158.601
15601.343
15541.490
15356.964
15693.843
15387.764
15295.217
15447.350
15293.401
15502.745
15291.916
15736.130
15320.266
15706.612
15609.560
15811.661
15641.095
15682.412
15663.372
15540.527
15747.829
15549.528
16138.085
15563.665
15872.586
15573.264
15869.361
15589.590
15732.127
15637.526
15795.835
15653.962
15562.950
15919.341
15633.406
15656.397
15774.427
15802.642
15575.501
15815.270
15580.514
15781.187
15720.897
15943.063
15763.877
15929.924
15759.194
15940.175
15846.877
15677.816
16103.920
16201.805
16136.155
16216.941
16127.281
16681.249
16905.562
16641.270
16787.466
16627.982
16866.659
16636.288
16886.054
16640.167
16729.129
16852.214
16881.598
16751.659
16813.773
17385.782
17304.791
17058.306
17580.650
17408.409
17665.363
18071.566
18326.651
18032.558
18465.791
18113.803
18109.534
18149.338
18234.216
18183.856
18121.120
18054.615
18223.536
18385.884
18121.641
18054.440
18105.665
18374.176
18132.860
18046.041
18539.760
18347.074
18124.126
18055.938
18111.771
18592.003
18134.533
18044.759
18121.761
18359.251
18106.970
18038.181
18106.837
18331.612
18107.720
18109.849
18260.546
18329.483
18118.766
18138.963
18127.256
18440.362
18260.657
18464.507
18123.929
18747.871
18551.172
18211.991
18843.558
18342.662
18105.988
18060.873
18143.671
18334.576
18103.440
18051.081
18186.999
18307.550
18324.383
18059.163
18212.971
18325.941
18149.465
18070.025
18188.407
18413.596
18133.253
18103.717
18194.294
18323.393
18152.560
18164.363
18141.058
18337.040
18130.494
19194.665
19150.836
19382.850
19216.527
19373.514
19127.508
19100.616
19117.180
19321.478
19130.313
19251.541
19165.171
19206.147
19244.340
19137.403
19305.933
19296.135
19491.437
19424.851
19530.639
19439.469
19310.898
20981.820
20724.498
20745.538
20893.906
20792.202
21013.478
20705.887
20824.884
21763.973
21354.146
21601.195
21459.576
21524.995
21488.149
21451.302
21673.719
21435.514
21461.223
21652.204
21638.114
21543.374
21688.727
21518.530
21853.254
21443.108
21591.387
21644.533
21531.031
21704.135
21454.344
21473.066
21932.881
21454.618
21676.259
21612.934
21465.644
21652.406
21496.815
21661.094
21441.662
21614.107
22015.962
21452.598
21755.213
21685.879
21675.324
21676.491
21467.905
21514.944
21676.853
21481.065
22394.973
22013.181
22230.275
21698.313
21498.756
21578.833
21580.392
21481.608
323.764
283.992
268.854
279.824
278.849
