0.364
0.286
0.297
0.428
0.462
0.733
1.212
1.240
1.292
1.479
1.663
1.965
2.010
2.024
2.027
2.353
2.590
2.605
2.448
4.229
2.601
2.686
2.699
3.151
5.407
8.473
8.231
8.924
10.726
9.229
9.281
12.775
16.858
17.432
18.057
17.883
19.132
18.372
21.020
19.447
19.491
24.161
22.599
32.114
27.332
31.783
35.375
34.301
38.830
39.197
37.477
40.031
42.039
39.839
42.171
41.294
43.021
55.811
48.805
53.149
54.333
53.915
61.467
78.714
72.656
80.741
100.096
101.831
101.299
81.915
83.826
82.327
82.884
84.709
87.992
92.434
86.406
105.508
42.995
39.472
79.296
85.931
84.901
88.678
85.641
92.744
96.717
92.463
101.940
124.507
127.093
133.808
136.306
126.618
129.848
128.613
137.151
183.971
183.742
179.069
172.497
171.670
182.782
181.517
173.696
169.395
176.392
184.015
173.945
183.655
159.689
165.897
162.378
158.396
179.525
186.625
178.132
186.891
181.695
186.222
182.726
182.148
184.513
180.168
192.610
187.337
185.815
187.089
192.309
193.629
192.544
205.395
204.837
200.382
200.958
210.225
210.427
210.880
207.744
205.390
213.379
215.919
216.615
216.503
217.148
214.548
218.075
220.528
230.235
232.900
227.815
223.417
196.679
198.504
197.876
219.369
219.379
218.200
227.987
225.895
223.141
217.108
265.315
269.727
270.182
266.627
269.431
260.864
265.936
261.035
259.558
255.160
269.832
292.646
290.663
290.754
289.104
332.417
376.881
387.987
387.361
413.105
413.713
417.556
464.739
473.149
470.234
459.767
462.082
443.263
448.084
448.512
457.818
450.564
443.660
362.585
375.126
366.446
378.886
364.879
361.391
402.867
419.062
411.704
423.070
296.193
298.924
293.376
286.701
325.728
330.000
322.396
320.047
324.800
330.020
326.679
360.900
364.652
356.510
358.542
364.695
356.423
363.494
364.734
356.979
361.602
370.331
371.804
374.387
483.182
492.208
565.121
548.682
591.169
588.694
596.044
582.776
595.423
594.900
599.236
606.008
600.230
601.878
600.614
605.734
588.173
604.253
630.229
621.336
593.785
578.278
589.678
580.035
576.481
570.344
574.562
579.172
594.885
595.922
612.971
619.538
631.276
617.112
610.722
627.117
627.282
624.790
621.614
628.446
628.248
617.526
613.779
612.804
618.456
621.092
625.883
676.001
692.662
687.444
689.307
688.598
696.945
702.269
718.366
783.973
753.969
759.247
747.538
748.346
751.461
741.300
742.984
763.146
797.305
797.698
824.881
805.817
814.604
789.979
797.395
839.113
824.109
832.470
846.975
853.667
863.147
883.968
892.963
1035.297
1004.814
1004.480
979.400
975.880
986.426
1004.935
1000.324
1032.710
1018.085
1139.145
1062.737
1047.210
1060.302
1045.097
1170.397
1262.538
1289.988
1384.896
1409.980
1236.042
1178.826
1244.853
1401.916
1552.545
1557.018
1466.419
1502.411
1509.342
1541.163
1554.393
1502.506
1499.781
1513.475
1499.637
1486.053
1555.955
1560.483
1644.739
1638.004
1637.091
1641.840
1668.667
1664.918
1681.123
1671.378
1638.280
1681.184
1962.731
2203.549
2292.391
2241.614
2120.504
2144.588
2130.438
2137.210
2071.455
2418.492
2197.776
2093.699
1984.003
2020.503
2047.253
2206.469
2210.763
620.801
606.247
595.319
585.518
634.490
650.806
643.329
679.181
680.285
672.756
673.123
680.090
692.242
734.835
750.109
751.115
960.173
962.537
990.217
981.764
988.656
983.987
1004.557
1011.024
1069.158
1408.004
1196.542
1175.602
1304.384
1584.157
1624.811
1279.851
1255.314
1274.560
1287.478
1257.363
1256.086
1296.347
1257.556
1243.411
1326.946
1345.297
1394.602
1391.694
1385.527
1354.901
1355.898
1349.235
1362.627
1381.699
1382.957
1363.138
1325.020
1326.872
1307.144
1328.927
1313.684
1339.287
1346.850
1526.845
1841.666
1572.423
1522.220
1489.138
1881.800
1683.026
1628.696
1570.727
1637.827
1662.403
1637.031
1602.621
1596.705
1608.317
1604.515
1646.695
1660.360
1614.584
1606.129
1625.721
1609.475
1638.029
1668.020
1648.682
1608.454
1593.612
1596.540
1623.222
1651.789
2017.835
2008.112
2185.685
1792.315
1809.507
1773.066
1756.652
1743.854
1732.580
1746.077
1737.199
1730.237
1718.891
1727.551
1730.163
1748.569
1748.409
1724.356
1733.953
1718.539
1720.386
1770.214
1963.509
1937.898
1923.721
1908.546
1964.361
2341.176
2407.289
2317.158
2091.865
2015.363
1998.455
1951.232
1956.702
2016.560
2016.785
2184.999
2134.783
2127.389
2171.784
2295.881
2296.641
2206.436
2227.976
2267.333
2899.248
2934.513
2570.895
2475.389
2428.391
2336.162
2476.747
2461.666
2434.188
2504.972
2525.185
2543.753
2512.917
2498.003
2542.441
2552.579
2511.228
2591.328
2592.441
2513.096
3148.182
3493.923
2911.711
2633.957
2590.778
2600.840
2595.749
2562.591
2547.825
2612.594
2584.866
2551.982
2582.371
2663.558
2659.625
2626.852
2611.037
2760.967
3117.048
2690.319
3017.354
2961.727
2877.263
2811.182
2786.729
2750.691
2744.777
2793.862
2745.876
2732.741
2758.002
2808.952
2776.879
2729.398
2779.474
2790.669
3719.313
3522.785
3028.650
2885.258
2877.583
2870.341
2972.670
2957.080
3022.744
3107.298
3077.446
3125.481
3079.903
3056.822
3083.985
3123.030
3015.274
3049.309
3655.325
4223.162
3804.215
3587.815
3441.528
3483.966
3547.394
3472.723
3546.046
3478.148
3453.255
3502.975
3601.188
3589.913
3865.530
4553.850
4052.397
4164.331
3809.987
3748.593
3596.183
3659.176
3590.837
3595.443
3681.656
3618.125
3613.653
3677.272
3576.245
3625.192
3637.667
4491.466
4724.430
4014.807
3869.018
3762.468
3702.637
3788.508
3759.102
3782.974
3738.991
3716.844
3802.123
3772.839
3709.642
4550.741
4091.224
4854.145
3919.373
3843.889
3814.842
3785.301
3836.460
3787.915
3832.216
3870.452
3933.358
3955.067
3907.376
3930.280
5342.598
4663.297
4187.497
4038.492
4067.423
4004.819
3960.652
3932.417
3940.570
3976.990
3922.645
3943.110
4044.932
4146.363
4395.506
5769.860
5029.527
4602.249
4493.076
4421.625
4451.688
4362.090
4482.732
4471.835
4398.659
4502.988
4764.674
5628.258
4737.628
5052.254
4632.870
4662.438
4422.161
4488.109
4434.268
4448.172
4391.902
4409.745
4419.968
4375.760
5357.233
6136.234
5027.803
4692.881
4627.357
4599.123
4634.473
4577.428
4671.472
4553.391
4758.654
4947.182
6003.024
5736.312
5165.525
4849.188
4872.103
4786.408
5043.280
4942.916
4950.865
4942.046
5076.080
5935.174
6380.261
5351.361
5288.201
5297.797
5238.416
5335.242
5251.009
5289.854
5201.476
5189.811
5158.733
6793.394
5856.873
5399.156
5339.323
5349.121
5420.011
5341.330
5416.982
5359.949
6430.030
6468.091
5522.835
5576.205
5436.579
5483.486
5389.943
5376.716
5441.142
5382.797
5388.880
5701.690
7031.836
5752.469
5293.750
5346.392
5288.955
5313.710
5326.609
5300.261
5293.048
6277.500
6151.259
5438.037
5360.761
5512.040
5382.279
5430.003
5442.302
5164.257
5442.046
6526.768
6083.304
5740.389
5457.233
5569.804
5307.466
5528.492
5706.963
5718.672
5708.923
5971.732
6858.492
5839.454
5707.691
5689.332
5692.171
5676.337
2061.244
1990.185
1992.657
2470.282
3175.671
2625.779
2605.482
2959.540
2612.969
2518.664
2668.649
2748.954
2742.863
2767.508
2799.216
2712.585
2655.182
2709.741
2667.083
2660.222
2677.467
4160.260
3418.424
2825.393
2939.398
2751.208
2628.540
2716.774
2792.496
2658.927
2616.288
2742.319
2762.518
2698.888
3342.299
3388.391
3096.536
3016.074
2911.180
2846.766
2662.583
2749.494
2778.872
2632.783
2729.837
2854.777
2693.793
2735.856
3191.397
3378.970
3586.687
3385.199
3115.455
2996.414
2925.506
3055.183
2873.490
2827.888
3050.959
3187.888
3020.751
3136.254
3863.824
3476.447
3810.408
3250.359
3042.089
3296.742
3164.109
3071.330
3217.143
3237.299
3088.478
3173.089
3252.824
3209.236
4100.429
3793.435
3197.855
3337.984
3236.384
3075.734
3269.518
3184.808
3057.396
3244.289
3190.782
4038.115
3598.519
3930.280
3430.843
3419.691
3197.364
3242.645
3327.315
3298.789
3283.383
3320.232
3235.213
3259.607
4015.841
3915.430
3477.714
3387.810
3225.215
3287.242
3332.569
3193.385
3283.886
3318.128
3588.158
3822.950
3615.001
3285.057
3446.786
3392.794
3272.399
3343.670
3358.183
3171.387
3380.714
3468.423
3485.403
4117.852
3466.063
3354.953
3508.580
3449.557
3401.267
3506.064
3411.251
3469.469
3434.291
3969.778
3644.972
3818.836
3464.303
3596.062
3572.561
3613.421
3748.551
3580.049
3652.440
3525.498
3634.791
4282.812
4274.046
3869.536
3808.625
3662.526
3775.553
3679.265
3556.398
3802.940
3484.326
4266.698
4056.224
3853.597
3891.115
3730.831
3675.345
3638.721
3525.947
3731.767
3695.371
3973.280
4223.435
4345.054
4382.835
4229.399
4257.737
4348.481
4152.312
4339.266
4253.430
4494.498
4834.602
4621.222
4511.741
4322.265
4347.597
4149.186
4633.582
4438.214
4552.042
4778.923
5030.014
4645.847
4649.168
4482.403
4461.407
4428.951
4434.148
4368.029
4991.925
4845.639
4616.288
4807.887
4515.805
4738.346
4504.591
4823.305
4741.725
5076.739
5047.093
4897.156
4837.328
4807.306
4707.124
4777.451
4630.009
4792.680
5201.092
5199.917
4950.346
4806.357
4752.522
4813.172
4891.416
5000.415
5025.639
5332.303
5352.789
5066.284
5032.814
5083.707
5118.641
5097.506
4882.713
5316.383
5301.758
5387.253
5003.080
5243.838
4967.228
5214.556
4912.071
5506.616
5585.193
5765.640
5289.953
5121.044
5159.516
5086.461
5151.644
5784.891
6375.355
6017.051
6041.567
5986.692
6992.115
7056.377
7064.343
7465.492
7772.050
7692.915
7550.518
7900.573
7683.630
7815.337
9173.225
9277.815
9621.569
9300.425
8947.629
8852.469
8870.793
9286.929
9447.667
8891.521
8894.288
8880.834
8756.162
9065.032
9303.414
9275.297
9004.568
9064.186
9188.618
9068.148
8847.464
10238.781
9117.605
9162.586
9061.597
9211.222
8983.673
9081.510
9583.519
9288.016
9256.541
9217.322
9264.363
9132.473
8989.292
10005.189
9472.606
9247.326
9971.324
9649.857
9545.657
10162.507
10477.095
10095.925
10135.995
9964.176
10322.720
10869.340
10746.151
10225.824
10018.369
10168.068
10450.553
6243.491
6553.496
5866.709
5861.997
5950.295
5859.681
6039.014
6055.187
6761.974
6299.042
5990.822
6383.600
6250.682
5932.108
6204.239
6530.862
6698.422
6306.701
6394.305
6343.168
6571.184
6332.797
7348.926
6834.681
6500.382
6378.026
6694.994
6465.798
6567.918
7331.885
6977.749
6425.278
6463.262
6732.448
6658.771
6922.748
7724.246
6872.656
6914.770
6865.214
6647.599
6498.889
6943.841
7388.732
7030.814
7077.280
6991.563
6767.420
6710.431
7711.267
7104.797
6971.278
6783.820
6811.454
6636.049
7060.240
7505.627
7220.645
6727.658
6951.996
6805.932
6940.700
7432.296
7392.613
6890.301
7090.436
6736.692
6733.272
6947.060
7448.381
7454.808
6969.952
7131.243
7139.866
6796.943
7122.202
7773.383
7150.687
6927.019
7098.348
7064.551
6953.359
6971.763
7795.270
7407.260
7038.683
6783.892
7023.794
6871.209
7714.922
7442.683
7098.579
6938.631
6824.341
7131.975
7360.886
7804.768
6987.357
7245.230
7036.021
7038.102
7028.198
8052.371
7126.930
7000.830
7225.447
6974.424
6767.478
7151.075
8030.100
7291.236
7848.752
7530.130
7684.859
7822.756
8389.747
7651.450
7675.127
7635.139
7443.602
7578.545
8895.542
8512.210
8363.512
8125.650
8815.407
9110.812
9517.864
8850.479
8926.359
9962.994
10100.589
10413.734
11016.201
10511.975
10120.027
10176.500
10301.518
10942.682
10196.960
10145.734
9993.125
10054.832
10722.450
10250.030
10294.499
10460.365
10588.531
10777.083
11427.583
11075.805
10795.195
10956.676
10940.067
11999.936
11278.565
11350.319
10886.328
11017.731
11885.187
11434.448
11414.836
10994.050
10750.827
11042.119
12052.642
11139.123
11184.057
10942.158
11192.748
12004.045
11512.175
11293.193
11172.195
11157.093
11988.960
11441.037
11199.685
11160.860
11158.812
12281.579
11505.157
11322.991
11193.812
11250.811
11744.884
11038.881
11319.781
11248.430
11267.234
11918.092
12080.977
11111.066
10884.795
10882.581
11859.303
11347.593
11214.425
11445.029
11085.118
11894.218
11659.759
11393.052
11306.178
10663.272
11797.439
11298.250
11122.119
11236.810
11497.148
11949.022
11646.010
11405.458
12772.599
12489.846
13524.174
12959.676
12791.198
12619.444
12833.508
13319.348
13310.678
13407.138
13405.752
13827.847
14136.151
13507.441
13206.463
13331.210
13785.934
14445.972
13626.657
13238.243
13062.039
14546.735
13560.403
13415.626
13408.995
13646.368
14373.666
13737.709
13175.837
13311.400
13545.460
14226.594
13966.865
13231.042
13564.089
14775.030
13920.729
13855.682
13439.076
14287.557
14364.831
13970.104
13646.022
13516.202
14609.922
14254.212
13826.660
13650.415
14130.649
14835.477
13770.039
13680.718
13899.837
14793.991
14509.658
14134.879
14059.853
14469.295
14487.119
13811.677
13760.788
14640.657
14399.909
14027.842
13839.751
13822.905
15075.223
14189.560
14109.863
13688.499
14665.650
13920.907
14025.627
13977.737
15263.444
13998.645
13943.447
13865.901
13945.579
14751.807
14014.632
13635.468
14311.260
14607.524
14438.754
14205.969
14134.487
15634.184
14317.460
13933.348
13518.206
15119.426
14533.146
14230.423
13866.691
15860.210
13872.829
14102.738
13691.954
15264.168
14925.514
14364.614
14129.631
15226.595
14312.523
14283.793
14467.072
15522.380
14639.367
14257.827
14158.790
15210.307
14173.565
14569.861
14469.356
15842.310
15015.879
14636.247
14699.183
15487.689
15286.605
14413.259
14299.198
16227.027
14949.482
14550.125
14530.408
15335.677
15316.304
15249.702
14509.936
15991.923
14794.118
14514.694
14558.800
16232.418
15028.828
14574.793
14288.638
15733.986
14824.083
14575.916
14446.813
16104.670
15293.011
14808.526
15299.802
16014.126
14802.862
14609.999
14573.057
16128.978
15220.617
14798.215
15163.060
16338.920
14966.801
14813.692
14673.231
16570.311
15485.045
14944.975
15130.219
15887.289
14909.984
14886.744
14667.811
16887.814
15200.106
14938.252
15428.599
15982.778
14999.666
14781.930
14674.174
16642.494
15853.506
15288.131
16034.884
16551.785
15623.363
15586.251
15421.118
17356.526
15825.461
15451.053
16124.994
16295.410
15743.111
15730.434
16519.316
16355.481
16022.540
15738.692
16426.106
17395.443
16169.835
15999.876
17734.487
16235.226
15996.979
16597.784
16759.968
16578.181
16471.693
16774.815
17033.057
16247.726
16116.560
16669.085
17506.846
16705.137
16294.980
16961.038
17158.799
16352.943
16226.089
16446.752
17876.894
16330.011
16270.587
16770.623
16963.548
16469.177
16157.690
16506.496
18032.987
16651.977
16400.912
17555.616
17021.806
16595.378
16395.773
17265.942
17130.117
16715.283
16906.595
17190.615
16624.473
16784.922
16593.993
17836.728
17122.863
16728.897
16878.984
17610.796
17305.818
16692.836
16476.925
18388.391
17180.949
16645.926
16961.371
17532.817
16798.457
16756.460
16653.292
18333.684
17258.823
16579.986
17187.157
17676.838
16827.841
16957.315
18306.568
16454.871
16131.071
16523.660
17291.327
16499.632
16119.707
17041.790
17129.681
16253.230
16336.558
17781.023
16257.803
16214.754
16520.915
17057.006
16393.426
16088.870
17862.172
16559.273
15886.368
15775.060
19199.353
17633.531
17465.313
18592.474
17649.648
17656.290
17468.095
18972.992
17846.242
17657.140
19064.927
18256.117
17863.249
18752.565
19853.619
18943.982
18742.293
20649.060
19318.509
18807.961
19540.297
19477.825
19135.457
18819.879
20422.217
19082.844
19004.324
19785.273
19560.267
18849.008
20577.121
19240.056
19033.500
18821.103
20943.824
19358.484
19639.894
19523.125
19014.359
18690.003
20085.950
19478.643
19680.233
19538.309
20407.420
19222.486
19437.945
20237.952
19257.828
18947.525
18809.841
20302.986
19132.575
19192.076
20103.798
19363.410
18776.851
19702.393
19530.498
19401.369
19158.872
20257.748
19256.725
19162.258
19512.556
19326.009
19263.538
19269.856
20204.428
19243.263
19220.576
20358.409
19122.447
18974.300
20236.416
19737.268
19351.089
19454.488
19992.018
19616.988
19093.323
20998.554
19309.697
19512.050
19828.122
19617.410
19302.256
20769.744
19674.316
19401.163
19507.332
20773.471
19581.934
19704.172
20396.204
19517.080
19230.014
20957.807
19438.728
19484.643
20071.214
19656.038
19697.791
20216.827
20076.819
19575.587
19431.642
20663.358
19724.077
19264.845
20233.675
19858.029
19475.443
19759.199
20449.982
19688.962
19361.775
20261.607
19215.094
19502.538
20561.084
19438.585
19380.722
20574.568
19540.699
19256.267
20015.948
20647.542
19324.439
19431.906
19962.462
19550.824
19162.051
20397.428
20467.202
20089.918
20540.490
20941.307
20187.529
20141.187
24773.430
24036.293
23805.468
24268.859
24662.646
24448.405
26908.558
25682.056
24447.093
26610.761
25359.092
24886.081
27106.282
25192.504
24576.473
26624.729
25864.968
24846.612
27386.610
26083.276
25400.188
27377.060
26795.345
25650.026
26863.811
28007.259
26111.872
26558.476
29323.853
27084.695
28634.926
28780.141
26587.051
26069.166
30572.536
27703.559
27972.613
29328.291
27477.875
26727.693
30343.307
27240.136
27406.350
30427.869
27895.087
27089.917
30566.230
27964.288
27415.204
30621.699
28176.094
27732.096
31084.930
27165.872
27240.003
32251.984
28492.415
28281.053
31132.638
27882.774
28065.987
32447.278
28956.913
29511.953
31506.583
28130.482
28162.670
33223.881
29096.780
30110.257
32049.045
28986.915
27954.870
34290.487
29438.962
28758.824
32518.703
30020.340
27836.379
33980.044
28694.845
28837.637
34238.576
30844.118
31741.016
33991.276
29770.400
33780.140
31981.959
29842.139
34651.275
31284.840
30790.401
36160.404
32237.758
36945.677
32937.636
31365.159
38118.958
32739.365
32630.247
37301.592
31971.753
37359.958
35027.450
32591.516
37146.998
33284.574
33475.433
36554.047
32045.144
37877.362
34212.688
31598.383
39358.442
34820.548
34958.046
40545.124
34703.398
41117.914
35317.556
35298.356
40378.840
34386.167
40986.291
36390.921
36528.587
40513.857
35023.475
40677.974
37124.097
37767.814
39849.094
34543.978
42530.171
36482.926
38046.202
39612.429
35188.968
44293.919
36871.352
37860.615
39717.494
35022.238
43326.500
36332.584
36037.572
39763.685
35019.642
40970.333
36794.545
35952.714
46244.593
43348.676
46945.620
43226.074
43378.914
47395.089
44588.175
46701.565
42635.888
43816.658
46963.608
43036.542
53101.525
49472.506
52226.576
50081.706
52570.733
50758.928
49669.205
53002.316
49376.566
53065.002
49973.699
53872.548
48288.458
55372.551
49860.471
54704.605
49734.134
55447.471
48678.677
55631.592
49458.697
54688.712
51109.233
54699.632
51199.108
56968.007
55872.450
60592.089
52932.502
63446.164
55279.089
61530.229
53696.040
61764.206
53679.379
62172.795
53730.487
63012.067
54841.539
62595.819
54482.842
62541.892
56104.070
60863.924
53853.404
62072.051
55067.007
61020.015
54368.250
61843.844
53490.299
63927.686
54888.974
62950.990
54639.901
61889.444
53703.274
64094.498
56787.855
62222.531
53597.428
62984.024
55418.547
68231.153
64052.167
65315.351
65510.019
69292.700
72850.373
68589.659
73821.565
63317.220
76382.258
73276.152
73986.872
69890.557
74758.348
70242.344
73199.737
74469.845
69582.558
77610.158
68809.786
75102.530
66537.799
73746.298
66152.417
77224.554
72038.857
73376.746
70752.701
72619.276
76379.032
68584.726
73369.355
66745.805
75447.904
70032.704
73873.581
66917.323
75325.427
67692.518
75085.548
66815.999
74028.222
66279.575
75478.941
71633.750
73157.487
74436.085
68651.514
76241.158
70583.320
74083.021
69128.990
73467.562
70474.493
72729.229
74178.421
67925.786
77303.505
71668.679
76534.446
72327.924
74149.610
72665.945
75641.215
76312.981
68298.406
77396.543
70859.810
77400.829
72953.690
75628.628
76902.949
73118.461
78385.090
70131.106
76409.082
72814.617
78686.495
76897.812
76711.981
79130.381
74702.486
79897.457
73001.954
78825.786
75418.171
77817.744
82093.210
71503.646
80700.677
74362.717
78290.859
80388.733
72692.628
81130.274
77558.884
75968.720
79224.730
73047.580
80867.460
76800.683
77251.863
74560.057
77866.147
79858.811
71176.815
78605.837
75972.437
77101.947
80476.721
71670.225
79996.176
77025.669
75498.010
78922.762
73520.879
80711.747
76079.625
76304.769
78409.719
75667.904
81256.918
76847.611
76974.203
76455.600
77246.185
80504.066
75556.153
78645.779
80752.293
74751.214
82978.274
72830.795
83131.326
77180.316
78080.141
82519.118
76265.922
83299.456
79349.424
81099.012
78423.474
80014.860
82059.275
78025.545
81378.792
83828.312
75145.450
82761.849
78413.291
81347.319
83982.563
74061.129
86521.450
80796.966
83421.570
87378.839
76264.424
88474.764
83026.399
82070.290
86270.367
78453.133
86728.552
82829.123
81764.644
86253.948
80986.469
85881.003
81737.322
85346.424
88687.344
77395.563
87196.793
82139.573
85300.634
87972.369
78535.365
88717.595
85078.092
86162.767
90285.994
82235.555
90013.659
85500.572
85326.215
88641.630
83733.341
89550.339
83356.183
86556.230
88007.134
25606.255
30523.513
30573.417
27204.967
29661.593
30402.250
28341.819
32973.185
28206.453
27429.909
32494.523
28365.537
26590.980
32912.057
28354.612
27917.783
32213.439
28514.255
28904.375
34152.839
28680.569
29025.108
33167.170
29013.100
27635.066
35024.988
29588.822
29231.821
34150.921
28784.254
29008.227
34017.829
29127.351
31416.226
32784.090
30647.044
34736.824
31685.307
33215.881
33641.089
30822.533
37011.207
31591.767
32231.694
33982.368
31336.820
32895.928
33375.333
31824.822
33677.553
32443.283
31156.327
34458.777
31330.731
31299.969
34831.791
31589.438
34770.035
32136.650
32276.918
34001.745
30881.998
33277.309
33241.463
31694.659
35204.567
31756.652
34583.820
33764.895
33012.348
35913.787
33229.426
33723.419
34067.737
32737.302
34905.656
32528.471
34102.782
33915.307
33237.652
34772.358
31899.583
33316.950
34922.605
32500.017
35589.117
32202.020
33249.592
34229.772
32455.802
34884.962
32572.957
33569.167
34344.540
31954.506
34796.644
32377.735
34084.135
34387.612
33273.099
35519.521
32250.419
34270.174
34443.800
33766.300
34709.974
32264.611
34015.025
34255.396
33820.162
34242.568
32376.067
33866.051
34044.470
33806.219
33897.339
31855.153
33818.391
33453.818
32540.066
34365.817
32805.023
34401.401
33231.681
32529.853
35063.555
31966.436
34502.111
33539.384
32710.571
35090.708
32321.096
34717.622
33142.558
32186.512
35793.975
32137.231
33285.491
33622.261
32152.323
36258.975
33203.268
33503.527
33977.243
32936.862
37313.646
33879.645
36680.457
34638.131
33995.155
37907.463
33937.063
37934.336
35017.287
33872.628
37278.945
34532.479
36358.379
35196.261
33397.783
37404.150
34042.867
36584.440
36002.872
33891.264
37931.793
34472.409
39022.360
37304.524
34842.343
39850.574
34874.226
36763.784
37922.524
37022.325
38403.484
34903.829
42727.305
39201.383
42063.452
38856.210
38315.693
42605.096
38682.262
43662.405
38519.128
40071.627
39862.520
39370.416
40066.746
38665.858
41093.962
37675.539
41958.333
38497.147
41035.572
37751.486
41683.509
39564.879
37842.150
41419.151
37794.591
41377.777
37490.178
41405.296
37586.246
40310.042
39858.969
40433.358
39854.633
36460.986
41088.606
37113.970
41860.379
39802.559
42183.097
40754.910
40894.264
40534.128
37538.676
42977.994
39094.722
42465.469
41652.103
48027.241
41713.396
46300.036
41288.719
44370.784
43756.510
46722.845
40975.534
47213.320
41120.442
46264.924
41258.348
47753.201
40987.686
46777.659
40969.080
48521.705
43058.420
45959.969
40996.216
46940.007
41244.677
45716.707
44313.030
47037.772
41501.309
46758.808
42490.146
52668.003
45819.028
53303.173
46637.046
51205.798
46026.295
52628.358
48494.339
50481.993
45801.364
51816.482
46950.908
51648.937
45810.283
51281.711
46964.062
51191.661
46490.971
51259.697
46950.972
51988.832
46026.161
51356.451
46488.349
52776.201
47739.901
51357.025
46888.685
52745.404
48325.359
51904.495
46793.165
163591.285
158334.887
159786.360
165798.138
163392.532
160670.609
159588.642
164312.959
164509.854
160223.984
161209.483
162019.463
170931.649
164031.621
165499.931
163639.917
172273.336
164743.716
165575.218
164898.704
170307.022
167912.956
164281.214
163966.973
170190.305
164577.220
164482.273
163091.984
182068.338
175445.892
175424.565
162969.256
171707.249
165355.883
169619.838
167486.770
176598.269
178156.117
170229.839
182787.975
176002.605
167454.801
173898.734
165620.123
163918.276
160723.922
162724.947
164371.736
163640.431
161570.076
161624.683
165577.077
163024.518
161713.615
161380.043
166214.622
169813.232
167533.570
169111.403
174663.881
174163.872
168795.383
172525.141
173845.868
173502.762
172560.713
169617.120
169093.431
173510.304
168967.994
166059.052
172663.145
171554.912
165877.327
169475.003
168645.235
169240.177
168958.912
165841.026
168184.007
168217.198
165585.574
168959.763
174998.011
174853.167
173467.639
175486.952
173739.954
171636.561
169737.808
175630.875
172813.914
173586.772
169079.886
169970.141
170138.858
169852.482
167932.892
172997.190
171959.386
169751.681
170336.029
173393.941
173966.077
174976.375
172966.634
178040.663
170276.229
172215.381
172494.900
174097.972
174541.895
170705.577
177351.268
169721.870
173485.993
173626.153
173651.999
173570.942
171791.176
178886.728
169009.863
173111.802
174184.233
172638.804
175877.783
173591.751
175758.848
176049.967
173977.938
173461.891
173532.317
174135.455
168563.900
172789.538
173594.200
172321.338
172771.843
173383.709
190867.659
191721.876
194172.823
199952.027
184854.478
190048.018
189740.419
187827.000
188123.958
191360.264
187240.815
189005.778
203527.582
201185.191
205098.191
206412.211
199162.694
208920.774
198729.998
202935.338
205923.338
199666.143
202157.241
206682.861
209705.272
213735.895
213322.835
207566.900
213000.007
209339.993
201948.041
206068.334
206928.303
200260.574
204828.003
203813.052
199585.816
203847.155
206807.775
200067.810
208226.289
204526.354
199782.702
203343.018
204636.521
201508.454
203771.572
206025.071
202619.276
204893.559
205343.227
200600.133
204079.508
201488.239
204515.195
207809.572
202156.858
208769.405
214260.857
205125.051
207950.372
209649.046
204295.736
205911.006
208265.811
204795.053
209794.186
208642.708
207617.183
208693.757
209434.144
205714.445
208884.624
209959.890
206980.316
211807.813
213017.448
205731.409
213787.199
211158.774
204692.930
210277.316
205460.522
207764.493
211148.509
205664.764
209655.963
211767.945
207849.282
216706.586
219382.026
214863.627
226029.008
221339.484
226001.535
220628.995
226843.715
221728.497
229770.299
220982.465
229230.704
223279.491
231016.521
229299.617
229601.648
228554.421
228540.837
230052.170
230545.962
228554.686
230027.137
225831.656
231593.979
233180.794
230893.383
233492.106
227648.842
231532.770
222351.839
227224.777
223476.119
231546.801
222467.773
226605.096
224490.242
228186.946
223631.935
233280.970
222233.083
226621.432
224628.384
228461.640
224402.562
230344.848
225549.802
227611.964
227420.965
231127.908
225399.167
231502.204
225472.778
230133.182
227930.964
238305.867
226290.176
235867.848
233295.336
235584.520
231383.763
238960.077
231889.581
235385.116
236138.710
236062.769
231066.274
238870.115
228561.374
233104.783
230816.921
233523.607
227737.616
227039.511
230110.038
227645.051
231267.518
227436.219
231586.958
230252.652
230406.364
228368.722
233936.327
226507.520
230696.063
230029.837
232829.887
231213.702
234869.277
230596.528
230476.366
234418.830
230536.578
228888.278
233308.024
232326.348
234917.744
230567.245
228945.878
233905.153
234274.106
234272.490
236069.360
233031.275
242976.754
236127.673
240617.115
240016.658
236348.518
243612.845
238205.135
236021.132
243403.586
237719.941
241530.170
241912.583
240398.858
239998.619
244251.137
241221.125
240835.815
240720.571
240792.927
239975.759
244089.916
236702.542
238166.578
241084.156
236980.495
238029.195
239967.425
236991.532
239085.025
235291.300
233465.140
243363.278
235805.103
235849.611
239605.154
235671.535
236881.704
238962.498
235304.896
235093.617
242146.159
235530.208
235603.131
239782.625
235754.179
236237.765
237038.305
13433.268
11662.262
14151.353
13671.539
12130.440
11934.356
12471.516
12097.168
14164.778
12410.049
12883.966
13057.978
11783.986
13009.462
12658.713
13326.280
12872.179
11951.866
13008.786
12100.219
12326.082
12889.652
11962.297
12641.162
12120.907
12233.229
12355.678
11999.557
12550.641
11825.477
11810.672
12377.872
11804.463
12273.256
11750.889
11883.324
12021.131
11733.158
12403.846
12237.825
12445.031
11959.320
12541.465
11972.484
11796.903
12053.245
12263.234
11626.674
12039.759
11696.367
11913.753
11926.390
11706.593
12240.004
11846.817
12130.296
12086.373
11622.578
12130.991
11824.710
12271.891
12087.352
11626.390
12116.012
12000.902
11946.373
12082.887
11739.712
12752.832
12619.869
12788.944
13356.134
13374.179
13666.927
13208.565
13368.410
13397.497
13018.457
13504.317
13123.494
13445.914
13306.055
13051.056
13433.383
13197.856
13611.625
13421.316
13192.073
13744.880
13759.595
14066.668
13925.467
13598.327
14116.392
13621.605
13887.021
13864.888
13622.603
14154.535
13671.009
14053.317
14044.551
13543.405
14065.198
13689.399
14110.313
14049.001
13498.708
14180.275
13669.472
14008.397
13751.790
13876.523
14179.291
13743.855
13969.818
13793.721
13584.134
14289.806
13641.492
13877.573
13887.437
13582.845
14036.089
14217.419
14445.247
14532.644
14165.028
14712.288
14375.555
14875.000
14246.524
14654.681
14444.488
14214.830
14832.271
14332.171
14813.716
14251.795
14639.076
14665.539
14159.506
14793.576
14288.500
14786.268
14683.801
14814.403
14456.167
14120.379
14946.797
14525.411
14810.286
14309.978
14649.517
14676.539
14282.050
15071.313
14352.841
14964.449
14503.308
15024.800
14796.074
14206.856
14857.396
14340.396
14744.480
14353.682
14775.210
14492.127
14408.929
15165.292
14610.850
14909.223
14568.049
14958.949
14677.426
14407.160
15251.041
14669.820
15060.627
14539.738
14851.141
14780.558
14468.560
15118.945
14566.471
14932.962
14888.454
15260.667
14572.439
15261.407
15132.529
14635.570
