0.281
0.086
0.089
0.134
0.134
0.319
0.265
0.285
0.274
0.384
0.391
0.440
0.492
1.158
1.080
1.342
1.754
1.904
2.094
2.113
2.045
2.178
2.735
2.053
2.424
2.384
2.378
4.831
5.103
4.426
4.803
4.390
4.416
4.646
5.069
4.457
4.460
4.907
4.268
4.290
4.807
4.289
4.334
4.850
4.489
4.520
5.065
4.589
9.799
9.029
8.510
10.242
9.958
10.429
9.128
9.509
9.831
8.651
9.673
10.437
9.195
9.775
9.557
10.754
10.129
10.341
10.761
17.476
16.330
16.026
15.953
16.016
17.092
19.129
17.126
16.659
16.995
17.060
16.993
17.897
17.855
17.997
17.991
17.881
18.926
27.785
27.615
29.015
28.370
32.423
28.103
29.078
29.986
29.010
29.905
29.439
32.298
33.301
31.255
30.743
33.832
32.407
32.369
31.668
33.477
30.942
32.516
34.179
37.826
33.800
34.744
36.106
34.345
36.971
36.200
39.773
35.485
39.165
35.658
38.296
47.516
47.768
48.360
47.226
48.662
47.551
50.029
47.863
49.024
50.178
51.338
50.132
52.504
54.486
58.949
53.935
56.684
55.623
59.424
60.466
70.696
71.204
72.039
71.114
71.344
77.890
96.706
96.114
103.177
102.880
101.935
79.341
76.360
79.563
77.163
84.296
84.812
89.285
96.361
92.814
94.257
92.478
97.660
96.863
93.196
93.226
99.586
96.507
93.040
102.512
106.089
117.292
121.309
125.422
129.586
125.664
119.369
121.212
123.611
119.353
125.237
120.898
128.664
129.841
134.798
129.197
136.309
137.619
132.896
157.591
157.554
152.086
157.478
158.456
160.096
157.864
157.632
157.703
152.526
156.120
159.573
156.216
156.104
154.489
161.203
160.965
154.270
144.130
148.110
147.006
159.505
178.318
174.812
183.723
171.938
185.881
175.533
185.789
186.771
175.343
217.422
214.397
247.250
250.190
246.365
246.933
246.960
252.246
251.168
250.939
250.777
247.718
257.057
246.775
249.290
250.855
249.376
239.246
254.521
254.771
249.446
259.378
255.026
245.931
262.279
266.413
257.779
265.013
258.045
270.135
267.498
266.855
289.488
292.522
290.956
286.814
288.427
298.694
320.352
343.461
353.689
359.149
352.533
354.728
361.155
364.665
361.908
368.336
367.257
369.805
375.833
371.273
372.277
380.940
367.880
375.789
389.905
385.209
379.961
438.912
430.918
441.826
446.590
548.772
561.213
542.926
551.649
544.357
542.722
544.205
561.519
540.065
542.620
587.770
660.807
658.114
661.304
724.271
747.537
742.284
784.719
768.603
762.664
785.208
771.847
791.829
861.154
832.240
852.035
921.327
925.750
923.558
909.216
908.043
914.698
900.003
903.911
893.308
896.062
887.672
900.538
933.092
978.010
1122.844
1117.915
1089.778
1103.728
1081.393
1086.018
1078.924
1091.945
1082.246
1102.662
1083.231
1090.120
1099.587
1070.380
1091.073
1091.739
1517.943
1562.362
1641.367
1653.852
1655.663
1616.437
1568.580
1537.924
1512.399
1497.344
1497.854
1489.917
1484.502
1522.186
1522.825
1532.894
1520.539
1514.146
1494.124
1506.836
1536.953
1503.691
1534.120
1546.724
1525.717
1525.486
1724.520
1883.877
1868.663
2051.464
2051.469
2093.374
2085.101
2112.095
2099.271
2474.471
2497.680
2181.827
2110.050
2137.210
2177.009
2252.599
2248.517
2214.575
2277.647
2337.966
2377.485
2217.978
2173.597
2213.453
2215.155
2613.462
2718.609
2728.999
2721.145
2715.584
2705.191
2726.977
2888.010
2882.882
2889.549
2898.379
3531.849
3143.365
4388.281
3133.396
3016.499
3128.426
3093.970
3072.805
3095.400
3051.925
3067.352
3159.885
3293.059
3284.926
3299.887
3276.046
2717.423
2815.091
2753.334
2681.753
2716.146
2726.298
2719.862
2721.677
2733.399
4029.598
3267.324
2936.577
2953.107
2887.880
2861.429
2810.753
2795.688
2802.238
2847.333
2830.286
2795.299
2807.796
2895.536
2838.943
2828.634
2826.080
2771.925
3232.955
3102.495
2989.386
3423.627
3113.926
2941.959
2940.161
2938.805
2897.541
2912.982
108.137
106.846
108.829
108.320
103.207
102.152
102.869
102.919
102.347
102.865
103.688
101.583
101.718
101.957
101.692
101.327
101.109
102.062
100.438
102.264
103.966
101.791
101.399
101.676
102.395
101.203
103.137
104.520
101.705
100.434
102.282
100.880
101.057
103.048
102.289
101.656
101.964
101.803
101.158
101.459
102.624
102.956
102.922
102.327
100.927
100.690
100.316
101.495
101.270
102.275
101.580
102.084
100.714
102.037
101.792
101.375
100.523
100.941
102.303
114.777
112.096
111.830
113.441
112.854
129.802
115.517
115.010
113.913
114.500
111.873
114.497
114.418
114.155
113.905
115.747
115.841
116.181
116.777
115.813
112.859
112.659
113.218
113.755
112.939
114.161
115.337
236.294
205.414
239.971
328.272
417.320
254.087
159.431
159.335
142.552
137.596
134.929
129.751
129.959
130.848
130.432
131.078
129.118
125.693
124.805
125.109
124.779
124.234
123.911
122.966
124.134
119.737
120.211
121.644
120.002
120.303
123.530
124.346
124.726
122.610
120.069
121.242
122.332
119.865
120.499
123.163
122.157
121.607
119.489
121.139
122.253
122.531
122.144
122.721
124.728
121.148
119.667
120.305
118.791
120.154
120.316
120.515
120.051
120.479
122.154
122.409
121.140
121.926
120.762
123.851
120.486
121.268
124.435
122.650
120.938
121.250
122.636
122.820
120.605
121.708
121.429
121.397
122.478
123.708
120.416
119.405
120.173
137.176
120.624
119.763
120.481
120.218
120.427
121.325
121.759
120.611
121.153
125.026
122.706
121.924
120.833
120.781
120.154
122.330
122.992
122.101
121.871
123.733
122.679
122.151
122.752
123.733
121.830
120.683
120.511
121.637
124.230
122.900
121.779
121.941
122.551
122.666
122.500
125.227
123.594
135.166
122.366
125.239
138.277
145.920
147.339
135.920
135.487
134.056
137.803
142.439
142.099
146.134
201.206
152.945
154.487
134.631
129.509
130.099
127.373
127.863
124.551
123.772
122.316
124.417
122.829
122.558
123.979
125.109
124.410
122.299
123.395
121.756
123.394
123.848
124.098
123.841
124.708
125.485
123.659
125.721
124.750
123.402
121.442
139.480
207.116
218.112
203.501
188.212
412.931
210.243
178.592
168.296
157.460
166.157
161.451
168.555
166.795
152.292
147.264
143.338
141.394
147.524
133.128
134.976
134.750
132.192
133.954
131.935
128.191
131.721
129.239
130.499
130.940
130.453
130.129
130.281
129.482
128.599
126.764
126.626
129.187
130.694
132.790
130.141
130.517
133.558
130.290
131.198
130.707
131.811
132.539
130.808
134.434
132.510
133.096
132.173
133.311
130.993
131.007
131.755
130.618
130.358
132.059
131.214
130.115
131.197
130.472
130.218
131.728
130.513
125.330
127.734
127.637
127.554
128.477
127.023
128.742
130.136
128.648
128.159
126.964
127.418
152.254
188.734
157.373
168.206
178.699
176.254
163.089
166.935
220.172
259.842
284.572
271.695
243.526
252.155
201.893
191.100
182.741
183.640
175.771
172.996
174.225
170.695
170.989
169.322
169.622
178.885
193.399
216.484
280.036
234.523
231.057
221.337
217.830
212.176
222.946
391.128
348.419
292.949
250.503
213.882
190.322
200.678
172.286
172.631
174.519
173.235
170.641
171.986
168.083
168.449
169.312
169.106
168.073
167.299
166.094
166.791
165.309
168.264
166.584
163.922
165.745
164.016
163.112
164.740
165.192
163.860
163.479
165.107
171.072
171.976
170.293
166.938
167.059
167.493
171.412
167.497
171.178
171.144
169.051
167.003
216.009
301.855
259.887
274.822
329.667
376.054
371.505
344.252
313.488
276.414
254.064
255.342
254.440
249.242
243.099
245.398
278.021
262.952
248.041
252.139
244.755
255.329
240.381
235.126
238.189
235.669
251.203
305.140
301.184
299.674
256.646
245.341
249.772
239.463
236.001
237.213
229.530
231.116
229.313
235.995
225.065
229.004
229.142
230.385
228.930
228.748
228.589
226.284
226.013
227.337
222.956
225.530
221.369
221.824
222.996
223.570
226.807
264.346
263.809
265.518
266.213
264.583
265.272
439.763
452.123
410.895
395.438
351.231
353.275
337.306
298.924
290.936
291.710
292.034
288.177
291.534
284.500
282.337
276.331
278.197
276.236
320.732
335.698
330.477
329.321
312.578
323.382
314.352
309.975
398.377
342.036
321.935
300.323
289.124
284.071
276.481
279.343
280.603
296.649
272.943
272.766
274.439
273.022
268.365
270.645
266.172
267.504
289.461
288.804
292.365
293.934
291.237
289.449
288.317
288.650
290.333
287.436
292.338
291.630
285.690
287.223
336.018
317.845
305.870
292.134
293.904
367.133
368.932
350.530
354.933
334.107
337.514
394.815
570.830
515.568
479.467
417.787
415.961
398.231
395.027
393.278
402.955
455.412
469.831
432.866
393.441
400.937
396.058
382.181
383.986
376.467
373.932
372.508
372.284
370.657
367.647
369.366
368.081
367.642
370.308
369.397
370.673
373.628
380.694
374.298
451.707
445.398
440.060
434.135
454.990
421.059
408.838
398.669
394.181
392.271
388.126
450.433
469.284
611.977
715.490
735.411
732.891
842.952
756.497
692.913
676.281
659.579
642.429
623.393
632.505
632.217
628.758
608.913
623.320
615.941
613.654
606.359
621.244
607.232
620.153
612.047
616.457
605.209
607.662
614.687
623.252
618.844
616.153
615.797
658.478
661.093
701.037
813.055
772.917
746.767
727.984
757.055
805.077
774.398
714.185
713.519
696.116
690.256
681.833
770.957
886.749
804.444
769.155
753.107
715.383
708.552
683.613
678.987
685.429
692.927
681.887
702.847
689.116
690.497
686.661
672.866
664.515
663.026
655.815
681.548
749.114
777.656
750.937
769.962
751.123
706.708
699.248
690.028
665.344
685.916
699.916
755.090
768.041
835.951
906.137
873.548
800.694
804.794
752.282
714.008
708.891
705.384
692.855
678.931
678.815
682.497
679.413
684.064
680.380
678.635
680.480
674.117
676.783
668.882
676.563
664.232
668.329
663.735
653.202
662.115
759.789
766.020
756.166
845.386
847.228
814.318
902.277
869.401
840.284
809.127
774.678
811.824
889.882
874.714
797.450
766.424
784.681
847.791
841.376
829.728
854.445
839.261
804.357
804.041
845.228
825.659
847.621
821.289
813.761
828.353
824.364
879.130
1039.941
1038.310
1132.280
1132.021
1055.132
1006.308
944.199
896.733
872.455
995.042
1034.109
1024.496
982.845
949.874
938.620
882.471
910.597
864.331
833.364
844.520
847.999
831.553
854.188
841.416
860.061
828.232
833.367
827.645
852.495
831.671
823.533
836.251
1022.107
1070.308
951.565
903.203
1097.985
1101.431
1104.773
1038.903
985.649
1209.260
1071.570
990.894
945.876
1037.293
1131.143
988.931
937.477
876.313
902.767
860.181
876.481
844.261
847.646
860.877
857.665
852.864
833.712
841.957
824.201
850.321
904.385
1120.415
1149.923
1177.242
1073.124
1146.895
1054.834
1005.753
983.732
987.205
1027.135
1149.422
1278.271
1164.328
1138.308
1070.100
1082.944
1002.213
919.890
976.738
928.991
920.624
956.453
982.677
1003.267
966.107
976.293
965.383
995.486
989.591
1138.899
1290.290
1202.469
1335.376
1525.198
1460.361
1316.627
1583.658
1402.919
1255.499
1407.780
1600.534
1445.185
1261.755
1259.583
1204.656
1166.796
1172.049
1162.248
1156.059
1159.339
1133.335
1152.336
1120.253
1124.928
1576.561
1720.177
1565.053
1376.235
1346.947
1313.823
1250.962
1349.784
1498.925
1545.101
1488.748
1289.827
1230.366
1211.545
1196.924
1182.210
1189.218
1206.615
1152.285
1142.591
1157.716
1162.570
1114.851
1478.336
1647.128
1461.957
1385.442
1681.508
1487.315
1410.496
1642.996
1426.020
1433.796
1663.596
1404.115
1667.248
1638.304
1587.405
1517.861
1483.321
1474.055
1437.526
1448.272
1461.854
1458.147
1479.841
1876.305
2004.299
1953.437
1719.971
1646.084
1527.500
1557.180
1640.563
1978.537
2132.273
1862.550
1821.840
1715.834
1604.768
1555.660
1538.714
1512.098
1478.567
1473.448
1490.001
1449.607
1422.026
1479.648
1997.111
1941.689
1708.519
1870.955
1744.387
1822.460
1970.081
1951.125
1830.307
1861.182
1679.009
1677.377
1566.856
1532.077
1481.028
1489.744
1512.495
1484.911
1459.060
1440.393
1484.493
1621.442
2210.173
2139.258
2037.640
1741.227
1704.329
1675.407
1641.285
1879.900
2157.868
1777.121
1805.666
1653.652
1557.555
1507.787
1504.909
1480.581
1503.558
1463.530
1463.141
1477.290
1452.191
1516.666
1955.488
1921.201
1744.292
1904.384
1821.141
1810.710
1946.038
1765.545
1922.843
1876.602
1709.235
1625.768
1565.111
1502.386
1493.638
1500.181
1476.500
1477.117
1476.191
1455.411
1449.469
1899.304
2048.091
2067.424
1880.012
1717.472
1627.055
1672.969
1705.423
2110.883
1875.377
1739.635
1679.354
1602.065
1548.233
1554.352
1489.918
1482.003
1512.855
1459.109
1450.407
1476.989
1937.118
2024.759
1844.172
1834.567
2021.720
1884.931
1726.127
1646.245
1679.475
2025.002
1820.302
1635.800
1645.273
1610.363
1574.484
1531.283
1507.483
1517.829
1525.857
1535.953
1517.585
2184.001
2006.417
2133.849
1900.246
1770.475
1648.307
1784.284
1904.225
2007.711
1864.985
1743.888
1654.398
1592.518
1594.907
1574.668
1570.090
1563.890
1545.015
1556.942
1524.414
2331.148
2328.566
2087.384
2137.176
2042.565
1888.150
1728.390
1822.414
2179.203
1989.846
1938.411
1904.370
1790.756
1759.790
1727.614
1718.179
1655.440
1657.722
1803.436
2502.967
2439.804
2217.731
1995.995
1925.321
1932.977
2258.003
2072.545
2079.041
1975.804
1835.858
1754.054
1737.753
1695.768
1654.214
1661.006
1663.515
1790.266
2274.129
1970.034
2016.225
2300.748
2106.729
1942.492
1814.678
2434.221
2199.144
2006.881
1847.466
1805.935
1731.246
1718.324
1704.620
1640.972
1641.314
2152.308
2389.152
2389.358
2137.773
1947.803
1952.791
2289.596
2228.625
2018.714
1873.774
1822.641
1770.045
1743.866
1750.983
1670.027
1669.237
1755.778
2223.641
2416.661
2490.386
2493.861
2333.921
2109.027
2101.226
2463.832
2142.750
1969.995
1906.158
1850.256
1811.270
1810.225
1780.922
1770.077
2008.596
2625.070
2674.793
2273.342
2132.468
2197.493
2274.827
2307.188
2236.651
2097.961
1970.874
1900.790
1800.774
1826.442
1768.390
1778.902
1792.697
2283.963
2421.578
2365.896
2428.925
2224.851
2018.313
2320.606
2545.371
2244.535
2145.060
2006.434
1912.709
1848.607
1778.862
1779.865
1889.728
2361.806
2761.840
2332.816
2186.808
2161.339
2387.581
2356.833
2219.725
2038.485
1924.155
1901.686
1865.570
1952.942
1900.190
1916.664
2368.076
2503.587
2570.560
2754.391
2582.317
2326.708
2565.856
2492.798
2218.776
2078.354
2040.244
2002.151
1952.916
1927.272
1907.006
2752.843
2902.510
2540.327
2288.300
2287.637
2562.718
3200.267
2803.966
2745.486
2678.545
2665.030
2631.208
2524.587
2522.456
3218.803
2944.951
3283.186
3075.083
2905.998
3568.713
3130.905
2833.686
2687.338
2639.209
2608.818
2515.968
2482.540
3377.597
3473.781
3136.157
2950.365
3358.743
3040.804
2924.729
2762.666
2619.125
2626.842
2562.349
2547.523
2503.679
3480.580
3359.231
3387.695
3323.855
3052.627
3414.121
3196.280
2924.283
2729.400
2630.721
2558.254
2552.917
2636.268
3412.032
3395.018
3036.745
2919.245
3412.366
3510.811
2940.175
2834.829
2712.275
2602.518
2561.824
2517.791
2604.991
3457.648
3388.244
3345.427
3253.166
3191.479
3547.770
3232.204
3145.114
3036.893
2948.803
2889.209
3990.476
4017.392
3515.612
3812.904
3692.274
3421.451
3170.892
3098.887
2957.421
2954.125
3141.392
3365.815
3884.474
3697.607
3731.276
3390.414
3219.069
3010.457
2993.735
2951.462
3702.773
3854.043
3307.740
3943.916
3598.091
3091.865
3019.725
2987.336
2918.272
2883.832
2964.053
3024.786
3771.573
3870.649
3948.924
3401.042
3340.835
3166.885
3039.587
2968.248
2933.419
3679.102
3508.452
3737.131
3531.681
3036.045
2988.744
2888.600
2891.297
2866.520
2808.725
3068.727
3849.327
3599.117
3722.231
3562.197
3292.931
3122.289
3001.771
2943.503
2874.361
3378.771
3157.528
3549.225
3664.377
3256.213
3123.256
3032.207
2883.300
2898.804
3023.772
3076.216
3455.293
3497.755
3572.526
3467.348
3185.052
2974.489
2920.398
2879.455
2882.647
3502.286
3285.605
3692.581
3383.417
3151.553
3015.402
2915.818
2888.364
2871.825
2975.501
3396.478
3791.194
3419.643
3617.726
3373.210
3263.895
3050.555
2950.830
2908.512
2876.730
3508.360
3185.794
3422.219
3661.106
3360.219
3154.320
2947.810
2866.860
2847.789
2811.256
3376.531
3686.970
3452.134
3521.590
3144.031
3015.467
2869.941
2872.968
2846.210
3798.094
3413.181
3392.635
3435.913
3191.251
2979.449
2912.933
2871.717
2840.413
2837.119
3239.001
3788.675
3365.018
3565.626
3577.096
3302.502
3105.196
3014.956
2948.562
3018.705
3529.824
3353.584
3504.222
3651.613
3278.666
2971.476
2924.270
3085.922
3076.822
3269.281
4076.078
3694.798
3684.229
3478.817
3265.704
3095.014
3126.445
3024.962
3838.080
3663.137
3999.301
3814.567
3359.567
3185.734
3116.870
3052.238
3172.441
4037.400
3838.116
3888.840
3545.733
3402.731
3216.144
3129.206
3089.263
3724.961
3823.752
3872.524
3489.416
3281.444
3164.242
3084.488
3038.851
3859.930
3962.933
3734.978
3770.074
3318.889
3295.060
3125.268
3079.738
3513.171
3592.972
3763.339
3765.078
3472.616
3318.143
3166.854
3035.481
3032.419
3384.577
3771.452
3782.310
3767.140
3420.558
3335.105
3169.346
3084.926
3762.086
3718.286
3944.565
3648.409
3367.400
3300.230
3158.801
3257.701
3670.029
3776.775
3613.636
3515.257
3299.587
3121.772
3078.489
3105.821
3809.918
3488.062
4182.294
3668.464
3486.547
3283.687
3060.467
3064.900
3438.522
3970.081
3904.443
3484.257
3305.079
3168.394
3274.998
3275.269
3965.429
3829.774
4143.190
3750.389
3564.055
3366.481
3318.503
3694.446
3975.908
4233.707
3905.024
3534.805
3346.021
3284.746
3263.745
3274.490
3878.193
3879.830
4058.031
3813.978
3550.061
3381.510
3326.643
3272.528
3730.325
4126.814
3750.634
3786.972
3570.645
3400.193
3276.970
3589.066
4073.333
3722.771
3938.787
3608.847
3443.268
3427.835
3545.650
3856.313
4345.387
4363.561
4030.112
3789.875
3746.682
3669.614
3543.863
4255.614
4071.767
4216.793
4068.090
3725.129
3585.542
3546.188
3517.559
4257.737
4316.801
4071.735
4022.549
3832.580
3627.883
3565.103
4250.058
4105.582
4261.235
3948.641
3746.398
3638.323
3574.101
3665.176
4343.814
4431.815
4223.788
4096.545
3859.582
3639.268
3606.630
4216.657
4085.028
4264.502
4095.697
4058.939
4017.203
3862.347
4292.833
4745.818
4423.032
4332.474
4090.174
4037.517
3864.327
4602.568
4416.397
4519.227
4410.527
4120.673
3911.311
3966.847
4447.003
4667.595
4534.661
4122.432
4058.216
3932.594
3841.776
4666.581
4479.843
4552.342
4455.790
4328.305
4203.925
4141.774
4633.853
4928.894
4734.621
4390.747
4257.459
4185.140
4104.993
4968.505
4581.215
4771.384
4725.453
4449.617
4241.992
4135.922
4405.970
4961.674
4740.516
4609.533
4372.544
4188.954
4127.553
4876.049
4810.297
4900.470
4602.241
4354.492
4192.998
4306.427
4978.905
5139.683
4677.330
4469.426
4214.566
4140.860
4290.642
4901.187
4917.105
5066.694
4466.446
4254.532
4104.664
4216.467
4940.898
4782.348
4947.097
4546.571
4401.199
4194.598
4213.116
4947.417
4689.258
4720.882
4363.202
4254.519
4154.736
4100.871
4834.916
5037.751
4683.569
4652.073
4410.626
4236.836
4168.268
5095.554
4711.445
4831.905
4499.844
4202.306
4075.792
4072.689
4833.596
5017.433
4882.459
4795.095
4349.404
4269.074
4454.828
5263.301
4710.253
4599.452
4304.874
4246.897
4168.486
4517.826
5142.417
4979.539
4625.129
4379.720
4314.700
4310.112
4194.863
4998.102
4683.301
4863.391
4400.275
4277.252
4222.554
4173.310
4809.589
4722.097
4861.946
4606.901
4287.292
4289.109
5159.318
4887.031
4830.619
4500.171
4254.618
4186.634
4176.228
5134.752
5161.827
4755.072
4368.949
4273.040
4179.039
4322.952
4924.688
4693.991
4929.920
4441.604
4292.776
4210.010
4681.141
5254.818
4607.644
4367.716
4304.366
4229.351
4170.821
5412.826
5012.229
4729.527
4313.431
4222.472
4184.137
4152.795
4910.797
4537.396
4799.748
4400.620
4315.687
4217.693
4375.780
5084.782
4628.670
4472.595
4326.848
4230.396
4164.999
4678.179
5347.794
4749.337
4406.881
4271.681
4194.092
4330.399
4807.547
4841.292
4566.878
4394.483
4236.059
4159.706
4561.190
4898.067
4861.254
4617.465
4410.070
4240.564
4365.479
4807.574
4640.812
4691.914
4474.882
4299.814
4198.625
4191.380
5040.060
5050.693
4914.923
4608.501
4422.374
4661.211
5200.108
4994.835
4931.040
4553.445
4476.890
4426.009
5004.435
5228.439
5116.598
4895.681
4624.313
4437.262
5046.911
4882.717
5133.926
4934.714
4603.878
4470.336
4575.395
5046.526
5572.712
5295.635
5031.804
4842.587
4748.255
5223.752
5659.564
5580.355
5108.053
4979.195
4854.718
5034.543
5745.823
5624.793
5199.729
4896.665
4817.652
5374.169
5817.997
5706.033
5160.246
4952.476
4716.113
4639.011
5545.284
5797.729
5505.111
4996.251
4865.417
4897.803
5589.354
5334.190
5361.823
5108.511
4956.171
4881.530
5466.043
5775.842
5552.910
5166.603
4949.353
4749.121
5498.237
5359.555
5721.078
5392.432
5096.514
4922.938
5310.827
5679.724
6091.578
5907.480
5424.153
5307.293
6402.660
5919.311
6214.967
5634.856
5413.034
5335.079
6243.323
6490.888
6124.606
5652.472
5444.488
5421.678
6358.828
6323.410
6206.208
5653.827
5419.971
5377.912
6398.392
6500.369
6266.897
5864.704
5598.928
6549.640
6322.043
6217.611
5667.022
5361.144
5326.698
6208.789
6808.592
6318.315
5845.323
5589.317
5840.107
6533.026
6660.020
6372.501
5810.940
5566.419
6725.234
6742.454
6252.505
5785.704
5665.620
5584.339
6579.462
6742.995
6460.420
6068.647
5778.600
6546.372
6504.048
6202.265
6583.649
6325.604
6151.109
7265.697
7664.893
7288.280
6634.897
6421.676
7377.912
7280.236
6702.139
6490.938
6780.008
7392.535
7798.559
6896.005
6669.598
6634.952
7053.816
7237.934
6792.003
6438.423
6229.668
6813.761
7774.259
7066.121
6780.030
6579.472
7435.616
7400.282
6984.254
6702.562
6367.790
7632.100
7230.421
6702.111
6521.344
6643.031
7393.088
7595.787
7153.025
6824.072
6598.873
7064.766
7976.394
7209.326
6892.197
6675.243
7845.754
7769.479
7254.896
6895.183
6585.416
7840.088
7842.006
7228.550
6748.464
7057.539
8037.270
7638.731
7009.531
6670.494
6645.774
7770.790
7892.134
7236.569
6811.273
7100.315
7957.651
7720.310
6926.483
6851.858
7061.621
7934.361
7471.148
7412.455
6724.558
7093.236
7832.788
7536.975
6973.064
6684.356
6912.825
7467.781
7758.884
7499.317
6800.614
6772.480
7611.696
7430.623
7017.628
6754.133
6741.091
7626.569
7707.938
7292.751
6822.185
6726.677
7420.528
7766.975
7289.660
7017.848
6811.197
7495.879
7728.858
7199.212
6799.621
6832.515
7902.286
7635.361
7105.685
6885.890
6697.192
7634.213
7875.137
7436.333
7098.399
6843.076
7850.089
7829.057
7429.217
6901.171
6758.900
7778.606
7947.730
7280.246
6847.997
7198.640
8005.202
7617.528
7197.880
6904.833
7046.927
7778.905
7922.470
7486.345
6991.482
7261.746
8069.963
7523.053
7132.412
6849.840
7375.148
8186.808
7969.557
7359.444
6932.696
7777.834
8360.440
7807.773
7177.959
6946.224
7816.531
7892.319
7543.406
7049.461
6882.772
7890.076
7952.727
7403.456
7163.266
7460.563
8086.042
8145.634
7475.154
7235.368
7049.830
8040.861
8707.691
8589.211
8159.949
8707.630
8855.135
9005.479
8230.646
8187.012
8381.152
9541.171
8911.182
8738.386
8430.783
9091.887
9175.203
8807.776
8390.849
8313.926
9595.496
8914.347
8579.111
8268.671
8160.313
9086.716
9439.948
8747.531
8312.682
8811.630
9595.177
9176.982
8551.920
8299.093
9591.014
9448.562
8842.401
8396.087
8611.766
9665.391
9226.977
8615.852
8341.747
8403.727
9048.687
9597.336
8596.441
8209.784
9448.874
9255.833
8741.346
8429.458
8062.940
9556.949
9498.377
8856.319
8421.779
8246.889
9241.888
9355.142
8563.680
8392.080
9704.577
9611.789
8942.225
8630.520
8384.541
9607.040
9723.419
9010.852
8808.567
9044.389
9427.497
9410.930
8782.817
8719.869
9882.094
9357.555
9042.279
8643.923
8360.188
9267.725
9618.016
8759.713
8432.674
10011.364
10167.159
9599.141
9163.595
9692.795
10534.034
9847.201
9349.640
9805.256
10522.381
9879.427
9419.378
9737.917
10219.805
10463.921
9549.969
9145.389
10136.630
10500.203
9777.004
9385.240
10290.032
10369.589
9535.493
8885.555
9796.552
10682.443
9518.544
8928.114
9533.309
10403.885
9806.917
9105.602
8877.175
10579.330
9746.494
9290.900
9140.666
10333.495
10078.818
9489.855
9235.037
10120.612
9805.844
9301.235
9094.577
10016.347
10027.193
9427.648
8944.097
10302.460
9870.026
9265.571
8906.695
9707.166
10125.896
9402.838
8947.209
9906.743
9676.220
8992.786
8790.496
9964.938
10019.077
9576.649
8933.534
9780.529
9781.373
9259.693
9253.817
10260.686
10491.741
9829.228
9204.194
10115.832
10431.073
9816.252
9389.992
10503.279
10559.523
9803.114
9373.108
10419.964
10282.456
9488.447
9297.021
10517.519
10597.110
9960.736
9227.107
10297.611
10229.545
9457.799
9372.083
10304.757
10591.941
9966.213
9296.810
10331.986
10441.341
9799.617
9340.196
10567.996
10813.802
9999.381
9525.883
10395.470
10370.222
9532.468
9223.583
10745.390
10763.956
9587.643
9486.665
10530.797
10716.802
9532.291
9650.541
10877.602
10324.427
9543.524
9166.992
10482.450
10523.869
9807.596
10089.936
10345.230
9651.801
9183.233
9783.743
10582.132
9824.743
9273.908
9251.333
10030.215
9701.245
9202.534
9540.367
10171.581
9466.269
9114.216
9540.395
9677.536
9360.618
9167.126
9468.104
9877.857
9325.807
9127.593
9396.465
9809.200
9519.509
9111.585
9385.651
9931.904
9612.251
9216.047
9690.288
9962.728
9506.167
9178.835
9887.907
9664.454
9228.577
9305.486
9622.848
9975.799
9411.384
9273.687
10231.991
9757.239
9313.324
9421.884
10078.578
9582.464
9335.430
9536.084
10122.522
9692.205
9289.786
9772.754
10075.964
9508.972
9099.264
9891.212
9829.162
9496.772
9354.085
9902.320
9991.772
9348.478
9013.516
10114.134
10242.212
9586.345
9661.460
10164.411
9677.981
9308.813
9717.615
10401.066
9520.634
9214.498
9766.896
9998.911
9686.236
9270.788
10065.234
9712.814
9323.516
9247.741
9698.126
10135.022
9423.288
9090.025
10157.876
9745.255
9134.875
9355.728
10179.036
9611.372
9261.647
9440.662
10300.700
9625.981
9196.074
9695.697
10019.373
9547.191
9316.042
10131.470
9811.524
9301.621
9073.947
9605.123
9763.903
9228.993
9537.796
10256.871
9603.200
9304.952
9693.770
10183.974
9633.368
9296.566
10121.956
9684.985
9354.885
9118.108
9781.879
10018.728
9509.648
9739.277
10216.642
9633.904
9262.909
9789.935
10122.604
9555.526
9186.835
10135.299
10113.932
9487.684
9749.578
10523.603
10117.858
9719.991
9774.848
10908.547
10239.099
9774.608
10682.779
10694.544
9999.856
9680.134
10625.840
10444.064
10045.858
10612.441
11042.628
10266.635
9965.246
11212.067
10710.081
10121.526
9879.759
10519.730
10773.242
10058.506
10669.879
11055.248
10412.917
10069.755
10914.769
10290.234
9898.021
11400.876
10834.155
10055.090
9845.200
10991.407
10527.680
9898.597
11280.960
10727.054
10140.324
9842.994
10826.860
10773.996
10062.386
11077.342
11081.450
10232.555
9917.480
11074.834
10728.552
10027.423
11344.095
10915.048
10539.490
9876.378
10660.069
10974.847
10310.849
11007.932
11080.253
10068.833
9926.776
11230.402
10812.482
10103.230
11437.892
11049.950
10157.592
9955.901
11012.238
10855.679
10100.317
11071.486
10788.224
10090.437
9925.580
11097.757
10845.677
10113.809
11076.837
10751.335
9985.745
9792.290
11052.419
10740.849
10042.208
10974.382
10729.016
9922.259
10274.833
11240.253
10661.456
9940.540
11511.146
10851.377
10064.040
10956.829
11094.467
10172.653
9790.511
