0.605
1.015
1.289
1.185
1.372
1.911
2.768
3.111
3.174
3.724
3.881
4.131
3.894
4.921
5.215
5.567
7.428
7.524
7.711
7.025
7.506
7.559
8.606
12.451
9.605
9.680
10.008
10.528
11.481
10.443
11.055
12.605
14.056
12.793
13.652
15.328
14.645
15.697
16.941
17.468
18.391
19.837
27.614
25.131
32.543
29.204
34.599
30.668
34.679
43.153
47.550
44.078
47.463
47.315
48.789
47.881
49.077
45.545
51.372
50.859
59.594
53.855
55.878
56.341
56.015
61.451
57.847
59.745
60.630
62.630
64.062
65.578
65.586
66.564
65.570
72.617
72.275
73.316
81.340
79.351
80.116
84.532
85.717
88.726
96.754
98.892
95.075
95.338
99.292
170.167
170.568
190.517
182.459
188.961
183.308
194.247
205.741
242.355
245.681
252.277
261.422
264.017
254.624
262.245
276.537
272.071
266.666
260.721
296.401
292.822
297.486
378.237
388.605
378.388
406.815
398.589
397.547
396.719
392.933
413.057
425.761
433.218
441.944
453.458
437.621
490.184
494.100
477.587
488.379
483.499
494.392
470.361
499.934
493.612
531.061
541.084
607.553
581.248
580.215
603.260
649.650
645.256
650.031
641.539
646.877
717.336
724.572
765.735
779.435
797.080
804.525
808.357
813.489
810.618
835.786
809.651
790.949
836.046
827.041
855.239
859.474
875.367
811.964
856.834
854.624
873.360
876.830
927.232
913.744
925.018
969.857
951.924
1000.063
990.764
1031.452
1024.749
1043.436
1035.931
1013.932
1035.240
1067.039
1065.281
1087.747
1104.680
1125.034
869.046
839.998
847.825
862.674
867.859
882.233
887.308
898.130
909.708
945.447
902.415
955.303
1015.668
1013.734
1018.866
1053.056
1971.589
1973.335
2059.909
2115.791
2075.900
2093.015
2088.052
2034.917
2070.109
2084.830
2104.771
2124.993
2177.136
2178.234
2269.791
2552.266
2537.388
2591.270
2616.159
2601.995
2662.557
2578.799
2617.787
2632.655
2606.407
2639.215
2783.426
2738.504
2746.538
2760.657
2813.813
3119.806
3137.021
3201.134
3207.432
3218.830
3216.685
3309.777
3301.507
3374.966
3364.231
3400.676
3428.035
3470.024
3870.135
3964.963
3884.400
3796.752
3628.496
3567.330
3562.460
3585.997
3709.790
3632.079
3698.040
3633.253
3653.974
3798.315
3801.631
3765.158
3768.944
3713.648
3775.186
3816.865
3769.058
3827.250
3948.404
4115.332
4093.630
4528.130
5055.653
5381.251
4986.072
4797.368
5090.305
4995.406
5039.551
5042.469
5012.839
4717.583
4728.425
4737.349
4757.915
5034.207
5193.885
5164.440
5201.010
5404.001
5516.528
5822.705
5883.952
5794.827
4183.111
4203.659
4257.145
4831.450
4964.551
5021.863
4661.976
4595.229
5019.654
4918.269
5365.772
5424.545
5477.834
5341.060
5335.868
5347.133
5350.025
5344.766
5398.799
5387.339
5400.786
4708.339
4699.812
4782.209
6050.966
5433.757
5156.639
5172.916
5079.509
4864.896
4910.590
4851.744
4866.284
4932.355
4992.635
5013.151
5011.596
5047.967
5632.912
5610.378
6619.020
6115.851
6557.184
6214.349
6174.317
6243.207
6216.485
6218.419
6204.563
6160.022
6341.134
6321.077
6296.094
6207.200
7062.585
7175.208
8914.218
7500.495
7284.531
7246.699
7394.654
7740.926
7605.959
7678.494
7629.117
7973.599
7764.344
7910.884
8137.145
8184.085
9975.864
9315.659
11299.764
11381.051
12281.685
12294.639
12267.933
12252.873
12212.455
12469.283
12629.025
12909.468
13292.153
12820.153
12853.042
12836.978
12850.435
12803.633
12720.083
13269.009
13771.859
15079.515
15125.515
14434.030
14141.183
14085.083
14023.667
13982.518
14004.804
14001.864
13947.067
14669.760
16586.870
15185.114
14785.405
14806.473
14806.375
14731.734
14777.077
15171.324
15345.231
15299.326
17013.491
16430.296
15635.773
15791.233
15543.824
15714.676
15776.696
15853.404
15759.396
15653.938
15781.063
16987.965
15758.317
15337.263
14700.023
14892.872
14807.704
15478.086
15274.444
15580.184
15533.238
19738.244
17418.234
17810.287
17548.086
17838.392
17687.571
17725.863
17911.722
20517.865
19935.258
19579.771
19330.718
19148.013
20295.271
20410.316
20386.937
20765.926
19052.049
18918.432
19012.281
18942.432
19254.250
19172.955
19021.052
21532.488
19793.679
19409.972
19374.007
20987.923
20602.672
21371.097
21330.313
23198.626
22050.748
21215.614
21653.156
21855.755
21896.480
22220.858
23265.136
22915.003
22474.956
22582.550
22425.995
22524.854
21675.704
24337.979
22729.336
22813.999
23538.641
23498.618
23787.284
23682.478
25758.727
26782.158
26507.901
26729.425
27100.284
26492.138
1053.659
978.643
989.561
2120.594
1306.377
1075.814
1043.053
1008.095
984.536
979.333
976.819
991.196
971.841
973.572
1009.259
1007.717
990.233
991.694
990.900
992.872
993.258
987.273
1004.163
990.550
1138.758
1141.185
1155.804
1103.411
1101.535
1101.948
1572.694
1574.251
1651.152
1804.909
1797.179
1776.367
1820.211
1810.728
1887.010
1860.612
1829.949
1804.256
1809.463
1875.814
1858.029
1790.673
1810.991
2049.204
4757.400
2584.543
2194.977
2251.447
2262.241
2242.472
2119.916
2091.770
2204.507
2238.416
2070.452
2081.759
2110.013
2208.185
2185.067
2098.865
2040.320
2116.231
2154.113
2117.885
2066.886
2039.943
2149.016
2123.297
2100.254
2016.376
2037.632
2240.629
2546.931
2876.168
2883.471
2676.606
2398.277
2113.108
2084.825
2229.750
2178.760
2048.910
2068.606
2118.732
2194.369
2186.319
2113.322
2036.673
2160.426
2179.226
2111.342
2064.345
2064.408
2178.097
2064.874
2042.454
2032.165
2094.544
2163.659
2224.118
3034.906
3081.889
2310.300
2224.360
2747.392
2410.920
2266.215
2129.263
2091.336
2059.789
2181.697
2189.047
2060.291
2026.462
1999.625
2150.324
2119.493
2006.653
2005.890
2050.283
2121.355
2132.553
2098.836
1973.683
2059.230
2122.975
2123.779
2054.529
2261.888
2198.465
2825.746
2613.751
3221.202
2228.085
2150.074
2019.553
2010.594
2060.464
2056.224
2002.829
1998.528
2106.488
2172.091
2113.248
2088.132
2096.431
2073.305
2095.667
2282.100
2277.780
2301.159
2286.224
2295.866
2279.650
2284.400
2489.858
3347.045
2590.909
2482.904
3147.292
2812.980
2453.265
2403.981
2412.648
2496.764
2524.289
2491.695
2489.236
2504.008
2491.151
2504.882
2588.192
2575.517
2531.505
2501.547
2478.648
2477.876
2494.583
2480.971
2541.493
2468.175
2472.092
2907.557
2923.060
3649.552
2722.250
2714.264
2594.280
2517.735
2509.835
2573.528
2563.230
2543.919
2541.976
2560.316
2539.374
2547.229
2541.150
2529.577
2551.017
2538.713
2597.622
2639.952
2796.395
2707.067
2710.400
3023.482
3399.958
2857.847
2961.765
3257.832
2840.146
2762.703
2734.685
2753.957
2730.232
2742.984
2734.385
2741.286
2722.773
2720.456
2734.829
2730.623
2723.526
2714.560
2711.472
2725.383
2703.967
2724.882
3366.540
3075.152
3231.901
3139.770
2824.349
2799.598
2784.814
2753.581
2755.928
2772.846
2766.407
2748.146
2745.631
2770.217
2737.733
2758.055
2743.701
2756.630
2737.088
2748.064
2727.825
2749.657
2728.514
3407.909
3021.820
2813.059
3049.912
3217.650
2826.120
2760.574
2647.719
2629.903
2644.999
2625.592
2625.967
2637.238
2638.571
2620.084
2619.976
2629.469
2615.105
2628.626
2612.148
2731.104
2717.740
2716.653
2699.360
2983.287
3113.239
3067.693
3068.189
2855.015
2790.874
2801.398
2776.838
2786.228
2769.576
2895.357
2821.249
2766.822
2764.070
2773.972
2773.176
2759.138
2762.328
2775.722
2773.985
2758.042
2751.998
2769.880
2930.609
3407.362
3226.562
2863.173
2972.821
2889.659
2794.942
2807.668
2788.714
2770.232
2771.222
2788.671
2781.734
2762.867
2894.408
2999.521
3054.977
2912.213
2855.636
2867.906
2867.501
2841.769
3495.863
3025.170
3332.584
3102.181
2915.843
2876.147
2932.346
2954.590
2891.348
2885.606
2860.797
2858.112
2875.948
2871.518
2857.542
2849.125
2866.286
2870.127
2848.602
2904.692
3093.938
3290.564
3074.319
2904.636
3380.055
3031.035
2964.137
2913.095
2867.096
2891.904
2962.027
2915.584
2863.375
2876.755
2854.645
2871.901
2855.537
2867.860
2852.051
2870.097
3253.536
3153.570
3241.315
3072.119
2922.438
2884.310
2918.757
2936.846
2882.365
3233.621
3233.475
3250.450
3243.039
3363.688
3382.044
3395.882
3471.576
3380.565
3847.938
4200.379
3756.871
3916.621
3650.944
3747.549
3789.657
3702.498
3791.331
3919.336
3715.112
3869.743
3822.807
3866.200
3981.538
3832.888
30.041
30.364
30.014
28.652
98.131
76.444
47.595
45.073
30.777
30.559
70.953
85.322
91.719
310.826
155.605
35.444
32.960
34.414
33.123
32.606
31.783
32.550
31.525
32.139
31.413
31.517
30.552
30.343
30.472
30.746
30.241
30.944
29.904
30.603
30.604
29.922
29.937
30.098
29.528
48.246
30.682
30.711
30.282
30.437
30.370
30.264
29.823
30.089
30.200
29.656
29.938
29.896
29.710
29.509
29.658
29.456
30.637
30.335
30.174
29.998
31.041
32.142
31.279
31.180
32.413
63.224
35.591
34.352
32.924
38.275
36.934
36.929
36.984
36.707
36.502
36.605
37.011
36.635
37.622
38.002
165.991
127.800
90.450
121.818
97.827
148.211
87.012
47.040
44.960
366.402
252.424
41.217
38.594
39.578
37.587
36.945
37.490
36.390
36.150
36.285
36.514
36.012
35.731
36.127
35.817
36.032
36.227
35.732
35.142
36.546
36.630
36.056
36.133
36.026
35.799
36.611
36.323
36.295
36.720
37.191
36.933
36.494
37.046
37.348
37.266
37.132
36.830
38.693
37.595
37.885
44.273
84.498
54.483
40.231
39.922
39.142
38.741
38.655
38.230
38.889
38.113
73.605
65.339
62.849
119.078
61.984
75.989
72.526
71.433
77.597
74.966
77.766
89.880
96.677
123.123
187.804
227.642
82.849
57.065
112.241
193.024
53.632
50.765
50.632
66.689
48.210
47.885
46.316
46.229
46.647
46.435
45.901
46.582
46.359
46.541
46.489
46.335
46.948
46.509
46.146
46.054
46.136
46.543
46.310
46.564
46.820
46.715
47.760
46.389
47.126
48.033
47.509
47.918
47.519
48.747
99.499
122.203
91.521
87.646
79.902
81.913
83.307
77.312
86.826
99.424
139.484
137.124
196.337
118.156
67.177
66.012
63.692
62.367
61.415
60.757
61.867
146.010
146.976
81.015
102.937
76.858
62.649
61.144
59.765
60.939
59.718
59.491
59.910
59.602
58.903
58.587
58.563
58.708
58.223
58.709
58.533
60.125
63.338
62.196
64.361
62.438
61.998
61.926
62.479
61.572
61.977
64.512
115.832
123.014
179.917
139.239
101.619
154.549
81.285
82.213
76.745
77.556
79.609
76.505
120.133
114.944
101.295
95.125
92.173
109.506
90.499
87.324
72.905
105.289
126.654
74.955
74.260
72.520
73.937
73.311
71.328
70.976
71.298
69.304
69.035
69.847
69.329
70.088
69.435
69.740
69.579
69.976
69.373
68.730
69.942
69.165
69.236
69.445
79.811
107.314
113.923
102.235
115.539
90.571
105.513
107.268
89.255
90.669
86.149
86.761
77.370
74.780
74.162
73.731
73.030
73.794
73.620
132.089
118.236
119.422
106.750
91.900
91.790
90.777
89.379
89.417
89.774
86.124
85.987
85.279
88.171
86.089
85.603
85.330
86.488
85.879
85.725
85.348
85.716
85.743
85.290
89.747
115.445
106.480
121.858
112.537
116.536
94.917
89.394
88.750
88.765
87.609
90.377
100.707
113.955
94.502
96.415
138.282
142.075
94.321
142.242
92.482
89.841
88.933
87.230
87.423
85.692
85.470
85.548
85.110
85.580
85.487
84.931
85.095
84.542
84.883
84.748
84.481
84.504
85.840
85.838
86.398
105.036
100.113
105.091
120.966
133.484
107.865
113.891
104.071
102.985
100.090
98.943
94.773
98.499
95.715
95.701
94.821
121.407
159.880
123.384
109.883
99.425
96.908
95.306
95.140
95.729
92.972
95.769
90.493
91.473
92.565
89.405
88.261
88.278
88.390
88.702
88.163
88.972
89.389
88.837
109.203
107.221
106.990
135.922
123.400
100.477
105.251
101.227
100.566
108.094
110.813
105.565
107.385
107.016
130.298
104.617
137.585
106.726
103.520
99.947
98.588
98.152
97.873
97.152
97.760
96.828
96.960
97.448
97.323
96.569
112.795
95.950
96.611
96.993
98.182
97.402
132.881
131.867
126.638
128.511
149.254
141.341
124.775
120.911
116.356
112.746
109.036
109.114
107.696
107.063
109.793
108.185
140.953
109.466
106.245
106.405
104.917
105.282
104.254
103.815
104.791
104.369
108.479
103.268
99.952
99.430
99.604
98.903
99.046
99.151
100.577
100.598
126.056
144.039
149.782
121.534
118.606
115.084
108.594
108.006
121.357
128.494
116.577
116.275
113.920
107.069
121.025
107.869
103.675
103.735
104.233
104.010
103.255
102.932
102.713
102.884
104.017
103.484
107.752
108.483
108.915
107.313
109.375
106.959
108.033
122.142
155.545
141.539
138.866
137.985
120.364
141.546
129.053
123.630
135.988
114.705
114.615
114.416
114.794
121.260
117.922
111.093
111.226
110.818
111.207
111.328
111.231
108.128
106.501
106.431
106.557
107.298
106.644
105.813
103.663
103.598
103.725
114.091
132.593
123.899
119.852
116.938
120.646
118.586
112.489
109.825
109.917
117.175
118.470
114.507
118.472
119.151
127.207
112.402
116.664
117.178
116.045
117.022
113.755
114.729
113.413
113.495
113.273
114.789
112.827
115.914
113.293
116.635
134.130
139.761
143.999
145.548
142.872
141.342
139.672
137.542
136.605
131.066
128.628
128.901
129.281
144.979
140.324
129.579
126.875
126.058
125.572
126.738
125.951
125.736
125.987
142.367
124.961
125.838
125.114
125.008
123.179
128.808
143.782
144.829
138.258
139.449
130.702
137.706
150.983
149.004
158.201
154.276
154.958
152.042
157.499
156.740
148.092
146.055
146.026
145.989
145.544
144.820
144.613
143.905
144.284
145.682
144.941
144.594
143.875
173.763
172.343
164.632
161.124
173.042
160.927
158.704
159.313
152.185
150.670
151.662
151.069
154.070
157.909
150.212
148.353
149.270
150.280
148.636
147.851
147.577
148.044
148.706
147.099
149.976
155.711
156.538
178.840
185.433
175.488
177.281
199.986
171.371
164.169
168.958
177.712
165.650
169.156
163.474
163.057
156.548
154.344
154.425
154.138
153.552
153.607
153.339
169.900
153.299
154.817
154.328
155.692
160.117
179.407
173.045
175.061
175.847
171.282
164.493
161.762
157.645
157.596
160.564
161.330
159.685
154.306
178.996
176.509
175.644
179.651
174.561
173.997
178.626
174.416
174.921
173.939
213.820
201.315
192.918
183.031
180.096
183.990
178.788
182.499
186.377
183.834
177.957
176.430
174.035
171.041
167.720
168.106
168.916
189.315
187.257
187.267
186.685
187.798
192.324
209.955
199.412
197.010
210.284
216.089
215.820
223.630
209.591
207.442
222.736
214.752
202.388
199.962
199.634
196.706
197.128
195.687
197.493
197.424
189.687
189.718
210.998
207.289
210.877
198.691
198.455
197.862
195.896
218.942
214.239
210.501
200.365
196.340
195.194
193.697
192.090
191.456
191.202
192.782
201.835
200.806
218.558
219.833
223.771
212.151
222.977
206.328
205.357
219.714
206.466
200.747
208.056
198.286
195.814
197.545
194.119
192.843
192.399
192.324
192.270
192.024
191.873
195.610
215.427
215.345
214.170
204.029
203.923
200.496
202.718
207.797
214.714
221.377
212.345
216.492
208.041
210.644
206.297
205.617
211.014
205.275
206.243
200.738
214.244
242.765
230.327
231.126
225.493
223.555
250.440
223.360
218.857
228.778
219.912
213.988
212.238
212.361
212.392
210.714
210.488
209.923
211.637
214.947
231.048
243.758
244.697
232.336
228.491
224.738
230.565
235.922
254.953
223.418
218.466
215.264
213.924
206.104
205.550
206.370
204.513
205.042
204.830
220.390
224.961
234.745
223.212
216.868
224.716
222.548
215.742
219.257
214.489
210.488
208.720
207.366
205.585
217.943
225.270
225.452
225.578
228.243
249.475
249.999
245.049
236.255
227.746
226.248
231.745
240.161
229.446
218.455
218.002
214.315
213.261
213.207
213.520
212.640
212.366
229.539
228.520
236.741
225.336
226.596
222.272
226.187
215.942
214.186
245.642
239.822
233.795
228.294
228.300
226.859
226.728
215.962
213.285
207.372
211.775
226.468
230.379
225.184
218.413
218.112
218.124
222.250
228.402
225.957
213.859
213.190
209.871
209.824
210.835
208.877
208.130
208.731
213.387
226.540
224.555
243.596
245.365
242.453
237.301
232.776
253.653
243.294
244.045
226.146
219.932
218.295
217.377
216.305
209.800
226.606
212.564
260.530
268.934
255.480
255.455
249.292
258.680
260.597
266.896
251.557
247.928
244.327
243.873
243.303
293.980
297.740
295.635
328.446
347.193
334.015
329.722
311.771
299.501
296.379
311.025
301.591
294.198
309.780
291.448
273.514
271.582
273.589
282.061
304.480
319.825
310.462
302.000
419.594
456.636
478.611
464.292
452.727
460.206
444.223
437.233
428.488
415.857
417.173
442.944
447.133
446.794
439.458
453.919
421.393
426.718
421.771
449.678
449.241
448.521
445.273
426.393
417.981
424.048
454.884
451.583
437.910
430.500
433.173
442.808
453.541
417.398
411.310
409.819
408.055
430.688
463.846
445.939
466.506
454.475
441.795
435.970
432.612
444.427
425.283
416.292
413.616
411.203
408.839
408.466
407.843
407.273
451.378
456.133
451.669
423.199
425.165
442.884
442.454
420.211
415.934
412.307
412.387
410.377
410.183
408.880
445.097
441.742
437.529
433.422
465.518
430.385
479.378
459.443
472.701
454.041
453.529
453.351
448.242
433.714
455.779
447.507
428.490
440.511
436.658
456.892
435.029
421.762
415.127
434.068
469.494
459.011
452.931
459.258
473.841
455.599
456.759
454.991
448.285
459.066
431.635
423.454
434.638
417.552
416.423
415.811
414.988
470.845
483.222
470.461
444.987
453.200
445.085
436.537
424.017
421.954
419.008
416.770
416.710
414.863
436.730
453.114
451.031
444.916
443.376
477.465
498.925
474.332
463.663
434.606
432.907
429.846
430.776
453.844
457.882
437.475
430.944
437.364
446.445
438.246
440.758
420.401
460.454
457.874
459.801
457.481
488.939
475.083
484.933
449.661
440.869
446.019
437.124
430.739
422.826
422.508
421.320
418.280
429.157
512.247
497.476
499.695
481.296
460.388
456.527
439.630
436.159
435.264
433.133
434.256
422.350
447.150
451.271
453.376
454.478
442.275
472.467
509.956
476.655
475.326
452.009
435.842
435.845
440.290
458.242
463.382
447.999
438.978
444.142
463.537
430.452
427.207
423.996
462.464
441.140
435.818
472.361
471.748
480.826
468.913
456.411
480.428
447.071
441.194
427.185
425.828
424.783
424.696
470.119
463.277
483.680
493.336
486.176
507.739
471.578
446.047
445.425
427.612
425.965
427.236
469.859
452.187
454.390
452.969
438.716
452.509
471.271
481.551
469.970
469.232
463.102
445.221
463.615
482.695
465.399
457.712
465.714
449.347
446.556
436.468
433.810
430.782
430.033
463.322
512.035
488.633
474.742
459.806
442.353
445.849
438.067
434.417
434.455
432.879
433.198
433.450
496.088
461.844
446.558
454.806
488.247
506.936
494.373
479.092
455.160
447.796
448.700
478.631
476.181
469.354
445.784
446.132
447.587
456.568
433.754
435.291
484.809
464.387
479.829
483.079
453.052
448.355
453.352
450.888
440.452
436.623
436.737
434.402
432.349
444.439
465.855
473.400
481.521
493.008
508.227
495.002
485.043
470.578
452.120
450.444
457.565
491.349
472.298
454.059
458.962
454.368
440.869
443.431
449.965
495.218
478.843
476.399
518.150
473.706
478.330
467.385
455.058
444.763
441.945
440.387
436.921
438.843
437.448
475.587
471.541
491.655
525.674
503.842
481.518
455.998
456.141
457.563
457.230
465.128
483.528
466.270
463.927
455.017
451.987
447.639
460.496
483.940
488.483
487.660
510.891
485.978
478.786
460.230
460.856
452.802
464.601
447.211
445.698
444.758
450.290
478.466
500.375
524.123
495.735
492.633
465.300
481.113
463.761
464.039
460.384
474.011
471.613
487.576
464.172
460.721
472.957
455.125
493.291
492.787
488.805
488.295
469.211
479.530
482.133
465.030
474.254
462.172
460.136
451.496
468.381
449.581
449.414
454.441
530.977
529.161
519.206
505.409
492.966
473.848
471.607
484.712
467.701
466.006
485.820
489.986
472.618
493.955
461.883
528.071
505.410
471.371
468.443
458.487
453.491
482.561
484.820
471.698
488.366
478.689
462.345
457.535
453.705
455.653
480.782
518.714
513.674
495.327
487.972
464.045
472.085
458.621
457.688
457.817
453.425
476.056
483.746
487.083
471.560
473.552
533.498
545.397
503.621
493.573
474.127
470.390
510.386
505.727
497.116
495.620
480.263
493.733
504.069
503.569
499.483
493.922
530.056
529.291
486.708
473.294
486.768
466.031
462.127
459.381
457.239
457.179
488.492
500.819
486.610
483.974
530.937
528.739
536.397
531.897
512.701
509.457
520.597
517.156
516.400
500.894
520.645
502.703
491.015
502.979
528.154
527.455
562.907
581.767
561.661
604.837
616.568
601.871
564.135
553.455
548.010
550.743
593.379
629.708
625.948
636.856
610.430
594.550
591.989
550.056
547.118
597.984
595.783
592.094
569.761
586.699
613.705
593.461
588.712
551.176
568.208
601.999
589.279
587.749
601.529
582.284
572.120
567.920
568.369
622.908
683.493
680.140
631.500
603.007
583.376
576.518
587.529
568.715
569.775
619.602
620.860
622.050
645.656
650.714
616.122
631.393
609.718
608.957
629.733
614.293
613.420
643.267
663.682
659.202
675.448
667.999
656.526
689.076
695.996
660.577
652.784
661.089
631.691
630.624
624.685
671.286
717.223
731.776
714.878
698.393
700.914
680.156
631.854
627.603
627.768
665.005
703.922
717.393
691.762
708.267
682.115
656.733
652.966
663.978
671.861
703.027
670.794
681.773
697.477
678.193
655.637
628.178
630.173
648.528
686.106
661.687
672.715
646.844
637.955
662.939
692.047
694.962
692.241
680.700
666.936
651.255
645.577
634.028
647.920
634.154
633.082
719.451
739.556
704.016
697.934
683.990
679.288
679.649
638.257
640.005
691.601
682.398
706.056
724.098
685.875
679.767
659.252
703.477
696.925
684.251
665.219
649.290
643.604
687.196
679.460
718.658
741.974
745.625
740.073
737.568
720.034
712.473
697.456
702.076
764.910
778.595
742.507
744.148
712.642
696.047
676.654
678.819
693.268
736.002
723.809
736.053
734.476
698.809
678.438
674.122
676.184
736.896
720.926
701.584
705.168
718.397
730.161
727.682
740.438
776.835
769.270
740.201
740.599
712.148
689.795
683.071
732.985
737.192
831.783
856.112
823.825
806.935
746.338
751.820
735.734
730.269
833.614
829.969
833.584
815.461
754.818
774.181
786.195
783.701
791.139
799.682
803.794
812.711
766.325
774.251
764.028
776.641
781.602
777.298
755.200
792.673
791.026
787.911
790.453
787.217
785.074
767.727
781.993
757.621
742.291
754.222
808.034
787.875
808.333
805.874
785.547
771.646
740.218
757.051
739.970
762.671
836.616
818.289
799.244
768.875
739.165
740.331
740.718
748.817
787.232
805.107
792.406
780.083
739.479
765.037
761.122
797.971
775.943
760.914
783.141
779.374
817.211
816.554
804.439
812.982
767.447
768.134
748.867
743.851
742.065
801.981
869.079
852.263
811.735
803.980
795.196
775.087
768.596
794.359
807.359
871.401
838.250
812.166
891.591
875.154
864.259
902.487
881.578
861.516
929.608
957.768
887.287
880.557
876.761
864.929
858.073
843.682
839.919
920.553
939.382
994.928
901.539
861.255
865.034
838.387
835.929
845.939
978.415
953.267
883.505
844.681
837.102
834.637
871.749
873.110
882.876
952.170
931.634
925.554
870.414
863.267
883.953
876.296
883.140
897.123
931.852
929.009
944.435
974.020
913.560
872.240
845.615
870.918
923.647
901.511
912.911
892.096
862.507
870.319
847.953
843.746
856.517
989.785
924.969
899.852
880.380
875.427
863.500
866.605
895.798
906.157
976.567
940.127
907.981
871.915
854.770
887.413
893.422
884.763
900.189
936.433
935.498
934.945
986.727
978.538
903.571
904.917
879.607
936.072
949.732
953.446
902.751
877.783
854.946
849.695
861.306
953.763
1011.063
995.534
986.811
945.457
906.615
866.730
899.152
898.498
996.443
997.242
976.356
908.969
877.254
909.605
908.191
902.233
963.303
962.580
875.429
877.267
958.751
909.065
920.008
897.257
888.693
959.384
1025.839
1025.533
910.782
939.286
883.066
876.068
868.546
1016.035
1011.556
955.308
926.097
969.743
978.455
994.972
1015.374
1030.491
1011.011
990.980
954.148
900.327
939.643
971.827
903.995
1005.337
986.897
977.101
964.185
996.125
909.659
903.490
916.941
948.355
972.988
1023.704
1000.698
910.349
933.050
889.564
881.340
925.910
1027.201
989.605
951.131
915.002
950.242
970.261
1046.632
1031.557
1017.647
1038.243
973.676
881.925
905.027
951.955
930.795
978.254
940.239
884.643
880.078
925.220
941.618
923.633
936.161
903.711
1000.336
1003.026
977.455
938.980
926.681
893.458
893.611
897.501
1050.374
1029.247
981.681
930.804
914.650
884.646
934.082
942.625
1034.251
1035.254
1003.956
954.732
914.523
960.459
919.354
913.868
960.447
946.311
885.292
941.688
939.227
926.189
907.232
893.818
946.023
1058.515
1050.750
982.482
960.260
919.305
891.360
951.885
1030.122
1029.904
963.264
928.113
917.079
980.645
946.045
940.446
987.550
990.715
997.904
1034.782
972.101
976.794
964.489
899.006
970.686
1013.478
992.557
973.497
960.673
902.991
904.949
893.724
1045.096
1034.172
1013.957
991.778
1017.684
989.312
999.007
959.459
1022.876
988.985
957.606
959.155
1016.339
933.746
914.105
915.695
991.842
989.991
1016.986
931.596
932.776
933.031
944.838
969.837
1113.144
1080.591
1063.819
1073.321
945.427
957.844
1004.144
1082.746
1109.494
1032.486
947.291
946.344
989.706
1002.675
997.882
1052.977
1061.228
1010.109
1068.530
1024.383
1009.630
981.983
1046.901
1044.345
1126.727
1007.650
971.495
956.395
945.959
966.296
1101.986
1035.014
1042.767
1016.433
980.468
956.074
1009.233
1077.891
1101.795
1054.060
1007.878
996.727
1031.824
982.695
1002.621
1073.789
1067.236
1020.015
1041.452
1031.074
1007.412
985.739
1057.118
1061.662
1149.172
986.430
980.396
969.171
955.693
986.292
1115.085
1102.910
1086.875
1055.288
955.647
980.062
996.547
1077.871
1086.523
1062.023
985.515
997.222
1032.697
1001.113
1003.589
1021.777
1023.304
1077.063
1103.845
991.148
971.497
962.278
1058.725
1071.975
1014.032
979.221
966.164
980.277
967.967
1043.025
1144.998
1092.406
1038.681
1028.396
979.227
1024.627
