0.040
0.015
0.060
0.362
0.188
0.260
0.628
0.592
0.994
1.468
1.313
1.366
1.165
1.212
1.341
1.354
1.391
1.368
2.037
1.382
1.561
1.977
1.724
1.783
1.785
2.632
3.715
2.683
2.767
3.029
3.188
3.462
2.952
2.934
4.059
3.179
3.498
5.091
3.752
3.726
3.826
4.428
3.880
4.189
4.619
5.256
6.704
5.475
5.994
6.317
5.678
6.453
5.979
7.722
6.361
8.862
9.420
8.168
10.428
9.980
12.430
11.917
11.822
11.167
12.491
13.273
11.354
15.115
13.333
14.321
15.036
17.559
16.269
17.620
17.779
20.069
21.402
23.418
20.308
21.226
20.070
21.921
19.209
21.331
19.878
21.120
23.258
19.681
21.516
23.932
26.687
21.243
22.701
24.360
27.614
28.033
22.684
24.475
24.103
24.191
24.175
24.661
26.935
30.036
29.580
30.813
30.268
29.854
31.491
32.237
28.286
31.136
34.492
35.636
37.020
38.347
41.094
40.228
43.155
47.561
48.441
48.325
53.622
55.246
58.852
58.908
58.078
57.959
56.786
57.888
58.359
59.824
63.608
61.343
66.403
69.212
78.082
82.356
81.267
81.196
84.814
165.838
163.562
164.147
172.211
175.181
173.625
174.159
173.079
170.726
179.509
179.626
173.482
178.349
168.636
177.543
166.199
216.197
223.647
223.283
236.595
265.454
248.063
253.281
263.897
201.173
190.999
202.079
190.451
210.253
219.265
222.679
215.125
214.077
225.731
213.467
225.070
214.893
228.531
232.123
235.823
227.381
228.019
249.580
247.125
237.563
239.553
277.178
361.623
346.829
348.496
336.329
351.346
348.272
364.135
363.771
368.896
367.685
367.323
370.007
382.867
385.247
394.779
457.434
448.128
449.326
442.769
467.532
473.124
468.532
492.078
491.103
494.982
489.393
478.865
480.540
470.587
479.381
468.667
471.998
496.353
558.519
555.786
563.978
555.484
689.599
677.883
713.464
707.800
765.395
770.600
762.847
778.723
850.009
828.663
845.281
824.864
869.705
841.655
821.219
832.320
855.593
833.236
861.881
866.136
881.519
1026.835
1061.160
1065.037
1142.013
1165.003
1209.627
1184.938
1206.052
1194.767
1383.356
1106.433
1068.390
1111.382
1112.570
1114.466
1094.807
1085.806
1053.289
1037.886
1058.577
1062.544
1103.951
1107.845
1118.084
1126.793
1124.916
1116.114
1156.858
1105.746
1234.436
1360.222
1356.474
1352.260
1418.356
1418.177
1463.364
1460.476
1480.338
1455.850
1471.291
1471.743
1466.076
1370.586
1337.520
1347.011
1335.056
1320.641
1326.100
1315.722
1350.857
1197.930
1217.133
1179.329
1195.942
1180.403
1181.066
1188.165
1217.288
1203.957
1345.223
1390.081
1382.167
1356.156
1411.744
2091.029
2095.509
2066.238
2053.854
2163.263
146.434
131.408
162.311
151.712
149.220
184.054
183.230
184.088
182.851
197.001
183.945
183.142
171.890
172.241
172.782
171.261
179.419
171.197
172.348
172.111
172.217
171.976
172.212
186.525
171.450
171.596
171.809
171.609
171.864
172.257
172.437
179.374
190.443
190.379
190.419
190.371
191.674
204.437
190.486
191.237
190.811
190.445
190.335
162.560
168.866
166.861
230.035
179.723
181.344
179.530
205.767
189.800
190.581
186.224
184.695
185.915
184.473
208.888
379.773
413.815
400.624
363.800
417.991
395.370
387.113
335.229
298.053
263.922
224.398
237.266
254.661
249.559
258.720
265.905
264.681
265.125
275.753
263.249
260.682
266.182
266.067
270.119
262.490
260.938
260.846
274.980
262.255
260.110
260.534
265.634
267.104
259.294
333.440
328.856
342.893
331.124
332.128
331.070
338.471
330.377
330.109
329.561
343.050
329.140
330.163
328.897
335.516
333.053
333.872
350.022
335.713
335.690
337.100
342.657
335.049
390.978
406.825
393.768
397.984
431.230
442.974
430.082
450.660
429.858
426.871
456.893
450.629
458.951
472.385
454.501
459.288
466.522
458.176
472.756
457.527
458.692
465.887
457.677
457.852
469.698
507.058
503.871
610.423
525.642
488.122
527.696
554.233
550.563
869.182
918.667
741.929
610.947
531.802
526.985
521.130
583.289
546.783
527.181
532.171
517.922
533.792
517.179
516.909
522.594
519.084
535.059
538.213
533.511
601.520
673.460
660.782
671.618
659.196
680.832
667.452
682.705
656.228
674.418
654.012
666.751
672.386
662.412
659.675
669.834
674.632
653.392
660.172
653.919
674.071
678.153
677.519
668.645
683.263
667.882
672.855
666.904
649.025
689.462
695.684
739.238
728.388
835.526
983.620
926.775
936.002
798.874
779.562
841.991
948.238
916.630
742.128
738.473
720.904
734.749
723.776
708.774
722.723
701.923
713.393
705.840
706.370
714.135
698.400
705.701
698.450
713.510
697.787
708.073
710.800
693.124
696.496
691.154
710.344
735.909
749.329
752.733
770.204
780.551
771.279
791.135
781.096
770.195
793.455
771.038
775.985
1096.935
1135.455
916.424
841.576
1018.539
1023.814
971.591
843.379
863.622
836.469
964.489
947.134
926.947
945.846
912.501
918.227
930.059
909.830
905.214
922.709
914.385
918.052
903.599
855.340
856.640
848.592
854.999
849.424
836.393
846.352
860.129
838.761
848.901
856.640
840.753
839.184
846.354
838.202
884.500
1036.472
1165.359
1065.767
976.245
945.923
1116.244
1236.187
1048.604
978.419
980.577
956.315
930.283
958.262
934.755
929.351
934.110
933.209
934.979
923.280
923.082
925.793
927.660
917.171
921.996
916.980
926.818
906.797
919.583
934.344
913.310
917.584
923.845
915.209
1152.853
1051.047
990.081
1125.897
1212.950
1165.283
1034.869
1009.969
989.439
1022.542
1003.794
993.253
997.266
968.129
966.711
971.736
965.362
963.754
943.383
969.628
982.565
984.663
966.369
982.253
973.916
972.487
1035.598
1036.814
1044.456
1054.967
1068.905
1072.175
1071.048
1158.009
1370.590
1177.080
1255.806
1427.083
1187.531
1126.256
1112.478
1092.518
1107.282
1080.167
1069.864
1079.219
1056.418
1079.760
1043.701
1049.028
1055.543
1064.556
1065.054
1044.357
1048.268
1059.987
1062.216
1052.169
1053.612
1044.675
1218.787
1133.246
1296.057
1314.698
1377.596
1149.002
1082.193
1106.661
1115.149
1084.102
1092.753
1073.244
1097.710
1075.322
1062.024
1085.190
1126.287
1128.430
1116.968
1125.242
1118.688
1101.091
1087.275
1086.399
1082.807
1087.948
1064.684
1039.715
1286.150
1239.837
1267.242
1298.577
1213.208
1305.532
1217.696
1169.344
1117.387
1098.382
1089.683
1071.767
1071.193
1080.831
1075.493
1077.673
1082.362
1079.307
1063.261
1070.979
1101.198
1189.894
1283.364
1283.521
1319.859
1307.244
1311.567
1289.695
1422.044
1519.921
1395.354
1496.974
1625.965
1409.735
1342.149
1297.305
1353.479
1318.292
1300.036
1281.273
1269.127
1272.840
1275.352
1264.350
1265.503
1338.782
1340.997
1319.610
1338.992
1326.598
1330.828
1315.319
1349.806
1610.569
1556.235
1566.922
1465.399
1670.060
1620.462
1542.761
1482.819
1506.722
1463.469
1519.263
1486.944
1512.485
1500.579
1476.254
1443.107
1442.205
1449.549
1473.841
1476.804
1478.236
1452.900
1740.181
1858.235
1581.329
1736.767
1544.818
1509.081
1485.641
1474.424
1496.617
1485.304
1451.674
1470.932
1486.499
1476.528
1487.973
1484.548
1506.671
1470.026
1482.365
1468.189
1551.733
1620.516
2040.034
1877.168
1915.436
1767.845
1832.884
1688.640
1667.951
1689.376
1628.472
1634.888
1634.333
1653.975
1633.485
1615.747
1629.798
1588.151
1598.803
1580.828
1592.245
1582.585
1618.947
2045.629
1934.626
1829.497
1905.605
1774.020
1681.974
1656.639
1658.590
1614.744
1626.866
1610.386
1584.812
1616.157
1650.523
1629.700
1629.982
1646.521
1613.962
1584.563
1599.123
2016.652
2140.466
2064.595
2080.740
1962.689
1897.967
1876.449
1894.465
1874.975
1870.658
1854.248
1832.047
1853.770
1837.556
1838.909
1841.571
1825.282
2103.029
2343.800
2287.360
2046.571
1951.848
1895.373
1865.612
1867.128
1865.117
1847.089
1886.182
1885.824
1862.530
1848.139
2134.733
2125.390
2528.022
2472.856
2371.019
2607.537
2438.647
2725.709
2749.885
2697.661
2648.928
2690.415
2960.084
2982.328
2957.226
2981.581
3287.387
3428.333
3173.148
3070.142
3067.014
3028.530
3192.637
3177.500
3239.353
3171.024
3136.748
3232.092
3390.973
3349.866
3591.770
3339.016
3277.355
3247.671
3225.897
3187.333
3279.484
3208.160
3160.091
3167.613
3639.436
3322.869
3309.499
3248.738
3278.733
3317.973
3272.815
3213.739
3253.619
3211.194
3181.735
3226.210
3260.911
3854.877
3371.562
3407.678
3330.318
3311.216
3445.215
3407.524
3398.076
3389.545
3388.038
3382.097
3652.677
3560.750
3817.114
3576.793
3502.040
3416.342
3416.444
749.234
747.342
715.339
716.940
710.798
724.620
718.182
708.948
732.971
803.244
965.206
1045.481
829.894
791.286
795.681
780.633
747.541
748.329
731.577
731.884
740.290
725.316
732.335
738.263
722.164
729.801
721.341
739.965
717.511
741.133
730.083
727.875
798.695
866.594
836.472
805.380
1101.752
931.559
791.725
774.251
765.176
749.083
773.936
760.845
758.862
765.145
873.867
877.055
880.699
893.337
903.867
931.422
924.584
1115.802
1086.822
1055.499
1045.195
953.320
938.745
916.119
917.846
920.434
909.656
903.396
914.197
905.376
913.400
897.036
900.025
912.205
893.294
902.118
1032.212
1090.019
968.493
1091.834
996.896
941.411
918.525
925.052
903.495
922.729
939.798
929.310
900.489
909.345
901.266
907.932
901.844
1071.421
1002.824
1009.945
1063.137
928.845
931.021
925.916
918.076
914.207
902.239
904.662
910.624
897.688
903.288
907.675
908.296
897.012
909.835
903.140
1040.704
974.778
930.444
1054.675
966.272
932.851
913.598
913.526
913.268
898.339
901.228
905.252
899.493
901.837
895.129
917.136
931.688
1026.446
975.785
1036.769
997.449
996.096
952.272
1073.586
1083.504
1097.448
1098.751
1093.201
1100.737
1088.888
1069.759
1043.105
1052.635
1060.612
1178.684
1131.115
1191.914
1188.085
1115.895
1103.040
1072.749
1074.506
1059.742
1072.227
1060.736
1052.236
1148.743
1142.549
1151.551
1341.931
1304.163
1367.984
1311.775
1264.941
1248.716
1244.919
1241.857
1231.748
1233.844
1223.010
1227.389
1221.971
1225.037
1218.778
1226.678
1261.480
1316.208
1262.401
1358.900
1312.800
1256.150
1240.341
1237.613
1226.158
1231.969
1226.843
1228.293
1218.989
1230.304
1218.530
1319.566
1279.586
1353.160
1270.027
1279.867
1269.797
1235.638
1251.361
1225.906
1242.306
1216.567
1174.437
1160.679
1165.581
1172.654
1191.785
1274.451
1200.142
1279.186
1253.288
1217.190
1193.576
1187.251
1181.610
1178.732
1167.806
1296.189
1286.905
1293.788
1287.813
1425.339
1365.922
1382.970
1369.719
1377.395
1334.904
1321.129
1323.115
1306.784
1307.257
1300.436
1321.641
1300.074
1299.576
1334.689
1368.209
1425.938
1352.269
1441.290
1365.296
1356.702
1343.677
1340.780
1317.556
1304.868
1321.718
1299.365
1299.703
1296.074
1449.279
1396.335
1559.777
1586.123
1506.727
1586.284
1581.686
1565.124
1569.644
1571.174
1613.814
1605.881
1707.530
1692.381
1643.351
1612.517
1588.113
1572.137
1559.382
1563.094
1568.810
1550.087
1577.801
1558.122
1707.999
1650.804
1705.068
1612.119
1601.954
1569.722
1578.861
1580.225
1557.971
1561.794
1568.285
1552.520
1618.333
1637.749
1665.078
1625.398
1604.381
1580.367
1590.189
1573.784
1584.300
1574.444
1574.377
1571.832
1659.199
1666.148
1695.347
1682.107
1629.231
1590.636
1590.266
1588.295
1576.687
1583.419
1594.679
1641.203
1721.755
1629.805
1730.243
1637.945
1629.499
1631.144
1606.733
1588.003
1593.451
1606.941
1604.588
1772.407
1787.989
1682.351
1655.668
1626.514
1636.652
1641.222
1647.366
1629.884
1592.985
1595.155
1582.886
1688.577
1656.032
1693.501
1655.553
1623.549
1597.583
1599.211
1610.092
1586.860
1594.021
1584.347
1786.107
1763.079
1730.967
1627.227
1611.003
1628.804
1633.265
1640.641
1638.644
1803.223
1809.218
1850.117
1961.079
1868.294
1958.293
1860.998
1853.979
1829.159
1841.517
1825.485
1835.921
1822.062
1889.831
1942.478
1969.414
1858.829
1852.754
1874.521
1896.241
1875.889
1867.636
1827.259
1847.809
1828.531
1953.896
1878.489
1920.641
1880.235
1886.480
1853.134
1921.588
1924.723
1908.355
1927.836
2047.133
2035.039
1974.346
1925.434
1936.451
1922.905
1930.698
1924.161
1902.971
1920.235
2052.077
2010.665
2075.661
2000.356
2006.573
1990.408
1999.952
1993.412
1977.039
1987.013
2098.344
2240.814
2189.297
2202.198
2205.800
2201.330
2124.836
2157.753
2194.020
2166.104
2299.138
2227.678
2251.849
2158.735
2157.020
2130.032
2139.686
2133.903
2148.891
2279.556
2250.971
2200.355
2159.371
2134.918
2130.505
2139.859
2136.722
2128.204
2290.350
2340.440
2384.919
2298.269
2280.440
2271.393
2246.612
2252.120
2283.590
2490.699
2534.711
2441.149
2393.932
2390.476
2385.854
2379.398
2410.559
2517.186
2539.021
2431.459
2403.758
2397.360
2384.531
2376.071
2390.152
2477.222
2572.672
2468.715
2450.379
2389.488
2392.265
2399.874
2385.308
2527.083
2516.823
2534.230
2500.185
2493.450
2486.793
2480.691
2508.243
2551.826
2654.263
2592.393
2547.538
2491.156
2500.740
2480.864
2480.967
173.636
222.791
177.096
214.127
214.896
174.190
164.891
166.138
164.337
152.451
153.727
156.867
155.750
156.873
153.218
156.272
154.339
153.932
154.381
153.279
171.128
169.174
171.353
174.512
157.700
181.155
155.765
182.807
198.293
173.445
166.188
168.092
153.144
153.590
151.831
150.760
148.769
146.924
149.189
149.164
149.661
147.430
147.809
156.967
148.547
190.623
178.217
191.296
210.008
189.185
194.748
187.444
175.644
170.239
172.035
159.064
166.859
164.265
176.002
190.629
164.173
158.107
157.046
154.863
164.010
171.794
161.899
162.234
162.331
161.445
177.242
161.604
161.965
197.980
215.080
209.671
218.706
205.507
192.581
192.350
203.017
214.804
201.800
188.829
181.752
187.645
177.518
172.987
169.678
171.451
180.991
162.595
162.946
162.263
161.164
161.681
158.999
168.462
166.055
164.090
163.083
170.264
226.772
220.582
211.257
211.304
205.456
202.382
188.794
184.211
178.101
187.586
175.682
189.561
225.758
216.076
188.176
192.570
184.098
178.567
177.648
191.302
175.577
174.596
173.658
174.782
176.000
180.866
174.601
204.177
215.057
223.297
233.033
220.417
209.122
202.114
213.141
205.929
209.373
210.243
234.366
201.092
189.705
191.390
186.477
182.171
181.809
181.376
180.844
181.057
194.070
177.651
177.479
176.614
179.594
223.497
240.293
229.651
228.440
244.015
205.974
203.049
196.743
199.078
194.014
198.047
205.788
228.600
213.235
197.782
190.600
185.517
184.453
185.851
195.689
187.599
186.949
186.368
202.441
233.243
235.442
237.843
237.868
224.778
223.524
220.697
219.011
245.391
229.357
217.287
205.912
200.815
214.113
196.929
187.970
187.826
207.817
193.453
191.722
191.545
190.581
198.933
220.492
243.747
259.321
251.675
252.024
235.993
224.643
228.350
212.372
214.100
217.615
228.623
243.995
222.343
211.505
203.915
201.206
204.029
200.691
201.306
216.377
201.462
198.293
238.029
260.813
257.837
248.248
253.322
255.506
241.081
232.792
223.628
251.957
223.031
215.179
209.830
221.791
204.521
200.527
202.856
201.599
207.787
198.354
201.042
200.103
258.936
262.640
275.623
267.590
272.049
245.064
243.385
232.231
239.515
233.172
228.848
255.201
244.043
222.990
217.017
211.006
205.693
206.307
206.202
202.753
201.130
202.143
244.900
273.332
292.771
273.806
251.389
254.810
253.463
245.851
243.119
231.576
222.060
243.632
229.005
215.105
222.267
213.328
211.494
212.906
224.850
209.756
208.870
208.197
250.429
280.070
282.957
279.953
279.601
252.738
246.882
237.367
249.820
233.661
230.170
256.709
228.973
217.071
209.739
213.747
220.237
210.640
209.465
208.117
223.757
218.125
268.637
286.077
278.302
272.599
273.557
268.705
253.145
246.289
241.875
250.972
237.048
224.571
221.356
231.398
214.513
211.707
215.250
212.922
217.444
210.529
207.966
297.171
297.950
293.680
292.702
273.211
261.366
252.425
262.118
243.743
233.284
230.458
221.439
222.741
223.401
217.570
234.127
219.523
219.095
214.992
214.763
267.482
285.928
278.256
286.245
255.056
253.217
251.176
250.760
238.384
232.689
226.774
225.064
220.687
223.287
222.684
271.554
260.445
258.109
271.242
252.777
252.141
284.099
314.906
300.951
299.315
298.771
274.358
277.588
298.386
326.350
307.815
308.750
275.385
268.615
268.323
269.454
260.988
259.062
258.690
258.609
259.794
301.549
332.513
315.981
301.914
316.384
319.852
312.540
305.272
287.127
274.442
283.729
274.232
268.307
260.915
270.729
260.945
260.270
258.977
258.639
309.674
325.017
312.005
299.155
284.602
286.400
290.061
287.891
286.186
315.218
312.258
309.702
285.210
270.558
268.114
273.011
261.213
260.672
275.402
287.547
307.590
319.574
303.788
297.554
315.114
316.642
303.966
292.593
289.625
277.944
274.618
284.498
269.222
269.979
265.934
274.363
264.898
270.656
324.798
333.432
322.802
325.614
294.253
305.598
336.903
315.058
318.832
334.439
301.205
286.585
291.503
275.496
272.090
268.872
276.268
266.694
314.212
358.612
330.358
312.373
318.375
328.043
316.069
318.589
293.184
286.077
293.519
282.719
278.687
293.725
278.609
278.226
276.899
301.303
336.374
360.776
328.085
304.924
291.501
325.297
318.461
312.162
347.713
323.717
304.874
297.574
289.116
284.253
282.499
282.141
279.132
330.363
346.388
345.085
327.792
326.858
330.653
334.320
305.288
296.958
305.216
292.806
288.478
291.018
279.652
277.330
293.080
273.032
304.647
365.881
335.301
316.519
320.385
311.548
335.339
342.495
336.124
342.557
318.957
306.247
297.860
301.833
289.918
286.791
300.128
314.304
363.343
368.671
338.711
332.417
339.878
334.429
315.200
304.821
301.168
309.919
291.610
288.570
289.306
294.055
284.467
285.939
351.778
374.949
343.929
328.241
313.492
345.564
336.936
332.483
347.706
314.349
306.399
313.662
292.662
297.660
296.893
283.944
337.658
371.776
341.955
337.367
341.009
348.264
323.195
310.720
298.388
293.861
302.212
290.510
286.739
286.934
286.289
286.071
344.854
361.398
371.396
331.830
315.766
322.493
332.971
326.538
360.491
324.161
314.825
318.022
304.752
300.492
312.370
299.881
355.079
372.017
359.419
364.885
338.705
335.599
327.922
317.144
331.262
325.467
304.444
304.909
308.432
298.570
297.822
356.945
375.719
364.976
355.294
324.784
367.956
348.612
341.004
359.552
331.628
318.206
304.430
300.135
296.238
302.577
292.673
362.132
369.518
354.645
342.627
330.315
332.675
331.049
321.915
387.009
392.403
382.390
401.333
381.684
381.257
428.845
462.409
481.395
419.393
409.227
416.256
448.829
429.715
428.206
417.915
394.219
398.743
380.506
378.803
386.947
452.267
485.360
452.398
445.853
432.892
441.918
403.691
394.251
396.569
399.747
409.226
389.356
391.543
394.697
390.770
486.371
462.582
447.946
414.731
455.868
420.645
429.703
445.597
407.235
408.921
384.895
384.613
379.956
433.674
476.758
460.120
446.589
430.555
456.285
426.191
410.671
405.759
403.926
414.898
398.115
404.767
392.929
460.889
469.726
448.688
430.540
420.596
453.040
425.000
435.989
403.997
409.839
403.257
388.424
393.066
415.237
477.681
494.377
491.894
458.027
485.997
460.329
440.602
429.693
426.362
424.370
422.078
430.354
416.957
441.000
521.791
492.687
466.094
487.604
466.017
460.348
481.329
465.174
436.460
434.032
435.800
428.851
509.894
498.720
495.091
467.653
495.005
460.715
461.146
446.881
457.755
439.855
438.571
438.254
457.631
523.986
501.212
480.499
479.845
485.628
505.539
481.253
468.672
448.954
442.611
449.579
440.609
514.204
497.783
483.268
472.427
482.462
450.382
459.355
451.042
463.405
446.786
453.621
442.885
536.298
511.493
488.881
495.387
517.526
485.870
491.075
459.185
457.713
438.925
453.930
501.448
555.925
525.090
504.643
501.515
489.504
462.433
465.791
455.219
464.325
449.768
445.984
485.184
567.497
519.854
495.892
476.240
504.351
492.126
493.462
461.404
472.268
442.859
447.583
488.054
536.247
510.583
497.449
494.874
479.058
456.878
463.806
455.886
457.313
442.662
437.870
501.456
546.499
500.788
480.351
478.713
487.920
522.072
471.882
453.394
461.081
441.807
437.634
495.603
505.594
494.667
473.178
469.153
464.759
477.931
461.667
465.478
453.726
453.313
443.909
520.566
533.993
495.244
488.551
520.233
516.186
483.868
463.508
456.810
456.911
470.531
480.757
561.854
589.520
532.921
540.675
503.352
507.426
489.558
490.515
476.848
487.144
468.813
561.638
542.540
529.884
524.880
533.627
565.266
513.354
504.141
497.165
505.853
488.061
629.505
619.304
587.437
612.900
570.589
568.471
547.090
549.295
526.776
523.671
521.736
607.830
608.317
560.879
578.305
572.705
569.251
547.781
545.417
558.877
539.073
558.313
635.709
607.643
599.538
566.717
573.069
558.537
560.431
550.351
547.350
555.332
629.553
655.342
592.508
571.648
587.450
553.913
552.686
539.292
552.023
529.722
579.749
631.874
598.792
593.482
601.395
569.098
563.708
558.329
563.317
546.892
554.775
607.959
611.158
594.137
587.593
593.494
588.204
567.513
571.378
554.253
559.124
606.619
632.676
598.043
573.242
584.791
570.933
553.626
559.296
542.427
552.434
551.622
643.020
618.913
591.293
612.131
585.845
572.495
551.694
545.064
546.398
545.586
630.589
605.508
613.735
582.099
566.378
583.886
559.243
564.715
547.783
553.882
638.990
606.421
579.609
579.503
582.451
596.886
570.748
580.192
548.634
555.990
632.839
639.890
626.665
610.594
593.661
589.828
571.740
583.254
569.859
581.996
673.280
631.434
608.761
624.278
624.311
607.051
587.493
578.893
577.284
575.937
680.605
645.546
637.140
647.818
617.818
607.132
609.628
589.201
596.679
674.446
677.665
631.645
621.902
612.877
612.212
595.675
605.694
590.870
587.937
677.217
670.197
637.084
645.826
613.275
613.931
615.911
596.038
601.361
655.785
693.185
657.923
636.693
616.053
607.735
600.811
595.923
599.569
589.179
683.035
647.904
638.309
635.903
595.246
590.475
597.132
577.844
585.800
579.726
650.540
637.467
604.034
614.793
662.306
614.228
621.416
602.031
597.456
685.402
655.703
643.004
641.720
614.684
588.221
605.518
590.160
601.366
618.060
654.247
645.732
611.438
632.273
632.459
596.810
590.912
594.987
581.760
660.472
659.237
630.029
631.762
602.360
604.768
605.267
588.404
607.524
666.012
685.583
643.925
627.964
637.405
626.388
612.027
611.295
614.772
618.158
679.736
671.613
623.897
608.348
610.849
597.726
611.785
595.025
597.550
668.718
631.633
646.556
647.497
620.009
629.133
629.230
610.091
610.348
677.612
652.940
637.206
628.460
601.514
609.107
598.726
593.778
655.074
661.562
632.187
635.480
631.371
625.126
630.219
611.882
623.330
670.389
652.215
648.154
640.144
627.149
620.489
603.522
598.776
619.067
666.020
654.018
630.944
617.079
633.143
626.738
602.120
617.575
612.792
620.128
648.079
653.575
686.291
654.564
636.763
616.564
614.769
617.243
603.994
664.419
631.969
622.640
630.849
646.159
637.756
632.856
605.912
609.479
660.247
643.964
651.822
638.738
623.069
612.938
607.992
599.546
619.851
644.239
642.622
685.164
683.595
700.538
673.098
662.694
650.517
649.783
704.464
686.292
700.136
689.487
685.573
664.394
670.421
673.850
662.207
725.556
706.618
672.731
686.817
712.126
665.985
659.381
671.997
664.918
717.523
725.990
721.206
698.715
671.046
671.062
681.082
674.971
720.820
746.534
690.499
697.014
736.904
694.339
666.822
676.366
709.786
735.845
727.841
721.955
725.393
684.378
671.882
678.689
661.958
698.451
727.452
697.639
687.378
703.867
708.884
679.921
675.129
683.957
730.178
727.340
726.181
713.926
703.290
700.202
702.679
682.856
729.316
748.834
722.964
740.475
741.887
717.989
700.934
680.571
688.214
748.384
745.159
734.709
717.119
700.997
710.948
687.460
690.416
745.597
748.521
735.712
738.677
748.750
733.491
696.283
695.532
697.156
786.834
770.369
745.043
712.990
708.256
697.464
694.774
698.943
739.585
743.683
724.206
718.167
720.655
708.659
695.837
691.276
745.797
754.755
744.976
750.298
737.080
721.633
708.322
695.632
717.392
782.342
792.190
724.468
744.106
739.216
713.134
695.484
719.838
780.636
763.198
742.276
725.635
716.681
709.236
696.076
714.611
765.564
755.615
719.658
738.944
743.638
711.573
701.766
727.386
777.929
752.861
730.634
723.784
727.520
700.243
695.614
723.986
749.487
751.980
727.884
742.706
731.578
706.780
707.735
767.411
786.946
782.073
749.151
751.061
736.539
716.367
699.584
756.181
808.689
769.081
731.766
739.203
732.603
724.141
722.605
773.440
785.211
771.452
742.782
714.920
709.696
718.204
717.025
762.843
763.252
740.364
756.164
727.822
717.913
717.921
727.897
782.053
753.010
769.445
741.699
729.102
707.442
711.565
770.566
799.311
762.869
762.538
738.267
729.420
713.573
711.950
795.702
767.159
764.990
742.117
729.300
733.312
720.054
730.400
810.697
758.694
765.139
753.519
725.089
721.368
722.318
790.268
762.124
758.382
750.787
725.793
727.064
716.548
768.654
804.015
758.138
745.373
738.469
739.043
740.402
726.439
817.388
767.081
752.373
744.011
722.003
714.287
726.229
788.900
772.651
743.672
755.292
742.077
728.977
721.605
798.272
785.224
793.298
749.621
734.112
724.995
732.296
803.721
788.665
754.375
768.611
758.290
751.278
729.834
745.100
812.004
781.325
766.879
748.203
732.102
743.698
748.754
835.420
801.545
803.673
787.523
768.106
765.138
739.893
803.830
807.006
791.466
781.302
767.790
751.606
747.588
800.554
779.326
773.496
748.149
742.260
741.476
751.474
785.589
770.250
759.923
753.643
754.951
746.851
738.067
791.167
778.253
791.981
763.757
749.843
746.987
747.938
792.250
783.480
760.785
751.754
753.000
764.902
785.013
836.331
802.219
821.297
797.751
770.250
775.092
765.323
790.200
772.926
767.454
778.154
750.139
749.280
794.306
805.062
780.129
777.426
750.098
745.661
750.762
793.844
780.361
768.496
753.376
760.954
768.218
753.775
812.204
767.757
786.132
772.241
762.140
768.049
806.560
801.366
805.967
774.667
774.161
758.642
750.491
802.543
804.242
792.259
772.871
777.887
770.154
773.217
811.874
796.422
785.714
758.872
756.432
766.230
816.488
814.840
773.815
