0.039
0.279
0.263
0.483
1.633
1.680
1.813
1.935
4.505
5.111
5.305
10.360
9.793
10.277
10.837
10.724
11.107
11.396
11.448
11.828
11.294
15.985
15.284
15.293
15.340
5.251
8.922
6.651
6.822
6.297
6.569
7.538
6.885
7.378
11.615
13.042
12.179
12.200
16.611
17.269
16.949
20.155
21.161
19.917
21.437
22.392
21.386
25.350
22.321
22.426
24.317
23.130
25.479
27.004
19.268
21.905
19.213
19.258
30.885
37.283
38.179
37.373
39.390
41.569
35.540
37.394
35.483
36.775
25.223
27.099
25.174
26.327
26.709
25.195
25.663
31.710
28.366
28.962
34.343
31.253
32.214
37.785
34.905
36.523
37.302
34.691
35.969
35.892
37.240
38.616
39.637
35.062
36.017
28.289
28.027
30.477
38.582
42.311
44.452
44.984
44.516
44.642
44.202
44.323
44.859
45.426
45.445
45.097
45.187
45.256
47.171
50.807
64.393
66.348
80.482
78.071
79.078
82.325
82.093
81.298
83.338
84.588
87.643
86.226
88.885
84.157
87.978
97.250
100.916
141.499
134.381
136.896
144.291
141.796
146.637
144.793
150.677
158.812
167.299
171.941
163.307
167.873
174.044
175.824
185.146
202.315
196.849
207.590
207.369
205.277
235.478
227.758
231.287
236.319
237.722
275.618
280.541
269.754
276.428
278.073
276.725
393.695
410.186
376.061
386.716
377.106
388.140
386.337
415.024
413.163
428.198
419.141
452.979
467.996
457.177
490.106
492.350
491.126
497.929
518.566
509.839
511.483
549.196
529.850
551.961
540.847
538.217
556.899
534.105
556.217
549.287
537.220
558.675
551.835
525.750
528.215
536.046
527.935
504.710
503.323
595.398
595.438
611.381
613.203
686.442
681.471
682.660
671.918
675.844
687.926
682.463
678.908
665.696
723.127
708.459
719.525
691.446
693.057
703.440
708.889
719.513
505.621
502.637
501.647
589.951
603.140
589.884
597.129
583.504
609.921
603.594
602.905
607.967
639.677
627.777
662.206
642.066
689.769
665.319
677.286
696.389
658.203
676.024
684.458
666.864
687.299
679.342
667.207
773.052
812.247
801.926
836.541
844.047
843.561
835.888
831.584
743.497
758.050
816.595
841.776
808.759
817.513
823.829
816.966
821.403
825.805
1095.495
1103.150
1062.314
1077.479
1063.935
1060.264
1057.773
1091.253
1072.159
1070.832
1073.636
1070.334
1087.465
1089.425
1110.948
1139.901
1150.877
1149.240
1106.402
1134.237
1109.236
1136.052
1219.392
1212.722
1228.401
1216.519
1234.058
1163.416
1172.460
1192.348
1185.148
1181.923
1200.254
1227.671
1193.687
1221.407
1355.534
1347.859
1355.772
1348.126
1375.469
1355.447
1370.713
1407.454
1487.131
1492.233
1457.308
1469.895
1412.899
1429.592
1409.896
1397.355
1392.389
1394.774
1379.416
1393.265
1401.347
1504.642
1479.095
1495.395
1493.934
1484.229
1472.213
1476.380
1605.220
1592.819
1607.931
1601.559
1615.232
1617.452
1621.876
1611.327
1754.919
1857.601
1879.541
1904.647
1893.860
1896.034
1887.644
1871.966
1894.183
1894.516
1893.826
1907.779
1922.215
1893.575
2111.140
2404.536
2498.776
2351.968
2297.847
2286.973
2265.258
2257.261
2260.559
2231.178
2268.869
2246.959
2230.505
2251.330
2265.688
2346.546
2343.876
2346.404
2347.162
2348.506
2348.123
2495.588
2497.134
2514.977
2649.568
2667.439
2661.421
2662.660
2655.852
2659.428
2646.533
2652.923
2674.654
3118.007
3333.055
3217.174
3441.902
3709.150
3367.097
3305.955
3292.978
3313.635
3231.502
3223.152
3513.702
3527.310
3584.432
3534.046
3521.981
3573.982
3511.582
3508.487
3548.384
3583.894
3561.467
3557.461
3796.803
3955.366
3919.072
4060.911
4330.613
4489.921
4309.384
4650.293
4252.524
4168.827
4095.971
4110.192
4069.693
4099.232
4055.173
4080.450
4195.311
4368.102
4329.835
4343.962
4364.028
4323.914
4378.610
4347.464
4503.283
4465.895
4373.739
4479.142
5268.071
4664.226
4783.228
4768.558
5036.716
5203.531
5136.639
5021.859
5042.823
5022.244
4963.054
4960.346
4947.417
5019.532
4972.262
4957.313
5014.264
4998.452
4954.003
5024.880
5234.631
5392.167
6245.058
5554.271
5381.856
5373.412
5342.166
5676.125
6053.084
8442.067
8467.652
8469.104
8413.138
8400.201
8396.676
8341.729
8410.580
8390.161
8341.409
9526.038
8762.354
8874.032
8787.043
8495.759
8566.931
8448.350
8500.660
8499.654
9241.235
9305.698
9203.182
9107.383
9037.203
9080.462
9072.623
9121.927
9328.505
10762.755
9829.745
9338.710
9258.417
9406.200
9115.502
9334.576
9284.090
9130.280
9204.618
9120.467
9054.633
9173.665
9055.171
9118.283
9891.004
11112.514
11188.533
10306.008
10177.524
10206.053
10167.504
10128.134
10054.034
10134.208
10074.850
10056.267
10115.260
10036.900
10867.431
10958.915
10678.465
11055.633
10688.894
10574.079
10581.600
10467.580
10405.387
10405.852
10581.413
11161.528
11124.514
11075.371
12055.964
12698.760
10325.993
10063.636
9941.868
10609.101
10532.318
10467.127
10443.493
10425.301
10365.382
10428.684
10274.863
10257.992
13481.055
11934.503
11433.946
11428.837
11372.983
11349.649
11326.325
11623.433
11535.395
11467.963
8155.452
6991.139
6967.193
7000.233
6763.700
6615.655
6634.891
6594.950
6546.472
6529.942
6580.300
6546.129
6538.633
6686.786
6576.566
6670.932
6580.118
6533.755
7011.762
8248.759
6954.963
6771.977
6728.586
6694.575
6672.768
6594.794
6590.546
6583.785
6530.926
7277.934
7288.278
7221.638
7249.247
7364.890
7290.699
8003.423
8541.425
8299.345
7629.015
7535.281
7457.640
7401.658
7375.574
7626.515
7531.722
7705.820
7664.421
7597.204
7530.097
7596.136
7621.575
9460.028
8893.118
8062.749
7905.141
7888.884
7765.457
7787.348
7806.241
7723.710
7699.572
7727.656
7680.537
7621.980
7609.868
7741.730
7753.929
9590.878
9207.872
9106.049
8531.900
8238.426
8261.635
8164.276
8179.591
8199.113
8174.340
8163.863
8180.999
8139.464
8454.425
8444.700
10152.390
9799.951
9264.937
8943.580
8770.390
9067.849
9090.541
8926.899
8889.757
8966.598
8930.115
8945.240
8922.296
8958.601
11127.146
10376.775
9428.096
9495.070
9308.893
9269.456
9395.732
9297.919
9260.497
9523.166
9635.283
9967.551
10258.731
12773.138
10854.264
10530.871
10269.613
10095.025
10207.955
10083.490
10040.323
10074.925
10333.472
10452.682
10136.043
10063.323
11589.825
12070.741
11363.038
10829.597
10582.613
10590.374
10515.899
10471.102
10497.941
10391.253
10383.835
10468.680
12667.746
11732.912
11526.265
11225.622
11079.701
11049.794
10999.213
10885.473
10978.701
10917.344
10926.172
10853.279
13430.327
12854.512
11637.118
11391.914
11249.834
10954.494
10995.461
11094.272
11107.521
10991.908
10946.986
11308.885
13646.944
11925.006
11359.223
11145.125
11173.311
11134.426
11169.237
11076.612
11958.305
12062.295
12550.973
15481.864
14394.738
13331.689
12911.772
12863.579
12707.629
12714.004
12585.005
12451.027
12461.883
14983.961
13889.853
13189.744
12723.481
14330.081
14285.816
14455.270
14317.936
14184.922
14149.561
17108.877
16288.831
15249.401
14806.794
14558.114
14280.390
14356.364
14463.951
14353.944
14589.929
17137.398
16902.749
15684.949
15255.559
14953.972
14928.007
14875.486
14919.365
14715.293
16796.291
17744.959
15766.951
15598.117
15530.640
15237.337
16743.454
16596.741
16466.591
19599.063
18712.165
17566.511
17365.480
17143.282
17078.030
16846.893
16897.629
21058.538
18928.458
17569.227
17069.627
16970.253
17018.728
17045.796
16853.563
16959.693
20570.115
19044.188
19892.666
19117.334
19385.343
18979.047
19052.918
19394.868
23481.616
21636.100
20808.441
20023.193
21153.079
20936.284
21019.357
25303.188
22849.464
21719.982
21748.889
21776.691
22339.617
23362.918
25945.061
24091.251
24221.629
23857.837
23518.744
22934.503
26413.390
25744.320
24057.105
23646.957
23327.762
23543.556
26860.061
26171.261
24951.456
24577.947
24426.407
24338.547
31147.698
26924.697
26379.972
25566.116
25605.133
25444.949
28306.886
29042.933
27688.638
26833.126
26286.832
26288.785
29764.361
29715.966
28211.476
26776.646
29032.283
28752.476
34895.918
30523.632
29769.735
29465.552
29064.899
33419.863
32503.698
30331.741
29566.844
29031.937
33389.590
32891.296
31175.101
30186.341
873.277
835.582
798.006
791.527
796.715
788.858
782.628
2072.290
2265.051
1360.408
1236.562
1091.917
1051.552
1032.377
971.341
971.124
933.456
927.296
957.718
962.713
950.115
953.548
956.639
948.320
944.701
944.638
941.008
1002.183
996.625
994.145
992.952
988.249
2064.148
1719.592
2740.558
1547.105
1323.097
1184.891
1110.850
1061.043
1049.858
1020.463
1022.450
1012.720
999.671
1000.248
989.109
986.185
1043.586
1038.583
1458.776
1456.614
1600.958
1181.052
1150.671
1940.079
1313.725
1213.024
1134.082
1091.748
1057.009
1038.318
1031.906
1014.598
1019.114
1017.788
1005.029
1012.639
1010.589
1002.649
1965.179
1327.751
1609.223
1620.833
1295.329
1149.355
1112.726
1165.819
1156.032
1150.133
1105.183
1100.683
1093.954
1098.066
1093.607
1071.730
1070.579
1066.731
1066.879
1375.303
1806.452
1713.349
1343.801
1718.829
1326.953
1206.739
1134.026
1106.521
1091.494
1091.128
1092.972
1337.846
1305.490
1314.994
1312.993
1312.887
1311.765
1337.492
1850.782
1812.190
2063.276
1540.435
1444.116
1404.119
1362.321
1344.289
1338.890
1337.991
1332.569
1359.127
1347.980
1369.025
1722.449
1731.695
1417.167
2086.090
1499.795
1438.192
1491.405
1480.086
1455.138
1457.680
1469.969
1491.709
1475.047
1474.952
1480.145
1913.170
2030.035
2101.899
1535.077
1512.295
1488.546
1467.272
1474.307
1481.975
1464.196
1458.615
1575.918
1558.671
1555.932
1893.912
1615.825
2029.140
1787.208
1615.366
1602.847
1595.507
1580.434
1780.139
1769.679
1779.692
1768.826
1758.353
1756.274
2138.985
2138.134
1814.316
1794.996
1774.946
1798.069
1772.463
1765.426
1785.560
1789.918
1787.495
1782.232
1779.126
1766.584
1807.550
2119.081
2200.816
1802.021
1774.049
1766.882
1761.487
1763.837
1760.636
1754.213
1749.895
1750.216
1754.927
1764.977
2015.992
1797.872
1769.124
1915.775
1778.953
1993.256
1973.144
1970.922
1991.887
1989.757
2037.902
2023.436
2021.316
2173.871
2256.479
2124.807
2075.331
2057.552
2029.273
2027.659
2025.847
2035.459
2019.971
2020.921
2025.464
2020.113
2153.570
2098.023
2287.181
2063.446
2051.797
2044.539
2051.256
2021.979
2020.692
2022.583
2017.589
2015.553
2091.264
2265.762
2297.969
2171.938
2151.392
2145.003
2146.918
2137.215
2135.003
2138.404
2158.181
2164.616
2151.498
2136.328
2237.328
2348.373
2216.914
2181.860
2162.953
2136.792
2138.025
2148.722
2132.282
2132.832
2139.970
2197.063
2365.102
2254.957
2175.017
2162.613
2137.051
2133.995
2656.082
2658.390
2668.780
2686.422
3390.246
3329.682
3318.222
3507.537
3413.908
3338.618
3325.113
3315.884
3312.951
3304.303
3327.949
3316.060
3340.541
3532.981
3419.034
3452.187
3368.921
3344.064
3333.702
3364.205
3314.860
3326.043
3388.988
3342.830
3409.258
3558.974
3383.179
3347.859
3380.024
3333.269
3341.202
3490.231
3426.326
3444.156
3456.698
3490.791
3418.988
3554.917
3405.845
3705.174
3626.466
3634.015
3664.625
3591.747
3580.067
3571.019
3779.791
3720.106
3642.911
3549.561
3652.887
3619.615
3537.117
3536.589
3521.613
3528.504
3526.622
3837.716
3740.547
3593.443
3668.577
3642.218
3612.682
3615.704
3531.236
3610.588
3965.778
3796.746
3729.267
3793.443
3764.152
3849.735
3926.940
3716.726
3808.749
3774.633
3871.198
4458.420
4163.375
4240.535
4041.548
4109.422
4181.742
4110.985
4169.743
4280.352
4351.637
4410.273
4420.979
4226.392
4122.341
4216.919
4071.964
4157.127
4256.453
4344.645
4350.997
4330.443
4345.049
4191.513
4149.775
4124.287
4113.077
4354.433
4393.415
4336.994
4126.360
4203.501
4175.557
4083.159
4121.786
3990.222
4520.889
4226.032
4228.108
4191.487
4174.536
4211.106
3991.236
4171.277
4033.773
4070.503
4587.635
4137.878
4142.142
4061.179
4192.764
4122.684
4062.193
4215.393
4467.591
4532.707
4457.821
4495.881
4308.548
4315.059
4225.195
4224.047
4327.300
4421.191
4577.364
4261.833
4431.487
4408.578
4401.263
4243.084
4229.664
4504.093
4373.240
4864.181
4395.761
4569.014
4657.219
4716.344
4489.126
4562.489
4700.405
4787.439
4587.888
4540.633
4673.041
4387.825
4528.896
4325.253
4581.165
4452.466
5064.109
4477.164
4510.582
4519.499
4419.326
4490.792
4430.057
4768.234
4555.092
4557.750
4389.415
4525.179
4696.548
4734.507
4695.530
4537.272
4521.261
4974.705
5079.517
5051.426
5006.200
5006.261
4989.529
5150.076
5311.003
5116.740
5711.970
5645.421
5721.868
5591.351
5451.314
5455.258
5588.304
5684.448
5591.416
5538.847
5472.819
5588.139
5478.386
5592.690
5776.809
5689.396
5662.866
5488.614
5480.819
5498.573
5520.803
5499.892
5770.508
5613.051
5697.029
5511.528
5729.960
5598.608
5520.861
5505.116
5641.121
5735.298
5561.417
5494.852
5587.413
5509.655
5545.541
5528.358
5821.561
5565.425
5534.082
5541.371
5637.055
5652.676
5476.450
5489.641
5521.370
5750.377
5524.606
5502.340
5476.589
5021.252
4971.169
5320.800
5166.894
5214.453
5085.066
5100.951
5042.293
4985.054
4981.164
5060.434
5278.189
5037.281
5077.170
5079.432
5065.169
5054.078
4967.693
5253.150
5230.304
5172.682
5421.170
5151.717
5337.321
5272.850
5366.104
5296.983
5495.204
5284.467
5404.364
5268.587
5218.142
5273.013
5731.210
5456.594
5395.450
5354.385
5420.168
5275.338
5299.589
5392.245
5497.353
5314.227
5251.501
5268.044
5275.656
5227.258
5488.977
5277.075
5409.610
5273.650
5369.229
5304.166
5337.085
5310.067
5532.114
5282.255
5297.786
5462.718
5256.522
5360.472
5623.238
5382.776
5324.589
5422.474
5475.895
5292.076
5253.507
5404.584
5538.700
5269.752
5245.227
5248.699
5353.515
5385.843
5618.268
5633.158
5569.704
6097.263
6141.156
6122.133
6210.522
6473.129
6238.563
6168.378
6272.860
6205.118
6091.087
6694.616
6487.905
6324.715
6377.766
6376.242
6428.129
6529.003
6399.199
6362.897
6311.976
9741.303
9854.093
10152.406
10355.987
10031.357
10049.133
9984.553
10022.996
10226.003
10159.219
10242.393
10094.065
9923.836
10010.635
10141.171
10695.911
10304.597
10295.771
10116.058
10376.862
11206.481
10675.225
10301.331
10159.393
10247.903
10583.111
10897.068
10599.842
10234.224
10267.329
10085.727
10838.928
10505.319
10229.250
10225.412
10283.584
10373.344
10954.938
10831.939
10363.380
10459.808
10288.142
10514.880
10923.161
10511.743
10204.755
10339.978
10306.848
10395.648
11131.652
10474.879
10490.034
10327.827
10480.476
10556.644
10543.056
10573.946
10249.634
10491.746
11180.583
10712.361
10673.036
10516.353
10306.414
10394.885
11060.343
11099.292
10683.456
10505.240
10375.978
10294.428
11060.866
10858.814
10470.640
10330.350
11002.421
11042.543
11073.913
10763.994
10675.970
10827.239
10949.524
11506.289
11245.920
10937.225
10663.627
10631.333
11818.691
10982.245
10588.742
10660.550
10674.269
11569.191
12011.278
11751.104
11470.794
11396.973
12417.241
11817.488
12019.459
11960.837
11621.800
12421.351
12589.934
12086.968
11639.861
11849.679
12773.088
12571.256
11755.486
12312.790
12175.614
13393.952
13175.453
12362.443
12272.187
12043.213
13035.114
13013.002
12591.278
12447.191
12967.357
13291.267
12447.045
12582.222
12418.532
12480.450
13192.770
12928.937
12834.445
12325.472
12700.475
13467.512
13468.316
12554.307
12153.407
12387.887
13585.178
13081.705
12703.855
12412.449
12579.919
13531.677
13261.576
12737.698
12552.196
12266.190
13117.206
12655.463
12439.694
12654.063
12678.159
13660.568
12840.606
12566.608
12929.493
12654.255
13733.409
13257.105
13004.097
12646.093
12669.605
13238.215
13733.220
12783.274
12570.944
12591.585
14026.454
13426.183
13141.989
12732.627
13314.517
13837.649
13104.277
12675.614
12722.914
13685.027
13489.403
12916.986
12924.940
14056.208
13906.844
12882.265
13040.525
12928.113
14328.010
13674.850
13592.294
13365.336
14231.030
13921.264
13259.461
13212.080
14389.652
13702.426
13535.841
13190.647
14235.227
14040.707
13528.378
13071.071
14020.487
14050.120
13455.284
13382.294
14623.855
13783.090
13558.296
13583.515
14414.606
14298.653
13440.297
13012.080
13323.340
14417.323
13664.603
13352.731
13246.541
13954.558
13649.559
13403.985
13259.485
14383.025
13616.740
13206.628
13258.938
14268.239
13965.329
13495.220
13378.140
14394.844
13561.362
14212.025
14553.088
15052.801
14755.802
15064.549
14365.444
15668.020
14491.616
14052.525
13992.576
16464.412
15928.473
16269.078
16242.604
17440.922
16578.857
16640.346
16496.963
17726.980
16207.599
16374.916
16030.739
17290.537
17079.751
16208.589
16592.443
17258.475
16923.253
16022.973
15906.401
18255.426
16730.935
16193.875
16323.664
17203.952
17120.323
16606.464
16661.842
17856.379
16375.118
16442.285
15962.536
18553.685
16931.173
16231.216
16711.780
17595.935
16921.207
16080.787
16079.273
19193.718
17329.038
16906.402
16913.537
18201.601
17815.491
16862.936
17616.834
18991.846
17913.329
17138.057
16982.221
20278.361
18836.552
18715.830
20146.362
18748.604
18375.295
18002.238
20200.652
18942.357
18384.943
19454.577
19618.606
18987.362
18703.178
19669.546
18865.208
18184.708
20048.877
19711.302
19099.774
19549.866
19374.821
18664.910
19046.097
19778.877
18455.213
18049.167
20093.925
19185.020
18445.060
18989.344
19559.381
18502.304
18078.947
20015.323
19714.393
18304.454
18342.491
20026.131
19295.320
18343.802
20490.950
18914.476
18743.411
18209.518
20529.312
19330.998
18487.248
18858.515
20565.598
19249.517
19388.708
20459.784
19801.794
18677.087
19479.346
20088.263
19388.907
19670.996
20694.642
19512.946
18528.176
20609.708
19844.370
19162.184
20033.787
19916.750
18787.117
18451.764
20658.801
19197.965
18651.750
20283.601
19770.280
19149.273
19722.120
20744.175
19341.029
18787.374
21424.156
19623.167
18925.606
20442.165
20887.211
19047.161
19310.543
20760.872
19709.215
18670.625
20965.398
19727.674
19160.877
20875.545
19283.767
18779.793
18924.001
21187.776
19583.806
18944.510
20876.165
19889.681
19106.406
21034.876
19765.517
19047.419
18352.320
21099.377
20023.219
19145.562
20816.725
20496.555
19195.059
21220.399
20353.709
19091.539
20564.224
20837.313
19344.015
20176.514
21369.503
19188.238
18661.367
20762.860
20530.394
19167.767
20927.158
19074.974
18872.172
20726.098
20694.827
19793.548
21316.341
21009.705
19462.196
21468.168
20232.542
19388.824
20881.809
20617.181
19832.889
20605.493
21183.987
20502.695
20524.449
22637.611
20674.323
20343.167
22331.867
21458.576
20420.836
22774.669
20983.641
20261.465
22187.809
21614.311
20830.513
22028.887
21064.497
20595.668
22906.927
21609.133
20930.592
22780.823
21629.950
20697.074
23187.102
20865.096
20161.155
22203.599
21729.901
20987.823
22368.970
21467.634
20562.636
23239.316
21453.681
20761.172
22865.542
21916.413
20815.775
23295.533
21329.919
20758.536
22995.859
22320.296
21340.294
22982.672
22500.385
21292.455
24433.811
21692.721
21121.413
22956.536
22391.689
21291.625
23966.036
21448.512
20907.978
23026.509
22505.746
22197.149
23341.926
21058.223
20688.608
23633.215
21833.506
20915.133
23339.058
22217.104
21012.782
23869.141
21129.710
20627.018
23854.147
22253.154
20921.228
23499.081
21473.631
20644.855
23917.347
22656.666
21049.254
23567.493
22843.298
20979.363
24800.222
22213.072
20853.687
24311.559
23064.389
21174.424
24091.026
21532.065
20930.024
23976.806
22737.523
21214.196
24374.171
21536.160
20932.242
24348.915
22822.716
21291.224
23416.703
22777.628
21237.789
24797.246
21989.150
20931.866
23985.288
22953.799
21360.746
24604.794
21909.523
21663.510
24461.558
22657.460
20860.075
24139.180
21779.104
21436.185
24337.612
23394.948
22334.611
24717.093
22123.172
21313.087
24964.728
23038.834
21628.506
24752.235
22964.910
21649.557
24954.754
22948.186
22098.564
24501.039
22910.679
21347.198
25137.676
22138.840
21224.492
24703.153
23750.764
22788.796
25239.128
22233.672
21971.033
25741.723
23373.226
21767.899
25154.113
22717.596
21578.490
25598.957
23543.843
21898.744
24925.709
22447.841
21537.130
26129.623
22903.046
22304.836
25014.528
22578.936
21683.067
26209.574
23305.038
22451.712
25402.129
22630.638
21542.618
26147.807
23543.466
21901.920
24928.862
24144.728
21881.300
26459.671
23978.817
21996.158
26412.231
23133.700
21685.782
26785.032
23729.143
21743.831
25726.810
24146.788
21870.035
27073.734
23327.254
22306.518
26624.136
23753.392
22163.462
26760.032
23185.465
22685.449
26251.875
22769.441
23004.996
27550.647
23405.025
23540.184
26030.168
23245.024
22807.656
27274.676
23282.894
22967.446
26591.738
23287.729
23103.420
26160.349
24017.412
22821.118
27682.531
25356.685
24360.248
26591.396
23742.752
22713.217
27465.816
23722.039
24405.475
27281.131
24595.619
24628.550
27290.816
25003.989
27751.517
24312.054
23079.562
28034.363
24153.644
23402.555
28637.441
24866.497
25071.906
27888.987
24235.427
28270.736
25740.473
25087.995
27796.342
23994.044
23033.752
28224.389
24415.402
24536.787
28454.602
24339.783
24471.513
27129.722
24711.057
27028.784
25753.625
23590.825
27767.819
24078.673
23697.362
28727.076
24171.255
24364.360
27637.870
24246.378
23110.043
28730.254
24543.032
24714.649
27878.438
24311.609
23027.821
28672.419
24620.077
24692.830
27510.714
24238.307
23477.614
28639.619
24742.044
24904.547
26094.403
24153.593
22897.884
27400.769
23316.643
23797.099
26566.982
23796.382
22126.085
26978.653
23576.302
23678.991
26440.497
23547.419
22205.650
27167.755
23771.776
25729.190
28263.600
25133.228
25059.389
28526.211
25113.328
24541.224
28357.739
27085.999
24531.739
29532.988
25920.362
26006.282
28586.266
25987.104
24563.158
29575.292
25897.428
25983.570
29536.468
26422.878
26327.152
29831.458
26452.478
26465.330
29437.888
26639.293
25237.647
29896.762
26778.110
26639.425
29643.911
26732.334
26343.464
29426.287
26558.778
27979.151
28553.079
26267.770
26238.176
29591.379
26597.633
26431.059
28802.881
26159.225
26083.497
29142.275
26289.627
26421.706
28887.683
26352.716
26303.650
29156.737
26508.429
26462.832
28850.228
26419.532
26242.002
29405.655
26712.809
26427.847
28855.728
26735.514
26619.508
29004.016
26563.420
27545.226
28082.297
26031.659
30007.810
27013.032
25370.269
28321.125
25941.073
24826.123
28381.042
26254.692
26002.729
28236.650
26037.744
25686.009
33696.680
31000.927
30800.156
35489.572
32522.086
33793.221
34809.804
32508.631
35465.536
32341.603
32624.506
34855.369
34262.252
34052.978
32206.560
35048.751
33123.674
33785.363
33767.019
31943.013
35136.881
32241.316
33312.993
33336.866
31772.875
34805.059
32568.075
33845.358
32413.829
32034.209
33652.992
32944.218
34459.556
32909.203
34886.409
33324.034
32993.350
34559.701
32624.814
34586.052
32641.987
34372.405
33929.956
33272.061
34329.800
32689.861
35823.318
33726.865
34092.200
34194.060
32615.783
35869.965
33054.584
34849.021
33101.719
32615.816
34268.799
32863.508
34817.311
33165.700
34553.123
33849.559
33025.846
35052.350
32783.199
34843.257
32838.756
34063.555
34592.878
33540.753
34867.485
33247.273
35899.056
33198.198
35255.883
33313.207
32265.345
35048.956
33299.261
35036.652
32910.487
35949.638
33131.347
33390.525
35247.793
32930.236
35935.123
33204.095
36161.106
33226.836
33102.057
34954.396
33176.537
35675.580
33563.711
35577.284
33335.989
34624.609
34836.596
32807.615
36838.358
33138.872
35527.472
32826.456
33069.022
34672.314
32979.817
35810.174
33332.849
35422.046
33300.261
35266.556
33579.329
32700.232
34733.918
32702.385
35544.457
33110.684
35491.226
35525.855
37204.428
35924.277
34362.581
36942.996
35003.040
35949.803
34336.591
37289.363
34737.547
36276.200
35472.026
35110.530
36100.184
34890.882
37126.510
35104.754
37567.665
34766.156
37474.549
34875.170
34846.530
36824.419
35402.560
36547.407
35041.097
37692.197
35037.171
37045.208
34734.455
37288.391
36005.858
35404.070
36392.770
35066.737
35891.161
34078.128
36177.386
34205.567
36284.917
34175.685
36667.768
34572.702
36850.174
34715.460
36577.128
34294.441
37214.315
35417.031
37707.522
35447.329
37311.671
35116.555
36634.931
35077.757
37540.810
35408.737
36843.207
35515.161
37805.061
35380.446
36690.646
35032.495
37645.201
35187.373
36665.910
35074.769
37592.593
35617.232
36537.237
35169.386
37447.383
35693.133
36597.418
35127.920
36835.948
35096.053
37036.952
35542.350
36704.026
35403.073
44401.837
42424.239
44084.640
42904.309
45076.172
42563.428
44797.525
42696.054
46106.008
43233.486
44750.896
42867.395
45661.691
43529.509
45452.372
43374.016
46651.994
44129.825
45310.808
43443.867
46523.542
43278.218
46708.312
43439.521
45516.754
43518.944
46620.984
43124.342
45572.400
42973.456
49183.134
45804.864
47801.692
45567.749
50013.698
46515.344
48446.476
45867.582
51271.700
47831.977
50658.814
47784.982
51890.576
48523.928
50723.493
47886.528
51788.216
48444.754
51532.766
47709.817
51989.262
48607.131
51759.519
47709.239
52015.527
47959.323
52961.111
48754.760
52830.766
48366.582
53662.036
50907.146
56179.405
51084.694
56445.460
51598.492
55369.969
50762.467
56889.511
51526.687
55917.994
51133.709
57436.056
52496.844
54940.713
54833.811
54557.944
51659.746
54877.502
54519.748
53759.868
51761.785
54291.990
54259.741
53138.431
51493.735
53697.178
53757.564
52731.206
51169.564
53662.886
53044.740
53124.580
53248.647
56084.929
55856.814
55123.599
52926.300
55777.385
56588.572
56918.440
56490.881
57097.510
58570.975
55051.937
58333.960
53910.202
56241.806
53917.567
56614.074
56206.305
54736.523
55292.250
53822.871
54345.305
54137.626
55295.588
54214.493
54551.580
56328.698
54352.974
56535.579
54330.266
56798.548
55491.833
57138.987
58338.108
55200.839
58037.873
55318.349
57271.503
59021.526
56092.892
56648.855
54165.951
57843.473
55140.245
58144.564
56109.080
57736.591
60822.574
57716.765
61362.888
57025.852
64049.951
61066.490
63550.115
64692.843
61648.256
63560.876
60667.757
65733.005
62134.589
64297.555
66504.495
63507.254
64217.104
61969.200
65032.659
64740.564
63873.371
65113.621
61777.370
64974.466
66831.307
63146.313
66185.956
63077.293
65293.112
64576.141
64215.351
65385.784
61333.480
64780.893
65341.019
62159.085
63645.835
62244.672
63594.053
65308.219
62380.913
63416.749
62282.767
64079.176
65125.016
62006.467
64068.075
63637.475
64036.481
64053.029
62498.215
64839.047
61896.483
60151.481
60891.388
61739.408
61104.866
59350.874
60306.457
59934.961
60189.018
61192.937
59003.159
61634.308
62980.189
59744.746
61289.439
64028.253
60790.162
60964.711
63577.832
60816.051
59359.839
61889.434
58265.393
59891.660
61826.826
60450.243
60136.380
62590.430
61101.092
59061.707
60964.748
59115.843
59148.834
59599.894
57894.723
59584.104
60789.514
60453.699
61220.804
63637.034
62117.026
61308.141
62007.887
62000.822
60375.504
63430.004
63145.230
61255.133
61421.485
60193.146
60836.482
62486.333
61899.559
62581.359
64261.977
63483.278
61202.173
63970.823
62941.642
62110.279
62692.114
61279.487
62744.464
62017.049
61918.745
62325.217
63270.550
62364.602
62667.665
62794.137
63698.667
61940.975
62399.075
63389.929
62472.652
62940.158
61289.893
63607.375
62715.630
62511.445
64570.897
63607.540
62541.528
62637.553
63669.533
64770.189
62602.948
69246.850
70044.355
69413.475
68224.022
67871.058
70473.932
71205.824
71615.093
75584.192
74440.893
71307.044
71866.072
72372.519
74208.029
70169.293
72447.797
72923.616
71468.859
72448.297
74363.254
70029.165
75834.139
79590.525
74223.084
76084.694
76301.359
75104.681
77531.832
78167.927
73351.754
77437.980
79278.827
74815.919
75579.127
77755.811
78058.624
74175.761
78127.500
79102.097
73295.676
76496.785
76827.110
74877.126
76873.433
78472.647
73653.279
77217.078
78889.185
74477.883
78084.675
77850.249
75272.888
78717.121
80288.822
75191.902
77515.643
77442.531
76521.072
78805.047
77008.701
75515.102
76572.052
79068.339
79675.852
74709.234
77501.099
78611.300
75973.919
77523.515
79802.448
74071.603
77007.305
79743.089
74996.997
77540.227
79845.681
76115.955
77825.846
80454.356
76087.851
77729.545
79681.390
73985.369
80471.069
78008.181
76641.505
78079.436
80187.466
75254.317
77673.510
77783.015
75232.979
76010.550
78236.192
76418.785
77759.978
79016.237
79121.998
73847.788
77552.760
79655.294
73576.453
76962.392
80380.967
74529.151
77633.943
78884.767
74815.741
77543.582
79599.384
77238.734
80311.554
82453.377
77652.381
81168.624
83326.057
78054.896
81043.940
83091.081
78934.342
80260.476
83318.571
81751.421
77674.328
80280.961
82414.489
76835.249
80710.563
82979.680
79220.323
80414.923
83026.789
77934.309
79933.102
83088.968
78334.501
80838.812
84230.805
81655.164
77534.519
79436.918
76565.176
80960.614
79615.749
80703.958
78559.595
79434.080
81615.478
77459.202
79729.706
81752.433
77760.344
79125.266
81974.710
80284.554
77906.024
79143.025
80887.301
75908.074
78764.397
81022.352
75859.837
78787.453
81508.111
80223.891
76572.105
78133.103
80532.530
76117.186
78552.075
80454.073
76290.381
78407.203
80546.085
76288.974
78579.965
81021.767
76117.878
79043.663
81257.833
75996.689
80014.925
81907.165
76112.628
79043.491
81185.487
77183.969
79037.157
81169.553
76948.561
79292.546
81306.179
77312.656
79017.357
81438.425
77147.606
79150.435
82472.161
82346.611
78966.529
80927.540
83374.036
77778.463
80401.639
83984.466
79433.590
82548.665
86016.623
85584.175
78703.931
83353.807
87447.904
85043.706
81935.933
84950.700
85653.308
85853.739
79580.312
83339.933
82262.579
84812.923
84856.906
78697.996
82264.349
84890.425
83226.102
80110.340
81808.730
84326.150
85027.515
82920.037
79780.081
