0.323
0.176
0.729
1.559
1.542
2.211
2.217
2.329
1.439
1.899
3.094
1.744
1.930
2.041
2.171
2.441
4.368
4.364
4.539
4.975
4.160
4.299
4.765
4.313
4.299
4.389
3.759
5.434
5.239
6.626
1.627
1.631
2.152
2.001
1.468
1.448
1.696
1.460
1.459
2.452
2.420
3.295
3.796
3.289
3.299
3.690
4.096
4.578
4.520
4.119
4.480
7.347
7.368
7.987
7.326
7.902
7.351
8.783
8.211
8.788
8.204
9.129
8.563
9.140
9.084
8.808
8.698
9.569
11.360
11.575
11.204
11.504
11.973
11.423
12.119
11.840
13.816
13.522
14.493
14.243
15.273
14.387
14.154
14.153
14.160
14.173
16.527
16.159
15.338
15.445
15.428
15.435
15.449
15.455
16.963
16.146
15.352
15.462
17.573
17.626
17.748
17.674
17.671
25.315
25.169
26.981
27.479
27.418
27.413
27.493
27.524
27.399
27.437
26.975
27.109
26.316
26.536
27.523
26.498
27.237
26.142
25.626
28.120
27.466
28.046
28.273
27.120
27.609
27.523
30.431
31.288
30.763
31.207
30.860
30.865
34.376
33.754
34.375
34.606
43.162
42.894
44.199
43.821
43.992
47.423
46.493
64.881
65.619
66.190
66.610
68.374
68.976
68.055
68.305
69.479
63.953
66.118
66.403
66.624
67.699
75.817
76.139
74.822
76.069
77.821
75.772
76.364
77.987
75.830
75.605
76.326
76.051
77.806
77.347
78.287
77.347
77.678
77.726
85.016
128.990
141.495
140.317
137.534
140.413
137.820
139.542
304.562
297.148
300.945
301.802
304.019
297.867
300.334
304.173
302.176
296.600
303.718
375.955
370.763
374.819
370.512
372.814
377.929
353.779
358.502
414.633
455.475
453.941
457.784
463.154
458.773
455.909
460.527
462.319
452.596
465.244
458.794
459.355
456.838
460.539
486.731
523.126
527.035
522.607
526.879
522.404
526.029
497.351
507.551
487.992
485.406
488.957
491.666
488.078
491.919
488.040
508.597
502.221
514.704
518.321
543.991
560.324
548.618
550.426
545.751
557.627
548.754
552.334
552.741
555.798
550.169
543.073
530.747
535.514
533.994
544.014
548.674
566.446
571.512
590.743
580.164
586.448
580.907
587.746
580.755
577.006
560.786
570.764
562.843
565.676
563.531
569.115
551.226
549.137
540.921
569.075
578.602
605.171
594.154
590.777
557.789
563.167
566.730
560.790
552.285
554.483
561.431
688.753
701.128
696.079
688.249
709.684
754.097
750.732
740.525
751.194
736.644
706.352
698.973
688.536
781.504
779.016
771.151
780.163
770.616
828.171
842.430
885.943
905.201
905.643
879.937
831.703
838.677
837.567
825.301
845.193
915.639
940.938
950.502
927.035
917.260
888.831
889.048
885.988
876.102
888.448
868.750
907.268
962.982
951.595
944.776
951.991
898.223
875.265
884.994
908.626
940.753
947.888
978.007
1066.964
1080.283
1108.591
1145.546
1085.030
1052.975
1027.251
1030.417
1035.975
1208.998
1201.231
1168.086
1167.536
1167.289
1165.218
1151.095
1160.280
1222.662
1245.790
1241.363
1211.056
1183.603
1180.397
1174.104
1189.028
1224.061
1270.549
1246.697
1239.703
1226.149
1198.063
1186.925
1364.776
1421.285
1478.300
1525.685
1460.624
1434.578
1435.793
1443.613
1507.480
1476.976
1538.577
1684.630
1709.066
1680.585
1613.261
1660.779
1676.809
1563.192
1562.703
1537.542
828.696
874.204
888.235
873.393
876.965
833.475
850.920
853.891
829.911
825.347
812.786
820.945
832.144
888.360
893.963
884.438
843.746
857.635
887.755
907.568
898.846
889.600
900.197
905.723
951.190
969.364
969.051
1038.155
1025.311
1103.398
1051.938
1018.300
1006.652
1025.891
1094.285
1103.559
1080.691
1089.369
1060.155
1060.750
1060.813
1032.170
1027.955
1089.112
1277.415
1299.533
1313.630
1295.369
1258.245
1217.950
1298.205
1394.813
1396.930
1484.437
1303.287
1272.427
1279.197
1118.448
1152.280
1192.310
1187.269
1180.569
1193.388
1149.389
1103.713
1097.558
1274.384
1361.296
1366.185
1370.385
1310.578
1263.335
1275.282
1276.164
1311.194
1326.236
1300.232
1403.008
1407.385
1407.472
1406.845
1435.607
1511.790
1514.038
1492.202
1407.255
1408.859
1414.762
1446.203
1518.644
1522.658
1697.197
1663.300
1619.823
1608.878
1605.038
1571.516
1676.235
1593.324
1558.116
1472.927
1534.214
1532.483
1434.913
1434.787
1480.354
1483.603
1525.925
1615.437
1596.134
1543.731
1518.080
1504.973
1514.423
1590.504
1644.025
1556.194
1514.815
1504.895
1523.426
1548.565
1797.825
1797.469
1736.422
1747.310
1668.653
1751.041
2006.853
1963.146
1791.941
1743.998
1797.526
1993.227
1975.643
1745.858
1715.924
1727.977
1816.587
1740.073
1701.682
1704.820
1701.053
1712.040
1813.883
1731.309
1693.986
1680.292
1678.001
1739.534
1778.671
1675.181
1795.473
1811.322
1796.538
1902.217
1907.049
1796.791
1799.546
1817.940
1849.475
1972.539
2075.956
2119.504
2264.904
2344.205
2017.684
2126.149
1971.945
1951.636
2045.437
2000.348
1896.638
1886.905
1900.813
2000.102
2090.234
2001.078
1986.213
1967.664
2104.327
1995.438
1963.912
1973.736
1968.130
2077.387
1979.602
1976.938
1954.970
1964.066
2101.936
2047.164
2248.182
2186.829
2169.514
2296.848
2416.138
2550.978
2263.020
2306.968
2258.383
2187.943
2172.224
2257.473
2325.911
2253.847
2221.126
2202.666
2228.455
2232.903
2163.569
2157.174
2294.813
2308.789
2251.441
2215.745
2204.830
2329.910
2509.718
2556.854
2510.744
2579.375
2362.843
2557.521
2340.507
2353.414
2220.998
2235.243
2228.426
2374.283
2367.732
2208.799
2225.197
2289.181
2293.673
2229.001
2197.254
2229.642
2373.779
2335.192
2276.268
2266.198
2390.832
2581.156
2521.606
2300.703
2452.778
2610.699
2494.075
2335.810
2440.187
2332.267
2313.277
2240.134
2324.790
2354.052
2267.547
2230.631
2308.887
2385.328
2308.479
2283.885
2234.416
2374.609
2329.882
2286.815
2221.688
2496.915
2712.649
2690.578
2432.280
2491.100
2790.076
2464.660
2370.074
2539.177
2447.520
2429.643
2391.563
2507.497
2497.636
2338.007
2325.853
2485.405
2512.053
2438.764
2402.097
2422.946
2365.250
2761.098
2832.948
2748.222
2727.900
2615.295
2507.080
2623.581
2477.993
2424.468
2471.553
2577.956
2575.390
2565.345
2578.123
2584.157
2498.290
2467.825
2488.309
2700.649
2683.916
2518.382
3324.249
2965.496
3110.203
2984.990
3147.109
2934.391
2996.458
2993.921
2904.244
2820.679
2986.786
2958.292
2873.929
2945.196
2958.014
2755.821
2763.884
2938.623
2781.662
3745.983
4268.220
3915.161
4021.549
4600.925
4096.893
4277.945
4038.730
4175.313
4090.149
3993.787
4111.953
3948.597
4097.225
3909.250
3989.872
4084.591
4217.410
4780.512
4430.044
4737.480
4520.942
4671.737
4266.361
4371.968
4452.612
4313.095
4308.166
4184.934
4421.992
4199.406
4346.605
4428.951
4282.671
4279.668
4102.754
4821.364
4577.618
4719.192
4835.236
4616.723
4345.685
4332.371
4217.455
4332.302
4526.114
4316.874
4583.721
4337.543
4548.738
4587.071
4543.851
4516.620
4815.349
5124.796
5086.287
5216.693
4778.130
4809.159
4637.583
4611.334
4617.284
4726.537
4542.428
4719.981
4494.038
4759.169
4581.852
4869.479
4678.864
5547.214
5136.431
5617.176
4871.111
5136.352
4929.197
5016.333
4788.522
5030.218
4731.006
4995.519
5246.472
5472.358
5196.302
5365.051
6073.455
6187.831
5758.903
5575.560
5442.896
5276.958
5463.341
5308.543
5465.369
5296.670
5233.100
5342.357
5277.729
5398.644
5416.910
5603.514
5868.605
6157.835
6823.270
5972.323
6057.468
5921.711
5845.270
5897.061
5668.575
5820.773
5729.498
5908.719
5788.911
5707.255
6306.603
6336.664
6053.718
6678.131
6571.606
6702.900
6771.741
6460.258
6760.840
6652.076
6427.790
6604.208
9324.320
10680.997
10258.036
9997.040
9451.695
9402.674
9707.017
9482.070
9893.183
9779.991
9804.927
10975.616
10392.480
10488.355
9846.098
9770.784
9516.379
9695.277
9786.569
9573.735
10489.467
10905.593
10181.290
9965.737
9729.668
9870.026
9668.042
9816.948
9633.067
9718.813
11307.321
11067.779
10271.051
9846.251
10030.645
9740.061
9699.714
9606.839
9672.767
10736.920
11211.374
9991.159
9865.763
10278.790
10323.166
10379.617
10266.044
10415.915
11381.329
12665.490
11057.815
10732.951
10247.324
10372.743
10294.475
10306.378
10439.049
12477.416
11619.414
10811.864
10550.581
10378.956
10425.020
10428.658
10366.377
10199.385
11083.976
12073.732
11006.708
10978.686
10725.242
10631.023
10589.301
10629.957
11776.198
11959.083
11436.197
11011.878
10883.170
10644.688
10865.693
10802.854
11565.083
11904.265
11077.751
10916.190
10796.947
10587.899
10632.323
10775.559
11739.780
12678.356
11158.532
11486.942
11383.048
11294.852
11272.008
11321.293
13427.390
12053.740
11577.230
11478.546
11173.738
11159.168
11382.631
11255.111
12050.526
13522.601
11833.754
11542.038
11400.165
11422.434
11393.152
11354.621
12498.546
12326.171
11739.985
11335.309
11249.959
11211.758
11179.037
11434.318
13147.200
12628.769
11922.142
11887.220
11940.974
11586.957
11540.740
11941.129
12649.082
13511.540
11870.344
11539.333
11615.675
11511.814
11660.131
11623.183
13906.551
12293.728
11657.435
11617.996
11691.403
12027.055
12157.776
12364.496
14029.164
13851.054
12644.592
12619.010
12429.887
12221.575
12316.650
13213.450
14105.762
12572.141
12391.134
12376.319
12264.431
12237.635
12476.268
13423.659
10772.722
9247.192
72.159
67.517
78.547
61.037
59.404
60.637
57.435
58.577
57.031
57.099
57.030
56.640
56.467
56.956
57.339
57.277
73.789
56.983
56.556
57.566
56.822
57.569
57.586
58.205
58.227
57.779
259.933
208.810
312.465
79.689
77.518
76.377
77.389
72.206
69.920
66.071
67.822
64.671
65.459
63.181
62.881
62.122
61.483
77.150
60.461
60.990
60.517
59.106
59.640
58.819
59.132
59.002
58.694
58.495
59.156
58.806
58.572
58.600
84.645
86.988
84.827
110.424
118.132
103.937
112.468
89.369
89.127
93.614
86.770
84.931
113.816
165.271
361.579
187.915
133.934
110.557
91.187
89.309
87.636
88.113
86.540
87.518
86.460
86.378
87.219
86.466
86.903
85.527
85.160
85.341
84.812
84.502
84.989
99.628
83.919
84.855
128.746
183.094
125.272
125.399
116.615
162.159
154.994
340.342
134.342
193.441
103.171
151.614
205.594
183.625
326.646
103.399
98.680
95.371
93.989
92.805
92.194
93.473
108.079
92.775
92.559
93.543
92.669
92.361
92.704
92.418
111.220
110.346
110.351
109.519
109.994
109.873
153.144
232.744
245.244
289.551
267.966
158.954
142.703
139.224
242.950
269.429
389.440
196.660
308.870
248.715
285.224
223.493
190.328
188.471
202.711
187.125
186.128
185.942
186.915
185.999
185.845
185.849
185.704
185.629
201.980
185.813
248.813
328.260
294.583
206.946
197.937
249.431
241.079
213.210
217.701
191.739
289.960
400.733
217.905
199.850
205.941
187.711
187.947
187.469
186.462
186.972
186.479
187.796
190.934
193.317
207.147
191.139
191.177
191.644
201.972
247.787
213.750
265.700
253.290
210.597
208.083
223.057
219.588
228.678
214.666
276.990
377.445
299.552
221.476
214.945
213.157
212.838
210.221
209.951
208.900
224.007
209.021
209.116
209.281
208.937
209.488
208.788
245.714
274.230
239.611
216.264
223.375
227.898
228.220
342.330
225.180
283.770
232.994
226.122
218.344
212.589
211.780
210.885
209.452
209.148
224.118
209.110
209.318
209.398
209.543
209.761
209.874
210.445
212.568
263.433
253.784
286.694
260.520
243.572
240.294
238.450
264.196
242.393
279.642
279.624
287.905
264.803
241.990
255.113
237.917
237.033
235.655
235.596
235.643
235.081
234.907
234.080
234.757
235.236
249.118
277.564
253.886
243.939
254.375
267.071
255.315
261.532
291.009
266.966
252.457
243.857
255.337
238.271
238.088
237.608
236.951
237.850
236.590
236.643
251.292
236.489
236.266
236.080
236.693
267.468
278.719
278.031
277.545
247.227
247.991
246.353
251.206
246.801
265.344
294.414
255.140
244.304
242.148
242.483
241.022
239.881
239.705
239.380
239.408
239.019
250.850
251.984
248.927
271.984
289.281
256.749
264.658
267.605
264.078
254.407
300.412
288.479
264.426
254.587
251.930
251.094
249.952
249.428
262.087
240.121
239.704
239.542
239.095
240.491
239.343
241.140
267.516
272.137
277.241
261.987
250.685
252.903
247.767
266.670
249.837
251.002
280.353
250.364
247.140
244.667
259.185
242.843
241.772
241.422
241.960
241.432
241.716
241.149
256.554
253.640
262.879
266.845
259.455
262.252
260.069
272.978
254.440
269.425
265.281
253.389
249.944
255.119
265.239
250.772
249.759
250.207
249.529
249.455
243.126
243.144
243.480
251.172
270.662
283.244
272.283
255.421
253.335
254.904
251.059
253.839
256.556
271.139
252.095
247.848
262.313
246.221
246.183
244.576
245.348
244.178
243.892
259.001
245.447
256.751
273.674
278.486
259.443
269.590
279.235
262.682
256.336
256.558
259.779
251.733
249.500
262.804
246.386
246.674
245.487
245.671
245.410
245.836
245.318
245.803
246.952
248.232
274.147
282.490
272.156
256.504
264.759
282.498
275.252
271.280
276.054
275.659
280.073
264.773
257.056
254.792
255.334
253.718
252.916
267.465
255.000
253.738
268.040
278.942
269.687
271.339
279.819
261.302
263.593
262.580
254.557
252.028
250.315
265.318
249.800
249.853
249.987
249.473
249.073
249.241
263.482
255.080
280.505
270.360
262.978
272.614
262.718
256.618
269.028
262.187
264.851
257.793
252.621
267.566
251.775
250.616
250.727
253.402
250.894
250.928
266.707
250.591
264.492
261.302
266.992
262.770
266.216
281.865
267.113
267.834
266.211
257.651
255.757
253.666
268.474
252.767
253.255
251.602
251.759
251.264
251.433
253.263
269.018
274.465
278.124
268.213
259.611
276.294
261.777
259.915
270.962
262.759
257.103
254.344
268.557
253.225
253.066
252.894
253.552
253.109
253.764
289.705
276.265
270.861
265.401
271.962
270.048
279.932
272.064
270.282
260.347
257.945
256.429
256.524
270.206
254.824
255.047
254.202
255.072
261.192
293.062
301.513
293.221
285.933
281.881
277.061
271.546
274.597
284.226
273.088
269.530
266.623
265.684
279.921
264.558
273.133
263.904
264.033
281.361
304.226
277.726
278.039
280.118
279.134
277.423
290.887
275.475
269.229
268.349
268.671
266.335
265.957
280.331
265.504
265.810
264.230
285.305
289.344
306.300
288.828
275.216
277.659
275.741
274.528
283.215
272.903
270.114
268.544
268.608
266.711
268.030
282.903
267.298
274.294
292.288
287.146
291.794
303.636
284.301
276.799
276.037
279.518
270.787
287.261
268.596
269.276
269.372
269.596
269.318
268.396
267.818
289.341
296.561
291.175
283.479
282.702
281.552
284.878
291.421
284.009
274.204
271.722
287.374
269.957
270.320
269.672
270.891
268.975
310.000
289.284
287.135
288.351
284.541
279.036
295.228
284.250
273.615
272.811
272.626
271.029
286.480
271.286
272.482
291.577
293.753
317.764
342.796
319.104
307.734
305.457
304.013
306.680
308.071
302.033
298.412
297.356
296.630
310.994
295.846
294.720
295.103
323.573
319.854
333.997
317.254
311.630
314.089
306.626
299.497
298.180
297.263
296.793
296.617
296.970
295.696
296.491
297.181
323.145
323.322
322.259
324.412
310.083
310.503
314.628
303.909
300.399
299.796
299.122
298.426
299.090
299.695
312.247
319.329
322.582
317.548
319.884
322.534
315.843
311.678
303.733
303.847
301.085
316.140
300.660
300.538
301.676
299.929
329.635
339.211
323.927
312.752
315.637
315.369
329.195
304.310
303.576
302.461
301.912
301.740
316.359
302.058
301.669
330.654
328.067
328.940
313.336
318.488
314.632
316.643
309.648
306.048
305.690
304.592
305.621
304.248
318.692
334.381
354.265
347.396
354.789
363.469
333.772
338.307
346.607
339.329
345.919
327.794
324.916
324.630
323.859
323.277
323.632
345.185
344.524
343.239
333.331
340.629
337.615
338.713
327.290
326.251
339.220
324.105
323.547
323.808
323.395
344.909
352.105
341.048
349.550
338.347
352.397
338.468
350.379
336.735
330.561
345.226
327.182
327.237
326.992
325.582
344.801
353.273
346.142
340.287
342.491
341.368
351.786
336.879
333.402
329.799
328.769
327.966
326.952
326.584
329.235
350.861
361.903
354.030
341.212
338.890
341.540
353.123
337.370
336.399
332.876
329.910
343.064
327.953
327.639
351.360
361.016
362.584
341.668
345.006
346.395
343.101
347.630
331.040
330.407
329.625
329.332
343.128
328.222
348.589
356.021
360.303
365.691
341.680
345.966
357.498
341.851
350.863
332.023
332.961
332.117
329.534
345.374
353.690
360.810
348.319
352.113
361.716
351.204
345.214
335.110
333.275
347.457
331.169
331.267
330.833
329.946
371.724
349.256
357.076
346.883
346.247
342.185
352.657
341.116
335.968
333.792
333.130
331.285
331.373
332.604
366.413
365.003
349.507
351.326
347.159
369.914
340.002
336.075
335.380
338.100
334.389
333.831
334.738
363.868
358.782
379.383
351.291
356.823
347.234
351.164
355.908
340.515
356.571
357.008
356.259
366.017
364.099
365.481
353.201
360.228
351.380
355.284
342.534
339.603
353.001
337.542
338.331
352.371
358.980
401.345
390.780
377.918
362.976
363.848
352.578
351.706
343.754
342.397
339.125
338.380
339.188
338.233
366.298
381.774
352.571
357.317
355.208
355.816
361.181
341.965
340.020
341.661
338.983
353.768
342.659
367.999
364.056
363.060
353.956
349.295
363.379
350.187
360.681
342.777
339.577
340.549
340.115
363.116
377.192
368.254
357.915
358.068
372.197
346.543
343.145
341.744
341.344
342.101
340.158
342.045
377.861
411.545
393.182
395.107
390.967
393.368
383.538
381.031
379.300
377.509
393.165
376.876
386.545
402.662
415.755
390.496
397.644
400.131
405.488
388.226
382.464
381.098
379.123
400.514
402.069
422.265
436.495
434.753
410.419
400.702
404.895
429.979
401.050
396.571
394.658
392.942
392.893
393.877
415.028
413.228
423.124
411.532
397.118
414.002
406.936
385.225
383.810
381.485
381.942
380.070
409.764
414.616
397.066
400.482
400.660
408.931
392.422
401.242
384.580
385.455
384.528
401.669
415.045
411.719
401.942
405.356
407.976
405.455
393.490
390.284
387.385
385.910
384.815
385.957
426.164
409.771
404.341
398.483
416.522
416.739
397.907
390.384
387.753
386.063
386.749
390.113
423.954
415.049
408.111
406.921
412.796
503.933
476.156
474.712
490.421
499.410
499.762
528.080
526.077
491.631
493.606
489.345
489.641
506.308
498.353
511.544
495.790
494.260
526.821
543.139
525.335
517.389
536.104
519.719
505.667
500.476
498.904
497.559
495.785
535.508
529.098
516.494
512.293
512.546
534.108
512.304
520.049
500.480
498.877
497.452
517.151
516.387
521.511
532.577
528.459
518.121
506.143
514.019
512.182
510.524
523.935
543.142
540.337
556.161
526.045
533.490
527.598
533.393
516.244
515.734
527.670
540.705
540.167
536.960
534.557
539.760
533.082
537.061
516.651
517.308
531.149
519.248
546.663
535.901
531.011
528.662
548.339
546.186
523.927
520.615
532.315
515.983
541.824
548.809
539.004
542.323
553.305
543.988
520.924
519.018
532.518
516.410
553.620
550.130
543.355
533.154
542.252
546.464
523.296
520.540
533.565
515.837
546.893
545.945
538.873
539.120
553.591
545.845
523.992
520.716
533.896
517.460
544.960
555.437
544.898
535.434
543.228
562.523
553.712
559.106
569.356
553.634
589.556
605.945
579.710
569.845
558.537
527.925
525.935
535.772
536.611
549.496
568.259
558.790
557.092
555.618
570.431
543.016
538.560
550.809
534.700
548.800
589.383
565.363
566.996
587.381
547.639
543.604
539.555
537.443
536.294
565.080
591.170
561.041
559.423
574.813
549.526
546.084
554.332
538.040
547.880
593.047
569.320
562.988
561.016
552.842
542.224
540.635
554.972
537.840
574.713
611.453
590.347
586.663
615.200
577.668
569.337
566.985
551.227
581.416
592.629
570.901
574.695
587.627
555.677
554.864
567.513
551.250
560.343
607.241
577.191
570.879
591.110
568.484
558.419
553.540
552.424
552.699
599.603
583.429
578.161
574.823
557.571
556.048
553.952
567.677
552.838
582.555
601.997
580.199
574.760
597.111
563.539
559.263
570.327
554.552
567.896
603.587
587.529
610.261
588.645
560.994
577.699
570.766
553.874
567.660
613.834
578.165
576.150
591.622
565.369
561.925
575.483
558.982
575.138
605.962
580.868
581.397
589.578
561.102
561.360
559.263
558.362
565.264
585.890
587.146
574.013
601.656
590.597
582.679
561.561
559.863
572.106
591.229
587.911
582.503
577.410
562.649
562.041
562.715
578.503
614.361
620.009
607.898
599.966
596.403
565.515
562.672
560.818
561.429
592.229
588.147
584.089
578.432
571.712
565.136
563.604
561.435
561.452
593.996
585.476
580.763
575.885
568.583
568.071
564.455
561.510
572.822
599.628
590.524
586.483
582.276
568.206
565.725
566.069
562.362
568.355
598.050
591.238
583.401
625.681
622.261
603.733
602.866
618.409
637.353
641.946
646.799
624.198
611.208
621.028
603.887
604.069
718.241
694.012
713.037
686.707
691.950
689.616
674.986
693.614
697.696
712.290
712.808
691.034
698.328
686.694
680.723
693.505
674.094
710.259
712.355
700.008
716.093
685.983
678.586
692.196
675.687
706.647
703.846
697.080
719.652
692.431
683.612
693.366
676.070
684.387
715.141
702.601
708.069
707.657
691.329
691.366
702.795
715.314
733.773
705.069
702.913
710.026
703.811
681.456
681.609
691.929
719.369
726.753
701.083
706.435
705.348
683.932
697.375
679.627
709.893
725.750
714.761
735.626
695.191
689.354
697.384
681.699
722.059
703.543
704.937
722.138
694.445
707.995
705.431
702.624
722.242
717.091
707.480
714.704
691.102
699.734
682.666
683.385
795.293
754.396
767.546
762.268
703.089
690.701
685.966
697.675
714.876
715.565
756.216
768.514
750.513
713.346
727.277
717.580
742.444
727.133
707.262
867.722
881.426
897.109
852.774
890.919
885.421
869.167
845.809
834.924
845.081
878.734
943.879
895.275
936.699
879.094
870.837
831.166
841.158
856.122
932.594
927.240
877.098
837.493
833.213
829.792
875.027
881.714
880.479
921.227
888.884
872.298
856.309
893.983
858.186
891.963
845.906
869.320
868.833
900.286
863.469
871.679
857.615
838.039
849.142
833.372
898.248
917.982
945.066
867.592
875.809
856.542
900.159
895.834
901.321
947.459
939.766
916.382
923.855
877.517
904.778
902.588
868.805
866.679
912.532
948.441
949.921
950.423
898.825
863.566
861.280
897.695
940.047
979.063
936.978
896.019
891.493
901.854
934.116
910.819
900.361
884.836
861.886
872.222
896.944
908.547
905.111
892.449
868.707
910.021
939.401
947.044
922.177
934.413
898.319
888.862
1033.890
1090.384
1131.445
1152.873
1082.232
1072.908
1054.532
1091.439
1092.995
1143.719
1117.396
1075.902
1035.881
1079.575
1075.848
1095.294
1102.548
1123.773
1039.481
1098.370
1078.250
1078.691
1073.989
1055.852
1118.340
1133.026
1122.209
1088.252
1059.117
1060.623
1037.060
1154.952
1084.760
1082.043
1021.390
1010.603
1010.249
1034.095
1087.753
1156.872
1123.529
1069.173
1053.011
1077.858
1065.635
1059.065
1123.176
1111.926
1006.208
1046.069
1040.228
1066.816
1020.864
1072.148
1121.307
1121.722
1079.980
1045.609
1037.213
1012.398
1024.256
1180.109
1159.750
1142.427
1090.697
1039.761
1007.498
1056.457
1175.382
1174.915
1123.486
1045.909
1056.514
1074.543
1044.951
1146.000
1120.911
1059.645
1045.425
1104.275
1046.739
1051.755
1053.360
1104.420
1091.195
1055.105
1069.018
1054.380
1036.971
1017.330
1072.271
1070.484
1047.919
1063.673
1025.685
1033.318
1031.336
1096.491
1156.659
1149.357
1119.040
1026.558
1041.482
1069.460
1067.847
1163.522
1113.574
1065.885
1063.154
1088.139
1057.245
1054.815
1089.098
1051.148
1058.090
1062.324
1074.021
1039.581
1037.373
1042.175
1149.974
1126.114
1091.629
1067.528
1022.914
1031.601
1031.077
1182.902
1174.878
1121.964
1040.480
1020.773
1045.337
1066.017
1163.584
1159.394
1059.601
1067.865
1053.061
1078.673
1046.093
1101.458
1155.554
1081.936
1054.006
1068.519
1075.753
1045.044
1041.308
1081.919
1084.115
1141.315
1106.337
1099.575
1054.977
1047.135
1200.771
1206.275
1128.593
1062.272
1051.834
1082.388
1095.261
1220.431
1159.138
1086.064
1098.316
1097.504
1100.235
1090.475
1162.000
1107.063
1050.526
1104.897
1091.997
1087.371
1054.361
1153.979
1199.040
1125.384
1147.992
1085.921
1055.041
1064.526
1172.028
1135.573
1092.328
1074.927
1050.853
1066.187
1102.585
1154.289
1210.719
1113.386
1084.717
1140.922
1095.504
1104.230
1132.369
1159.844
1140.466
1102.018
1108.567
1066.440
1072.928
1122.168
1206.603
1152.505
1126.947
1099.608
1148.086
1171.962
1268.510
1283.431
1175.293
1148.016
1134.394
1186.929
1188.226
1240.884
1203.855
1186.568
1217.180
1183.586
1147.876
1198.138
1261.439
1188.959
1194.173
1193.673
1145.914
1151.981
1251.147
1286.815
1227.343
1188.299
1193.544
1152.109
1210.714
1257.502
1188.768
1139.557
1148.395
1164.234
1189.699
1256.998
1184.433
1161.541
1170.264
1181.965
1189.789
1152.483
1276.367
1256.458
1224.343
1233.706
1209.504
1239.271
1265.207
1255.545
1178.435
1172.494
1144.339
1143.969
1199.772
1301.371
1275.301
1218.801
1163.044
1201.468
1195.797
1214.072
1276.666
1257.991
1279.857
1231.347
1155.456
1147.728
1291.610
1289.295
1215.600
1178.292
1152.156
1166.575
1268.936
1260.413
1175.378
1165.022
1186.159
1240.875
1211.233
1281.978
1275.277
1213.623
1226.980
1241.215
1200.830
1269.090
1281.784
1316.580
1260.359
1211.091
1182.048
1231.384
1340.082
1258.996
1206.396
1198.106
1192.077
1257.597
1332.799
1283.280
1275.140
1252.903
1226.405
1233.918
1301.052
1290.897
1272.972
1278.801
1266.398
1189.391
1281.964
1250.539
1243.382
1250.962
1198.437
1185.372
1272.226
1306.991
1234.407
1210.495
1181.067
1200.855
1267.822
1313.173
1275.366
1281.758
1246.007
1231.758
1243.485
1274.542
1245.306
1257.291
1277.349
1233.512
1201.831
1271.333
1290.486
1286.155
1287.451
1233.614
1242.300
1302.234
1315.159
1317.016
1210.014
1192.001
1252.176
1300.945
1247.627
1205.839
1200.367
1221.764
1241.458
1231.513
1276.151
1297.678
1296.498
1259.341
1252.580
1216.896
1300.550
1335.611
1332.583
1250.752
1187.498
1259.416
1317.877
1316.918
1247.584
1268.226
1308.588
1239.577
1308.241
1250.119
1261.014
1297.191
1216.238
1222.612
1300.222
1335.838
1321.898
1225.423
1197.157
1208.101
1326.701
1295.155
1248.933
1255.481
1230.913
1246.874
1293.161
1293.406
1235.362
1255.405
1245.954
1207.450
1299.934
1330.314
1334.567
1307.413
1241.485
1239.934
1292.059
1300.603
1277.060
1233.794
1229.402
1350.073
1339.945
1234.595
1223.562
1212.991
1273.870
