0.622
0.587
0.813
0.800
0.927
1.114
1.248
1.073
1.155
1.990
2.117
2.483
2.960
3.006
3.112
3.549
3.180
4.389
4.681
5.487
7.277
8.337
7.203
8.019
15.575
16.201
14.107
14.862
15.143
14.756
15.739
13.946
15.272
18.916
16.594
18.044
18.842
17.655
21.860
19.920
23.323
21.081
26.051
22.891
25.376
22.487
23.848
22.621
23.875
21.410
23.056
23.982
26.385
31.871
38.947
60.600
62.127
62.834
67.194
79.284
85.940
86.179
89.737
66.772
76.436
80.509
85.672
79.996
83.753
82.761
91.672
88.439
93.152
94.061
93.494
93.291
94.947
112.132
113.986
116.814
115.897
131.231
120.515
135.856
140.926
145.821
149.221
147.102
163.580
161.610
162.652
146.418
163.883
181.245
174.278
194.726
196.772
211.520
205.231
222.995
222.454
207.216
196.069
192.766
212.855
193.317
192.735
192.240
194.437
178.687
167.303
179.716
198.704
243.435
250.300
255.915
251.375
268.217
248.143
255.648
255.820
244.199
251.550
255.125
270.681
292.086
291.002
295.499
346.034
374.704
356.590
358.376
393.276
361.279
355.076
327.297
353.825
351.609
358.479
357.705
351.790
351.530
336.517
336.809
334.801
342.502
335.053
345.660
361.189
352.639
364.359
371.777
363.103
385.018
393.534
396.779
468.804
471.705
454.505
437.202
430.691
443.530
435.070
446.998
433.537
435.483
450.885
442.160
469.419
458.275
454.734
482.016
499.549
511.497
470.976
497.752
543.217
653.616
621.328
625.525
613.217
591.925
593.306
618.268
646.576
651.361
659.808
640.089
650.380
737.761
739.244
754.848
826.911
812.085
838.576
809.784
874.019
820.928
834.171
834.186
889.186
945.411
941.665
984.449
1006.139
1053.616
1079.668
1075.007
1069.770
1143.581
1079.049
1088.029
990.378
1064.364
1048.309
1011.652
1087.278
1033.302
1051.770
1052.533
1029.023
1076.330
1216.136
1327.373
1343.970
1337.728
1299.029
1311.972
1286.899
1288.655
1355.753
1406.302
1387.579
415.497
412.068
412.996
428.709
432.495
431.843
426.314
439.786
485.980
486.092
489.524
532.552
327.229
332.229
346.181
346.356
341.805
339.392
334.680
336.709
336.751
337.798
333.422
336.794
337.731
338.203
343.601
350.171
345.688
322.239
313.825
315.281
315.039
316.098
321.581
315.681
317.589
321.326
349.358
350.944
382.533
388.362
369.408
380.016
355.593
347.870
386.932
454.212
404.507
392.897
396.091
402.802
398.254
498.205
641.143
573.911
690.540
710.132
744.420
573.268
579.027
569.266
554.678
523.258
524.847
541.742
534.842
538.699
533.254
542.420
535.621
538.829
534.640
553.445
549.926
562.288
557.460
564.256
593.812
578.936
565.175
565.986
562.665
581.838
565.270
569.836
569.390
557.638
562.744
678.697
679.381
682.823
675.028
678.214
731.696
792.991
794.098
764.229
712.052
718.603
720.372
719.198
716.033
721.862
720.142
775.705
975.902
974.051
962.000
1000.770
945.700
855.319
861.624
836.977
978.195
948.623
962.525
1007.485
1116.887
1036.292
976.501
1000.687
946.255
941.793
980.278
973.438
971.621
995.480
1059.034
1008.272
1000.363
994.308
999.647
1037.905
1024.577
1067.690
1114.696
1211.327
1316.891
1213.004
1132.871
1197.916
1189.367
1185.408
1194.671
1262.516
1366.335
1414.171
1419.913
1220.431
1205.304
1361.703
1496.441
1701.523
1309.339
1255.157
1243.942
1241.829
1215.963
1239.433
1278.915
1344.183
1345.674
1332.789
1268.598
1239.093
1234.342
1241.867
1372.517
1422.782
1357.041
1356.548
1337.086
1239.931
1232.914
1268.241
1374.011
1340.112
1274.646
1239.716
1254.125
1251.216
1252.337
1370.130
1574.117
1669.343
1749.229
1423.018
1375.352
1606.397
1581.904
1500.649
1449.710
1387.024
1409.374
1404.901
1550.968
1693.674
1601.998
1596.112
1574.326
1452.642
1459.107
1651.589
1623.541
1560.368
1464.575
1499.618
1496.946
1642.278
1658.626
1498.631
1492.668
1501.884
1499.324
1515.121
1784.633
1708.225
1650.191
1854.849
1988.104
2297.324
1805.519
1702.322
1682.662
1763.508
1821.278
2078.337
2052.766
2180.902
2408.010
2606.324
2379.164
2337.692
2335.736
2545.524
2690.324
2400.725
2429.463
2966.693
3553.337
3238.571
3368.572
3272.943
3296.716
3900.929
3709.700
3271.880
3678.843
3279.990
3198.216
3518.701
3346.170
3173.202
3659.224
3379.433
3531.216
3354.549
3263.453
3202.328
3480.947
3163.536
3212.634
3270.951
3141.836
3270.830
3690.963
3610.397
4271.662
4008.039
3488.909
3901.271
3548.419
3388.784
3909.979
3662.341
3901.898
3967.417
3941.156
4498.402
4287.026
4254.128
4123.627
4227.573
4441.295
4384.149
5151.973
4692.913
4903.897
4515.620
4769.161
4740.726
5130.826
4793.946
5395.307
4866.024
5500.135
5343.483
5479.717
4981.260
5582.584
5121.208
5106.368
5386.683
6410.217
5950.748
5256.695
5712.249
5403.793
5543.710
5394.583
5523.919
5461.872
5396.152
5792.709
5494.737
5770.404
5287.893
6118.018
5732.190
6167.488
7105.630
6109.529
5817.240
5983.165
5800.688
6025.846
5983.595
6326.276
6340.602
6101.641
6346.509
6038.272
6174.711
7509.281
6522.309
6364.095
7146.064
6827.044
6539.792
7076.806
6782.256
6437.625
7070.108
7011.056
6527.105
6961.062
6835.187
6866.574
7255.887
7096.105
6908.913
6704.188
6967.197
6891.013
6647.690
6873.618
6852.505
6774.721
6666.886
6989.279
7808.465
7080.023
7424.883
8277.341
7249.943
7558.829
7481.051
7285.523
7083.621
7090.546
7439.961
7393.601
7225.259
7943.209
8003.090
9244.794
8443.648
8741.311
8679.320
8750.609
8603.119
9122.430
9168.105
9403.034
9269.417
9562.214
9715.696
9502.452
10685.499
10321.246
9900.635
9840.659
9682.936
10263.510
9801.029
10252.614
10413.787
10239.840
10304.836
10102.598
10169.909
11665.707
10824.445
10841.783
11653.124
12240.895
12767.699
12956.462
13475.402
12995.251
13424.202
14546.980
13366.326
13238.154
13528.177
13221.944
13955.832
13212.182
12779.141
13619.566
13342.085
13831.548
14863.815
13675.568
14193.609
14343.283
15068.576
14674.907
14668.555
14997.461
14840.882
15459.803
15980.198
15185.417
15416.681
15257.637
15548.110
15124.660
15496.177
15190.214
17114.598
16355.174
16051.246
16062.421
15351.456
15430.187
16063.628
15738.067
16306.250
15637.501
16919.905
16437.722
16087.222
16140.477
16196.728
16013.805
16882.272
16292.920
16646.810
17466.044
19414.284
18024.316
18168.178
18211.787
20600.719
20900.380
20335.220
21275.343
21256.700
23658.123
23846.777
23415.536
23563.864
24080.770
24080.359
23287.314
26761.867
24765.939
24031.086
24994.393
25253.629
24895.571
26119.153
25530.851
26819.147
27000.733
25955.732
25678.655
26378.808
25556.027
25438.347
26540.469
26852.445
26266.216
26128.041
26913.788
26264.782
27345.642
27578.468
26495.144
26225.763
25786.203
26007.897
26927.211
26429.128
28813.924
28189.163
27953.277
27219.830
26978.660
27249.155
27764.231
29445.924
28557.847
28070.587
27889.675
27620.035
27265.578
27296.192
29986.168
29053.853
27769.808
28287.771
28171.382
28094.367
28082.203
30783.945
29849.857
28618.128
28953.702
28398.906
28552.140
28006.325
29701.268
29436.053
28663.044
28602.400
28542.463
28225.552
28429.643
30703.414
29799.198
28768.122
28531.630
27964.987
29293.943
28735.683
33365.168
31966.311
30795.808
30030.529
29862.518
29766.159
31201.738
31252.658
29766.045
30640.830
784.229
753.264
729.987
780.115
850.281
867.480
806.293
775.749
757.517
741.837
711.512
698.216
696.257
697.981
698.388
917.945
965.820
1251.995
975.815
857.928
814.715
821.341
1144.566
865.521
821.280
782.571
916.778
865.250
812.899
791.632
783.248
746.909
807.832
799.851
794.931
802.880
794.179
795.056
897.510
904.324
879.662
840.557
840.356
840.944
817.800
802.553
796.450
792.391
792.966
812.860
954.425
882.103
867.636
841.417
824.610
789.671
901.651
939.821
873.353
861.603
842.937
920.781
903.232
856.684
954.170
1860.569
1284.612
981.618
901.047
830.255
946.443
947.031
898.851
875.561
846.123
805.007
803.140
799.160
803.531
797.122
794.143
843.905
933.075
882.545
858.652
859.319
910.481
904.830
892.821
849.820
847.002
851.960
891.554
969.320
980.692
1357.387
1110.390
1090.902
1391.741
1198.157
1292.009
1453.513
1335.115
1358.152
1415.448
1087.739
1015.595
1232.159
1056.249
1141.681
1148.488
1068.479
1038.805
988.645
992.418
1122.959
1120.126
1144.151
1308.402
1270.236
1223.666
1219.176
1306.285
1201.687
1206.917
1262.874
1367.586
1375.749
1310.254
1210.816
1803.954
1710.093
1632.862
2351.027
1939.869
1739.059
1672.522
1748.800
2370.154
2162.289
1818.792
1683.704
1752.494
1949.956
1807.868
1749.497
1633.760
1632.245
1849.103
1916.773
1778.227
1623.619
1626.638
1655.054
1942.391
1867.372
1825.086
1847.118
1714.028
1847.683
1945.623
2197.784
1990.753
1881.055
2822.418
1837.995
2010.595
1680.914
1658.692
1799.446
1959.962
1916.569
1974.291
2031.870
2073.639
2030.243
2021.339
2016.212
2017.983
2188.190
2100.630
2016.377
2023.467
2624.003
2428.379
2407.307
2146.542
2240.346
2194.430
2881.178
2305.496
2111.837
2227.117
2122.003
2105.604
2069.356
2115.128
2130.967
2063.512
2028.155
2024.808
2171.809
2115.849
2079.649
2025.366
2018.980
2212.678
2247.539
2053.397
2171.777
2574.729
2848.902
2163.414
2089.755
2644.977
2184.071
2094.235
2149.811
2134.002
2365.113
2276.854
2247.819
2122.062
2243.601
2272.655
2120.193
2120.409
2144.746
2283.985
2255.785
2394.752
2654.004
2813.026
2360.414
2183.494
2154.959
2691.262
2444.436
2240.637
2137.683
2302.768
2316.153
2138.682
2134.720
2177.408
2231.908
2212.681
2358.001
2338.677
2339.539
2307.292
2119.084
2121.789
2222.073
2278.547
2269.915
2486.475
2377.031
2608.773
2657.074
2343.772
2689.103
2530.234
2391.674
2205.862
354.710
344.416
338.927
350.449
371.998
374.481
377.938
358.378
361.951
354.551
359.736
359.656
358.499
364.306
346.343
333.951
499.639
450.550
429.503
357.032
348.834
344.329
339.956
406.546
652.353
666.696
574.865
413.529
405.240
394.746
387.664
386.920
383.124
382.092
382.346
380.670
388.634
378.087
372.837
384.078
356.116
341.041
337.051
338.911
346.307
367.416
418.091
507.785
437.365
458.065
455.489
492.608
450.872
396.226
391.677
458.931
625.591
410.885
392.548
387.285
379.481
379.162
381.232
375.061
373.672
381.524
373.739
375.627
374.065
372.713
384.966
417.216
417.809
402.361
626.282
632.989
611.293
546.765
467.876
448.414
429.741
518.384
503.782
504.480
472.395
432.484
421.273
423.034
420.451
433.847
467.130
470.596
471.182
463.609
447.068
444.118
450.639
446.265
437.477
427.238
421.657
472.531
475.369
438.420
602.298
641.605
566.953
514.423
463.886
478.413
471.487
488.941
455.313
436.270
435.170
436.624
434.944
436.107
435.428
431.193
430.855
423.381
418.263
416.012
418.343
419.140
457.457
511.671
550.915
516.444
486.168
462.476
458.283
495.325
495.212
593.938
512.992
474.561
455.854
473.655
474.399
482.139
485.666
480.962
434.112
435.477
431.239
511.548
491.203
482.271
478.681
531.880
505.754
484.740
503.636
498.663
493.261
490.021
449.571
535.865
455.001
448.183
438.888
437.692
435.543
438.000
448.734
448.366
434.246
434.273
515.692
508.572
508.104
511.395
579.010
617.179
579.017
521.468
519.710
528.544
549.458
572.388
581.480
574.183
568.156
547.094
527.778
511.989
510.611
509.901
519.552
510.459
511.438
509.355
508.788
519.738
578.755
547.779
595.235
563.622
618.555
590.966
574.169
590.603
646.217
573.308
540.725
506.227
507.255
511.809
506.445
505.243
505.610
506.586
505.020
505.972
522.371
634.536
623.009
567.521
521.703
515.955
530.271
536.430
574.233
544.653
519.683
510.216
510.713
509.456
508.691
507.814
511.927
548.481
566.066
553.655
543.234
541.346
588.779
585.632
575.030
550.519
539.883
520.916
515.027
565.056
529.178
515.688
521.750
528.095
564.839
575.876
565.403
543.857
548.286
547.411
544.395
544.720
622.949
615.841
553.999
523.617
519.337
536.567
535.888
535.690
560.918
552.273
547.645
544.654
554.550
546.528
616.725
590.963
593.512
592.369
617.440
682.265
676.079
675.729
673.832
745.402
694.814
672.168
645.515
643.564
644.225
637.621
619.196
620.591
618.841
618.740
618.387
629.189
701.015
717.009
713.645
690.081
648.048
669.991
668.159
651.634
644.861
642.296
642.827
642.672
621.205
625.628
653.446
667.642
660.341
653.367
635.485
654.023
649.136
666.552
637.105
629.454
640.764
629.188
621.509
627.720
666.346
686.930
688.821
698.284
693.710
689.315
660.671
647.422
638.537
635.043
629.282
653.224
660.158
631.739
696.168
698.945
687.888
647.881
640.487
641.788
642.822
645.326
647.245
651.880
656.987
645.332
655.343
691.104
702.527
724.104
701.716
696.435
690.858
660.183
650.404
648.972
646.518
647.886
641.759
672.753
658.485
716.344
710.937
706.697
726.553
742.405
670.309
650.937
649.761
632.291
629.013
633.427
628.368
628.182
675.087
683.645
710.267
721.823
700.538
708.338
674.708
660.059
662.018
660.470
652.643
637.061
630.219
650.421
694.659
681.848
670.522
649.861
691.935
667.742
675.834
659.557
649.282
665.684
654.509
637.021
636.162
702.182
655.961
650.396
642.902
630.581
635.865
637.812
664.589
664.787
648.553
667.697
666.608
647.518
684.390
704.448
676.386
657.424
634.275
633.559
633.657
634.230
634.711
649.869
688.243
660.226
651.277
644.786
731.084
725.275
700.873
671.767
662.673
660.295
662.938
660.338
663.302
649.814
654.947
687.894
688.674
739.083
748.017
727.441
680.042
672.016
667.584
679.769
693.513
657.356
642.480
642.598
643.095
673.181
1335.682
1310.802
1246.265
1245.430
1257.631
1250.163
1243.784
1263.781
1246.508
1305.678
1299.362
1297.038
1307.693
1318.590
1401.717
1420.380
1371.158
1322.465
1323.307
1330.876
1309.530
1395.454
1427.123
1353.268
1349.713
1350.248
1305.372
1379.101
1438.753
1454.605
1433.778
1393.800
1354.621
1423.700
1308.590
1424.158
1321.120
1313.829
1306.105
1306.306
1323.103
1394.535
1523.171
1481.986
1431.392
1341.218
1371.434
1339.449
1355.175
1438.175
1368.248
1351.248
1354.968
1305.480
1388.780
1481.852
1518.662
1492.024
1448.683
1469.668
1492.731
1446.637
1573.006
1504.773
1455.661
1409.044
1413.889
1569.921
1683.142
1603.961
1622.146
1554.644
1549.837
1523.683
1666.086
1591.802
1571.393
1552.307
1507.728
1573.898
1785.885
1645.695
1584.512
1596.925
1607.121
1587.145
1603.597
1575.220
1572.560
1546.554
1517.614
1532.777
1779.456
1696.599
1652.066
1579.680
1615.671
1671.026
1689.999
1561.887
1563.639
1527.532
1522.999
1601.274
1742.409
1705.027
1596.972
1600.095
1625.740
1685.628
1580.811
1533.266
1522.776
1529.838
1520.473
1663.014
1782.569
1673.207
1667.383
1583.615
1689.218
1799.988
1604.816
1589.317
1535.397
1540.493
1611.409
1686.022
1835.458
1662.938
1612.876
1607.585
1779.079
1708.831
1643.792
1607.677
1622.042
1660.018
1730.469
1802.396
1837.693
1839.394
1831.677
1908.250
1887.749
1806.053
1740.501
1737.265
1835.036
1844.850
1755.200
1897.255
1836.010
1874.873
1849.665
1796.555
1761.861
1736.954
1791.506
1855.770
1848.548
1724.310
1782.996
1891.537
1915.426
1731.223
1806.416
1836.850
1808.495
1964.638
1902.370
1767.107
1772.391
1940.576
2129.700
1928.031
1956.963
1911.823
1905.191
1961.546
1825.473
1857.971
1852.025
1893.844
2231.743
2009.795
2018.491
1909.560
2065.374
2050.307
1904.289
1856.953
1859.017
2020.775
1972.931
2151.641
2012.099
1926.210
2155.815
2004.484
1890.868
1873.580
1916.298
2042.041
1988.919
1949.555
2094.296
2123.970
2114.522
1984.017
1884.193
1871.669
1961.682
1884.991
1859.626
1854.574
2042.516
2129.140
2005.289
1984.645
1891.965
1908.006
1999.614
1922.165
1862.482
1864.087
2044.768
2081.158
2034.011
1924.135
1946.864
2021.696
1987.387
1858.219
1859.499
1870.114
1946.515
2084.628
2034.858
1936.559
1992.565
2020.285
1969.572
1941.806
1877.347
1885.245
1966.347
2079.812
2003.514
1979.139
1990.957
1959.078
1936.557
1913.744
1868.172
1972.145
2056.438
1985.569
2087.429
2043.115
2222.784
2061.040
2002.487
1882.293
1912.981
2079.416
1963.254
1861.690
2081.264
2087.163
2023.369
1948.095
1895.469
1886.490
2025.111
1972.785
1886.211
1870.532
2036.039
2161.052
2006.747
2016.624
1901.241
1932.565
2054.291
2013.587
1904.166
2068.070
2347.996
2304.913
2220.893
2194.455
2202.950
2281.128
2183.510
2117.771
2063.123
2260.602
2217.832
2161.228
2107.813
2391.992
2301.162
2078.032
2056.019
2143.897
2271.566
2297.911
2231.387
2220.195
2411.047
2223.839
2111.410
2067.711
2309.259
2276.073
2145.535
2259.526
2408.993
2316.781
2149.253
2125.182
2217.481
2120.990
2110.637
2048.242
2112.474
2527.902
2299.532
2225.124
2224.778
2284.291
2174.230
2104.359
2046.023
2201.966
2553.166
2216.011
2140.159
2325.410
2182.259
2110.749
2076.403
2093.550
2128.251
2148.742
2279.881
2217.270
2398.944
2218.085
2149.454
2090.011
2143.942
2123.729
2080.198
2309.966
2365.922
2355.027
2281.414
2171.856
2166.374
2254.567
2138.645
2202.181
2370.250
2615.061
2452.103
2349.936
2311.478
2454.185
2268.019
2155.181
2160.013
2566.586
2455.777
2344.448
2370.667
2462.447
2362.594
2259.268
2166.436
2378.266
2474.395
2490.645
2327.320
2488.324
2370.625
2196.225
2172.067
2366.056
2226.006
2402.724
2388.800
2450.685
2440.465
2303.802
2192.201
2340.510
2306.925
2228.942
2453.936
2628.041
2518.759
2349.750
2279.105
2451.692
2186.978
2186.720
2162.790
2651.281
2408.650
2276.991
2410.453
2528.897
2280.032
2214.623
2159.035
2213.706
2390.368
2365.428
2328.043
2400.046
2242.847
2186.573
2175.949
2306.993
2230.003
2448.962
2363.904
2471.137
2429.327
2285.193
2193.445
2255.226
2187.139
2207.841
2446.120
2508.515
2419.879
2345.445
2205.407
2284.144
2267.294
2179.567
2322.270
2589.032
2382.173
2330.623
2241.059
2323.729
2332.633
2254.622
2204.228
2814.119
2808.968
2717.932
2539.499
2589.090
2431.837
2415.577
2460.866
2834.889
2802.792
2550.603
2722.322
2612.050
2773.614
2827.351
2874.316
3055.745
2959.164
3219.740
2882.095
2773.359
2956.022
2944.027
2757.966
3233.676
3121.017
2911.365
3042.454
2933.146
2814.874
2803.427
3127.104
3164.584
2986.094
3146.249
2958.669
2796.357
3069.565
2803.537
2929.314
3281.370
3091.859
2895.146
2934.125
2833.933
2754.652
2822.197
3225.020
3169.739
3154.983
3040.449
2918.251
2940.713
2961.647
2939.397
3186.213
3126.472
3143.354
2988.416
3173.441
2997.727
2897.601
3163.326
3156.223
3084.306
3085.990
2956.784
2955.011
3110.419
3096.438
3150.658
3242.289
3054.816
2953.061
3011.043
2949.467
2894.335
3294.636
3158.295
3027.306
2995.507
3007.435
2888.893
2905.924
3325.854
3143.541
3044.429
3241.177
2939.084
2907.659
2978.337
3135.096
3316.783
3541.178
3249.818
3194.646
3373.114
3186.126
3250.727
3603.858
3236.206
3338.794
3310.052
3130.601
3272.435
3285.429
3316.766
3530.935
3328.014
3154.775
3388.728
3149.302
3104.597
3907.380
3635.469
3547.949
3583.806
3359.087
3524.420
3532.297
3606.639
3788.678
3414.755
3455.505
3589.826
3358.512
3682.523
3544.517
3511.407
3732.689
3662.347
3523.487
3576.403
3601.352
3767.387
3580.314
3391.820
3701.087
3377.124
3492.436
3749.528
3523.338
3791.440
3575.133
3376.114
3662.788
3684.251
3878.248
3630.901
3423.024
3709.549
3610.456
3406.977
4015.042
3698.459
3826.662
3411.413
3360.477
3698.687
3365.458
3710.582
3565.471
3499.662
3650.635
3548.136
3347.935
3922.880
3785.105
3645.393
3586.508
3395.989
3535.590
3518.945
3666.749
3791.191
3496.248
3570.978
3625.118
3401.057
3889.459
3569.672
3561.157
3623.747
3390.633
3578.262
3622.800
3639.630
3936.299
3556.776
3587.959
3664.621
3370.249
3780.797
3698.417
3718.338
3937.445
3460.247
3650.975
3705.271
3639.504
4032.120
3502.123
3567.483
3433.756
3391.704
3697.018
3760.259
3755.116
3974.268
3609.022
3677.645
3747.664
3656.676
3926.495
3593.411
3606.155
3492.223
3419.687
3879.972
3650.950
3790.129
3684.934
3456.023
3623.859
3799.746
3694.963
4058.261
3941.961
3807.754
3401.688
3555.854
4108.487
3708.098
3774.907
3674.165
3452.693
3710.901
4071.336
4020.841
3848.985
3514.641
3649.755
3405.500
3686.277
3767.368
3696.550
3806.208
3486.111
3528.262
3821.857
3681.315
3863.266
3532.238
3507.404
3852.908
3920.630
3844.642
3699.573
3545.372
3593.661
3428.054
3806.570
3842.436
3707.175
3847.717
3547.848
3570.678
3696.698
3759.446
3869.468
3799.581
3588.507
3552.672
3428.964
3964.673
3866.321
3729.090
3729.206
3457.813
3676.118
3937.469
3754.300
4015.050
3578.599
3593.531
3482.240
3757.643
4062.220
3636.143
3705.064
3456.988
3411.477
3928.846
3727.134
3885.108
3714.615
3478.549
3755.720
3866.117
3897.840
4260.882
3644.237
3914.511
3558.407
4032.743
4032.713
3931.362
3855.974
3600.055
3805.181
4224.644
3986.588
4121.652
3738.008
3979.165
3871.018
4182.924
3970.805
3979.214
3875.354
3624.354
3836.353
4099.353
4019.023
3915.740
3701.692
4008.300
3615.093
4162.425
4151.368
3929.462
3874.855
3666.320
3839.824
4335.134
3951.542
3946.913
3641.664
3909.565
3934.678
4095.175
3985.304
3751.584
3852.473
3606.190
4114.476
3953.173
3771.733
3865.667
3642.085
3832.144
3894.840
3849.485
4053.899
3731.918
3940.394
3614.146
3950.518
3990.237
3725.712
3941.854
3608.539
3897.665
4109.163
3838.123
4041.413
3649.319
3815.066
4258.803
4009.699
3835.404
3658.527
3882.908
3696.974
4025.451
3913.594
3757.369
4011.564
3764.272
3837.900
4104.183
3816.857
3909.879
3684.818
3896.159
4186.766
4061.180
3979.146
3707.160
3995.979
3669.391
4175.700
4154.180
3933.067
3863.389
3655.581
4255.369
4173.319
3922.092
3692.415
3658.742
3840.103
4144.273
4100.334
3940.685
3757.285
3849.942
4171.356
4229.805
3779.111
3797.274
3750.008
3661.943
4440.542
3835.934
4138.540
3965.479
3733.080
4316.078
4412.640
4296.134
4082.431
4342.775
4429.711
4562.187
4264.066
4266.099
4222.460
4420.203
4577.514
4352.083
5084.234
4870.957
5051.785
5163.109
5046.455
4945.707
4806.956
5084.722
5110.194
5176.089
4860.196
4945.529
4930.911
5345.660
4895.106
5000.153
4744.046
4959.660
5085.361
5057.473
4897.870
4780.873
4929.184
4986.258
4914.631
4724.844
4909.289
4949.183
5329.478
5227.572
5149.968
4721.036
5207.607
5119.603
5146.840
4782.416
5198.963
4898.848
5243.925
5075.413
4767.358
4882.662
5031.091
5232.378
5196.225
5108.810
4732.612
4935.354
4918.438
5282.706
4712.861
4848.155
4712.863
5358.205
4938.552
5233.015
4813.142
4899.340
5671.720
5547.517
5353.122
5183.571
5355.059
5460.293
5454.347
5203.618
4825.239
5343.418
5082.989
5261.860
5011.336
5295.343
5062.521
5614.266
4927.919
5162.144
5162.039
5691.620
5383.219
4918.548
5264.949
5262.747
5541.130
4913.292
5633.846
5001.832
5076.233
5385.104
5563.462
5242.434
4805.309
5288.779
5185.319
5730.879
5184.900
5083.422
5273.154
5286.542
5289.658
4800.221
5298.744
5074.142
5661.139
5361.728
5170.406
5225.198
5403.887
5314.938
4930.648
5149.085
5178.164
5789.767
5049.695
5311.203
4915.211
5406.222
5428.099
5315.385
5452.792
5216.139
5893.885
5176.002
5349.460
5204.323
5515.113
5362.001
4976.897
5184.719
4761.985
5229.867
5133.367
5479.568
4996.197
5161.740
5386.494
5311.495
5460.291
4948.968
5306.613
5102.195
5417.771
4989.479
4918.278
5428.872
5375.388
5467.325
5079.350
5340.633
5190.878
5597.860
5115.607
5235.979
5302.294
5508.262
5438.999
4876.089
5143.996
5270.448
5753.935
5214.542
4933.316
5079.459
5666.288
5723.785
5233.960
5175.130
4813.477
5766.901
5366.612
5292.701
5228.603
5571.716
5559.996
5036.278
5750.472
5101.862
5477.405
5497.675
5296.528
5429.920
5027.489
5530.146
5168.423
5077.125
5316.146
5826.496
5619.177
4829.228
5313.092
5141.852
5717.656
5438.212
5195.908
5569.763
5591.256
5243.521
4893.181
5410.711
5333.425
5405.387
5400.594
5327.510
5417.050
5366.086
5805.332
5043.255
5662.452
5464.890
5407.532
5554.568
5074.260
5798.014
5422.385
5614.458
5266.438
5354.502
6336.095
5886.637
5842.655
5832.008
5869.023
6213.020
5690.391
5265.455
5761.865
5603.597
6548.701
6238.021
5294.115
5925.528
5773.457
5701.063
5549.644
6633.015
6246.742
5751.529
5616.008
6090.716
5693.290
5425.471
5469.586
5357.379
5773.258
5642.209
5356.519
5273.348
5568.355
5734.330
5427.948
5435.592
5766.282
5577.255
5535.901
5292.272
5556.771
5724.142
5414.596
5310.064
5243.263
5706.041
5627.147
5447.454
5260.894
5780.123
5669.301
5370.527
5373.508
5705.459
5829.335
5467.985
5302.249
5532.386
5697.289
5487.532
5305.052
5235.046
5770.479
5600.507
5328.008
5252.181
5827.730
5623.316
5479.691
5297.317
5976.503
5849.165
5557.472
5440.137
5992.732
5919.371
5753.340
5442.894
6251.015
5874.959
5625.771
5449.522
5883.969
5937.478
5530.806
5470.249
6082.829
5885.134
5568.572
5699.014
5980.084
6404.941
5879.806
5596.598
6440.302
6122.347
6011.191
5839.862
6114.640
6420.281
6025.764
5530.156
7038.330
6742.479
6175.904
6497.204
6832.203
6434.035
6701.451
6550.094
6598.717
6576.936
6284.981
6343.236
6772.296
6768.772
6467.707
6653.367
7151.110
7216.304
6876.846
6993.086
7631.584
7243.139
6897.538
7037.655
7383.362
6943.757
6621.463
7423.975
7328.307
6748.226
6479.261
7064.342
6973.333
6755.606
7367.346
7407.002
7601.079
7259.095
7456.888
7597.063
7145.320
7193.694
7511.057
7109.814
6995.989
7665.437
7506.020
6861.486
7280.266
7736.134
7374.527
6902.342
7536.815
7738.885
7141.779
6879.135
7377.691
7406.355
7182.169
6966.528
7447.337
7712.091
7345.383
7561.634
6933.864
7252.772
7319.589
7482.691
7237.404
7232.825
7769.832
7564.555
7208.277
6727.774
7584.633
7512.429
7141.934
7310.917
7191.524
7251.010
7238.566
7428.883
7211.933
7281.373
7522.044
7350.570
7056.286
7402.131
7601.680
7359.302
7040.924
7922.506
7715.361
7616.546
7244.231
7298.739
7632.265
7155.409
7699.750
7658.388
7391.115
7593.138
7827.787
7585.880
6882.116
7620.286
7605.789
7114.293
7509.383
7549.646
7429.060
7493.469
7887.761
7041.952
7404.877
8090.939
8080.628
7682.295
7559.410
7557.622
7754.639
7957.928
8206.791
7458.169
7542.705
8042.780
8187.746
7818.028
7502.253
8157.122
7469.956
8007.851
8084.753
7979.408
7555.959
7719.899
7454.879
7825.351
10029.298
9574.367
9547.751
9754.022
9821.368
9938.581
9921.944
9503.554
9671.940
9750.386
9835.092
9433.943
9678.585
9394.191
9757.381
10022.055
9774.274
9715.045
10012.291
9420.869
9449.671
9757.888
9236.735
9374.350
9924.617
9415.074
9593.636
9696.908
10061.797
9872.446
9701.001
9739.830
9491.057
9541.163
9942.717
9440.201
10018.792
9464.806
9792.164
9733.749
9369.662
9377.877
9959.946
9580.297
9889.753
9648.629
9449.836
9342.766
10515.401
10628.233
10242.212
9806.056
9742.798
10848.503
10362.920
9755.538
9921.207
10331.813
10645.369
10383.300
10318.633
9911.213
9971.371
10289.419
9888.542
10149.385
10892.027
9973.798
10173.084
10079.096
9969.396
10160.140
10485.615
10369.813
10423.531
10520.259
9811.135
10421.717
10482.356
9953.866
10302.853
10364.047
9762.201
10319.364
10060.230
9941.723
10813.128
10619.174
10157.413
10194.139
10256.692
10100.446
10072.591
10223.267
10078.497
10789.577
10130.043
10214.852
10546.789
9598.062
9849.068
10448.717
10363.376
10071.633
10154.146
9739.474
9952.053
10656.355
10206.593
10533.893
10034.081
9846.645
10288.936
10444.646
9799.177
10075.646
10713.491
9873.327
10059.154
10386.537
10184.006
10503.844
10388.996
9879.345
9954.025
10347.610
9962.185
10213.854
10284.246
9471.725
10145.187
10896.190
10166.992
10215.992
10418.383
10177.688
10593.487
10754.107
10248.089
10759.388
10861.277
10583.814
10908.626
10839.074
10068.053
10723.029
10660.663
10336.535
10883.482
10742.775
